2024-11-04 12:33:22.512 +01:00 [INF] User profile is available. Using 'C:\Users\Hadle\AppData\Local\ASP.NET\DataProtection-Keys' as key repository and Windows DPAPI to encrypt keys at rest.
2024-11-04 12:33:22.652 +01:00 [INF] Now listening on: http://localhost:5017
2024-11-04 12:33:22.656 +01:00 [INF] Application started. Press Ctrl+C to shut down.
2024-11-04 12:33:22.657 +01:00 [INF] Hosting environment: Development
2024-11-04 12:33:22.657 +01:00 [INF] Content root path: C:\ITPE3200\ITPE3200_Exam_project-main\ITPE3200_Exam_project-main\ITPE3200_Exam_project
2024-11-04 12:33:24.671 +01:00 [INF] Request starting HTTP/1.1 GET http://localhost:5017/ - null null
2024-11-04 12:33:24.712 +01:00 [INF] Executing endpoint 'MyShop.Controllers.HomeController.Index (MyShop)'
2024-11-04 12:33:24.720 +01:00 [INF] Route matched with {action = "Index", controller = "Home", page = "", area = ""}. Executing controller action with signature Microsoft.AspNetCore.Mvc.IActionResult Index() on controller MyShop.Controllers.HomeController (MyShop).
2024-11-04 12:33:24.725 +01:00 [INF] Executing ViewResult, running view Index.
2024-11-04 12:33:24.790 +01:00 [INF] Executed ViewResult - view Index executed in 65.5071ms.
2024-11-04 12:33:24.792 +01:00 [INF] Executed action MyShop.Controllers.HomeController.Index (MyShop) in 71.5127ms
2024-11-04 12:33:24.792 +01:00 [INF] Executed endpoint 'MyShop.Controllers.HomeController.Index (MyShop)'
2024-11-04 12:33:24.794 +01:00 [INF] Request finished HTTP/1.1 GET http://localhost:5017/ - 200 null text/html; charset=utf-8 125.1792ms
2024-11-04 12:33:25.583 +01:00 [INF] Request starting HTTP/1.1 GET http://localhost:5017/ - null null
2024-11-04 12:33:25.585 +01:00 [INF] Executing endpoint 'MyShop.Controllers.HomeController.Index (MyShop)'
2024-11-04 12:33:25.585 +01:00 [INF] Route matched with {action = "Index", controller = "Home", page = "", area = ""}. Executing controller action with signature Microsoft.AspNetCore.Mvc.IActionResult Index() on controller MyShop.Controllers.HomeController (MyShop).
2024-11-04 12:33:25.586 +01:00 [INF] Executing ViewResult, running view Index.
2024-11-04 12:33:25.593 +01:00 [INF] Executed ViewResult - view Index executed in 7.2477ms.
2024-11-04 12:33:25.593 +01:00 [INF] Executed action MyShop.Controllers.HomeController.Index (MyShop) in 7.7734ms
2024-11-04 12:33:25.593 +01:00 [INF] Executed endpoint 'MyShop.Controllers.HomeController.Index (MyShop)'
2024-11-04 12:33:25.593 +01:00 [INF] Request finished HTTP/1.1 GET http://localhost:5017/ - 200 null text/html; charset=utf-8 10.2484ms
2024-11-04 12:33:32.461 +01:00 [INF] Application is shutting down...
