2024-10-18 14:00:50.999 +02:00 [INF] User profile is available. Using 'C:\Users\Hadle\AppData\Local\ASP.NET\DataProtection-Keys' as key repository and Windows DPAPI to encrypt keys at rest.
2024-10-18 14:00:51.045 +02:00 [INF] Now listening on: http://localhost:5017
2024-10-18 14:00:51.047 +02:00 [INF] Application started. Press Ctrl+C to shut down.
2024-10-18 14:00:51.047 +02:00 [INF] Hosting environment: Development
2024-10-18 14:00:51.048 +02:00 [INF] Content root path: C:\Users\Hadle\Downloads\ITPE3200\ITPE3200_Exam_project
2024-10-18 14:00:54.677 +02:00 [INF] Request starting HTTP/1.1 GET http://localhost:5017/ - null null
2024-10-18 14:00:54.712 +02:00 [INF] Executing endpoint 'MyShop.Controllers.HomeController.Index (MyShop)'
2024-10-18 14:00:54.721 +02:00 [INF] Route matched with {action = "Index", controller = "Home"}. Executing controller action with signature Microsoft.AspNetCore.Mvc.IActionResult Index() on controller MyShop.Controllers.HomeController (MyShop).
2024-10-18 14:00:54.731 +02:00 [INF] Executing ViewResult, running view Index.
2024-10-18 14:00:54.773 +02:00 [INF] Executed ViewResult - view Index executed in 42.8337ms.
2024-10-18 14:00:54.775 +02:00 [INF] Executed action MyShop.Controllers.HomeController.Index (MyShop) in 52.5285ms
2024-10-18 14:00:54.775 +02:00 [INF] Executed endpoint 'MyShop.Controllers.HomeController.Index (MyShop)'
2024-10-18 14:00:54.776 +02:00 [INF] Request finished HTTP/1.1 GET http://localhost:5017/ - 200 null text/html; charset=utf-8 100.6542ms
2024-10-18 14:00:54.799 +02:00 [INF] Request starting HTTP/1.1 GET http://localhost:5017/images/salad.png - null null
2024-10-18 14:00:54.799 +02:00 [INF] Request starting HTTP/1.1 GET http://localhost:5017/images/nøkkelhull.png - null null
2024-10-18 14:00:54.804 +02:00 [INF] The file /images/nøkkelhull.png was not modified
2024-10-18 14:00:54.804 +02:00 [INF] The file /images/salad.png was not modified
2024-10-18 14:00:54.805 +02:00 [INF] Request finished HTTP/1.1 GET http://localhost:5017/images/salad.png - 304 null image/png 6.2304ms
2024-10-18 14:00:54.805 +02:00 [INF] Request finished HTTP/1.1 GET http://localhost:5017/images/nøkkelhull.png - 304 null image/png 5.8459ms
2024-10-18 14:00:54.825 +02:00 [INF] Request starting HTTP/1.1 GET http://localhost:5017/images/family.jpg - null null
2024-10-18 14:00:54.837 +02:00 [INF] Sending file. Request path: '/images/family.jpg'. Physical path: 'C:\Users\Hadle\Downloads\ITPE3200\ITPE3200_Exam_project\wwwroot\images\family.jpg'
2024-10-18 14:00:54.838 +02:00 [INF] Request finished HTTP/1.1 GET http://localhost:5017/images/family.jpg - 200 106493 image/jpeg 13.1245ms
