2024-10-08 12:28:40.245 +02:00 [INF] User profile is available. Using 'C:\Users\Hadle\AppData\Local\ASP.NET\DataProtection-Keys' as key repository and Windows DPAPI to encrypt keys at rest.
2024-10-08 12:28:40.292 +02:00 [INF] Now listening on: http://localhost:5017
2024-10-08 12:28:40.296 +02:00 [INF] Application started. Press Ctrl+C to shut down.
2024-10-08 12:28:40.296 +02:00 [INF] Hosting environment: Development
2024-10-08 12:28:40.296 +02:00 [INF] Content root path: C:\Users\Hadle\Downloads\ITPE3200-24H-main\ITPE3200-24H-main\4-Errorhandling-Logging_Inputvalidation\Demo-Inputvalidation\MyShop
2024-10-08 12:28:42.051 +02:00 [INF] Request starting HTTP/1.1 GET http://localhost:5017/ - null null
2024-10-08 12:28:42.077 +02:00 [INF] Executing endpoint 'MyShop.Controllers.HomeController.Index (MyShop)'
2024-10-08 12:28:42.085 +02:00 [INF] Route matched with {action = "Index", controller = "Home"}. Executing controller action with signature Microsoft.AspNetCore.Mvc.IActionResult Index() on controller MyShop.Controllers.HomeController (MyShop).
2024-10-08 12:28:42.095 +02:00 [INF] Executing ViewResult, running view Index.
2024-10-08 12:28:42.151 +02:00 [INF] Executed ViewResult - view Index executed in 56.1187ms.
2024-10-08 12:28:42.152 +02:00 [INF] Executed action MyShop.Controllers.HomeController.Index (MyShop) in 66.5027ms
2024-10-08 12:28:42.152 +02:00 [INF] Executed endpoint 'MyShop.Controllers.HomeController.Index (MyShop)'
2024-10-08 12:28:42.155 +02:00 [INF] Request finished HTTP/1.1 GET http://localhost:5017/ - 200 null text/html; charset=utf-8 104.5039ms
2024-10-08 12:28:42.177 +02:00 [INF] Request starting HTTP/1.1 GET http://localhost:5017/js/bootstrap.js - null null
2024-10-08 12:28:42.178 +02:00 [INF] Request starting HTTP/1.1 GET http://localhost:5017/js/jquery.min.js - null null
2024-10-08 12:28:42.178 +02:00 [INF] Request starting HTTP/1.1 GET http://localhost:5017/js/jquery.validate.unobtrusive.js - null null
2024-10-08 12:28:42.178 +02:00 [INF] Request starting HTTP/1.1 GET http://localhost:5017/js/jquery.validate.js - null null
2024-10-08 12:28:42.178 +02:00 [INF] Request starting HTTP/1.1 GET http://localhost:5017/images/pizza.jpg - null null
2024-10-08 12:28:42.178 +02:00 [INF] Request starting HTTP/1.1 GET http://localhost:5017/images/fishandchips.jpg - null null
2024-10-08 12:28:42.184 +02:00 [INF] The file /js/bootstrap.js was not modified
2024-10-08 12:28:42.184 +02:00 [INF] The file /js/jquery.min.js was not modified
2024-10-08 12:28:42.184 +02:00 [INF] The file /js/jquery.validate.unobtrusive.js was not modified
2024-10-08 12:28:42.184 +02:00 [INF] The file /js/jquery.validate.js was not modified
2024-10-08 12:28:42.184 +02:00 [INF] The file /images/fishandchips.jpg was not modified
2024-10-08 12:28:42.184 +02:00 [INF] The file /images/pizza.jpg was not modified
2024-10-08 12:28:42.185 +02:00 [INF] Request finished HTTP/1.1 GET http://localhost:5017/js/jquery.min.js - 304 null text/javascript 7.0843ms
2024-10-08 12:28:42.185 +02:00 [INF] Request finished HTTP/1.1 GET http://localhost:5017/js/jquery.validate.js - 304 null text/javascript 7.0769ms
2024-10-08 12:28:42.185 +02:00 [INF] Request finished HTTP/1.1 GET http://localhost:5017/js/bootstrap.js - 304 null text/javascript 8.1195ms
2024-10-08 12:28:42.185 +02:00 [INF] Request finished HTTP/1.1 GET http://localhost:5017/images/pizza.jpg - 304 null image/jpeg 6.8096ms
2024-10-08 12:28:42.185 +02:00 [INF] Request finished HTTP/1.1 GET http://localhost:5017/js/jquery.validate.unobtrusive.js - 304 null text/javascript 7.0537ms
2024-10-08 12:28:42.185 +02:00 [INF] Request finished HTTP/1.1 GET http://localhost:5017/images/fishandchips.jpg - 304 null image/jpeg 6.6599ms
2024-10-08 12:28:42.211 +02:00 [INF] Request starting HTTP/1.1 GET http://localhost:5017/images/tacos.jpg - null null
2024-10-08 12:28:42.212 +02:00 [INF] The file /images/tacos.jpg was not modified
2024-10-08 12:28:42.213 +02:00 [INF] Request finished HTTP/1.1 GET http://localhost:5017/images/tacos.jpg - 304 null image/jpeg 1.9777ms
2024-10-08 12:28:51.985 +02:00 [INF] Request starting HTTP/1.1 GET http://localhost:5017/Order/Table - null null
2024-10-08 12:28:51.985 +02:00 [INF] Request finished HTTP/1.1 GET http://localhost:5017/Order/Table - 404 0 null 0.5717ms
2024-10-08 12:28:51.987 +02:00 [INF] Request reached the end of the middleware pipeline without being handled by application code. Request path: GET http://localhost:5017/Order/Table, Response status code: 404
2024-10-08 12:28:58.743 +02:00 [INF] Request starting HTTP/1.1 GET http://localhost:5017/ - null null
2024-10-08 12:28:58.744 +02:00 [INF] Executing endpoint 'MyShop.Controllers.HomeController.Index (MyShop)'
2024-10-08 12:28:58.744 +02:00 [INF] Route matched with {action = "Index", controller = "Home"}. Executing controller action with signature Microsoft.AspNetCore.Mvc.IActionResult Index() on controller MyShop.Controllers.HomeController (MyShop).
2024-10-08 12:28:58.745 +02:00 [INF] Executing ViewResult, running view Index.
2024-10-08 12:28:58.751 +02:00 [INF] Executed ViewResult - view Index executed in 5.5486ms.
2024-10-08 12:28:58.751 +02:00 [INF] Executed action MyShop.Controllers.HomeController.Index (MyShop) in 6.2065ms
2024-10-08 12:28:58.751 +02:00 [INF] Executed endpoint 'MyShop.Controllers.HomeController.Index (MyShop)'
2024-10-08 12:28:58.751 +02:00 [INF] Request finished HTTP/1.1 GET http://localhost:5017/ - 200 null text/html; charset=utf-8 7.7923ms
2024-10-08 12:29:00.412 +02:00 [INF] Request starting HTTP/1.1 GET http://localhost:5017/Customer/Table - null null
2024-10-08 12:29:00.413 +02:00 [INF] Executing endpoint 'MyShop.Controllers.CustomerController.Table (MyShop)'
2024-10-08 12:29:00.418 +02:00 [INF] Route matched with {action = "Table", controller = "Customer"}. Executing controller action with signature System.Threading.Tasks.Task`1[Microsoft.AspNetCore.Mvc.IActionResult] Table() on controller MyShop.Controllers.CustomerController (MyShop).
2024-10-08 12:29:00.527 +02:00 [INF] Executing ViewResult, running view Table.
2024-10-08 12:29:00.587 +02:00 [INF] Executed ViewResult - view Table executed in 61.446ms.
2024-10-08 12:29:00.587 +02:00 [INF] Executed action MyShop.Controllers.CustomerController.Table (MyShop) in 169.2077ms
2024-10-08 12:29:00.587 +02:00 [INF] Executed endpoint 'MyShop.Controllers.CustomerController.Table (MyShop)'
2024-10-08 12:29:00.591 +02:00 [INF] Request finished HTTP/1.1 GET http://localhost:5017/Customer/Table - 200 null text/html; charset=utf-8 178.7377ms
2024-10-08 12:29:01.045 +02:00 [INF] Request starting HTTP/1.1 GET http://localhost:5017/Item/Table - null null
2024-10-08 12:29:01.045 +02:00 [INF] Executing endpoint 'MyShop.Controllers.ItemController.Table (MyShop)'
2024-10-08 12:29:01.048 +02:00 [INF] Route matched with {action = "Table", controller = "Item"}. Executing controller action with signature System.Threading.Tasks.Task`1[Microsoft.AspNetCore.Mvc.IActionResult] Table() on controller MyShop.Controllers.ItemController (MyShop).
2024-10-08 12:29:01.095 +02:00 [INF] Executing ViewResult, running view Table.
2024-10-08 12:29:01.104 +02:00 [INF] Executed ViewResult - view Table executed in 9.1253ms.
2024-10-08 12:29:01.104 +02:00 [INF] Executed action MyShop.Controllers.ItemController.Table (MyShop) in 56.286ms
2024-10-08 12:29:01.104 +02:00 [INF] Executed endpoint 'MyShop.Controllers.ItemController.Table (MyShop)'
2024-10-08 12:29:01.104 +02:00 [INF] Request finished HTTP/1.1 GET http://localhost:5017/Item/Table - 200 null text/html; charset=utf-8 59.7822ms
2024-10-08 12:29:01.127 +02:00 [INF] Request starting HTTP/1.1 GET http://localhost:5017/images/chickenleg.jpg - null null
2024-10-08 12:29:01.128 +02:00 [INF] The file /images/chickenleg.jpg was not modified
2024-10-08 12:29:01.128 +02:00 [INF] Request starting HTTP/1.1 GET http://localhost:5017/images/frenchfries.jpg - null null
2024-10-08 12:29:01.128 +02:00 [INF] Request finished HTTP/1.1 GET http://localhost:5017/images/chickenleg.jpg - 304 null image/jpeg 0.9024ms
2024-10-08 12:29:01.128 +02:00 [INF] The file /images/frenchfries.jpg was not modified
2024-10-08 12:29:01.128 +02:00 [INF] Request starting HTTP/1.1 GET http://localhost:5017/images/ribs.jpg - null null
2024-10-08 12:29:01.128 +02:00 [INF] Request finished HTTP/1.1 GET http://localhost:5017/images/frenchfries.jpg - 304 null image/jpeg 0.3269ms
2024-10-08 12:29:01.128 +02:00 [INF] Request starting HTTP/1.1 GET http://localhost:5017/images/cider.jpg - null null
2024-10-08 12:29:01.129 +02:00 [INF] The file /images/ribs.jpg was not modified
2024-10-08 12:29:01.129 +02:00 [INF] The file /images/cider.jpg was not modified
2024-10-08 12:29:01.129 +02:00 [INF] Request finished HTTP/1.1 GET http://localhost:5017/images/ribs.jpg - 304 null image/jpeg 0.3372ms
2024-10-08 12:29:01.129 +02:00 [INF] Request finished HTTP/1.1 GET http://localhost:5017/images/cider.jpg - 304 null image/jpeg 0.2905ms
2024-10-08 12:29:01.129 +02:00 [INF] Request starting HTTP/1.1 GET http://localhost:5017/images/coke.jpg - null null
2024-10-08 12:29:01.129 +02:00 [INF] The file /images/coke.jpg was not modified
2024-10-08 12:29:01.129 +02:00 [INF] Request finished HTTP/1.1 GET http://localhost:5017/images/coke.jpg - 304 null image/jpeg 0.2955ms
2024-10-08 12:31:30.786 +02:00 [INF] Request starting HTTP/1.1 GET http://localhost:5017/Item/Update/7 - null null
2024-10-08 12:31:30.787 +02:00 [INF] Executing endpoint 'MyShop.Controllers.ItemController.Update (MyShop)'
2024-10-08 12:31:30.795 +02:00 [INF] Route matched with {action = "Update", controller = "Item"}. Executing controller action with signature System.Threading.Tasks.Task`1[Microsoft.AspNetCore.Mvc.IActionResult] Update(Int32) on controller MyShop.Controllers.ItemController (MyShop).
2024-10-08 12:31:30.812 +02:00 [INF] Executing ViewResult, running view Update.
2024-10-08 12:31:30.851 +02:00 [INF] Executed ViewResult - view Update executed in 39.9481ms.
2024-10-08 12:31:30.851 +02:00 [INF] Executed action MyShop.Controllers.ItemController.Update (MyShop) in 56.8034ms
2024-10-08 12:31:30.851 +02:00 [INF] Executed endpoint 'MyShop.Controllers.ItemController.Update (MyShop)'
2024-10-08 12:31:30.852 +02:00 [INF] Request finished HTTP/1.1 GET http://localhost:5017/Item/Update/7 - 200 null text/html; charset=utf-8 65.8111ms
2024-10-08 12:31:32.861 +02:00 [INF] Request starting HTTP/1.1 POST http://localhost:5017/Item/Update/7 - application/x-www-form-urlencoded 353
2024-10-08 12:31:32.861 +02:00 [INF] Executing endpoint 'MyShop.Controllers.ItemController.Update (MyShop)'
2024-10-08 12:31:32.869 +02:00 [INF] Route matched with {action = "Update", controller = "Item"}. Executing controller action with signature System.Threading.Tasks.Task`1[Microsoft.AspNetCore.Mvc.IActionResult] Update(MyShop.Models.Item) on controller MyShop.Controllers.ItemController (MyShop).
2024-10-08 12:31:32.898 +02:00 [INF] Executing RedirectResult, redirecting to /Item/Table.
2024-10-08 12:31:32.898 +02:00 [INF] Executed action MyShop.Controllers.ItemController.Update (MyShop) in 28.9485ms
2024-10-08 12:31:32.898 +02:00 [INF] Executed endpoint 'MyShop.Controllers.ItemController.Update (MyShop)'
2024-10-08 12:31:32.898 +02:00 [INF] Request finished HTTP/1.1 POST http://localhost:5017/Item/Update/7 - 302 0 null 37.3675ms
2024-10-08 12:31:32.901 +02:00 [INF] Request starting HTTP/1.1 GET http://localhost:5017/Item/Table - null null
2024-10-08 12:31:32.901 +02:00 [INF] Executing endpoint 'MyShop.Controllers.ItemController.Table (MyShop)'
2024-10-08 12:31:32.901 +02:00 [INF] Route matched with {action = "Table", controller = "Item"}. Executing controller action with signature System.Threading.Tasks.Task`1[Microsoft.AspNetCore.Mvc.IActionResult] Table() on controller MyShop.Controllers.ItemController (MyShop).
2024-10-08 12:31:32.903 +02:00 [INF] Executing ViewResult, running view Table.
2024-10-08 12:31:32.904 +02:00 [INF] Executed ViewResult - view Table executed in 1.726ms.
2024-10-08 12:31:32.905 +02:00 [INF] Executed action MyShop.Controllers.ItemController.Table (MyShop) in 3.2984ms
2024-10-08 12:31:32.905 +02:00 [INF] Executed endpoint 'MyShop.Controllers.ItemController.Table (MyShop)'
2024-10-08 12:31:32.905 +02:00 [INF] Request finished HTTP/1.1 GET http://localhost:5017/Item/Table - 200 null text/html; charset=utf-8 3.8919ms
2024-10-08 12:31:33.940 +02:00 [INF] Request starting HTTP/1.1 GET http://localhost:5017/Item/Update/7 - null null
2024-10-08 12:31:33.940 +02:00 [INF] Executing endpoint 'MyShop.Controllers.ItemController.Update (MyShop)'
2024-10-08 12:31:33.940 +02:00 [INF] Route matched with {action = "Update", controller = "Item"}. Executing controller action with signature System.Threading.Tasks.Task`1[Microsoft.AspNetCore.Mvc.IActionResult] Update(Int32) on controller MyShop.Controllers.ItemController (MyShop).
2024-10-08 12:31:33.942 +02:00 [INF] Executing ViewResult, running view Update.
2024-10-08 12:31:33.946 +02:00 [INF] Executed ViewResult - view Update executed in 3.2631ms.
2024-10-08 12:31:33.946 +02:00 [INF] Executed action MyShop.Controllers.ItemController.Update (MyShop) in 5.2294ms
2024-10-08 12:31:33.946 +02:00 [INF] Executed endpoint 'MyShop.Controllers.ItemController.Update (MyShop)'
2024-10-08 12:31:33.946 +02:00 [INF] Request finished HTTP/1.1 GET http://localhost:5017/Item/Update/7 - 200 null text/html; charset=utf-8 5.7892ms
2024-10-08 12:31:57.478 +02:00 [INF] Request starting HTTP/1.1 POST http://localhost:5017/Item/Update/7 - application/x-www-form-urlencoded 318
2024-10-08 12:31:57.478 +02:00 [INF] Executing endpoint 'MyShop.Controllers.ItemController.Update (MyShop)'
2024-10-08 12:31:57.478 +02:00 [INF] Route matched with {action = "Update", controller = "Item"}. Executing controller action with signature System.Threading.Tasks.Task`1[Microsoft.AspNetCore.Mvc.IActionResult] Update(MyShop.Models.Item) on controller MyShop.Controllers.ItemController (MyShop).
2024-10-08 12:31:57.482 +02:00 [INF] Executing RedirectResult, redirecting to /Item/Table.
2024-10-08 12:31:57.482 +02:00 [INF] Executed action MyShop.Controllers.ItemController.Update (MyShop) in 3.8221ms
2024-10-08 12:31:57.482 +02:00 [INF] Executed endpoint 'MyShop.Controllers.ItemController.Update (MyShop)'
2024-10-08 12:31:57.482 +02:00 [INF] Request finished HTTP/1.1 POST http://localhost:5017/Item/Update/7 - 302 0 null 4.3028ms
2024-10-08 12:31:57.486 +02:00 [INF] Request starting HTTP/1.1 GET http://localhost:5017/Item/Table - null null
2024-10-08 12:31:57.486 +02:00 [INF] Executing endpoint 'MyShop.Controllers.ItemController.Table (MyShop)'
2024-10-08 12:31:57.486 +02:00 [INF] Route matched with {action = "Table", controller = "Item"}. Executing controller action with signature System.Threading.Tasks.Task`1[Microsoft.AspNetCore.Mvc.IActionResult] Table() on controller MyShop.Controllers.ItemController (MyShop).
2024-10-08 12:31:57.488 +02:00 [INF] Executing ViewResult, running view Table.
2024-10-08 12:31:57.489 +02:00 [INF] Executed ViewResult - view Table executed in 1.6153ms.
2024-10-08 12:31:57.490 +02:00 [INF] Executed action MyShop.Controllers.ItemController.Table (MyShop) in 3.7172ms
2024-10-08 12:31:57.490 +02:00 [INF] Executed endpoint 'MyShop.Controllers.ItemController.Table (MyShop)'
2024-10-08 12:31:57.490 +02:00 [INF] Request finished HTTP/1.1 GET http://localhost:5017/Item/Table - 200 null text/html; charset=utf-8 4.1626ms
2024-10-08 12:32:04.297 +02:00 [INF] Request starting HTTP/1.1 GET http://localhost:5017/Item/Delete/7 - null null
2024-10-08 12:32:04.297 +02:00 [INF] Executing endpoint 'MyShop.Controllers.ItemController.Delete (MyShop)'
2024-10-08 12:32:04.300 +02:00 [INF] Route matched with {action = "Delete", controller = "Item"}. Executing controller action with signature System.Threading.Tasks.Task`1[Microsoft.AspNetCore.Mvc.IActionResult] Delete(Int32) on controller MyShop.Controllers.ItemController (MyShop).
2024-10-08 12:32:04.303 +02:00 [INF] Executing ViewResult, running view Delete.
2024-10-08 12:32:04.306 +02:00 [INF] Executed ViewResult - view Delete executed in 4.328ms.
2024-10-08 12:32:04.306 +02:00 [INF] Executed action MyShop.Controllers.ItemController.Delete (MyShop) in 6.7559ms
2024-10-08 12:32:04.306 +02:00 [INF] Executed endpoint 'MyShop.Controllers.ItemController.Delete (MyShop)'
2024-10-08 12:32:04.307 +02:00 [INF] Request finished HTTP/1.1 GET http://localhost:5017/Item/Delete/7 - 200 null text/html; charset=utf-8 9.8956ms
2024-10-08 12:32:05.720 +02:00 [INF] Request starting HTTP/1.1 POST http://localhost:5017/Item/DeleteConfirmed/7 - application/x-www-form-urlencoded 182
2024-10-08 12:32:05.720 +02:00 [INF] Executing endpoint 'MyShop.Controllers.ItemController.DeleteConfirmed (MyShop)'
2024-10-08 12:32:05.723 +02:00 [INF] Route matched with {action = "DeleteConfirmed", controller = "Item"}. Executing controller action with signature System.Threading.Tasks.Task`1[Microsoft.AspNetCore.Mvc.IActionResult] DeleteConfirmed(Int32) on controller MyShop.Controllers.ItemController (MyShop).
2024-10-08 12:32:05.733 +02:00 [INF] Executing RedirectResult, redirecting to /Item/Table.
2024-10-08 12:32:05.733 +02:00 [INF] Executed action MyShop.Controllers.ItemController.DeleteConfirmed (MyShop) in 9.9521ms
2024-10-08 12:32:05.733 +02:00 [INF] Executed endpoint 'MyShop.Controllers.ItemController.DeleteConfirmed (MyShop)'
2024-10-08 12:32:05.733 +02:00 [INF] Request finished HTTP/1.1 POST http://localhost:5017/Item/DeleteConfirmed/7 - 302 0 null 13.0122ms
2024-10-08 12:32:05.737 +02:00 [INF] Request starting HTTP/1.1 GET http://localhost:5017/Item/Table - null null
2024-10-08 12:32:05.737 +02:00 [INF] Executing endpoint 'MyShop.Controllers.ItemController.Table (MyShop)'
2024-10-08 12:32:05.738 +02:00 [INF] Route matched with {action = "Table", controller = "Item"}. Executing controller action with signature System.Threading.Tasks.Task`1[Microsoft.AspNetCore.Mvc.IActionResult] Table() on controller MyShop.Controllers.ItemController (MyShop).
2024-10-08 12:32:05.739 +02:00 [INF] Executing ViewResult, running view Table.
2024-10-08 12:32:05.740 +02:00 [INF] Executed ViewResult - view Table executed in 0.6562ms.
2024-10-08 12:32:05.740 +02:00 [INF] Executed action MyShop.Controllers.ItemController.Table (MyShop) in 2.0829ms
2024-10-08 12:32:05.740 +02:00 [INF] Executed endpoint 'MyShop.Controllers.ItemController.Table (MyShop)'
2024-10-08 12:32:05.740 +02:00 [INF] Request finished HTTP/1.1 GET http://localhost:5017/Item/Table - 200 null text/html; charset=utf-8 2.653ms
2024-10-08 12:34:03.662 +02:00 [INF] Request starting HTTP/1.1 GET http://localhost:5017/Item/Grid - null null
2024-10-08 12:34:03.663 +02:00 [INF] Executing endpoint 'MyShop.Controllers.ItemController.Grid (MyShop)'
2024-10-08 12:34:03.667 +02:00 [INF] Route matched with {action = "Grid", controller = "Item"}. Executing controller action with signature System.Threading.Tasks.Task`1[Microsoft.AspNetCore.Mvc.IActionResult] Grid() on controller MyShop.Controllers.ItemController (MyShop).
2024-10-08 12:34:03.671 +02:00 [INF] Executing ViewResult, running view Grid.
2024-10-08 12:34:03.678 +02:00 [INF] Executed ViewResult - view Grid executed in 7.8208ms.
2024-10-08 12:34:03.678 +02:00 [INF] Executed action MyShop.Controllers.ItemController.Grid (MyShop) in 11.5745ms
2024-10-08 12:34:03.678 +02:00 [INF] Executed endpoint 'MyShop.Controllers.ItemController.Grid (MyShop)'
2024-10-08 12:34:03.678 +02:00 [INF] Request finished HTTP/1.1 GET http://localhost:5017/Item/Grid - 200 null text/html; charset=utf-8 16.1267ms
2024-10-08 12:41:06.747 +02:00 [INF] Application is shutting down...
