2024-11-04 15:05:58.380 +01:00 [INF] User profile is available. Using 'C:\Users\jovan\AppData\Local\ASP.NET\DataProtection-Keys' as key repository and Windows DPAPI to encrypt keys at rest.
2024-11-04 15:05:58.501 +01:00 [INF] Now listening on: http://localhost:5017
2024-11-04 15:05:58.504 +01:00 [INF] Application started. Press Ctrl+C to shut down.
2024-11-04 15:05:58.505 +01:00 [INF] Hosting environment: Development
2024-11-04 15:05:58.505 +01:00 [INF] Content root path: C:\TestMappe\Eksamen\ITPE3200_Exam_project
2024-11-04 15:06:01.384 +01:00 [INF] Request starting HTTP/1.1 GET http://localhost:5017/ - null null
2024-11-04 15:06:01.420 +01:00 [INF] Identity.Application was not authenticated. Failure message: Unprotect ticket failed
2024-11-04 15:06:01.423 +01:00 [INF] Executing endpoint 'MyShop.Controllers.HomeController.Index (MyShop)'
2024-11-04 15:06:01.432 +01:00 [INF] Route matched with {action = "Index", controller = "Home", page = "", area = ""}. Executing controller action with signature Microsoft.AspNetCore.Mvc.IActionResult Index() on controller MyShop.Controllers.HomeController (MyShop).
2024-11-04 15:06:01.440 +01:00 [INF] Executing ViewResult, running view Index.
2024-11-04 15:06:01.506 +01:00 [INF] Executed ViewResult - view Index executed in 67.2434ms.
2024-11-04 15:06:01.507 +01:00 [INF] Executed action MyShop.Controllers.HomeController.Index (MyShop) in 74.6763ms
2024-11-04 15:06:01.507 +01:00 [INF] Executed endpoint 'MyShop.Controllers.HomeController.Index (MyShop)'
2024-11-04 15:06:01.510 +01:00 [INF] Request finished HTTP/1.1 GET http://localhost:5017/ - 200 null text/html; charset=utf-8 127.8682ms
2024-11-04 15:06:05.157 +01:00 [INF] Request starting HTTP/1.1 GET http://localhost:5017/Identity/Account/Login - null null
2024-11-04 15:06:05.161 +01:00 [INF] Identity.Application was not authenticated. Failure message: Unprotect ticket failed
2024-11-04 15:06:05.161 +01:00 [INF] Executing endpoint '/Account/Login'
2024-11-04 15:06:05.175 +01:00 [INF] Route matched with {page = "/Account/Login", area = "Identity", action = "", controller = ""}. Executing page /Account/Login
2024-11-04 15:06:05.188 +01:00 [INF] Executing handler method MyShop.Areas.Identity.Pages.Account.LoginModel.OnGetAsync - ModelState is "Valid"
2024-11-04 15:06:05.192 +01:00 [INF] AuthenticationScheme: Identity.External signed out.
2024-11-04 15:06:05.193 +01:00 [INF] Executed handler method OnGetAsync, returned result .
2024-11-04 15:06:05.195 +01:00 [INF] Executing an implicit handler method - ModelState is "Valid"
2024-11-04 15:06:05.195 +01:00 [INF] Executed an implicit handler method, returned result Microsoft.AspNetCore.Mvc.RazorPages.PageResult.
2024-11-04 15:06:05.222 +01:00 [INF] Executed page /Account/Login in 47.0861ms
2024-11-04 15:06:05.223 +01:00 [INF] Executed endpoint '/Account/Login'
2024-11-04 15:06:05.223 +01:00 [INF] Request finished HTTP/1.1 GET http://localhost:5017/Identity/Account/Login - 200 null text/html; charset=utf-8 66.1214ms
2024-11-04 15:06:05.246 +01:00 [INF] Request starting HTTP/1.1 GET http://localhost:5017/css/Login.css - null null
2024-11-04 15:06:05.266 +01:00 [INF] Sending file. Request path: '/css/Login.css'. Physical path: 'C:\TestMappe\Eksamen\ITPE3200_Exam_project\wwwroot\css\Login.css'
2024-11-04 15:06:05.266 +01:00 [INF] Request finished HTTP/1.1 GET http://localhost:5017/css/Login.css - 200 2958 text/css 20.0229ms
2024-11-04 15:06:05.270 +01:00 [INF] Request starting HTTP/1.1 GET http://localhost:5017/lib/jquery-validation/dist/jquery.validate.min.js - null null
2024-11-04 15:06:05.270 +01:00 [INF] Request starting HTTP/1.1 GET http://localhost:5017/lib/jquery-validation-unobtrusive/jquery.validate.unobtrusive.min.js - null null
2024-11-04 15:06:05.271 +01:00 [INF] Identity.Application was not authenticated. Failure message: Unprotect ticket failed
2024-11-04 15:06:05.271 +01:00 [INF] Request finished HTTP/1.1 GET http://localhost:5017/lib/jquery-validation-unobtrusive/jquery.validate.unobtrusive.min.js - 404 0 null 0.9817ms
2024-11-04 15:06:05.272 +01:00 [INF] Request reached the end of the middleware pipeline without being handled by application code. Request path: GET http://localhost:5017/lib/jquery-validation-unobtrusive/jquery.validate.unobtrusive.min.js, Response status code: 404
2024-11-04 15:06:05.275 +01:00 [INF] Identity.Application was not authenticated. Failure message: Unprotect ticket failed
2024-11-04 15:06:05.275 +01:00 [INF] Request finished HTTP/1.1 GET http://localhost:5017/lib/jquery-validation/dist/jquery.validate.min.js - 404 0 null 5.3108ms
2024-11-04 15:06:05.275 +01:00 [INF] Request reached the end of the middleware pipeline without being handled by application code. Request path: GET http://localhost:5017/lib/jquery-validation/dist/jquery.validate.min.js, Response status code: 404
2024-11-04 15:06:16.776 +01:00 [INF] Request starting HTTP/1.1 GET http://localhost:5017/Identity/Account/Register - null null
2024-11-04 15:06:16.782 +01:00 [INF] Identity.Application was not authenticated. Failure message: Unprotect ticket failed
2024-11-04 15:06:16.782 +01:00 [INF] Executing endpoint '/Account/Register'
2024-11-04 15:06:16.795 +01:00 [INF] Route matched with {page = "/Account/Register", area = "Identity", action = "", controller = ""}. Executing page /Account/Register
2024-11-04 15:06:16.817 +01:00 [INF] Executing handler method MyShop.Areas.Identity.Pages.Account.RegisterModel.OnGetAsync - ModelState is "Valid"
2024-11-04 15:06:16.819 +01:00 [INF] Executed handler method OnGetAsync, returned result .
2024-11-04 15:06:16.819 +01:00 [INF] Executing an implicit handler method - ModelState is "Valid"
2024-11-04 15:06:16.819 +01:00 [INF] Executed an implicit handler method, returned result Microsoft.AspNetCore.Mvc.RazorPages.PageResult.
2024-11-04 15:06:16.860 +01:00 [INF] Executed page /Account/Register in 64.9751ms
2024-11-04 15:06:16.860 +01:00 [INF] Executed endpoint '/Account/Register'
2024-11-04 15:06:16.861 +01:00 [INF] Request finished HTTP/1.1 GET http://localhost:5017/Identity/Account/Register - 200 null text/html; charset=utf-8 84.6274ms
2024-11-04 15:06:16.881 +01:00 [INF] Request starting HTTP/1.1 GET http://localhost:5017/lib/jquery-validation-unobtrusive/jquery.validate.unobtrusive.min.js - null null
2024-11-04 15:06:16.881 +01:00 [INF] Request starting HTTP/1.1 GET http://localhost:5017/lib/jquery-validation/dist/jquery.validate.min.js - null null
2024-11-04 15:06:16.882 +01:00 [INF] Identity.Application was not authenticated. Failure message: Unprotect ticket failed
2024-11-04 15:06:16.882 +01:00 [INF] Identity.Application was not authenticated. Failure message: Unprotect ticket failed
2024-11-04 15:06:16.882 +01:00 [INF] Request finished HTTP/1.1 GET http://localhost:5017/lib/jquery-validation-unobtrusive/jquery.validate.unobtrusive.min.js - 404 0 null 0.8658ms
2024-11-04 15:06:16.882 +01:00 [INF] Request reached the end of the middleware pipeline without being handled by application code. Request path: GET http://localhost:5017/lib/jquery-validation-unobtrusive/jquery.validate.unobtrusive.min.js, Response status code: 404
2024-11-04 15:06:16.882 +01:00 [INF] Request finished HTTP/1.1 GET http://localhost:5017/lib/jquery-validation/dist/jquery.validate.min.js - 404 0 null 1.1054ms
2024-11-04 15:06:16.882 +01:00 [INF] Request reached the end of the middleware pipeline without being handled by application code. Request path: GET http://localhost:5017/lib/jquery-validation/dist/jquery.validate.min.js, Response status code: 404
2024-11-04 15:06:19.137 +01:00 [INF] Request starting HTTP/1.1 GET http://localhost:5017/Identity/Account/Login - null null
2024-11-04 15:06:19.138 +01:00 [INF] Identity.Application was not authenticated. Failure message: Unprotect ticket failed
2024-11-04 15:06:19.138 +01:00 [INF] Executing endpoint '/Account/Login'
2024-11-04 15:06:19.139 +01:00 [INF] Route matched with {page = "/Account/Login", area = "Identity", action = "", controller = ""}. Executing page /Account/Login
2024-11-04 15:06:19.140 +01:00 [INF] Executing handler method MyShop.Areas.Identity.Pages.Account.LoginModel.OnGetAsync - ModelState is "Valid"
2024-11-04 15:06:19.141 +01:00 [INF] AuthenticationScheme: Identity.External signed out.
2024-11-04 15:06:19.141 +01:00 [INF] Executed handler method OnGetAsync, returned result .
2024-11-04 15:06:19.141 +01:00 [INF] Executing an implicit handler method - ModelState is "Valid"
2024-11-04 15:06:19.141 +01:00 [INF] Executed an implicit handler method, returned result Microsoft.AspNetCore.Mvc.RazorPages.PageResult.
2024-11-04 15:06:19.145 +01:00 [INF] Executed page /Account/Login in 6.6495ms
2024-11-04 15:06:19.146 +01:00 [INF] Executed endpoint '/Account/Login'
2024-11-04 15:06:19.146 +01:00 [INF] Request finished HTTP/1.1 GET http://localhost:5017/Identity/Account/Login - 200 null text/html; charset=utf-8 9.4606ms
2024-11-04 15:06:19.167 +01:00 [INF] Request starting HTTP/1.1 GET http://localhost:5017/css/Login.css - null null
2024-11-04 15:06:19.167 +01:00 [INF] Request starting HTTP/1.1 GET http://localhost:5017/lib/jquery-validation/dist/jquery.validate.min.js - null null
2024-11-04 15:06:19.168 +01:00 [INF] Identity.Application was not authenticated. Failure message: Unprotect ticket failed
2024-11-04 15:06:19.168 +01:00 [INF] Request finished HTTP/1.1 GET http://localhost:5017/lib/jquery-validation/dist/jquery.validate.min.js - 404 0 null 0.7069ms
2024-11-04 15:06:19.168 +01:00 [INF] Request reached the end of the middleware pipeline without being handled by application code. Request path: GET http://localhost:5017/lib/jquery-validation/dist/jquery.validate.min.js, Response status code: 404
2024-11-04 15:06:19.168 +01:00 [INF] The file /css/Login.css was not modified
2024-11-04 15:06:19.168 +01:00 [INF] Request finished HTTP/1.1 GET http://localhost:5017/css/Login.css - 304 null text/css 1.0982ms
2024-11-04 15:06:19.186 +01:00 [INF] Request starting HTTP/1.1 GET http://localhost:5017/lib/jquery-validation-unobtrusive/jquery.validate.unobtrusive.min.js - null null
2024-11-04 15:06:19.187 +01:00 [INF] Identity.Application was not authenticated. Failure message: Unprotect ticket failed
2024-11-04 15:06:19.187 +01:00 [INF] Request finished HTTP/1.1 GET http://localhost:5017/lib/jquery-validation-unobtrusive/jquery.validate.unobtrusive.min.js - 404 0 null 0.9956ms
2024-11-04 15:06:19.187 +01:00 [INF] Request reached the end of the middleware pipeline without being handled by application code. Request path: GET http://localhost:5017/lib/jquery-validation-unobtrusive/jquery.validate.unobtrusive.min.js, Response status code: 404
2024-11-04 15:06:26.467 +01:00 [INF] Request starting HTTP/1.1 GET http://localhost:5017/ - null null
2024-11-04 15:06:26.468 +01:00 [INF] Identity.Application was not authenticated. Failure message: Unprotect ticket failed
2024-11-04 15:06:26.468 +01:00 [INF] Executing endpoint 'MyShop.Controllers.HomeController.Index (MyShop)'
2024-11-04 15:06:26.468 +01:00 [INF] Route matched with {action = "Index", controller = "Home", page = "", area = ""}. Executing controller action with signature Microsoft.AspNetCore.Mvc.IActionResult Index() on controller MyShop.Controllers.HomeController (MyShop).
2024-11-04 15:06:26.469 +01:00 [INF] Executing ViewResult, running view Index.
2024-11-04 15:06:26.470 +01:00 [INF] Executed ViewResult - view Index executed in 1.954ms.
2024-11-04 15:06:26.471 +01:00 [INF] Executed action MyShop.Controllers.HomeController.Index (MyShop) in 2.3633ms
2024-11-04 15:06:26.471 +01:00 [INF] Executed endpoint 'MyShop.Controllers.HomeController.Index (MyShop)'
2024-11-04 15:06:26.471 +01:00 [INF] Request finished HTTP/1.1 GET http://localhost:5017/ - 200 null text/html; charset=utf-8 4.1724ms
2024-11-04 15:06:27.227 +01:00 [INF] Request starting HTTP/1.1 GET http://localhost:5017/ - null null
2024-11-04 15:06:27.228 +01:00 [INF] Identity.Application was not authenticated. Failure message: Unprotect ticket failed
2024-11-04 15:06:27.228 +01:00 [INF] Executing endpoint 'MyShop.Controllers.HomeController.Index (MyShop)'
2024-11-04 15:06:27.228 +01:00 [INF] Route matched with {action = "Index", controller = "Home", page = "", area = ""}. Executing controller action with signature Microsoft.AspNetCore.Mvc.IActionResult Index() on controller MyShop.Controllers.HomeController (MyShop).
2024-11-04 15:06:27.229 +01:00 [INF] Executing ViewResult, running view Index.
2024-11-04 15:06:27.231 +01:00 [INF] Executed ViewResult - view Index executed in 2.3095ms.
2024-11-04 15:06:27.231 +01:00 [INF] Executed action MyShop.Controllers.HomeController.Index (MyShop) in 2.6198ms
2024-11-04 15:06:27.231 +01:00 [INF] Executed endpoint 'MyShop.Controllers.HomeController.Index (MyShop)'
2024-11-04 15:06:27.231 +01:00 [INF] Request finished HTTP/1.1 GET http://localhost:5017/ - 200 null text/html; charset=utf-8 4.173ms
2024-11-04 15:06:27.941 +01:00 [INF] Request starting HTTP/1.1 GET http://localhost:5017/Item/Grid - null null
2024-11-04 15:06:27.942 +01:00 [INF] Identity.Application was not authenticated. Failure message: Unprotect ticket failed
2024-11-04 15:06:27.942 +01:00 [INF] Executing endpoint 'MyShop.Controllers.ItemController.Grid (MyShop)'
2024-11-04 15:06:27.950 +01:00 [INF] Route matched with {action = "Grid", controller = "Item", page = "", area = ""}. Executing controller action with signature System.Threading.Tasks.Task`1[Microsoft.AspNetCore.Mvc.IActionResult] Grid() on controller MyShop.Controllers.ItemController (MyShop).
2024-11-04 15:06:28.222 +01:00 [INF] Executing ViewResult, running view Grid.
2024-11-04 15:06:28.230 +01:00 [INF] Executed ViewResult - view Grid executed in 8.9542ms.
2024-11-04 15:06:28.230 +01:00 [INF] Executed action MyShop.Controllers.ItemController.Grid (MyShop) in 279.5393ms
2024-11-04 15:06:28.230 +01:00 [INF] Executed endpoint 'MyShop.Controllers.ItemController.Grid (MyShop)'
2024-11-04 15:06:28.236 +01:00 [INF] Request finished HTTP/1.1 GET http://localhost:5017/Item/Grid - 200 null text/html; charset=utf-8 294.233ms
2024-11-04 15:06:28.257 +01:00 [INF] Request starting HTTP/1.1 GET http://localhost:5017/images/table.png - null null
2024-11-04 15:06:28.258 +01:00 [INF] The file /images/table.png was not modified
2024-11-04 15:06:28.258 +01:00 [INF] Request finished HTTP/1.1 GET http://localhost:5017/images/table.png - 304 null image/png 0.5438ms
2024-11-04 15:06:28.611 +01:00 [INF] Request starting HTTP/1.1 GET http://localhost:5017/Customer/Table - null null
2024-11-04 15:06:28.612 +01:00 [INF] Identity.Application was not authenticated. Failure message: Unprotect ticket failed
2024-11-04 15:06:28.613 +01:00 [INF] Executing endpoint 'MyShop.Controllers.CustomerController.Table (MyShop)'
2024-11-04 15:06:28.620 +01:00 [INF] Route matched with {action = "Table", controller = "Customer", page = "", area = ""}. Executing controller action with signature System.Threading.Tasks.Task`1[Microsoft.AspNetCore.Mvc.IActionResult] Table() on controller MyShop.Controllers.CustomerController (MyShop).
2024-11-04 15:06:28.765 +01:00 [INF] Executing ViewResult, running view Table.
2024-11-04 15:06:28.928 +01:00 [INF] Executed ViewResult - view Table executed in 163.7976ms.
2024-11-04 15:06:28.928 +01:00 [INF] Executed action MyShop.Controllers.CustomerController.Table (MyShop) in 308.0753ms
2024-11-04 15:06:28.928 +01:00 [INF] Executed endpoint 'MyShop.Controllers.CustomerController.Table (MyShop)'
2024-11-04 15:06:28.929 +01:00 [INF] Request finished HTTP/1.1 GET http://localhost:5017/Customer/Table - 200 null text/html; charset=utf-8 317.3432ms
2024-11-04 15:06:31.267 +01:00 [INF] Request starting HTTP/1.1 GET http://localhost:5017/Item/Grid - null null
2024-11-04 15:06:31.269 +01:00 [INF] Identity.Application was not authenticated. Failure message: Unprotect ticket failed
2024-11-04 15:06:31.269 +01:00 [INF] Executing endpoint 'MyShop.Controllers.ItemController.Grid (MyShop)'
2024-11-04 15:06:31.269 +01:00 [INF] Route matched with {action = "Grid", controller = "Item", page = "", area = ""}. Executing controller action with signature System.Threading.Tasks.Task`1[Microsoft.AspNetCore.Mvc.IActionResult] Grid() on controller MyShop.Controllers.ItemController (MyShop).
2024-11-04 15:06:31.274 +01:00 [INF] Executing ViewResult, running view Grid.
2024-11-04 15:06:31.277 +01:00 [INF] Executed ViewResult - view Grid executed in 3.5754ms.
2024-11-04 15:06:31.278 +01:00 [INF] Executed action MyShop.Controllers.ItemController.Grid (MyShop) in 8.0125ms
2024-11-04 15:06:31.278 +01:00 [INF] Executed endpoint 'MyShop.Controllers.ItemController.Grid (MyShop)'
2024-11-04 15:06:31.278 +01:00 [INF] Request finished HTTP/1.1 GET http://localhost:5017/Item/Grid - 200 null text/html; charset=utf-8 11.1181ms
2024-11-04 15:06:32.722 +01:00 [INF] Request starting HTTP/1.1 GET http://localhost:5017/ - null null
2024-11-04 15:06:32.722 +01:00 [INF] Identity.Application was not authenticated. Failure message: Unprotect ticket failed
2024-11-04 15:06:32.722 +01:00 [INF] Executing endpoint 'MyShop.Controllers.HomeController.Index (MyShop)'
2024-11-04 15:06:32.723 +01:00 [INF] Route matched with {action = "Index", controller = "Home", page = "", area = ""}. Executing controller action with signature Microsoft.AspNetCore.Mvc.IActionResult Index() on controller MyShop.Controllers.HomeController (MyShop).
2024-11-04 15:06:32.723 +01:00 [INF] Executing ViewResult, running view Index.
2024-11-04 15:06:32.724 +01:00 [INF] Executed ViewResult - view Index executed in 1.136ms.
2024-11-04 15:06:32.724 +01:00 [INF] Executed action MyShop.Controllers.HomeController.Index (MyShop) in 1.3359ms
2024-11-04 15:06:32.724 +01:00 [INF] Executed endpoint 'MyShop.Controllers.HomeController.Index (MyShop)'
2024-11-04 15:06:32.724 +01:00 [INF] Request finished HTTP/1.1 GET http://localhost:5017/ - 200 null text/html; charset=utf-8 2.6834ms
2024-11-04 15:06:38.285 +01:00 [INF] Request starting HTTP/1.1 GET http://localhost:5017/Customer/Table - null null
2024-11-04 15:06:38.285 +01:00 [INF] Identity.Application was not authenticated. Failure message: Unprotect ticket failed
2024-11-04 15:06:38.285 +01:00 [INF] Executing endpoint 'MyShop.Controllers.CustomerController.Table (MyShop)'
2024-11-04 15:06:38.285 +01:00 [INF] Route matched with {action = "Table", controller = "Customer", page = "", area = ""}. Executing controller action with signature System.Threading.Tasks.Task`1[Microsoft.AspNetCore.Mvc.IActionResult] Table() on controller MyShop.Controllers.CustomerController (MyShop).
2024-11-04 15:06:38.287 +01:00 [INF] Executing ViewResult, running view Table.
2024-11-04 15:06:38.292 +01:00 [INF] Executed ViewResult - view Table executed in 4.4122ms.
2024-11-04 15:06:38.292 +01:00 [INF] Executed action MyShop.Controllers.CustomerController.Table (MyShop) in 6.5385ms
2024-11-04 15:06:38.292 +01:00 [INF] Executed endpoint 'MyShop.Controllers.CustomerController.Table (MyShop)'
2024-11-04 15:06:38.292 +01:00 [INF] Request finished HTTP/1.1 GET http://localhost:5017/Customer/Table - 200 null text/html; charset=utf-8 7.3956ms
2024-11-04 15:06:38.966 +01:00 [INF] Request starting HTTP/1.1 GET http://localhost:5017/Item/Grid - null null
2024-11-04 15:06:38.967 +01:00 [INF] Identity.Application was not authenticated. Failure message: Unprotect ticket failed
2024-11-04 15:06:38.967 +01:00 [INF] Executing endpoint 'MyShop.Controllers.ItemController.Grid (MyShop)'
2024-11-04 15:06:38.967 +01:00 [INF] Route matched with {action = "Grid", controller = "Item", page = "", area = ""}. Executing controller action with signature System.Threading.Tasks.Task`1[Microsoft.AspNetCore.Mvc.IActionResult] Grid() on controller MyShop.Controllers.ItemController (MyShop).
2024-11-04 15:06:38.972 +01:00 [INF] Executing ViewResult, running view Grid.
2024-11-04 15:06:38.975 +01:00 [INF] Executed ViewResult - view Grid executed in 2.6987ms.
2024-11-04 15:06:38.975 +01:00 [INF] Executed action MyShop.Controllers.ItemController.Grid (MyShop) in 7.9521ms
2024-11-04 15:06:38.975 +01:00 [INF] Executed endpoint 'MyShop.Controllers.ItemController.Grid (MyShop)'
2024-11-04 15:06:38.975 +01:00 [INF] Request finished HTTP/1.1 GET http://localhost:5017/Item/Grid - 200 null text/html; charset=utf-8 9.1497ms
2024-11-04 15:06:39.660 +01:00 [INF] Request starting HTTP/1.1 GET http://localhost:5017/ - null null
2024-11-04 15:06:39.661 +01:00 [INF] Identity.Application was not authenticated. Failure message: Unprotect ticket failed
2024-11-04 15:06:39.661 +01:00 [INF] Executing endpoint 'MyShop.Controllers.HomeController.Index (MyShop)'
2024-11-04 15:06:39.661 +01:00 [INF] Route matched with {action = "Index", controller = "Home", page = "", area = ""}. Executing controller action with signature Microsoft.AspNetCore.Mvc.IActionResult Index() on controller MyShop.Controllers.HomeController (MyShop).
2024-11-04 15:06:39.661 +01:00 [INF] Executing ViewResult, running view Index.
2024-11-04 15:06:39.662 +01:00 [INF] Executed ViewResult - view Index executed in 1.0462ms.
2024-11-04 15:06:39.662 +01:00 [INF] Executed action MyShop.Controllers.HomeController.Index (MyShop) in 1.2199ms
2024-11-04 15:06:39.662 +01:00 [INF] Executed endpoint 'MyShop.Controllers.HomeController.Index (MyShop)'
2024-11-04 15:06:39.662 +01:00 [INF] Request finished HTTP/1.1 GET http://localhost:5017/ - 200 null text/html; charset=utf-8 2.3254ms
2024-11-04 15:06:42.310 +01:00 [INF] Request starting HTTP/1.1 GET http://localhost:5017/Customer/Table - null null
2024-11-04 15:06:42.311 +01:00 [INF] Identity.Application was not authenticated. Failure message: Unprotect ticket failed
2024-11-04 15:06:42.311 +01:00 [INF] Executing endpoint 'MyShop.Controllers.CustomerController.Table (MyShop)'
2024-11-04 15:06:42.311 +01:00 [INF] Route matched with {action = "Table", controller = "Customer", page = "", area = ""}. Executing controller action with signature System.Threading.Tasks.Task`1[Microsoft.AspNetCore.Mvc.IActionResult] Table() on controller MyShop.Controllers.CustomerController (MyShop).
2024-11-04 15:06:42.314 +01:00 [INF] Executing ViewResult, running view Table.
2024-11-04 15:06:42.319 +01:00 [INF] Executed ViewResult - view Table executed in 4.5264ms.
2024-11-04 15:06:42.319 +01:00 [INF] Executed action MyShop.Controllers.CustomerController.Table (MyShop) in 7.2469ms
2024-11-04 15:06:42.319 +01:00 [INF] Executed endpoint 'MyShop.Controllers.CustomerController.Table (MyShop)'
2024-11-04 15:06:42.319 +01:00 [INF] Request finished HTTP/1.1 GET http://localhost:5017/Customer/Table - 200 null text/html; charset=utf-8 8.7525ms
2024-11-04 15:06:44.069 +01:00 [INF] Request starting HTTP/1.1 GET http://localhost:5017/ - null null
2024-11-04 15:06:44.069 +01:00 [INF] Identity.Application was not authenticated. Failure message: Unprotect ticket failed
2024-11-04 15:06:44.069 +01:00 [INF] Executing endpoint 'MyShop.Controllers.HomeController.Index (MyShop)'
2024-11-04 15:06:44.069 +01:00 [INF] Route matched with {action = "Index", controller = "Home", page = "", area = ""}. Executing controller action with signature Microsoft.AspNetCore.Mvc.IActionResult Index() on controller MyShop.Controllers.HomeController (MyShop).
2024-11-04 15:06:44.070 +01:00 [INF] Executing ViewResult, running view Index.
2024-11-04 15:06:44.071 +01:00 [INF] Executed ViewResult - view Index executed in 1.5395ms.
2024-11-04 15:06:44.071 +01:00 [INF] Executed action MyShop.Controllers.HomeController.Index (MyShop) in 1.7748ms
2024-11-04 15:06:44.071 +01:00 [INF] Executed endpoint 'MyShop.Controllers.HomeController.Index (MyShop)'
2024-11-04 15:06:44.071 +01:00 [INF] Request finished HTTP/1.1 GET http://localhost:5017/ - 200 null text/html; charset=utf-8 2.9828ms
2024-11-04 15:06:47.545 +01:00 [INF] Request starting HTTP/1.1 GET http://localhost:5017/Identity/Account/Login - null null
2024-11-04 15:06:47.546 +01:00 [INF] Identity.Application was not authenticated. Failure message: Unprotect ticket failed
2024-11-04 15:06:47.546 +01:00 [INF] Executing endpoint '/Account/Login'
2024-11-04 15:06:47.547 +01:00 [INF] Route matched with {page = "/Account/Login", area = "Identity", action = "", controller = ""}. Executing page /Account/Login
2024-11-04 15:06:47.548 +01:00 [INF] Executing handler method MyShop.Areas.Identity.Pages.Account.LoginModel.OnGetAsync - ModelState is "Valid"
2024-11-04 15:06:47.548 +01:00 [INF] AuthenticationScheme: Identity.External signed out.
2024-11-04 15:06:47.548 +01:00 [INF] Executed handler method OnGetAsync, returned result .
2024-11-04 15:06:47.548 +01:00 [INF] Executing an implicit handler method - ModelState is "Valid"
2024-11-04 15:06:47.548 +01:00 [INF] Executed an implicit handler method, returned result Microsoft.AspNetCore.Mvc.RazorPages.PageResult.
2024-11-04 15:06:47.552 +01:00 [INF] Executed page /Account/Login in 4.188ms
2024-11-04 15:06:47.552 +01:00 [INF] Executed endpoint '/Account/Login'
2024-11-04 15:06:47.552 +01:00 [INF] Request finished HTTP/1.1 GET http://localhost:5017/Identity/Account/Login - 200 null text/html; charset=utf-8 6.7193ms
2024-11-04 15:06:47.580 +01:00 [INF] Request starting HTTP/1.1 GET http://localhost:5017/css/Login.css - null null
2024-11-04 15:06:47.581 +01:00 [INF] The file /css/Login.css was not modified
2024-11-04 15:06:47.581 +01:00 [INF] Request finished HTTP/1.1 GET http://localhost:5017/css/Login.css - 304 null text/css 0.767ms
2024-11-04 15:06:47.593 +01:00 [INF] Request starting HTTP/1.1 GET http://localhost:5017/lib/jquery-validation/dist/jquery.validate.min.js - null null
2024-11-04 15:06:47.594 +01:00 [INF] Request starting HTTP/1.1 GET http://localhost:5017/lib/jquery-validation-unobtrusive/jquery.validate.unobtrusive.min.js - null null
2024-11-04 15:06:47.594 +01:00 [INF] Identity.Application was not authenticated. Failure message: Unprotect ticket failed
2024-11-04 15:06:47.594 +01:00 [INF] Request finished HTTP/1.1 GET http://localhost:5017/lib/jquery-validation/dist/jquery.validate.min.js - 404 0 null 0.9173ms
2024-11-04 15:06:47.594 +01:00 [INF] Identity.Application was not authenticated. Failure message: Unprotect ticket failed
2024-11-04 15:06:47.594 +01:00 [INF] Request reached the end of the middleware pipeline without being handled by application code. Request path: GET http://localhost:5017/lib/jquery-validation/dist/jquery.validate.min.js, Response status code: 404
2024-11-04 15:06:47.594 +01:00 [INF] Request finished HTTP/1.1 GET http://localhost:5017/lib/jquery-validation-unobtrusive/jquery.validate.unobtrusive.min.js - 404 0 null 0.6767ms
2024-11-04 15:06:47.595 +01:00 [INF] Request reached the end of the middleware pipeline without being handled by application code. Request path: GET http://localhost:5017/lib/jquery-validation-unobtrusive/jquery.validate.unobtrusive.min.js, Response status code: 404
2024-11-04 15:06:55.586 +01:00 [INF] Request starting HTTP/1.1 GET http://localhost:5017/ - null null
2024-11-04 15:06:55.586 +01:00 [INF] Identity.Application was not authenticated. Failure message: Unprotect ticket failed
2024-11-04 15:06:55.587 +01:00 [INF] Executing endpoint 'MyShop.Controllers.HomeController.Index (MyShop)'
2024-11-04 15:06:55.587 +01:00 [INF] Route matched with {action = "Index", controller = "Home", page = "", area = ""}. Executing controller action with signature Microsoft.AspNetCore.Mvc.IActionResult Index() on controller MyShop.Controllers.HomeController (MyShop).
2024-11-04 15:06:55.587 +01:00 [INF] Executing ViewResult, running view Index.
2024-11-04 15:06:55.588 +01:00 [INF] Executed ViewResult - view Index executed in 0.8671ms.
2024-11-04 15:06:55.588 +01:00 [INF] Executed action MyShop.Controllers.HomeController.Index (MyShop) in 1.0282ms
2024-11-04 15:06:55.588 +01:00 [INF] Executed endpoint 'MyShop.Controllers.HomeController.Index (MyShop)'
2024-11-04 15:06:55.588 +01:00 [INF] Request finished HTTP/1.1 GET http://localhost:5017/ - 200 null text/html; charset=utf-8 1.8964ms
2024-11-04 15:06:56.911 +01:00 [INF] Request starting HTTP/1.1 GET http://localhost:5017/Identity/Account/Login - null null
2024-11-04 15:06:56.912 +01:00 [INF] Identity.Application was not authenticated. Failure message: Unprotect ticket failed
2024-11-04 15:06:56.912 +01:00 [INF] Executing endpoint '/Account/Login'
2024-11-04 15:06:56.912 +01:00 [INF] Route matched with {page = "/Account/Login", area = "Identity", action = "", controller = ""}. Executing page /Account/Login
2024-11-04 15:06:56.913 +01:00 [INF] Executing handler method MyShop.Areas.Identity.Pages.Account.LoginModel.OnGetAsync - ModelState is "Valid"
2024-11-04 15:06:56.913 +01:00 [INF] AuthenticationScheme: Identity.External signed out.
2024-11-04 15:06:56.913 +01:00 [INF] Executed handler method OnGetAsync, returned result .
2024-11-04 15:06:56.913 +01:00 [INF] Executing an implicit handler method - ModelState is "Valid"
2024-11-04 15:06:56.913 +01:00 [INF] Executed an implicit handler method, returned result Microsoft.AspNetCore.Mvc.RazorPages.PageResult.
2024-11-04 15:06:56.914 +01:00 [INF] Executed page /Account/Login in 2.38ms
2024-11-04 15:06:56.914 +01:00 [INF] Executed endpoint '/Account/Login'
2024-11-04 15:06:56.915 +01:00 [INF] Request finished HTTP/1.1 GET http://localhost:5017/Identity/Account/Login - 200 null text/html; charset=utf-8 3.6224ms
2024-11-04 15:06:56.940 +01:00 [INF] Request starting HTTP/1.1 GET http://localhost:5017/lib/jquery-validation/dist/jquery.validate.min.js - null null
2024-11-04 15:06:56.940 +01:00 [INF] Request starting HTTP/1.1 GET http://localhost:5017/css/Login.css - null null
2024-11-04 15:06:56.941 +01:00 [INF] The file /css/Login.css was not modified
2024-11-04 15:06:56.941 +01:00 [INF] Request finished HTTP/1.1 GET http://localhost:5017/css/Login.css - 304 null text/css 0.4947ms
2024-11-04 15:06:56.941 +01:00 [INF] Identity.Application was not authenticated. Failure message: Unprotect ticket failed
2024-11-04 15:06:56.941 +01:00 [INF] Request finished HTTP/1.1 GET http://localhost:5017/lib/jquery-validation/dist/jquery.validate.min.js - 404 0 null 0.9332ms
2024-11-04 15:06:56.941 +01:00 [INF] Request reached the end of the middleware pipeline without being handled by application code. Request path: GET http://localhost:5017/lib/jquery-validation/dist/jquery.validate.min.js, Response status code: 404
2024-11-04 15:06:56.958 +01:00 [INF] Request starting HTTP/1.1 GET http://localhost:5017/lib/jquery-validation-unobtrusive/jquery.validate.unobtrusive.min.js - null null
2024-11-04 15:06:56.959 +01:00 [INF] Identity.Application was not authenticated. Failure message: Unprotect ticket failed
2024-11-04 15:06:56.959 +01:00 [INF] Request finished HTTP/1.1 GET http://localhost:5017/lib/jquery-validation-unobtrusive/jquery.validate.unobtrusive.min.js - 404 0 null 0.9679ms
2024-11-04 15:06:56.959 +01:00 [INF] Request reached the end of the middleware pipeline without being handled by application code. Request path: GET http://localhost:5017/lib/jquery-validation-unobtrusive/jquery.validate.unobtrusive.min.js, Response status code: 404
2024-11-04 15:06:58.562 +01:00 [INF] Request starting HTTP/1.1 GET http://localhost:5017/ - null null
2024-11-04 15:06:58.563 +01:00 [INF] Identity.Application was not authenticated. Failure message: Unprotect ticket failed
2024-11-04 15:06:58.563 +01:00 [INF] Executing endpoint 'MyShop.Controllers.HomeController.Index (MyShop)'
2024-11-04 15:06:58.563 +01:00 [INF] Route matched with {action = "Index", controller = "Home", page = "", area = ""}. Executing controller action with signature Microsoft.AspNetCore.Mvc.IActionResult Index() on controller MyShop.Controllers.HomeController (MyShop).
2024-11-04 15:06:58.563 +01:00 [INF] Executing ViewResult, running view Index.
2024-11-04 15:06:58.565 +01:00 [INF] Executed ViewResult - view Index executed in 2.0396ms.
2024-11-04 15:06:58.565 +01:00 [INF] Executed action MyShop.Controllers.HomeController.Index (MyShop) in 2.3244ms
2024-11-04 15:06:58.565 +01:00 [INF] Executed endpoint 'MyShop.Controllers.HomeController.Index (MyShop)'
2024-11-04 15:06:58.565 +01:00 [INF] Request finished HTTP/1.1 GET http://localhost:5017/ - 200 null text/html; charset=utf-8 3.501ms
2024-11-04 15:06:59.958 +01:00 [INF] Request starting HTTP/1.1 GET http://localhost:5017/Identity/Account/Login - null null
2024-11-04 15:06:59.958 +01:00 [INF] Identity.Application was not authenticated. Failure message: Unprotect ticket failed
2024-11-04 15:06:59.959 +01:00 [INF] Executing endpoint '/Account/Login'
2024-11-04 15:06:59.959 +01:00 [INF] Route matched with {page = "/Account/Login", area = "Identity", action = "", controller = ""}. Executing page /Account/Login
2024-11-04 15:06:59.959 +01:00 [INF] Executing handler method MyShop.Areas.Identity.Pages.Account.LoginModel.OnGetAsync - ModelState is "Valid"
2024-11-04 15:06:59.959 +01:00 [INF] AuthenticationScheme: Identity.External signed out.
2024-11-04 15:06:59.959 +01:00 [INF] Executed handler method OnGetAsync, returned result .
2024-11-04 15:06:59.959 +01:00 [INF] Executing an implicit handler method - ModelState is "Valid"
2024-11-04 15:06:59.960 +01:00 [INF] Executed an implicit handler method, returned result Microsoft.AspNetCore.Mvc.RazorPages.PageResult.
2024-11-04 15:06:59.961 +01:00 [INF] Executed page /Account/Login in 1.942ms
2024-11-04 15:06:59.961 +01:00 [INF] Executed endpoint '/Account/Login'
2024-11-04 15:06:59.961 +01:00 [INF] Request finished HTTP/1.1 GET http://localhost:5017/Identity/Account/Login - 200 null text/html; charset=utf-8 2.8838ms
2024-11-04 15:06:59.989 +01:00 [INF] Request starting HTTP/1.1 GET http://localhost:5017/lib/jquery-validation/dist/jquery.validate.min.js - null null
2024-11-04 15:06:59.989 +01:00 [INF] Identity.Application was not authenticated. Failure message: Unprotect ticket failed
2024-11-04 15:06:59.989 +01:00 [INF] Request finished HTTP/1.1 GET http://localhost:5017/lib/jquery-validation/dist/jquery.validate.min.js - 404 0 null 0.7109ms
2024-11-04 15:06:59.989 +01:00 [INF] Request reached the end of the middleware pipeline without being handled by application code. Request path: GET http://localhost:5017/lib/jquery-validation/dist/jquery.validate.min.js, Response status code: 404
2024-11-04 15:06:59.993 +01:00 [INF] Request starting HTTP/1.1 GET http://localhost:5017/lib/jquery-validation-unobtrusive/jquery.validate.unobtrusive.min.js - null null
2024-11-04 15:06:59.994 +01:00 [INF] Identity.Application was not authenticated. Failure message: Unprotect ticket failed
2024-11-04 15:06:59.994 +01:00 [INF] Request finished HTTP/1.1 GET http://localhost:5017/lib/jquery-validation-unobtrusive/jquery.validate.unobtrusive.min.js - 404 0 null 0.9776ms
2024-11-04 15:06:59.995 +01:00 [INF] Request reached the end of the middleware pipeline without being handled by application code. Request path: GET http://localhost:5017/lib/jquery-validation-unobtrusive/jquery.validate.unobtrusive.min.js, Response status code: 404
2024-11-04 15:07:01.572 +01:00 [INF] Request starting HTTP/1.1 GET http://localhost:5017/ - null null
2024-11-04 15:07:01.573 +01:00 [INF] Identity.Application was not authenticated. Failure message: Unprotect ticket failed
2024-11-04 15:07:01.573 +01:00 [INF] Executing endpoint 'MyShop.Controllers.HomeController.Index (MyShop)'
2024-11-04 15:07:01.573 +01:00 [INF] Route matched with {action = "Index", controller = "Home", page = "", area = ""}. Executing controller action with signature Microsoft.AspNetCore.Mvc.IActionResult Index() on controller MyShop.Controllers.HomeController (MyShop).
2024-11-04 15:07:01.573 +01:00 [INF] Executing ViewResult, running view Index.
2024-11-04 15:07:01.574 +01:00 [INF] Executed ViewResult - view Index executed in 1.0612ms.
2024-11-04 15:07:01.574 +01:00 [INF] Executed action MyShop.Controllers.HomeController.Index (MyShop) in 1.2501ms
2024-11-04 15:07:01.574 +01:00 [INF] Executed endpoint 'MyShop.Controllers.HomeController.Index (MyShop)'
2024-11-04 15:07:01.574 +01:00 [INF] Request finished HTTP/1.1 GET http://localhost:5017/ - 200 null text/html; charset=utf-8 1.9768ms
2024-11-04 15:07:12.359 +01:00 [INF] Request starting HTTP/1.1 GET http://localhost:5017/Identity/Account/Login - null null
2024-11-04 15:07:12.360 +01:00 [INF] Identity.Application was not authenticated. Failure message: Unprotect ticket failed
2024-11-04 15:07:12.360 +01:00 [INF] Executing endpoint '/Account/Login'
2024-11-04 15:07:12.360 +01:00 [INF] Route matched with {page = "/Account/Login", area = "Identity", action = "", controller = ""}. Executing page /Account/Login
2024-11-04 15:07:12.361 +01:00 [INF] Executing handler method MyShop.Areas.Identity.Pages.Account.LoginModel.OnGetAsync - ModelState is "Valid"
2024-11-04 15:07:12.361 +01:00 [INF] AuthenticationScheme: Identity.External signed out.
2024-11-04 15:07:12.361 +01:00 [INF] Executed handler method OnGetAsync, returned result .
2024-11-04 15:07:12.361 +01:00 [INF] Executing an implicit handler method - ModelState is "Valid"
2024-11-04 15:07:12.361 +01:00 [INF] Executed an implicit handler method, returned result Microsoft.AspNetCore.Mvc.RazorPages.PageResult.
2024-11-04 15:07:12.362 +01:00 [INF] Executed page /Account/Login in 2.0072ms
2024-11-04 15:07:12.362 +01:00 [INF] Executed endpoint '/Account/Login'
2024-11-04 15:07:12.362 +01:00 [INF] Request finished HTTP/1.1 GET http://localhost:5017/Identity/Account/Login - 200 null text/html; charset=utf-8 3.0228ms
2024-11-04 15:07:12.393 +01:00 [INF] Request starting HTTP/1.1 GET http://localhost:5017/css/Login.css - null null
2024-11-04 15:07:12.395 +01:00 [INF] The file /css/Login.css was not modified
2024-11-04 15:07:12.395 +01:00 [INF] Request finished HTTP/1.1 GET http://localhost:5017/css/Login.css - 304 null text/css 1.3579ms
2024-11-04 15:07:12.415 +01:00 [INF] Request starting HTTP/1.1 GET http://localhost:5017/lib/jquery-validation/dist/jquery.validate.min.js - null null
2024-11-04 15:07:12.415 +01:00 [INF] Request starting HTTP/1.1 GET http://localhost:5017/lib/jquery-validation-unobtrusive/jquery.validate.unobtrusive.min.js - null null
2024-11-04 15:07:12.416 +01:00 [INF] Identity.Application was not authenticated. Failure message: Unprotect ticket failed
2024-11-04 15:07:12.416 +01:00 [INF] Identity.Application was not authenticated. Failure message: Unprotect ticket failed
2024-11-04 15:07:12.416 +01:00 [INF] Request finished HTTP/1.1 GET http://localhost:5017/lib/jquery-validation-unobtrusive/jquery.validate.unobtrusive.min.js - 404 0 null 0.6495ms
2024-11-04 15:07:12.416 +01:00 [INF] Request reached the end of the middleware pipeline without being handled by application code. Request path: GET http://localhost:5017/lib/jquery-validation-unobtrusive/jquery.validate.unobtrusive.min.js, Response status code: 404
2024-11-04 15:07:12.416 +01:00 [INF] Request finished HTTP/1.1 GET http://localhost:5017/lib/jquery-validation/dist/jquery.validate.min.js - 404 0 null 0.8022ms
2024-11-04 15:07:12.416 +01:00 [INF] Request reached the end of the middleware pipeline without being handled by application code. Request path: GET http://localhost:5017/lib/jquery-validation/dist/jquery.validate.min.js, Response status code: 404
2024-11-04 15:07:14.597 +01:00 [INF] Request starting HTTP/1.1 GET http://localhost:5017/ - null null
2024-11-04 15:07:14.597 +01:00 [INF] Identity.Application was not authenticated. Failure message: Unprotect ticket failed
2024-11-04 15:07:14.597 +01:00 [INF] Executing endpoint 'MyShop.Controllers.HomeController.Index (MyShop)'
2024-11-04 15:07:14.597 +01:00 [INF] Route matched with {action = "Index", controller = "Home", page = "", area = ""}. Executing controller action with signature Microsoft.AspNetCore.Mvc.IActionResult Index() on controller MyShop.Controllers.HomeController (MyShop).
2024-11-04 15:07:14.597 +01:00 [INF] Executing ViewResult, running view Index.
2024-11-04 15:07:14.599 +01:00 [INF] Executed ViewResult - view Index executed in 1.5927ms.
2024-11-04 15:07:14.599 +01:00 [INF] Executed action MyShop.Controllers.HomeController.Index (MyShop) in 1.9949ms
2024-11-04 15:07:14.599 +01:00 [INF] Executed endpoint 'MyShop.Controllers.HomeController.Index (MyShop)'
2024-11-04 15:07:14.599 +01:00 [INF] Request finished HTTP/1.1 GET http://localhost:5017/ - 200 null text/html; charset=utf-8 2.5436ms
2024-11-04 15:07:17.077 +01:00 [INF] Request starting HTTP/1.1 GET http://localhost:5017/Identity/Account/Login - null null
2024-11-04 15:07:17.077 +01:00 [INF] Identity.Application was not authenticated. Failure message: Unprotect ticket failed
2024-11-04 15:07:17.077 +01:00 [INF] Executing endpoint '/Account/Login'
2024-11-04 15:07:17.077 +01:00 [INF] Route matched with {page = "/Account/Login", area = "Identity", action = "", controller = ""}. Executing page /Account/Login
2024-11-04 15:07:17.078 +01:00 [INF] Executing handler method MyShop.Areas.Identity.Pages.Account.LoginModel.OnGetAsync - ModelState is "Valid"
2024-11-04 15:07:17.078 +01:00 [INF] AuthenticationScheme: Identity.External signed out.
2024-11-04 15:07:17.078 +01:00 [INF] Executed handler method OnGetAsync, returned result .
2024-11-04 15:07:17.078 +01:00 [INF] Executing an implicit handler method - ModelState is "Valid"
2024-11-04 15:07:17.078 +01:00 [INF] Executed an implicit handler method, returned result Microsoft.AspNetCore.Mvc.RazorPages.PageResult.
2024-11-04 15:07:17.079 +01:00 [INF] Executed page /Account/Login in 1.8092ms
2024-11-04 15:07:17.079 +01:00 [INF] Executed endpoint '/Account/Login'
2024-11-04 15:07:17.080 +01:00 [INF] Request finished HTTP/1.1 GET http://localhost:5017/Identity/Account/Login - 200 null text/html; charset=utf-8 2.7591ms
2024-11-04 15:07:17.107 +01:00 [INF] Request starting HTTP/1.1 GET http://localhost:5017/lib/jquery-validation/dist/jquery.validate.min.js - null null
2024-11-04 15:07:17.108 +01:00 [INF] Identity.Application was not authenticated. Failure message: Unprotect ticket failed
2024-11-04 15:07:17.108 +01:00 [INF] Request starting HTTP/1.1 GET http://localhost:5017/lib/jquery-validation-unobtrusive/jquery.validate.unobtrusive.min.js - null null
2024-11-04 15:07:17.108 +01:00 [INF] Request finished HTTP/1.1 GET http://localhost:5017/lib/jquery-validation/dist/jquery.validate.min.js - 404 0 null 0.6ms
2024-11-04 15:07:17.108 +01:00 [INF] Request reached the end of the middleware pipeline without being handled by application code. Request path: GET http://localhost:5017/lib/jquery-validation/dist/jquery.validate.min.js, Response status code: 404
2024-11-04 15:07:17.108 +01:00 [INF] Identity.Application was not authenticated. Failure message: Unprotect ticket failed
2024-11-04 15:07:17.108 +01:00 [INF] Request finished HTTP/1.1 GET http://localhost:5017/lib/jquery-validation-unobtrusive/jquery.validate.unobtrusive.min.js - 404 0 null 0.4326ms
2024-11-04 15:07:17.108 +01:00 [INF] Request reached the end of the middleware pipeline without being handled by application code. Request path: GET http://localhost:5017/lib/jquery-validation-unobtrusive/jquery.validate.unobtrusive.min.js, Response status code: 404
2024-11-04 15:07:19.210 +01:00 [INF] Request starting HTTP/1.1 GET http://localhost:5017/ - null null
2024-11-04 15:07:19.210 +01:00 [INF] Identity.Application was not authenticated. Failure message: Unprotect ticket failed
2024-11-04 15:07:19.211 +01:00 [INF] Executing endpoint 'MyShop.Controllers.HomeController.Index (MyShop)'
2024-11-04 15:07:19.211 +01:00 [INF] Route matched with {action = "Index", controller = "Home", page = "", area = ""}. Executing controller action with signature Microsoft.AspNetCore.Mvc.IActionResult Index() on controller MyShop.Controllers.HomeController (MyShop).
2024-11-04 15:07:19.211 +01:00 [INF] Executing ViewResult, running view Index.
2024-11-04 15:07:19.212 +01:00 [INF] Executed ViewResult - view Index executed in 0.6405ms.
2024-11-04 15:07:19.212 +01:00 [INF] Executed action MyShop.Controllers.HomeController.Index (MyShop) in 0.8064ms
2024-11-04 15:07:19.212 +01:00 [INF] Executed endpoint 'MyShop.Controllers.HomeController.Index (MyShop)'
2024-11-04 15:07:19.212 +01:00 [INF] Request finished HTTP/1.1 GET http://localhost:5017/ - 200 null text/html; charset=utf-8 2.0616ms
2024-11-04 15:07:25.482 +01:00 [INF] Request starting HTTP/1.1 GET http://localhost:5017/Identity/Account/Login - null null
2024-11-04 15:07:25.482 +01:00 [INF] Identity.Application was not authenticated. Failure message: Unprotect ticket failed
2024-11-04 15:07:25.482 +01:00 [INF] Executing endpoint '/Account/Login'
2024-11-04 15:07:25.483 +01:00 [INF] Route matched with {page = "/Account/Login", area = "Identity", action = "", controller = ""}. Executing page /Account/Login
2024-11-04 15:07:25.483 +01:00 [INF] Executing handler method MyShop.Areas.Identity.Pages.Account.LoginModel.OnGetAsync - ModelState is "Valid"
2024-11-04 15:07:25.483 +01:00 [INF] AuthenticationScheme: Identity.External signed out.
2024-11-04 15:07:25.484 +01:00 [INF] Executed handler method OnGetAsync, returned result .
2024-11-04 15:07:25.484 +01:00 [INF] Executing an implicit handler method - ModelState is "Valid"
2024-11-04 15:07:25.484 +01:00 [INF] Executed an implicit handler method, returned result Microsoft.AspNetCore.Mvc.RazorPages.PageResult.
2024-11-04 15:07:25.485 +01:00 [INF] Executed page /Account/Login in 2.4696ms
2024-11-04 15:07:25.485 +01:00 [INF] Executed endpoint '/Account/Login'
2024-11-04 15:07:25.485 +01:00 [INF] Request finished HTTP/1.1 GET http://localhost:5017/Identity/Account/Login - 200 null text/html; charset=utf-8 3.2243ms
2024-11-04 15:07:25.517 +01:00 [INF] Request starting HTTP/1.1 GET http://localhost:5017/css/Login.css - null null
2024-11-04 15:07:25.517 +01:00 [INF] The file /css/Login.css was not modified
2024-11-04 15:07:25.518 +01:00 [INF] Request finished HTTP/1.1 GET http://localhost:5017/css/Login.css - 304 null text/css 0.4156ms
2024-11-04 15:07:25.518 +01:00 [INF] Request starting HTTP/1.1 GET http://localhost:5017/lib/jquery-validation/dist/jquery.validate.min.js - null null
2024-11-04 15:07:25.519 +01:00 [INF] Identity.Application was not authenticated. Failure message: Unprotect ticket failed
2024-11-04 15:07:25.519 +01:00 [INF] Request finished HTTP/1.1 GET http://localhost:5017/lib/jquery-validation/dist/jquery.validate.min.js - 404 0 null 0.9055ms
2024-11-04 15:07:25.519 +01:00 [INF] Request reached the end of the middleware pipeline without being handled by application code. Request path: GET http://localhost:5017/lib/jquery-validation/dist/jquery.validate.min.js, Response status code: 404
2024-11-04 15:07:25.529 +01:00 [INF] Request starting HTTP/1.1 GET http://localhost:5017/lib/jquery-validation-unobtrusive/jquery.validate.unobtrusive.min.js - null null
2024-11-04 15:07:25.529 +01:00 [INF] Identity.Application was not authenticated. Failure message: Unprotect ticket failed
2024-11-04 15:07:25.530 +01:00 [INF] Request finished HTTP/1.1 GET http://localhost:5017/lib/jquery-validation-unobtrusive/jquery.validate.unobtrusive.min.js - 404 0 null 0.8112ms
2024-11-04 15:07:25.530 +01:00 [INF] Request reached the end of the middleware pipeline without being handled by application code. Request path: GET http://localhost:5017/lib/jquery-validation-unobtrusive/jquery.validate.unobtrusive.min.js, Response status code: 404
2024-11-04 15:07:37.637 +01:00 [INF] Request starting HTTP/1.1 GET http://localhost:5017/ - null null
2024-11-04 15:07:37.637 +01:00 [INF] Identity.Application was not authenticated. Failure message: Unprotect ticket failed
2024-11-04 15:07:37.637 +01:00 [INF] Executing endpoint 'MyShop.Controllers.HomeController.Index (MyShop)'
2024-11-04 15:07:37.637 +01:00 [INF] Route matched with {action = "Index", controller = "Home", page = "", area = ""}. Executing controller action with signature Microsoft.AspNetCore.Mvc.IActionResult Index() on controller MyShop.Controllers.HomeController (MyShop).
2024-11-04 15:07:37.638 +01:00 [INF] Executing ViewResult, running view Index.
2024-11-04 15:07:37.639 +01:00 [INF] Executed ViewResult - view Index executed in 0.9916ms.
2024-11-04 15:07:37.639 +01:00 [INF] Executed action MyShop.Controllers.HomeController.Index (MyShop) in 1.2091ms
2024-11-04 15:07:37.639 +01:00 [INF] Executed endpoint 'MyShop.Controllers.HomeController.Index (MyShop)'
2024-11-04 15:07:37.639 +01:00 [INF] Request finished HTTP/1.1 GET http://localhost:5017/ - 200 null text/html; charset=utf-8 1.9951ms
2024-11-04 15:07:39.638 +01:00 [INF] Request starting HTTP/1.1 GET http://localhost:5017/Identity/Account/Login - null null
2024-11-04 15:07:39.638 +01:00 [INF] Identity.Application was not authenticated. Failure message: Unprotect ticket failed
2024-11-04 15:07:39.638 +01:00 [INF] Executing endpoint '/Account/Login'
2024-11-04 15:07:39.638 +01:00 [INF] Route matched with {page = "/Account/Login", area = "Identity", action = "", controller = ""}. Executing page /Account/Login
2024-11-04 15:07:39.639 +01:00 [INF] Executing handler method MyShop.Areas.Identity.Pages.Account.LoginModel.OnGetAsync - ModelState is "Valid"
2024-11-04 15:07:39.639 +01:00 [INF] AuthenticationScheme: Identity.External signed out.
2024-11-04 15:07:39.639 +01:00 [INF] Executed handler method OnGetAsync, returned result .
2024-11-04 15:07:39.639 +01:00 [INF] Executing an implicit handler method - ModelState is "Valid"
2024-11-04 15:07:39.639 +01:00 [INF] Executed an implicit handler method, returned result Microsoft.AspNetCore.Mvc.RazorPages.PageResult.
2024-11-04 15:07:39.640 +01:00 [INF] Executed page /Account/Login in 1.7717ms
2024-11-04 15:07:39.640 +01:00 [INF] Executed endpoint '/Account/Login'
2024-11-04 15:07:39.640 +01:00 [INF] Request finished HTTP/1.1 GET http://localhost:5017/Identity/Account/Login - 200 null text/html; charset=utf-8 2.3707ms
2024-11-04 15:07:39.664 +01:00 [INF] Request starting HTTP/1.1 GET http://localhost:5017/css/Login.css - null null
2024-11-04 15:07:39.664 +01:00 [INF] The file /css/Login.css was not modified
2024-11-04 15:07:39.664 +01:00 [INF] Request finished HTTP/1.1 GET http://localhost:5017/css/Login.css - 304 null text/css 0.281ms
2024-11-04 15:07:39.668 +01:00 [INF] Request starting HTTP/1.1 GET http://localhost:5017/lib/jquery-validation/dist/jquery.validate.min.js - null null
2024-11-04 15:07:39.669 +01:00 [INF] Identity.Application was not authenticated. Failure message: Unprotect ticket failed
2024-11-04 15:07:39.669 +01:00 [INF] Request finished HTTP/1.1 GET http://localhost:5017/lib/jquery-validation/dist/jquery.validate.min.js - 404 0 null 0.7379ms
2024-11-04 15:07:39.669 +01:00 [INF] Request reached the end of the middleware pipeline without being handled by application code. Request path: GET http://localhost:5017/lib/jquery-validation/dist/jquery.validate.min.js, Response status code: 404
2024-11-04 15:07:39.681 +01:00 [INF] Request starting HTTP/1.1 GET http://localhost:5017/lib/jquery-validation-unobtrusive/jquery.validate.unobtrusive.min.js - null null
2024-11-04 15:07:39.681 +01:00 [INF] Identity.Application was not authenticated. Failure message: Unprotect ticket failed
2024-11-04 15:07:39.681 +01:00 [INF] Request finished HTTP/1.1 GET http://localhost:5017/lib/jquery-validation-unobtrusive/jquery.validate.unobtrusive.min.js - 404 0 null 0.5255ms
2024-11-04 15:07:39.681 +01:00 [INF] Request reached the end of the middleware pipeline without being handled by application code. Request path: GET http://localhost:5017/lib/jquery-validation-unobtrusive/jquery.validate.unobtrusive.min.js, Response status code: 404
2024-11-04 15:07:42.077 +01:00 [INF] Request starting HTTP/1.1 GET http://localhost:5017/ - null null
2024-11-04 15:07:42.078 +01:00 [INF] Identity.Application was not authenticated. Failure message: Unprotect ticket failed
2024-11-04 15:07:42.078 +01:00 [INF] Executing endpoint 'MyShop.Controllers.HomeController.Index (MyShop)'
2024-11-04 15:07:42.078 +01:00 [INF] Route matched with {action = "Index", controller = "Home", page = "", area = ""}. Executing controller action with signature Microsoft.AspNetCore.Mvc.IActionResult Index() on controller MyShop.Controllers.HomeController (MyShop).
2024-11-04 15:07:42.078 +01:00 [INF] Executing ViewResult, running view Index.
2024-11-04 15:07:42.080 +01:00 [INF] Executed ViewResult - view Index executed in 1.3125ms.
2024-11-04 15:07:42.080 +01:00 [INF] Executed action MyShop.Controllers.HomeController.Index (MyShop) in 1.441ms
2024-11-04 15:07:42.080 +01:00 [INF] Executed endpoint 'MyShop.Controllers.HomeController.Index (MyShop)'
2024-11-04 15:07:42.080 +01:00 [INF] Request finished HTTP/1.1 GET http://localhost:5017/ - 200 null text/html; charset=utf-8 2.814ms
2024-11-04 15:07:43.674 +01:00 [INF] Request starting HTTP/1.1 GET http://localhost:5017/Identity/Account/Login - null null
2024-11-04 15:07:43.674 +01:00 [INF] Identity.Application was not authenticated. Failure message: Unprotect ticket failed
2024-11-04 15:07:43.674 +01:00 [INF] Executing endpoint '/Account/Login'
2024-11-04 15:07:43.674 +01:00 [INF] Route matched with {page = "/Account/Login", area = "Identity", action = "", controller = ""}. Executing page /Account/Login
2024-11-04 15:07:43.675 +01:00 [INF] Executing handler method MyShop.Areas.Identity.Pages.Account.LoginModel.OnGetAsync - ModelState is "Valid"
2024-11-04 15:07:43.675 +01:00 [INF] AuthenticationScheme: Identity.External signed out.
2024-11-04 15:07:43.675 +01:00 [INF] Executed handler method OnGetAsync, returned result .
2024-11-04 15:07:43.675 +01:00 [INF] Executing an implicit handler method - ModelState is "Valid"
2024-11-04 15:07:43.675 +01:00 [INF] Executed an implicit handler method, returned result Microsoft.AspNetCore.Mvc.RazorPages.PageResult.
2024-11-04 15:07:43.676 +01:00 [INF] Executed page /Account/Login in 1.8651ms
2024-11-04 15:07:43.676 +01:00 [INF] Executed endpoint '/Account/Login'
2024-11-04 15:07:43.676 +01:00 [INF] Request finished HTTP/1.1 GET http://localhost:5017/Identity/Account/Login - 200 null text/html; charset=utf-8 2.5001ms
2024-11-04 15:07:43.707 +01:00 [INF] Request starting HTTP/1.1 GET http://localhost:5017/lib/jquery-validation/dist/jquery.validate.min.js - null null
2024-11-04 15:07:43.707 +01:00 [INF] Identity.Application was not authenticated. Failure message: Unprotect ticket failed
2024-11-04 15:07:43.707 +01:00 [INF] Request finished HTTP/1.1 GET http://localhost:5017/lib/jquery-validation/dist/jquery.validate.min.js - 404 0 null 0.5742ms
2024-11-04 15:07:43.707 +01:00 [INF] Request reached the end of the middleware pipeline without being handled by application code. Request path: GET http://localhost:5017/lib/jquery-validation/dist/jquery.validate.min.js, Response status code: 404
2024-11-04 15:07:43.724 +01:00 [INF] Request starting HTTP/1.1 GET http://localhost:5017/lib/jquery-validation-unobtrusive/jquery.validate.unobtrusive.min.js - null null
2024-11-04 15:07:43.725 +01:00 [INF] Identity.Application was not authenticated. Failure message: Unprotect ticket failed
2024-11-04 15:07:43.725 +01:00 [INF] Request finished HTTP/1.1 GET http://localhost:5017/lib/jquery-validation-unobtrusive/jquery.validate.unobtrusive.min.js - 404 0 null 0.6197ms
2024-11-04 15:07:43.725 +01:00 [INF] Request reached the end of the middleware pipeline without being handled by application code. Request path: GET http://localhost:5017/lib/jquery-validation-unobtrusive/jquery.validate.unobtrusive.min.js, Response status code: 404
2024-11-04 15:07:45.103 +01:00 [INF] Request starting HTTP/1.1 GET http://localhost:5017/ - null null
2024-11-04 15:07:45.103 +01:00 [INF] Identity.Application was not authenticated. Failure message: Unprotect ticket failed
2024-11-04 15:07:45.103 +01:00 [INF] Executing endpoint 'MyShop.Controllers.HomeController.Index (MyShop)'
2024-11-04 15:07:45.104 +01:00 [INF] Route matched with {action = "Index", controller = "Home", page = "", area = ""}. Executing controller action with signature Microsoft.AspNetCore.Mvc.IActionResult Index() on controller MyShop.Controllers.HomeController (MyShop).
2024-11-04 15:07:45.104 +01:00 [INF] Executing ViewResult, running view Index.
2024-11-04 15:07:45.105 +01:00 [INF] Executed ViewResult - view Index executed in 1.0809ms.
2024-11-04 15:07:45.105 +01:00 [INF] Executed action MyShop.Controllers.HomeController.Index (MyShop) in 1.3719ms
2024-11-04 15:07:45.105 +01:00 [INF] Executed endpoint 'MyShop.Controllers.HomeController.Index (MyShop)'
2024-11-04 15:07:45.105 +01:00 [INF] Request finished HTTP/1.1 GET http://localhost:5017/ - 200 null text/html; charset=utf-8 2.6182ms
2024-11-04 15:07:52.543 +01:00 [INF] Request starting HTTP/1.1 GET http://localhost:5017/Identity/Account/Login - null null
2024-11-04 15:07:52.543 +01:00 [INF] Identity.Application was not authenticated. Failure message: Unprotect ticket failed
2024-11-04 15:07:52.543 +01:00 [INF] Executing endpoint '/Account/Login'
2024-11-04 15:07:52.543 +01:00 [INF] Route matched with {page = "/Account/Login", area = "Identity", action = "", controller = ""}. Executing page /Account/Login
2024-11-04 15:07:52.544 +01:00 [INF] Executing handler method MyShop.Areas.Identity.Pages.Account.LoginModel.OnGetAsync - ModelState is "Valid"
2024-11-04 15:07:52.544 +01:00 [INF] AuthenticationScheme: Identity.External signed out.
2024-11-04 15:07:52.544 +01:00 [INF] Executed handler method OnGetAsync, returned result .
2024-11-04 15:07:52.544 +01:00 [INF] Executing an implicit handler method - ModelState is "Valid"
2024-11-04 15:07:52.544 +01:00 [INF] Executed an implicit handler method, returned result Microsoft.AspNetCore.Mvc.RazorPages.PageResult.
2024-11-04 15:07:52.545 +01:00 [INF] Executed page /Account/Login in 1.5491ms
2024-11-04 15:07:52.545 +01:00 [INF] Executed endpoint '/Account/Login'
2024-11-04 15:07:52.545 +01:00 [INF] Request finished HTTP/1.1 GET http://localhost:5017/Identity/Account/Login - 200 null text/html; charset=utf-8 2.2936ms
2024-11-04 15:07:52.570 +01:00 [INF] Request starting HTTP/1.1 GET http://localhost:5017/css/Login.css - null null
2024-11-04 15:07:52.570 +01:00 [INF] The file /css/Login.css was not modified
2024-11-04 15:07:52.570 +01:00 [INF] Request starting HTTP/1.1 GET http://localhost:5017/lib/jquery-validation/dist/jquery.validate.min.js - null null
2024-11-04 15:07:52.570 +01:00 [INF] Request finished HTTP/1.1 GET http://localhost:5017/css/Login.css - 304 null text/css 0.4576ms
2024-11-04 15:07:52.571 +01:00 [INF] Identity.Application was not authenticated. Failure message: Unprotect ticket failed
2024-11-04 15:07:52.571 +01:00 [INF] Request finished HTTP/1.1 GET http://localhost:5017/lib/jquery-validation/dist/jquery.validate.min.js - 404 0 null 0.5122ms
2024-11-04 15:07:52.571 +01:00 [INF] Request reached the end of the middleware pipeline without being handled by application code. Request path: GET http://localhost:5017/lib/jquery-validation/dist/jquery.validate.min.js, Response status code: 404
2024-11-04 15:07:52.584 +01:00 [INF] Request starting HTTP/1.1 GET http://localhost:5017/lib/jquery-validation-unobtrusive/jquery.validate.unobtrusive.min.js - null null
2024-11-04 15:07:52.585 +01:00 [INF] Identity.Application was not authenticated. Failure message: Unprotect ticket failed
2024-11-04 15:07:52.585 +01:00 [INF] Request finished HTTP/1.1 GET http://localhost:5017/lib/jquery-validation-unobtrusive/jquery.validate.unobtrusive.min.js - 404 0 null 0.5762ms
2024-11-04 15:07:52.585 +01:00 [INF] Request reached the end of the middleware pipeline without being handled by application code. Request path: GET http://localhost:5017/lib/jquery-validation-unobtrusive/jquery.validate.unobtrusive.min.js, Response status code: 404
