2024-10-18 13:20:48.555 +02:00 [INF] User profile is available. Using 'C:\Users\jovan\AppData\Local\ASP.NET\DataProtection-Keys' as key repository and Windows DPAPI to encrypt keys at rest.
2024-10-18 13:20:48.596 +02:00 [INF] Now listening on: http://localhost:5017
2024-10-18 13:20:48.599 +02:00 [INF] Application started. Press Ctrl+C to shut down.
2024-10-18 13:20:48.599 +02:00 [INF] Hosting environment: Development
2024-10-18 13:20:48.599 +02:00 [INF] Content root path: C:\TestMappe\ITPE3200_Exam_project
2024-10-18 13:20:52.765 +02:00 [INF] Request starting HTTP/1.1 GET http://localhost:5017/ - null null
2024-10-18 13:20:52.793 +02:00 [INF] Executing endpoint 'MyShop.Controllers.HomeController.Index (MyShop)'
2024-10-18 13:20:52.801 +02:00 [INF] Route matched with {action = "Index", controller = "Home"}. Executing controller action with signature Microsoft.AspNetCore.Mvc.IActionResult Index() on controller MyShop.Controllers.HomeController (MyShop).
2024-10-18 13:20:52.813 +02:00 [INF] Executing ViewResult, running view Index.
2024-10-18 13:20:52.870 +02:00 [INF] Executed ViewResult - view Index executed in 57.0775ms.
2024-10-18 13:20:52.873 +02:00 [INF] Executed action MyShop.Controllers.HomeController.Index (MyShop) in 71.1323ms
2024-10-18 13:20:52.874 +02:00 [INF] Executed endpoint 'MyShop.Controllers.HomeController.Index (MyShop)'
2024-10-18 13:20:52.878 +02:00 [INF] Request finished HTTP/1.1 GET http://localhost:5017/ - 200 null text/html; charset=utf-8 112.9601ms
2024-10-18 13:20:52.892 +02:00 [INF] Request starting HTTP/1.1 GET http://localhost:5017/images/healthy.jpg - null null
2024-10-18 13:20:52.910 +02:00 [INF] Sending file. Request path: '/images/healthy.jpg'. Physical path: 'C:\TestMappe\ITPE3200_Exam_project\wwwroot\images\healthy.jpg'
2024-10-18 13:20:52.911 +02:00 [INF] Request finished HTTP/1.1 GET http://localhost:5017/images/healthy.jpg - 200 187496 image/jpeg 19.3989ms
2024-10-18 13:21:54.342 +02:00 [INF] Request starting HTTP/1.1 GET http://localhost:5017/Food/Index - null null
2024-10-18 13:21:54.346 +02:00 [INF] Request finished HTTP/1.1 GET http://localhost:5017/Food/Index - 404 0 null 3.9285ms
2024-10-18 13:21:54.347 +02:00 [INF] Request reached the end of the middleware pipeline without being handled by application code. Request path: GET http://localhost:5017/Food/Index, Response status code: 404
2024-10-18 13:22:03.017 +02:00 [INF] Request starting HTTP/1.1 GET http://localhost:5017/Item/Table - null null
2024-10-18 13:22:03.018 +02:00 [INF] Executing endpoint 'MyShop.Controllers.ItemController.Table (MyShop)'
2024-10-18 13:22:03.028 +02:00 [INF] Route matched with {action = "Table", controller = "Item"}. Executing controller action with signature System.Threading.Tasks.Task`1[Microsoft.AspNetCore.Mvc.IActionResult] Table() on controller MyShop.Controllers.ItemController (MyShop).
2024-10-18 13:22:03.332 +02:00 [INF] Executing ViewResult, running view Table.
2024-10-18 13:22:03.373 +02:00 [INF] Executed ViewResult - view Table executed in 45.0198ms.
2024-10-18 13:22:03.374 +02:00 [INF] Executed action MyShop.Controllers.ItemController.Table (MyShop) in 345.6744ms
2024-10-18 13:22:03.374 +02:00 [INF] Executed endpoint 'MyShop.Controllers.ItemController.Table (MyShop)'
2024-10-18 13:22:03.384 +02:00 [INF] Request finished HTTP/1.1 GET http://localhost:5017/Item/Table - 200 null text/html; charset=utf-8 367.0672ms
2024-10-18 13:22:05.500 +02:00 [INF] Request starting HTTP/1.1 GET http://localhost:5017/ - null null
2024-10-18 13:22:05.500 +02:00 [INF] Executing endpoint 'MyShop.Controllers.HomeController.Index (MyShop)'
2024-10-18 13:22:05.501 +02:00 [INF] Route matched with {action = "Index", controller = "Home"}. Executing controller action with signature Microsoft.AspNetCore.Mvc.IActionResult Index() on controller MyShop.Controllers.HomeController (MyShop).
2024-10-18 13:22:05.502 +02:00 [INF] Executing ViewResult, running view Index.
2024-10-18 13:22:05.504 +02:00 [INF] Executed ViewResult - view Index executed in 2.1898ms.
2024-10-18 13:22:05.504 +02:00 [INF] Executed action MyShop.Controllers.HomeController.Index (MyShop) in 2.7951ms
2024-10-18 13:22:05.504 +02:00 [INF] Executed endpoint 'MyShop.Controllers.HomeController.Index (MyShop)'
2024-10-18 13:22:05.505 +02:00 [INF] Request finished HTTP/1.1 GET http://localhost:5017/ - 200 null text/html; charset=utf-8 5.2457ms
2024-10-18 13:23:02.415 +02:00 [INF] Request starting HTTP/1.1 GET http://localhost:5017/Item/Table - null null
2024-10-18 13:23:02.418 +02:00 [INF] Executing endpoint 'MyShop.Controllers.ItemController.Table (MyShop)'
2024-10-18 13:23:02.418 +02:00 [INF] Route matched with {action = "Table", controller = "Item"}. Executing controller action with signature System.Threading.Tasks.Task`1[Microsoft.AspNetCore.Mvc.IActionResult] Table() on controller MyShop.Controllers.ItemController (MyShop).
2024-10-18 13:23:02.551 +02:00 [INF] Executing ViewResult, running view Table.
2024-10-18 13:23:02.555 +02:00 [INF] Executed ViewResult - view Table executed in 4.4392ms.
2024-10-18 13:23:02.556 +02:00 [INF] Executed action MyShop.Controllers.ItemController.Table (MyShop) in 137.3259ms
2024-10-18 13:23:02.556 +02:00 [INF] Executed endpoint 'MyShop.Controllers.ItemController.Table (MyShop)'
2024-10-18 13:23:02.556 +02:00 [INF] Request finished HTTP/1.1 GET http://localhost:5017/Item/Table - 200 null text/html; charset=utf-8 141.4396ms
2024-10-18 13:23:03.440 +02:00 [INF] Request starting HTTP/1.1 GET http://localhost:5017/Customer/Table - null null
2024-10-18 13:23:03.442 +02:00 [INF] Executing endpoint 'MyShop.Controllers.CustomerController.Table (MyShop)'
2024-10-18 13:23:03.446 +02:00 [INF] Route matched with {action = "Table", controller = "Customer"}. Executing controller action with signature System.Threading.Tasks.Task`1[Microsoft.AspNetCore.Mvc.IActionResult] Table() on controller MyShop.Controllers.CustomerController (MyShop).
2024-10-18 13:23:03.476 +02:00 [INF] Executing ViewResult, running view Table.
2024-10-18 13:23:03.640 +02:00 [INF] Executed ViewResult - view Table executed in 166.0053ms.
2024-10-18 13:23:03.641 +02:00 [INF] Executed action MyShop.Controllers.CustomerController.Table (MyShop) in 193.8052ms
2024-10-18 13:23:03.641 +02:00 [INF] Executed endpoint 'MyShop.Controllers.CustomerController.Table (MyShop)'
2024-10-18 13:23:03.641 +02:00 [INF] Request finished HTTP/1.1 GET http://localhost:5017/Customer/Table - 200 null text/html; charset=utf-8 201.3473ms
2024-10-18 13:23:06.092 +02:00 [INF] Request starting HTTP/1.1 GET http://localhost:5017/Item/Table - null null
2024-10-18 13:23:06.092 +02:00 [INF] Executing endpoint 'MyShop.Controllers.ItemController.Table (MyShop)'
2024-10-18 13:23:06.093 +02:00 [INF] Route matched with {action = "Table", controller = "Item"}. Executing controller action with signature System.Threading.Tasks.Task`1[Microsoft.AspNetCore.Mvc.IActionResult] Table() on controller MyShop.Controllers.ItemController (MyShop).
2024-10-18 13:23:06.096 +02:00 [INF] Executing ViewResult, running view Table.
2024-10-18 13:23:06.097 +02:00 [INF] Executed ViewResult - view Table executed in 1.4857ms.
2024-10-18 13:23:06.097 +02:00 [INF] Executed action MyShop.Controllers.ItemController.Table (MyShop) in 4.5346ms
2024-10-18 13:23:06.097 +02:00 [INF] Executed endpoint 'MyShop.Controllers.ItemController.Table (MyShop)'
2024-10-18 13:23:06.097 +02:00 [INF] Request finished HTTP/1.1 GET http://localhost:5017/Item/Table - 200 null text/html; charset=utf-8 5.1866ms
2024-10-18 13:23:09.637 +02:00 [INF] Request starting HTTP/1.1 GET http://localhost:5017/Customer/Table - null null
2024-10-18 13:23:09.637 +02:00 [INF] Executing endpoint 'MyShop.Controllers.CustomerController.Table (MyShop)'
2024-10-18 13:23:09.637 +02:00 [INF] Route matched with {action = "Table", controller = "Customer"}. Executing controller action with signature System.Threading.Tasks.Task`1[Microsoft.AspNetCore.Mvc.IActionResult] Table() on controller MyShop.Controllers.CustomerController (MyShop).
2024-10-18 13:23:09.639 +02:00 [INF] Executing ViewResult, running view Table.
2024-10-18 13:23:09.641 +02:00 [INF] Executed ViewResult - view Table executed in 2.3688ms.
2024-10-18 13:23:09.641 +02:00 [INF] Executed action MyShop.Controllers.CustomerController.Table (MyShop) in 3.9091ms
2024-10-18 13:23:09.641 +02:00 [INF] Executed endpoint 'MyShop.Controllers.CustomerController.Table (MyShop)'
2024-10-18 13:23:09.641 +02:00 [INF] Request finished HTTP/1.1 GET http://localhost:5017/Customer/Table - 200 null text/html; charset=utf-8 4.5568ms
2024-10-18 13:23:15.270 +02:00 [INF] Request starting HTTP/1.1 GET http://localhost:5017/Item/Table - null null
2024-10-18 13:23:15.270 +02:00 [INF] Executing endpoint 'MyShop.Controllers.ItemController.Table (MyShop)'
2024-10-18 13:23:15.270 +02:00 [INF] Route matched with {action = "Table", controller = "Item"}. Executing controller action with signature System.Threading.Tasks.Task`1[Microsoft.AspNetCore.Mvc.IActionResult] Table() on controller MyShop.Controllers.ItemController (MyShop).
2024-10-18 13:23:15.273 +02:00 [INF] Executing ViewResult, running view Table.
2024-10-18 13:23:15.273 +02:00 [INF] Executed ViewResult - view Table executed in 0.9221ms.
2024-10-18 13:23:15.274 +02:00 [INF] Executed action MyShop.Controllers.ItemController.Table (MyShop) in 3.3434ms
2024-10-18 13:23:15.274 +02:00 [INF] Executed endpoint 'MyShop.Controllers.ItemController.Table (MyShop)'
2024-10-18 13:23:15.274 +02:00 [INF] Request finished HTTP/1.1 GET http://localhost:5017/Item/Table - 200 null text/html; charset=utf-8 4.3872ms
2024-10-18 13:23:21.109 +02:00 [INF] Request starting HTTP/1.1 GET http://localhost:5017/ - null null
2024-10-18 13:23:21.109 +02:00 [INF] Executing endpoint 'MyShop.Controllers.HomeController.Index (MyShop)'
2024-10-18 13:23:21.109 +02:00 [INF] Route matched with {action = "Index", controller = "Home"}. Executing controller action with signature Microsoft.AspNetCore.Mvc.IActionResult Index() on controller MyShop.Controllers.HomeController (MyShop).
2024-10-18 13:23:21.110 +02:00 [INF] Executing ViewResult, running view Index.
2024-10-18 13:23:21.111 +02:00 [INF] Executed ViewResult - view Index executed in 0.8288ms.
2024-10-18 13:23:21.111 +02:00 [INF] Executed action MyShop.Controllers.HomeController.Index (MyShop) in 1.0871ms
2024-10-18 13:23:21.111 +02:00 [INF] Executed endpoint 'MyShop.Controllers.HomeController.Index (MyShop)'
2024-10-18 13:23:21.111 +02:00 [INF] Request finished HTTP/1.1 GET http://localhost:5017/ - 200 null text/html; charset=utf-8 1.7647ms
2024-10-18 13:23:21.134 +02:00 [INF] Request starting HTTP/1.1 GET http://localhost:5017/images/healthy.jpg - null null
2024-10-18 13:23:21.136 +02:00 [INF] The file /images/healthy.jpg was not modified
2024-10-18 13:23:21.137 +02:00 [INF] Request finished HTTP/1.1 GET http://localhost:5017/images/healthy.jpg - 304 null image/jpeg 2.3294ms
2024-10-18 13:23:38.772 +02:00 [INF] Request starting HTTP/1.1 GET http://localhost:5017/Item/Table - null null
2024-10-18 13:23:38.772 +02:00 [INF] Executing endpoint 'MyShop.Controllers.ItemController.Table (MyShop)'
2024-10-18 13:23:38.772 +02:00 [INF] Route matched with {action = "Table", controller = "Item"}. Executing controller action with signature System.Threading.Tasks.Task`1[Microsoft.AspNetCore.Mvc.IActionResult] Table() on controller MyShop.Controllers.ItemController (MyShop).
2024-10-18 13:23:38.776 +02:00 [INF] Executing ViewResult, running view Table.
2024-10-18 13:23:38.776 +02:00 [INF] Executed ViewResult - view Table executed in 0.8751ms.
2024-10-18 13:23:38.776 +02:00 [INF] Executed action MyShop.Controllers.ItemController.Table (MyShop) in 4.2664ms
2024-10-18 13:23:38.777 +02:00 [INF] Executed endpoint 'MyShop.Controllers.ItemController.Table (MyShop)'
2024-10-18 13:23:38.777 +02:00 [INF] Request finished HTTP/1.1 GET http://localhost:5017/Item/Table - 200 null text/html; charset=utf-8 4.8744ms
2024-10-18 13:23:39.959 +02:00 [INF] Request starting HTTP/1.1 GET http://localhost:5017/Customer/Table - null null
2024-10-18 13:23:39.959 +02:00 [INF] Executing endpoint 'MyShop.Controllers.CustomerController.Table (MyShop)'
2024-10-18 13:23:39.960 +02:00 [INF] Route matched with {action = "Table", controller = "Customer"}. Executing controller action with signature System.Threading.Tasks.Task`1[Microsoft.AspNetCore.Mvc.IActionResult] Table() on controller MyShop.Controllers.CustomerController (MyShop).
2024-10-18 13:23:39.962 +02:00 [INF] Executing ViewResult, running view Table.
2024-10-18 13:23:39.967 +02:00 [INF] Executed ViewResult - view Table executed in 5.1814ms.
2024-10-18 13:23:39.968 +02:00 [INF] Executed action MyShop.Controllers.CustomerController.Table (MyShop) in 7.8727ms
2024-10-18 13:23:39.968 +02:00 [INF] Executed endpoint 'MyShop.Controllers.CustomerController.Table (MyShop)'
2024-10-18 13:23:39.968 +02:00 [INF] Request finished HTTP/1.1 GET http://localhost:5017/Customer/Table - 200 null text/html; charset=utf-8 8.6901ms
2024-10-18 13:23:41.200 +02:00 [INF] Request starting HTTP/1.1 GET http://localhost:5017/Item/Table - null null
2024-10-18 13:23:41.200 +02:00 [INF] Executing endpoint 'MyShop.Controllers.ItemController.Table (MyShop)'
2024-10-18 13:23:41.200 +02:00 [INF] Route matched with {action = "Table", controller = "Item"}. Executing controller action with signature System.Threading.Tasks.Task`1[Microsoft.AspNetCore.Mvc.IActionResult] Table() on controller MyShop.Controllers.ItemController (MyShop).
2024-10-18 13:23:41.204 +02:00 [INF] Executing ViewResult, running view Table.
2024-10-18 13:23:41.205 +02:00 [INF] Executed ViewResult - view Table executed in 1.1008ms.
2024-10-18 13:23:41.205 +02:00 [INF] Executed action MyShop.Controllers.ItemController.Table (MyShop) in 4.4623ms
2024-10-18 13:23:41.205 +02:00 [INF] Executed endpoint 'MyShop.Controllers.ItemController.Table (MyShop)'
2024-10-18 13:23:41.205 +02:00 [INF] Request finished HTTP/1.1 GET http://localhost:5017/Item/Table - 200 null text/html; charset=utf-8 5.1509ms
2024-10-18 13:23:42.299 +02:00 [INF] Request starting HTTP/1.1 GET http://localhost:5017/Customer/Table - null null
2024-10-18 13:23:42.300 +02:00 [INF] Executing endpoint 'MyShop.Controllers.CustomerController.Table (MyShop)'
2024-10-18 13:23:42.300 +02:00 [INF] Route matched with {action = "Table", controller = "Customer"}. Executing controller action with signature System.Threading.Tasks.Task`1[Microsoft.AspNetCore.Mvc.IActionResult] Table() on controller MyShop.Controllers.CustomerController (MyShop).
2024-10-18 13:23:42.303 +02:00 [INF] Executing ViewResult, running view Table.
2024-10-18 13:23:42.307 +02:00 [INF] Executed ViewResult - view Table executed in 4.2714ms.
2024-10-18 13:23:42.307 +02:00 [INF] Executed action MyShop.Controllers.CustomerController.Table (MyShop) in 7.1949ms
2024-10-18 13:23:42.307 +02:00 [INF] Executed endpoint 'MyShop.Controllers.CustomerController.Table (MyShop)'
2024-10-18 13:23:42.307 +02:00 [INF] Request finished HTTP/1.1 GET http://localhost:5017/Customer/Table - 200 null text/html; charset=utf-8 7.8996ms
2024-10-18 13:23:42.904 +02:00 [INF] Request starting HTTP/1.1 GET http://localhost:5017/Item/Table - null null
2024-10-18 13:23:42.904 +02:00 [INF] Executing endpoint 'MyShop.Controllers.ItemController.Table (MyShop)'
2024-10-18 13:23:42.905 +02:00 [INF] Route matched with {action = "Table", controller = "Item"}. Executing controller action with signature System.Threading.Tasks.Task`1[Microsoft.AspNetCore.Mvc.IActionResult] Table() on controller MyShop.Controllers.ItemController (MyShop).
2024-10-18 13:23:42.907 +02:00 [INF] Executing ViewResult, running view Table.
2024-10-18 13:23:42.908 +02:00 [INF] Executed ViewResult - view Table executed in 0.9312ms.
2024-10-18 13:23:42.908 +02:00 [INF] Executed action MyShop.Controllers.ItemController.Table (MyShop) in 3.7945ms
2024-10-18 13:23:42.909 +02:00 [INF] Executed endpoint 'MyShop.Controllers.ItemController.Table (MyShop)'
2024-10-18 13:23:42.909 +02:00 [INF] Request finished HTTP/1.1 GET http://localhost:5017/Item/Table - 200 null text/html; charset=utf-8 4.7998ms
2024-10-18 13:23:43.672 +02:00 [INF] Request starting HTTP/1.1 GET http://localhost:5017/ - null null
2024-10-18 13:23:43.672 +02:00 [INF] Executing endpoint 'MyShop.Controllers.HomeController.Index (MyShop)'
2024-10-18 13:23:43.673 +02:00 [INF] Route matched with {action = "Index", controller = "Home"}. Executing controller action with signature Microsoft.AspNetCore.Mvc.IActionResult Index() on controller MyShop.Controllers.HomeController (MyShop).
2024-10-18 13:23:43.673 +02:00 [INF] Executing ViewResult, running view Index.
2024-10-18 13:23:43.674 +02:00 [INF] Executed ViewResult - view Index executed in 0.9995ms.
2024-10-18 13:23:43.674 +02:00 [INF] Executed action MyShop.Controllers.HomeController.Index (MyShop) in 1.3614ms
2024-10-18 13:23:43.674 +02:00 [INF] Executed endpoint 'MyShop.Controllers.HomeController.Index (MyShop)'
2024-10-18 13:23:43.674 +02:00 [INF] Request finished HTTP/1.1 GET http://localhost:5017/ - 200 null text/html; charset=utf-8 2.1755ms
2024-10-18 13:23:44.870 +02:00 [INF] Request starting HTTP/1.1 GET http://localhost:5017/Customer/Table - null null
2024-10-18 13:23:44.870 +02:00 [INF] Executing endpoint 'MyShop.Controllers.CustomerController.Table (MyShop)'
2024-10-18 13:23:44.870 +02:00 [INF] Route matched with {action = "Table", controller = "Customer"}. Executing controller action with signature System.Threading.Tasks.Task`1[Microsoft.AspNetCore.Mvc.IActionResult] Table() on controller MyShop.Controllers.CustomerController (MyShop).
2024-10-18 13:23:44.872 +02:00 [INF] Executing ViewResult, running view Table.
2024-10-18 13:23:44.876 +02:00 [INF] Executed ViewResult - view Table executed in 3.57ms.
2024-10-18 13:23:44.876 +02:00 [INF] Executed action MyShop.Controllers.CustomerController.Table (MyShop) in 5.1755ms
2024-10-18 13:23:44.876 +02:00 [INF] Executed endpoint 'MyShop.Controllers.CustomerController.Table (MyShop)'
2024-10-18 13:23:44.876 +02:00 [INF] Request finished HTTP/1.1 GET http://localhost:5017/Customer/Table - 200 null text/html; charset=utf-8 6.3348ms
2024-10-18 13:23:45.397 +02:00 [INF] Request starting HTTP/1.1 GET http://localhost:5017/Item/Table - null null
2024-10-18 13:23:45.398 +02:00 [INF] Executing endpoint 'MyShop.Controllers.ItemController.Table (MyShop)'
2024-10-18 13:23:45.398 +02:00 [INF] Route matched with {action = "Table", controller = "Item"}. Executing controller action with signature System.Threading.Tasks.Task`1[Microsoft.AspNetCore.Mvc.IActionResult] Table() on controller MyShop.Controllers.ItemController (MyShop).
2024-10-18 13:23:45.400 +02:00 [INF] Executing ViewResult, running view Table.
2024-10-18 13:23:45.401 +02:00 [INF] Executed ViewResult - view Table executed in 1.1333ms.
2024-10-18 13:23:45.401 +02:00 [INF] Executed action MyShop.Controllers.ItemController.Table (MyShop) in 2.9281ms
2024-10-18 13:23:45.401 +02:00 [INF] Executed endpoint 'MyShop.Controllers.ItemController.Table (MyShop)'
2024-10-18 13:23:45.401 +02:00 [INF] Request finished HTTP/1.1 GET http://localhost:5017/Item/Table - 200 null text/html; charset=utf-8 3.4478ms
2024-10-18 13:24:03.193 +02:00 [INF] Request starting HTTP/1.1 GET http://localhost:5017/Customer/Table - null null
2024-10-18 13:24:03.193 +02:00 [INF] Executing endpoint 'MyShop.Controllers.CustomerController.Table (MyShop)'
2024-10-18 13:24:03.194 +02:00 [INF] Route matched with {action = "Table", controller = "Customer"}. Executing controller action with signature System.Threading.Tasks.Task`1[Microsoft.AspNetCore.Mvc.IActionResult] Table() on controller MyShop.Controllers.CustomerController (MyShop).
2024-10-18 13:24:03.195 +02:00 [INF] Executing ViewResult, running view Table.
2024-10-18 13:24:03.201 +02:00 [INF] Executed ViewResult - view Table executed in 5.7652ms.
2024-10-18 13:24:03.201 +02:00 [INF] Executed action MyShop.Controllers.CustomerController.Table (MyShop) in 7.7312ms
2024-10-18 13:24:03.201 +02:00 [INF] Executed endpoint 'MyShop.Controllers.CustomerController.Table (MyShop)'
2024-10-18 13:24:03.202 +02:00 [INF] Request finished HTTP/1.1 GET http://localhost:5017/Customer/Table - 200 null text/html; charset=utf-8 8.6616ms
2024-10-18 13:24:15.823 +02:00 [INF] Request starting HTTP/1.1 GET http://localhost:5017/Item/Table - null null
2024-10-18 13:24:15.823 +02:00 [INF] Executing endpoint 'MyShop.Controllers.ItemController.Table (MyShop)'
2024-10-18 13:24:15.823 +02:00 [INF] Route matched with {action = "Table", controller = "Item"}. Executing controller action with signature System.Threading.Tasks.Task`1[Microsoft.AspNetCore.Mvc.IActionResult] Table() on controller MyShop.Controllers.ItemController (MyShop).
2024-10-18 13:24:15.827 +02:00 [INF] Executing ViewResult, running view Table.
2024-10-18 13:24:15.827 +02:00 [INF] Executed ViewResult - view Table executed in 1.0337ms.
2024-10-18 13:24:15.827 +02:00 [INF] Executed action MyShop.Controllers.ItemController.Table (MyShop) in 4.3361ms
2024-10-18 13:24:15.828 +02:00 [INF] Executed endpoint 'MyShop.Controllers.ItemController.Table (MyShop)'
2024-10-18 13:24:15.828 +02:00 [INF] Request finished HTTP/1.1 GET http://localhost:5017/Item/Table - 200 null text/html; charset=utf-8 5.2538ms
2024-10-18 13:24:21.809 +02:00 [INF] Request starting HTTP/1.1 GET http://localhost:5017/ - null null
2024-10-18 13:24:21.809 +02:00 [INF] Executing endpoint 'MyShop.Controllers.HomeController.Index (MyShop)'
2024-10-18 13:24:21.809 +02:00 [INF] Route matched with {action = "Index", controller = "Home"}. Executing controller action with signature Microsoft.AspNetCore.Mvc.IActionResult Index() on controller MyShop.Controllers.HomeController (MyShop).
2024-10-18 13:24:21.809 +02:00 [INF] Executing ViewResult, running view Index.
2024-10-18 13:24:21.810 +02:00 [INF] Executed ViewResult - view Index executed in 0.447ms.
2024-10-18 13:24:21.810 +02:00 [INF] Executed action MyShop.Controllers.HomeController.Index (MyShop) in 0.5944ms
2024-10-18 13:24:21.810 +02:00 [INF] Executed endpoint 'MyShop.Controllers.HomeController.Index (MyShop)'
2024-10-18 13:24:21.810 +02:00 [INF] Request finished HTTP/1.1 GET http://localhost:5017/ - 200 null text/html; charset=utf-8 1.1657ms
2024-10-18 13:24:58.035 +02:00 [INF] Request starting HTTP/1.1 GET http://localhost:5017/ - null null
2024-10-18 13:24:58.035 +02:00 [INF] Executing endpoint 'MyShop.Controllers.HomeController.Index (MyShop)'
2024-10-18 13:24:58.036 +02:00 [INF] Route matched with {action = "Index", controller = "Home"}. Executing controller action with signature Microsoft.AspNetCore.Mvc.IActionResult Index() on controller MyShop.Controllers.HomeController (MyShop).
2024-10-18 13:24:58.036 +02:00 [INF] Executing ViewResult, running view Index.
2024-10-18 13:24:58.037 +02:00 [INF] Executed ViewResult - view Index executed in 0.6809ms.
2024-10-18 13:24:58.037 +02:00 [INF] Executed action MyShop.Controllers.HomeController.Index (MyShop) in 1.1138ms
2024-10-18 13:24:58.037 +02:00 [INF] Executed endpoint 'MyShop.Controllers.HomeController.Index (MyShop)'
2024-10-18 13:24:58.037 +02:00 [INF] Request finished HTTP/1.1 GET http://localhost:5017/ - 200 null text/html; charset=utf-8 1.9608ms
2024-10-18 13:24:58.062 +02:00 [INF] Request starting HTTP/1.1 GET http://localhost:5017/images/healthy.jpg - null null
2024-10-18 13:24:58.063 +02:00 [INF] The file /images/healthy.jpg was not modified
2024-10-18 13:24:58.063 +02:00 [INF] Request finished HTTP/1.1 GET http://localhost:5017/images/healthy.jpg - 304 null image/jpeg 1.5739ms
2024-10-18 13:24:59.044 +02:00 [INF] Request starting HTTP/1.1 GET http://localhost:5017/Item/Table - null null
2024-10-18 13:24:59.045 +02:00 [INF] Executing endpoint 'MyShop.Controllers.ItemController.Table (MyShop)'
2024-10-18 13:24:59.045 +02:00 [INF] Route matched with {action = "Table", controller = "Item"}. Executing controller action with signature System.Threading.Tasks.Task`1[Microsoft.AspNetCore.Mvc.IActionResult] Table() on controller MyShop.Controllers.ItemController (MyShop).
2024-10-18 13:24:59.048 +02:00 [INF] Executing ViewResult, running view Table.
2024-10-18 13:24:59.049 +02:00 [INF] Executed ViewResult - view Table executed in 1.5903ms.
2024-10-18 13:24:59.050 +02:00 [INF] Executed action MyShop.Controllers.ItemController.Table (MyShop) in 4.5449ms
2024-10-18 13:24:59.050 +02:00 [INF] Executed endpoint 'MyShop.Controllers.ItemController.Table (MyShop)'
2024-10-18 13:24:59.051 +02:00 [INF] Request finished HTTP/1.1 GET http://localhost:5017/Item/Table - 200 null text/html; charset=utf-8 6.3108ms
2024-10-18 13:25:10.664 +02:00 [INF] Request starting HTTP/1.1 GET http://localhost:5017/Customer/Table - null null
2024-10-18 13:25:10.664 +02:00 [INF] Executing endpoint 'MyShop.Controllers.CustomerController.Table (MyShop)'
2024-10-18 13:25:10.664 +02:00 [INF] Route matched with {action = "Table", controller = "Customer"}. Executing controller action with signature System.Threading.Tasks.Task`1[Microsoft.AspNetCore.Mvc.IActionResult] Table() on controller MyShop.Controllers.CustomerController (MyShop).
2024-10-18 13:25:10.666 +02:00 [INF] Executing ViewResult, running view Table.
2024-10-18 13:25:10.669 +02:00 [INF] Executed ViewResult - view Table executed in 2.8889ms.
2024-10-18 13:25:10.669 +02:00 [INF] Executed action MyShop.Controllers.CustomerController.Table (MyShop) in 4.7139ms
2024-10-18 13:25:10.669 +02:00 [INF] Executed endpoint 'MyShop.Controllers.CustomerController.Table (MyShop)'
2024-10-18 13:25:10.669 +02:00 [INF] Request finished HTTP/1.1 GET http://localhost:5017/Customer/Table - 200 null text/html; charset=utf-8 5.3132ms
