2024-11-04 12:41:17.157 +01:00 [INF] User profile is available. Using 'C:\Users\jovan\AppData\Local\ASP.NET\DataProtection-Keys' as key repository and Windows DPAPI to encrypt keys at rest.
2024-11-04 12:41:17.392 +01:00 [INF] Now listening on: https://localhost:7132
2024-11-04 12:41:17.394 +01:00 [INF] Now listening on: http://localhost:5017
2024-11-04 12:41:17.402 +01:00 [INF] Application started. Press Ctrl+C to shut down.
2024-11-04 12:41:17.404 +01:00 [INF] Hosting environment: Development
2024-11-04 12:41:17.406 +01:00 [INF] Content root path: C:\TestMappe\Eksamen\ITPE3200_Exam_project
2024-11-04 12:41:17.555 +01:00 [INF] Request starting HTTP/1.1 GET http://localhost:5017/ - null null
2024-11-04 12:41:17.619 +01:00 [INF] Identity.Application was not authenticated. Failure message: Unprotect ticket failed
2024-11-04 12:41:17.626 +01:00 [INF] Executing endpoint 'MyShop.Controllers.HomeController.Index (MyShop)'
2024-11-04 12:41:17.641 +01:00 [INF] Route matched with {action = "Index", controller = "Home", page = "", area = ""}. Executing controller action with signature Microsoft.AspNetCore.Mvc.IActionResult Index() on controller MyShop.Controllers.HomeController (MyShop).
2024-11-04 12:41:17.651 +01:00 [INF] Executing ViewResult, running view Index.
2024-11-04 12:41:17.750 +01:00 [INF] Executed ViewResult - view Index executed in 100.4928ms.
2024-11-04 12:41:17.753 +01:00 [INF] Executed action MyShop.Controllers.HomeController.Index (MyShop) in 111.8869ms
2024-11-04 12:41:17.753 +01:00 [INF] Executed endpoint 'MyShop.Controllers.HomeController.Index (MyShop)'
2024-11-04 12:41:17.760 +01:00 [INF] Request finished HTTP/1.1 GET http://localhost:5017/ - 200 null text/html; charset=utf-8 204.6309ms
2024-11-04 12:41:23.362 +01:00 [INF] Request starting HTTP/1.1 GET http://localhost:5017/Item/Grid - null null
2024-11-04 12:41:23.367 +01:00 [INF] Identity.Application was not authenticated. Failure message: Unprotect ticket failed
2024-11-04 12:41:23.368 +01:00 [INF] Executing endpoint 'MyShop.Controllers.ItemController.Grid (MyShop)'
2024-11-04 12:41:23.382 +01:00 [INF] Route matched with {action = "Grid", controller = "Item", page = "", area = ""}. Executing controller action with signature System.Threading.Tasks.Task`1[Microsoft.AspNetCore.Mvc.IActionResult] Grid() on controller MyShop.Controllers.ItemController (MyShop).
2024-11-04 12:41:23.795 +01:00 [INF] Executing ViewResult, running view Grid.
2024-11-04 12:41:23.819 +01:00 [INF] Executed ViewResult - view Grid executed in 25.2165ms.
2024-11-04 12:41:23.819 +01:00 [INF] Executed action MyShop.Controllers.ItemController.Grid (MyShop) in 436.5373ms
2024-11-04 12:41:23.819 +01:00 [INF] Executed endpoint 'MyShop.Controllers.ItemController.Grid (MyShop)'
2024-11-04 12:41:23.826 +01:00 [INF] Request finished HTTP/1.1 GET http://localhost:5017/Item/Grid - 200 null text/html; charset=utf-8 464.4674ms
2024-11-04 12:41:25.224 +01:00 [INF] Request starting HTTP/1.1 GET http://localhost:5017/Customer/Table - null null
2024-11-04 12:41:25.232 +01:00 [INF] Identity.Application was not authenticated. Failure message: Unprotect ticket failed
2024-11-04 12:41:25.232 +01:00 [INF] Executing endpoint 'MyShop.Controllers.CustomerController.Table (MyShop)'
2024-11-04 12:41:25.241 +01:00 [INF] Route matched with {action = "Table", controller = "Customer", page = "", area = ""}. Executing controller action with signature System.Threading.Tasks.Task`1[Microsoft.AspNetCore.Mvc.IActionResult] Table() on controller MyShop.Controllers.CustomerController (MyShop).
2024-11-04 12:41:25.406 +01:00 [INF] Executing ViewResult, running view Table.
2024-11-04 12:41:25.642 +01:00 [INF] Executed ViewResult - view Table executed in 237.7942ms.
2024-11-04 12:41:25.643 +01:00 [INF] Executed action MyShop.Controllers.CustomerController.Table (MyShop) in 401.1869ms
2024-11-04 12:41:25.643 +01:00 [INF] Executed endpoint 'MyShop.Controllers.CustomerController.Table (MyShop)'
2024-11-04 12:41:25.643 +01:00 [INF] Request finished HTTP/1.1 GET http://localhost:5017/Customer/Table - 200 null text/html; charset=utf-8 419.404ms
2024-11-04 12:41:27.220 +01:00 [INF] Request starting HTTP/1.1 GET http://localhost:5017/Identity/Account/Login - null null
2024-11-04 12:41:27.222 +01:00 [INF] Identity.Application was not authenticated. Failure message: Unprotect ticket failed
2024-11-04 12:41:27.222 +01:00 [INF] Executing endpoint '/Account/Login'
2024-11-04 12:41:27.256 +01:00 [INF] Route matched with {page = "/Account/Login", area = "Identity", action = "", controller = ""}. Executing page /Account/Login
2024-11-04 12:41:27.300 +01:00 [INF] Executing handler method MyShop.Areas.Identity.Pages.Account.LoginModel.OnGetAsync - ModelState is "Valid"
2024-11-04 12:41:27.314 +01:00 [INF] AuthenticationScheme: Identity.External signed out.
2024-11-04 12:41:27.317 +01:00 [INF] Executed handler method OnGetAsync, returned result .
2024-11-04 12:41:27.323 +01:00 [INF] Executing an implicit handler method - ModelState is "Valid"
2024-11-04 12:41:27.323 +01:00 [INF] Executed an implicit handler method, returned result Microsoft.AspNetCore.Mvc.RazorPages.PageResult.
2024-11-04 12:41:27.418 +01:00 [INF] Executed page /Account/Login in 161.133ms
2024-11-04 12:41:27.418 +01:00 [INF] Executed endpoint '/Account/Login'
2024-11-04 12:41:27.418 +01:00 [INF] Request finished HTTP/1.1 GET http://localhost:5017/Identity/Account/Login - 200 null text/html; charset=utf-8 198.2627ms
2024-11-04 12:41:27.442 +01:00 [INF] Request starting HTTP/1.1 GET http://localhost:5017/lib/jquery-validation/dist/jquery.validate.min.js - null null
2024-11-04 12:41:27.444 +01:00 [INF] Request starting HTTP/1.1 GET http://localhost:5017/lib/jquery-validation-unobtrusive/jquery.validate.unobtrusive.min.js - null null
2024-11-04 12:41:27.445 +01:00 [INF] Identity.Application was not authenticated. Failure message: Unprotect ticket failed
2024-11-04 12:41:27.445 +01:00 [INF] Identity.Application was not authenticated. Failure message: Unprotect ticket failed
2024-11-04 12:41:27.446 +01:00 [INF] Request finished HTTP/1.1 GET http://localhost:5017/lib/jquery-validation-unobtrusive/jquery.validate.unobtrusive.min.js - 404 0 null 1.9609ms
2024-11-04 12:41:27.446 +01:00 [INF] Request finished HTTP/1.1 GET http://localhost:5017/lib/jquery-validation/dist/jquery.validate.min.js - 404 0 null 4.4367ms
2024-11-04 12:41:27.449 +01:00 [INF] Request reached the end of the middleware pipeline without being handled by application code. Request path: GET http://localhost:5017/lib/jquery-validation/dist/jquery.validate.min.js, Response status code: 404
2024-11-04 12:41:27.449 +01:00 [INF] Request reached the end of the middleware pipeline without being handled by application code. Request path: GET http://localhost:5017/lib/jquery-validation-unobtrusive/jquery.validate.unobtrusive.min.js, Response status code: 404
