2024-10-22 15:02:04.502 +02:00 [INF] User profile is available. Using 'C:\Users\Hadle\AppData\Local\ASP.NET\DataProtection-Keys' as key repository and Windows DPAPI to encrypt keys at rest.
2024-10-22 15:02:04.640 +02:00 [INF] Now listening on: http://localhost:5017
2024-10-22 15:02:04.644 +02:00 [INF] Application started. Press Ctrl+C to shut down.
2024-10-22 15:02:04.645 +02:00 [INF] Hosting environment: Development
2024-10-22 15:02:04.645 +02:00 [INF] Content root path: C:\ITPE3200\ITPE3200_Exam_project-main\ITPE3200_Exam_project-main\ITPE3200_Exam_project
2024-10-22 15:02:05.988 +02:00 [INF] Request starting HTTP/1.1 GET http://localhost:5017/ - null null
2024-10-22 15:02:06.029 +02:00 [INF] Executing endpoint 'MyShop.Controllers.HomeController.Index (MyShop)'
2024-10-22 15:02:06.039 +02:00 [INF] Route matched with {action = "Index", controller = "Home", page = "", area = ""}. Executing controller action with signature Microsoft.AspNetCore.Mvc.IActionResult Index() on controller MyShop.Controllers.HomeController (MyShop).
2024-10-22 15:02:06.047 +02:00 [INF] Executing ViewResult, running view Index.
2024-10-22 15:02:06.132 +02:00 [INF] Executed ViewResult - view Index executed in 86.0401ms.
2024-10-22 15:02:06.134 +02:00 [INF] Executed action MyShop.Controllers.HomeController.Index (MyShop) in 94.1151ms
2024-10-22 15:02:06.134 +02:00 [INF] Executed endpoint 'MyShop.Controllers.HomeController.Index (MyShop)'
2024-10-22 15:02:06.138 +02:00 [INF] Request finished HTTP/1.1 GET http://localhost:5017/ - 200 null text/html; charset=utf-8 152.6023ms
2024-10-22 15:02:07.282 +02:00 [INF] Request starting HTTP/1.1 GET http://localhost:5017/Item/Grid - null null
2024-10-22 15:02:07.285 +02:00 [INF] Executing endpoint 'MyShop.Controllers.ItemController.Grid (MyShop)'
2024-10-22 15:02:07.290 +02:00 [INF] Route matched with {action = "Grid", controller = "Item", page = "", area = ""}. Executing controller action with signature System.Threading.Tasks.Task`1[Microsoft.AspNetCore.Mvc.IActionResult] Grid() on controller MyShop.Controllers.ItemController (MyShop).
2024-10-22 15:02:07.394 +02:00 [INF] Executing ViewResult, running view Grid.
2024-10-22 15:02:07.401 +02:00 [INF] Executed ViewResult - view Grid executed in 7.8318ms.
2024-10-22 15:02:07.401 +02:00 [INF] Executed action MyShop.Controllers.ItemController.Grid (MyShop) in 111.4348ms
2024-10-22 15:02:07.401 +02:00 [INF] Executed endpoint 'MyShop.Controllers.ItemController.Grid (MyShop)'
2024-10-22 15:02:07.404 +02:00 [INF] Request finished HTTP/1.1 GET http://localhost:5017/Item/Grid - 200 null text/html; charset=utf-8 121.9584ms
2024-10-22 15:02:08.266 +02:00 [INF] Request starting HTTP/1.1 GET http://localhost:5017/Item/Table - null null
2024-10-22 15:02:08.269 +02:00 [INF] Executing endpoint 'MyShop.Controllers.ItemController.Table (MyShop)'
2024-10-22 15:02:08.272 +02:00 [INF] Route matched with {action = "Table", controller = "Item", page = "", area = ""}. Executing controller action with signature System.Threading.Tasks.Task`1[Microsoft.AspNetCore.Mvc.IActionResult] Table() on controller MyShop.Controllers.ItemController (MyShop).
2024-10-22 15:02:08.312 +02:00 [INF] Executing ViewResult, running view Table.
2024-10-22 15:02:08.330 +02:00 [INF] Executed ViewResult - view Table executed in 18.019ms.
2024-10-22 15:02:08.330 +02:00 [INF] Executed action MyShop.Controllers.ItemController.Table (MyShop) in 58.0261ms
2024-10-22 15:02:08.330 +02:00 [INF] Executed endpoint 'MyShop.Controllers.ItemController.Table (MyShop)'
2024-10-22 15:02:08.330 +02:00 [INF] Request finished HTTP/1.1 GET http://localhost:5017/Item/Table - 200 null text/html; charset=utf-8 64.084ms
2024-10-22 15:02:20.684 +02:00 [INF] Request starting HTTP/1.1 GET http://localhost:5017/Item/Grid - null null
2024-10-22 15:02:20.684 +02:00 [INF] Executing endpoint 'MyShop.Controllers.ItemController.Grid (MyShop)'
2024-10-22 15:02:20.685 +02:00 [INF] Route matched with {action = "Grid", controller = "Item", page = "", area = ""}. Executing controller action with signature System.Threading.Tasks.Task`1[Microsoft.AspNetCore.Mvc.IActionResult] Grid() on controller MyShop.Controllers.ItemController (MyShop).
2024-10-22 15:02:20.687 +02:00 [INF] Executing ViewResult, running view Grid.
2024-10-22 15:02:20.689 +02:00 [INF] Executed ViewResult - view Grid executed in 1.7992ms.
2024-10-22 15:02:20.689 +02:00 [INF] Executed action MyShop.Controllers.ItemController.Grid (MyShop) in 4.6307ms
2024-10-22 15:02:20.689 +02:00 [INF] Executed endpoint 'MyShop.Controllers.ItemController.Grid (MyShop)'
2024-10-22 15:02:20.690 +02:00 [INF] Request finished HTTP/1.1 GET http://localhost:5017/Item/Grid - 200 null text/html; charset=utf-8 5.6205ms
2024-10-22 15:02:22.100 +02:00 [INF] Request starting HTTP/1.1 GET http://localhost:5017/Item/Table - null null
2024-10-22 15:02:22.100 +02:00 [INF] Executing endpoint 'MyShop.Controllers.ItemController.Table (MyShop)'
2024-10-22 15:02:22.101 +02:00 [INF] Route matched with {action = "Table", controller = "Item", page = "", area = ""}. Executing controller action with signature System.Threading.Tasks.Task`1[Microsoft.AspNetCore.Mvc.IActionResult] Table() on controller MyShop.Controllers.ItemController (MyShop).
2024-10-22 15:02:22.102 +02:00 [INF] Executing ViewResult, running view Table.
2024-10-22 15:02:22.104 +02:00 [INF] Executed ViewResult - view Table executed in 1.5379ms.
2024-10-22 15:02:22.104 +02:00 [INF] Executed action MyShop.Controllers.ItemController.Table (MyShop) in 3.0988ms
2024-10-22 15:02:22.104 +02:00 [INF] Executed endpoint 'MyShop.Controllers.ItemController.Table (MyShop)'
2024-10-22 15:02:22.104 +02:00 [INF] Request finished HTTP/1.1 GET http://localhost:5017/Item/Table - 200 null text/html; charset=utf-8 3.8132ms
2024-10-22 15:02:22.127 +02:00 [INF] Request starting HTTP/1.1 GET http://localhost:5017/images/grid-view.png - null null
2024-10-22 15:02:22.131 +02:00 [INF] The file /images/grid-view.png was not modified
2024-10-22 15:02:22.132 +02:00 [INF] Request finished HTTP/1.1 GET http://localhost:5017/images/grid-view.png - 304 null image/png 5.1429ms
2024-10-22 15:03:02.653 +02:00 [INF] Request starting HTTP/1.1 GET http://localhost:5017/Item/Grid - null null
2024-10-22 15:03:02.653 +02:00 [INF] Executing endpoint 'MyShop.Controllers.ItemController.Grid (MyShop)'
2024-10-22 15:03:02.653 +02:00 [INF] Route matched with {action = "Grid", controller = "Item", page = "", area = ""}. Executing controller action with signature System.Threading.Tasks.Task`1[Microsoft.AspNetCore.Mvc.IActionResult] Grid() on controller MyShop.Controllers.ItemController (MyShop).
2024-10-22 15:03:02.655 +02:00 [INF] Executing ViewResult, running view Grid.
2024-10-22 15:03:02.655 +02:00 [INF] Executed ViewResult - view Grid executed in 0.6413ms.
2024-10-22 15:03:02.655 +02:00 [INF] Executed action MyShop.Controllers.ItemController.Grid (MyShop) in 2.1588ms
2024-10-22 15:03:02.655 +02:00 [INF] Executed endpoint 'MyShop.Controllers.ItemController.Grid (MyShop)'
2024-10-22 15:03:02.656 +02:00 [INF] Request finished HTTP/1.1 GET http://localhost:5017/Item/Grid - 200 null text/html; charset=utf-8 2.9565ms
2024-10-22 15:03:02.691 +02:00 [INF] Request starting HTTP/1.1 GET http://localhost:5017/images/table.png - null null
2024-10-22 15:03:02.691 +02:00 [INF] The file /images/table.png was not modified
2024-10-22 15:03:02.692 +02:00 [INF] Request finished HTTP/1.1 GET http://localhost:5017/images/table.png - 304 null image/png 0.9714ms
2024-10-22 15:03:03.510 +02:00 [INF] Request starting HTTP/1.1 GET http://localhost:5017/Item/Table - null null
2024-10-22 15:03:03.510 +02:00 [INF] Executing endpoint 'MyShop.Controllers.ItemController.Table (MyShop)'
2024-10-22 15:03:03.510 +02:00 [INF] Route matched with {action = "Table", controller = "Item", page = "", area = ""}. Executing controller action with signature System.Threading.Tasks.Task`1[Microsoft.AspNetCore.Mvc.IActionResult] Table() on controller MyShop.Controllers.ItemController (MyShop).
2024-10-22 15:03:03.512 +02:00 [INF] Executing ViewResult, running view Table.
2024-10-22 15:03:03.513 +02:00 [INF] Executed ViewResult - view Table executed in 1.3044ms.
2024-10-22 15:03:03.513 +02:00 [INF] Executed action MyShop.Controllers.ItemController.Table (MyShop) in 3.0642ms
2024-10-22 15:03:03.513 +02:00 [INF] Executed endpoint 'MyShop.Controllers.ItemController.Table (MyShop)'
2024-10-22 15:03:03.514 +02:00 [INF] Request finished HTTP/1.1 GET http://localhost:5017/Item/Table - 200 null text/html; charset=utf-8 3.803ms
2024-10-22 15:03:35.209 +02:00 [INF] Application is shutting down...
