2024-11-04 12:51:59.944 +01:00 [INF] User profile is available. Using 'C:\Users\Hadle\AppData\Local\ASP.NET\DataProtection-Keys' as key repository and Windows DPAPI to encrypt keys at rest.
2024-11-04 12:52:00.080 +01:00 [INF] Now listening on: http://localhost:5017
2024-11-04 12:52:00.083 +01:00 [INF] Application started. Press Ctrl+C to shut down.
2024-11-04 12:52:00.084 +01:00 [INF] Hosting environment: Development
2024-11-04 12:52:00.084 +01:00 [INF] Content root path: C:\ITPE3200\ITPE3200_Exam_project-main\ITPE3200_Exam_project-main\ITPE3200_Exam_project
2024-11-04 12:52:01.836 +01:00 [INF] Request starting HTTP/1.1 GET http://localhost:5017/ - null null
2024-11-04 12:52:01.872 +01:00 [INF] Executing endpoint 'MyShop.Controllers.HomeController.Index (MyShop)'
2024-11-04 12:52:01.881 +01:00 [INF] Route matched with {action = "Index", controller = "Home", page = "", area = ""}. Executing controller action with signature Microsoft.AspNetCore.Mvc.IActionResult Index() on controller MyShop.Controllers.HomeController (MyShop).
2024-11-04 12:52:01.887 +01:00 [INF] Executing ViewResult, running view Index.
2024-11-04 12:52:01.959 +01:00 [INF] Executed ViewResult - view Index executed in 73.1122ms.
2024-11-04 12:52:01.961 +01:00 [INF] Executed action MyShop.Controllers.HomeController.Index (MyShop) in 79.4155ms
2024-11-04 12:52:01.961 +01:00 [INF] Executed endpoint 'MyShop.Controllers.HomeController.Index (MyShop)'
2024-11-04 12:52:01.964 +01:00 [INF] Request finished HTTP/1.1 GET http://localhost:5017/ - 200 null text/html; charset=utf-8 129.9007ms
2024-11-04 12:52:03.625 +01:00 [INF] Request starting HTTP/1.1 GET http://localhost:5017/Customer/Table - null null
2024-11-04 12:52:03.628 +01:00 [INF] Executing endpoint 'MyShop.Controllers.CustomerController.Table (MyShop)'
2024-11-04 12:52:03.633 +01:00 [INF] Route matched with {action = "Table", controller = "Customer", page = "", area = ""}. Executing controller action with signature System.Threading.Tasks.Task`1[Microsoft.AspNetCore.Mvc.IActionResult] Table() on controller MyShop.Controllers.CustomerController (MyShop).
2024-11-04 12:52:03.737 +01:00 [INF] Executing ViewResult, running view Table.
2024-11-04 12:52:03.797 +01:00 [INF] Executed ViewResult - view Table executed in 61.3384ms.
2024-11-04 12:52:03.798 +01:00 [INF] Executed action MyShop.Controllers.CustomerController.Table (MyShop) in 164.2983ms
2024-11-04 12:52:03.798 +01:00 [INF] Executed endpoint 'MyShop.Controllers.CustomerController.Table (MyShop)'
2024-11-04 12:52:03.800 +01:00 [INF] Request finished HTTP/1.1 GET http://localhost:5017/Customer/Table - 200 null text/html; charset=utf-8 174.8066ms
2024-11-04 12:52:05.133 +01:00 [INF] Request starting HTTP/1.1 GET http://localhost:5017/ - null null
2024-11-04 12:52:05.135 +01:00 [INF] Executing endpoint 'MyShop.Controllers.HomeController.Index (MyShop)'
2024-11-04 12:52:05.136 +01:00 [INF] Route matched with {action = "Index", controller = "Home", page = "", area = ""}. Executing controller action with signature Microsoft.AspNetCore.Mvc.IActionResult Index() on controller MyShop.Controllers.HomeController (MyShop).
2024-11-04 12:52:05.136 +01:00 [INF] Executing ViewResult, running view Index.
2024-11-04 12:52:05.145 +01:00 [INF] Executed ViewResult - view Index executed in 8.9141ms.
2024-11-04 12:52:05.145 +01:00 [INF] Executed action MyShop.Controllers.HomeController.Index (MyShop) in 9.1957ms
2024-11-04 12:52:05.145 +01:00 [INF] Executed endpoint 'MyShop.Controllers.HomeController.Index (MyShop)'
2024-11-04 12:52:05.145 +01:00 [INF] Request finished HTTP/1.1 GET http://localhost:5017/ - 200 null text/html; charset=utf-8 11.5595ms
2024-11-04 12:52:06.908 +01:00 [INF] Request starting HTTP/1.1 GET http://localhost:5017/Item/Table - null null
2024-11-04 12:52:06.909 +01:00 [INF] Executing endpoint 'MyShop.Controllers.ItemController.Table (MyShop)'
2024-11-04 12:52:06.911 +01:00 [INF] Route matched with {action = "Table", controller = "Item", page = "", area = ""}. Executing controller action with signature System.Threading.Tasks.Task`1[Microsoft.AspNetCore.Mvc.IActionResult] Table() on controller MyShop.Controllers.ItemController (MyShop).
2024-11-04 12:52:06.959 +01:00 [INF] Executing ViewResult, running view Table.
2024-11-04 12:52:06.968 +01:00 [INF] Executed ViewResult - view Table executed in 9.4339ms.
2024-11-04 12:52:06.968 +01:00 [INF] Executed action MyShop.Controllers.ItemController.Table (MyShop) in 56.7721ms
2024-11-04 12:52:06.968 +01:00 [INF] Executed endpoint 'MyShop.Controllers.ItemController.Table (MyShop)'
2024-11-04 12:52:06.969 +01:00 [INF] Request finished HTTP/1.1 GET http://localhost:5017/Item/Table - 200 null text/html; charset=utf-8 60.9591ms
2024-11-04 12:52:08.314 +01:00 [INF] Request starting HTTP/1.1 GET http://localhost:5017/ - null null
2024-11-04 12:52:08.314 +01:00 [INF] Executing endpoint 'MyShop.Controllers.HomeController.Index (MyShop)'
2024-11-04 12:52:08.314 +01:00 [INF] Route matched with {action = "Index", controller = "Home", page = "", area = ""}. Executing controller action with signature Microsoft.AspNetCore.Mvc.IActionResult Index() on controller MyShop.Controllers.HomeController (MyShop).
2024-11-04 12:52:08.315 +01:00 [INF] Executing ViewResult, running view Index.
2024-11-04 12:52:08.316 +01:00 [INF] Executed ViewResult - view Index executed in 1.1599ms.
2024-11-04 12:52:08.316 +01:00 [INF] Executed action MyShop.Controllers.HomeController.Index (MyShop) in 1.3066ms
2024-11-04 12:52:08.316 +01:00 [INF] Executed endpoint 'MyShop.Controllers.HomeController.Index (MyShop)'
2024-11-04 12:52:08.316 +01:00 [INF] Request finished HTTP/1.1 GET http://localhost:5017/ - 200 null text/html; charset=utf-8 2.1883ms
2024-11-04 12:52:09.540 +01:00 [INF] Request starting HTTP/1.1 GET http://localhost:5017/Item/Create - null null
2024-11-04 12:52:09.547 +01:00 [INF] Authorization failed. These requirements were not met:
DenyAnonymousAuthorizationRequirement: Requires an authenticated user.
2024-11-04 12:52:09.549 +01:00 [INF] AuthenticationScheme: Identity.Application was challenged.
2024-11-04 12:52:09.549 +01:00 [INF] Request finished HTTP/1.1 GET http://localhost:5017/Item/Create - 302 0 null 8.9716ms
2024-11-04 12:52:09.552 +01:00 [INF] Request starting HTTP/1.1 GET http://localhost:5017/Identity/Account/Login?ReturnUrl=%2FItem%2FCreate - null null
2024-11-04 12:52:09.552 +01:00 [INF] Executing endpoint '/Account/Login'
2024-11-04 12:52:09.566 +01:00 [INF] Route matched with {page = "/Account/Login", area = "Identity", action = "", controller = ""}. Executing page /Account/Login
2024-11-04 12:52:09.580 +01:00 [INF] Executing handler method MyShop.Areas.Identity.Pages.Account.LoginModel.OnGetAsync - ModelState is "Valid"
2024-11-04 12:52:09.583 +01:00 [INF] AuthenticationScheme: Identity.External signed out.
2024-11-04 12:52:09.584 +01:00 [INF] Executed handler method OnGetAsync, returned result .
2024-11-04 12:52:09.585 +01:00 [INF] Executing an implicit handler method - ModelState is "Valid"
2024-11-04 12:52:09.586 +01:00 [INF] Executed an implicit handler method, returned result Microsoft.AspNetCore.Mvc.RazorPages.PageResult.
2024-11-04 12:52:09.616 +01:00 [INF] Executed page /Account/Login in 49.4824ms
2024-11-04 12:52:09.616 +01:00 [INF] Executed endpoint '/Account/Login'
2024-11-04 12:52:09.616 +01:00 [INF] Request finished HTTP/1.1 GET http://localhost:5017/Identity/Account/Login?ReturnUrl=%2FItem%2FCreate - 200 null text/html; charset=utf-8 64.0004ms
2024-11-04 12:52:09.637 +01:00 [INF] Request starting HTTP/1.1 GET http://localhost:5017/lib/jquery-validation/dist/jquery.validate.min.js - null null
2024-11-04 12:52:09.638 +01:00 [INF] Request starting HTTP/1.1 GET http://localhost:5017/lib/jquery-validation-unobtrusive/jquery.validate.unobtrusive.min.js - null null
2024-11-04 12:52:09.639 +01:00 [INF] Request finished HTTP/1.1 GET http://localhost:5017/lib/jquery-validation/dist/jquery.validate.min.js - 404 0 null 1.4561ms
2024-11-04 12:52:09.639 +01:00 [INF] Request finished HTTP/1.1 GET http://localhost:5017/lib/jquery-validation-unobtrusive/jquery.validate.unobtrusive.min.js - 404 0 null 0.5349ms
2024-11-04 12:52:09.639 +01:00 [INF] Request reached the end of the middleware pipeline without being handled by application code. Request path: GET http://localhost:5017/lib/jquery-validation/dist/jquery.validate.min.js, Response status code: 404
2024-11-04 12:52:09.639 +01:00 [INF] Request reached the end of the middleware pipeline without being handled by application code. Request path: GET http://localhost:5017/lib/jquery-validation-unobtrusive/jquery.validate.unobtrusive.min.js, Response status code: 404
2024-11-04 12:52:12.018 +01:00 [INF] Request starting HTTP/1.1 POST http://localhost:5017/Identity/Account/Login?ReturnUrl=%2FItem%2FCreate - application/x-www-form-urlencoded 273
2024-11-04 12:52:12.020 +01:00 [INF] Executing endpoint '/Account/Login'
2024-11-04 12:52:12.021 +01:00 [INF] Route matched with {page = "/Account/Login", area = "Identity", action = "", controller = ""}. Executing page /Account/Login
2024-11-04 12:52:12.033 +01:00 [INF] Executing handler method MyShop.Areas.Identity.Pages.Account.LoginModel.OnPostAsync - ModelState is "Valid"
2024-11-04 12:52:12.063 +01:00 [INF] Executed handler method OnPostAsync, returned result Microsoft.AspNetCore.Mvc.RazorPages.PageResult.
2024-11-04 12:52:12.066 +01:00 [INF] Executed page /Account/Login in 45.1861ms
2024-11-04 12:52:12.066 +01:00 [INF] Executed endpoint '/Account/Login'
2024-11-04 12:52:12.066 +01:00 [INF] Request finished HTTP/1.1 POST http://localhost:5017/Identity/Account/Login?ReturnUrl=%2FItem%2FCreate - 200 null text/html; charset=utf-8 48.5605ms
2024-11-04 12:52:12.084 +01:00 [INF] Request starting HTTP/1.1 GET http://localhost:5017/lib/jquery-validation/dist/jquery.validate.min.js - null null
2024-11-04 12:52:12.085 +01:00 [INF] Request starting HTTP/1.1 GET http://localhost:5017/lib/jquery-validation-unobtrusive/jquery.validate.unobtrusive.min.js - null null
2024-11-04 12:52:12.085 +01:00 [INF] Request finished HTTP/1.1 GET http://localhost:5017/lib/jquery-validation/dist/jquery.validate.min.js - 404 0 null 0.4772ms
2024-11-04 12:52:12.085 +01:00 [INF] Request finished HTTP/1.1 GET http://localhost:5017/lib/jquery-validation-unobtrusive/jquery.validate.unobtrusive.min.js - 404 0 null 0.2338ms
2024-11-04 12:52:12.085 +01:00 [INF] Request reached the end of the middleware pipeline without being handled by application code. Request path: GET http://localhost:5017/lib/jquery-validation-unobtrusive/jquery.validate.unobtrusive.min.js, Response status code: 404
2024-11-04 12:52:12.085 +01:00 [INF] Request reached the end of the middleware pipeline without being handled by application code. Request path: GET http://localhost:5017/lib/jquery-validation/dist/jquery.validate.min.js, Response status code: 404
2024-11-04 12:52:14.711 +01:00 [INF] Request starting HTTP/1.1 GET http://localhost:5017/Identity/Account/Register - null null
2024-11-04 12:52:14.711 +01:00 [INF] Executing endpoint '/Account/Register'
2024-11-04 12:52:14.715 +01:00 [INF] Route matched with {page = "/Account/Register", area = "Identity", action = "", controller = ""}. Executing page /Account/Register
2024-11-04 12:52:14.716 +01:00 [INF] Executing handler method MyShop.Areas.Identity.Pages.Account.RegisterModel.OnGetAsync - ModelState is "Valid"
2024-11-04 12:52:14.717 +01:00 [INF] Executed handler method OnGetAsync, returned result .
2024-11-04 12:52:14.717 +01:00 [INF] Executing an implicit handler method - ModelState is "Valid"
2024-11-04 12:52:14.717 +01:00 [INF] Executed an implicit handler method, returned result Microsoft.AspNetCore.Mvc.RazorPages.PageResult.
2024-11-04 12:52:14.728 +01:00 [INF] Executed page /Account/Register in 12.7441ms
2024-11-04 12:52:14.728 +01:00 [INF] Executed endpoint '/Account/Register'
2024-11-04 12:52:14.728 +01:00 [INF] Request finished HTTP/1.1 GET http://localhost:5017/Identity/Account/Register - 200 null text/html; charset=utf-8 17.3252ms
2024-11-04 12:52:14.743 +01:00 [INF] Request starting HTTP/1.1 GET http://localhost:5017/lib/jquery-validation/dist/jquery.validate.min.js - null null
2024-11-04 12:52:14.743 +01:00 [INF] Request starting HTTP/1.1 GET http://localhost:5017/lib/jquery-validation-unobtrusive/jquery.validate.unobtrusive.min.js - null null
2024-11-04 12:52:14.743 +01:00 [INF] Request finished HTTP/1.1 GET http://localhost:5017/lib/jquery-validation-unobtrusive/jquery.validate.unobtrusive.min.js - 404 0 null 0.3165ms
2024-11-04 12:52:14.743 +01:00 [INF] Request finished HTTP/1.1 GET http://localhost:5017/lib/jquery-validation/dist/jquery.validate.min.js - 404 0 null 0.4349ms
2024-11-04 12:52:14.743 +01:00 [INF] Request reached the end of the middleware pipeline without being handled by application code. Request path: GET http://localhost:5017/lib/jquery-validation-unobtrusive/jquery.validate.unobtrusive.min.js, Response status code: 404
2024-11-04 12:52:14.743 +01:00 [INF] Request reached the end of the middleware pipeline without being handled by application code. Request path: GET http://localhost:5017/lib/jquery-validation/dist/jquery.validate.min.js, Response status code: 404
2024-11-04 12:52:35.213 +01:00 [INF] Request starting HTTP/1.1 POST http://localhost:5017/Identity/Account/Register - application/x-www-form-urlencoded 294
2024-11-04 12:52:35.213 +01:00 [INF] Executing endpoint '/Account/Register'
2024-11-04 12:52:35.214 +01:00 [INF] Route matched with {page = "/Account/Register", area = "Identity", action = "", controller = ""}. Executing page /Account/Register
2024-11-04 12:52:35.217 +01:00 [INF] Executing handler method MyShop.Areas.Identity.Pages.Account.RegisterModel.OnPostAsync - ModelState is "Valid"
2024-11-04 12:52:35.355 +01:00 [INF] User created a new account with password.
2024-11-04 12:52:35.385 +01:00 [INF] AuthenticationScheme: Identity.Application signed in.
2024-11-04 12:52:35.385 +01:00 [INF] Executed handler method OnPostAsync, returned result Microsoft.AspNetCore.Mvc.LocalRedirectResult.
2024-11-04 12:52:35.385 +01:00 [INF] Executing LocalRedirectResult, redirecting to /.
2024-11-04 12:52:35.386 +01:00 [INF] Executed page /Account/Register in 171.9698ms
2024-11-04 12:52:35.386 +01:00 [INF] Executed endpoint '/Account/Register'
2024-11-04 12:52:35.386 +01:00 [INF] Request finished HTTP/1.1 POST http://localhost:5017/Identity/Account/Register - 302 0 null 172.562ms
2024-11-04 12:52:35.389 +01:00 [INF] Request starting HTTP/1.1 GET http://localhost:5017/ - null null
2024-11-04 12:52:35.391 +01:00 [INF] Executing endpoint 'MyShop.Controllers.HomeController.Index (MyShop)'
2024-11-04 12:52:35.391 +01:00 [INF] Route matched with {action = "Index", controller = "Home", page = "", area = ""}. Executing controller action with signature Microsoft.AspNetCore.Mvc.IActionResult Index() on controller MyShop.Controllers.HomeController (MyShop).
2024-11-04 12:52:35.391 +01:00 [INF] Executing ViewResult, running view Index.
2024-11-04 12:52:35.393 +01:00 [INF] Executed ViewResult - view Index executed in 2.2246ms.
2024-11-04 12:52:35.394 +01:00 [INF] Executed action MyShop.Controllers.HomeController.Index (MyShop) in 2.3536ms
2024-11-04 12:52:35.394 +01:00 [INF] Executed endpoint 'MyShop.Controllers.HomeController.Index (MyShop)'
2024-11-04 12:52:35.394 +01:00 [INF] Request finished HTTP/1.1 GET http://localhost:5017/ - 200 null text/html; charset=utf-8 4.9452ms
2024-11-04 12:52:37.942 +01:00 [INF] Request starting HTTP/1.1 GET http://localhost:5017/Item/Create - null null
2024-11-04 12:52:37.945 +01:00 [INF] Executing endpoint 'MyShop.Controllers.ItemController.Create (MyShop)'
2024-11-04 12:52:37.945 +01:00 [INF] Route matched with {action = "Create", controller = "Item", page = "", area = ""}. Executing controller action with signature Microsoft.AspNetCore.Mvc.IActionResult Create() on controller MyShop.Controllers.ItemController (MyShop).
2024-11-04 12:52:37.946 +01:00 [INF] Executing ViewResult, running view Create.
2024-11-04 12:52:37.971 +01:00 [INF] Executed ViewResult - view Create executed in 24.9088ms.
2024-11-04 12:52:37.971 +01:00 [INF] Executed action MyShop.Controllers.ItemController.Create (MyShop) in 25.2874ms
2024-11-04 12:52:37.971 +01:00 [INF] Executed endpoint 'MyShop.Controllers.ItemController.Create (MyShop)'
2024-11-04 12:52:37.971 +01:00 [INF] Request finished HTTP/1.1 GET http://localhost:5017/Item/Create - 200 null text/html; charset=utf-8 28.7866ms
2024-11-04 12:52:39.970 +01:00 [INF] Request starting HTTP/1.1 GET http://localhost:5017/ - null null
2024-11-04 12:52:39.971 +01:00 [INF] Executing endpoint 'MyShop.Controllers.HomeController.Index (MyShop)'
2024-11-04 12:52:39.971 +01:00 [INF] Route matched with {action = "Index", controller = "Home", page = "", area = ""}. Executing controller action with signature Microsoft.AspNetCore.Mvc.IActionResult Index() on controller MyShop.Controllers.HomeController (MyShop).
2024-11-04 12:52:39.971 +01:00 [INF] Executing ViewResult, running view Index.
2024-11-04 12:52:39.972 +01:00 [INF] Executed ViewResult - view Index executed in 0.711ms.
2024-11-04 12:52:39.972 +01:00 [INF] Executed action MyShop.Controllers.HomeController.Index (MyShop) in 0.8151ms
2024-11-04 12:52:39.972 +01:00 [INF] Executed endpoint 'MyShop.Controllers.HomeController.Index (MyShop)'
2024-11-04 12:52:39.972 +01:00 [INF] Request finished HTTP/1.1 GET http://localhost:5017/ - 200 null text/html; charset=utf-8 2.4746ms
2024-11-04 12:52:41.598 +01:00 [INF] Request starting HTTP/1.1 GET http://localhost:5017/Item/Table - null null
2024-11-04 12:52:41.598 +01:00 [INF] Executing endpoint 'MyShop.Controllers.ItemController.Table (MyShop)'
2024-11-04 12:52:41.598 +01:00 [INF] Route matched with {action = "Table", controller = "Item", page = "", area = ""}. Executing controller action with signature System.Threading.Tasks.Task`1[Microsoft.AspNetCore.Mvc.IActionResult] Table() on controller MyShop.Controllers.ItemController (MyShop).
2024-11-04 12:52:41.600 +01:00 [INF] Executing ViewResult, running view Table.
2024-11-04 12:52:41.602 +01:00 [INF] Executed ViewResult - view Table executed in 2.0919ms.
2024-11-04 12:52:41.602 +01:00 [INF] Executed action MyShop.Controllers.ItemController.Table (MyShop) in 4.0788ms
2024-11-04 12:52:41.602 +01:00 [INF] Executed endpoint 'MyShop.Controllers.ItemController.Table (MyShop)'
2024-11-04 12:52:41.603 +01:00 [INF] Request finished HTTP/1.1 GET http://localhost:5017/Item/Table - 200 null text/html; charset=utf-8 4.9173ms
2024-11-04 12:52:43.887 +01:00 [INF] Request starting HTTP/1.1 GET http://localhost:5017/ - null null
2024-11-04 12:52:43.888 +01:00 [INF] Executing endpoint 'MyShop.Controllers.HomeController.Index (MyShop)'
2024-11-04 12:52:43.888 +01:00 [INF] Route matched with {action = "Index", controller = "Home", page = "", area = ""}. Executing controller action with signature Microsoft.AspNetCore.Mvc.IActionResult Index() on controller MyShop.Controllers.HomeController (MyShop).
2024-11-04 12:52:43.888 +01:00 [INF] Executing ViewResult, running view Index.
2024-11-04 12:52:43.889 +01:00 [INF] Executed ViewResult - view Index executed in 0.7372ms.
2024-11-04 12:52:43.889 +01:00 [INF] Executed action MyShop.Controllers.HomeController.Index (MyShop) in 0.8377ms
2024-11-04 12:52:43.889 +01:00 [INF] Executed endpoint 'MyShop.Controllers.HomeController.Index (MyShop)'
2024-11-04 12:52:43.889 +01:00 [INF] Request finished HTTP/1.1 GET http://localhost:5017/ - 200 null text/html; charset=utf-8 1.5999ms
2024-11-04 12:52:45.058 +01:00 [INF] Request starting HTTP/1.1 GET http://localhost:5017/Customer/Table - null null
2024-11-04 12:52:45.059 +01:00 [INF] Executing endpoint 'MyShop.Controllers.CustomerController.Table (MyShop)'
2024-11-04 12:52:45.059 +01:00 [INF] Route matched with {action = "Table", controller = "Customer", page = "", area = ""}. Executing controller action with signature System.Threading.Tasks.Task`1[Microsoft.AspNetCore.Mvc.IActionResult] Table() on controller MyShop.Controllers.CustomerController (MyShop).
2024-11-04 12:52:45.060 +01:00 [INF] Executing ViewResult, running view Table.
2024-11-04 12:52:45.063 +01:00 [INF] Executed ViewResult - view Table executed in 3.0029ms.
2024-11-04 12:52:45.063 +01:00 [INF] Executed action MyShop.Controllers.CustomerController.Table (MyShop) in 4.2361ms
2024-11-04 12:52:45.063 +01:00 [INF] Executed endpoint 'MyShop.Controllers.CustomerController.Table (MyShop)'
2024-11-04 12:52:45.064 +01:00 [INF] Request finished HTTP/1.1 GET http://localhost:5017/Customer/Table - 200 null text/html; charset=utf-8 5.099ms
2024-11-04 12:52:46.689 +01:00 [INF] Request starting HTTP/1.1 GET http://localhost:5017/ - null null
2024-11-04 12:52:46.689 +01:00 [INF] Executing endpoint 'MyShop.Controllers.HomeController.Index (MyShop)'
2024-11-04 12:52:46.689 +01:00 [INF] Route matched with {action = "Index", controller = "Home", page = "", area = ""}. Executing controller action with signature Microsoft.AspNetCore.Mvc.IActionResult Index() on controller MyShop.Controllers.HomeController (MyShop).
2024-11-04 12:52:46.689 +01:00 [INF] Executing ViewResult, running view Index.
2024-11-04 12:52:46.690 +01:00 [INF] Executed ViewResult - view Index executed in 0.6277ms.
2024-11-04 12:52:46.690 +01:00 [INF] Executed action MyShop.Controllers.HomeController.Index (MyShop) in 0.7351ms
2024-11-04 12:52:46.690 +01:00 [INF] Executed endpoint 'MyShop.Controllers.HomeController.Index (MyShop)'
2024-11-04 12:52:46.690 +01:00 [INF] Request finished HTTP/1.1 GET http://localhost:5017/ - 200 null text/html; charset=utf-8 1.5353ms
2024-11-04 12:52:50.036 +01:00 [INF] Request starting HTTP/1.1 GET http://localhost:5017/Item/Create - null null
2024-11-04 12:52:50.037 +01:00 [INF] Executing endpoint 'MyShop.Controllers.ItemController.Create (MyShop)'
2024-11-04 12:52:50.037 +01:00 [INF] Route matched with {action = "Create", controller = "Item", page = "", area = ""}. Executing controller action with signature Microsoft.AspNetCore.Mvc.IActionResult Create() on controller MyShop.Controllers.ItemController (MyShop).
2024-11-04 12:52:50.037 +01:00 [INF] Executing ViewResult, running view Create.
2024-11-04 12:52:50.040 +01:00 [INF] Executed ViewResult - view Create executed in 2.4222ms.
2024-11-04 12:52:50.040 +01:00 [INF] Executed action MyShop.Controllers.ItemController.Create (MyShop) in 2.645ms
2024-11-04 12:52:50.040 +01:00 [INF] Executed endpoint 'MyShop.Controllers.ItemController.Create (MyShop)'
2024-11-04 12:52:50.040 +01:00 [INF] Request finished HTTP/1.1 GET http://localhost:5017/Item/Create - 200 null text/html; charset=utf-8 4.2998ms
2024-11-04 12:52:51.670 +01:00 [INF] Request starting HTTP/1.1 GET http://localhost:5017/ - null null
2024-11-04 12:52:51.671 +01:00 [INF] Executing endpoint 'MyShop.Controllers.HomeController.Index (MyShop)'
2024-11-04 12:52:51.671 +01:00 [INF] Route matched with {action = "Index", controller = "Home", page = "", area = ""}. Executing controller action with signature Microsoft.AspNetCore.Mvc.IActionResult Index() on controller MyShop.Controllers.HomeController (MyShop).
2024-11-04 12:52:51.671 +01:00 [INF] Executing ViewResult, running view Index.
2024-11-04 12:52:51.672 +01:00 [INF] Executed ViewResult - view Index executed in 0.7869ms.
2024-11-04 12:52:51.672 +01:00 [INF] Executed action MyShop.Controllers.HomeController.Index (MyShop) in 0.8956ms
2024-11-04 12:52:51.672 +01:00 [INF] Executed endpoint 'MyShop.Controllers.HomeController.Index (MyShop)'
2024-11-04 12:52:51.672 +01:00 [INF] Request finished HTTP/1.1 GET http://localhost:5017/ - 200 null text/html; charset=utf-8 1.6335ms
2024-11-04 12:52:52.438 +01:00 [INF] Request starting HTTP/1.1 GET http://localhost:5017/Item/Grid - null null
2024-11-04 12:52:52.439 +01:00 [INF] Executing endpoint 'MyShop.Controllers.ItemController.Grid (MyShop)'
2024-11-04 12:52:52.441 +01:00 [INF] Route matched with {action = "Grid", controller = "Item", page = "", area = ""}. Executing controller action with signature System.Threading.Tasks.Task`1[Microsoft.AspNetCore.Mvc.IActionResult] Grid() on controller MyShop.Controllers.ItemController (MyShop).
2024-11-04 12:52:52.444 +01:00 [INF] Executing ViewResult, running view Grid.
2024-11-04 12:52:52.447 +01:00 [INF] Executed ViewResult - view Grid executed in 3.3495ms.
2024-11-04 12:52:52.447 +01:00 [INF] Executed action MyShop.Controllers.ItemController.Grid (MyShop) in 5.3585ms
2024-11-04 12:52:52.447 +01:00 [INF] Executed endpoint 'MyShop.Controllers.ItemController.Grid (MyShop)'
2024-11-04 12:52:52.447 +01:00 [INF] Request finished HTTP/1.1 GET http://localhost:5017/Item/Grid - 200 null text/html; charset=utf-8 8.4913ms
2024-11-04 12:52:53.127 +01:00 [INF] Request starting HTTP/1.1 GET http://localhost:5017/Customer/Table - null null
2024-11-04 12:52:53.127 +01:00 [INF] Executing endpoint 'MyShop.Controllers.CustomerController.Table (MyShop)'
2024-11-04 12:52:53.127 +01:00 [INF] Route matched with {action = "Table", controller = "Customer", page = "", area = ""}. Executing controller action with signature System.Threading.Tasks.Task`1[Microsoft.AspNetCore.Mvc.IActionResult] Table() on controller MyShop.Controllers.CustomerController (MyShop).
2024-11-04 12:52:53.128 +01:00 [INF] Executing ViewResult, running view Table.
2024-11-04 12:52:53.130 +01:00 [INF] Executed ViewResult - view Table executed in 1.6702ms.
2024-11-04 12:52:53.130 +01:00 [INF] Executed action MyShop.Controllers.CustomerController.Table (MyShop) in 2.719ms
2024-11-04 12:52:53.130 +01:00 [INF] Executed endpoint 'MyShop.Controllers.CustomerController.Table (MyShop)'
2024-11-04 12:52:53.130 +01:00 [INF] Request finished HTTP/1.1 GET http://localhost:5017/Customer/Table - 200 null text/html; charset=utf-8 3.7177ms
2024-11-04 12:52:54.834 +01:00 [INF] Request starting HTTP/1.1 GET http://localhost:5017/ - null null
2024-11-04 12:52:54.834 +01:00 [INF] Executing endpoint 'MyShop.Controllers.HomeController.Index (MyShop)'
2024-11-04 12:52:54.835 +01:00 [INF] Route matched with {action = "Index", controller = "Home", page = "", area = ""}. Executing controller action with signature Microsoft.AspNetCore.Mvc.IActionResult Index() on controller MyShop.Controllers.HomeController (MyShop).
2024-11-04 12:52:54.835 +01:00 [INF] Executing ViewResult, running view Index.
2024-11-04 12:52:54.835 +01:00 [INF] Executed ViewResult - view Index executed in 0.5362ms.
2024-11-04 12:52:54.835 +01:00 [INF] Executed action MyShop.Controllers.HomeController.Index (MyShop) in 0.6277ms
2024-11-04 12:52:54.835 +01:00 [INF] Executed endpoint 'MyShop.Controllers.HomeController.Index (MyShop)'
2024-11-04 12:52:54.835 +01:00 [INF] Request finished HTTP/1.1 GET http://localhost:5017/ - 200 null text/html; charset=utf-8 1.3907ms
2024-11-04 12:54:04.713 +01:00 [INF] Application is shutting down...
