2024-10-18 10:55:36.997 +02:00 [INF] User profile is available. Using 'C:\Users\Hadle\AppData\Local\ASP.NET\DataProtection-Keys' as key repository and Windows DPAPI to encrypt keys at rest.
2024-10-18 10:55:37.046 +02:00 [INF] Now listening on: http://localhost:5017
2024-10-18 10:55:37.048 +02:00 [INF] Application started. Press Ctrl+C to shut down.
2024-10-18 10:55:37.049 +02:00 [INF] Hosting environment: Development
2024-10-18 10:55:37.049 +02:00 [INF] Content root path: C:\Users\Hadle\Downloads\ITPE3200\ITPE3200_Exam_project
2024-10-18 10:55:39.191 +02:00 [INF] Request starting HTTP/1.1 GET http://localhost:5017/ - null null
2024-10-18 10:55:39.214 +02:00 [INF] Executing endpoint 'MyShop.Controllers.HomeController.Index (MyShop)'
2024-10-18 10:55:39.220 +02:00 [INF] Route matched with {action = "Index", controller = "Home"}. Executing controller action with signature Microsoft.AspNetCore.Mvc.IActionResult Index() on controller MyShop.Controllers.HomeController (MyShop).
2024-10-18 10:55:39.232 +02:00 [INF] Executing ViewResult, running view Index.
2024-10-18 10:55:39.279 +02:00 [INF] Executed ViewResult - view Index executed in 48.7501ms.
2024-10-18 10:55:39.281 +02:00 [INF] Executed action MyShop.Controllers.HomeController.Index (MyShop) in 60.7845ms
2024-10-18 10:55:39.281 +02:00 [INF] Executed endpoint 'MyShop.Controllers.HomeController.Index (MyShop)'
2024-10-18 10:55:39.286 +02:00 [INF] Request finished HTTP/1.1 GET http://localhost:5017/ - 200 null text/html; charset=utf-8 94.2462ms
2024-10-18 10:55:42.883 +02:00 [INF] Request starting HTTP/1.1 GET http://localhost:5017/Item/Table - null null
2024-10-18 10:55:42.884 +02:00 [INF] Executing endpoint 'MyShop.Controllers.ItemController.Table (MyShop)'
2024-10-18 10:55:42.889 +02:00 [INF] Route matched with {action = "Table", controller = "Item"}. Executing controller action with signature System.Threading.Tasks.Task`1[Microsoft.AspNetCore.Mvc.IActionResult] Table() on controller MyShop.Controllers.ItemController (MyShop).
2024-10-18 10:55:43.007 +02:00 [INF] Executing ViewResult, running view Table.
2024-10-18 10:55:43.018 +02:00 [INF] Executed ViewResult - view Table executed in 11.3141ms.
2024-10-18 10:55:43.018 +02:00 [INF] Executed action MyShop.Controllers.ItemController.Table (MyShop) in 129.3982ms
2024-10-18 10:55:43.018 +02:00 [INF] Executed endpoint 'MyShop.Controllers.ItemController.Table (MyShop)'
2024-10-18 10:55:43.022 +02:00 [INF] Request finished HTTP/1.1 GET http://localhost:5017/Item/Table - 200 null text/html; charset=utf-8 139.1551ms
2024-10-18 10:55:45.426 +02:00 [INF] Request starting HTTP/1.1 GET http://localhost:5017/Item/Create - null null
2024-10-18 10:55:45.430 +02:00 [INF] Executing endpoint 'MyShop.Controllers.ItemController.Create (MyShop)'
2024-10-18 10:55:45.432 +02:00 [INF] Route matched with {action = "Create", controller = "Item"}. Executing controller action with signature Microsoft.AspNetCore.Mvc.IActionResult Create() on controller MyShop.Controllers.ItemController (MyShop).
2024-10-18 10:55:45.433 +02:00 [INF] Executing ViewResult, running view Create.
2024-10-18 10:55:45.481 +02:00 [INF] Executed ViewResult - view Create executed in 48.2592ms.
2024-10-18 10:55:45.481 +02:00 [INF] Executed action MyShop.Controllers.ItemController.Create (MyShop) in 49.1649ms
2024-10-18 10:55:45.481 +02:00 [INF] Executed endpoint 'MyShop.Controllers.ItemController.Create (MyShop)'
2024-10-18 10:55:45.481 +02:00 [INF] Request finished HTTP/1.1 GET http://localhost:5017/Item/Create - 200 null text/html; charset=utf-8 55.3753ms
2024-10-18 10:59:28.688 +02:00 [INF] Request starting HTTP/1.1 GET http://localhost:5017/Customer/Table - null null
2024-10-18 10:59:28.690 +02:00 [INF] Executing endpoint 'MyShop.Controllers.CustomerController.Table (MyShop)'
2024-10-18 10:59:28.693 +02:00 [INF] Route matched with {action = "Table", controller = "Customer"}. Executing controller action with signature System.Threading.Tasks.Task`1[Microsoft.AspNetCore.Mvc.IActionResult] Table() on controller MyShop.Controllers.CustomerController (MyShop).
2024-10-18 10:59:28.759 +02:00 [INF] Executing ViewResult, running view Table.
2024-10-18 10:59:28.826 +02:00 [INF] Executed ViewResult - view Table executed in 67.3312ms.
2024-10-18 10:59:28.826 +02:00 [INF] Executed action MyShop.Controllers.CustomerController.Table (MyShop) in 132.7978ms
2024-10-18 10:59:28.826 +02:00 [INF] Executed endpoint 'MyShop.Controllers.CustomerController.Table (MyShop)'
2024-10-18 10:59:28.826 +02:00 [INF] Request finished HTTP/1.1 GET http://localhost:5017/Customer/Table - 200 null text/html; charset=utf-8 137.7865ms
2024-10-18 11:00:07.276 +02:00 [INF] Request starting HTTP/1.1 GET http://localhost:5017/Item/Table - null null
2024-10-18 11:00:07.276 +02:00 [INF] Executing endpoint 'MyShop.Controllers.ItemController.Table (MyShop)'
2024-10-18 11:00:07.276 +02:00 [INF] Route matched with {action = "Table", controller = "Item"}. Executing controller action with signature System.Threading.Tasks.Task`1[Microsoft.AspNetCore.Mvc.IActionResult] Table() on controller MyShop.Controllers.ItemController (MyShop).
2024-10-18 11:00:07.281 +02:00 [INF] Executing ViewResult, running view Table.
2024-10-18 11:00:07.282 +02:00 [INF] Executed ViewResult - view Table executed in 1.4232ms.
2024-10-18 11:00:07.282 +02:00 [INF] Executed action MyShop.Controllers.ItemController.Table (MyShop) in 6.0636ms
2024-10-18 11:00:07.282 +02:00 [INF] Executed endpoint 'MyShop.Controllers.ItemController.Table (MyShop)'
2024-10-18 11:00:07.283 +02:00 [INF] Request finished HTTP/1.1 GET http://localhost:5017/Item/Table - 200 null text/html; charset=utf-8 6.8143ms
2024-10-18 11:01:57.668 +02:00 [INF] Request starting HTTP/1.1 GET http://localhost:5017/Item/Grid - null null
2024-10-18 11:01:57.668 +02:00 [INF] Executing endpoint 'MyShop.Controllers.ItemController.Grid (MyShop)'
2024-10-18 11:01:57.671 +02:00 [INF] Route matched with {action = "Grid", controller = "Item"}. Executing controller action with signature System.Threading.Tasks.Task`1[Microsoft.AspNetCore.Mvc.IActionResult] Grid() on controller MyShop.Controllers.ItemController (MyShop).
2024-10-18 11:01:57.675 +02:00 [INF] Executing ViewResult, running view Grid.
2024-10-18 11:01:57.677 +02:00 [INF] Executed ViewResult - view Grid executed in 2.6732ms.
2024-10-18 11:01:57.677 +02:00 [INF] Executed action MyShop.Controllers.ItemController.Grid (MyShop) in 5.6244ms
2024-10-18 11:01:57.677 +02:00 [INF] Executed endpoint 'MyShop.Controllers.ItemController.Grid (MyShop)'
2024-10-18 11:01:57.678 +02:00 [INF] Request finished HTTP/1.1 GET http://localhost:5017/Item/Grid - 200 null text/html; charset=utf-8 9.872ms
2024-10-18 11:04:29.672 +02:00 [INF] Application is shutting down...
