2024-11-04 15:51:20.031 +01:00 [INF] User profile is available. Using 'C:\Users\jovan\AppData\Local\ASP.NET\DataProtection-Keys' as key repository and Windows DPAPI to encrypt keys at rest.
2024-11-04 15:51:20.155 +01:00 [INF] Now listening on: http://localhost:5017
2024-11-04 15:51:20.158 +01:00 [INF] Application started. Press Ctrl+C to shut down.
2024-11-04 15:51:20.158 +01:00 [INF] Hosting environment: Development
2024-11-04 15:51:20.158 +01:00 [INF] Content root path: C:\TestMappe\Eksamen\ITPE3200_Exam_project
2024-11-04 15:51:22.245 +01:00 [INF] Request starting HTTP/1.1 GET http://localhost:5017/ - null null
2024-11-04 15:51:22.300 +01:00 [INF] Executing endpoint 'MyShop.Controllers.HomeController.Index (MyShop)'
2024-11-04 15:51:22.313 +01:00 [INF] Route matched with {action = "Index", controller = "Home", page = "", area = ""}. Executing controller action with signature Microsoft.AspNetCore.Mvc.IActionResult Index() on controller MyShop.Controllers.HomeController (MyShop).
2024-11-04 15:51:22.319 +01:00 [INF] Executing ViewResult, running view Index.
2024-11-04 15:51:22.394 +01:00 [INF] Executed ViewResult - view Index executed in 74.8834ms.
2024-11-04 15:51:22.396 +01:00 [INF] Executed action MyShop.Controllers.HomeController.Index (MyShop) in 82.7637ms
2024-11-04 15:51:22.396 +01:00 [INF] Executed endpoint 'MyShop.Controllers.HomeController.Index (MyShop)'
2024-11-04 15:51:22.401 +01:00 [INF] Request finished HTTP/1.1 GET http://localhost:5017/ - 200 null text/html; charset=utf-8 156.4973ms
2024-11-04 15:51:24.542 +01:00 [INF] Request starting HTTP/1.1 GET http://localhost:5017/Identity/Account/Manage - null null
2024-11-04 15:51:24.555 +01:00 [INF] Executing endpoint '/Account/Manage/Index'
2024-11-04 15:51:24.567 +01:00 [INF] Route matched with {page = "/Account/Manage/Index", area = "Identity", action = "", controller = ""}. Executing page /Account/Manage/Index
2024-11-04 15:51:24.577 +01:00 [INF] Executing handler method MyShop.Areas.Identity.Pages.Account.Manage.IndexModel.OnGetAsync - ModelState is "Valid"
2024-11-04 15:51:24.712 +01:00 [INF] Executed handler method OnGetAsync, returned result Microsoft.AspNetCore.Mvc.NotFoundObjectResult.
2024-11-04 15:51:24.722 +01:00 [INF] Executing NotFoundObjectResult, writing value of type 'System.String'.
2024-11-04 15:51:24.725 +01:00 [INF] Executed page /Account/Manage/Index in 157.9224ms
2024-11-04 15:51:24.726 +01:00 [INF] Executed endpoint '/Account/Manage/Index'
2024-11-04 15:51:24.730 +01:00 [INF] Request finished HTTP/1.1 GET http://localhost:5017/Identity/Account/Manage - 404 null text/plain; charset=utf-8 187.0804ms
2024-11-04 15:51:26.864 +01:00 [INF] Request starting HTTP/1.1 GET http://localhost:5017/ - null null
2024-11-04 15:51:26.874 +01:00 [INF] Executing endpoint 'MyShop.Controllers.HomeController.Index (MyShop)'
2024-11-04 15:51:26.874 +01:00 [INF] Route matched with {action = "Index", controller = "Home", page = "", area = ""}. Executing controller action with signature Microsoft.AspNetCore.Mvc.IActionResult Index() on controller MyShop.Controllers.HomeController (MyShop).
2024-11-04 15:51:26.875 +01:00 [INF] Executing ViewResult, running view Index.
2024-11-04 15:51:26.878 +01:00 [INF] Executed ViewResult - view Index executed in 3.5202ms.
2024-11-04 15:51:26.878 +01:00 [INF] Executed action MyShop.Controllers.HomeController.Index (MyShop) in 3.8517ms
2024-11-04 15:51:26.878 +01:00 [INF] Executed endpoint 'MyShop.Controllers.HomeController.Index (MyShop)'
2024-11-04 15:51:26.878 +01:00 [INF] Request finished HTTP/1.1 GET http://localhost:5017/ - 200 null text/html; charset=utf-8 14.4753ms
2024-11-04 15:51:28.148 +01:00 [INF] Request starting HTTP/1.1 POST http://localhost:5017/Identity/Account/Logout?returnUrl=%2F - application/x-www-form-urlencoded 225
2024-11-04 15:51:28.164 +01:00 [INF] Executing endpoint '/Account/Logout'
2024-11-04 15:51:28.171 +01:00 [INF] Route matched with {page = "/Account/Logout", area = "Identity", action = "", controller = ""}. Executing page /Account/Logout
2024-11-04 15:51:28.205 +01:00 [INF] Executing handler method MyShop.Areas.Identity.Pages.Account.LogoutModel.OnPost - ModelState is "Valid"
2024-11-04 15:51:28.212 +01:00 [INF] AuthenticationScheme: Identity.Application signed out.
2024-11-04 15:51:28.214 +01:00 [INF] AuthenticationScheme: Identity.External signed out.
2024-11-04 15:51:28.214 +01:00 [INF] AuthenticationScheme: Identity.TwoFactorUserId signed out.
2024-11-04 15:51:28.214 +01:00 [INF] User logged out.
2024-11-04 15:51:28.215 +01:00 [INF] Executed handler method OnPost, returned result Microsoft.AspNetCore.Mvc.LocalRedirectResult.
2024-11-04 15:51:28.215 +01:00 [INF] Executing LocalRedirectResult, redirecting to /.
2024-11-04 15:51:28.216 +01:00 [INF] Executed page /Account/Logout in 44.6375ms
2024-11-04 15:51:28.216 +01:00 [INF] Executed endpoint '/Account/Logout'
2024-11-04 15:51:28.216 +01:00 [INF] Request finished HTTP/1.1 POST http://localhost:5017/Identity/Account/Logout?returnUrl=%2F - 302 0 null 67.6712ms
2024-11-04 15:51:28.220 +01:00 [INF] Request starting HTTP/1.1 GET http://localhost:5017/ - null null
2024-11-04 15:51:28.220 +01:00 [INF] Executing endpoint 'MyShop.Controllers.HomeController.Index (MyShop)'
2024-11-04 15:51:28.220 +01:00 [INF] Route matched with {action = "Index", controller = "Home", page = "", area = ""}. Executing controller action with signature Microsoft.AspNetCore.Mvc.IActionResult Index() on controller MyShop.Controllers.HomeController (MyShop).
2024-11-04 15:51:28.221 +01:00 [INF] Executing ViewResult, running view Index.
2024-11-04 15:51:28.227 +01:00 [INF] Executed ViewResult - view Index executed in 6.1539ms.
2024-11-04 15:51:28.227 +01:00 [INF] Executed action MyShop.Controllers.HomeController.Index (MyShop) in 6.586ms
2024-11-04 15:51:28.227 +01:00 [INF] Executed endpoint 'MyShop.Controllers.HomeController.Index (MyShop)'
2024-11-04 15:51:28.227 +01:00 [INF] Request finished HTTP/1.1 GET http://localhost:5017/ - 200 null text/html; charset=utf-8 7.7044ms
2024-11-04 15:51:28.997 +01:00 [INF] Request starting HTTP/1.1 GET http://localhost:5017/Identity/Account/Login - null null
2024-11-04 15:51:28.998 +01:00 [INF] Executing endpoint '/Account/Login'
2024-11-04 15:51:29.011 +01:00 [INF] Route matched with {page = "/Account/Login", area = "Identity", action = "", controller = ""}. Executing page /Account/Login
2024-11-04 15:51:29.014 +01:00 [INF] Executing handler method MyShop.Areas.Identity.Pages.Account.LoginModel.OnGetAsync - ModelState is "Valid"
2024-11-04 15:51:29.016 +01:00 [INF] AuthenticationScheme: Identity.External signed out.
2024-11-04 15:51:29.018 +01:00 [INF] Executed handler method OnGetAsync, returned result .
2024-11-04 15:51:29.024 +01:00 [INF] Executing an implicit handler method - ModelState is "Valid"
2024-11-04 15:51:29.025 +01:00 [INF] Executed an implicit handler method, returned result Microsoft.AspNetCore.Mvc.RazorPages.PageResult.
2024-11-04 15:51:29.097 +01:00 [INF] Executed page /Account/Login in 85.8458ms
2024-11-04 15:51:29.097 +01:00 [INF] Executed endpoint '/Account/Login'
2024-11-04 15:51:29.097 +01:00 [INF] Request finished HTTP/1.1 GET http://localhost:5017/Identity/Account/Login - 200 null text/html; charset=utf-8 100.2123ms
2024-11-04 15:51:29.129 +01:00 [INF] Request starting HTTP/1.1 GET http://localhost:5017/css/Login.css - null null
2024-11-04 15:51:29.130 +01:00 [INF] Request starting HTTP/1.1 GET http://localhost:5017/images/SignUp.png - null null
2024-11-04 15:51:29.138 +01:00 [INF] The file /css/Login.css was not modified
2024-11-04 15:51:29.138 +01:00 [INF] The file /images/SignUp.png was not modified
2024-11-04 15:51:29.139 +01:00 [INF] Request finished HTTP/1.1 GET http://localhost:5017/css/Login.css - 304 null text/css 9.66ms
2024-11-04 15:51:29.139 +01:00 [INF] Request finished HTTP/1.1 GET http://localhost:5017/images/SignUp.png - 304 null image/png 8.5753ms
2024-11-04 15:51:29.149 +01:00 [INF] Request starting HTTP/1.1 GET http://localhost:5017/lib/jquery-validation/dist/jquery.validate.min.js - null null
2024-11-04 15:51:29.149 +01:00 [INF] Request starting HTTP/1.1 GET http://localhost:5017/lib/jquery-validation-unobtrusive/jquery.validate.unobtrusive.min.js - null null
2024-11-04 15:51:29.149 +01:00 [INF] Request finished HTTP/1.1 GET http://localhost:5017/lib/jquery-validation/dist/jquery.validate.min.js - 404 0 null 0.9051ms
2024-11-04 15:51:29.150 +01:00 [INF] Request finished HTTP/1.1 GET http://localhost:5017/lib/jquery-validation-unobtrusive/jquery.validate.unobtrusive.min.js - 404 0 null 0.9947ms
2024-11-04 15:51:29.150 +01:00 [INF] Request reached the end of the middleware pipeline without being handled by application code. Request path: GET http://localhost:5017/lib/jquery-validation/dist/jquery.validate.min.js, Response status code: 404
2024-11-04 15:51:29.150 +01:00 [INF] Request reached the end of the middleware pipeline without being handled by application code. Request path: GET http://localhost:5017/lib/jquery-validation-unobtrusive/jquery.validate.unobtrusive.min.js, Response status code: 404
2024-11-04 15:51:33.344 +01:00 [INF] Request starting HTTP/1.1 GET http://localhost:5017/Identity/Account/Register - null null
2024-11-04 15:51:33.344 +01:00 [INF] Executing endpoint '/Account/Register'
2024-11-04 15:51:33.354 +01:00 [INF] Route matched with {page = "/Account/Register", area = "Identity", action = "", controller = ""}. Executing page /Account/Register
2024-11-04 15:51:33.357 +01:00 [INF] Executing handler method MyShop.Areas.Identity.Pages.Account.RegisterModel.OnGetAsync - ModelState is "Valid"
2024-11-04 15:51:33.358 +01:00 [INF] Executed handler method OnGetAsync, returned result .
2024-11-04 15:51:33.358 +01:00 [INF] Executing an implicit handler method - ModelState is "Valid"
2024-11-04 15:51:33.358 +01:00 [INF] Executed an implicit handler method, returned result Microsoft.AspNetCore.Mvc.RazorPages.PageResult.
2024-11-04 15:51:33.395 +01:00 [INF] Executed page /Account/Register in 41.0126ms
2024-11-04 15:51:33.396 +01:00 [INF] Executed endpoint '/Account/Register'
2024-11-04 15:51:33.396 +01:00 [INF] Request finished HTTP/1.1 GET http://localhost:5017/Identity/Account/Register - 200 null text/html; charset=utf-8 52.1763ms
2024-11-04 15:51:33.416 +01:00 [INF] Request starting HTTP/1.1 GET http://localhost:5017/lib/jquery-validation/dist/jquery.validate.min.js - null null
2024-11-04 15:51:33.417 +01:00 [INF] Request finished HTTP/1.1 GET http://localhost:5017/lib/jquery-validation/dist/jquery.validate.min.js - 404 0 null 0.523ms
2024-11-04 15:51:33.417 +01:00 [INF] Request reached the end of the middleware pipeline without being handled by application code. Request path: GET http://localhost:5017/lib/jquery-validation/dist/jquery.validate.min.js, Response status code: 404
2024-11-04 15:51:33.417 +01:00 [INF] Request starting HTTP/1.1 GET http://localhost:5017/lib/jquery-validation-unobtrusive/jquery.validate.unobtrusive.min.js - null null
2024-11-04 15:51:33.417 +01:00 [INF] Request finished HTTP/1.1 GET http://localhost:5017/lib/jquery-validation-unobtrusive/jquery.validate.unobtrusive.min.js - 404 0 null 0.2914ms
2024-11-04 15:51:33.417 +01:00 [INF] Request reached the end of the middleware pipeline without being handled by application code. Request path: GET http://localhost:5017/lib/jquery-validation-unobtrusive/jquery.validate.unobtrusive.min.js, Response status code: 404
2024-11-04 15:51:41.876 +01:00 [INF] Request starting HTTP/1.1 POST http://localhost:5017/Identity/Account/Register - application/x-www-form-urlencoded 276
2024-11-04 15:51:41.877 +01:00 [INF] Executing endpoint '/Account/Register'
2024-11-04 15:51:41.877 +01:00 [INF] Route matched with {page = "/Account/Register", area = "Identity", action = "", controller = ""}. Executing page /Account/Register
2024-11-04 15:51:41.889 +01:00 [INF] Executing handler method MyShop.Areas.Identity.Pages.Account.RegisterModel.OnPostAsync - ModelState is "Valid"
2024-11-04 15:51:42.511 +01:00 [INF] User created a new account with password.
2024-11-04 15:51:42.603 +01:00 [INF] AuthenticationScheme: Identity.Application signed in.
2024-11-04 15:51:42.603 +01:00 [INF] Executed handler method OnPostAsync, returned result Microsoft.AspNetCore.Mvc.LocalRedirectResult.
2024-11-04 15:51:42.603 +01:00 [INF] Executing LocalRedirectResult, redirecting to /.
2024-11-04 15:51:42.604 +01:00 [INF] Executed page /Account/Register in 726.7451ms
2024-11-04 15:51:42.604 +01:00 [INF] Executed endpoint '/Account/Register'
2024-11-04 15:51:42.604 +01:00 [INF] Request finished HTTP/1.1 POST http://localhost:5017/Identity/Account/Register - 302 0 null 728.2762ms
2024-11-04 15:51:42.612 +01:00 [INF] Request starting HTTP/1.1 GET http://localhost:5017/ - null null
2024-11-04 15:51:42.613 +01:00 [INF] Executing endpoint 'MyShop.Controllers.HomeController.Index (MyShop)'
2024-11-04 15:51:42.614 +01:00 [INF] Route matched with {action = "Index", controller = "Home", page = "", area = ""}. Executing controller action with signature Microsoft.AspNetCore.Mvc.IActionResult Index() on controller MyShop.Controllers.HomeController (MyShop).
2024-11-04 15:51:42.614 +01:00 [INF] Executing ViewResult, running view Index.
2024-11-04 15:51:42.615 +01:00 [INF] Executed ViewResult - view Index executed in 1.6374ms.
2024-11-04 15:51:42.615 +01:00 [INF] Executed action MyShop.Controllers.HomeController.Index (MyShop) in 1.8872ms
2024-11-04 15:51:42.616 +01:00 [INF] Executed endpoint 'MyShop.Controllers.HomeController.Index (MyShop)'
2024-11-04 15:51:42.616 +01:00 [INF] Request finished HTTP/1.1 GET http://localhost:5017/ - 200 null text/html; charset=utf-8 3.8073ms
2024-11-04 15:51:44.249 +01:00 [INF] Request starting HTTP/1.1 GET http://localhost:5017/Identity/Account/Manage - null null
2024-11-04 15:51:44.252 +01:00 [INF] Executing endpoint '/Account/Manage/Index'
2024-11-04 15:51:44.252 +01:00 [INF] Route matched with {page = "/Account/Manage/Index", area = "Identity", action = "", controller = ""}. Executing page /Account/Manage/Index
2024-11-04 15:51:44.253 +01:00 [INF] Executing handler method MyShop.Areas.Identity.Pages.Account.Manage.IndexModel.OnGetAsync - ModelState is "Valid"
2024-11-04 15:51:44.279 +01:00 [INF] Executed handler method OnGetAsync, returned result Microsoft.AspNetCore.Mvc.RazorPages.PageResult.
2024-11-04 15:51:44.329 +01:00 [INF] Executed page /Account/Manage/Index in 76.4515ms
2024-11-04 15:51:44.329 +01:00 [INF] Executed endpoint '/Account/Manage/Index'
2024-11-04 15:51:44.331 +01:00 [INF] Request finished HTTP/1.1 GET http://localhost:5017/Identity/Account/Manage - 200 null text/html; charset=utf-8 81.8207ms
2024-11-04 15:51:44.349 +01:00 [INF] Request starting HTTP/1.1 GET http://localhost:5017/lib/jquery-validation/dist/jquery.validate.min.js - null null
2024-11-04 15:51:44.350 +01:00 [INF] Request starting HTTP/1.1 GET http://localhost:5017/lib/jquery-validation-unobtrusive/jquery.validate.unobtrusive.min.js - null null
2024-11-04 15:51:44.350 +01:00 [INF] Request finished HTTP/1.1 GET http://localhost:5017/lib/jquery-validation-unobtrusive/jquery.validate.unobtrusive.min.js - 404 0 null 0.6172ms
2024-11-04 15:51:44.350 +01:00 [INF] Request finished HTTP/1.1 GET http://localhost:5017/lib/jquery-validation/dist/jquery.validate.min.js - 404 0 null 0.9808ms
2024-11-04 15:51:44.350 +01:00 [INF] Request reached the end of the middleware pipeline without being handled by application code. Request path: GET http://localhost:5017/lib/jquery-validation-unobtrusive/jquery.validate.unobtrusive.min.js, Response status code: 404
2024-11-04 15:51:44.351 +01:00 [INF] Request reached the end of the middleware pipeline without being handled by application code. Request path: GET http://localhost:5017/lib/jquery-validation/dist/jquery.validate.min.js, Response status code: 404
2024-11-04 15:51:45.878 +01:00 [INF] Request starting HTTP/1.1 GET http://localhost:5017/Identity/Account/Manage/Email - null null
2024-11-04 15:51:45.879 +01:00 [INF] Executing endpoint '/Account/Manage/Email'
2024-11-04 15:51:45.884 +01:00 [INF] Route matched with {page = "/Account/Manage/Email", area = "Identity", action = "", controller = ""}. Executing page /Account/Manage/Email
2024-11-04 15:51:45.886 +01:00 [INF] Executing handler method MyShop.Areas.Identity.Pages.Account.Manage.EmailModel.OnGetAsync - ModelState is "Valid"
2024-11-04 15:51:45.898 +01:00 [INF] Executed handler method OnGetAsync, returned result Microsoft.AspNetCore.Mvc.RazorPages.PageResult.
2024-11-04 15:51:45.936 +01:00 [INF] Executed page /Account/Manage/Email in 51.5994ms
2024-11-04 15:51:45.936 +01:00 [INF] Executed endpoint '/Account/Manage/Email'
2024-11-04 15:51:45.937 +01:00 [INF] Request finished HTTP/1.1 GET http://localhost:5017/Identity/Account/Manage/Email - 200 null text/html; charset=utf-8 58.822ms
2024-11-04 15:51:45.959 +01:00 [INF] Request starting HTTP/1.1 GET http://localhost:5017/lib/jquery-validation/dist/jquery.validate.min.js - null null
2024-11-04 15:51:45.959 +01:00 [INF] Request starting HTTP/1.1 GET http://localhost:5017/lib/jquery-validation-unobtrusive/jquery.validate.unobtrusive.min.js - null null
2024-11-04 15:51:45.960 +01:00 [INF] Request finished HTTP/1.1 GET http://localhost:5017/lib/jquery-validation/dist/jquery.validate.min.js - 404 0 null 0.9784ms
2024-11-04 15:51:45.960 +01:00 [INF] Request reached the end of the middleware pipeline without being handled by application code. Request path: GET http://localhost:5017/lib/jquery-validation/dist/jquery.validate.min.js, Response status code: 404
2024-11-04 15:51:45.960 +01:00 [INF] Request finished HTTP/1.1 GET http://localhost:5017/lib/jquery-validation-unobtrusive/jquery.validate.unobtrusive.min.js - 404 0 null 0.9578ms
2024-11-04 15:51:45.960 +01:00 [INF] Request reached the end of the middleware pipeline without being handled by application code. Request path: GET http://localhost:5017/lib/jquery-validation-unobtrusive/jquery.validate.unobtrusive.min.js, Response status code: 404
2024-11-04 15:51:49.548 +01:00 [INF] Request starting HTTP/1.1 GET http://localhost:5017/Identity/Account/Manage/ChangePassword - null null
2024-11-04 15:51:49.556 +01:00 [INF] Executing endpoint '/Account/Manage/ChangePassword'
2024-11-04 15:51:49.565 +01:00 [INF] Route matched with {page = "/Account/Manage/ChangePassword", area = "Identity", action = "", controller = ""}. Executing page /Account/Manage/ChangePassword
2024-11-04 15:51:49.566 +01:00 [INF] Executing handler method MyShop.Areas.Identity.Pages.Account.Manage.ChangePasswordModel.OnGetAsync - ModelState is "Valid"
2024-11-04 15:51:49.572 +01:00 [INF] Executed handler method OnGetAsync, returned result Microsoft.AspNetCore.Mvc.RazorPages.PageResult.
2024-11-04 15:51:49.607 +01:00 [INF] Executed page /Account/Manage/ChangePassword in 42.3081ms
2024-11-04 15:51:49.607 +01:00 [INF] Executed endpoint '/Account/Manage/ChangePassword'
2024-11-04 15:51:49.608 +01:00 [INF] Request finished HTTP/1.1 GET http://localhost:5017/Identity/Account/Manage/ChangePassword - 200 null text/html; charset=utf-8 59.746ms
2024-11-04 15:51:49.631 +01:00 [INF] Request starting HTTP/1.1 GET http://localhost:5017/lib/jquery-validation/dist/jquery.validate.min.js - null null
2024-11-04 15:51:49.631 +01:00 [INF] Request starting HTTP/1.1 GET http://localhost:5017/lib/jquery-validation-unobtrusive/jquery.validate.unobtrusive.min.js - null null
2024-11-04 15:51:49.632 +01:00 [INF] Request finished HTTP/1.1 GET http://localhost:5017/lib/jquery-validation-unobtrusive/jquery.validate.unobtrusive.min.js - 404 0 null 1.0984ms
2024-11-04 15:51:49.633 +01:00 [INF] Request finished HTTP/1.1 GET http://localhost:5017/lib/jquery-validation/dist/jquery.validate.min.js - 404 0 null 1.5388ms
2024-11-04 15:51:49.633 +01:00 [INF] Request reached the end of the middleware pipeline without being handled by application code. Request path: GET http://localhost:5017/lib/jquery-validation/dist/jquery.validate.min.js, Response status code: 404
2024-11-04 15:51:49.633 +01:00 [INF] Request reached the end of the middleware pipeline without being handled by application code. Request path: GET http://localhost:5017/lib/jquery-validation-unobtrusive/jquery.validate.unobtrusive.min.js, Response status code: 404
2024-11-04 15:52:50.721 +01:00 [INF] Request starting HTTP/1.1 GET http://localhost:5017/Identity/Account/Manage - null null
2024-11-04 15:52:50.722 +01:00 [INF] Executing endpoint '/Account/Manage/Index'
2024-11-04 15:52:50.722 +01:00 [INF] Route matched with {page = "/Account/Manage/Index", area = "Identity", action = "", controller = ""}. Executing page /Account/Manage/Index
2024-11-04 15:52:50.722 +01:00 [INF] Executing handler method MyShop.Areas.Identity.Pages.Account.Manage.IndexModel.OnGetAsync - ModelState is "Valid"
2024-11-04 15:52:50.725 +01:00 [INF] Executed handler method OnGetAsync, returned result Microsoft.AspNetCore.Mvc.RazorPages.PageResult.
2024-11-04 15:52:50.727 +01:00 [INF] Executed page /Account/Manage/Index in 4.7131ms
2024-11-04 15:52:50.727 +01:00 [INF] Executed endpoint '/Account/Manage/Index'
2024-11-04 15:52:50.727 +01:00 [INF] Request finished HTTP/1.1 GET http://localhost:5017/Identity/Account/Manage - 200 null text/html; charset=utf-8 5.9862ms
2024-11-04 15:52:50.747 +01:00 [INF] Request starting HTTP/1.1 GET http://localhost:5017/lib/jquery-validation/dist/jquery.validate.min.js - null null
2024-11-04 15:52:50.747 +01:00 [INF] Request starting HTTP/1.1 GET http://localhost:5017/lib/jquery-validation-unobtrusive/jquery.validate.unobtrusive.min.js - null null
2024-11-04 15:52:50.748 +01:00 [INF] Request finished HTTP/1.1 GET http://localhost:5017/lib/jquery-validation-unobtrusive/jquery.validate.unobtrusive.min.js - 404 0 null 0.6222ms
2024-11-04 15:52:50.748 +01:00 [INF] Request finished HTTP/1.1 GET http://localhost:5017/lib/jquery-validation/dist/jquery.validate.min.js - 404 0 null 0.9119ms
2024-11-04 15:52:50.748 +01:00 [INF] Request reached the end of the middleware pipeline without being handled by application code. Request path: GET http://localhost:5017/lib/jquery-validation-unobtrusive/jquery.validate.unobtrusive.min.js, Response status code: 404
2024-11-04 15:52:50.748 +01:00 [INF] Request reached the end of the middleware pipeline without being handled by application code. Request path: GET http://localhost:5017/lib/jquery-validation/dist/jquery.validate.min.js, Response status code: 404
2024-11-04 15:52:55.018 +01:00 [INF] Request starting HTTP/1.1 GET http://localhost:5017/Identity/Account/Manage/Email - null null
2024-11-04 15:52:55.019 +01:00 [INF] Executing endpoint '/Account/Manage/Email'
2024-11-04 15:52:55.019 +01:00 [INF] Route matched with {page = "/Account/Manage/Email", area = "Identity", action = "", controller = ""}. Executing page /Account/Manage/Email
2024-11-04 15:52:55.019 +01:00 [INF] Executing handler method MyShop.Areas.Identity.Pages.Account.Manage.EmailModel.OnGetAsync - ModelState is "Valid"
2024-11-04 15:52:55.021 +01:00 [INF] Executed handler method OnGetAsync, returned result Microsoft.AspNetCore.Mvc.RazorPages.PageResult.
2024-11-04 15:52:55.024 +01:00 [INF] Executed page /Account/Manage/Email in 4.3543ms
2024-11-04 15:52:55.024 +01:00 [INF] Executed endpoint '/Account/Manage/Email'
2024-11-04 15:52:55.024 +01:00 [INF] Request finished HTTP/1.1 GET http://localhost:5017/Identity/Account/Manage/Email - 200 null text/html; charset=utf-8 5.498ms
2024-11-04 15:52:55.050 +01:00 [INF] Request starting HTTP/1.1 GET http://localhost:5017/lib/jquery-validation/dist/jquery.validate.min.js - null null
2024-11-04 15:52:55.051 +01:00 [INF] Request finished HTTP/1.1 GET http://localhost:5017/lib/jquery-validation/dist/jquery.validate.min.js - 404 0 null 1.0969ms
2024-11-04 15:52:55.051 +01:00 [INF] Request reached the end of the middleware pipeline without being handled by application code. Request path: GET http://localhost:5017/lib/jquery-validation/dist/jquery.validate.min.js, Response status code: 404
2024-11-04 15:52:55.069 +01:00 [INF] Request starting HTTP/1.1 GET http://localhost:5017/lib/jquery-validation-unobtrusive/jquery.validate.unobtrusive.min.js - null null
2024-11-04 15:52:55.069 +01:00 [INF] Request finished HTTP/1.1 GET http://localhost:5017/lib/jquery-validation-unobtrusive/jquery.validate.unobtrusive.min.js - 404 0 null 0.8066ms
2024-11-04 15:52:55.070 +01:00 [INF] Request reached the end of the middleware pipeline without being handled by application code. Request path: GET http://localhost:5017/lib/jquery-validation-unobtrusive/jquery.validate.unobtrusive.min.js, Response status code: 404
2024-11-04 15:52:57.642 +01:00 [INF] Request starting HTTP/1.1 GET http://localhost:5017/Identity/Account/Manage/ChangePassword - null null
2024-11-04 15:52:57.643 +01:00 [INF] Executing endpoint '/Account/Manage/ChangePassword'
2024-11-04 15:52:57.643 +01:00 [INF] Route matched with {page = "/Account/Manage/ChangePassword", area = "Identity", action = "", controller = ""}. Executing page /Account/Manage/ChangePassword
2024-11-04 15:52:57.643 +01:00 [INF] Executing handler method MyShop.Areas.Identity.Pages.Account.Manage.ChangePasswordModel.OnGetAsync - ModelState is "Valid"
2024-11-04 15:52:57.645 +01:00 [INF] Executed handler method OnGetAsync, returned result Microsoft.AspNetCore.Mvc.RazorPages.PageResult.
2024-11-04 15:52:57.648 +01:00 [INF] Executed page /Account/Manage/ChangePassword in 4.591ms
2024-11-04 15:52:57.648 +01:00 [INF] Executed endpoint '/Account/Manage/ChangePassword'
2024-11-04 15:52:57.648 +01:00 [INF] Request finished HTTP/1.1 GET http://localhost:5017/Identity/Account/Manage/ChangePassword - 200 null text/html; charset=utf-8 5.6478ms
2024-11-04 15:52:57.667 +01:00 [INF] Request starting HTTP/1.1 GET http://localhost:5017/lib/jquery-validation-unobtrusive/jquery.validate.unobtrusive.min.js - null null
2024-11-04 15:52:57.667 +01:00 [INF] Request starting HTTP/1.1 GET http://localhost:5017/lib/jquery-validation/dist/jquery.validate.min.js - null null
2024-11-04 15:52:57.668 +01:00 [INF] Request finished HTTP/1.1 GET http://localhost:5017/lib/jquery-validation-unobtrusive/jquery.validate.unobtrusive.min.js - 404 0 null 1.0282ms
2024-11-04 15:52:57.668 +01:00 [INF] Request finished HTTP/1.1 GET http://localhost:5017/lib/jquery-validation/dist/jquery.validate.min.js - 404 0 null 1.0412ms
2024-11-04 15:52:57.668 +01:00 [INF] Request reached the end of the middleware pipeline without being handled by application code. Request path: GET http://localhost:5017/lib/jquery-validation-unobtrusive/jquery.validate.unobtrusive.min.js, Response status code: 404
2024-11-04 15:52:57.668 +01:00 [INF] Request reached the end of the middleware pipeline without being handled by application code. Request path: GET http://localhost:5017/lib/jquery-validation/dist/jquery.validate.min.js, Response status code: 404
2024-11-04 15:53:50.945 +01:00 [INF] Request starting HTTP/1.1 GET http://localhost:5017/Identity/Account/Manage - null null
2024-11-04 15:53:50.946 +01:00 [INF] Executing endpoint '/Account/Manage/Index'
2024-11-04 15:53:50.946 +01:00 [INF] Route matched with {page = "/Account/Manage/Index", area = "Identity", action = "", controller = ""}. Executing page /Account/Manage/Index
2024-11-04 15:53:50.946 +01:00 [INF] Executing handler method MyShop.Areas.Identity.Pages.Account.Manage.IndexModel.OnGetAsync - ModelState is "Valid"
2024-11-04 15:53:50.948 +01:00 [INF] Executed handler method OnGetAsync, returned result Microsoft.AspNetCore.Mvc.RazorPages.PageResult.
2024-11-04 15:53:50.951 +01:00 [INF] Executed page /Account/Manage/Index in 4.2104ms
2024-11-04 15:53:50.951 +01:00 [INF] Executed endpoint '/Account/Manage/Index'
2024-11-04 15:53:50.951 +01:00 [INF] Request finished HTTP/1.1 GET http://localhost:5017/Identity/Account/Manage - 200 null text/html; charset=utf-8 5.2515ms
2024-11-04 15:53:50.968 +01:00 [INF] Request starting HTTP/1.1 GET http://localhost:5017/lib/jquery-validation-unobtrusive/jquery.validate.unobtrusive.min.js - null null
2024-11-04 15:53:50.968 +01:00 [INF] Request starting HTTP/1.1 GET http://localhost:5017/lib/jquery-validation/dist/jquery.validate.min.js - null null
2024-11-04 15:53:50.968 +01:00 [INF] Request finished HTTP/1.1 GET http://localhost:5017/lib/jquery-validation-unobtrusive/jquery.validate.unobtrusive.min.js - 404 0 null 0.7209ms
2024-11-04 15:53:50.968 +01:00 [INF] Request reached the end of the middleware pipeline without being handled by application code. Request path: GET http://localhost:5017/lib/jquery-validation-unobtrusive/jquery.validate.unobtrusive.min.js, Response status code: 404
2024-11-04 15:53:50.968 +01:00 [INF] Request finished HTTP/1.1 GET http://localhost:5017/lib/jquery-validation/dist/jquery.validate.min.js - 404 0 null 0.6804ms
2024-11-04 15:53:50.968 +01:00 [INF] Request reached the end of the middleware pipeline without being handled by application code. Request path: GET http://localhost:5017/lib/jquery-validation/dist/jquery.validate.min.js, Response status code: 404
2024-11-04 15:53:54.584 +01:00 [INF] Request starting HTTP/1.1 GET http://localhost:5017/Identity/Account/Manage/Email - null null
2024-11-04 15:53:54.585 +01:00 [INF] Executing endpoint '/Account/Manage/Email'
2024-11-04 15:53:54.585 +01:00 [INF] Route matched with {page = "/Account/Manage/Email", area = "Identity", action = "", controller = ""}. Executing page /Account/Manage/Email
2024-11-04 15:53:54.586 +01:00 [INF] Executing handler method MyShop.Areas.Identity.Pages.Account.Manage.EmailModel.OnGetAsync - ModelState is "Valid"
2024-11-04 15:53:54.588 +01:00 [INF] Executed handler method OnGetAsync, returned result Microsoft.AspNetCore.Mvc.RazorPages.PageResult.
2024-11-04 15:53:54.591 +01:00 [INF] Executed page /Account/Manage/Email in 5.974ms
2024-11-04 15:53:54.592 +01:00 [INF] Executed endpoint '/Account/Manage/Email'
2024-11-04 15:53:54.592 +01:00 [INF] Request finished HTTP/1.1 GET http://localhost:5017/Identity/Account/Manage/Email - 200 null text/html; charset=utf-8 7.6715ms
2024-11-04 15:53:54.610 +01:00 [INF] Request starting HTTP/1.1 GET http://localhost:5017/lib/jquery-validation/dist/jquery.validate.min.js - null null
2024-11-04 15:53:54.610 +01:00 [INF] Request finished HTTP/1.1 GET http://localhost:5017/lib/jquery-validation/dist/jquery.validate.min.js - 404 0 null 0.8276ms
2024-11-04 15:53:54.610 +01:00 [INF] Request reached the end of the middleware pipeline without being handled by application code. Request path: GET http://localhost:5017/lib/jquery-validation/dist/jquery.validate.min.js, Response status code: 404
2024-11-04 15:53:54.627 +01:00 [INF] Request starting HTTP/1.1 GET http://localhost:5017/lib/jquery-validation-unobtrusive/jquery.validate.unobtrusive.min.js - null null
2024-11-04 15:53:54.628 +01:00 [INF] Request finished HTTP/1.1 GET http://localhost:5017/lib/jquery-validation-unobtrusive/jquery.validate.unobtrusive.min.js - 404 0 null 1.0687ms
2024-11-04 15:53:54.628 +01:00 [INF] Request reached the end of the middleware pipeline without being handled by application code. Request path: GET http://localhost:5017/lib/jquery-validation-unobtrusive/jquery.validate.unobtrusive.min.js, Response status code: 404
2024-11-04 15:54:05.228 +01:00 [INF] Request starting HTTP/1.1 POST http://localhost:5017/Identity/Account/Manage/Email?handler=SendVerificationEmail - application/x-www-form-urlencoded 255
2024-11-04 15:54:05.228 +01:00 [INF] Executing endpoint '/Account/Manage/Email'
2024-11-04 15:54:05.229 +01:00 [INF] Route matched with {page = "/Account/Manage/Email", area = "Identity", action = "", controller = ""}. Executing page /Account/Manage/Email
2024-11-04 15:54:05.230 +01:00 [INF] Executing handler method MyShop.Areas.Identity.Pages.Account.Manage.EmailModel.OnPostSendVerificationEmailAsync - ModelState is "Valid"
2024-11-04 15:54:05.236 +01:00 [INF] Executed handler method OnPostSendVerificationEmailAsync, returned result Microsoft.AspNetCore.Mvc.RedirectToPageResult.
2024-11-04 15:54:05.236 +01:00 [INF] Executing RedirectToPageResult, redirecting to null.
2024-11-04 15:54:05.237 +01:00 [INF] Executed page /Account/Manage/Email in 7.9776ms
2024-11-04 15:54:05.237 +01:00 [INF] Executed endpoint '/Account/Manage/Email'
2024-11-04 15:54:05.237 +01:00 [INF] Request finished HTTP/1.1 POST http://localhost:5017/Identity/Account/Manage/Email?handler=SendVerificationEmail - 302 0 null 9.4591ms
2024-11-04 15:54:05.242 +01:00 [INF] Request starting HTTP/1.1 GET http://localhost:5017/Identity/Account/Manage/Email - null null
2024-11-04 15:54:05.242 +01:00 [INF] Executing endpoint '/Account/Manage/Email'
2024-11-04 15:54:05.242 +01:00 [INF] Route matched with {page = "/Account/Manage/Email", area = "Identity", action = "", controller = ""}. Executing page /Account/Manage/Email
2024-11-04 15:54:05.243 +01:00 [INF] Executing handler method MyShop.Areas.Identity.Pages.Account.Manage.EmailModel.OnGetAsync - ModelState is "Valid"
2024-11-04 15:54:05.244 +01:00 [INF] Executed handler method OnGetAsync, returned result Microsoft.AspNetCore.Mvc.RazorPages.PageResult.
2024-11-04 15:54:05.246 +01:00 [INF] Executed page /Account/Manage/Email in 3.4582ms
2024-11-04 15:54:05.246 +01:00 [INF] Executed endpoint '/Account/Manage/Email'
2024-11-04 15:54:05.246 +01:00 [INF] Request finished HTTP/1.1 GET http://localhost:5017/Identity/Account/Manage/Email - 200 null text/html; charset=utf-8 4.4757ms
2024-11-04 15:54:05.265 +01:00 [INF] Request starting HTTP/1.1 GET http://localhost:5017/lib/jquery-validation/dist/jquery.validate.min.js - null null
2024-11-04 15:54:05.266 +01:00 [INF] Request starting HTTP/1.1 GET http://localhost:5017/lib/jquery-validation-unobtrusive/jquery.validate.unobtrusive.min.js - null null
2024-11-04 15:54:05.266 +01:00 [INF] Request finished HTTP/1.1 GET http://localhost:5017/lib/jquery-validation/dist/jquery.validate.min.js - 404 0 null 0.7613ms
2024-11-04 15:54:05.266 +01:00 [INF] Request reached the end of the middleware pipeline without being handled by application code. Request path: GET http://localhost:5017/lib/jquery-validation/dist/jquery.validate.min.js, Response status code: 404
2024-11-04 15:54:05.266 +01:00 [INF] Request finished HTTP/1.1 GET http://localhost:5017/lib/jquery-validation-unobtrusive/jquery.validate.unobtrusive.min.js - 404 0 null 0.4405ms
2024-11-04 15:54:05.266 +01:00 [INF] Request reached the end of the middleware pipeline without being handled by application code. Request path: GET http://localhost:5017/lib/jquery-validation-unobtrusive/jquery.validate.unobtrusive.min.js, Response status code: 404
2024-11-04 15:55:24.850 +01:00 [INF] Request starting HTTP/1.1 POST http://localhost:5017/Identity/Account/Logout?returnUrl=%2F - application/x-www-form-urlencoded 225
2024-11-04 15:55:24.851 +01:00 [INF] Executing endpoint '/Account/Logout'
2024-11-04 15:55:24.851 +01:00 [INF] Route matched with {page = "/Account/Logout", area = "Identity", action = "", controller = ""}. Executing page /Account/Logout
2024-11-04 15:55:24.852 +01:00 [INF] Executing handler method MyShop.Areas.Identity.Pages.Account.LogoutModel.OnPost - ModelState is "Valid"
2024-11-04 15:55:24.852 +01:00 [INF] AuthenticationScheme: Identity.Application signed out.
2024-11-04 15:55:24.852 +01:00 [INF] AuthenticationScheme: Identity.External signed out.
2024-11-04 15:55:24.852 +01:00 [INF] AuthenticationScheme: Identity.TwoFactorUserId signed out.
2024-11-04 15:55:24.852 +01:00 [INF] User logged out.
2024-11-04 15:55:24.852 +01:00 [INF] Executed handler method OnPost, returned result Microsoft.AspNetCore.Mvc.LocalRedirectResult.
2024-11-04 15:55:24.852 +01:00 [INF] Executing LocalRedirectResult, redirecting to /.
2024-11-04 15:55:24.853 +01:00 [INF] Executed page /Account/Logout in 1.3413ms
2024-11-04 15:55:24.853 +01:00 [INF] Executed endpoint '/Account/Logout'
2024-11-04 15:55:24.853 +01:00 [INF] Request finished HTTP/1.1 POST http://localhost:5017/Identity/Account/Logout?returnUrl=%2F - 302 0 null 3.1273ms
2024-11-04 15:55:24.859 +01:00 [INF] Request starting HTTP/1.1 GET http://localhost:5017/ - null null
2024-11-04 15:55:24.859 +01:00 [INF] Executing endpoint 'MyShop.Controllers.HomeController.Index (MyShop)'
2024-11-04 15:55:24.859 +01:00 [INF] Route matched with {action = "Index", controller = "Home", page = "", area = ""}. Executing controller action with signature Microsoft.AspNetCore.Mvc.IActionResult Index() on controller MyShop.Controllers.HomeController (MyShop).
2024-11-04 15:55:24.859 +01:00 [INF] Executing ViewResult, running view Index.
2024-11-04 15:55:24.860 +01:00 [INF] Executed ViewResult - view Index executed in 1.0825ms.
2024-11-04 15:55:24.860 +01:00 [INF] Executed action MyShop.Controllers.HomeController.Index (MyShop) in 1.2398ms
2024-11-04 15:55:24.860 +01:00 [INF] Executed endpoint 'MyShop.Controllers.HomeController.Index (MyShop)'
2024-11-04 15:55:24.861 +01:00 [INF] Request finished HTTP/1.1 GET http://localhost:5017/ - 200 null text/html; charset=utf-8 1.8629ms
2024-11-04 15:55:26.043 +01:00 [INF] Request starting HTTP/1.1 GET http://localhost:5017/Identity/Account/Login - null null
2024-11-04 15:55:26.043 +01:00 [INF] Executing endpoint '/Account/Login'
2024-11-04 15:55:26.043 +01:00 [INF] Route matched with {page = "/Account/Login", area = "Identity", action = "", controller = ""}. Executing page /Account/Login
2024-11-04 15:55:26.044 +01:00 [INF] Executing handler method MyShop.Areas.Identity.Pages.Account.LoginModel.OnGetAsync - ModelState is "Valid"
2024-11-04 15:55:26.044 +01:00 [INF] AuthenticationScheme: Identity.External signed out.
2024-11-04 15:55:26.044 +01:00 [INF] Executed handler method OnGetAsync, returned result .
2024-11-04 15:55:26.044 +01:00 [INF] Executing an implicit handler method - ModelState is "Valid"
2024-11-04 15:55:26.044 +01:00 [INF] Executed an implicit handler method, returned result Microsoft.AspNetCore.Mvc.RazorPages.PageResult.
2024-11-04 15:55:26.046 +01:00 [INF] Executed page /Account/Login in 2.8704ms
2024-11-04 15:55:26.046 +01:00 [INF] Executed endpoint '/Account/Login'
2024-11-04 15:55:26.046 +01:00 [INF] Request finished HTTP/1.1 GET http://localhost:5017/Identity/Account/Login - 200 null text/html; charset=utf-8 3.4631ms
2024-11-04 15:55:26.071 +01:00 [INF] Request starting HTTP/1.1 GET http://localhost:5017/css/Login.css - null null
2024-11-04 15:55:26.072 +01:00 [INF] The file /css/Login.css was not modified
2024-11-04 15:55:26.072 +01:00 [INF] Request finished HTTP/1.1 GET http://localhost:5017/css/Login.css - 304 null text/css 0.9526ms
2024-11-04 15:55:26.097 +01:00 [INF] Request starting HTTP/1.1 GET http://localhost:5017/lib/jquery-validation/dist/jquery.validate.min.js - null null
2024-11-04 15:55:26.097 +01:00 [INF] Request finished HTTP/1.1 GET http://localhost:5017/lib/jquery-validation/dist/jquery.validate.min.js - 404 0 null 0.4081ms
2024-11-04 15:55:26.097 +01:00 [INF] Request reached the end of the middleware pipeline without being handled by application code. Request path: GET http://localhost:5017/lib/jquery-validation/dist/jquery.validate.min.js, Response status code: 404
2024-11-04 15:55:26.102 +01:00 [INF] Request starting HTTP/1.1 GET http://localhost:5017/lib/jquery-validation-unobtrusive/jquery.validate.unobtrusive.min.js - null null
2024-11-04 15:55:26.103 +01:00 [INF] Request finished HTTP/1.1 GET http://localhost:5017/lib/jquery-validation-unobtrusive/jquery.validate.unobtrusive.min.js - 404 0 null 0.3545ms
2024-11-04 15:55:26.103 +01:00 [INF] Request reached the end of the middleware pipeline without being handled by application code. Request path: GET http://localhost:5017/lib/jquery-validation-unobtrusive/jquery.validate.unobtrusive.min.js, Response status code: 404
2024-11-04 15:58:19.315 +01:00 [INF] Request starting HTTP/1.1 GET http://localhost:5017/Identity/Account/Register - null null
2024-11-04 15:58:19.316 +01:00 [INF] Executing endpoint '/Account/Register'
2024-11-04 15:58:19.316 +01:00 [INF] Route matched with {page = "/Account/Register", area = "Identity", action = "", controller = ""}. Executing page /Account/Register
2024-11-04 15:58:19.316 +01:00 [INF] Executing handler method MyShop.Areas.Identity.Pages.Account.RegisterModel.OnGetAsync - ModelState is "Valid"
2024-11-04 15:58:19.316 +01:00 [INF] Executed handler method OnGetAsync, returned result .
2024-11-04 15:58:19.316 +01:00 [INF] Executing an implicit handler method - ModelState is "Valid"
2024-11-04 15:58:19.316 +01:00 [INF] Executed an implicit handler method, returned result Microsoft.AspNetCore.Mvc.RazorPages.PageResult.
2024-11-04 15:58:19.319 +01:00 [INF] Executed page /Account/Register in 3.0916ms
2024-11-04 15:58:19.319 +01:00 [INF] Executed endpoint '/Account/Register'
2024-11-04 15:58:19.319 +01:00 [INF] Request finished HTTP/1.1 GET http://localhost:5017/Identity/Account/Register - 200 null text/html; charset=utf-8 3.743ms
2024-11-04 15:58:19.346 +01:00 [INF] Request starting HTTP/1.1 GET http://localhost:5017/images/logo.png - null null
2024-11-04 15:58:19.346 +01:00 [INF] The file /images/logo.png was not modified
2024-11-04 15:58:19.346 +01:00 [INF] Request finished HTTP/1.1 GET http://localhost:5017/images/logo.png - 304 null image/png 0.5394ms
2024-11-04 15:58:19.352 +01:00 [INF] Request starting HTTP/1.1 GET http://localhost:5017/lib/jquery-validation/dist/jquery.validate.min.js - null null
2024-11-04 15:58:19.352 +01:00 [INF] Request finished HTTP/1.1 GET http://localhost:5017/lib/jquery-validation/dist/jquery.validate.min.js - 404 0 null 0.3774ms
2024-11-04 15:58:19.352 +01:00 [INF] Request reached the end of the middleware pipeline without being handled by application code. Request path: GET http://localhost:5017/lib/jquery-validation/dist/jquery.validate.min.js, Response status code: 404
2024-11-04 15:58:19.399 +01:00 [INF] Request starting HTTP/1.1 GET http://localhost:5017/lib/jquery-validation-unobtrusive/jquery.validate.unobtrusive.min.js - null null
2024-11-04 15:58:19.400 +01:00 [INF] Request finished HTTP/1.1 GET http://localhost:5017/lib/jquery-validation-unobtrusive/jquery.validate.unobtrusive.min.js - 404 0 null 0.4343ms
2024-11-04 15:58:19.400 +01:00 [INF] Request reached the end of the middleware pipeline without being handled by application code. Request path: GET http://localhost:5017/lib/jquery-validation-unobtrusive/jquery.validate.unobtrusive.min.js, Response status code: 404
2024-11-04 15:58:20.581 +01:00 [INF] Request starting HTTP/1.1 GET http://localhost:5017/Identity/Account/Login - null null
2024-11-04 15:58:20.581 +01:00 [INF] Executing endpoint '/Account/Login'
2024-11-04 15:58:20.581 +01:00 [INF] Route matched with {page = "/Account/Login", area = "Identity", action = "", controller = ""}. Executing page /Account/Login
2024-11-04 15:58:20.581 +01:00 [INF] Executing handler method MyShop.Areas.Identity.Pages.Account.LoginModel.OnGetAsync - ModelState is "Valid"
2024-11-04 15:58:20.582 +01:00 [INF] AuthenticationScheme: Identity.External signed out.
2024-11-04 15:58:20.582 +01:00 [INF] Executed handler method OnGetAsync, returned result .
2024-11-04 15:58:20.582 +01:00 [INF] Executing an implicit handler method - ModelState is "Valid"
2024-11-04 15:58:20.582 +01:00 [INF] Executed an implicit handler method, returned result Microsoft.AspNetCore.Mvc.RazorPages.PageResult.
2024-11-04 15:58:20.583 +01:00 [INF] Executed page /Account/Login in 2.3497ms
2024-11-04 15:58:20.583 +01:00 [INF] Executed endpoint '/Account/Login'
2024-11-04 15:58:20.583 +01:00 [INF] Request finished HTTP/1.1 GET http://localhost:5017/Identity/Account/Login - 200 null text/html; charset=utf-8 2.822ms
2024-11-04 15:58:20.630 +01:00 [INF] Request starting HTTP/1.1 GET http://localhost:5017/lib/jquery-validation/dist/jquery.validate.min.js - null null
2024-11-04 15:58:20.630 +01:00 [INF] Request finished HTTP/1.1 GET http://localhost:5017/lib/jquery-validation/dist/jquery.validate.min.js - 404 0 null 0.3531ms
2024-11-04 15:58:20.631 +01:00 [INF] Request reached the end of the middleware pipeline without being handled by application code. Request path: GET http://localhost:5017/lib/jquery-validation/dist/jquery.validate.min.js, Response status code: 404
2024-11-04 15:58:20.634 +01:00 [INF] Request starting HTTP/1.1 GET http://localhost:5017/lib/jquery-validation-unobtrusive/jquery.validate.unobtrusive.min.js - null null
2024-11-04 15:58:20.635 +01:00 [INF] Request finished HTTP/1.1 GET http://localhost:5017/lib/jquery-validation-unobtrusive/jquery.validate.unobtrusive.min.js - 404 0 null 0.2975ms
2024-11-04 15:58:20.635 +01:00 [INF] Request reached the end of the middleware pipeline without being handled by application code. Request path: GET http://localhost:5017/lib/jquery-validation-unobtrusive/jquery.validate.unobtrusive.min.js, Response status code: 404
