2024-10-08 12:41:17.124 +02:00 [INF] User profile is available. Using 'C:\Users\Hadle\AppData\Local\ASP.NET\DataProtection-Keys' as key repository and Windows DPAPI to encrypt keys at rest.
2024-10-08 12:41:17.167 +02:00 [INF] Now listening on: http://localhost:5017
2024-10-08 12:41:17.170 +02:00 [INF] Application started. Press Ctrl+C to shut down.
2024-10-08 12:41:17.170 +02:00 [INF] Hosting environment: Development
2024-10-08 12:41:17.170 +02:00 [INF] Content root path: C:\Users\Hadle\Downloads\ITPE3200-24H-main\ITPE3200-24H-main\4-Errorhandling-Logging_Inputvalidation\Demo-Inputvalidation\MyShop
2024-10-08 12:41:20.337 +02:00 [INF] Request starting HTTP/1.1 GET http://localhost:5017/ - null null
2024-10-08 12:41:20.360 +02:00 [INF] Executing endpoint 'MyShop.Controllers.HomeController.Index (MyShop)'
2024-10-08 12:41:20.367 +02:00 [INF] Route matched with {action = "Index", controller = "Home"}. Executing controller action with signature Microsoft.AspNetCore.Mvc.IActionResult Index() on controller MyShop.Controllers.HomeController (MyShop).
2024-10-08 12:41:20.377 +02:00 [INF] Executing ViewResult, running view Index.
2024-10-08 12:41:20.421 +02:00 [INF] Executed ViewResult - view Index executed in 45.1218ms.
2024-10-08 12:41:20.422 +02:00 [INF] Executed action MyShop.Controllers.HomeController.Index (MyShop) in 54.5328ms
2024-10-08 12:41:20.422 +02:00 [INF] Executed endpoint 'MyShop.Controllers.HomeController.Index (MyShop)'
2024-10-08 12:41:20.424 +02:00 [INF] Request finished HTTP/1.1 GET http://localhost:5017/ - 200 null text/html; charset=utf-8 87.8586ms
2024-10-08 12:41:20.442 +02:00 [INF] Request starting HTTP/1.1 GET http://localhost:5017/js/bootstrap.js - null null
2024-10-08 12:41:20.442 +02:00 [INF] Request starting HTTP/1.1 GET http://localhost:5017/js/jquery.min.js - null null
2024-10-08 12:41:20.444 +02:00 [INF] Request starting HTTP/1.1 GET http://localhost:5017/js/jquery.validate.js - null null
2024-10-08 12:41:20.444 +02:00 [INF] Request starting HTTP/1.1 GET http://localhost:5017/js/jquery.validate.unobtrusive.js - null null
2024-10-08 12:41:20.444 +02:00 [INF] Request starting HTTP/1.1 GET http://localhost:5017/images/pizza.jpg - null null
2024-10-08 12:41:20.444 +02:00 [INF] Request starting HTTP/1.1 GET http://localhost:5017/images/fishandchips.jpg - null null
2024-10-08 12:41:20.446 +02:00 [INF] Request finished HTTP/1.1 GET http://localhost:5017/images/pizza.jpg - 404 0 null 1.3662ms
2024-10-08 12:41:20.446 +02:00 [INF] Request finished HTTP/1.1 GET http://localhost:5017/images/fishandchips.jpg - 404 0 null 1.1568ms
2024-10-08 12:41:20.447 +02:00 [INF] Request reached the end of the middleware pipeline without being handled by application code. Request path: GET http://localhost:5017/images/pizza.jpg, Response status code: 404
2024-10-08 12:41:20.447 +02:00 [INF] Request reached the end of the middleware pipeline without being handled by application code. Request path: GET http://localhost:5017/images/fishandchips.jpg, Response status code: 404
2024-10-08 12:41:20.448 +02:00 [INF] The file /js/jquery.validate.unobtrusive.js was not modified
2024-10-08 12:41:20.448 +02:00 [INF] The file /js/bootstrap.js was not modified
2024-10-08 12:41:20.448 +02:00 [INF] The file /js/jquery.min.js was not modified
2024-10-08 12:41:20.448 +02:00 [INF] The file /js/jquery.validate.js was not modified
2024-10-08 12:41:20.448 +02:00 [INF] Request finished HTTP/1.1 GET http://localhost:5017/js/jquery.validate.js - 304 null text/javascript 4.561ms
2024-10-08 12:41:20.449 +02:00 [INF] Request finished HTTP/1.1 GET http://localhost:5017/js/bootstrap.js - 304 null text/javascript 6.126ms
2024-10-08 12:41:20.449 +02:00 [INF] Request finished HTTP/1.1 GET http://localhost:5017/js/jquery.validate.unobtrusive.js - 304 null text/javascript 4.4242ms
2024-10-08 12:41:20.449 +02:00 [INF] Request finished HTTP/1.1 GET http://localhost:5017/js/jquery.min.js - 304 null text/javascript 6.1209ms
2024-10-08 12:41:20.464 +02:00 [INF] Request starting HTTP/1.1 GET http://localhost:5017/images/tacos.jpg - null null
2024-10-08 12:41:20.465 +02:00 [INF] Request finished HTTP/1.1 GET http://localhost:5017/images/tacos.jpg - 404 0 null 1.0494ms
2024-10-08 12:41:20.465 +02:00 [INF] Request reached the end of the middleware pipeline without being handled by application code. Request path: GET http://localhost:5017/images/tacos.jpg, Response status code: 404
2024-10-08 12:41:22.284 +02:00 [INF] Request starting HTTP/1.1 GET http://localhost:5017/ - null null
2024-10-08 12:41:22.284 +02:00 [INF] Executing endpoint 'MyShop.Controllers.HomeController.Index (MyShop)'
2024-10-08 12:41:22.285 +02:00 [INF] Route matched with {action = "Index", controller = "Home"}. Executing controller action with signature Microsoft.AspNetCore.Mvc.IActionResult Index() on controller MyShop.Controllers.HomeController (MyShop).
2024-10-08 12:41:22.285 +02:00 [INF] Executing ViewResult, running view Index.
2024-10-08 12:41:22.288 +02:00 [INF] Executed ViewResult - view Index executed in 3.2663ms.
2024-10-08 12:41:22.288 +02:00 [INF] Executed action MyShop.Controllers.HomeController.Index (MyShop) in 3.713ms
2024-10-08 12:41:22.289 +02:00 [INF] Executed endpoint 'MyShop.Controllers.HomeController.Index (MyShop)'
2024-10-08 12:41:22.289 +02:00 [INF] Request finished HTTP/1.1 GET http://localhost:5017/ - 200 null text/html; charset=utf-8 4.7637ms
2024-10-08 12:41:22.306 +02:00 [INF] Request starting HTTP/1.1 GET http://localhost:5017/images/pizza.jpg - null null
2024-10-08 12:41:22.306 +02:00 [INF] Request starting HTTP/1.1 GET http://localhost:5017/images/fishandchips.jpg - null null
2024-10-08 12:41:22.306 +02:00 [INF] Request finished HTTP/1.1 GET http://localhost:5017/images/pizza.jpg - 404 0 null 0.5013ms
2024-10-08 12:41:22.306 +02:00 [INF] Request finished HTTP/1.1 GET http://localhost:5017/images/fishandchips.jpg - 404 0 null 0.5013ms
2024-10-08 12:41:22.307 +02:00 [INF] Request reached the end of the middleware pipeline without being handled by application code. Request path: GET http://localhost:5017/images/pizza.jpg, Response status code: 404
2024-10-08 12:41:22.307 +02:00 [INF] Request reached the end of the middleware pipeline without being handled by application code. Request path: GET http://localhost:5017/images/fishandchips.jpg, Response status code: 404
2024-10-08 12:41:22.312 +02:00 [INF] Request starting HTTP/1.1 GET http://localhost:5017/images/tacos.jpg - null null
2024-10-08 12:41:22.312 +02:00 [INF] Request finished HTTP/1.1 GET http://localhost:5017/images/tacos.jpg - 404 0 null 0.4215ms
2024-10-08 12:41:22.312 +02:00 [INF] Request reached the end of the middleware pipeline without being handled by application code. Request path: GET http://localhost:5017/images/tacos.jpg, Response status code: 404
2024-10-08 12:41:23.072 +02:00 [INF] Request starting HTTP/1.1 GET http://localhost:5017/Item/Table - null null
2024-10-08 12:41:23.073 +02:00 [INF] Executing endpoint 'MyShop.Controllers.ItemController.Table (MyShop)'
2024-10-08 12:41:23.077 +02:00 [INF] Route matched with {action = "Table", controller = "Item"}. Executing controller action with signature System.Threading.Tasks.Task`1[Microsoft.AspNetCore.Mvc.IActionResult] Table() on controller MyShop.Controllers.ItemController (MyShop).
2024-10-08 12:41:23.181 +02:00 [INF] Executing ViewResult, running view Table.
2024-10-08 12:41:23.191 +02:00 [INF] Executed ViewResult - view Table executed in 10.2871ms.
2024-10-08 12:41:23.191 +02:00 [INF] Executed action MyShop.Controllers.ItemController.Table (MyShop) in 113.5645ms
2024-10-08 12:41:23.191 +02:00 [INF] Executed endpoint 'MyShop.Controllers.ItemController.Table (MyShop)'
2024-10-08 12:41:23.194 +02:00 [INF] Request finished HTTP/1.1 GET http://localhost:5017/Item/Table - 200 null text/html; charset=utf-8 121.3526ms
2024-10-08 12:41:23.217 +02:00 [INF] Request starting HTTP/1.1 GET http://localhost:5017/images/helmelk.jpg - null null
2024-10-08 12:41:23.218 +02:00 [INF] Request starting HTTP/1.1 GET http://localhost:5017/images/kylling.jpg - null null
2024-10-08 12:41:23.218 +02:00 [INF] Request starting HTTP/1.1 GET http://localhost:5017/images/lettmelk.jpg - null null
2024-10-08 12:41:23.218 +02:00 [INF] Request starting HTTP/1.1 GET http://localhost:5017/images/polpa.jpg - null null
2024-10-08 12:41:23.218 +02:00 [INF] Request starting HTTP/1.1 GET http://localhost:5017/images/kjøttdeig.jpg - null null
2024-10-08 12:41:23.218 +02:00 [INF] Request starting HTTP/1.1 GET http://localhost:5017/images/peanøtter.jpg - null null
2024-10-08 12:41:23.237 +02:00 [INF] Sending file. Request path: '/images/kylling.jpg'. Physical path: 'C:\Users\Hadle\Downloads\ITPE3200-24H-main\ITPE3200-24H-main\4-Errorhandling-Logging_Inputvalidation\Demo-Inputvalidation\MyShop\wwwroot\images\kylling.jpg'
2024-10-08 12:41:23.237 +02:00 [INF] Sending file. Request path: '/images/kjøttdeig.jpg'. Physical path: 'C:\Users\Hadle\Downloads\ITPE3200-24H-main\ITPE3200-24H-main\4-Errorhandling-Logging_Inputvalidation\Demo-Inputvalidation\MyShop\wwwroot\images\kjøttdeig.jpg'
2024-10-08 12:41:23.237 +02:00 [INF] Request finished HTTP/1.1 GET http://localhost:5017/images/kylling.jpg - 200 14044 image/jpeg 19.7078ms
2024-10-08 12:41:23.237 +02:00 [INF] Request finished HTTP/1.1 GET http://localhost:5017/images/kjøttdeig.jpg - 200 25555 image/jpeg 19.2903ms
2024-10-08 12:41:23.240 +02:00 [INF] Sending file. Request path: '/images/peanøtter.jpg'. Physical path: 'C:\Users\Hadle\Downloads\ITPE3200-24H-main\ITPE3200-24H-main\4-Errorhandling-Logging_Inputvalidation\Demo-Inputvalidation\MyShop\wwwroot\images\peanøtter.jpg'
2024-10-08 12:41:23.240 +02:00 [INF] Sending file. Request path: '/images/helmelk.jpg'. Physical path: 'C:\Users\Hadle\Downloads\ITPE3200-24H-main\ITPE3200-24H-main\4-Errorhandling-Logging_Inputvalidation\Demo-Inputvalidation\MyShop\wwwroot\images\helmelk.jpg'
2024-10-08 12:41:23.240 +02:00 [INF] Sending file. Request path: '/images/lettmelk.jpg'. Physical path: 'C:\Users\Hadle\Downloads\ITPE3200-24H-main\ITPE3200-24H-main\4-Errorhandling-Logging_Inputvalidation\Demo-Inputvalidation\MyShop\wwwroot\images\lettmelk.jpg'
2024-10-08 12:41:23.240 +02:00 [INF] Sending file. Request path: '/images/polpa.jpg'. Physical path: 'C:\Users\Hadle\Downloads\ITPE3200-24H-main\ITPE3200-24H-main\4-Errorhandling-Logging_Inputvalidation\Demo-Inputvalidation\MyShop\wwwroot\images\polpa.jpg'
2024-10-08 12:41:23.242 +02:00 [INF] Request finished HTTP/1.1 GET http://localhost:5017/images/peanøtter.jpg - 200 28086 image/jpeg 23.5196ms
2024-10-08 12:41:23.242 +02:00 [INF] Request finished HTTP/1.1 GET http://localhost:5017/images/helmelk.jpg - 200 17192 image/jpeg 24.1467ms
2024-10-08 12:41:23.242 +02:00 [INF] Request finished HTTP/1.1 GET http://localhost:5017/images/lettmelk.jpg - 200 22011 image/jpeg 23.8227ms
2024-10-08 12:41:23.242 +02:00 [INF] Request finished HTTP/1.1 GET http://localhost:5017/images/polpa.jpg - 200 31503 image/jpeg 23.711ms
2024-10-08 12:41:41.208 +02:00 [INF] Request starting HTTP/1.1 GET http://localhost:5017/Item/Grid - null null
2024-10-08 12:41:41.209 +02:00 [INF] Executing endpoint 'MyShop.Controllers.ItemController.Grid (MyShop)'
2024-10-08 12:41:41.212 +02:00 [INF] Route matched with {action = "Grid", controller = "Item"}. Executing controller action with signature System.Threading.Tasks.Task`1[Microsoft.AspNetCore.Mvc.IActionResult] Grid() on controller MyShop.Controllers.ItemController (MyShop).
2024-10-08 12:41:41.253 +02:00 [INF] Executing ViewResult, running view Grid.
2024-10-08 12:41:41.260 +02:00 [INF] Executed ViewResult - view Grid executed in 7.7899ms.
2024-10-08 12:41:41.260 +02:00 [INF] Executed action MyShop.Controllers.ItemController.Grid (MyShop) in 48.3475ms
2024-10-08 12:41:41.260 +02:00 [INF] Executed endpoint 'MyShop.Controllers.ItemController.Grid (MyShop)'
2024-10-08 12:41:41.261 +02:00 [INF] Request finished HTTP/1.1 GET http://localhost:5017/Item/Grid - 200 null text/html; charset=utf-8 52.7297ms
2024-10-08 12:43:06.314 +02:00 [INF] Request starting HTTP/1.1 GET http://localhost:5017/Item/Table - null null
2024-10-08 12:43:06.314 +02:00 [INF] Executing endpoint 'MyShop.Controllers.ItemController.Table (MyShop)'
2024-10-08 12:43:06.314 +02:00 [INF] Route matched with {action = "Table", controller = "Item"}. Executing controller action with signature System.Threading.Tasks.Task`1[Microsoft.AspNetCore.Mvc.IActionResult] Table() on controller MyShop.Controllers.ItemController (MyShop).
2024-10-08 12:43:06.317 +02:00 [INF] Executing ViewResult, running view Table.
2024-10-08 12:43:06.319 +02:00 [INF] Executed ViewResult - view Table executed in 1.7286ms.
2024-10-08 12:43:06.319 +02:00 [INF] Executed action MyShop.Controllers.ItemController.Table (MyShop) in 5.1665ms
2024-10-08 12:43:06.319 +02:00 [INF] Executed endpoint 'MyShop.Controllers.ItemController.Table (MyShop)'
2024-10-08 12:43:06.319 +02:00 [INF] Request finished HTTP/1.1 GET http://localhost:5017/Item/Table - 200 null text/html; charset=utf-8 5.6103ms
2024-10-08 12:43:06.353 +02:00 [INF] Request starting HTTP/1.1 GET http://localhost:5017/images/helmelk.jpg - null null
2024-10-08 12:43:06.354 +02:00 [INF] The file /images/helmelk.jpg was not modified
2024-10-08 12:43:06.354 +02:00 [INF] Request finished HTTP/1.1 GET http://localhost:5017/images/helmelk.jpg - 304 null image/jpeg 1.1024ms
2024-10-08 12:43:06.356 +02:00 [INF] Request starting HTTP/1.1 GET http://localhost:5017/images/kjøttdeig.jpg - null null
2024-10-08 12:43:06.357 +02:00 [INF] Request starting HTTP/1.1 GET http://localhost:5017/images/kylling.jpg - null null
2024-10-08 12:43:06.357 +02:00 [INF] The file /images/kjøttdeig.jpg was not modified
2024-10-08 12:43:06.357 +02:00 [INF] Request finished HTTP/1.1 GET http://localhost:5017/images/kjøttdeig.jpg - 304 null image/jpeg 0.6123ms
2024-10-08 12:43:06.357 +02:00 [INF] The file /images/kylling.jpg was not modified
2024-10-08 12:43:06.357 +02:00 [INF] Request starting HTTP/1.1 GET http://localhost:5017/images/lettmelk.jpg - null null
2024-10-08 12:43:06.357 +02:00 [INF] Request finished HTTP/1.1 GET http://localhost:5017/images/kylling.jpg - 304 null image/jpeg 0.326ms
2024-10-08 12:43:06.357 +02:00 [INF] Request starting HTTP/1.1 GET http://localhost:5017/images/peanøtter.jpg - null null
2024-10-08 12:43:06.357 +02:00 [INF] Request starting HTTP/1.1 GET http://localhost:5017/images/polpa.jpg - null null
2024-10-08 12:43:06.357 +02:00 [INF] The file /images/lettmelk.jpg was not modified
2024-10-08 12:43:06.357 +02:00 [INF] Request finished HTTP/1.1 GET http://localhost:5017/images/lettmelk.jpg - 304 null image/jpeg 0.2501ms
2024-10-08 12:43:06.357 +02:00 [INF] The file /images/peanøtter.jpg was not modified
2024-10-08 12:43:06.357 +02:00 [INF] The file /images/polpa.jpg was not modified
2024-10-08 12:43:06.357 +02:00 [INF] Request finished HTTP/1.1 GET http://localhost:5017/images/peanøtter.jpg - 304 null image/jpeg 0.267ms
2024-10-08 12:43:06.357 +02:00 [INF] Request finished HTTP/1.1 GET http://localhost:5017/images/polpa.jpg - 304 null image/jpeg 0.2909ms
2024-10-08 12:43:25.527 +02:00 [INF] Request starting HTTP/1.1 GET http://localhost:5017/Item/Grid - null null
2024-10-08 12:43:25.527 +02:00 [INF] Executing endpoint 'MyShop.Controllers.ItemController.Grid (MyShop)'
2024-10-08 12:43:25.527 +02:00 [INF] Route matched with {action = "Grid", controller = "Item"}. Executing controller action with signature System.Threading.Tasks.Task`1[Microsoft.AspNetCore.Mvc.IActionResult] Grid() on controller MyShop.Controllers.ItemController (MyShop).
2024-10-08 12:43:25.529 +02:00 [INF] Executing ViewResult, running view Grid.
2024-10-08 12:43:25.530 +02:00 [INF] Executed ViewResult - view Grid executed in 0.7748ms.
2024-10-08 12:43:25.530 +02:00 [INF] Executed action MyShop.Controllers.ItemController.Grid (MyShop) in 2.7789ms
2024-10-08 12:43:25.530 +02:00 [INF] Executed endpoint 'MyShop.Controllers.ItemController.Grid (MyShop)'
2024-10-08 12:43:25.530 +02:00 [INF] Request finished HTTP/1.1 GET http://localhost:5017/Item/Grid - 200 null text/html; charset=utf-8 3.2889ms
2024-10-08 12:43:30.127 +02:00 [INF] Request starting HTTP/1.1 GET http://localhost:5017/Item/Table - null null
2024-10-08 12:43:30.127 +02:00 [INF] Executing endpoint 'MyShop.Controllers.ItemController.Table (MyShop)'
2024-10-08 12:43:30.128 +02:00 [INF] Route matched with {action = "Table", controller = "Item"}. Executing controller action with signature System.Threading.Tasks.Task`1[Microsoft.AspNetCore.Mvc.IActionResult] Table() on controller MyShop.Controllers.ItemController (MyShop).
2024-10-08 12:43:30.129 +02:00 [INF] Executing ViewResult, running view Table.
2024-10-08 12:43:30.131 +02:00 [INF] Executed ViewResult - view Table executed in 1.803ms.
2024-10-08 12:43:30.131 +02:00 [INF] Executed action MyShop.Controllers.ItemController.Table (MyShop) in 3.5054ms
2024-10-08 12:43:30.131 +02:00 [INF] Executed endpoint 'MyShop.Controllers.ItemController.Table (MyShop)'
2024-10-08 12:43:30.131 +02:00 [INF] Request finished HTTP/1.1 GET http://localhost:5017/Item/Table - 200 null text/html; charset=utf-8 4.0973ms
2024-10-08 12:43:40.546 +02:00 [INF] Request starting HTTP/1.1 GET http://localhost:5017/Item/Grid - null null
2024-10-08 12:43:40.546 +02:00 [INF] Executing endpoint 'MyShop.Controllers.ItemController.Grid (MyShop)'
2024-10-08 12:43:40.546 +02:00 [INF] Route matched with {action = "Grid", controller = "Item"}. Executing controller action with signature System.Threading.Tasks.Task`1[Microsoft.AspNetCore.Mvc.IActionResult] Grid() on controller MyShop.Controllers.ItemController (MyShop).
2024-10-08 12:43:40.548 +02:00 [INF] Executing ViewResult, running view Grid.
2024-10-08 12:43:40.548 +02:00 [INF] Executed ViewResult - view Grid executed in 0.6229ms.
2024-10-08 12:43:40.548 +02:00 [INF] Executed action MyShop.Controllers.ItemController.Grid (MyShop) in 2.07ms
2024-10-08 12:43:40.548 +02:00 [INF] Executed endpoint 'MyShop.Controllers.ItemController.Grid (MyShop)'
2024-10-08 12:43:40.549 +02:00 [INF] Request finished HTTP/1.1 GET http://localhost:5017/Item/Grid - 200 null text/html; charset=utf-8 2.6547ms
2024-10-08 12:43:55.433 +02:00 [INF] Request starting HTTP/1.1 GET http://localhost:5017/Item/Details/5 - null null
2024-10-08 12:43:55.433 +02:00 [INF] Executing endpoint 'MyShop.Controllers.ItemController.Details (MyShop)'
2024-10-08 12:43:55.440 +02:00 [INF] Route matched with {action = "Details", controller = "Item"}. Executing controller action with signature System.Threading.Tasks.Task`1[Microsoft.AspNetCore.Mvc.IActionResult] Details(Int32) on controller MyShop.Controllers.ItemController (MyShop).
2024-10-08 12:43:55.479 +02:00 [INF] Executing ViewResult, running view Details.
2024-10-08 12:43:55.480 +02:00 [INF] Executed ViewResult - view Details executed in 2.0958ms.
2024-10-08 12:43:55.480 +02:00 [INF] Executed action MyShop.Controllers.ItemController.Details (MyShop) in 40.8226ms
2024-10-08 12:43:55.480 +02:00 [INF] Executed endpoint 'MyShop.Controllers.ItemController.Details (MyShop)'
2024-10-08 12:43:55.481 +02:00 [INF] Request finished HTTP/1.1 GET http://localhost:5017/Item/Details/5 - 200 null text/html; charset=utf-8 47.3616ms
2024-10-08 12:43:55.506 +02:00 [INF] Request starting HTTP/1.1 GET http://localhost:5017/images/peanøtter.jpg - null null
2024-10-08 12:43:55.506 +02:00 [INF] The file /images/peanøtter.jpg was not modified
2024-10-08 12:43:55.506 +02:00 [INF] Request finished HTTP/1.1 GET http://localhost:5017/images/peanøtter.jpg - 304 null image/jpeg 0.4383ms
