2024-10-18 11:59:03.395 +02:00 [INF] User profile is available. Using 'C:\Users\jovan\AppData\Local\ASP.NET\DataProtection-Keys' as key repository and Windows DPAPI to encrypt keys at rest.
2024-10-18 11:59:03.436 +02:00 [INF] Now listening on: http://localhost:5017
2024-10-18 11:59:03.438 +02:00 [INF] Application started. Press Ctrl+C to shut down.
2024-10-18 11:59:03.438 +02:00 [INF] Hosting environment: Development
2024-10-18 11:59:03.438 +02:00 [INF] Content root path: C:\TestMappe\ITPE3200_Exam_project
2024-10-18 11:59:08.966 +02:00 [INF] Request starting HTTP/1.1 GET http://localhost:5017/ - null null
2024-10-18 11:59:08.992 +02:00 [INF] Executing endpoint 'MyShop.Controllers.HomeController.Index (MyShop)'
2024-10-18 11:59:09.001 +02:00 [INF] Route matched with {action = "Index", controller = "Home"}. Executing controller action with signature Microsoft.AspNetCore.Mvc.IActionResult Index() on controller MyShop.Controllers.HomeController (MyShop).
2024-10-18 11:59:09.011 +02:00 [INF] Executing ViewResult, running view Index.
2024-10-18 11:59:09.066 +02:00 [INF] Executed ViewResult - view Index executed in 53.7146ms.
2024-10-18 11:59:09.068 +02:00 [INF] Executed action MyShop.Controllers.HomeController.Index (MyShop) in 66.9187ms
2024-10-18 11:59:09.069 +02:00 [INF] Executed endpoint 'MyShop.Controllers.HomeController.Index (MyShop)'
2024-10-18 11:59:09.071 +02:00 [INF] Request finished HTTP/1.1 GET http://localhost:5017/ - 200 null text/html; charset=utf-8 105.8949ms
2024-10-18 11:59:10.772 +02:00 [INF] Request starting HTTP/1.1 GET http://localhost:5017/Item/Table - null null
2024-10-18 11:59:10.774 +02:00 [INF] Executing endpoint 'MyShop.Controllers.ItemController.Table (MyShop)'
2024-10-18 11:59:10.780 +02:00 [INF] Route matched with {action = "Table", controller = "Item"}. Executing controller action with signature System.Threading.Tasks.Task`1[Microsoft.AspNetCore.Mvc.IActionResult] Table() on controller MyShop.Controllers.ItemController (MyShop).
2024-10-18 11:59:10.889 +02:00 [INF] Executing ViewResult, running view Table.
2024-10-18 11:59:10.902 +02:00 [INF] Executed ViewResult - view Table executed in 14.2231ms.
2024-10-18 11:59:10.903 +02:00 [INF] Executed action MyShop.Controllers.ItemController.Table (MyShop) in 122.5478ms
2024-10-18 11:59:10.903 +02:00 [INF] Executed endpoint 'MyShop.Controllers.ItemController.Table (MyShop)'
2024-10-18 11:59:10.906 +02:00 [INF] Request finished HTTP/1.1 GET http://localhost:5017/Item/Table - 200 null text/html; charset=utf-8 133.9446ms
2024-10-18 11:59:15.366 +02:00 [INF] Request starting HTTP/1.1 GET http://localhost:5017/Item/Create - null null
2024-10-18 11:59:15.371 +02:00 [INF] Executing endpoint 'MyShop.Controllers.ItemController.Create (MyShop)'
2024-10-18 11:59:15.374 +02:00 [INF] Route matched with {action = "Create", controller = "Item"}. Executing controller action with signature Microsoft.AspNetCore.Mvc.IActionResult Create() on controller MyShop.Controllers.ItemController (MyShop).
2024-10-18 11:59:15.377 +02:00 [INF] Executing ViewResult, running view Create.
2024-10-18 11:59:15.493 +02:00 [INF] Executed ViewResult - view Create executed in 117.357ms.
2024-10-18 11:59:15.493 +02:00 [INF] Executed action MyShop.Controllers.ItemController.Create (MyShop) in 119.3085ms
2024-10-18 11:59:15.493 +02:00 [INF] Executed endpoint 'MyShop.Controllers.ItemController.Create (MyShop)'
2024-10-18 11:59:15.494 +02:00 [INF] Request finished HTTP/1.1 GET http://localhost:5017/Item/Create - 200 null text/html; charset=utf-8 127.4993ms
