2024-11-04 10:59:03.323 +01:00 [INF] User profile is available. Using 'C:\Users\Hadle\AppData\Local\ASP.NET\DataProtection-Keys' as key repository and Windows DPAPI to encrypt keys at rest.
2024-11-04 10:59:03.460 +01:00 [INF] Now listening on: http://localhost:5017
2024-11-04 10:59:03.463 +01:00 [INF] Application started. Press Ctrl+C to shut down.
2024-11-04 10:59:03.464 +01:00 [INF] Hosting environment: Development
2024-11-04 10:59:03.464 +01:00 [INF] Content root path: C:\ITPE3200\ITPE3200_Exam_project-main\ITPE3200_Exam_project-main\ITPE3200_Exam_project
2024-11-04 10:59:19.285 +01:00 [INF] Request starting HTTP/1.1 GET http://localhost:5017/ - null null
2024-11-04 10:59:19.323 +01:00 [INF] Executing endpoint 'MyShop.Controllers.HomeController.Index (MyShop)'
2024-11-04 10:59:19.332 +01:00 [INF] Route matched with {action = "Index", controller = "Home", page = "", area = ""}. Executing controller action with signature Microsoft.AspNetCore.Mvc.IActionResult Index() on controller MyShop.Controllers.HomeController (MyShop).
2024-11-04 10:59:19.338 +01:00 [INF] Executing ViewResult, running view Index.
2024-11-04 10:59:19.405 +01:00 [INF] Executed ViewResult - view Index executed in 67.7244ms.
2024-11-04 10:59:19.407 +01:00 [INF] Executed action MyShop.Controllers.HomeController.Index (MyShop) in 74.189ms
2024-11-04 10:59:19.407 +01:00 [INF] Executed endpoint 'MyShop.Controllers.HomeController.Index (MyShop)'
2024-11-04 10:59:19.409 +01:00 [INF] Request finished HTTP/1.1 GET http://localhost:5017/ - 200 null text/html; charset=utf-8 126.0176ms
2024-11-04 11:00:40.310 +01:00 [INF] Request starting HTTP/1.1 GET http://localhost:5017/Item/Grid - null null
2024-11-04 11:00:40.312 +01:00 [INF] Executing endpoint 'MyShop.Controllers.ItemController.Grid (MyShop)'
2024-11-04 11:00:40.317 +01:00 [INF] Route matched with {action = "Grid", controller = "Item", page = "", area = ""}. Executing controller action with signature System.Threading.Tasks.Task`1[Microsoft.AspNetCore.Mvc.IActionResult] Grid() on controller MyShop.Controllers.ItemController (MyShop).
2024-11-04 11:00:40.419 +01:00 [INF] Executing ViewResult, running view Grid.
2024-11-04 11:00:40.426 +01:00 [INF] Executed ViewResult - view Grid executed in 7.7659ms.
2024-11-04 11:00:40.426 +01:00 [INF] Executed action MyShop.Controllers.ItemController.Grid (MyShop) in 109.7785ms
2024-11-04 11:00:40.427 +01:00 [INF] Executed endpoint 'MyShop.Controllers.ItemController.Grid (MyShop)'
2024-11-04 11:00:40.430 +01:00 [INF] Request finished HTTP/1.1 GET http://localhost:5017/Item/Grid - 200 null text/html; charset=utf-8 120.1023ms
2024-11-04 11:00:43.486 +01:00 [INF] Request starting HTTP/1.1 GET http://localhost:5017/Item/Grid - null null
2024-11-04 11:00:43.489 +01:00 [INF] Executing endpoint 'MyShop.Controllers.ItemController.Grid (MyShop)'
2024-11-04 11:00:43.489 +01:00 [INF] Route matched with {action = "Grid", controller = "Item", page = "", area = ""}. Executing controller action with signature System.Threading.Tasks.Task`1[Microsoft.AspNetCore.Mvc.IActionResult] Grid() on controller MyShop.Controllers.ItemController (MyShop).
2024-11-04 11:00:43.529 +01:00 [INF] Executing ViewResult, running view Grid.
2024-11-04 11:00:43.537 +01:00 [INF] Executed ViewResult - view Grid executed in 7.8089ms.
2024-11-04 11:00:43.537 +01:00 [INF] Executed action MyShop.Controllers.ItemController.Grid (MyShop) in 47.378ms
2024-11-04 11:00:43.537 +01:00 [INF] Executed endpoint 'MyShop.Controllers.ItemController.Grid (MyShop)'
2024-11-04 11:00:43.537 +01:00 [INF] Request finished HTTP/1.1 GET http://localhost:5017/Item/Grid - 200 null text/html; charset=utf-8 51.1247ms
2024-11-04 11:00:45.237 +01:00 [INF] Request starting HTTP/1.1 GET http://localhost:5017/Item/Table - null null
2024-11-04 11:00:45.237 +01:00 [INF] Executing endpoint 'MyShop.Controllers.ItemController.Table (MyShop)'
2024-11-04 11:00:45.240 +01:00 [INF] Route matched with {action = "Table", controller = "Item", page = "", area = ""}. Executing controller action with signature System.Threading.Tasks.Task`1[Microsoft.AspNetCore.Mvc.IActionResult] Table() on controller MyShop.Controllers.ItemController (MyShop).
2024-11-04 11:00:45.244 +01:00 [INF] Executing ViewResult, running view Table.
2024-11-04 11:00:45.252 +01:00 [INF] Executed ViewResult - view Table executed in 8.6758ms.
2024-11-04 11:00:45.252 +01:00 [INF] Executed action MyShop.Controllers.ItemController.Table (MyShop) in 11.9024ms
2024-11-04 11:00:45.252 +01:00 [INF] Executed endpoint 'MyShop.Controllers.ItemController.Table (MyShop)'
2024-11-04 11:00:45.252 +01:00 [INF] Request finished HTTP/1.1 GET http://localhost:5017/Item/Table - 200 null text/html; charset=utf-8 15.4152ms
2024-11-04 11:00:45.277 +01:00 [INF] Request starting HTTP/1.1 GET http://localhost:5017/images/grid-view.png - null null
2024-11-04 11:00:45.280 +01:00 [INF] The file /images/grid-view.png was not modified
2024-11-04 11:00:45.281 +01:00 [INF] Request finished HTTP/1.1 GET http://localhost:5017/images/grid-view.png - 304 null image/png 4.2584ms
2024-11-04 11:01:09.939 +01:00 [INF] Request starting HTTP/1.1 GET http://localhost:5017/Item/Details/1 - null null
2024-11-04 11:01:09.940 +01:00 [INF] Executing endpoint 'MyShop.Controllers.ItemController.Details (MyShop)'
2024-11-04 11:01:09.945 +01:00 [INF] Route matched with {action = "Details", controller = "Item", page = "", area = ""}. Executing controller action with signature System.Threading.Tasks.Task`1[Microsoft.AspNetCore.Mvc.IActionResult] Details(Int32) on controller MyShop.Controllers.ItemController (MyShop).
2024-11-04 11:01:09.977 +01:00 [INF] Executing ViewResult, running view Details.
2024-11-04 11:01:09.979 +01:00 [INF] Executed ViewResult - view Details executed in 2.258ms.
2024-11-04 11:01:09.979 +01:00 [INF] Executed action MyShop.Controllers.ItemController.Details (MyShop) in 34.553ms
2024-11-04 11:01:09.979 +01:00 [INF] Executed endpoint 'MyShop.Controllers.ItemController.Details (MyShop)'
2024-11-04 11:01:09.979 +01:00 [INF] Request finished HTTP/1.1 GET http://localhost:5017/Item/Details/1 - 200 null text/html; charset=utf-8 40.3622ms
2024-11-04 11:01:11.811 +01:00 [INF] Request starting HTTP/1.1 GET http://localhost:5017/Item/Table - null null
2024-11-04 11:01:11.811 +01:00 [INF] Executing endpoint 'MyShop.Controllers.ItemController.Table (MyShop)'
2024-11-04 11:01:11.812 +01:00 [INF] Route matched with {action = "Table", controller = "Item", page = "", area = ""}. Executing controller action with signature System.Threading.Tasks.Task`1[Microsoft.AspNetCore.Mvc.IActionResult] Table() on controller MyShop.Controllers.ItemController (MyShop).
2024-11-04 11:01:11.813 +01:00 [INF] Executing ViewResult, running view Table.
2024-11-04 11:01:11.815 +01:00 [INF] Executed ViewResult - view Table executed in 1.3129ms.
2024-11-04 11:01:11.815 +01:00 [INF] Executed action MyShop.Controllers.ItemController.Table (MyShop) in 3.2234ms
2024-11-04 11:01:11.815 +01:00 [INF] Executed endpoint 'MyShop.Controllers.ItemController.Table (MyShop)'
2024-11-04 11:01:11.815 +01:00 [INF] Request finished HTTP/1.1 GET http://localhost:5017/Item/Table - 200 null text/html; charset=utf-8 4.0899ms
2024-11-04 11:01:12.803 +01:00 [INF] Request starting HTTP/1.1 GET http://localhost:5017/Item/Grid - null null
2024-11-04 11:01:12.803 +01:00 [INF] Executing endpoint 'MyShop.Controllers.ItemController.Grid (MyShop)'
2024-11-04 11:01:12.803 +01:00 [INF] Route matched with {action = "Grid", controller = "Item", page = "", area = ""}. Executing controller action with signature System.Threading.Tasks.Task`1[Microsoft.AspNetCore.Mvc.IActionResult] Grid() on controller MyShop.Controllers.ItemController (MyShop).
2024-11-04 11:01:12.805 +01:00 [INF] Executing ViewResult, running view Grid.
2024-11-04 11:01:12.806 +01:00 [INF] Executed ViewResult - view Grid executed in 0.8568ms.
2024-11-04 11:01:12.806 +01:00 [INF] Executed action MyShop.Controllers.ItemController.Grid (MyShop) in 2.3943ms
2024-11-04 11:01:12.806 +01:00 [INF] Executed endpoint 'MyShop.Controllers.ItemController.Grid (MyShop)'
2024-11-04 11:01:12.806 +01:00 [INF] Request finished HTTP/1.1 GET http://localhost:5017/Item/Grid - 200 null text/html; charset=utf-8 2.9748ms
2024-11-04 11:01:27.177 +01:00 [INF] Request starting HTTP/1.1 GET http://localhost:5017/Item/Table - null null
2024-11-04 11:01:27.178 +01:00 [INF] Executing endpoint 'MyShop.Controllers.ItemController.Table (MyShop)'
2024-11-04 11:01:27.178 +01:00 [INF] Route matched with {action = "Table", controller = "Item", page = "", area = ""}. Executing controller action with signature System.Threading.Tasks.Task`1[Microsoft.AspNetCore.Mvc.IActionResult] Table() on controller MyShop.Controllers.ItemController (MyShop).
2024-11-04 11:01:27.180 +01:00 [INF] Executing ViewResult, running view Table.
2024-11-04 11:01:27.181 +01:00 [INF] Executed ViewResult - view Table executed in 1.4185ms.
2024-11-04 11:01:27.181 +01:00 [INF] Executed action MyShop.Controllers.ItemController.Table (MyShop) in 3.1466ms
2024-11-04 11:01:27.181 +01:00 [INF] Executed endpoint 'MyShop.Controllers.ItemController.Table (MyShop)'
2024-11-04 11:01:27.181 +01:00 [INF] Request finished HTTP/1.1 GET http://localhost:5017/Item/Table - 200 null text/html; charset=utf-8 3.8268ms
2024-11-04 11:01:30.114 +01:00 [INF] Request starting HTTP/1.1 GET http://localhost:5017/Item/Grid - null null
2024-11-04 11:01:30.115 +01:00 [INF] Executing endpoint 'MyShop.Controllers.ItemController.Grid (MyShop)'
2024-11-04 11:01:30.115 +01:00 [INF] Route matched with {action = "Grid", controller = "Item", page = "", area = ""}. Executing controller action with signature System.Threading.Tasks.Task`1[Microsoft.AspNetCore.Mvc.IActionResult] Grid() on controller MyShop.Controllers.ItemController (MyShop).
2024-11-04 11:01:30.116 +01:00 [INF] Executing ViewResult, running view Grid.
2024-11-04 11:01:30.117 +01:00 [INF] Executed ViewResult - view Grid executed in 0.7631ms.
2024-11-04 11:01:30.117 +01:00 [INF] Executed action MyShop.Controllers.ItemController.Grid (MyShop) in 2.2996ms
2024-11-04 11:01:30.117 +01:00 [INF] Executed endpoint 'MyShop.Controllers.ItemController.Grid (MyShop)'
2024-11-04 11:01:30.117 +01:00 [INF] Request finished HTTP/1.1 GET http://localhost:5017/Item/Grid - 200 null text/html; charset=utf-8 2.9115ms
2024-11-04 11:01:31.060 +01:00 [INF] Request starting HTTP/1.1 GET http://localhost:5017/ - null null
2024-11-04 11:01:31.061 +01:00 [INF] Executing endpoint 'MyShop.Controllers.HomeController.Index (MyShop)'
2024-11-04 11:01:31.061 +01:00 [INF] Route matched with {action = "Index", controller = "Home", page = "", area = ""}. Executing controller action with signature Microsoft.AspNetCore.Mvc.IActionResult Index() on controller MyShop.Controllers.HomeController (MyShop).
2024-11-04 11:01:31.061 +01:00 [INF] Executing ViewResult, running view Index.
2024-11-04 11:01:31.062 +01:00 [INF] Executed ViewResult - view Index executed in 0.8079ms.
2024-11-04 11:01:31.062 +01:00 [INF] Executed action MyShop.Controllers.HomeController.Index (MyShop) in 1.0079ms
2024-11-04 11:01:31.062 +01:00 [INF] Executed endpoint 'MyShop.Controllers.HomeController.Index (MyShop)'
2024-11-04 11:01:31.062 +01:00 [INF] Request finished HTTP/1.1 GET http://localhost:5017/ - 200 null text/html; charset=utf-8 1.4648ms
2024-11-04 11:01:40.499 +01:00 [INF] Request starting HTTP/1.1 GET http://localhost:5017/Identity/Account/Login - null null
2024-11-04 11:01:40.500 +01:00 [INF] Executing endpoint '/Account/Login'
2024-11-04 11:01:40.510 +01:00 [INF] Route matched with {page = "/Account/Login", area = "Identity", action = "", controller = ""}. Executing page /Account/Login
2024-11-04 11:01:40.516 +01:00 [INF] Executing handler method MyShop.Areas.Identity.Pages.Account.LoginModel.OnGetAsync - ModelState is "Valid"
2024-11-04 11:01:40.519 +01:00 [INF] AuthenticationScheme: Identity.External signed out.
2024-11-04 11:01:40.520 +01:00 [INF] Executed handler method OnGetAsync, returned result .
2024-11-04 11:01:40.522 +01:00 [INF] Executing an implicit handler method - ModelState is "Valid"
2024-11-04 11:01:40.522 +01:00 [INF] Executed an implicit handler method, returned result Microsoft.AspNetCore.Mvc.RazorPages.PageResult.
2024-11-04 11:01:40.554 +01:00 [INF] Executed page /Account/Login in 43.7527ms
2024-11-04 11:01:40.554 +01:00 [INF] Executed endpoint '/Account/Login'
2024-11-04 11:01:40.554 +01:00 [INF] Request finished HTTP/1.1 GET http://localhost:5017/Identity/Account/Login - 200 null text/html; charset=utf-8 54.3247ms
2024-11-04 11:01:40.575 +01:00 [INF] Request starting HTTP/1.1 GET http://localhost:5017/lib/jquery-validation/dist/jquery.validate.min.js - null null
2024-11-04 11:01:40.576 +01:00 [INF] Request finished HTTP/1.1 GET http://localhost:5017/lib/jquery-validation/dist/jquery.validate.min.js - 404 0 null 0.8337ms
2024-11-04 11:01:40.576 +01:00 [INF] Request starting HTTP/1.1 GET http://localhost:5017/lib/jquery-validation-unobtrusive/jquery.validate.unobtrusive.min.js - null null
2024-11-04 11:01:40.577 +01:00 [INF] Request reached the end of the middleware pipeline without being handled by application code. Request path: GET http://localhost:5017/lib/jquery-validation/dist/jquery.validate.min.js, Response status code: 404
2024-11-04 11:01:40.577 +01:00 [INF] Request finished HTTP/1.1 GET http://localhost:5017/lib/jquery-validation-unobtrusive/jquery.validate.unobtrusive.min.js - 404 0 null 0.9875ms
2024-11-04 11:01:40.577 +01:00 [INF] Request reached the end of the middleware pipeline without being handled by application code. Request path: GET http://localhost:5017/lib/jquery-validation-unobtrusive/jquery.validate.unobtrusive.min.js, Response status code: 404
2024-11-04 11:01:57.793 +01:00 [INF] Application is shutting down...
