2024-10-18 11:30:56.642 +02:00 [INF] User profile is available. Using 'C:\Users\jovan\AppData\Local\ASP.NET\DataProtection-Keys' as key repository and Windows DPAPI to encrypt keys at rest.
2024-10-18 11:30:56.683 +02:00 [INF] Now listening on: http://localhost:5017
2024-10-18 11:30:56.686 +02:00 [INF] Application started. Press Ctrl+C to shut down.
2024-10-18 11:30:56.686 +02:00 [INF] Hosting environment: Development
2024-10-18 11:30:56.686 +02:00 [INF] Content root path: C:\TestMappe\ITPE3200_Exam_project
2024-10-18 11:31:02.982 +02:00 [INF] Request starting HTTP/1.1 GET http://localhost:5017/ - null null
2024-10-18 11:31:03.012 +02:00 [INF] Executing endpoint 'MyShop.Controllers.HomeController.Index (MyShop)'
2024-10-18 11:31:03.019 +02:00 [INF] Route matched with {action = "Index", controller = "Home"}. Executing controller action with signature Microsoft.AspNetCore.Mvc.IActionResult Index() on controller MyShop.Controllers.HomeController (MyShop).
2024-10-18 11:31:03.029 +02:00 [INF] Executing ViewResult, running view Index.
2024-10-18 11:31:03.086 +02:00 [INF] Executed ViewResult - view Index executed in 58.0557ms.
2024-10-18 11:31:03.088 +02:00 [INF] Executed action MyShop.Controllers.HomeController.Index (MyShop) in 68.4242ms
2024-10-18 11:31:03.088 +02:00 [INF] Executed endpoint 'MyShop.Controllers.HomeController.Index (MyShop)'
2024-10-18 11:31:03.091 +02:00 [INF] Request finished HTTP/1.1 GET http://localhost:5017/ - 200 null text/html; charset=utf-8 109.4574ms
2024-10-18 11:31:07.011 +02:00 [INF] Request starting HTTP/1.1 GET http://localhost:5017/Item/Table - null null
2024-10-18 11:31:07.013 +02:00 [INF] Executing endpoint 'MyShop.Controllers.ItemController.Table (MyShop)'
2024-10-18 11:31:07.018 +02:00 [INF] Route matched with {action = "Table", controller = "Item"}. Executing controller action with signature System.Threading.Tasks.Task`1[Microsoft.AspNetCore.Mvc.IActionResult] Table() on controller MyShop.Controllers.ItemController (MyShop).
2024-10-18 11:31:07.139 +02:00 [INF] Executing ViewResult, running view Table.
2024-10-18 11:31:07.154 +02:00 [INF] Executed ViewResult - view Table executed in 16.019ms.
2024-10-18 11:31:07.154 +02:00 [INF] Executed action MyShop.Controllers.ItemController.Table (MyShop) in 136.1536ms
2024-10-18 11:31:07.155 +02:00 [INF] Executed endpoint 'MyShop.Controllers.ItemController.Table (MyShop)'
2024-10-18 11:31:07.161 +02:00 [INF] Request finished HTTP/1.1 GET http://localhost:5017/Item/Table - 200 null text/html; charset=utf-8 149.8921ms
2024-10-18 11:31:09.216 +02:00 [INF] Request starting HTTP/1.1 GET http://localhost:5017/Item/Create - null null
2024-10-18 11:31:09.219 +02:00 [INF] Executing endpoint 'MyShop.Controllers.ItemController.Create (MyShop)'
2024-10-18 11:31:09.220 +02:00 [INF] Route matched with {action = "Create", controller = "Item"}. Executing controller action with signature Microsoft.AspNetCore.Mvc.IActionResult Create() on controller MyShop.Controllers.ItemController (MyShop).
2024-10-18 11:31:09.222 +02:00 [INF] Executing ViewResult, running view Create.
2024-10-18 11:31:09.259 +02:00 [INF] Executed ViewResult - view Create executed in 37.3645ms.
2024-10-18 11:31:09.259 +02:00 [INF] Executed action MyShop.Controllers.ItemController.Create (MyShop) in 38.3272ms
2024-10-18 11:31:09.259 +02:00 [INF] Executed endpoint 'MyShop.Controllers.ItemController.Create (MyShop)'
2024-10-18 11:31:09.259 +02:00 [INF] Request finished HTTP/1.1 GET http://localhost:5017/Item/Create - 200 null text/html; charset=utf-8 42.5376ms
