2024-11-04 15:01:22.947 +01:00 [INF] User profile is available. Using 'C:\Users\Hadle\AppData\Local\ASP.NET\DataProtection-Keys' as key repository and Windows DPAPI to encrypt keys at rest.
2024-11-04 15:01:23.087 +01:00 [INF] Now listening on: http://localhost:5017
2024-11-04 15:01:23.091 +01:00 [INF] Application started. Press Ctrl+C to shut down.
2024-11-04 15:01:23.091 +01:00 [INF] Hosting environment: Development
2024-11-04 15:01:23.091 +01:00 [INF] Content root path: C:\ITPE3200\ITPE3200_Exam_project-main\ITPE3200_Exam_project-main\ITPE3200_Exam_project
2024-11-04 15:01:29.131 +01:00 [INF] Request starting HTTP/1.1 GET http://localhost:5017/ - null null
2024-11-04 15:01:29.172 +01:00 [INF] Executing endpoint 'MyShop.Controllers.HomeController.Index (MyShop)'
2024-11-04 15:01:29.183 +01:00 [INF] Route matched with {action = "Index", controller = "Home", page = "", area = ""}. Executing controller action with signature Microsoft.AspNetCore.Mvc.IActionResult Index() on controller MyShop.Controllers.HomeController (MyShop).
2024-11-04 15:01:29.191 +01:00 [INF] Executing ViewResult, running view Index.
2024-11-04 15:01:29.279 +01:00 [INF] Executed ViewResult - view Index executed in 90.1695ms.
2024-11-04 15:01:29.281 +01:00 [INF] Executed action MyShop.Controllers.HomeController.Index (MyShop) in 98.1687ms
2024-11-04 15:01:29.282 +01:00 [INF] Executed endpoint 'MyShop.Controllers.HomeController.Index (MyShop)'
2024-11-04 15:01:29.285 +01:00 [INF] Request finished HTTP/1.1 GET http://localhost:5017/ - 200 null text/html; charset=utf-8 155.0153ms
2024-11-04 15:01:29.304 +01:00 [INF] Request starting HTTP/1.1 GET http://localhost:5017/css/site.css - null null
2024-11-04 15:01:29.308 +01:00 [INF] Request finished HTTP/1.1 GET http://localhost:5017/css/site.css - 404 0 null 3.8659ms
2024-11-04 15:01:29.309 +01:00 [INF] Request reached the end of the middleware pipeline without being handled by application code. Request path: GET http://localhost:5017/css/site.css, Response status code: 404
2024-11-04 15:01:32.639 +01:00 [INF] Request starting HTTP/1.1 GET http://localhost:5017/ - null null
2024-11-04 15:01:32.642 +01:00 [INF] Executing endpoint 'MyShop.Controllers.HomeController.Index (MyShop)'
2024-11-04 15:01:32.642 +01:00 [INF] Route matched with {action = "Index", controller = "Home", page = "", area = ""}. Executing controller action with signature Microsoft.AspNetCore.Mvc.IActionResult Index() on controller MyShop.Controllers.HomeController (MyShop).
2024-11-04 15:01:32.643 +01:00 [INF] Executing ViewResult, running view Index.
2024-11-04 15:01:32.651 +01:00 [INF] Executed ViewResult - view Index executed in 8.2422ms.
2024-11-04 15:01:32.651 +01:00 [INF] Executed action MyShop.Controllers.HomeController.Index (MyShop) in 9.042ms
2024-11-04 15:01:32.651 +01:00 [INF] Executed endpoint 'MyShop.Controllers.HomeController.Index (MyShop)'
2024-11-04 15:01:32.652 +01:00 [INF] Request finished HTTP/1.1 GET http://localhost:5017/ - 200 null text/html; charset=utf-8 13.0953ms
2024-11-04 15:01:32.674 +01:00 [INF] Request starting HTTP/1.1 GET http://localhost:5017/css/site.css - null null
2024-11-04 15:01:32.676 +01:00 [INF] Request finished HTTP/1.1 GET http://localhost:5017/css/site.css - 404 0 null 1.9824ms
2024-11-04 15:01:32.676 +01:00 [INF] Request reached the end of the middleware pipeline without being handled by application code. Request path: GET http://localhost:5017/css/site.css, Response status code: 404
2024-11-04 15:01:34.277 +01:00 [INF] Request starting HTTP/1.1 GET http://localhost:5017/Item/Grid - null null
2024-11-04 15:01:34.278 +01:00 [INF] Executing endpoint 'MyShop.Controllers.ItemController.Grid (MyShop)'
2024-11-04 15:01:34.285 +01:00 [INF] Route matched with {action = "Grid", controller = "Item", page = "", area = ""}. Executing controller action with signature System.Threading.Tasks.Task`1[Microsoft.AspNetCore.Mvc.IActionResult] Grid() on controller MyShop.Controllers.ItemController (MyShop).
2024-11-04 15:01:34.426 +01:00 [INF] Executing ViewResult, running view Grid.
2024-11-04 15:01:34.442 +01:00 [INF] Executed ViewResult - view Grid executed in 16.9838ms.
2024-11-04 15:01:34.442 +01:00 [INF] Executed action MyShop.Controllers.ItemController.Grid (MyShop) in 157.1384ms
2024-11-04 15:01:34.442 +01:00 [INF] Executed endpoint 'MyShop.Controllers.ItemController.Grid (MyShop)'
2024-11-04 15:01:34.447 +01:00 [INF] Request finished HTTP/1.1 GET http://localhost:5017/Item/Grid - 200 null text/html; charset=utf-8 169.8353ms
2024-11-04 15:01:35.542 +01:00 [INF] Request starting HTTP/1.1 GET http://localhost:5017/ - null null
2024-11-04 15:01:35.542 +01:00 [INF] Executing endpoint 'MyShop.Controllers.HomeController.Index (MyShop)'
2024-11-04 15:01:35.542 +01:00 [INF] Route matched with {action = "Index", controller = "Home", page = "", area = ""}. Executing controller action with signature Microsoft.AspNetCore.Mvc.IActionResult Index() on controller MyShop.Controllers.HomeController (MyShop).
2024-11-04 15:01:35.542 +01:00 [INF] Executing ViewResult, running view Index.
2024-11-04 15:01:35.545 +01:00 [INF] Executed ViewResult - view Index executed in 3.0219ms.
2024-11-04 15:01:35.545 +01:00 [INF] Executed action MyShop.Controllers.HomeController.Index (MyShop) in 3.277ms
2024-11-04 15:01:35.545 +01:00 [INF] Executed endpoint 'MyShop.Controllers.HomeController.Index (MyShop)'
2024-11-04 15:01:35.546 +01:00 [INF] Request finished HTTP/1.1 GET http://localhost:5017/ - 200 null text/html; charset=utf-8 4.1369ms
2024-11-04 15:01:35.574 +01:00 [INF] Request starting HTTP/1.1 GET http://localhost:5017/css/site.css - null null
2024-11-04 15:01:35.575 +01:00 [INF] Request finished HTTP/1.1 GET http://localhost:5017/css/site.css - 404 0 null 0.5565ms
2024-11-04 15:01:35.575 +01:00 [INF] Request reached the end of the middleware pipeline without being handled by application code. Request path: GET http://localhost:5017/css/site.css, Response status code: 404
2024-11-04 15:01:36.494 +01:00 [INF] Request starting HTTP/1.1 GET http://localhost:5017/Customer/Table - null null
2024-11-04 15:01:36.495 +01:00 [INF] Executing endpoint 'MyShop.Controllers.CustomerController.Table (MyShop)'
2024-11-04 15:01:36.499 +01:00 [INF] Route matched with {action = "Table", controller = "Customer", page = "", area = ""}. Executing controller action with signature System.Threading.Tasks.Task`1[Microsoft.AspNetCore.Mvc.IActionResult] Table() on controller MyShop.Controllers.CustomerController (MyShop).
2024-11-04 15:01:36.570 +01:00 [INF] Executing ViewResult, running view Table.
2024-11-04 15:01:36.573 +01:00 [INF] Executed ViewResult - view Table executed in 3.8736ms.
2024-11-04 15:01:36.573 +01:00 [INF] Executed action MyShop.Controllers.CustomerController.Table (MyShop) in 73.8578ms
2024-11-04 15:01:36.574 +01:00 [INF] Executed endpoint 'MyShop.Controllers.CustomerController.Table (MyShop)'
2024-11-04 15:01:36.574 +01:00 [INF] Request finished HTTP/1.1 GET http://localhost:5017/Customer/Table - 200 null text/html; charset=utf-8 79.7536ms
2024-11-04 15:01:38.062 +01:00 [INF] Request starting HTTP/1.1 GET http://localhost:5017/ - null null
2024-11-04 15:01:38.062 +01:00 [INF] Executing endpoint 'MyShop.Controllers.HomeController.Index (MyShop)'
2024-11-04 15:01:38.062 +01:00 [INF] Route matched with {action = "Index", controller = "Home", page = "", area = ""}. Executing controller action with signature Microsoft.AspNetCore.Mvc.IActionResult Index() on controller MyShop.Controllers.HomeController (MyShop).
2024-11-04 15:01:38.063 +01:00 [INF] Executing ViewResult, running view Index.
2024-11-04 15:01:38.064 +01:00 [INF] Executed ViewResult - view Index executed in 1.3781ms.
2024-11-04 15:01:38.064 +01:00 [INF] Executed action MyShop.Controllers.HomeController.Index (MyShop) in 1.6348ms
2024-11-04 15:01:38.064 +01:00 [INF] Executed endpoint 'MyShop.Controllers.HomeController.Index (MyShop)'
2024-11-04 15:01:38.064 +01:00 [INF] Request finished HTTP/1.1 GET http://localhost:5017/ - 200 null text/html; charset=utf-8 2.5233ms
2024-11-04 15:01:38.094 +01:00 [INF] Request starting HTTP/1.1 GET http://localhost:5017/css/site.css - null null
2024-11-04 15:01:38.095 +01:00 [INF] Request finished HTTP/1.1 GET http://localhost:5017/css/site.css - 404 0 null 0.7648ms
2024-11-04 15:01:38.095 +01:00 [INF] Request reached the end of the middleware pipeline without being handled by application code. Request path: GET http://localhost:5017/css/site.css, Response status code: 404
2024-11-04 15:01:40.503 +01:00 [INF] Request starting HTTP/1.1 GET http://localhost:5017/Item/Create - null null
2024-11-04 15:01:40.515 +01:00 [INF] Authorization failed. These requirements were not met:
DenyAnonymousAuthorizationRequirement: Requires an authenticated user.
2024-11-04 15:01:40.518 +01:00 [INF] AuthenticationScheme: Identity.Application was challenged.
2024-11-04 15:01:40.518 +01:00 [INF] Request finished HTTP/1.1 GET http://localhost:5017/Item/Create - 302 0 null 14.817ms
2024-11-04 15:01:40.523 +01:00 [INF] Request starting HTTP/1.1 GET http://localhost:5017/Identity/Account/Login?ReturnUrl=%2FItem%2FCreate - null null
2024-11-04 15:01:40.523 +01:00 [INF] Executing endpoint '/Account/Login'
2024-11-04 15:01:40.542 +01:00 [INF] Route matched with {page = "/Account/Login", area = "Identity", action = "", controller = ""}. Executing page /Account/Login
2024-11-04 15:01:40.560 +01:00 [INF] Executing handler method MyShop.Areas.Identity.Pages.Account.LoginModel.OnGetAsync - ModelState is "Valid"
2024-11-04 15:01:40.565 +01:00 [INF] AuthenticationScheme: Identity.External signed out.
2024-11-04 15:01:40.566 +01:00 [INF] Executed handler method OnGetAsync, returned result .
2024-11-04 15:01:40.569 +01:00 [INF] Executing an implicit handler method - ModelState is "Valid"
2024-11-04 15:01:40.569 +01:00 [INF] Executed an implicit handler method, returned result Microsoft.AspNetCore.Mvc.RazorPages.PageResult.
2024-11-04 15:01:40.614 +01:00 [INF] Executed page /Account/Login in 71.068ms
2024-11-04 15:01:40.614 +01:00 [INF] Executed endpoint '/Account/Login'
2024-11-04 15:01:40.614 +01:00 [INF] Request finished HTTP/1.1 GET http://localhost:5017/Identity/Account/Login?ReturnUrl=%2FItem%2FCreate - 200 null text/html; charset=utf-8 91.3098ms
2024-11-04 15:01:40.637 +01:00 [INF] Request starting HTTP/1.1 GET http://localhost:5017/lib/jquery-validation/dist/jquery.validate.min.js - null null
2024-11-04 15:01:40.638 +01:00 [INF] Request finished HTTP/1.1 GET http://localhost:5017/lib/jquery-validation/dist/jquery.validate.min.js - 404 0 null 0.5472ms
2024-11-04 15:01:40.638 +01:00 [INF] Request reached the end of the middleware pipeline without being handled by application code. Request path: GET http://localhost:5017/lib/jquery-validation/dist/jquery.validate.min.js, Response status code: 404
2024-11-04 15:01:40.639 +01:00 [INF] Request starting HTTP/1.1 GET http://localhost:5017/lib/jquery-validation-unobtrusive/jquery.validate.unobtrusive.min.js - null null
2024-11-04 15:01:40.639 +01:00 [INF] Request finished HTTP/1.1 GET http://localhost:5017/lib/jquery-validation-unobtrusive/jquery.validate.unobtrusive.min.js - 404 0 null 0.433ms
2024-11-04 15:01:40.639 +01:00 [INF] Request reached the end of the middleware pipeline without being handled by application code. Request path: GET http://localhost:5017/lib/jquery-validation-unobtrusive/jquery.validate.unobtrusive.min.js, Response status code: 404
2024-11-04 15:02:00.178 +01:00 [INF] Application is shutting down...
