2024-10-22 13:47:23.756 +02:00 [INF] User profile is available. Using '/Users/sebastianpop/.aspnet/DataProtection-Keys' as key repository; keys will not be encrypted at rest.
2024-10-22 13:47:23.825 +02:00 [INF] Now listening on: http://localhost:5017
2024-10-22 13:47:23.827 +02:00 [INF] Application started. Press Ctrl+C to shut down.
2024-10-22 13:47:23.828 +02:00 [INF] Hosting environment: Development
2024-10-22 13:47:23.828 +02:00 [INF] Content root path: /Users/sebastianpop/Documents/GitHub/ITPE3200_Exam_project/ITPE3200_Exam_project
2024-10-22 13:47:27.342 +02:00 [INF] Request starting HTTP/1.1 GET http://localhost:5017/ - null null
2024-10-22 13:47:27.362 +02:00 [INF] Executing endpoint 'MyShop.Controllers.HomeController.Index (MyShop)'
2024-10-22 13:47:27.367 +02:00 [INF] Route matched with {action = "Index", controller = "Home", page = "", area = ""}. Executing controller action with signature Microsoft.AspNetCore.Mvc.IActionResult Index() on controller MyShop.Controllers.HomeController (MyShop).
2024-10-22 13:47:27.370 +02:00 [INF] Executing ViewResult, running view Index.
2024-10-22 13:47:27.396 +02:00 [INF] Executed ViewResult - view Index executed in 26.8097ms.
2024-10-22 13:47:27.398 +02:00 [INF] Executed action MyShop.Controllers.HomeController.Index (MyShop) in 30.8992ms
2024-10-22 13:47:27.398 +02:00 [INF] Executed endpoint 'MyShop.Controllers.HomeController.Index (MyShop)'
2024-10-22 13:47:27.401 +02:00 [INF] Request finished HTTP/1.1 GET http://localhost:5017/ - 200 null text/html; charset=utf-8 59.2446ms
2024-10-22 13:47:27.406 +02:00 [INF] Request starting HTTP/1.1 GET http://localhost:5017/images/salad.png - null null
2024-10-22 13:47:27.406 +02:00 [INF] Request starting HTTP/1.1 GET http://localhost:5017/js/jquery.min.js - null null
2024-10-22 13:47:27.406 +02:00 [INF] Request starting HTTP/1.1 GET http://localhost:5017/js/bootstrap.js - null null
2024-10-22 13:47:27.406 +02:00 [INF] Request starting HTTP/1.1 GET http://localhost:5017/images/nøkkelhull.png - null null
2024-10-22 13:47:27.406 +02:00 [INF] Request starting HTTP/1.1 GET http://localhost:5017/js/jquery.validate.js - null null
2024-10-22 13:47:27.406 +02:00 [INF] Request starting HTTP/1.1 GET http://localhost:5017/js/jquery.validate.unobtrusive.js - null null
2024-10-22 13:47:27.409 +02:00 [INF] The file /js/jquery.validate.unobtrusive.js was not modified
2024-10-22 13:47:27.409 +02:00 [INF] The file /js/bootstrap.js was not modified
2024-10-22 13:47:27.409 +02:00 [INF] The file /js/jquery.validate.js was not modified
2024-10-22 13:47:27.409 +02:00 [INF] The file /js/jquery.min.js was not modified
2024-10-22 13:47:27.409 +02:00 [INF] The file /images/salad.png was not modified
2024-10-22 13:47:27.409 +02:00 [INF] The file /images/nøkkelhull.png was not modified
2024-10-22 13:47:27.410 +02:00 [INF] Request finished HTTP/1.1 GET http://localhost:5017/js/bootstrap.js - 304 null text/javascript 3.7222ms
2024-10-22 13:47:27.410 +02:00 [INF] Request finished HTTP/1.1 GET http://localhost:5017/images/salad.png - 304 null image/png 3.6782ms
2024-10-22 13:47:27.410 +02:00 [INF] Request finished HTTP/1.1 GET http://localhost:5017/js/jquery.validate.js - 304 null text/javascript 3.3493ms
2024-10-22 13:47:27.410 +02:00 [INF] Request finished HTTP/1.1 GET http://localhost:5017/js/jquery.validate.unobtrusive.js - 304 null text/javascript 3.5244ms
2024-10-22 13:47:27.410 +02:00 [INF] Request finished HTTP/1.1 GET http://localhost:5017/js/jquery.min.js - 304 null text/javascript 4.0786ms
2024-10-22 13:47:27.410 +02:00 [INF] Request finished HTTP/1.1 GET http://localhost:5017/images/nøkkelhull.png - 304 null image/png 3.2978ms
2024-10-22 13:47:27.414 +02:00 [INF] Request starting HTTP/1.1 GET http://localhost:5017/images/family.jpg - null null
2024-10-22 13:47:27.415 +02:00 [INF] The file /images/family.jpg was not modified
2024-10-22 13:47:27.415 +02:00 [INF] Request finished HTTP/1.1 GET http://localhost:5017/images/family.jpg - 304 null image/jpeg 0.8962ms
2024-10-22 13:47:29.952 +02:00 [INF] Request starting HTTP/1.1 GET http://localhost:5017/Item/Table - null null
2024-10-22 13:47:29.956 +02:00 [INF] Executing endpoint 'MyShop.Controllers.ItemController.Table (MyShop)'
2024-10-22 13:47:29.961 +02:00 [INF] Route matched with {action = "Table", controller = "Item", page = "", area = ""}. Executing controller action with signature System.Threading.Tasks.Task`1[Microsoft.AspNetCore.Mvc.IActionResult] Table() on controller MyShop.Controllers.ItemController (MyShop).
2024-10-22 13:47:30.040 +02:00 [INF] Executing ViewResult, running view Table.
2024-10-22 13:47:30.047 +02:00 [INF] Executed ViewResult - view Table executed in 8.3766ms.
2024-10-22 13:47:30.048 +02:00 [INF] Executed action MyShop.Controllers.ItemController.Table (MyShop) in 86.7009ms
2024-10-22 13:47:30.048 +02:00 [INF] Executed endpoint 'MyShop.Controllers.ItemController.Table (MyShop)'
2024-10-22 13:47:30.050 +02:00 [INF] Request finished HTTP/1.1 GET http://localhost:5017/Item/Table - 200 null text/html; charset=utf-8 98.8526ms
2024-10-22 13:47:30.056 +02:00 [INF] Request starting HTTP/1.1 GET http://localhost:5017/images/helmelk.jpg - null null
2024-10-22 13:47:30.056 +02:00 [INF] Request starting HTTP/1.1 GET http://localhost:5017/images/kjøttdeig.jpg - null null
2024-10-22 13:47:30.056 +02:00 [INF] The file /images/kjøttdeig.jpg was not modified
2024-10-22 13:47:30.056 +02:00 [INF] The file /images/helmelk.jpg was not modified
2024-10-22 13:47:30.056 +02:00 [INF] Request finished HTTP/1.1 GET http://localhost:5017/images/kjøttdeig.jpg - 304 null image/jpeg 0.3052ms
2024-10-22 13:47:30.056 +02:00 [INF] Request finished HTTP/1.1 GET http://localhost:5017/images/helmelk.jpg - 304 null image/jpeg 0.3958ms
2024-10-22 13:47:30.060 +02:00 [INF] Request starting HTTP/1.1 GET http://localhost:5017/images/kylling.jpg - null null
2024-10-22 13:47:30.060 +02:00 [INF] Request starting HTTP/1.1 GET http://localhost:5017/images/lettmelk.jpg - null null
2024-10-22 13:47:30.060 +02:00 [INF] The file /images/kylling.jpg was not modified
2024-10-22 13:47:30.060 +02:00 [INF] Request finished HTTP/1.1 GET http://localhost:5017/images/kylling.jpg - 304 null image/jpeg 0.2317ms
2024-10-22 13:47:30.060 +02:00 [INF] The file /images/lettmelk.jpg was not modified
2024-10-22 13:47:30.061 +02:00 [INF] Request finished HTTP/1.1 GET http://localhost:5017/images/lettmelk.jpg - 304 null image/jpeg 0.3296ms
2024-10-22 13:47:30.062 +02:00 [INF] Request starting HTTP/1.1 GET http://localhost:5017/images/peanøtter.jpg - null null
2024-10-22 13:47:30.062 +02:00 [INF] The file /images/peanøtter.jpg was not modified
2024-10-22 13:47:30.062 +02:00 [INF] Request finished HTTP/1.1 GET http://localhost:5017/images/peanøtter.jpg - 304 null image/jpeg 0.3618ms
2024-10-22 13:47:30.063 +02:00 [INF] Request starting HTTP/1.1 GET http://localhost:5017/images/polpa.jpg - null null
2024-10-22 13:47:30.063 +02:00 [INF] The file /images/polpa.jpg was not modified
2024-10-22 13:47:30.063 +02:00 [INF] Request finished HTTP/1.1 GET http://localhost:5017/images/polpa.jpg - 304 null image/jpeg 0.1525ms
2024-10-22 13:47:31.154 +02:00 [INF] Request starting HTTP/1.1 GET http://localhost:5017/Customer/Table - null null
2024-10-22 13:47:31.159 +02:00 [INF] Executing endpoint 'MyShop.Controllers.CustomerController.Table (MyShop)'
2024-10-22 13:47:31.162 +02:00 [INF] Route matched with {action = "Table", controller = "Customer", page = "", area = ""}. Executing controller action with signature System.Threading.Tasks.Task`1[Microsoft.AspNetCore.Mvc.IActionResult] Table() on controller MyShop.Controllers.CustomerController (MyShop).
2024-10-22 13:47:31.200 +02:00 [INF] Executing ViewResult, running view Table.
2024-10-22 13:47:31.238 +02:00 [INF] Executed ViewResult - view Table executed in 38.7619ms.
2024-10-22 13:47:31.238 +02:00 [INF] Executed action MyShop.Controllers.CustomerController.Table (MyShop) in 76.329ms
2024-10-22 13:47:31.238 +02:00 [INF] Executed endpoint 'MyShop.Controllers.CustomerController.Table (MyShop)'
2024-10-22 13:47:31.238 +02:00 [INF] Request finished HTTP/1.1 GET http://localhost:5017/Customer/Table - 200 null text/html; charset=utf-8 84.2517ms
2024-10-22 13:47:32.241 +02:00 [INF] Request starting HTTP/1.1 GET http://localhost:5017/ - null null
2024-10-22 13:47:32.243 +02:00 [INF] Executing endpoint 'MyShop.Controllers.HomeController.Index (MyShop)'
2024-10-22 13:47:32.243 +02:00 [INF] Route matched with {action = "Index", controller = "Home", page = "", area = ""}. Executing controller action with signature Microsoft.AspNetCore.Mvc.IActionResult Index() on controller MyShop.Controllers.HomeController (MyShop).
2024-10-22 13:47:32.245 +02:00 [INF] Executing ViewResult, running view Index.
2024-10-22 13:47:32.247 +02:00 [INF] Executed ViewResult - view Index executed in 2.3349ms.
2024-10-22 13:47:32.247 +02:00 [INF] Executed action MyShop.Controllers.HomeController.Index (MyShop) in 3.2439ms
2024-10-22 13:47:32.247 +02:00 [INF] Executed endpoint 'MyShop.Controllers.HomeController.Index (MyShop)'
2024-10-22 13:47:32.247 +02:00 [INF] Request finished HTTP/1.1 GET http://localhost:5017/ - 200 null text/html; charset=utf-8 5.5613ms
2024-10-22 13:47:35.425 +02:00 [INF] Request starting HTTP/1.1 GET http://localhost:5017/ - null null
2024-10-22 13:47:35.427 +02:00 [INF] Executing endpoint 'MyShop.Controllers.HomeController.Index (MyShop)'
2024-10-22 13:47:35.427 +02:00 [INF] Route matched with {action = "Index", controller = "Home", page = "", area = ""}. Executing controller action with signature Microsoft.AspNetCore.Mvc.IActionResult Index() on controller MyShop.Controllers.HomeController (MyShop).
2024-10-22 13:47:35.428 +02:00 [INF] Executing ViewResult, running view Index.
2024-10-22 13:47:35.430 +02:00 [INF] Executed ViewResult - view Index executed in 2.3593ms.
2024-10-22 13:47:35.431 +02:00 [INF] Executed action MyShop.Controllers.HomeController.Index (MyShop) in 3.4772ms
2024-10-22 13:47:35.431 +02:00 [INF] Executed endpoint 'MyShop.Controllers.HomeController.Index (MyShop)'
2024-10-22 13:47:35.431 +02:00 [INF] Request finished HTTP/1.1 GET http://localhost:5017/ - 200 null text/html; charset=utf-8 6.2501ms
