2024-11-04 15:34:05.883 +01:00 [INF] User profile is available. Using 'C:\Users\jovan\AppData\Local\ASP.NET\DataProtection-Keys' as key repository and Windows DPAPI to encrypt keys at rest.
2024-11-04 15:34:06.010 +01:00 [INF] Now listening on: http://localhost:5017
2024-11-04 15:34:06.015 +01:00 [INF] Application started. Press Ctrl+C to shut down.
2024-11-04 15:34:06.016 +01:00 [INF] Hosting environment: Development
2024-11-04 15:34:06.016 +01:00 [INF] Content root path: C:\TestMappe\Eksamen\ITPE3200_Exam_project
2024-11-04 15:34:08.765 +01:00 [INF] Request starting HTTP/1.1 GET http://localhost:5017/ - null null
2024-11-04 15:34:08.809 +01:00 [INF] Identity.Application was not authenticated. Failure message: Unprotect ticket failed
2024-11-04 15:34:08.814 +01:00 [INF] Executing endpoint 'MyShop.Controllers.HomeController.Index (MyShop)'
2024-11-04 15:34:08.823 +01:00 [INF] Route matched with {action = "Index", controller = "Home", page = "", area = ""}. Executing controller action with signature Microsoft.AspNetCore.Mvc.IActionResult Index() on controller MyShop.Controllers.HomeController (MyShop).
2024-11-04 15:34:08.831 +01:00 [INF] Executing ViewResult, running view Index.
2024-11-04 15:34:08.919 +01:00 [INF] Executed ViewResult - view Index executed in 89.1441ms.
2024-11-04 15:34:08.922 +01:00 [INF] Executed action MyShop.Controllers.HomeController.Index (MyShop) in 98.6583ms
2024-11-04 15:34:08.923 +01:00 [INF] Executed endpoint 'MyShop.Controllers.HomeController.Index (MyShop)'
2024-11-04 15:34:08.927 +01:00 [INF] Request finished HTTP/1.1 GET http://localhost:5017/ - 200 null text/html; charset=utf-8 164.6118ms
2024-11-04 15:34:10.605 +01:00 [INF] Request starting HTTP/1.1 GET http://localhost:5017/Identity/Account/Login - null null
2024-11-04 15:34:10.608 +01:00 [INF] Identity.Application was not authenticated. Failure message: Unprotect ticket failed
2024-11-04 15:34:10.608 +01:00 [INF] Executing endpoint '/Account/Login'
2024-11-04 15:34:10.627 +01:00 [INF] Route matched with {page = "/Account/Login", area = "Identity", action = "", controller = ""}. Executing page /Account/Login
2024-11-04 15:34:10.641 +01:00 [INF] Executing handler method MyShop.Areas.Identity.Pages.Account.LoginModel.OnGetAsync - ModelState is "Valid"
2024-11-04 15:34:10.645 +01:00 [INF] AuthenticationScheme: Identity.External signed out.
2024-11-04 15:34:10.646 +01:00 [INF] Executed handler method OnGetAsync, returned result .
2024-11-04 15:34:10.648 +01:00 [INF] Executing an implicit handler method - ModelState is "Valid"
2024-11-04 15:34:10.649 +01:00 [INF] Executed an implicit handler method, returned result Microsoft.AspNetCore.Mvc.RazorPages.PageResult.
2024-11-04 15:34:10.675 +01:00 [INF] Executed page /Account/Login in 47.7341ms
2024-11-04 15:34:10.675 +01:00 [INF] Executed endpoint '/Account/Login'
2024-11-04 15:34:10.676 +01:00 [INF] Request finished HTTP/1.1 GET http://localhost:5017/Identity/Account/Login - 200 null text/html; charset=utf-8 70.1895ms
2024-11-04 15:34:10.709 +01:00 [INF] Request starting HTTP/1.1 GET http://localhost:5017/css/Login.css - null null
2024-11-04 15:34:10.714 +01:00 [INF] The file /css/Login.css was not modified
2024-11-04 15:34:10.714 +01:00 [INF] Request finished HTTP/1.1 GET http://localhost:5017/css/Login.css - 304 null text/css 5.5549ms
2024-11-04 15:34:10.756 +01:00 [INF] Request starting HTTP/1.1 GET http://localhost:5017/images/SignUp.png - null null
2024-11-04 15:34:10.757 +01:00 [INF] Request starting HTTP/1.1 GET http://localhost:5017/lib/jquery-validation/dist/jquery.validate.min.js - null null
2024-11-04 15:34:10.757 +01:00 [INF] The file /images/SignUp.png was not modified
2024-11-04 15:34:10.758 +01:00 [INF] Request finished HTTP/1.1 GET http://localhost:5017/images/SignUp.png - 304 null image/png 1.4346ms
2024-11-04 15:34:10.759 +01:00 [INF] Identity.Application was not authenticated. Failure message: Unprotect ticket failed
2024-11-04 15:34:10.760 +01:00 [INF] Request finished HTTP/1.1 GET http://localhost:5017/lib/jquery-validation/dist/jquery.validate.min.js - 404 0 null 2.6871ms
2024-11-04 15:34:10.762 +01:00 [INF] Request reached the end of the middleware pipeline without being handled by application code. Request path: GET http://localhost:5017/lib/jquery-validation/dist/jquery.validate.min.js, Response status code: 404
2024-11-04 15:34:10.770 +01:00 [INF] Request starting HTTP/1.1 GET http://localhost:5017/lib/jquery-validation-unobtrusive/jquery.validate.unobtrusive.min.js - null null
2024-11-04 15:34:10.771 +01:00 [INF] Identity.Application was not authenticated. Failure message: Unprotect ticket failed
2024-11-04 15:34:10.771 +01:00 [INF] Request finished HTTP/1.1 GET http://localhost:5017/lib/jquery-validation-unobtrusive/jquery.validate.unobtrusive.min.js - 404 0 null 1.1284ms
2024-11-04 15:34:10.771 +01:00 [INF] Request reached the end of the middleware pipeline without being handled by application code. Request path: GET http://localhost:5017/lib/jquery-validation-unobtrusive/jquery.validate.unobtrusive.min.js, Response status code: 404
2024-11-04 15:34:15.255 +01:00 [INF] Request starting HTTP/1.1 GET http://localhost:5017/Identity/Account/Register - null null
2024-11-04 15:34:15.261 +01:00 [INF] Identity.Application was not authenticated. Failure message: Unprotect ticket failed
2024-11-04 15:34:15.261 +01:00 [INF] Executing endpoint '/Account/Register'
2024-11-04 15:34:15.273 +01:00 [INF] Route matched with {page = "/Account/Register", area = "Identity", action = "", controller = ""}. Executing page /Account/Register
2024-11-04 15:34:15.296 +01:00 [INF] Executing handler method MyShop.Areas.Identity.Pages.Account.RegisterModel.OnGetAsync - ModelState is "Valid"
2024-11-04 15:34:15.298 +01:00 [INF] Executed handler method OnGetAsync, returned result .
2024-11-04 15:34:15.298 +01:00 [INF] Executing an implicit handler method - ModelState is "Valid"
2024-11-04 15:34:15.298 +01:00 [INF] Executed an implicit handler method, returned result Microsoft.AspNetCore.Mvc.RazorPages.PageResult.
2024-11-04 15:34:15.340 +01:00 [INF] Executed page /Account/Register in 66.6872ms
2024-11-04 15:34:15.341 +01:00 [INF] Executed endpoint '/Account/Register'
2024-11-04 15:34:15.341 +01:00 [INF] Request finished HTTP/1.1 GET http://localhost:5017/Identity/Account/Register - 200 null text/html; charset=utf-8 86.3062ms
2024-11-04 15:34:15.358 +01:00 [INF] Request starting HTTP/1.1 GET http://localhost:5017/lib/jquery-validation/dist/jquery.validate.min.js - null null
2024-11-04 15:34:15.358 +01:00 [INF] Request starting HTTP/1.1 GET http://localhost:5017/lib/jquery-validation-unobtrusive/jquery.validate.unobtrusive.min.js - null null
2024-11-04 15:34:15.359 +01:00 [INF] Identity.Application was not authenticated. Failure message: Unprotect ticket failed
2024-11-04 15:34:15.359 +01:00 [INF] Request finished HTTP/1.1 GET http://localhost:5017/lib/jquery-validation/dist/jquery.validate.min.js - 404 0 null 0.8012ms
2024-11-04 15:34:15.359 +01:00 [INF] Request reached the end of the middleware pipeline without being handled by application code. Request path: GET http://localhost:5017/lib/jquery-validation/dist/jquery.validate.min.js, Response status code: 404
2024-11-04 15:34:15.359 +01:00 [INF] Identity.Application was not authenticated. Failure message: Unprotect ticket failed
2024-11-04 15:34:15.360 +01:00 [INF] Request finished HTTP/1.1 GET http://localhost:5017/lib/jquery-validation-unobtrusive/jquery.validate.unobtrusive.min.js - 404 0 null 1.6223ms
2024-11-04 15:34:15.360 +01:00 [INF] Request reached the end of the middleware pipeline without being handled by application code. Request path: GET http://localhost:5017/lib/jquery-validation-unobtrusive/jquery.validate.unobtrusive.min.js, Response status code: 404
2024-11-04 15:34:23.864 +01:00 [INF] Request starting HTTP/1.1 POST http://localhost:5017/Identity/Account/Register - application/x-www-form-urlencoded 270
2024-11-04 15:34:23.864 +01:00 [INF] Identity.Application was not authenticated. Failure message: Unprotect ticket failed
2024-11-04 15:34:23.865 +01:00 [INF] Executing endpoint '/Account/Register'
2024-11-04 15:34:23.865 +01:00 [INF] Route matched with {page = "/Account/Register", area = "Identity", action = "", controller = ""}. Executing page /Account/Register
2024-11-04 15:34:23.894 +01:00 [INF] Executing handler method MyShop.Areas.Identity.Pages.Account.RegisterModel.OnPostAsync - ModelState is "Valid"
2024-11-04 15:34:23.916 +01:00 [INF] Executed handler method OnPostAsync, returned result Microsoft.AspNetCore.Mvc.RazorPages.PageResult.
2024-11-04 15:34:23.923 +01:00 [INF] Executed page /Account/Register in 57.9331ms
2024-11-04 15:34:23.923 +01:00 [INF] Executed endpoint '/Account/Register'
2024-11-04 15:34:23.923 +01:00 [INF] Request finished HTTP/1.1 POST http://localhost:5017/Identity/Account/Register - 200 null text/html; charset=utf-8 59.4005ms
2024-11-04 15:34:23.943 +01:00 [INF] Request starting HTTP/1.1 GET http://localhost:5017/lib/jquery-validation-unobtrusive/jquery.validate.unobtrusive.min.js - null null
2024-11-04 15:34:23.943 +01:00 [INF] Request starting HTTP/1.1 GET http://localhost:5017/lib/jquery-validation/dist/jquery.validate.min.js - null null
2024-11-04 15:34:23.944 +01:00 [INF] Identity.Application was not authenticated. Failure message: Unprotect ticket failed
2024-11-04 15:34:23.944 +01:00 [INF] Identity.Application was not authenticated. Failure message: Unprotect ticket failed
2024-11-04 15:34:23.944 +01:00 [INF] Request finished HTTP/1.1 GET http://localhost:5017/lib/jquery-validation-unobtrusive/jquery.validate.unobtrusive.min.js - 404 0 null 0.7492ms
2024-11-04 15:34:23.944 +01:00 [INF] Request reached the end of the middleware pipeline without being handled by application code. Request path: GET http://localhost:5017/lib/jquery-validation-unobtrusive/jquery.validate.unobtrusive.min.js, Response status code: 404
2024-11-04 15:34:23.944 +01:00 [INF] Request finished HTTP/1.1 GET http://localhost:5017/lib/jquery-validation/dist/jquery.validate.min.js - 404 0 null 0.8456ms
2024-11-04 15:34:23.944 +01:00 [INF] Request reached the end of the middleware pipeline without being handled by application code. Request path: GET http://localhost:5017/lib/jquery-validation/dist/jquery.validate.min.js, Response status code: 404
2024-11-04 15:34:34.817 +01:00 [INF] Request starting HTTP/1.1 POST http://localhost:5017/Identity/Account/Register - application/x-www-form-urlencoded 268
2024-11-04 15:34:34.818 +01:00 [INF] Identity.Application was not authenticated. Failure message: Unprotect ticket failed
2024-11-04 15:34:34.818 +01:00 [INF] Executing endpoint '/Account/Register'
2024-11-04 15:34:34.818 +01:00 [INF] Route matched with {page = "/Account/Register", area = "Identity", action = "", controller = ""}. Executing page /Account/Register
2024-11-04 15:34:34.821 +01:00 [INF] Executing handler method MyShop.Areas.Identity.Pages.Account.RegisterModel.OnPostAsync - ModelState is "Valid"
2024-11-04 15:34:34.821 +01:00 [INF] Executed handler method OnPostAsync, returned result Microsoft.AspNetCore.Mvc.RazorPages.PageResult.
2024-11-04 15:34:34.824 +01:00 [INF] Executed page /Account/Register in 6.2983ms
2024-11-04 15:34:34.825 +01:00 [INF] Executed endpoint '/Account/Register'
2024-11-04 15:34:34.825 +01:00 [INF] Request finished HTTP/1.1 POST http://localhost:5017/Identity/Account/Register - 200 null text/html; charset=utf-8 7.5065ms
2024-11-04 15:34:34.846 +01:00 [INF] Request starting HTTP/1.1 GET http://localhost:5017/lib/jquery-validation/dist/jquery.validate.min.js - null null
2024-11-04 15:34:34.846 +01:00 [INF] Request starting HTTP/1.1 GET http://localhost:5017/lib/jquery-validation-unobtrusive/jquery.validate.unobtrusive.min.js - null null
2024-11-04 15:34:34.846 +01:00 [INF] Identity.Application was not authenticated. Failure message: Unprotect ticket failed
2024-11-04 15:34:34.846 +01:00 [INF] Identity.Application was not authenticated. Failure message: Unprotect ticket failed
2024-11-04 15:34:34.846 +01:00 [INF] Request finished HTTP/1.1 GET http://localhost:5017/lib/jquery-validation/dist/jquery.validate.min.js - 404 0 null 0.679ms
2024-11-04 15:34:34.847 +01:00 [INF] Request finished HTTP/1.1 GET http://localhost:5017/lib/jquery-validation-unobtrusive/jquery.validate.unobtrusive.min.js - 404 0 null 0.5857ms
2024-11-04 15:34:34.847 +01:00 [INF] Request reached the end of the middleware pipeline without being handled by application code. Request path: GET http://localhost:5017/lib/jquery-validation/dist/jquery.validate.min.js, Response status code: 404
2024-11-04 15:34:34.847 +01:00 [INF] Request reached the end of the middleware pipeline without being handled by application code. Request path: GET http://localhost:5017/lib/jquery-validation-unobtrusive/jquery.validate.unobtrusive.min.js, Response status code: 404
2024-11-04 15:34:45.417 +01:00 [INF] Request starting HTTP/1.1 POST http://localhost:5017/Identity/Account/Register - application/x-www-form-urlencoded 276
2024-11-04 15:34:45.417 +01:00 [INF] Identity.Application was not authenticated. Failure message: Unprotect ticket failed
2024-11-04 15:34:45.417 +01:00 [INF] Executing endpoint '/Account/Register'
2024-11-04 15:34:45.418 +01:00 [INF] Route matched with {page = "/Account/Register", area = "Identity", action = "", controller = ""}. Executing page /Account/Register
2024-11-04 15:34:45.420 +01:00 [INF] Executing handler method MyShop.Areas.Identity.Pages.Account.RegisterModel.OnPostAsync - ModelState is "Valid"
2024-11-04 15:34:46.241 +01:00 [INF] User created a new account with password.
2024-11-04 15:34:46.348 +01:00 [INF] AuthenticationScheme: Identity.Application signed in.
2024-11-04 15:34:46.349 +01:00 [INF] Executed handler method OnPostAsync, returned result Microsoft.AspNetCore.Mvc.LocalRedirectResult.
2024-11-04 15:34:46.350 +01:00 [INF] Executing LocalRedirectResult, redirecting to /.
2024-11-04 15:34:46.350 +01:00 [INF] Executed page /Account/Register in 932.2841ms
2024-11-04 15:34:46.350 +01:00 [INF] Executed endpoint '/Account/Register'
2024-11-04 15:34:46.355 +01:00 [INF] Request finished HTTP/1.1 POST http://localhost:5017/Identity/Account/Register - 302 0 null 938.3282ms
2024-11-04 15:34:46.356 +01:00 [INF] Request starting HTTP/1.1 GET http://localhost:5017/ - null null
2024-11-04 15:34:46.361 +01:00 [INF] Executing endpoint 'MyShop.Controllers.HomeController.Index (MyShop)'
2024-11-04 15:34:46.361 +01:00 [INF] Route matched with {action = "Index", controller = "Home", page = "", area = ""}. Executing controller action with signature Microsoft.AspNetCore.Mvc.IActionResult Index() on controller MyShop.Controllers.HomeController (MyShop).
2024-11-04 15:34:46.362 +01:00 [INF] Executing ViewResult, running view Index.
2024-11-04 15:34:46.368 +01:00 [INF] Executed ViewResult - view Index executed in 5.8716ms.
2024-11-04 15:34:46.368 +01:00 [INF] Executed action MyShop.Controllers.HomeController.Index (MyShop) in 6.6543ms
2024-11-04 15:34:46.368 +01:00 [INF] Executed endpoint 'MyShop.Controllers.HomeController.Index (MyShop)'
2024-11-04 15:34:46.369 +01:00 [INF] Request finished HTTP/1.1 GET http://localhost:5017/ - 200 null text/html; charset=utf-8 12.9062ms
2024-11-04 15:34:48.543 +01:00 [INF] Request starting HTTP/1.1 GET http://localhost:5017/Identity/Account/Manage - null null
2024-11-04 15:34:48.560 +01:00 [INF] Executing endpoint '/Account/Manage/Index'
2024-11-04 15:34:48.569 +01:00 [INF] Route matched with {page = "/Account/Manage/Index", area = "Identity", action = "", controller = ""}. Executing page /Account/Manage/Index
2024-11-04 15:34:48.573 +01:00 [INF] Executing handler method MyShop.Areas.Identity.Pages.Account.Manage.IndexModel.OnGetAsync - ModelState is "Valid"
2024-11-04 15:34:48.733 +01:00 [INF] Executed handler method OnGetAsync, returned result Microsoft.AspNetCore.Mvc.RazorPages.PageResult.
2024-11-04 15:34:48.790 +01:00 [INF] Executed page /Account/Manage/Index in 221.2442ms
2024-11-04 15:34:48.790 +01:00 [INF] Executed endpoint '/Account/Manage/Index'
2024-11-04 15:34:48.791 +01:00 [INF] Request finished HTTP/1.1 GET http://localhost:5017/Identity/Account/Manage - 200 null text/html; charset=utf-8 247.961ms
2024-11-04 15:34:48.814 +01:00 [INF] Request starting HTTP/1.1 GET http://localhost:5017/lib/jquery-validation/dist/jquery.validate.min.js - null null
2024-11-04 15:34:48.814 +01:00 [INF] Request starting HTTP/1.1 GET http://localhost:5017/lib/jquery-validation-unobtrusive/jquery.validate.unobtrusive.min.js - null null
2024-11-04 15:34:48.818 +01:00 [INF] Request finished HTTP/1.1 GET http://localhost:5017/lib/jquery-validation-unobtrusive/jquery.validate.unobtrusive.min.js - 404 0 null 3.8566ms
2024-11-04 15:34:48.818 +01:00 [INF] Request finished HTTP/1.1 GET http://localhost:5017/lib/jquery-validation/dist/jquery.validate.min.js - 404 0 null 4.3008ms
2024-11-04 15:34:48.818 +01:00 [INF] Request reached the end of the middleware pipeline without being handled by application code. Request path: GET http://localhost:5017/lib/jquery-validation-unobtrusive/jquery.validate.unobtrusive.min.js, Response status code: 404
2024-11-04 15:34:48.818 +01:00 [INF] Request reached the end of the middleware pipeline without being handled by application code. Request path: GET http://localhost:5017/lib/jquery-validation/dist/jquery.validate.min.js, Response status code: 404
2024-11-04 15:34:50.151 +01:00 [INF] Request starting HTTP/1.1 GET http://localhost:5017/Identity/Account/Manage/Email - null null
2024-11-04 15:34:50.155 +01:00 [INF] Executing endpoint '/Account/Manage/Email'
2024-11-04 15:34:50.159 +01:00 [INF] Route matched with {page = "/Account/Manage/Email", area = "Identity", action = "", controller = ""}. Executing page /Account/Manage/Email
2024-11-04 15:34:50.161 +01:00 [INF] Executing handler method MyShop.Areas.Identity.Pages.Account.Manage.EmailModel.OnGetAsync - ModelState is "Valid"
2024-11-04 15:34:50.178 +01:00 [INF] Executed handler method OnGetAsync, returned result Microsoft.AspNetCore.Mvc.RazorPages.PageResult.
2024-11-04 15:34:50.215 +01:00 [INF] Executed page /Account/Manage/Email in 55.4753ms
2024-11-04 15:34:50.215 +01:00 [INF] Executed endpoint '/Account/Manage/Email'
2024-11-04 15:34:50.216 +01:00 [INF] Request finished HTTP/1.1 GET http://localhost:5017/Identity/Account/Manage/Email - 200 null text/html; charset=utf-8 64.3854ms
2024-11-04 15:34:50.236 +01:00 [INF] Request starting HTTP/1.1 GET http://localhost:5017/lib/jquery-validation/dist/jquery.validate.min.js - null null
2024-11-04 15:34:50.237 +01:00 [INF] Request starting HTTP/1.1 GET http://localhost:5017/lib/jquery-validation-unobtrusive/jquery.validate.unobtrusive.min.js - null null
2024-11-04 15:34:50.237 +01:00 [INF] Request finished HTTP/1.1 GET http://localhost:5017/lib/jquery-validation/dist/jquery.validate.min.js - 404 0 null 1.0732ms
2024-11-04 15:34:50.238 +01:00 [INF] Request finished HTTP/1.1 GET http://localhost:5017/lib/jquery-validation-unobtrusive/jquery.validate.unobtrusive.min.js - 404 0 null 0.8789ms
2024-11-04 15:34:50.238 +01:00 [INF] Request reached the end of the middleware pipeline without being handled by application code. Request path: GET http://localhost:5017/lib/jquery-validation/dist/jquery.validate.min.js, Response status code: 404
2024-11-04 15:34:50.238 +01:00 [INF] Request reached the end of the middleware pipeline without being handled by application code. Request path: GET http://localhost:5017/lib/jquery-validation-unobtrusive/jquery.validate.unobtrusive.min.js, Response status code: 404
2024-11-04 15:34:51.140 +01:00 [INF] Request starting HTTP/1.1 GET http://localhost:5017/Identity/Account/Manage/ChangePassword - null null
2024-11-04 15:34:51.149 +01:00 [INF] Executing endpoint '/Account/Manage/ChangePassword'
2024-11-04 15:34:51.159 +01:00 [INF] Route matched with {page = "/Account/Manage/ChangePassword", area = "Identity", action = "", controller = ""}. Executing page /Account/Manage/ChangePassword
2024-11-04 15:34:51.161 +01:00 [INF] Executing handler method MyShop.Areas.Identity.Pages.Account.Manage.ChangePasswordModel.OnGetAsync - ModelState is "Valid"
2024-11-04 15:34:51.168 +01:00 [INF] Executed handler method OnGetAsync, returned result Microsoft.AspNetCore.Mvc.RazorPages.PageResult.
2024-11-04 15:34:51.201 +01:00 [INF] Executed page /Account/Manage/ChangePassword in 42.0135ms
2024-11-04 15:34:51.201 +01:00 [INF] Executed endpoint '/Account/Manage/ChangePassword'
2024-11-04 15:34:51.202 +01:00 [INF] Request finished HTTP/1.1 GET http://localhost:5017/Identity/Account/Manage/ChangePassword - 200 null text/html; charset=utf-8 62.3806ms
2024-11-04 15:34:51.225 +01:00 [INF] Request starting HTTP/1.1 GET http://localhost:5017/lib/jquery-validation/dist/jquery.validate.min.js - null null
2024-11-04 15:34:51.225 +01:00 [INF] Request starting HTTP/1.1 GET http://localhost:5017/lib/jquery-validation-unobtrusive/jquery.validate.unobtrusive.min.js - null null
2024-11-04 15:34:51.226 +01:00 [INF] Request finished HTTP/1.1 GET http://localhost:5017/lib/jquery-validation/dist/jquery.validate.min.js - 404 0 null 1.9497ms
2024-11-04 15:34:51.227 +01:00 [INF] Request reached the end of the middleware pipeline without being handled by application code. Request path: GET http://localhost:5017/lib/jquery-validation/dist/jquery.validate.min.js, Response status code: 404
2024-11-04 15:34:51.227 +01:00 [INF] Request finished HTTP/1.1 GET http://localhost:5017/lib/jquery-validation-unobtrusive/jquery.validate.unobtrusive.min.js - 404 0 null 2.0103ms
2024-11-04 15:34:51.227 +01:00 [INF] Request reached the end of the middleware pipeline without being handled by application code. Request path: GET http://localhost:5017/lib/jquery-validation-unobtrusive/jquery.validate.unobtrusive.min.js, Response status code: 404
2024-11-04 15:34:51.876 +01:00 [INF] Request starting HTTP/1.1 GET http://localhost:5017/Identity/Account/Manage/TwoFactorAuthentication - null null
2024-11-04 15:34:51.878 +01:00 [INF] Executing endpoint '/Account/Manage/TwoFactorAuthentication'
2024-11-04 15:34:51.884 +01:00 [INF] Route matched with {page = "/Account/Manage/TwoFactorAuthentication", area = "Identity", action = "", controller = ""}. Executing page /Account/Manage/TwoFactorAuthentication
2024-11-04 15:34:51.886 +01:00 [INF] Executing handler method MyShop.Areas.Identity.Pages.Account.Manage.TwoFactorAuthenticationModel.OnGetAsync - ModelState is "Valid"
2024-11-04 15:34:51.937 +01:00 [INF] Executed handler method OnGetAsync, returned result Microsoft.AspNetCore.Mvc.RazorPages.PageResult.
2024-11-04 15:34:51.961 +01:00 [INF] Executed page /Account/Manage/TwoFactorAuthentication in 77.153ms
2024-11-04 15:34:51.962 +01:00 [INF] Executed endpoint '/Account/Manage/TwoFactorAuthentication'
2024-11-04 15:34:51.962 +01:00 [INF] Request finished HTTP/1.1 GET http://localhost:5017/Identity/Account/Manage/TwoFactorAuthentication - 200 null text/html; charset=utf-8 85.8957ms
2024-11-04 15:34:51.982 +01:00 [INF] Request starting HTTP/1.1 GET http://localhost:5017/lib/jquery-validation/dist/jquery.validate.min.js - null null
2024-11-04 15:34:51.983 +01:00 [INF] Request starting HTTP/1.1 GET http://localhost:5017/lib/jquery-validation-unobtrusive/jquery.validate.unobtrusive.min.js - null null
2024-11-04 15:34:51.983 +01:00 [INF] Request finished HTTP/1.1 GET http://localhost:5017/lib/jquery-validation/dist/jquery.validate.min.js - 404 0 null 0.9681ms
2024-11-04 15:34:51.983 +01:00 [INF] Request reached the end of the middleware pipeline without being handled by application code. Request path: GET http://localhost:5017/lib/jquery-validation/dist/jquery.validate.min.js, Response status code: 404
2024-11-04 15:34:51.984 +01:00 [INF] Request finished HTTP/1.1 GET http://localhost:5017/lib/jquery-validation-unobtrusive/jquery.validate.unobtrusive.min.js - 404 0 null 1.0328ms
2024-11-04 15:34:51.984 +01:00 [INF] Request reached the end of the middleware pipeline without being handled by application code. Request path: GET http://localhost:5017/lib/jquery-validation-unobtrusive/jquery.validate.unobtrusive.min.js, Response status code: 404
2024-11-04 15:34:52.750 +01:00 [INF] Request starting HTTP/1.1 GET http://localhost:5017/Identity/Account/Manage/PersonalData - null null
2024-11-04 15:34:52.751 +01:00 [INF] Executing endpoint '/Account/Manage/PersonalData'
2024-11-04 15:34:52.754 +01:00 [INF] Route matched with {page = "/Account/Manage/PersonalData", area = "Identity", action = "", controller = ""}. Executing page /Account/Manage/PersonalData
2024-11-04 15:34:52.754 +01:00 [INF] Executing handler method MyShop.Areas.Identity.Pages.Account.Manage.PersonalDataModel.OnGet - ModelState is "Valid"
2024-11-04 15:34:52.758 +01:00 [INF] Executed handler method OnGet, returned result Microsoft.AspNetCore.Mvc.RazorPages.PageResult.
2024-11-04 15:34:52.772 +01:00 [INF] Executed page /Account/Manage/PersonalData in 17.651ms
2024-11-04 15:34:52.772 +01:00 [INF] Executed endpoint '/Account/Manage/PersonalData'
2024-11-04 15:34:52.772 +01:00 [INF] Request finished HTTP/1.1 GET http://localhost:5017/Identity/Account/Manage/PersonalData - 200 null text/html; charset=utf-8 22.3747ms
2024-11-04 15:34:52.792 +01:00 [INF] Request starting HTTP/1.1 GET http://localhost:5017/lib/jquery-validation/dist/jquery.validate.min.js - null null
2024-11-04 15:34:52.793 +01:00 [INF] Request finished HTTP/1.1 GET http://localhost:5017/lib/jquery-validation/dist/jquery.validate.min.js - 404 0 null 1.0604ms
2024-11-04 15:34:52.794 +01:00 [INF] Request reached the end of the middleware pipeline without being handled by application code. Request path: GET http://localhost:5017/lib/jquery-validation/dist/jquery.validate.min.js, Response status code: 404
2024-11-04 15:34:52.797 +01:00 [INF] Request starting HTTP/1.1 GET http://localhost:5017/lib/jquery-validation-unobtrusive/jquery.validate.unobtrusive.min.js - null null
2024-11-04 15:34:52.798 +01:00 [INF] Request finished HTTP/1.1 GET http://localhost:5017/lib/jquery-validation-unobtrusive/jquery.validate.unobtrusive.min.js - 404 0 null 1.2259ms
2024-11-04 15:34:52.798 +01:00 [INF] Request reached the end of the middleware pipeline without being handled by application code. Request path: GET http://localhost:5017/lib/jquery-validation-unobtrusive/jquery.validate.unobtrusive.min.js, Response status code: 404
2024-11-04 15:34:53.753 +01:00 [INF] Request starting HTTP/1.1 GET http://localhost:5017/Identity/Account/Manage/TwoFactorAuthentication - null null
2024-11-04 15:34:53.754 +01:00 [INF] Executing endpoint '/Account/Manage/TwoFactorAuthentication'
2024-11-04 15:34:53.754 +01:00 [INF] Route matched with {page = "/Account/Manage/TwoFactorAuthentication", area = "Identity", action = "", controller = ""}. Executing page /Account/Manage/TwoFactorAuthentication
2024-11-04 15:34:53.754 +01:00 [INF] Executing handler method MyShop.Areas.Identity.Pages.Account.Manage.TwoFactorAuthenticationModel.OnGetAsync - ModelState is "Valid"
2024-11-04 15:34:53.760 +01:00 [INF] Executed handler method OnGetAsync, returned result Microsoft.AspNetCore.Mvc.RazorPages.PageResult.
2024-11-04 15:34:53.763 +01:00 [INF] Executed page /Account/Manage/TwoFactorAuthentication in 8.6909ms
2024-11-04 15:34:53.763 +01:00 [INF] Executed endpoint '/Account/Manage/TwoFactorAuthentication'
2024-11-04 15:34:53.763 +01:00 [INF] Request finished HTTP/1.1 GET http://localhost:5017/Identity/Account/Manage/TwoFactorAuthentication - 200 null text/html; charset=utf-8 10.522ms
2024-11-04 15:34:53.785 +01:00 [INF] Request starting HTTP/1.1 GET http://localhost:5017/lib/jquery-validation/dist/jquery.validate.min.js - null null
2024-11-04 15:34:53.785 +01:00 [INF] Request starting HTTP/1.1 GET http://localhost:5017/lib/jquery-validation-unobtrusive/jquery.validate.unobtrusive.min.js - null null
2024-11-04 15:34:53.786 +01:00 [INF] Request finished HTTP/1.1 GET http://localhost:5017/lib/jquery-validation/dist/jquery.validate.min.js - 404 0 null 0.8479ms
2024-11-04 15:34:53.786 +01:00 [INF] Request finished HTTP/1.1 GET http://localhost:5017/lib/jquery-validation-unobtrusive/jquery.validate.unobtrusive.min.js - 404 0 null 0.4429ms
2024-11-04 15:34:53.786 +01:00 [INF] Request reached the end of the middleware pipeline without being handled by application code. Request path: GET http://localhost:5017/lib/jquery-validation/dist/jquery.validate.min.js, Response status code: 404
2024-11-04 15:34:53.786 +01:00 [INF] Request reached the end of the middleware pipeline without being handled by application code. Request path: GET http://localhost:5017/lib/jquery-validation-unobtrusive/jquery.validate.unobtrusive.min.js, Response status code: 404
2024-11-04 15:34:58.151 +01:00 [INF] Request starting HTTP/1.1 GET http://localhost:5017/Identity/Account/Manage/ChangePassword - null null
2024-11-04 15:34:58.152 +01:00 [INF] Executing endpoint '/Account/Manage/ChangePassword'
2024-11-04 15:34:58.152 +01:00 [INF] Route matched with {page = "/Account/Manage/ChangePassword", area = "Identity", action = "", controller = ""}. Executing page /Account/Manage/ChangePassword
2024-11-04 15:34:58.153 +01:00 [INF] Executing handler method MyShop.Areas.Identity.Pages.Account.Manage.ChangePasswordModel.OnGetAsync - ModelState is "Valid"
2024-11-04 15:34:58.156 +01:00 [INF] Executed handler method OnGetAsync, returned result Microsoft.AspNetCore.Mvc.RazorPages.PageResult.
2024-11-04 15:34:58.160 +01:00 [INF] Executed page /Account/Manage/ChangePassword in 7.781ms
2024-11-04 15:34:58.160 +01:00 [INF] Executed endpoint '/Account/Manage/ChangePassword'
2024-11-04 15:34:58.161 +01:00 [INF] Request finished HTTP/1.1 GET http://localhost:5017/Identity/Account/Manage/ChangePassword - 200 null text/html; charset=utf-8 9.2137ms
2024-11-04 15:34:58.181 +01:00 [INF] Request starting HTTP/1.1 GET http://localhost:5017/lib/jquery-validation/dist/jquery.validate.min.js - null null
2024-11-04 15:34:58.182 +01:00 [INF] Request starting HTTP/1.1 GET http://localhost:5017/lib/jquery-validation-unobtrusive/jquery.validate.unobtrusive.min.js - null null
2024-11-04 15:34:58.182 +01:00 [INF] Request finished HTTP/1.1 GET http://localhost:5017/lib/jquery-validation/dist/jquery.validate.min.js - 404 0 null 0.8522ms
2024-11-04 15:34:58.182 +01:00 [INF] Request reached the end of the middleware pipeline without being handled by application code. Request path: GET http://localhost:5017/lib/jquery-validation/dist/jquery.validate.min.js, Response status code: 404
2024-11-04 15:34:58.182 +01:00 [INF] Request finished HTTP/1.1 GET http://localhost:5017/lib/jquery-validation-unobtrusive/jquery.validate.unobtrusive.min.js - 404 0 null 0.6743ms
2024-11-04 15:34:58.183 +01:00 [INF] Request reached the end of the middleware pipeline without being handled by application code. Request path: GET http://localhost:5017/lib/jquery-validation-unobtrusive/jquery.validate.unobtrusive.min.js, Response status code: 404
2024-11-04 15:35:20.344 +01:00 [INF] Request starting HTTP/1.1 POST http://localhost:5017/Identity/Account/Manage/ChangePassword - application/x-www-form-urlencoded 330
2024-11-04 15:35:20.346 +01:00 [INF] Executing endpoint '/Account/Manage/ChangePassword'
2024-11-04 15:35:20.346 +01:00 [INF] Route matched with {page = "/Account/Manage/ChangePassword", area = "Identity", action = "", controller = ""}. Executing page /Account/Manage/ChangePassword
2024-11-04 15:35:20.349 +01:00 [INF] Executing handler method MyShop.Areas.Identity.Pages.Account.Manage.ChangePasswordModel.OnPostAsync - ModelState is "Valid"
2024-11-04 15:35:20.964 +01:00 [INF] AuthenticationScheme: Identity.Application signed in.
2024-11-04 15:35:20.965 +01:00 [INF] User changed their password successfully.
2024-11-04 15:35:20.965 +01:00 [INF] Executed handler method OnPostAsync, returned result Microsoft.AspNetCore.Mvc.RedirectToPageResult.
2024-11-04 15:35:20.966 +01:00 [INF] Executing RedirectToPageResult, redirecting to null.
2024-11-04 15:35:20.968 +01:00 [INF] Executed page /Account/Manage/ChangePassword in 622.5497ms
2024-11-04 15:35:20.968 +01:00 [INF] Executed endpoint '/Account/Manage/ChangePassword'
2024-11-04 15:35:20.969 +01:00 [INF] Request finished HTTP/1.1 POST http://localhost:5017/Identity/Account/Manage/ChangePassword - 302 0 null 624.6746ms
2024-11-04 15:35:20.977 +01:00 [INF] Request starting HTTP/1.1 GET http://localhost:5017/Identity/Account/Manage/ChangePassword - null null
2024-11-04 15:35:20.978 +01:00 [INF] Executing endpoint '/Account/Manage/ChangePassword'
2024-11-04 15:35:20.978 +01:00 [INF] Route matched with {page = "/Account/Manage/ChangePassword", area = "Identity", action = "", controller = ""}. Executing page /Account/Manage/ChangePassword
2024-11-04 15:35:20.980 +01:00 [INF] Executing handler method MyShop.Areas.Identity.Pages.Account.Manage.ChangePasswordModel.OnGetAsync - ModelState is "Valid"
2024-11-04 15:35:20.983 +01:00 [INF] Executed handler method OnGetAsync, returned result Microsoft.AspNetCore.Mvc.RazorPages.PageResult.
2024-11-04 15:35:20.988 +01:00 [INF] Executed page /Account/Manage/ChangePassword in 9.6889ms
2024-11-04 15:35:20.988 +01:00 [INF] Executed endpoint '/Account/Manage/ChangePassword'
2024-11-04 15:35:20.989 +01:00 [INF] Request finished HTTP/1.1 GET http://localhost:5017/Identity/Account/Manage/ChangePassword - 200 null text/html; charset=utf-8 11.9706ms
2024-11-04 15:35:21.013 +01:00 [INF] Request starting HTTP/1.1 GET http://localhost:5017/lib/jquery-validation-unobtrusive/jquery.validate.unobtrusive.min.js - null null
2024-11-04 15:35:21.013 +01:00 [INF] Request starting HTTP/1.1 GET http://localhost:5017/lib/jquery-validation/dist/jquery.validate.min.js - null null
2024-11-04 15:35:21.014 +01:00 [INF] Request finished HTTP/1.1 GET http://localhost:5017/lib/jquery-validation-unobtrusive/jquery.validate.unobtrusive.min.js - 404 0 null 0.8276ms
2024-11-04 15:35:21.014 +01:00 [INF] Request finished HTTP/1.1 GET http://localhost:5017/lib/jquery-validation/dist/jquery.validate.min.js - 404 0 null 0.8319ms
2024-11-04 15:35:21.014 +01:00 [INF] Request reached the end of the middleware pipeline without being handled by application code. Request path: GET http://localhost:5017/lib/jquery-validation-unobtrusive/jquery.validate.unobtrusive.min.js, Response status code: 404
2024-11-04 15:35:21.014 +01:00 [INF] Request reached the end of the middleware pipeline without being handled by application code. Request path: GET http://localhost:5017/lib/jquery-validation/dist/jquery.validate.min.js, Response status code: 404
2024-11-04 15:35:22.993 +01:00 [INF] Request starting HTTP/1.1 POST http://localhost:5017/Identity/Account/Logout?returnUrl=%2F - application/x-www-form-urlencoded 225
2024-11-04 15:35:22.995 +01:00 [INF] Executing endpoint '/Account/Logout'
2024-11-04 15:35:23.001 +01:00 [INF] Route matched with {page = "/Account/Logout", area = "Identity", action = "", controller = ""}. Executing page /Account/Logout
2024-11-04 15:35:23.011 +01:00 [INF] Executing handler method MyShop.Areas.Identity.Pages.Account.LogoutModel.OnPost - ModelState is "Valid"
2024-11-04 15:35:23.014 +01:00 [INF] AuthenticationScheme: Identity.Application signed out.
2024-11-04 15:35:23.014 +01:00 [INF] AuthenticationScheme: Identity.External signed out.
2024-11-04 15:35:23.015 +01:00 [INF] AuthenticationScheme: Identity.TwoFactorUserId signed out.
2024-11-04 15:35:23.015 +01:00 [INF] User logged out.
2024-11-04 15:35:23.016 +01:00 [INF] Executed handler method OnPost, returned result Microsoft.AspNetCore.Mvc.LocalRedirectResult.
2024-11-04 15:35:23.016 +01:00 [INF] Executing LocalRedirectResult, redirecting to /.
2024-11-04 15:35:23.017 +01:00 [INF] Executed page /Account/Logout in 15.8076ms
2024-11-04 15:35:23.017 +01:00 [INF] Executed endpoint '/Account/Logout'
2024-11-04 15:35:23.017 +01:00 [INF] Request finished HTTP/1.1 POST http://localhost:5017/Identity/Account/Logout?returnUrl=%2F - 302 0 null 23.6212ms
2024-11-04 15:35:23.024 +01:00 [INF] Request starting HTTP/1.1 GET http://localhost:5017/ - null null
2024-11-04 15:35:23.025 +01:00 [INF] Executing endpoint 'MyShop.Controllers.HomeController.Index (MyShop)'
2024-11-04 15:35:23.026 +01:00 [INF] Route matched with {action = "Index", controller = "Home", page = "", area = ""}. Executing controller action with signature Microsoft.AspNetCore.Mvc.IActionResult Index() on controller MyShop.Controllers.HomeController (MyShop).
2024-11-04 15:35:23.026 +01:00 [INF] Executing ViewResult, running view Index.
2024-11-04 15:35:23.027 +01:00 [INF] Executed ViewResult - view Index executed in 1.5118ms.
2024-11-04 15:35:23.028 +01:00 [INF] Executed action MyShop.Controllers.HomeController.Index (MyShop) in 1.8126ms
2024-11-04 15:35:23.028 +01:00 [INF] Executed endpoint 'MyShop.Controllers.HomeController.Index (MyShop)'
2024-11-04 15:35:23.028 +01:00 [INF] Request finished HTTP/1.1 GET http://localhost:5017/ - 200 null text/html; charset=utf-8 3.3604ms
2024-11-04 15:35:24.061 +01:00 [INF] Request starting HTTP/1.1 GET http://localhost:5017/Identity/Account/Login - null null
2024-11-04 15:35:24.061 +01:00 [INF] Executing endpoint '/Account/Login'
2024-11-04 15:35:24.062 +01:00 [INF] Route matched with {page = "/Account/Login", area = "Identity", action = "", controller = ""}. Executing page /Account/Login
2024-11-04 15:35:24.062 +01:00 [INF] Executing handler method MyShop.Areas.Identity.Pages.Account.LoginModel.OnGetAsync - ModelState is "Valid"
2024-11-04 15:35:24.063 +01:00 [INF] AuthenticationScheme: Identity.External signed out.
2024-11-04 15:35:24.063 +01:00 [INF] Executed handler method OnGetAsync, returned result .
2024-11-04 15:35:24.063 +01:00 [INF] Executing an implicit handler method - ModelState is "Valid"
2024-11-04 15:35:24.063 +01:00 [INF] Executed an implicit handler method, returned result Microsoft.AspNetCore.Mvc.RazorPages.PageResult.
2024-11-04 15:35:24.067 +01:00 [INF] Executed page /Account/Login in 4.9834ms
2024-11-04 15:35:24.067 +01:00 [INF] Executed endpoint '/Account/Login'
2024-11-04 15:35:24.067 +01:00 [INF] Request finished HTTP/1.1 GET http://localhost:5017/Identity/Account/Login - 200 null text/html; charset=utf-8 5.608ms
2024-11-04 15:35:24.092 +01:00 [INF] Request starting HTTP/1.1 GET http://localhost:5017/css/Login.css - null null
2024-11-04 15:35:24.093 +01:00 [INF] The file /css/Login.css was not modified
2024-11-04 15:35:24.093 +01:00 [INF] Request finished HTTP/1.1 GET http://localhost:5017/css/Login.css - 304 null text/css 0.4078ms
2024-11-04 15:35:24.110 +01:00 [INF] Request starting HTTP/1.1 GET http://localhost:5017/lib/jquery-validation-unobtrusive/jquery.validate.unobtrusive.min.js - null null
2024-11-04 15:35:24.110 +01:00 [INF] Request starting HTTP/1.1 GET http://localhost:5017/lib/jquery-validation/dist/jquery.validate.min.js - null null
2024-11-04 15:35:24.110 +01:00 [INF] Request finished HTTP/1.1 GET http://localhost:5017/lib/jquery-validation-unobtrusive/jquery.validate.unobtrusive.min.js - 404 0 null 0.4393ms
2024-11-04 15:35:24.110 +01:00 [INF] Request reached the end of the middleware pipeline without being handled by application code. Request path: GET http://localhost:5017/lib/jquery-validation-unobtrusive/jquery.validate.unobtrusive.min.js, Response status code: 404
2024-11-04 15:35:24.110 +01:00 [INF] Request finished HTTP/1.1 GET http://localhost:5017/lib/jquery-validation/dist/jquery.validate.min.js - 404 0 null 0.59ms
2024-11-04 15:35:24.110 +01:00 [INF] Request reached the end of the middleware pipeline without being handled by application code. Request path: GET http://localhost:5017/lib/jquery-validation/dist/jquery.validate.min.js, Response status code: 404
2024-11-04 15:35:30.208 +01:00 [INF] Request starting HTTP/1.1 POST http://localhost:5017/Identity/Account/Login - application/x-www-form-urlencoded 240
2024-11-04 15:35:30.208 +01:00 [INF] Executing endpoint '/Account/Login'
2024-11-04 15:35:30.208 +01:00 [INF] Route matched with {page = "/Account/Login", area = "Identity", action = "", controller = ""}. Executing page /Account/Login
2024-11-04 15:35:30.211 +01:00 [INF] Executing handler method MyShop.Areas.Identity.Pages.Account.LoginModel.OnPostAsync - ModelState is "Valid"
2024-11-04 15:35:30.497 +01:00 [INF] AuthenticationScheme: Identity.Application signed in.
2024-11-04 15:35:30.498 +01:00 [INF] User logged in.
2024-11-04 15:35:30.498 +01:00 [INF] Executed handler method OnPostAsync, returned result Microsoft.AspNetCore.Mvc.LocalRedirectResult.
2024-11-04 15:35:30.498 +01:00 [INF] Executing LocalRedirectResult, redirecting to /.
2024-11-04 15:35:30.498 +01:00 [INF] Executed page /Account/Login in 289.7607ms
2024-11-04 15:35:30.498 +01:00 [INF] Executed endpoint '/Account/Login'
2024-11-04 15:35:30.499 +01:00 [INF] Request finished HTTP/1.1 POST http://localhost:5017/Identity/Account/Login - 302 0 null 290.2648ms
2024-11-04 15:35:30.503 +01:00 [INF] Request starting HTTP/1.1 GET http://localhost:5017/ - null null
2024-11-04 15:35:30.504 +01:00 [INF] Executing endpoint 'MyShop.Controllers.HomeController.Index (MyShop)'
2024-11-04 15:35:30.504 +01:00 [INF] Route matched with {action = "Index", controller = "Home", page = "", area = ""}. Executing controller action with signature Microsoft.AspNetCore.Mvc.IActionResult Index() on controller MyShop.Controllers.HomeController (MyShop).
2024-11-04 15:35:30.504 +01:00 [INF] Executing ViewResult, running view Index.
2024-11-04 15:35:30.505 +01:00 [INF] Executed ViewResult - view Index executed in 0.6357ms.
2024-11-04 15:35:30.505 +01:00 [INF] Executed action MyShop.Controllers.HomeController.Index (MyShop) in 0.7446ms
2024-11-04 15:35:30.505 +01:00 [INF] Executed endpoint 'MyShop.Controllers.HomeController.Index (MyShop)'
2024-11-04 15:35:30.505 +01:00 [INF] Request finished HTTP/1.1 GET http://localhost:5017/ - 200 null text/html; charset=utf-8 1.6205ms
2024-11-04 15:35:39.932 +01:00 [INF] Request starting HTTP/1.1 GET http://localhost:5017/Identity/Account/Manage - null null
2024-11-04 15:35:39.933 +01:00 [INF] Executing endpoint '/Account/Manage/Index'
2024-11-04 15:35:39.933 +01:00 [INF] Route matched with {page = "/Account/Manage/Index", area = "Identity", action = "", controller = ""}. Executing page /Account/Manage/Index
2024-11-04 15:35:39.934 +01:00 [INF] Executing handler method MyShop.Areas.Identity.Pages.Account.Manage.IndexModel.OnGetAsync - ModelState is "Valid"
2024-11-04 15:35:39.937 +01:00 [INF] Executed handler method OnGetAsync, returned result Microsoft.AspNetCore.Mvc.RazorPages.PageResult.
2024-11-04 15:35:39.942 +01:00 [INF] Executed page /Account/Manage/Index in 8.7396ms
2024-11-04 15:35:39.942 +01:00 [INF] Executed endpoint '/Account/Manage/Index'
2024-11-04 15:35:39.942 +01:00 [INF] Request finished HTTP/1.1 GET http://localhost:5017/Identity/Account/Manage - 200 null text/html; charset=utf-8 10.2851ms
2024-11-04 15:35:39.967 +01:00 [INF] Request starting HTTP/1.1 GET http://localhost:5017/lib/jquery-validation/dist/jquery.validate.min.js - null null
2024-11-04 15:35:39.967 +01:00 [INF] Request starting HTTP/1.1 GET http://localhost:5017/lib/jquery-validation-unobtrusive/jquery.validate.unobtrusive.min.js - null null
2024-11-04 15:35:39.968 +01:00 [INF] Request finished HTTP/1.1 GET http://localhost:5017/lib/jquery-validation-unobtrusive/jquery.validate.unobtrusive.min.js - 404 0 null 0.6828ms
2024-11-04 15:35:39.968 +01:00 [INF] Request finished HTTP/1.1 GET http://localhost:5017/lib/jquery-validation/dist/jquery.validate.min.js - 404 0 null 1.0214ms
2024-11-04 15:35:39.968 +01:00 [INF] Request reached the end of the middleware pipeline without being handled by application code. Request path: GET http://localhost:5017/lib/jquery-validation-unobtrusive/jquery.validate.unobtrusive.min.js, Response status code: 404
2024-11-04 15:35:39.968 +01:00 [INF] Request reached the end of the middleware pipeline without being handled by application code. Request path: GET http://localhost:5017/lib/jquery-validation/dist/jquery.validate.min.js, Response status code: 404
2024-11-04 15:35:41.525 +01:00 [INF] Request starting HTTP/1.1 GET http://localhost:5017/Identity/Account/Manage/Email - null null
2024-11-04 15:35:41.526 +01:00 [INF] Executing endpoint '/Account/Manage/Email'
2024-11-04 15:35:41.526 +01:00 [INF] Route matched with {page = "/Account/Manage/Email", area = "Identity", action = "", controller = ""}. Executing page /Account/Manage/Email
2024-11-04 15:35:41.527 +01:00 [INF] Executing handler method MyShop.Areas.Identity.Pages.Account.Manage.EmailModel.OnGetAsync - ModelState is "Valid"
2024-11-04 15:35:41.530 +01:00 [INF] Executed handler method OnGetAsync, returned result Microsoft.AspNetCore.Mvc.RazorPages.PageResult.
2024-11-04 15:35:41.533 +01:00 [INF] Executed page /Account/Manage/Email in 6.659ms
2024-11-04 15:35:41.533 +01:00 [INF] Executed endpoint '/Account/Manage/Email'
2024-11-04 15:35:41.533 +01:00 [INF] Request finished HTTP/1.1 GET http://localhost:5017/Identity/Account/Manage/Email - 200 null text/html; charset=utf-8 8.3823ms
2024-11-04 15:35:41.565 +01:00 [INF] Request starting HTTP/1.1 GET http://localhost:5017/lib/jquery-validation-unobtrusive/jquery.validate.unobtrusive.min.js - null null
2024-11-04 15:35:41.565 +01:00 [INF] Request starting HTTP/1.1 GET http://localhost:5017/lib/jquery-validation/dist/jquery.validate.min.js - null null
2024-11-04 15:35:41.566 +01:00 [INF] Request finished HTTP/1.1 GET http://localhost:5017/lib/jquery-validation-unobtrusive/jquery.validate.unobtrusive.min.js - 404 0 null 0.9206ms
2024-11-04 15:35:41.566 +01:00 [INF] Request finished HTTP/1.1 GET http://localhost:5017/lib/jquery-validation/dist/jquery.validate.min.js - 404 0 null 0.5648ms
2024-11-04 15:35:41.566 +01:00 [INF] Request reached the end of the middleware pipeline without being handled by application code. Request path: GET http://localhost:5017/lib/jquery-validation-unobtrusive/jquery.validate.unobtrusive.min.js, Response status code: 404
2024-11-04 15:35:41.566 +01:00 [INF] Request reached the end of the middleware pipeline without being handled by application code. Request path: GET http://localhost:5017/lib/jquery-validation/dist/jquery.validate.min.js, Response status code: 404
2024-11-04 15:35:42.332 +01:00 [INF] Request starting HTTP/1.1 GET http://localhost:5017/Identity/Account/Manage/ChangePassword - null null
2024-11-04 15:35:42.333 +01:00 [INF] Executing endpoint '/Account/Manage/ChangePassword'
2024-11-04 15:35:42.333 +01:00 [INF] Route matched with {page = "/Account/Manage/ChangePassword", area = "Identity", action = "", controller = ""}. Executing page /Account/Manage/ChangePassword
2024-11-04 15:35:42.333 +01:00 [INF] Executing handler method MyShop.Areas.Identity.Pages.Account.Manage.ChangePasswordModel.OnGetAsync - ModelState is "Valid"
2024-11-04 15:35:42.336 +01:00 [INF] Executed handler method OnGetAsync, returned result Microsoft.AspNetCore.Mvc.RazorPages.PageResult.
2024-11-04 15:35:42.340 +01:00 [INF] Executed page /Account/Manage/ChangePassword in 7.4652ms
2024-11-04 15:35:42.341 +01:00 [INF] Executed endpoint '/Account/Manage/ChangePassword'
2024-11-04 15:35:42.341 +01:00 [INF] Request finished HTTP/1.1 GET http://localhost:5017/Identity/Account/Manage/ChangePassword - 200 null text/html; charset=utf-8 9.2912ms
2024-11-04 15:35:42.364 +01:00 [INF] Request starting HTTP/1.1 GET http://localhost:5017/lib/jquery-validation/dist/jquery.validate.min.js - null null
2024-11-04 15:35:42.366 +01:00 [INF] Request finished HTTP/1.1 GET http://localhost:5017/lib/jquery-validation/dist/jquery.validate.min.js - 404 0 null 1.7601ms
2024-11-04 15:35:42.366 +01:00 [INF] Request reached the end of the middleware pipeline without being handled by application code. Request path: GET http://localhost:5017/lib/jquery-validation/dist/jquery.validate.min.js, Response status code: 404
2024-11-04 15:35:42.367 +01:00 [INF] Request starting HTTP/1.1 GET http://localhost:5017/lib/jquery-validation-unobtrusive/jquery.validate.unobtrusive.min.js - null null
2024-11-04 15:35:42.368 +01:00 [INF] Request finished HTTP/1.1 GET http://localhost:5017/lib/jquery-validation-unobtrusive/jquery.validate.unobtrusive.min.js - 404 0 null 0.8261ms
2024-11-04 15:35:42.368 +01:00 [INF] Request reached the end of the middleware pipeline without being handled by application code. Request path: GET http://localhost:5017/lib/jquery-validation-unobtrusive/jquery.validate.unobtrusive.min.js, Response status code: 404
2024-11-04 15:35:43.480 +01:00 [INF] Request starting HTTP/1.1 GET http://localhost:5017/Identity/Account/Manage/Email - null null
2024-11-04 15:35:43.480 +01:00 [INF] Executing endpoint '/Account/Manage/Email'
2024-11-04 15:35:43.480 +01:00 [INF] Route matched with {page = "/Account/Manage/Email", area = "Identity", action = "", controller = ""}. Executing page /Account/Manage/Email
2024-11-04 15:35:43.481 +01:00 [INF] Executing handler method MyShop.Areas.Identity.Pages.Account.Manage.EmailModel.OnGetAsync - ModelState is "Valid"
2024-11-04 15:35:43.483 +01:00 [INF] Executed handler method OnGetAsync, returned result Microsoft.AspNetCore.Mvc.RazorPages.PageResult.
2024-11-04 15:35:43.486 +01:00 [INF] Executed page /Account/Manage/Email in 5.2931ms
2024-11-04 15:35:43.486 +01:00 [INF] Executed endpoint '/Account/Manage/Email'
2024-11-04 15:35:43.486 +01:00 [INF] Request finished HTTP/1.1 GET http://localhost:5017/Identity/Account/Manage/Email - 200 null text/html; charset=utf-8 6.509ms
2024-11-04 15:35:43.509 +01:00 [INF] Request starting HTTP/1.1 GET http://localhost:5017/lib/jquery-validation/dist/jquery.validate.min.js - null null
2024-11-04 15:35:43.510 +01:00 [INF] Request finished HTTP/1.1 GET http://localhost:5017/lib/jquery-validation/dist/jquery.validate.min.js - 404 0 null 0.8589ms
2024-11-04 15:35:43.510 +01:00 [INF] Request reached the end of the middleware pipeline without being handled by application code. Request path: GET http://localhost:5017/lib/jquery-validation/dist/jquery.validate.min.js, Response status code: 404
2024-11-04 15:35:43.510 +01:00 [INF] Request starting HTTP/1.1 GET http://localhost:5017/lib/jquery-validation-unobtrusive/jquery.validate.unobtrusive.min.js - null null
2024-11-04 15:35:43.510 +01:00 [INF] Request finished HTTP/1.1 GET http://localhost:5017/lib/jquery-validation-unobtrusive/jquery.validate.unobtrusive.min.js - 404 0 null 0.4626ms
2024-11-04 15:35:43.510 +01:00 [INF] Request reached the end of the middleware pipeline without being handled by application code. Request path: GET http://localhost:5017/lib/jquery-validation-unobtrusive/jquery.validate.unobtrusive.min.js, Response status code: 404
2024-11-04 15:35:44.892 +01:00 [INF] Request starting HTTP/1.1 POST http://localhost:5017/Identity/Account/Manage/Email?handler=SendVerificationEmail - application/x-www-form-urlencoded 255
2024-11-04 15:35:44.893 +01:00 [INF] Executing endpoint '/Account/Manage/Email'
2024-11-04 15:35:44.893 +01:00 [INF] Route matched with {page = "/Account/Manage/Email", area = "Identity", action = "", controller = ""}. Executing page /Account/Manage/Email
2024-11-04 15:35:44.894 +01:00 [INF] Executing handler method MyShop.Areas.Identity.Pages.Account.Manage.EmailModel.OnPostSendVerificationEmailAsync - ModelState is "Valid"
2024-11-04 15:35:44.901 +01:00 [INF] Executed handler method OnPostSendVerificationEmailAsync, returned result Microsoft.AspNetCore.Mvc.RedirectToPageResult.
2024-11-04 15:35:44.901 +01:00 [INF] Executing RedirectToPageResult, redirecting to null.
2024-11-04 15:35:44.902 +01:00 [INF] Executed page /Account/Manage/Email in 8.8468ms
2024-11-04 15:35:44.902 +01:00 [INF] Executed endpoint '/Account/Manage/Email'
2024-11-04 15:35:44.902 +01:00 [INF] Request finished HTTP/1.1 POST http://localhost:5017/Identity/Account/Manage/Email?handler=SendVerificationEmail - 302 0 null 9.9725ms
2024-11-04 15:35:44.907 +01:00 [INF] Request starting HTTP/1.1 GET http://localhost:5017/Identity/Account/Manage/Email - null null
2024-11-04 15:35:44.908 +01:00 [INF] Executing endpoint '/Account/Manage/Email'
2024-11-04 15:35:44.908 +01:00 [INF] Route matched with {page = "/Account/Manage/Email", area = "Identity", action = "", controller = ""}. Executing page /Account/Manage/Email
2024-11-04 15:35:44.908 +01:00 [INF] Executing handler method MyShop.Areas.Identity.Pages.Account.Manage.EmailModel.OnGetAsync - ModelState is "Valid"
2024-11-04 15:35:44.910 +01:00 [INF] Executed handler method OnGetAsync, returned result Microsoft.AspNetCore.Mvc.RazorPages.PageResult.
2024-11-04 15:35:44.912 +01:00 [INF] Executed page /Account/Manage/Email in 4.3333ms
2024-11-04 15:35:44.912 +01:00 [INF] Executed endpoint '/Account/Manage/Email'
2024-11-04 15:35:44.912 +01:00 [INF] Request finished HTTP/1.1 GET http://localhost:5017/Identity/Account/Manage/Email - 200 null text/html; charset=utf-8 5.4409ms
2024-11-04 15:35:44.935 +01:00 [INF] Request starting HTTP/1.1 GET http://localhost:5017/lib/jquery-validation/dist/jquery.validate.min.js - null null
2024-11-04 15:35:44.935 +01:00 [INF] Request starting HTTP/1.1 GET http://localhost:5017/lib/jquery-validation-unobtrusive/jquery.validate.unobtrusive.min.js - null null
2024-11-04 15:35:44.935 +01:00 [INF] Request finished HTTP/1.1 GET http://localhost:5017/lib/jquery-validation-unobtrusive/jquery.validate.unobtrusive.min.js - 404 0 null 0.7803ms
2024-11-04 15:35:44.935 +01:00 [INF] Request finished HTTP/1.1 GET http://localhost:5017/lib/jquery-validation/dist/jquery.validate.min.js - 404 0 null 0.8751ms
2024-11-04 15:35:44.936 +01:00 [INF] Request reached the end of the middleware pipeline without being handled by application code. Request path: GET http://localhost:5017/lib/jquery-validation/dist/jquery.validate.min.js, Response status code: 404
2024-11-04 15:35:44.936 +01:00 [INF] Request reached the end of the middleware pipeline without being handled by application code. Request path: GET http://localhost:5017/lib/jquery-validation-unobtrusive/jquery.validate.unobtrusive.min.js, Response status code: 404
2024-11-04 15:35:53.712 +01:00 [INF] Request starting HTTP/1.1 POST http://localhost:5017/Identity/Account/Manage/Email?handler=ChangeEmail - application/x-www-form-urlencoded 264
2024-11-04 15:35:53.713 +01:00 [INF] Executing endpoint '/Account/Manage/Email'
2024-11-04 15:35:53.713 +01:00 [INF] Route matched with {page = "/Account/Manage/Email", area = "Identity", action = "", controller = ""}. Executing page /Account/Manage/Email
2024-11-04 15:35:53.714 +01:00 [INF] Executing handler method MyShop.Areas.Identity.Pages.Account.Manage.EmailModel.OnPostChangeEmailAsync - ModelState is "Valid"
2024-11-04 15:35:53.720 +01:00 [INF] Executed handler method OnPostChangeEmailAsync, returned result Microsoft.AspNetCore.Mvc.RedirectToPageResult.
2024-11-04 15:35:53.721 +01:00 [INF] Executing RedirectToPageResult, redirecting to null.
2024-11-04 15:35:53.721 +01:00 [INF] Executed page /Account/Manage/Email in 7.7836ms
2024-11-04 15:35:53.721 +01:00 [INF] Executed endpoint '/Account/Manage/Email'
2024-11-04 15:35:53.721 +01:00 [INF] Request finished HTTP/1.1 POST http://localhost:5017/Identity/Account/Manage/Email?handler=ChangeEmail - 302 0 null 9.0288ms
2024-11-04 15:35:53.727 +01:00 [INF] Request starting HTTP/1.1 GET http://localhost:5017/Identity/Account/Manage/Email - null null
2024-11-04 15:35:53.728 +01:00 [INF] Executing endpoint '/Account/Manage/Email'
2024-11-04 15:35:53.728 +01:00 [INF] Route matched with {page = "/Account/Manage/Email", area = "Identity", action = "", controller = ""}. Executing page /Account/Manage/Email
2024-11-04 15:35:53.728 +01:00 [INF] Executing handler method MyShop.Areas.Identity.Pages.Account.Manage.EmailModel.OnGetAsync - ModelState is "Valid"
2024-11-04 15:35:53.731 +01:00 [INF] Executed handler method OnGetAsync, returned result Microsoft.AspNetCore.Mvc.RazorPages.PageResult.
2024-11-04 15:35:53.735 +01:00 [INF] Executed page /Account/Manage/Email in 6.6144ms
2024-11-04 15:35:53.735 +01:00 [INF] Executed endpoint '/Account/Manage/Email'
2024-11-04 15:35:53.735 +01:00 [INF] Request finished HTTP/1.1 GET http://localhost:5017/Identity/Account/Manage/Email - 200 null text/html; charset=utf-8 8.2393ms
2024-11-04 15:35:53.756 +01:00 [INF] Request starting HTTP/1.1 GET http://localhost:5017/lib/jquery-validation/dist/jquery.validate.min.js - null null
2024-11-04 15:35:53.756 +01:00 [INF] Request finished HTTP/1.1 GET http://localhost:5017/lib/jquery-validation/dist/jquery.validate.min.js - 404 0 null 0.49ms
2024-11-04 15:35:53.756 +01:00 [INF] Request reached the end of the middleware pipeline without being handled by application code. Request path: GET http://localhost:5017/lib/jquery-validation/dist/jquery.validate.min.js, Response status code: 404
2024-11-04 15:35:53.760 +01:00 [INF] Request starting HTTP/1.1 GET http://localhost:5017/lib/jquery-validation-unobtrusive/jquery.validate.unobtrusive.min.js - null null
2024-11-04 15:35:53.761 +01:00 [INF] Request finished HTTP/1.1 GET http://localhost:5017/lib/jquery-validation-unobtrusive/jquery.validate.unobtrusive.min.js - 404 0 null 0.6185ms
2024-11-04 15:35:53.761 +01:00 [INF] Request reached the end of the middleware pipeline without being handled by application code. Request path: GET http://localhost:5017/lib/jquery-validation-unobtrusive/jquery.validate.unobtrusive.min.js, Response status code: 404
2024-11-04 15:38:42.468 +01:00 [INF] Request starting HTTP/1.1 GET http://localhost:5017/Identity/Account/Manage - null null
2024-11-04 15:38:42.468 +01:00 [INF] Executing endpoint '/Account/Manage/Index'
2024-11-04 15:38:42.469 +01:00 [INF] Route matched with {page = "/Account/Manage/Index", area = "Identity", action = "", controller = ""}. Executing page /Account/Manage/Index
2024-11-04 15:38:42.469 +01:00 [INF] Executing handler method MyShop.Areas.Identity.Pages.Account.Manage.IndexModel.OnGetAsync - ModelState is "Valid"
2024-11-04 15:38:42.471 +01:00 [INF] Executed handler method OnGetAsync, returned result Microsoft.AspNetCore.Mvc.RazorPages.PageResult.
2024-11-04 15:38:42.474 +01:00 [INF] Executed page /Account/Manage/Index in 5.6396ms
2024-11-04 15:38:42.475 +01:00 [INF] Executed endpoint '/Account/Manage/Index'
2024-11-04 15:38:42.475 +01:00 [INF] Request finished HTTP/1.1 GET http://localhost:5017/Identity/Account/Manage - 200 null text/html; charset=utf-8 7.078ms
2024-11-04 15:38:42.503 +01:00 [INF] Request starting HTTP/1.1 GET http://localhost:5017/lib/jquery-validation/dist/jquery.validate.min.js - null null
2024-11-04 15:38:42.504 +01:00 [INF] Request finished HTTP/1.1 GET http://localhost:5017/lib/jquery-validation/dist/jquery.validate.min.js - 404 0 null 0.9761ms
2024-11-04 15:38:42.504 +01:00 [INF] Request reached the end of the middleware pipeline without being handled by application code. Request path: GET http://localhost:5017/lib/jquery-validation/dist/jquery.validate.min.js, Response status code: 404
2024-11-04 15:38:42.514 +01:00 [INF] Request starting HTTP/1.1 GET http://localhost:5017/lib/jquery-validation-unobtrusive/jquery.validate.unobtrusive.min.js - null null
2024-11-04 15:38:42.515 +01:00 [INF] Request finished HTTP/1.1 GET http://localhost:5017/lib/jquery-validation-unobtrusive/jquery.validate.unobtrusive.min.js - 404 0 null 1.0748ms
2024-11-04 15:38:42.515 +01:00 [INF] Request reached the end of the middleware pipeline without being handled by application code. Request path: GET http://localhost:5017/lib/jquery-validation-unobtrusive/jquery.validate.unobtrusive.min.js, Response status code: 404
2024-11-04 15:38:44.322 +01:00 [INF] Request starting HTTP/1.1 POST http://localhost:5017/Identity/Account/Logout?returnUrl=%2F - application/x-www-form-urlencoded 225
2024-11-04 15:38:44.323 +01:00 [INF] Executing endpoint '/Account/Logout'
2024-11-04 15:38:44.323 +01:00 [INF] Route matched with {page = "/Account/Logout", area = "Identity", action = "", controller = ""}. Executing page /Account/Logout
2024-11-04 15:38:44.325 +01:00 [INF] Executing handler method MyShop.Areas.Identity.Pages.Account.LogoutModel.OnPost - ModelState is "Valid"
2024-11-04 15:38:44.325 +01:00 [INF] AuthenticationScheme: Identity.Application signed out.
2024-11-04 15:38:44.325 +01:00 [INF] AuthenticationScheme: Identity.External signed out.
2024-11-04 15:38:44.325 +01:00 [INF] AuthenticationScheme: Identity.TwoFactorUserId signed out.
2024-11-04 15:38:44.325 +01:00 [INF] User logged out.
2024-11-04 15:38:44.325 +01:00 [INF] Executed handler method OnPost, returned result Microsoft.AspNetCore.Mvc.LocalRedirectResult.
2024-11-04 15:38:44.325 +01:00 [INF] Executing LocalRedirectResult, redirecting to /.
2024-11-04 15:38:44.326 +01:00 [INF] Executed page /Account/Logout in 2.131ms
2024-11-04 15:38:44.326 +01:00 [INF] Executed endpoint '/Account/Logout'
2024-11-04 15:38:44.326 +01:00 [INF] Request finished HTTP/1.1 POST http://localhost:5017/Identity/Account/Logout?returnUrl=%2F - 302 0 null 3.2039ms
2024-11-04 15:38:44.330 +01:00 [INF] Request starting HTTP/1.1 GET http://localhost:5017/ - null null
2024-11-04 15:38:44.331 +01:00 [INF] Executing endpoint 'MyShop.Controllers.HomeController.Index (MyShop)'
2024-11-04 15:38:44.331 +01:00 [INF] Route matched with {action = "Index", controller = "Home", page = "", area = ""}. Executing controller action with signature Microsoft.AspNetCore.Mvc.IActionResult Index() on controller MyShop.Controllers.HomeController (MyShop).
2024-11-04 15:38:44.331 +01:00 [INF] Executing ViewResult, running view Index.
2024-11-04 15:38:44.332 +01:00 [INF] Executed ViewResult - view Index executed in 1.2252ms.
2024-11-04 15:38:44.332 +01:00 [INF] Executed action MyShop.Controllers.HomeController.Index (MyShop) in 1.3839ms
2024-11-04 15:38:44.332 +01:00 [INF] Executed endpoint 'MyShop.Controllers.HomeController.Index (MyShop)'
2024-11-04 15:38:44.332 +01:00 [INF] Request finished HTTP/1.1 GET http://localhost:5017/ - 200 null text/html; charset=utf-8 1.8022ms
2024-11-04 15:38:45.637 +01:00 [INF] Request starting HTTP/1.1 GET http://localhost:5017/Identity/Account/Login - null null
2024-11-04 15:38:45.637 +01:00 [INF] Executing endpoint '/Account/Login'
2024-11-04 15:38:45.637 +01:00 [INF] Route matched with {page = "/Account/Login", area = "Identity", action = "", controller = ""}. Executing page /Account/Login
2024-11-04 15:38:45.638 +01:00 [INF] Executing handler method MyShop.Areas.Identity.Pages.Account.LoginModel.OnGetAsync - ModelState is "Valid"
2024-11-04 15:38:45.638 +01:00 [INF] AuthenticationScheme: Identity.External signed out.
2024-11-04 15:38:45.639 +01:00 [INF] Executed handler method OnGetAsync, returned result .
2024-11-04 15:38:45.639 +01:00 [INF] Executing an implicit handler method - ModelState is "Valid"
2024-11-04 15:38:45.639 +01:00 [INF] Executed an implicit handler method, returned result Microsoft.AspNetCore.Mvc.RazorPages.PageResult.
2024-11-04 15:38:45.641 +01:00 [INF] Executed page /Account/Login in 3.5492ms
2024-11-04 15:38:45.641 +01:00 [INF] Executed endpoint '/Account/Login'
2024-11-04 15:38:45.641 +01:00 [INF] Request finished HTTP/1.1 GET http://localhost:5017/Identity/Account/Login - 200 null text/html; charset=utf-8 4.0448ms
2024-11-04 15:38:45.672 +01:00 [INF] Request starting HTTP/1.1 GET http://localhost:5017/css/Login.css - null null
2024-11-04 15:38:45.673 +01:00 [INF] The file /css/Login.css was not modified
2024-11-04 15:38:45.673 +01:00 [INF] Request finished HTTP/1.1 GET http://localhost:5017/css/Login.css - 304 null text/css 0.5395ms
2024-11-04 15:38:45.684 +01:00 [INF] Request starting HTTP/1.1 GET http://localhost:5017/lib/jquery-validation/dist/jquery.validate.min.js - null null
2024-11-04 15:38:45.684 +01:00 [INF] Request starting HTTP/1.1 GET http://localhost:5017/lib/jquery-validation-unobtrusive/jquery.validate.unobtrusive.min.js - null null
2024-11-04 15:38:45.685 +01:00 [INF] Request finished HTTP/1.1 GET http://localhost:5017/lib/jquery-validation/dist/jquery.validate.min.js - 404 0 null 0.3243ms
2024-11-04 15:38:45.685 +01:00 [INF] Request reached the end of the middleware pipeline without being handled by application code. Request path: GET http://localhost:5017/lib/jquery-validation/dist/jquery.validate.min.js, Response status code: 404
2024-11-04 15:38:45.685 +01:00 [INF] Request finished HTTP/1.1 GET http://localhost:5017/lib/jquery-validation-unobtrusive/jquery.validate.unobtrusive.min.js - 404 0 null 0.3185ms
2024-11-04 15:38:45.685 +01:00 [INF] Request reached the end of the middleware pipeline without being handled by application code. Request path: GET http://localhost:5017/lib/jquery-validation-unobtrusive/jquery.validate.unobtrusive.min.js, Response status code: 404
2024-11-04 15:39:40.884 +01:00 [INF] Request starting HTTP/1.1 GET http://localhost:5017/Identity/Account/Login - null null
2024-11-04 15:39:40.884 +01:00 [INF] Executing endpoint '/Account/Login'
2024-11-04 15:39:40.884 +01:00 [INF] Route matched with {page = "/Account/Login", area = "Identity", action = "", controller = ""}. Executing page /Account/Login
2024-11-04 15:39:40.885 +01:00 [INF] Executing handler method MyShop.Areas.Identity.Pages.Account.LoginModel.OnGetAsync - ModelState is "Valid"
2024-11-04 15:39:40.885 +01:00 [INF] AuthenticationScheme: Identity.External signed out.
2024-11-04 15:39:40.885 +01:00 [INF] Executed handler method OnGetAsync, returned result .
2024-11-04 15:39:40.885 +01:00 [INF] Executing an implicit handler method - ModelState is "Valid"
2024-11-04 15:39:40.886 +01:00 [INF] Executed an implicit handler method, returned result Microsoft.AspNetCore.Mvc.RazorPages.PageResult.
2024-11-04 15:39:40.886 +01:00 [INF] Executed page /Account/Login in 2.126ms
2024-11-04 15:39:40.887 +01:00 [INF] Executed endpoint '/Account/Login'
2024-11-04 15:39:40.887 +01:00 [INF] Request finished HTTP/1.1 GET http://localhost:5017/Identity/Account/Login - 200 null text/html; charset=utf-8 2.8239ms
2024-11-04 15:39:40.909 +01:00 [INF] Request starting HTTP/1.1 GET http://localhost:5017/lib/jquery-validation/dist/jquery.validate.min.js - null null
2024-11-04 15:39:40.909 +01:00 [INF] Request starting HTTP/1.1 GET http://localhost:5017/lib/jquery-validation-unobtrusive/jquery.validate.unobtrusive.min.js - null null
2024-11-04 15:39:40.909 +01:00 [INF] Request finished HTTP/1.1 GET http://localhost:5017/lib/jquery-validation/dist/jquery.validate.min.js - 404 0 null 0.311ms
2024-11-04 15:39:40.909 +01:00 [INF] Request finished HTTP/1.1 GET http://localhost:5017/lib/jquery-validation-unobtrusive/jquery.validate.unobtrusive.min.js - 404 0 null 0.3179ms
2024-11-04 15:39:40.909 +01:00 [INF] Request reached the end of the middleware pipeline without being handled by application code. Request path: GET http://localhost:5017/lib/jquery-validation/dist/jquery.validate.min.js, Response status code: 404
2024-11-04 15:39:40.909 +01:00 [INF] Request reached the end of the middleware pipeline without being handled by application code. Request path: GET http://localhost:5017/lib/jquery-validation-unobtrusive/jquery.validate.unobtrusive.min.js, Response status code: 404
2024-11-04 15:39:46.410 +01:00 [INF] Request starting HTTP/1.1 POST http://localhost:5017/Identity/Account/Login - application/x-www-form-urlencoded 240
2024-11-04 15:39:46.410 +01:00 [INF] Executing endpoint '/Account/Login'
2024-11-04 15:39:46.410 +01:00 [INF] Route matched with {page = "/Account/Login", area = "Identity", action = "", controller = ""}. Executing page /Account/Login
2024-11-04 15:39:46.411 +01:00 [INF] Executing handler method MyShop.Areas.Identity.Pages.Account.LoginModel.OnPostAsync - ModelState is "Valid"
2024-11-04 15:39:46.720 +01:00 [INF] AuthenticationScheme: Identity.Application signed in.
2024-11-04 15:39:46.720 +01:00 [INF] User logged in.
2024-11-04 15:39:46.720 +01:00 [INF] Executed handler method OnPostAsync, returned result Microsoft.AspNetCore.Mvc.LocalRedirectResult.
2024-11-04 15:39:46.720 +01:00 [INF] Executing LocalRedirectResult, redirecting to /.
2024-11-04 15:39:46.721 +01:00 [INF] Executed page /Account/Login in 310.3053ms
2024-11-04 15:39:46.721 +01:00 [INF] Executed endpoint '/Account/Login'
2024-11-04 15:39:46.721 +01:00 [INF] Request finished HTTP/1.1 POST http://localhost:5017/Identity/Account/Login - 302 0 null 310.9368ms
2024-11-04 15:39:46.725 +01:00 [INF] Request starting HTTP/1.1 GET http://localhost:5017/ - null null
2024-11-04 15:39:46.725 +01:00 [INF] Executing endpoint 'MyShop.Controllers.HomeController.Index (MyShop)'
2024-11-04 15:39:46.725 +01:00 [INF] Route matched with {action = "Index", controller = "Home", page = "", area = ""}. Executing controller action with signature Microsoft.AspNetCore.Mvc.IActionResult Index() on controller MyShop.Controllers.HomeController (MyShop).
2024-11-04 15:39:46.726 +01:00 [INF] Executing ViewResult, running view Index.
2024-11-04 15:39:46.727 +01:00 [INF] Executed ViewResult - view Index executed in 1.0693ms.
2024-11-04 15:39:46.727 +01:00 [INF] Executed action MyShop.Controllers.HomeController.Index (MyShop) in 1.2852ms
2024-11-04 15:39:46.727 +01:00 [INF] Executed endpoint 'MyShop.Controllers.HomeController.Index (MyShop)'
2024-11-04 15:39:46.727 +01:00 [INF] Request finished HTTP/1.1 GET http://localhost:5017/ - 200 null text/html; charset=utf-8 1.8484ms
2024-11-04 15:39:48.215 +01:00 [INF] Request starting HTTP/1.1 GET http://localhost:5017/Identity/Account/Manage - null null
2024-11-04 15:39:48.215 +01:00 [INF] Executing endpoint '/Account/Manage/Index'
2024-11-04 15:39:48.216 +01:00 [INF] Route matched with {page = "/Account/Manage/Index", area = "Identity", action = "", controller = ""}. Executing page /Account/Manage/Index
2024-11-04 15:39:48.216 +01:00 [INF] Executing handler method MyShop.Areas.Identity.Pages.Account.Manage.IndexModel.OnGetAsync - ModelState is "Valid"
2024-11-04 15:39:48.218 +01:00 [INF] Executed handler method OnGetAsync, returned result Microsoft.AspNetCore.Mvc.RazorPages.PageResult.
2024-11-04 15:39:48.220 +01:00 [INF] Executed page /Account/Manage/Index in 4.6652ms
2024-11-04 15:39:48.220 +01:00 [INF] Executed endpoint '/Account/Manage/Index'
2024-11-04 15:39:48.221 +01:00 [INF] Request finished HTTP/1.1 GET http://localhost:5017/Identity/Account/Manage - 200 null text/html; charset=utf-8 5.7167ms
2024-11-04 15:39:48.237 +01:00 [INF] Request starting HTTP/1.1 GET http://localhost:5017/lib/jquery-validation-unobtrusive/jquery.validate.unobtrusive.min.js - null null
2024-11-04 15:39:48.237 +01:00 [INF] Request starting HTTP/1.1 GET http://localhost:5017/lib/jquery-validation/dist/jquery.validate.min.js - null null
2024-11-04 15:39:48.237 +01:00 [INF] Request finished HTTP/1.1 GET http://localhost:5017/lib/jquery-validation-unobtrusive/jquery.validate.unobtrusive.min.js - 404 0 null 0.6196ms
2024-11-04 15:39:48.237 +01:00 [INF] Request reached the end of the middleware pipeline without being handled by application code. Request path: GET http://localhost:5017/lib/jquery-validation-unobtrusive/jquery.validate.unobtrusive.min.js, Response status code: 404
2024-11-04 15:39:48.237 +01:00 [INF] Request finished HTTP/1.1 GET http://localhost:5017/lib/jquery-validation/dist/jquery.validate.min.js - 404 0 null 0.635ms
2024-11-04 15:39:48.237 +01:00 [INF] Request reached the end of the middleware pipeline without being handled by application code. Request path: GET http://localhost:5017/lib/jquery-validation/dist/jquery.validate.min.js, Response status code: 404
2024-11-04 15:39:49.784 +01:00 [INF] Request starting HTTP/1.1 GET http://localhost:5017/Identity/Account/Manage/ChangePassword - null null
2024-11-04 15:39:49.785 +01:00 [INF] Executing endpoint '/Account/Manage/ChangePassword'
2024-11-04 15:39:49.785 +01:00 [INF] Route matched with {page = "/Account/Manage/ChangePassword", area = "Identity", action = "", controller = ""}. Executing page /Account/Manage/ChangePassword
2024-11-04 15:39:49.785 +01:00 [INF] Executing handler method MyShop.Areas.Identity.Pages.Account.Manage.ChangePasswordModel.OnGetAsync - ModelState is "Valid"
2024-11-04 15:39:49.788 +01:00 [INF] Executed handler method OnGetAsync, returned result Microsoft.AspNetCore.Mvc.RazorPages.PageResult.
2024-11-04 15:39:49.790 +01:00 [INF] Executed page /Account/Manage/ChangePassword in 5.1718ms
2024-11-04 15:39:49.790 +01:00 [INF] Executed endpoint '/Account/Manage/ChangePassword'
2024-11-04 15:39:49.791 +01:00 [INF] Request finished HTTP/1.1 GET http://localhost:5017/Identity/Account/Manage/ChangePassword - 200 null text/html; charset=utf-8 6.5684ms
2024-11-04 15:39:49.814 +01:00 [INF] Request starting HTTP/1.1 GET http://localhost:5017/lib/jquery-validation/dist/jquery.validate.min.js - null null
2024-11-04 15:39:49.814 +01:00 [INF] Request starting HTTP/1.1 GET http://localhost:5017/lib/jquery-validation-unobtrusive/jquery.validate.unobtrusive.min.js - null null
2024-11-04 15:39:49.815 +01:00 [INF] Request finished HTTP/1.1 GET http://localhost:5017/lib/jquery-validation-unobtrusive/jquery.validate.unobtrusive.min.js - 404 0 null 0.361ms
2024-11-04 15:39:49.815 +01:00 [INF] Request finished HTTP/1.1 GET http://localhost:5017/lib/jquery-validation/dist/jquery.validate.min.js - 404 0 null 0.7485ms
2024-11-04 15:39:49.815 +01:00 [INF] Request reached the end of the middleware pipeline without being handled by application code. Request path: GET http://localhost:5017/lib/jquery-validation-unobtrusive/jquery.validate.unobtrusive.min.js, Response status code: 404
2024-11-04 15:39:49.815 +01:00 [INF] Request reached the end of the middleware pipeline without being handled by application code. Request path: GET http://localhost:5017/lib/jquery-validation/dist/jquery.validate.min.js, Response status code: 404
2024-11-04 15:40:17.226 +01:00 [INF] Request starting HTTP/1.1 GET http://localhost:5017/Identity/Account/Manage/TwoFactorAuthentication - null null
2024-11-04 15:40:17.226 +01:00 [INF] Executing endpoint '/Account/Manage/TwoFactorAuthentication'
2024-11-04 15:40:17.226 +01:00 [INF] Route matched with {page = "/Account/Manage/TwoFactorAuthentication", area = "Identity", action = "", controller = ""}. Executing page /Account/Manage/TwoFactorAuthentication
2024-11-04 15:40:17.227 +01:00 [INF] Executing handler method MyShop.Areas.Identity.Pages.Account.Manage.TwoFactorAuthenticationModel.OnGetAsync - ModelState is "Valid"
2024-11-04 15:40:17.232 +01:00 [INF] Executed handler method OnGetAsync, returned result Microsoft.AspNetCore.Mvc.RazorPages.PageResult.
2024-11-04 15:40:17.233 +01:00 [INF] Executed page /Account/Manage/TwoFactorAuthentication in 7.1019ms
2024-11-04 15:40:17.234 +01:00 [INF] Executed endpoint '/Account/Manage/TwoFactorAuthentication'
2024-11-04 15:40:17.234 +01:00 [INF] Request finished HTTP/1.1 GET http://localhost:5017/Identity/Account/Manage/TwoFactorAuthentication - 200 null text/html; charset=utf-8 8.0838ms
2024-11-04 15:40:17.253 +01:00 [INF] Request starting HTTP/1.1 GET http://localhost:5017/lib/jquery-validation/dist/jquery.validate.min.js - null null
2024-11-04 15:40:17.254 +01:00 [INF] Request finished HTTP/1.1 GET http://localhost:5017/lib/jquery-validation/dist/jquery.validate.min.js - 404 0 null 0.9275ms
2024-11-04 15:40:17.254 +01:00 [INF] Request reached the end of the middleware pipeline without being handled by application code. Request path: GET http://localhost:5017/lib/jquery-validation/dist/jquery.validate.min.js, Response status code: 404
2024-11-04 15:40:17.259 +01:00 [INF] Request starting HTTP/1.1 GET http://localhost:5017/lib/jquery-validation-unobtrusive/jquery.validate.unobtrusive.min.js - null null
2024-11-04 15:40:17.260 +01:00 [INF] Request finished HTTP/1.1 GET http://localhost:5017/lib/jquery-validation-unobtrusive/jquery.validate.unobtrusive.min.js - 404 0 null 0.4108ms
2024-11-04 15:40:17.260 +01:00 [INF] Request reached the end of the middleware pipeline without being handled by application code. Request path: GET http://localhost:5017/lib/jquery-validation-unobtrusive/jquery.validate.unobtrusive.min.js, Response status code: 404
2024-11-04 15:40:17.894 +01:00 [INF] Request starting HTTP/1.1 GET http://localhost:5017/Identity/Account/Manage/ChangePassword - null null
2024-11-04 15:40:17.894 +01:00 [INF] Executing endpoint '/Account/Manage/ChangePassword'
2024-11-04 15:40:17.895 +01:00 [INF] Route matched with {page = "/Account/Manage/ChangePassword", area = "Identity", action = "", controller = ""}. Executing page /Account/Manage/ChangePassword
2024-11-04 15:40:17.895 +01:00 [INF] Executing handler method MyShop.Areas.Identity.Pages.Account.Manage.ChangePasswordModel.OnGetAsync - ModelState is "Valid"
2024-11-04 15:40:17.896 +01:00 [INF] Executed handler method OnGetAsync, returned result Microsoft.AspNetCore.Mvc.RazorPages.PageResult.
2024-11-04 15:40:17.898 +01:00 [INF] Executed page /Account/Manage/ChangePassword in 3.1101ms
2024-11-04 15:40:17.898 +01:00 [INF] Executed endpoint '/Account/Manage/ChangePassword'
2024-11-04 15:40:17.898 +01:00 [INF] Request finished HTTP/1.1 GET http://localhost:5017/Identity/Account/Manage/ChangePassword - 200 null text/html; charset=utf-8 3.7648ms
2024-11-04 15:40:17.921 +01:00 [INF] Request starting HTTP/1.1 GET http://localhost:5017/lib/jquery-validation/dist/jquery.validate.min.js - null null
2024-11-04 15:40:17.922 +01:00 [INF] Request starting HTTP/1.1 GET http://localhost:5017/lib/jquery-validation-unobtrusive/jquery.validate.unobtrusive.min.js - null null
2024-11-04 15:40:17.922 +01:00 [INF] Request finished HTTP/1.1 GET http://localhost:5017/lib/jquery-validation/dist/jquery.validate.min.js - 404 0 null 0.6253ms
2024-11-04 15:40:17.922 +01:00 [INF] Request reached the end of the middleware pipeline without being handled by application code. Request path: GET http://localhost:5017/lib/jquery-validation/dist/jquery.validate.min.js, Response status code: 404
2024-11-04 15:40:17.922 +01:00 [INF] Request finished HTTP/1.1 GET http://localhost:5017/lib/jquery-validation-unobtrusive/jquery.validate.unobtrusive.min.js - 404 0 null 0.6819ms
2024-11-04 15:40:17.922 +01:00 [INF] Request reached the end of the middleware pipeline without being handled by application code. Request path: GET http://localhost:5017/lib/jquery-validation-unobtrusive/jquery.validate.unobtrusive.min.js, Response status code: 404
2024-11-04 15:40:19.890 +01:00 [INF] Request starting HTTP/1.1 GET http://localhost:5017/Identity/Account/Manage/Email - null null
2024-11-04 15:40:19.891 +01:00 [INF] Executing endpoint '/Account/Manage/Email'
2024-11-04 15:40:19.891 +01:00 [INF] Route matched with {page = "/Account/Manage/Email", area = "Identity", action = "", controller = ""}. Executing page /Account/Manage/Email
2024-11-04 15:40:19.891 +01:00 [INF] Executing handler method MyShop.Areas.Identity.Pages.Account.Manage.EmailModel.OnGetAsync - ModelState is "Valid"
2024-11-04 15:40:19.893 +01:00 [INF] Executed handler method OnGetAsync, returned result Microsoft.AspNetCore.Mvc.RazorPages.PageResult.
2024-11-04 15:40:19.895 +01:00 [INF] Executed page /Account/Manage/Email in 4.4881ms
2024-11-04 15:40:19.895 +01:00 [INF] Executed endpoint '/Account/Manage/Email'
2024-11-04 15:40:19.895 +01:00 [INF] Request finished HTTP/1.1 GET http://localhost:5017/Identity/Account/Manage/Email - 200 null text/html; charset=utf-8 5.4651ms
2024-11-04 15:40:19.920 +01:00 [INF] Request starting HTTP/1.1 GET http://localhost:5017/lib/jquery-validation/dist/jquery.validate.min.js - null null
2024-11-04 15:40:19.921 +01:00 [INF] Request finished HTTP/1.1 GET http://localhost:5017/lib/jquery-validation/dist/jquery.validate.min.js - 404 0 null 0.634ms
2024-11-04 15:40:19.921 +01:00 [INF] Request starting HTTP/1.1 GET http://localhost:5017/lib/jquery-validation-unobtrusive/jquery.validate.unobtrusive.min.js - null null
2024-11-04 15:40:19.921 +01:00 [INF] Request reached the end of the middleware pipeline without being handled by application code. Request path: GET http://localhost:5017/lib/jquery-validation/dist/jquery.validate.min.js, Response status code: 404
2024-11-04 15:40:19.921 +01:00 [INF] Request finished HTTP/1.1 GET http://localhost:5017/lib/jquery-validation-unobtrusive/jquery.validate.unobtrusive.min.js - 404 0 null 0.5997ms
2024-11-04 15:40:19.921 +01:00 [INF] Request reached the end of the middleware pipeline without being handled by application code. Request path: GET http://localhost:5017/lib/jquery-validation-unobtrusive/jquery.validate.unobtrusive.min.js, Response status code: 404
2024-11-04 15:40:20.723 +01:00 [INF] Request starting HTTP/1.1 GET http://localhost:5017/Identity/Account/Manage - null null
2024-11-04 15:40:20.724 +01:00 [INF] Executing endpoint '/Account/Manage/Index'
2024-11-04 15:40:20.724 +01:00 [INF] Route matched with {page = "/Account/Manage/Index", area = "Identity", action = "", controller = ""}. Executing page /Account/Manage/Index
2024-11-04 15:40:20.724 +01:00 [INF] Executing handler method MyShop.Areas.Identity.Pages.Account.Manage.IndexModel.OnGetAsync - ModelState is "Valid"
2024-11-04 15:40:20.727 +01:00 [INF] Executed handler method OnGetAsync, returned result Microsoft.AspNetCore.Mvc.RazorPages.PageResult.
2024-11-04 15:40:20.730 +01:00 [INF] Executed page /Account/Manage/Index in 5.9551ms
2024-11-04 15:40:20.730 +01:00 [INF] Executed endpoint '/Account/Manage/Index'
2024-11-04 15:40:20.731 +01:00 [INF] Request finished HTTP/1.1 GET http://localhost:5017/Identity/Account/Manage - 200 null text/html; charset=utf-8 7.2188ms
2024-11-04 15:40:20.753 +01:00 [INF] Request starting HTTP/1.1 GET http://localhost:5017/lib/jquery-validation/dist/jquery.validate.min.js - null null
2024-11-04 15:40:20.753 +01:00 [INF] Request starting HTTP/1.1 GET http://localhost:5017/lib/jquery-validation-unobtrusive/jquery.validate.unobtrusive.min.js - null null
2024-11-04 15:40:20.754 +01:00 [INF] Request finished HTTP/1.1 GET http://localhost:5017/lib/jquery-validation/dist/jquery.validate.min.js - 404 0 null 0.6523ms
2024-11-04 15:40:20.754 +01:00 [INF] Request reached the end of the middleware pipeline without being handled by application code. Request path: GET http://localhost:5017/lib/jquery-validation/dist/jquery.validate.min.js, Response status code: 404
2024-11-04 15:40:20.754 +01:00 [INF] Request finished HTTP/1.1 GET http://localhost:5017/lib/jquery-validation-unobtrusive/jquery.validate.unobtrusive.min.js - 404 0 null 0.4164ms
2024-11-04 15:40:20.754 +01:00 [INF] Request reached the end of the middleware pipeline without being handled by application code. Request path: GET http://localhost:5017/lib/jquery-validation-unobtrusive/jquery.validate.unobtrusive.min.js, Response status code: 404
2024-11-04 15:41:35.083 +01:00 [INF] Request starting HTTP/1.1 GET http://localhost:5017/Identity/Account/Manage/Email - null null
2024-11-04 15:41:35.084 +01:00 [INF] Executing endpoint '/Account/Manage/Email'
2024-11-04 15:41:35.084 +01:00 [INF] Route matched with {page = "/Account/Manage/Email", area = "Identity", action = "", controller = ""}. Executing page /Account/Manage/Email
2024-11-04 15:41:35.084 +01:00 [INF] Executing handler method MyShop.Areas.Identity.Pages.Account.Manage.EmailModel.OnGetAsync - ModelState is "Valid"
2024-11-04 15:41:35.087 +01:00 [INF] Executed handler method OnGetAsync, returned result Microsoft.AspNetCore.Mvc.RazorPages.PageResult.
2024-11-04 15:41:35.088 +01:00 [INF] Executed page /Account/Manage/Email in 3.8215ms
2024-11-04 15:41:35.088 +01:00 [INF] Executed endpoint '/Account/Manage/Email'
2024-11-04 15:41:35.088 +01:00 [INF] Request finished HTTP/1.1 GET http://localhost:5017/Identity/Account/Manage/Email - 200 null text/html; charset=utf-8 5.4332ms
2024-11-04 15:41:35.112 +01:00 [INF] Request starting HTTP/1.1 GET http://localhost:5017/lib/jquery-validation/dist/jquery.validate.min.js - null null
2024-11-04 15:41:35.113 +01:00 [INF] Request finished HTTP/1.1 GET http://localhost:5017/lib/jquery-validation/dist/jquery.validate.min.js - 404 0 null 1.64ms
2024-11-04 15:41:35.113 +01:00 [INF] Request reached the end of the middleware pipeline without being handled by application code. Request path: GET http://localhost:5017/lib/jquery-validation/dist/jquery.validate.min.js, Response status code: 404
2024-11-04 15:41:35.125 +01:00 [INF] Request starting HTTP/1.1 GET http://localhost:5017/lib/jquery-validation-unobtrusive/jquery.validate.unobtrusive.min.js - null null
2024-11-04 15:41:35.126 +01:00 [INF] Request finished HTTP/1.1 GET http://localhost:5017/lib/jquery-validation-unobtrusive/jquery.validate.unobtrusive.min.js - 404 0 null 0.446ms
2024-11-04 15:41:35.126 +01:00 [INF] Request reached the end of the middleware pipeline without being handled by application code. Request path: GET http://localhost:5017/lib/jquery-validation-unobtrusive/jquery.validate.unobtrusive.min.js, Response status code: 404
2024-11-04 15:42:01.858 +01:00 [INF] Request starting HTTP/1.1 GET http://localhost:5017/Identity/Account/Manage/TwoFactorAuthentication - null null
2024-11-04 15:42:01.858 +01:00 [INF] Executing endpoint '/Account/Manage/TwoFactorAuthentication'
2024-11-04 15:42:01.859 +01:00 [INF] Route matched with {page = "/Account/Manage/TwoFactorAuthentication", area = "Identity", action = "", controller = ""}. Executing page /Account/Manage/TwoFactorAuthentication
2024-11-04 15:42:01.859 +01:00 [INF] Executing handler method MyShop.Areas.Identity.Pages.Account.Manage.TwoFactorAuthenticationModel.OnGetAsync - ModelState is "Valid"
2024-11-04 15:42:01.862 +01:00 [INF] Executed handler method OnGetAsync, returned result Microsoft.AspNetCore.Mvc.RazorPages.PageResult.
2024-11-04 15:42:01.863 +01:00 [INF] Executed page /Account/Manage/TwoFactorAuthentication in 4.2474ms
2024-11-04 15:42:01.863 +01:00 [INF] Executed endpoint '/Account/Manage/TwoFactorAuthentication'
2024-11-04 15:42:01.863 +01:00 [INF] Request finished HTTP/1.1 GET http://localhost:5017/Identity/Account/Manage/TwoFactorAuthentication - 200 null text/html; charset=utf-8 5.3418ms
2024-11-04 15:42:01.890 +01:00 [INF] Request starting HTTP/1.1 GET http://localhost:5017/lib/jquery-validation/dist/jquery.validate.min.js - null null
2024-11-04 15:42:01.891 +01:00 [INF] Request finished HTTP/1.1 GET http://localhost:5017/lib/jquery-validation/dist/jquery.validate.min.js - 404 0 null 0.643ms
2024-11-04 15:42:01.891 +01:00 [INF] Request reached the end of the middleware pipeline without being handled by application code. Request path: GET http://localhost:5017/lib/jquery-validation/dist/jquery.validate.min.js, Response status code: 404
2024-11-04 15:42:01.903 +01:00 [INF] Request starting HTTP/1.1 GET http://localhost:5017/lib/jquery-validation-unobtrusive/jquery.validate.unobtrusive.min.js - null null
2024-11-04 15:42:01.903 +01:00 [INF] Request finished HTTP/1.1 GET http://localhost:5017/lib/jquery-validation-unobtrusive/jquery.validate.unobtrusive.min.js - 404 0 null 0.5626ms
2024-11-04 15:42:01.903 +01:00 [INF] Request reached the end of the middleware pipeline without being handled by application code. Request path: GET http://localhost:5017/lib/jquery-validation-unobtrusive/jquery.validate.unobtrusive.min.js, Response status code: 404
2024-11-04 15:42:03.019 +01:00 [INF] Request starting HTTP/1.1 GET http://localhost:5017/Identity/Account/Manage/ChangePassword - null null
2024-11-04 15:42:03.020 +01:00 [INF] Executing endpoint '/Account/Manage/ChangePassword'
2024-11-04 15:42:03.020 +01:00 [INF] Route matched with {page = "/Account/Manage/ChangePassword", area = "Identity", action = "", controller = ""}. Executing page /Account/Manage/ChangePassword
2024-11-04 15:42:03.020 +01:00 [INF] Executing handler method MyShop.Areas.Identity.Pages.Account.Manage.ChangePasswordModel.OnGetAsync - ModelState is "Valid"
2024-11-04 15:42:03.022 +01:00 [INF] Executed handler method OnGetAsync, returned result Microsoft.AspNetCore.Mvc.RazorPages.PageResult.
2024-11-04 15:42:03.024 +01:00 [INF] Executed page /Account/Manage/ChangePassword in 4.1691ms
2024-11-04 15:42:03.024 +01:00 [INF] Executed endpoint '/Account/Manage/ChangePassword'
2024-11-04 15:42:03.024 +01:00 [INF] Request finished HTTP/1.1 GET http://localhost:5017/Identity/Account/Manage/ChangePassword - 200 null text/html; charset=utf-8 5.1869ms
2024-11-04 15:42:03.051 +01:00 [INF] Request starting HTTP/1.1 GET http://localhost:5017/lib/jquery-validation/dist/jquery.validate.min.js - null null
2024-11-04 15:42:03.051 +01:00 [INF] Request starting HTTP/1.1 GET http://localhost:5017/lib/jquery-validation-unobtrusive/jquery.validate.unobtrusive.min.js - null null
2024-11-04 15:42:03.051 +01:00 [INF] Request finished HTTP/1.1 GET http://localhost:5017/lib/jquery-validation/dist/jquery.validate.min.js - 404 0 null 0.4985ms
2024-11-04 15:42:03.051 +01:00 [INF] Request finished HTTP/1.1 GET http://localhost:5017/lib/jquery-validation-unobtrusive/jquery.validate.unobtrusive.min.js - 404 0 null 0.4516ms
2024-11-04 15:42:03.051 +01:00 [INF] Request reached the end of the middleware pipeline without being handled by application code. Request path: GET http://localhost:5017/lib/jquery-validation/dist/jquery.validate.min.js, Response status code: 404
2024-11-04 15:42:03.051 +01:00 [INF] Request reached the end of the middleware pipeline without being handled by application code. Request path: GET http://localhost:5017/lib/jquery-validation-unobtrusive/jquery.validate.unobtrusive.min.js, Response status code: 404
