2024-10-18 10:31:42.416 +02:00 [INF] User profile is available. Using 'C:\Users\jovan\AppData\Local\ASP.NET\DataProtection-Keys' as key repository and Windows DPAPI to encrypt keys at rest.
2024-10-18 10:31:42.489 +02:00 [INF] Now listening on: http://localhost:5017
2024-10-18 10:31:42.493 +02:00 [INF] Application started. Press Ctrl+C to shut down.
2024-10-18 10:31:42.493 +02:00 [INF] Hosting environment: Development
2024-10-18 10:31:42.493 +02:00 [INF] Content root path: C:\TestMappe\ITPE3200_Exam_project
2024-10-18 10:32:34.754 +02:00 [INF] Request starting HTTP/1.1 GET http://localhost:5017/ - null null
2024-10-18 10:32:34.776 +02:00 [INF] Executing endpoint 'MyShop.Controllers.HomeController.Index (MyShop)'
2024-10-18 10:32:34.784 +02:00 [INF] Route matched with {action = "Index", controller = "Home"}. Executing controller action with signature Microsoft.AspNetCore.Mvc.IActionResult Index() on controller MyShop.Controllers.HomeController (MyShop).
2024-10-18 10:32:34.792 +02:00 [INF] Executing ViewResult, running view Index.
2024-10-18 10:32:34.844 +02:00 [INF] Executed ViewResult - view Index executed in 52.0466ms.
2024-10-18 10:32:34.846 +02:00 [INF] Executed action MyShop.Controllers.HomeController.Index (MyShop) in 61.8106ms
2024-10-18 10:32:34.846 +02:00 [INF] Executed endpoint 'MyShop.Controllers.HomeController.Index (MyShop)'
2024-10-18 10:32:34.849 +02:00 [INF] Request finished HTTP/1.1 GET http://localhost:5017/ - 200 null text/html; charset=utf-8 96.9366ms
2024-10-18 10:32:34.863 +02:00 [INF] Request starting HTTP/1.1 GET http://localhost:5017/images/polpa.jpg - null null
2024-10-18 10:32:34.863 +02:00 [INF] Request starting HTTP/1.1 GET http://localhost:5017/js/bootstrap.js - null null
2024-10-18 10:32:34.864 +02:00 [INF] Request starting HTTP/1.1 GET http://localhost:5017/js/jquery.min.js - null null
2024-10-18 10:32:34.864 +02:00 [INF] Request starting HTTP/1.1 GET http://localhost:5017/images/kylling.jpg - null null
2024-10-18 10:32:34.864 +02:00 [INF] Request starting HTTP/1.1 GET http://localhost:5017/js/jquery.validate.unobtrusive.js - null null
2024-10-18 10:32:34.863 +02:00 [INF] Request starting HTTP/1.1 GET http://localhost:5017/js/jquery.validate.js - null null
2024-10-18 10:32:34.870 +02:00 [INF] The file /js/bootstrap.js was not modified
2024-10-18 10:32:34.870 +02:00 [INF] The file /js/jquery.validate.unobtrusive.js was not modified
2024-10-18 10:32:34.870 +02:00 [INF] The file /images/kylling.jpg was not modified
2024-10-18 10:32:34.870 +02:00 [INF] The file /js/jquery.min.js was not modified
2024-10-18 10:32:34.870 +02:00 [INF] The file /images/polpa.jpg was not modified
2024-10-18 10:32:34.870 +02:00 [INF] The file /js/jquery.validate.js was not modified
2024-10-18 10:32:34.871 +02:00 [INF] Request finished HTTP/1.1 GET http://localhost:5017/js/bootstrap.js - 304 null text/javascript 7.2682ms
2024-10-18 10:32:34.871 +02:00 [INF] Request finished HTTP/1.1 GET http://localhost:5017/js/jquery.min.js - 304 null text/javascript 7.0034ms
2024-10-18 10:32:34.871 +02:00 [INF] Request finished HTTP/1.1 GET http://localhost:5017/js/jquery.validate.js - 304 null text/javascript 7.2681ms
2024-10-18 10:32:34.871 +02:00 [INF] Request finished HTTP/1.1 GET http://localhost:5017/images/kylling.jpg - 304 null image/jpeg 7.0119ms
2024-10-18 10:32:34.871 +02:00 [INF] Request finished HTTP/1.1 GET http://localhost:5017/images/polpa.jpg - 304 null image/jpeg 7.2696ms
2024-10-18 10:32:34.871 +02:00 [INF] Request finished HTTP/1.1 GET http://localhost:5017/js/jquery.validate.unobtrusive.js - 304 null text/javascript 7.0288ms
2024-10-18 10:32:35.057 +02:00 [INF] Request starting HTTP/1.1 GET http://localhost:5017/images/peanøtter.jpg - null null
2024-10-18 10:32:35.059 +02:00 [INF] The file /images/peanøtter.jpg was not modified
2024-10-18 10:32:35.059 +02:00 [INF] Request finished HTTP/1.1 GET http://localhost:5017/images/peanøtter.jpg - 304 null image/jpeg 2.5908ms
2024-10-18 10:32:39.249 +02:00 [INF] Request starting HTTP/1.1 GET http://localhost:5017/Item/Table - null null
2024-10-18 10:32:39.250 +02:00 [INF] Executing endpoint 'MyShop.Controllers.ItemController.Table (MyShop)'
2024-10-18 10:32:39.255 +02:00 [INF] Route matched with {action = "Table", controller = "Item"}. Executing controller action with signature System.Threading.Tasks.Task`1[Microsoft.AspNetCore.Mvc.IActionResult] Table() on controller MyShop.Controllers.ItemController (MyShop).
2024-10-18 10:32:39.365 +02:00 [INF] Executing ViewResult, running view Table.
2024-10-18 10:32:39.376 +02:00 [INF] Executed ViewResult - view Table executed in 12.1202ms.
2024-10-18 10:32:39.377 +02:00 [INF] Executed action MyShop.Controllers.ItemController.Table (MyShop) in 121.9211ms
2024-10-18 10:32:39.377 +02:00 [INF] Executed endpoint 'MyShop.Controllers.ItemController.Table (MyShop)'
2024-10-18 10:32:39.381 +02:00 [INF] Request finished HTTP/1.1 GET http://localhost:5017/Item/Table - 200 null text/html; charset=utf-8 131.7618ms
2024-10-18 10:32:39.400 +02:00 [INF] Request starting HTTP/1.1 GET http://localhost:5017/images/kjøttdeig.jpg - null null
2024-10-18 10:32:39.400 +02:00 [INF] Request starting HTTP/1.1 GET http://localhost:5017/images/helmelk.jpg - null null
2024-10-18 10:32:39.402 +02:00 [INF] The file /images/kjøttdeig.jpg was not modified
2024-10-18 10:32:39.402 +02:00 [INF] The file /images/helmelk.jpg was not modified
2024-10-18 10:32:39.402 +02:00 [INF] Request finished HTTP/1.1 GET http://localhost:5017/images/kjøttdeig.jpg - 304 null image/jpeg 1.5946ms
2024-10-18 10:32:39.402 +02:00 [INF] Request finished HTTP/1.1 GET http://localhost:5017/images/helmelk.jpg - 304 null image/jpeg 1.5765ms
2024-10-18 10:32:39.450 +02:00 [INF] Request starting HTTP/1.1 GET http://localhost:5017/images/lettmelk.jpg - null null
2024-10-18 10:32:39.450 +02:00 [INF] The file /images/lettmelk.jpg was not modified
2024-10-18 10:32:39.451 +02:00 [INF] Request finished HTTP/1.1 GET http://localhost:5017/images/lettmelk.jpg - 304 null image/jpeg 0.9239ms
2024-10-18 10:32:43.892 +02:00 [INF] Request starting HTTP/1.1 GET http://localhost:5017/Item/Grid - null null
2024-10-18 10:32:43.893 +02:00 [INF] Executing endpoint 'MyShop.Controllers.ItemController.Grid (MyShop)'
2024-10-18 10:32:43.900 +02:00 [INF] Route matched with {action = "Grid", controller = "Item"}. Executing controller action with signature System.Threading.Tasks.Task`1[Microsoft.AspNetCore.Mvc.IActionResult] Grid() on controller MyShop.Controllers.ItemController (MyShop).
2024-10-18 10:32:44.021 +02:00 [INF] Executing ViewResult, running view Grid.
2024-10-18 10:32:44.028 +02:00 [INF] Executed ViewResult - view Grid executed in 7.5936ms.
2024-10-18 10:32:44.028 +02:00 [INF] Executed action MyShop.Controllers.ItemController.Grid (MyShop) in 128.0639ms
2024-10-18 10:32:44.028 +02:00 [INF] Executed endpoint 'MyShop.Controllers.ItemController.Grid (MyShop)'
2024-10-18 10:32:44.029 +02:00 [INF] Request finished HTTP/1.1 GET http://localhost:5017/Item/Grid - 200 null text/html; charset=utf-8 137.061ms
2024-10-18 10:33:08.511 +02:00 [INF] Request starting HTTP/1.1 GET http://localhost:5017/Customer/Table - null null
2024-10-18 10:33:08.513 +02:00 [INF] Executing endpoint 'MyShop.Controllers.CustomerController.Table (MyShop)'
2024-10-18 10:33:08.518 +02:00 [INF] Route matched with {action = "Table", controller = "Customer"}. Executing controller action with signature System.Threading.Tasks.Task`1[Microsoft.AspNetCore.Mvc.IActionResult] Table() on controller MyShop.Controllers.CustomerController (MyShop).
2024-10-18 10:33:08.541 +02:00 [INF] Executing ViewResult, running view Table.
2024-10-18 10:33:08.703 +02:00 [INF] Executed ViewResult - view Table executed in 163.5476ms.
2024-10-18 10:33:08.704 +02:00 [INF] Executed action MyShop.Controllers.CustomerController.Table (MyShop) in 185.0805ms
2024-10-18 10:33:08.704 +02:00 [INF] Executed endpoint 'MyShop.Controllers.CustomerController.Table (MyShop)'
2024-10-18 10:33:08.704 +02:00 [INF] Request finished HTTP/1.1 GET http://localhost:5017/Customer/Table - 200 null text/html; charset=utf-8 193.1934ms
2024-10-18 10:33:18.068 +02:00 [INF] Request starting HTTP/1.1 GET http://localhost:5017/Item/Table - null null
2024-10-18 10:33:18.069 +02:00 [INF] Executing endpoint 'MyShop.Controllers.ItemController.Table (MyShop)'
2024-10-18 10:33:18.069 +02:00 [INF] Route matched with {action = "Table", controller = "Item"}. Executing controller action with signature System.Threading.Tasks.Task`1[Microsoft.AspNetCore.Mvc.IActionResult] Table() on controller MyShop.Controllers.ItemController (MyShop).
2024-10-18 10:33:18.077 +02:00 [INF] Executing ViewResult, running view Table.
2024-10-18 10:33:18.081 +02:00 [INF] Executed ViewResult - view Table executed in 3.7893ms.
2024-10-18 10:33:18.081 +02:00 [INF] Executed action MyShop.Controllers.ItemController.Table (MyShop) in 12.251ms
2024-10-18 10:33:18.081 +02:00 [INF] Executed endpoint 'MyShop.Controllers.ItemController.Table (MyShop)'
2024-10-18 10:33:18.081 +02:00 [INF] Request finished HTTP/1.1 GET http://localhost:5017/Item/Table - 200 null text/html; charset=utf-8 13.3487ms
2024-10-18 10:33:19.844 +02:00 [INF] Request starting HTTP/1.1 GET http://localhost:5017/ - null null
2024-10-18 10:33:19.845 +02:00 [INF] Executing endpoint 'MyShop.Controllers.HomeController.Index (MyShop)'
2024-10-18 10:33:19.845 +02:00 [INF] Route matched with {action = "Index", controller = "Home"}. Executing controller action with signature Microsoft.AspNetCore.Mvc.IActionResult Index() on controller MyShop.Controllers.HomeController (MyShop).
2024-10-18 10:33:19.845 +02:00 [INF] Executing ViewResult, running view Index.
2024-10-18 10:33:19.847 +02:00 [INF] Executed ViewResult - view Index executed in 1.6219ms.
2024-10-18 10:33:19.847 +02:00 [INF] Executed action MyShop.Controllers.HomeController.Index (MyShop) in 2.0073ms
2024-10-18 10:33:19.847 +02:00 [INF] Executed endpoint 'MyShop.Controllers.HomeController.Index (MyShop)'
2024-10-18 10:33:19.847 +02:00 [INF] Request finished HTTP/1.1 GET http://localhost:5017/ - 200 null text/html; charset=utf-8 2.8319ms
2024-10-18 10:33:29.632 +02:00 [INF] Request starting HTTP/1.1 GET http://localhost:5017/Item/Table - null null
2024-10-18 10:33:29.632 +02:00 [INF] Executing endpoint 'MyShop.Controllers.ItemController.Table (MyShop)'
2024-10-18 10:33:29.632 +02:00 [INF] Route matched with {action = "Table", controller = "Item"}. Executing controller action with signature System.Threading.Tasks.Task`1[Microsoft.AspNetCore.Mvc.IActionResult] Table() on controller MyShop.Controllers.ItemController (MyShop).
2024-10-18 10:33:29.635 +02:00 [INF] Executing ViewResult, running view Table.
2024-10-18 10:33:29.638 +02:00 [INF] Executed ViewResult - view Table executed in 3.2023ms.
2024-10-18 10:33:29.638 +02:00 [INF] Executed action MyShop.Controllers.ItemController.Table (MyShop) in 5.9337ms
2024-10-18 10:33:29.638 +02:00 [INF] Executed endpoint 'MyShop.Controllers.ItemController.Table (MyShop)'
2024-10-18 10:33:29.638 +02:00 [INF] Request finished HTTP/1.1 GET http://localhost:5017/Item/Table - 200 null text/html; charset=utf-8 6.7015ms
2024-10-18 10:33:38.109 +02:00 [INF] Request starting HTTP/1.1 GET http://localhost:5017/Item/Update/1 - null null
2024-10-18 10:33:38.110 +02:00 [INF] Executing endpoint 'MyShop.Controllers.ItemController.Update (MyShop)'
2024-10-18 10:33:38.125 +02:00 [INF] Route matched with {action = "Update", controller = "Item"}. Executing controller action with signature System.Threading.Tasks.Task`1[Microsoft.AspNetCore.Mvc.IActionResult] Update(Int32) on controller MyShop.Controllers.ItemController (MyShop).
2024-10-18 10:33:38.169 +02:00 [INF] Executing ViewResult, running view Update.
2024-10-18 10:33:38.278 +02:00 [INF] Executed ViewResult - view Update executed in 109.8479ms.
2024-10-18 10:33:38.278 +02:00 [INF] Executed action MyShop.Controllers.ItemController.Update (MyShop) in 152.3083ms
2024-10-18 10:33:38.278 +02:00 [INF] Executed endpoint 'MyShop.Controllers.ItemController.Update (MyShop)'
2024-10-18 10:33:38.278 +02:00 [INF] Request finished HTTP/1.1 GET http://localhost:5017/Item/Update/1 - 200 null text/html; charset=utf-8 169.1456ms
2024-10-18 10:33:41.654 +02:00 [INF] Request starting HTTP/1.1 GET http://localhost:5017/Item/Table - null null
2024-10-18 10:33:41.654 +02:00 [INF] Executing endpoint 'MyShop.Controllers.ItemController.Table (MyShop)'
2024-10-18 10:33:41.654 +02:00 [INF] Route matched with {action = "Table", controller = "Item"}. Executing controller action with signature System.Threading.Tasks.Task`1[Microsoft.AspNetCore.Mvc.IActionResult] Table() on controller MyShop.Controllers.ItemController (MyShop).
2024-10-18 10:33:41.657 +02:00 [INF] Executing ViewResult, running view Table.
2024-10-18 10:33:41.659 +02:00 [INF] Executed ViewResult - view Table executed in 1.7175ms.
2024-10-18 10:33:41.659 +02:00 [INF] Executed action MyShop.Controllers.ItemController.Table (MyShop) in 4.8483ms
2024-10-18 10:33:41.659 +02:00 [INF] Executed endpoint 'MyShop.Controllers.ItemController.Table (MyShop)'
2024-10-18 10:33:41.660 +02:00 [INF] Request finished HTTP/1.1 GET http://localhost:5017/Item/Table - 200 null text/html; charset=utf-8 5.886ms
2024-10-18 10:33:44.948 +02:00 [INF] Request starting HTTP/1.1 GET http://localhost:5017/Item/Create - null null
2024-10-18 10:33:44.948 +02:00 [INF] Executing endpoint 'MyShop.Controllers.ItemController.Create (MyShop)'
2024-10-18 10:33:44.951 +02:00 [INF] Route matched with {action = "Create", controller = "Item"}. Executing controller action with signature Microsoft.AspNetCore.Mvc.IActionResult Create() on controller MyShop.Controllers.ItemController (MyShop).
2024-10-18 10:33:44.953 +02:00 [INF] Executing ViewResult, running view Create.
2024-10-18 10:33:44.999 +02:00 [INF] Executed ViewResult - view Create executed in 47.5869ms.
2024-10-18 10:33:44.999 +02:00 [INF] Executed action MyShop.Controllers.ItemController.Create (MyShop) in 48.4047ms
2024-10-18 10:33:44.999 +02:00 [INF] Executed endpoint 'MyShop.Controllers.ItemController.Create (MyShop)'
2024-10-18 10:33:45.000 +02:00 [INF] Request finished HTTP/1.1 GET http://localhost:5017/Item/Create - 200 null text/html; charset=utf-8 51.5103ms
