2024-11-04 12:35:33.050 +01:00 [INF] User profile is available. Using 'C:\Users\jovan\AppData\Local\ASP.NET\DataProtection-Keys' as key repository and Windows DPAPI to encrypt keys at rest.
2024-11-04 12:35:33.182 +01:00 [INF] Now listening on: http://localhost:5017
2024-11-04 12:35:33.187 +01:00 [INF] Application started. Press Ctrl+C to shut down.
2024-11-04 12:35:33.188 +01:00 [INF] Hosting environment: Development
2024-11-04 12:35:33.188 +01:00 [INF] Content root path: C:\TestMappe\Eksamen\ITPE3200_Exam_project
2024-11-04 12:35:35.321 +01:00 [INF] Request starting HTTP/1.1 GET http://localhost:5017/ - null null
2024-11-04 12:35:35.366 +01:00 [INF] Identity.Application was not authenticated. Failure message: Unprotect ticket failed
2024-11-04 12:35:35.370 +01:00 [INF] Executing endpoint 'MyShop.Controllers.HomeController.Index (MyShop)'
2024-11-04 12:35:35.382 +01:00 [INF] Route matched with {action = "Index", controller = "Home", page = "", area = ""}. Executing controller action with signature Microsoft.AspNetCore.Mvc.IActionResult Index() on controller MyShop.Controllers.HomeController (MyShop).
2024-11-04 12:35:35.388 +01:00 [INF] Executing ViewResult, running view Index.
2024-11-04 12:35:35.464 +01:00 [INF] Executed ViewResult - view Index executed in 76.1665ms.
2024-11-04 12:35:35.466 +01:00 [INF] Executed action MyShop.Controllers.HomeController.Index (MyShop) in 83.7458ms
2024-11-04 12:35:35.466 +01:00 [INF] Executed endpoint 'MyShop.Controllers.HomeController.Index (MyShop)'
2024-11-04 12:35:35.470 +01:00 [INF] Request finished HTTP/1.1 GET http://localhost:5017/ - 200 null text/html; charset=utf-8 150.467ms
2024-11-04 12:35:37.450 +01:00 [INF] Request starting HTTP/1.1 GET http://localhost:5017/Item/Grid - null null
2024-11-04 12:35:37.452 +01:00 [INF] Identity.Application was not authenticated. Failure message: Unprotect ticket failed
2024-11-04 12:35:37.453 +01:00 [INF] Executing endpoint 'MyShop.Controllers.ItemController.Grid (MyShop)'
2024-11-04 12:35:37.460 +01:00 [INF] Route matched with {action = "Grid", controller = "Item", page = "", area = ""}. Executing controller action with signature System.Threading.Tasks.Task`1[Microsoft.AspNetCore.Mvc.IActionResult] Grid() on controller MyShop.Controllers.ItemController (MyShop).
2024-11-04 12:35:37.560 +01:00 [INF] Executing ViewResult, running view Grid.
2024-11-04 12:35:37.568 +01:00 [INF] Executed ViewResult - view Grid executed in 9.3295ms.
2024-11-04 12:35:37.568 +01:00 [INF] Executed action MyShop.Controllers.ItemController.Grid (MyShop) in 108.4403ms
2024-11-04 12:35:37.568 +01:00 [INF] Executed endpoint 'MyShop.Controllers.ItemController.Grid (MyShop)'
2024-11-04 12:35:37.572 +01:00 [INF] Request finished HTTP/1.1 GET http://localhost:5017/Item/Grid - 200 null text/html; charset=utf-8 122.5629ms
2024-11-04 12:35:39.033 +01:00 [INF] Request starting HTTP/1.1 GET http://localhost:5017/Customer/Table - null null
2024-11-04 12:35:39.037 +01:00 [INF] Identity.Application was not authenticated. Failure message: Unprotect ticket failed
2024-11-04 12:35:39.037 +01:00 [INF] Executing endpoint 'MyShop.Controllers.CustomerController.Table (MyShop)'
2024-11-04 12:35:39.040 +01:00 [INF] Route matched with {action = "Table", controller = "Customer", page = "", area = ""}. Executing controller action with signature System.Threading.Tasks.Task`1[Microsoft.AspNetCore.Mvc.IActionResult] Table() on controller MyShop.Controllers.CustomerController (MyShop).
2024-11-04 12:35:39.091 +01:00 [INF] Executing ViewResult, running view Table.
2024-11-04 12:35:39.164 +01:00 [INF] Executed ViewResult - view Table executed in 73.8855ms.
2024-11-04 12:35:39.164 +01:00 [INF] Executed action MyShop.Controllers.CustomerController.Table (MyShop) in 123.6962ms
2024-11-04 12:35:39.164 +01:00 [INF] Executed endpoint 'MyShop.Controllers.CustomerController.Table (MyShop)'
2024-11-04 12:35:39.164 +01:00 [INF] Request finished HTTP/1.1 GET http://localhost:5017/Customer/Table - 200 null text/html; charset=utf-8 131.7643ms
2024-11-04 12:35:40.597 +01:00 [INF] Request starting HTTP/1.1 GET http://localhost:5017/Identity/Account/Login - null null
2024-11-04 12:35:40.598 +01:00 [INF] Identity.Application was not authenticated. Failure message: Unprotect ticket failed
2024-11-04 12:35:40.599 +01:00 [INF] Executing endpoint '/Account/Login'
2024-11-04 12:35:40.625 +01:00 [INF] Route matched with {page = "/Account/Login", area = "Identity", action = "", controller = ""}. Executing page /Account/Login
2024-11-04 12:35:40.653 +01:00 [INF] Executing handler method MyShop.Areas.Identity.Pages.Account.LoginModel.OnGetAsync - ModelState is "Valid"
2024-11-04 12:35:40.665 +01:00 [INF] AuthenticationScheme: Identity.External signed out.
2024-11-04 12:35:40.667 +01:00 [INF] Executed handler method OnGetAsync, returned result .
2024-11-04 12:35:40.671 +01:00 [INF] Executing an implicit handler method - ModelState is "Valid"
2024-11-04 12:35:40.672 +01:00 [INF] Executed an implicit handler method, returned result Microsoft.AspNetCore.Mvc.RazorPages.PageResult.
2024-11-04 12:35:40.751 +01:00 [INF] Executed page /Account/Login in 125.6719ms
2024-11-04 12:35:40.752 +01:00 [INF] Executed endpoint '/Account/Login'
2024-11-04 12:35:40.752 +01:00 [INF] Request finished HTTP/1.1 GET http://localhost:5017/Identity/Account/Login - 200 null text/html; charset=utf-8 154.7413ms
2024-11-04 12:35:40.768 +01:00 [INF] Request starting HTTP/1.1 GET http://localhost:5017/lib/jquery-validation/dist/jquery.validate.min.js - null null
2024-11-04 12:35:40.768 +01:00 [INF] Request starting HTTP/1.1 GET http://localhost:5017/lib/jquery-validation-unobtrusive/jquery.validate.unobtrusive.min.js - null null
2024-11-04 12:35:40.770 +01:00 [INF] Identity.Application was not authenticated. Failure message: Unprotect ticket failed
2024-11-04 12:35:40.770 +01:00 [INF] Identity.Application was not authenticated. Failure message: Unprotect ticket failed
2024-11-04 12:35:40.770 +01:00 [INF] Request finished HTTP/1.1 GET http://localhost:5017/lib/jquery-validation-unobtrusive/jquery.validate.unobtrusive.min.js - 404 0 null 2.2896ms
2024-11-04 12:35:40.770 +01:00 [INF] Request finished HTTP/1.1 GET http://localhost:5017/lib/jquery-validation/dist/jquery.validate.min.js - 404 0 null 2.9172ms
2024-11-04 12:35:40.772 +01:00 [INF] Request reached the end of the middleware pipeline without being handled by application code. Request path: GET http://localhost:5017/lib/jquery-validation-unobtrusive/jquery.validate.unobtrusive.min.js, Response status code: 404
2024-11-04 12:35:40.772 +01:00 [INF] Request reached the end of the middleware pipeline without being handled by application code. Request path: GET http://localhost:5017/lib/jquery-validation/dist/jquery.validate.min.js, Response status code: 404
2024-11-04 12:35:49.741 +01:00 [INF] Request starting HTTP/1.1 GET http://localhost:5017/Identity/Account/ForgotPassword - null null
2024-11-04 12:35:49.748 +01:00 [INF] Identity.Application was not authenticated. Failure message: Unprotect ticket failed
2024-11-04 12:35:49.748 +01:00 [INF] Executing endpoint '/Account/ForgotPassword'
2024-11-04 12:35:49.754 +01:00 [INF] Route matched with {page = "/Account/ForgotPassword", area = "Identity", action = "", controller = ""}. Executing page /Account/ForgotPassword
2024-11-04 12:35:49.755 +01:00 [INF] Executing an implicit handler method - ModelState is "Valid"
2024-11-04 12:35:49.755 +01:00 [INF] Executed an implicit handler method, returned result Microsoft.AspNetCore.Mvc.RazorPages.PageResult.
2024-11-04 12:35:49.776 +01:00 [INF] Executed page /Account/ForgotPassword in 21.731ms
2024-11-04 12:35:49.776 +01:00 [INF] Executed endpoint '/Account/ForgotPassword'
2024-11-04 12:35:49.776 +01:00 [INF] Request finished HTTP/1.1 GET http://localhost:5017/Identity/Account/ForgotPassword - 200 null text/html; charset=utf-8 35.7243ms
2024-11-04 12:35:49.799 +01:00 [INF] Request starting HTTP/1.1 GET http://localhost:5017/lib/jquery-validation/dist/jquery.validate.min.js - null null
2024-11-04 12:35:49.799 +01:00 [INF] Request starting HTTP/1.1 GET http://localhost:5017/lib/jquery-validation-unobtrusive/jquery.validate.unobtrusive.min.js - null null
2024-11-04 12:35:49.800 +01:00 [INF] Identity.Application was not authenticated. Failure message: Unprotect ticket failed
2024-11-04 12:35:49.800 +01:00 [INF] Identity.Application was not authenticated. Failure message: Unprotect ticket failed
2024-11-04 12:35:49.800 +01:00 [INF] Request finished HTTP/1.1 GET http://localhost:5017/lib/jquery-validation-unobtrusive/jquery.validate.unobtrusive.min.js - 404 0 null 0.7294ms
2024-11-04 12:35:49.800 +01:00 [INF] Request reached the end of the middleware pipeline without being handled by application code. Request path: GET http://localhost:5017/lib/jquery-validation-unobtrusive/jquery.validate.unobtrusive.min.js, Response status code: 404
2024-11-04 12:35:49.800 +01:00 [INF] Request finished HTTP/1.1 GET http://localhost:5017/lib/jquery-validation/dist/jquery.validate.min.js - 404 0 null 0.9412ms
2024-11-04 12:35:49.800 +01:00 [INF] Request reached the end of the middleware pipeline without being handled by application code. Request path: GET http://localhost:5017/lib/jquery-validation/dist/jquery.validate.min.js, Response status code: 404
2024-11-04 12:35:51.733 +01:00 [INF] Request starting HTTP/1.1 GET http://localhost:5017/Identity/Account/Login - null null
2024-11-04 12:35:51.734 +01:00 [INF] Identity.Application was not authenticated. Failure message: Unprotect ticket failed
2024-11-04 12:35:51.734 +01:00 [INF] Executing endpoint '/Account/Login'
2024-11-04 12:35:51.735 +01:00 [INF] Route matched with {page = "/Account/Login", area = "Identity", action = "", controller = ""}. Executing page /Account/Login
2024-11-04 12:35:51.736 +01:00 [INF] Executing handler method MyShop.Areas.Identity.Pages.Account.LoginModel.OnGetAsync - ModelState is "Valid"
2024-11-04 12:35:51.737 +01:00 [INF] AuthenticationScheme: Identity.External signed out.
2024-11-04 12:35:51.737 +01:00 [INF] Executed handler method OnGetAsync, returned result .
2024-11-04 12:35:51.737 +01:00 [INF] Executing an implicit handler method - ModelState is "Valid"
2024-11-04 12:35:51.737 +01:00 [INF] Executed an implicit handler method, returned result Microsoft.AspNetCore.Mvc.RazorPages.PageResult.
2024-11-04 12:35:51.742 +01:00 [INF] Executed page /Account/Login in 7.0262ms
2024-11-04 12:35:51.742 +01:00 [INF] Executed endpoint '/Account/Login'
2024-11-04 12:35:51.742 +01:00 [INF] Request finished HTTP/1.1 GET http://localhost:5017/Identity/Account/Login - 200 null text/html; charset=utf-8 8.9994ms
2024-11-04 12:35:53.116 +01:00 [INF] Request starting HTTP/1.1 GET http://localhost:5017/Identity/Account/Register?returnUrl=%2F - null null
2024-11-04 12:35:53.117 +01:00 [INF] Identity.Application was not authenticated. Failure message: Unprotect ticket failed
2024-11-04 12:35:53.117 +01:00 [INF] Executing endpoint '/Account/Register'
2024-11-04 12:35:53.124 +01:00 [INF] Route matched with {page = "/Account/Register", area = "Identity", action = "", controller = ""}. Executing page /Account/Register
2024-11-04 12:35:53.137 +01:00 [INF] Executing handler method MyShop.Areas.Identity.Pages.Account.RegisterModel.OnGetAsync - ModelState is "Valid"
2024-11-04 12:35:53.138 +01:00 [INF] Executed handler method OnGetAsync, returned result .
2024-11-04 12:35:53.138 +01:00 [INF] Executing an implicit handler method - ModelState is "Valid"
2024-11-04 12:35:53.138 +01:00 [INF] Executed an implicit handler method, returned result Microsoft.AspNetCore.Mvc.RazorPages.PageResult.
2024-11-04 12:35:53.168 +01:00 [INF] Executed page /Account/Register in 44.0708ms
2024-11-04 12:35:53.169 +01:00 [INF] Executed endpoint '/Account/Register'
2024-11-04 12:35:53.169 +01:00 [INF] Request finished HTTP/1.1 GET http://localhost:5017/Identity/Account/Register?returnUrl=%2F - 200 null text/html; charset=utf-8 52.3423ms
2024-11-04 12:35:53.188 +01:00 [INF] Request starting HTTP/1.1 GET http://localhost:5017/lib/jquery-validation/dist/jquery.validate.min.js - null null
2024-11-04 12:35:53.189 +01:00 [INF] Request starting HTTP/1.1 GET http://localhost:5017/lib/jquery-validation-unobtrusive/jquery.validate.unobtrusive.min.js - null null
2024-11-04 12:35:53.189 +01:00 [INF] Identity.Application was not authenticated. Failure message: Unprotect ticket failed
2024-11-04 12:35:53.189 +01:00 [INF] Identity.Application was not authenticated. Failure message: Unprotect ticket failed
2024-11-04 12:35:53.189 +01:00 [INF] Request finished HTTP/1.1 GET http://localhost:5017/lib/jquery-validation/dist/jquery.validate.min.js - 404 0 null 0.6564ms
2024-11-04 12:35:53.189 +01:00 [INF] Request reached the end of the middleware pipeline without being handled by application code. Request path: GET http://localhost:5017/lib/jquery-validation/dist/jquery.validate.min.js, Response status code: 404
2024-11-04 12:35:53.189 +01:00 [INF] Request finished HTTP/1.1 GET http://localhost:5017/lib/jquery-validation-unobtrusive/jquery.validate.unobtrusive.min.js - 404 0 null 0.343ms
2024-11-04 12:35:53.189 +01:00 [INF] Request reached the end of the middleware pipeline without being handled by application code. Request path: GET http://localhost:5017/lib/jquery-validation-unobtrusive/jquery.validate.unobtrusive.min.js, Response status code: 404
2024-11-04 12:35:55.174 +01:00 [INF] Request starting HTTP/1.1 GET http://localhost:5017/Identity/Account/Login - null null
2024-11-04 12:35:55.174 +01:00 [INF] Identity.Application was not authenticated. Failure message: Unprotect ticket failed
2024-11-04 12:35:55.174 +01:00 [INF] Executing endpoint '/Account/Login'
2024-11-04 12:35:55.176 +01:00 [INF] Route matched with {page = "/Account/Login", area = "Identity", action = "", controller = ""}. Executing page /Account/Login
2024-11-04 12:35:55.177 +01:00 [INF] Executing handler method MyShop.Areas.Identity.Pages.Account.LoginModel.OnGetAsync - ModelState is "Valid"
2024-11-04 12:35:55.177 +01:00 [INF] AuthenticationScheme: Identity.External signed out.
2024-11-04 12:35:55.177 +01:00 [INF] Executed handler method OnGetAsync, returned result .
2024-11-04 12:35:55.177 +01:00 [INF] Executing an implicit handler method - ModelState is "Valid"
2024-11-04 12:35:55.177 +01:00 [INF] Executed an implicit handler method, returned result Microsoft.AspNetCore.Mvc.RazorPages.PageResult.
2024-11-04 12:35:55.182 +01:00 [INF] Executed page /Account/Login in 5.8184ms
2024-11-04 12:35:55.182 +01:00 [INF] Executed endpoint '/Account/Login'
2024-11-04 12:35:55.182 +01:00 [INF] Request finished HTTP/1.1 GET http://localhost:5017/Identity/Account/Login - 200 null text/html; charset=utf-8 8.2069ms
2024-11-04 12:35:56.162 +01:00 [INF] Request starting HTTP/1.1 GET http://localhost:5017/Identity/Account/ForgotPassword - null null
2024-11-04 12:35:56.163 +01:00 [INF] Identity.Application was not authenticated. Failure message: Unprotect ticket failed
2024-11-04 12:35:56.163 +01:00 [INF] Executing endpoint '/Account/ForgotPassword'
2024-11-04 12:35:56.163 +01:00 [INF] Route matched with {page = "/Account/ForgotPassword", area = "Identity", action = "", controller = ""}. Executing page /Account/ForgotPassword
2024-11-04 12:35:56.164 +01:00 [INF] Executing an implicit handler method - ModelState is "Valid"
2024-11-04 12:35:56.164 +01:00 [INF] Executed an implicit handler method, returned result Microsoft.AspNetCore.Mvc.RazorPages.PageResult.
2024-11-04 12:35:56.167 +01:00 [INF] Executed page /Account/ForgotPassword in 3.6874ms
2024-11-04 12:35:56.167 +01:00 [INF] Executed endpoint '/Account/ForgotPassword'
2024-11-04 12:35:56.167 +01:00 [INF] Request finished HTTP/1.1 GET http://localhost:5017/Identity/Account/ForgotPassword - 200 null text/html; charset=utf-8 4.8996ms
2024-11-04 12:35:56.188 +01:00 [INF] Request starting HTTP/1.1 GET http://localhost:5017/lib/jquery-validation/dist/jquery.validate.min.js - null null
2024-11-04 12:35:56.189 +01:00 [INF] Request starting HTTP/1.1 GET http://localhost:5017/lib/jquery-validation-unobtrusive/jquery.validate.unobtrusive.min.js - null null
2024-11-04 12:35:56.189 +01:00 [INF] Identity.Application was not authenticated. Failure message: Unprotect ticket failed
2024-11-04 12:35:56.189 +01:00 [INF] Identity.Application was not authenticated. Failure message: Unprotect ticket failed
2024-11-04 12:35:56.189 +01:00 [INF] Request finished HTTP/1.1 GET http://localhost:5017/lib/jquery-validation/dist/jquery.validate.min.js - 404 0 null 1.0624ms
2024-11-04 12:35:56.190 +01:00 [INF] Request reached the end of the middleware pipeline without being handled by application code. Request path: GET http://localhost:5017/lib/jquery-validation/dist/jquery.validate.min.js, Response status code: 404
2024-11-04 12:35:56.190 +01:00 [INF] Request finished HTTP/1.1 GET http://localhost:5017/lib/jquery-validation-unobtrusive/jquery.validate.unobtrusive.min.js - 404 0 null 0.8306ms
2024-11-04 12:35:56.190 +01:00 [INF] Request reached the end of the middleware pipeline without being handled by application code. Request path: GET http://localhost:5017/lib/jquery-validation-unobtrusive/jquery.validate.unobtrusive.min.js, Response status code: 404
2024-11-04 12:35:59.437 +01:00 [INF] Request starting HTTP/1.1 GET http://localhost:5017/Identity/Account/Login - null null
2024-11-04 12:35:59.438 +01:00 [INF] Identity.Application was not authenticated. Failure message: Unprotect ticket failed
2024-11-04 12:35:59.438 +01:00 [INF] Executing endpoint '/Account/Login'
2024-11-04 12:35:59.438 +01:00 [INF] Route matched with {page = "/Account/Login", area = "Identity", action = "", controller = ""}. Executing page /Account/Login
2024-11-04 12:35:59.439 +01:00 [INF] Executing handler method MyShop.Areas.Identity.Pages.Account.LoginModel.OnGetAsync - ModelState is "Valid"
2024-11-04 12:35:59.439 +01:00 [INF] AuthenticationScheme: Identity.External signed out.
2024-11-04 12:35:59.439 +01:00 [INF] Executed handler method OnGetAsync, returned result .
2024-11-04 12:35:59.439 +01:00 [INF] Executing an implicit handler method - ModelState is "Valid"
2024-11-04 12:35:59.439 +01:00 [INF] Executed an implicit handler method, returned result Microsoft.AspNetCore.Mvc.RazorPages.PageResult.
2024-11-04 12:35:59.442 +01:00 [INF] Executed page /Account/Login in 3.2231ms
2024-11-04 12:35:59.442 +01:00 [INF] Executed endpoint '/Account/Login'
2024-11-04 12:35:59.442 +01:00 [INF] Request finished HTTP/1.1 GET http://localhost:5017/Identity/Account/Login - 200 null text/html; charset=utf-8 4.7562ms
2024-11-04 12:36:00.676 +01:00 [INF] Request starting HTTP/1.1 GET http://localhost:5017/Identity/Account/ResendEmailConfirmation - null null
2024-11-04 12:36:00.676 +01:00 [INF] Identity.Application was not authenticated. Failure message: Unprotect ticket failed
2024-11-04 12:36:00.676 +01:00 [INF] Executing endpoint '/Account/ResendEmailConfirmation'
2024-11-04 12:36:00.681 +01:00 [INF] Route matched with {page = "/Account/ResendEmailConfirmation", area = "Identity", action = "", controller = ""}. Executing page /Account/ResendEmailConfirmation
2024-11-04 12:36:00.682 +01:00 [INF] Executing handler method MyShop.Areas.Identity.Pages.Account.ResendEmailConfirmationModel.OnGet - ModelState is "Valid"
2024-11-04 12:36:00.682 +01:00 [INF] Executed handler method OnGet, returned result .
2024-11-04 12:36:00.682 +01:00 [INF] Executing an implicit handler method - ModelState is "Valid"
2024-11-04 12:36:00.682 +01:00 [INF] Executed an implicit handler method, returned result Microsoft.AspNetCore.Mvc.RazorPages.PageResult.
2024-11-04 12:36:00.700 +01:00 [INF] Executed page /Account/ResendEmailConfirmation in 19.1057ms
2024-11-04 12:36:00.701 +01:00 [INF] Executed endpoint '/Account/ResendEmailConfirmation'
2024-11-04 12:36:00.701 +01:00 [INF] Request finished HTTP/1.1 GET http://localhost:5017/Identity/Account/ResendEmailConfirmation - 200 null text/html; charset=utf-8 24.798ms
2024-11-04 12:36:00.721 +01:00 [INF] Request starting HTTP/1.1 GET http://localhost:5017/lib/jquery-validation-unobtrusive/jquery.validate.unobtrusive.min.js - null null
2024-11-04 12:36:00.721 +01:00 [INF] Request starting HTTP/1.1 GET http://localhost:5017/lib/jquery-validation/dist/jquery.validate.min.js - null null
2024-11-04 12:36:00.722 +01:00 [INF] Identity.Application was not authenticated. Failure message: Unprotect ticket failed
2024-11-04 12:36:00.722 +01:00 [INF] Identity.Application was not authenticated. Failure message: Unprotect ticket failed
2024-11-04 12:36:00.722 +01:00 [INF] Request finished HTTP/1.1 GET http://localhost:5017/lib/jquery-validation/dist/jquery.validate.min.js - 404 0 null 0.7165ms
2024-11-04 12:36:00.722 +01:00 [INF] Request finished HTTP/1.1 GET http://localhost:5017/lib/jquery-validation-unobtrusive/jquery.validate.unobtrusive.min.js - 404 0 null 0.7165ms
2024-11-04 12:36:00.722 +01:00 [INF] Request reached the end of the middleware pipeline without being handled by application code. Request path: GET http://localhost:5017/lib/jquery-validation-unobtrusive/jquery.validate.unobtrusive.min.js, Response status code: 404
2024-11-04 12:36:00.722 +01:00 [INF] Request reached the end of the middleware pipeline without being handled by application code. Request path: GET http://localhost:5017/lib/jquery-validation/dist/jquery.validate.min.js, Response status code: 404
2024-11-04 12:36:02.254 +01:00 [INF] Request starting HTTP/1.1 GET http://localhost:5017/Identity/Account/Login - null null
2024-11-04 12:36:02.255 +01:00 [INF] Identity.Application was not authenticated. Failure message: Unprotect ticket failed
2024-11-04 12:36:02.255 +01:00 [INF] Executing endpoint '/Account/Login'
2024-11-04 12:36:02.255 +01:00 [INF] Route matched with {page = "/Account/Login", area = "Identity", action = "", controller = ""}. Executing page /Account/Login
2024-11-04 12:36:02.255 +01:00 [INF] Executing handler method MyShop.Areas.Identity.Pages.Account.LoginModel.OnGetAsync - ModelState is "Valid"
2024-11-04 12:36:02.256 +01:00 [INF] AuthenticationScheme: Identity.External signed out.
2024-11-04 12:36:02.256 +01:00 [INF] Executed handler method OnGetAsync, returned result .
2024-11-04 12:36:02.256 +01:00 [INF] Executing an implicit handler method - ModelState is "Valid"
2024-11-04 12:36:02.256 +01:00 [INF] Executed an implicit handler method, returned result Microsoft.AspNetCore.Mvc.RazorPages.PageResult.
2024-11-04 12:36:02.258 +01:00 [INF] Executed page /Account/Login in 2.7439ms
2024-11-04 12:36:02.258 +01:00 [INF] Executed endpoint '/Account/Login'
2024-11-04 12:36:02.258 +01:00 [INF] Request finished HTTP/1.1 GET http://localhost:5017/Identity/Account/Login - 200 null text/html; charset=utf-8 3.8532ms
2024-11-04 12:36:06.870 +01:00 [INF] Request starting HTTP/1.1 GET http://localhost:5017/Identity/Account/Register?returnUrl=%2F - null null
2024-11-04 12:36:06.871 +01:00 [INF] Identity.Application was not authenticated. Failure message: Unprotect ticket failed
2024-11-04 12:36:06.871 +01:00 [INF] Executing endpoint '/Account/Register'
2024-11-04 12:36:06.871 +01:00 [INF] Route matched with {page = "/Account/Register", area = "Identity", action = "", controller = ""}. Executing page /Account/Register
2024-11-04 12:36:06.872 +01:00 [INF] Executing handler method MyShop.Areas.Identity.Pages.Account.RegisterModel.OnGetAsync - ModelState is "Valid"
2024-11-04 12:36:06.872 +01:00 [INF] Executed handler method OnGetAsync, returned result .
2024-11-04 12:36:06.872 +01:00 [INF] Executing an implicit handler method - ModelState is "Valid"
2024-11-04 12:36:06.872 +01:00 [INF] Executed an implicit handler method, returned result Microsoft.AspNetCore.Mvc.RazorPages.PageResult.
2024-11-04 12:36:06.876 +01:00 [INF] Executed page /Account/Register in 4.9587ms
2024-11-04 12:36:06.876 +01:00 [INF] Executed endpoint '/Account/Register'
2024-11-04 12:36:06.876 +01:00 [INF] Request finished HTTP/1.1 GET http://localhost:5017/Identity/Account/Register?returnUrl=%2F - 200 null text/html; charset=utf-8 6.0118ms
2024-11-04 12:36:06.897 +01:00 [INF] Request starting HTTP/1.1 GET http://localhost:5017/lib/jquery-validation/dist/jquery.validate.min.js - null null
2024-11-04 12:36:06.897 +01:00 [INF] Request starting HTTP/1.1 GET http://localhost:5017/lib/jquery-validation-unobtrusive/jquery.validate.unobtrusive.min.js - null null
2024-11-04 12:36:06.898 +01:00 [INF] Identity.Application was not authenticated. Failure message: Unprotect ticket failed
2024-11-04 12:36:06.898 +01:00 [INF] Identity.Application was not authenticated. Failure message: Unprotect ticket failed
2024-11-04 12:36:06.898 +01:00 [INF] Request finished HTTP/1.1 GET http://localhost:5017/lib/jquery-validation/dist/jquery.validate.min.js - 404 0 null 1.0353ms
2024-11-04 12:36:06.898 +01:00 [INF] Request reached the end of the middleware pipeline without being handled by application code. Request path: GET http://localhost:5017/lib/jquery-validation/dist/jquery.validate.min.js, Response status code: 404
2024-11-04 12:36:06.898 +01:00 [INF] Request finished HTTP/1.1 GET http://localhost:5017/lib/jquery-validation-unobtrusive/jquery.validate.unobtrusive.min.js - 404 0 null 0.9156ms
2024-11-04 12:36:06.898 +01:00 [INF] Request reached the end of the middleware pipeline without being handled by application code. Request path: GET http://localhost:5017/lib/jquery-validation-unobtrusive/jquery.validate.unobtrusive.min.js, Response status code: 404
2024-11-04 12:36:10.261 +01:00 [INF] Request starting HTTP/1.1 GET http://localhost:5017/Identity/Account/Login - null null
2024-11-04 12:36:10.261 +01:00 [INF] Identity.Application was not authenticated. Failure message: Unprotect ticket failed
2024-11-04 12:36:10.261 +01:00 [INF] Executing endpoint '/Account/Login'
2024-11-04 12:36:10.261 +01:00 [INF] Route matched with {page = "/Account/Login", area = "Identity", action = "", controller = ""}. Executing page /Account/Login
2024-11-04 12:36:10.262 +01:00 [INF] Executing handler method MyShop.Areas.Identity.Pages.Account.LoginModel.OnGetAsync - ModelState is "Valid"
2024-11-04 12:36:10.262 +01:00 [INF] AuthenticationScheme: Identity.External signed out.
2024-11-04 12:36:10.262 +01:00 [INF] Executed handler method OnGetAsync, returned result .
2024-11-04 12:36:10.262 +01:00 [INF] Executing an implicit handler method - ModelState is "Valid"
2024-11-04 12:36:10.262 +01:00 [INF] Executed an implicit handler method, returned result Microsoft.AspNetCore.Mvc.RazorPages.PageResult.
2024-11-04 12:36:10.265 +01:00 [INF] Executed page /Account/Login in 3.3539ms
2024-11-04 12:36:10.265 +01:00 [INF] Executed endpoint '/Account/Login'
2024-11-04 12:36:10.265 +01:00 [INF] Request finished HTTP/1.1 GET http://localhost:5017/Identity/Account/Login - 200 null text/html; charset=utf-8 4.5428ms
2024-11-04 12:36:12.332 +01:00 [INF] Request starting HTTP/1.1 GET http://localhost:5017/Item/Grid - null null
2024-11-04 12:36:12.335 +01:00 [INF] Identity.Application was not authenticated. Failure message: Unprotect ticket failed
2024-11-04 12:36:12.335 +01:00 [INF] Executing endpoint 'MyShop.Controllers.ItemController.Grid (MyShop)'
2024-11-04 12:36:12.335 +01:00 [INF] Route matched with {action = "Grid", controller = "Item", page = "", area = ""}. Executing controller action with signature System.Threading.Tasks.Task`1[Microsoft.AspNetCore.Mvc.IActionResult] Grid() on controller MyShop.Controllers.ItemController (MyShop).
2024-11-04 12:36:12.339 +01:00 [INF] Executing ViewResult, running view Grid.
2024-11-04 12:36:12.341 +01:00 [INF] Executed ViewResult - view Grid executed in 2.2931ms.
2024-11-04 12:36:12.341 +01:00 [INF] Executed action MyShop.Controllers.ItemController.Grid (MyShop) in 5.8601ms
2024-11-04 12:36:12.341 +01:00 [INF] Executed endpoint 'MyShop.Controllers.ItemController.Grid (MyShop)'
2024-11-04 12:36:12.341 +01:00 [INF] Request finished HTTP/1.1 GET http://localhost:5017/Item/Grid - 200 null text/html; charset=utf-8 9.45ms
2024-11-04 12:36:14.800 +01:00 [INF] Request starting HTTP/1.1 GET http://localhost:5017/ - null null
2024-11-04 12:36:14.800 +01:00 [INF] Identity.Application was not authenticated. Failure message: Unprotect ticket failed
2024-11-04 12:36:14.800 +01:00 [INF] Executing endpoint 'MyShop.Controllers.HomeController.Index (MyShop)'
2024-11-04 12:36:14.801 +01:00 [INF] Route matched with {action = "Index", controller = "Home", page = "", area = ""}. Executing controller action with signature Microsoft.AspNetCore.Mvc.IActionResult Index() on controller MyShop.Controllers.HomeController (MyShop).
2024-11-04 12:36:14.801 +01:00 [INF] Executing ViewResult, running view Index.
2024-11-04 12:36:14.803 +01:00 [INF] Executed ViewResult - view Index executed in 1.7362ms.
2024-11-04 12:36:14.803 +01:00 [INF] Executed action MyShop.Controllers.HomeController.Index (MyShop) in 2.0657ms
2024-11-04 12:36:14.803 +01:00 [INF] Executed endpoint 'MyShop.Controllers.HomeController.Index (MyShop)'
2024-11-04 12:36:14.803 +01:00 [INF] Request finished HTTP/1.1 GET http://localhost:5017/ - 200 null text/html; charset=utf-8 3.3725ms
2024-11-04 12:36:17.516 +01:00 [INF] Request starting HTTP/1.1 GET http://localhost:5017/ - null null
2024-11-04 12:36:17.517 +01:00 [INF] Identity.Application was not authenticated. Failure message: Unprotect ticket failed
2024-11-04 12:36:17.517 +01:00 [INF] Executing endpoint 'MyShop.Controllers.HomeController.Index (MyShop)'
2024-11-04 12:36:17.517 +01:00 [INF] Route matched with {action = "Index", controller = "Home", page = "", area = ""}. Executing controller action with signature Microsoft.AspNetCore.Mvc.IActionResult Index() on controller MyShop.Controllers.HomeController (MyShop).
2024-11-04 12:36:17.517 +01:00 [INF] Executing ViewResult, running view Index.
2024-11-04 12:36:17.519 +01:00 [INF] Executed ViewResult - view Index executed in 1.9766ms.
2024-11-04 12:36:17.519 +01:00 [INF] Executed action MyShop.Controllers.HomeController.Index (MyShop) in 2.1901ms
2024-11-04 12:36:17.519 +01:00 [INF] Executed endpoint 'MyShop.Controllers.HomeController.Index (MyShop)'
2024-11-04 12:36:17.520 +01:00 [INF] Request finished HTTP/1.1 GET http://localhost:5017/ - 200 null text/html; charset=utf-8 3.49ms
2024-11-04 12:36:19.452 +01:00 [INF] Request starting HTTP/1.1 GET http://localhost:5017/Item/Grid - null null
2024-11-04 12:36:19.453 +01:00 [INF] Identity.Application was not authenticated. Failure message: Unprotect ticket failed
2024-11-04 12:36:19.453 +01:00 [INF] Executing endpoint 'MyShop.Controllers.ItemController.Grid (MyShop)'
2024-11-04 12:36:19.453 +01:00 [INF] Route matched with {action = "Grid", controller = "Item", page = "", area = ""}. Executing controller action with signature System.Threading.Tasks.Task`1[Microsoft.AspNetCore.Mvc.IActionResult] Grid() on controller MyShop.Controllers.ItemController (MyShop).
2024-11-04 12:36:19.458 +01:00 [INF] Executing ViewResult, running view Grid.
2024-11-04 12:36:19.460 +01:00 [INF] Executed ViewResult - view Grid executed in 1.2707ms.
2024-11-04 12:36:19.460 +01:00 [INF] Executed action MyShop.Controllers.ItemController.Grid (MyShop) in 6.7511ms
2024-11-04 12:36:19.460 +01:00 [INF] Executed endpoint 'MyShop.Controllers.ItemController.Grid (MyShop)'
2024-11-04 12:36:19.460 +01:00 [INF] Request finished HTTP/1.1 GET http://localhost:5017/Item/Grid - 200 null text/html; charset=utf-8 7.5759ms
2024-11-04 12:36:21.786 +01:00 [INF] Request starting HTTP/1.1 GET http://localhost:5017/Customer/Table - null null
2024-11-04 12:36:21.787 +01:00 [INF] Identity.Application was not authenticated. Failure message: Unprotect ticket failed
2024-11-04 12:36:21.787 +01:00 [INF] Executing endpoint 'MyShop.Controllers.CustomerController.Table (MyShop)'
2024-11-04 12:36:21.787 +01:00 [INF] Route matched with {action = "Table", controller = "Customer", page = "", area = ""}. Executing controller action with signature System.Threading.Tasks.Task`1[Microsoft.AspNetCore.Mvc.IActionResult] Table() on controller MyShop.Controllers.CustomerController (MyShop).
2024-11-04 12:36:21.790 +01:00 [INF] Executing ViewResult, running view Table.
2024-11-04 12:36:21.797 +01:00 [INF] Executed ViewResult - view Table executed in 7.3101ms.
2024-11-04 12:36:21.798 +01:00 [INF] Executed action MyShop.Controllers.CustomerController.Table (MyShop) in 10.6114ms
2024-11-04 12:36:21.798 +01:00 [INF] Executed endpoint 'MyShop.Controllers.CustomerController.Table (MyShop)'
2024-11-04 12:36:21.798 +01:00 [INF] Request finished HTTP/1.1 GET http://localhost:5017/Customer/Table - 200 null text/html; charset=utf-8 11.9699ms
2024-11-04 12:36:24.111 +01:00 [INF] Request starting HTTP/1.1 GET http://localhost:5017/Identity/Account/Login - null null
2024-11-04 12:36:24.112 +01:00 [INF] Identity.Application was not authenticated. Failure message: Unprotect ticket failed
2024-11-04 12:36:24.112 +01:00 [INF] Executing endpoint '/Account/Login'
2024-11-04 12:36:24.112 +01:00 [INF] Route matched with {page = "/Account/Login", area = "Identity", action = "", controller = ""}. Executing page /Account/Login
2024-11-04 12:36:24.113 +01:00 [INF] Executing handler method MyShop.Areas.Identity.Pages.Account.LoginModel.OnGetAsync - ModelState is "Valid"
2024-11-04 12:36:24.113 +01:00 [INF] AuthenticationScheme: Identity.External signed out.
2024-11-04 12:36:24.114 +01:00 [INF] Executed handler method OnGetAsync, returned result .
2024-11-04 12:36:24.114 +01:00 [INF] Executing an implicit handler method - ModelState is "Valid"
2024-11-04 12:36:24.114 +01:00 [INF] Executed an implicit handler method, returned result Microsoft.AspNetCore.Mvc.RazorPages.PageResult.
2024-11-04 12:36:24.116 +01:00 [INF] Executed page /Account/Login in 3.8613ms
2024-11-04 12:36:24.116 +01:00 [INF] Executed endpoint '/Account/Login'
2024-11-04 12:36:24.116 +01:00 [INF] Request finished HTTP/1.1 GET http://localhost:5017/Identity/Account/Login - 200 null text/html; charset=utf-8 5.0561ms
2024-11-04 12:36:24.140 +01:00 [INF] Request starting HTTP/1.1 GET http://localhost:5017/lib/jquery-validation/dist/jquery.validate.min.js - null null
2024-11-04 12:36:24.142 +01:00 [INF] Identity.Application was not authenticated. Failure message: Unprotect ticket failed
2024-11-04 12:36:24.142 +01:00 [INF] Request finished HTTP/1.1 GET http://localhost:5017/lib/jquery-validation/dist/jquery.validate.min.js - 404 0 null 1.38ms
2024-11-04 12:36:24.142 +01:00 [INF] Request reached the end of the middleware pipeline without being handled by application code. Request path: GET http://localhost:5017/lib/jquery-validation/dist/jquery.validate.min.js, Response status code: 404
2024-11-04 12:36:24.145 +01:00 [INF] Request starting HTTP/1.1 GET http://localhost:5017/lib/jquery-validation-unobtrusive/jquery.validate.unobtrusive.min.js - null null
2024-11-04 12:36:24.146 +01:00 [INF] Identity.Application was not authenticated. Failure message: Unprotect ticket failed
2024-11-04 12:36:24.146 +01:00 [INF] Request finished HTTP/1.1 GET http://localhost:5017/lib/jquery-validation-unobtrusive/jquery.validate.unobtrusive.min.js - 404 0 null 0.933ms
2024-11-04 12:36:24.146 +01:00 [INF] Request reached the end of the middleware pipeline without being handled by application code. Request path: GET http://localhost:5017/lib/jquery-validation-unobtrusive/jquery.validate.unobtrusive.min.js, Response status code: 404
2024-11-04 12:37:47.901 +01:00 [INF] Request starting HTTP/1.1 GET http://localhost:5017/Identity/Account/Register - null null
2024-11-04 12:37:47.902 +01:00 [INF] Identity.Application was not authenticated. Failure message: Unprotect ticket failed
2024-11-04 12:37:47.902 +01:00 [INF] Executing endpoint '/Account/Register'
2024-11-04 12:37:47.902 +01:00 [INF] Route matched with {page = "/Account/Register", area = "Identity", action = "", controller = ""}. Executing page /Account/Register
2024-11-04 12:37:47.903 +01:00 [INF] Executing handler method MyShop.Areas.Identity.Pages.Account.RegisterModel.OnGetAsync - ModelState is "Valid"
2024-11-04 12:37:47.903 +01:00 [INF] Executed handler method OnGetAsync, returned result .
2024-11-04 12:37:47.903 +01:00 [INF] Executing an implicit handler method - ModelState is "Valid"
2024-11-04 12:37:47.903 +01:00 [INF] Executed an implicit handler method, returned result Microsoft.AspNetCore.Mvc.RazorPages.PageResult.
2024-11-04 12:37:47.907 +01:00 [INF] Executed page /Account/Register in 4.6689ms
2024-11-04 12:37:47.907 +01:00 [INF] Executed endpoint '/Account/Register'
2024-11-04 12:37:47.907 +01:00 [INF] Request finished HTTP/1.1 GET http://localhost:5017/Identity/Account/Register - 200 null text/html; charset=utf-8 6.0511ms
2024-11-04 12:37:47.933 +01:00 [INF] Request starting HTTP/1.1 GET http://localhost:5017/lib/jquery-validation/dist/jquery.validate.min.js - null null
2024-11-04 12:37:47.934 +01:00 [INF] Request starting HTTP/1.1 GET http://localhost:5017/lib/jquery-validation-unobtrusive/jquery.validate.unobtrusive.min.js - null null
2024-11-04 12:37:47.935 +01:00 [INF] Identity.Application was not authenticated. Failure message: Unprotect ticket failed
2024-11-04 12:37:47.935 +01:00 [INF] Request finished HTTP/1.1 GET http://localhost:5017/lib/jquery-validation/dist/jquery.validate.min.js - 404 0 null 1.4154ms
2024-11-04 12:37:47.935 +01:00 [INF] Identity.Application was not authenticated. Failure message: Unprotect ticket failed
2024-11-04 12:37:47.935 +01:00 [INF] Request reached the end of the middleware pipeline without being handled by application code. Request path: GET http://localhost:5017/lib/jquery-validation/dist/jquery.validate.min.js, Response status code: 404
2024-11-04 12:37:47.935 +01:00 [INF] Request finished HTTP/1.1 GET http://localhost:5017/lib/jquery-validation-unobtrusive/jquery.validate.unobtrusive.min.js - 404 0 null 0.5933ms
2024-11-04 12:37:47.935 +01:00 [INF] Request reached the end of the middleware pipeline without being handled by application code. Request path: GET http://localhost:5017/lib/jquery-validation-unobtrusive/jquery.validate.unobtrusive.min.js, Response status code: 404
2024-11-04 12:37:53.190 +01:00 [INF] Request starting HTTP/1.1 GET http://localhost:5017/Identity/Account/Login - null null
2024-11-04 12:37:53.190 +01:00 [INF] Identity.Application was not authenticated. Failure message: Unprotect ticket failed
2024-11-04 12:37:53.190 +01:00 [INF] Executing endpoint '/Account/Login'
2024-11-04 12:37:53.191 +01:00 [INF] Route matched with {page = "/Account/Login", area = "Identity", action = "", controller = ""}. Executing page /Account/Login
2024-11-04 12:37:53.191 +01:00 [INF] Executing handler method MyShop.Areas.Identity.Pages.Account.LoginModel.OnGetAsync - ModelState is "Valid"
2024-11-04 12:37:53.192 +01:00 [INF] AuthenticationScheme: Identity.External signed out.
2024-11-04 12:37:53.192 +01:00 [INF] Executed handler method OnGetAsync, returned result .
2024-11-04 12:37:53.192 +01:00 [INF] Executing an implicit handler method - ModelState is "Valid"
2024-11-04 12:37:53.192 +01:00 [INF] Executed an implicit handler method, returned result Microsoft.AspNetCore.Mvc.RazorPages.PageResult.
2024-11-04 12:37:53.194 +01:00 [INF] Executed page /Account/Login in 3.1009ms
2024-11-04 12:37:53.194 +01:00 [INF] Executed endpoint '/Account/Login'
2024-11-04 12:37:53.194 +01:00 [INF] Request finished HTTP/1.1 GET http://localhost:5017/Identity/Account/Login - 200 null text/html; charset=utf-8 4.1321ms
2024-11-04 12:37:53.217 +01:00 [INF] Request starting HTTP/1.1 GET http://localhost:5017/lib/jquery-validation/dist/jquery.validate.min.js - null null
2024-11-04 12:37:53.218 +01:00 [INF] Identity.Application was not authenticated. Failure message: Unprotect ticket failed
2024-11-04 12:37:53.218 +01:00 [INF] Request starting HTTP/1.1 GET http://localhost:5017/lib/jquery-validation-unobtrusive/jquery.validate.unobtrusive.min.js - null null
2024-11-04 12:37:53.218 +01:00 [INF] Request finished HTTP/1.1 GET http://localhost:5017/lib/jquery-validation/dist/jquery.validate.min.js - 404 0 null 0.7576ms
2024-11-04 12:37:53.218 +01:00 [INF] Request reached the end of the middleware pipeline without being handled by application code. Request path: GET http://localhost:5017/lib/jquery-validation/dist/jquery.validate.min.js, Response status code: 404
2024-11-04 12:37:53.219 +01:00 [INF] Identity.Application was not authenticated. Failure message: Unprotect ticket failed
2024-11-04 12:37:53.219 +01:00 [INF] Request finished HTTP/1.1 GET http://localhost:5017/lib/jquery-validation-unobtrusive/jquery.validate.unobtrusive.min.js - 404 0 null 0.7856ms
2024-11-04 12:37:53.219 +01:00 [INF] Request reached the end of the middleware pipeline without being handled by application code. Request path: GET http://localhost:5017/lib/jquery-validation-unobtrusive/jquery.validate.unobtrusive.min.js, Response status code: 404
2024-11-04 12:38:00.952 +01:00 [INF] Request starting HTTP/1.1 GET http://localhost:5017/Identity/Account/ResendEmailConfirmation - null null
2024-11-04 12:38:00.953 +01:00 [INF] Identity.Application was not authenticated. Failure message: Unprotect ticket failed
2024-11-04 12:38:00.955 +01:00 [INF] Executing endpoint '/Account/ResendEmailConfirmation'
2024-11-04 12:38:00.955 +01:00 [INF] Route matched with {page = "/Account/ResendEmailConfirmation", area = "Identity", action = "", controller = ""}. Executing page /Account/ResendEmailConfirmation
2024-11-04 12:38:00.956 +01:00 [INF] Executing handler method MyShop.Areas.Identity.Pages.Account.ResendEmailConfirmationModel.OnGet - ModelState is "Valid"
2024-11-04 12:38:00.956 +01:00 [INF] Executed handler method OnGet, returned result .
2024-11-04 12:38:00.956 +01:00 [INF] Executing an implicit handler method - ModelState is "Valid"
2024-11-04 12:38:00.956 +01:00 [INF] Executed an implicit handler method, returned result Microsoft.AspNetCore.Mvc.RazorPages.PageResult.
2024-11-04 12:38:00.958 +01:00 [INF] Executed page /Account/ResendEmailConfirmation in 3.4437ms
2024-11-04 12:38:00.959 +01:00 [INF] Executed endpoint '/Account/ResendEmailConfirmation'
2024-11-04 12:38:00.959 +01:00 [INF] Request finished HTTP/1.1 GET http://localhost:5017/Identity/Account/ResendEmailConfirmation - 200 null text/html; charset=utf-8 6.254ms
2024-11-04 12:38:00.978 +01:00 [INF] Request starting HTTP/1.1 GET http://localhost:5017/lib/jquery-validation/dist/jquery.validate.min.js - null null
2024-11-04 12:38:00.979 +01:00 [INF] Identity.Application was not authenticated. Failure message: Unprotect ticket failed
2024-11-04 12:38:00.979 +01:00 [INF] Request starting HTTP/1.1 GET http://localhost:5017/lib/jquery-validation-unobtrusive/jquery.validate.unobtrusive.min.js - null null
2024-11-04 12:38:00.979 +01:00 [INF] Request finished HTTP/1.1 GET http://localhost:5017/lib/jquery-validation/dist/jquery.validate.min.js - 404 0 null 0.8742ms
2024-11-04 12:38:00.979 +01:00 [INF] Request reached the end of the middleware pipeline without being handled by application code. Request path: GET http://localhost:5017/lib/jquery-validation/dist/jquery.validate.min.js, Response status code: 404
2024-11-04 12:38:00.979 +01:00 [INF] Identity.Application was not authenticated. Failure message: Unprotect ticket failed
2024-11-04 12:38:00.979 +01:00 [INF] Request finished HTTP/1.1 GET http://localhost:5017/lib/jquery-validation-unobtrusive/jquery.validate.unobtrusive.min.js - 404 0 null 0.4408ms
2024-11-04 12:38:00.979 +01:00 [INF] Request reached the end of the middleware pipeline without being handled by application code. Request path: GET http://localhost:5017/lib/jquery-validation-unobtrusive/jquery.validate.unobtrusive.min.js, Response status code: 404
2024-11-04 12:38:07.290 +01:00 [INF] Request starting HTTP/1.1 GET http://localhost:5017/Identity/Account/Login - null null
2024-11-04 12:38:07.290 +01:00 [INF] Identity.Application was not authenticated. Failure message: Unprotect ticket failed
2024-11-04 12:38:07.290 +01:00 [INF] Executing endpoint '/Account/Login'
2024-11-04 12:38:07.291 +01:00 [INF] Route matched with {page = "/Account/Login", area = "Identity", action = "", controller = ""}. Executing page /Account/Login
2024-11-04 12:38:07.292 +01:00 [INF] Executing handler method MyShop.Areas.Identity.Pages.Account.LoginModel.OnGetAsync - ModelState is "Valid"
2024-11-04 12:38:07.292 +01:00 [INF] AuthenticationScheme: Identity.External signed out.
2024-11-04 12:38:07.292 +01:00 [INF] Executed handler method OnGetAsync, returned result .
2024-11-04 12:38:07.292 +01:00 [INF] Executing an implicit handler method - ModelState is "Valid"
2024-11-04 12:38:07.292 +01:00 [INF] Executed an implicit handler method, returned result Microsoft.AspNetCore.Mvc.RazorPages.PageResult.
2024-11-04 12:38:07.295 +01:00 [INF] Executed page /Account/Login in 4.0612ms
2024-11-04 12:38:07.295 +01:00 [INF] Executed endpoint '/Account/Login'
2024-11-04 12:38:07.295 +01:00 [INF] Request finished HTTP/1.1 GET http://localhost:5017/Identity/Account/Login - 200 null text/html; charset=utf-8 5.2495ms
