2024-10-22 16:01:01.281 +02:00 [INF] User profile is available. Using 'C:\Users\Hadle\AppData\Local\ASP.NET\DataProtection-Keys' as key repository and Windows DPAPI to encrypt keys at rest.
2024-10-22 16:01:01.492 +02:00 [INF] Now listening on: http://localhost:5017
2024-10-22 16:01:01.498 +02:00 [INF] Application started. Press Ctrl+C to shut down.
2024-10-22 16:01:01.499 +02:00 [INF] Hosting environment: Development
2024-10-22 16:01:01.500 +02:00 [INF] Content root path: C:\ITPE3200\ITPE3200_Exam_project-main\ITPE3200_Exam_project-main\ITPE3200_Exam_project
2024-10-22 16:01:03.087 +02:00 [INF] Request starting HTTP/1.1 GET http://localhost:5017/ - null null
2024-10-22 16:01:03.139 +02:00 [INF] Executing endpoint 'MyShop.Controllers.HomeController.Index (MyShop)'
2024-10-22 16:01:03.151 +02:00 [INF] Route matched with {action = "Index", controller = "Home", page = "", area = ""}. Executing controller action with signature Microsoft.AspNetCore.Mvc.IActionResult Index() on controller MyShop.Controllers.HomeController (MyShop).
2024-10-22 16:01:03.160 +02:00 [INF] Executing ViewResult, running view Index.
2024-10-22 16:01:03.248 +02:00 [INF] Executed ViewResult - view Index executed in 89.9473ms.
2024-10-22 16:01:03.250 +02:00 [INF] Executed action MyShop.Controllers.HomeController.Index (MyShop) in 98.9013ms
2024-10-22 16:01:03.251 +02:00 [INF] Executed endpoint 'MyShop.Controllers.HomeController.Index (MyShop)'
2024-10-22 16:01:03.254 +02:00 [INF] Request finished HTTP/1.1 GET http://localhost:5017/ - 200 null text/html; charset=utf-8 169.4435ms
2024-10-22 16:01:04.127 +02:00 [INF] Request starting HTTP/1.1 GET http://localhost:5017/Item/Grid - null null
2024-10-22 16:01:04.130 +02:00 [INF] Executing endpoint 'MyShop.Controllers.ItemController.Grid (MyShop)'
2024-10-22 16:01:04.136 +02:00 [INF] Route matched with {action = "Grid", controller = "Item", page = "", area = ""}. Executing controller action with signature System.Threading.Tasks.Task`1[Microsoft.AspNetCore.Mvc.IActionResult] Grid() on controller MyShop.Controllers.ItemController (MyShop).
2024-10-22 16:01:04.277 +02:00 [INF] Executing ViewResult, running view Grid.
2024-10-22 16:01:04.288 +02:00 [INF] Executed ViewResult - view Grid executed in 11.7259ms.
2024-10-22 16:01:04.288 +02:00 [INF] Executed action MyShop.Controllers.ItemController.Grid (MyShop) in 151.9508ms
2024-10-22 16:01:04.288 +02:00 [INF] Executed endpoint 'MyShop.Controllers.ItemController.Grid (MyShop)'
2024-10-22 16:01:04.293 +02:00 [INF] Request finished HTTP/1.1 GET http://localhost:5017/Item/Grid - 200 null text/html; charset=utf-8 165.7813ms
2024-10-22 16:01:05.306 +02:00 [INF] Request starting HTTP/1.1 GET http://localhost:5017/Item/Table - null null
2024-10-22 16:01:05.311 +02:00 [INF] Executing endpoint 'MyShop.Controllers.ItemController.Table (MyShop)'
2024-10-22 16:01:05.315 +02:00 [INF] Route matched with {action = "Table", controller = "Item", page = "", area = ""}. Executing controller action with signature System.Threading.Tasks.Task`1[Microsoft.AspNetCore.Mvc.IActionResult] Table() on controller MyShop.Controllers.ItemController (MyShop).
2024-10-22 16:01:05.374 +02:00 [INF] Executing ViewResult, running view Table.
2024-10-22 16:01:05.397 +02:00 [INF] Executed ViewResult - view Table executed in 23.4451ms.
2024-10-22 16:01:05.397 +02:00 [INF] Executed action MyShop.Controllers.ItemController.Table (MyShop) in 82.1566ms
2024-10-22 16:01:05.397 +02:00 [INF] Executed endpoint 'MyShop.Controllers.ItemController.Table (MyShop)'
2024-10-22 16:01:05.397 +02:00 [INF] Request finished HTTP/1.1 GET http://localhost:5017/Item/Table - 200 null text/html; charset=utf-8 91.5918ms
2024-10-22 16:01:06.162 +02:00 [INF] Request starting HTTP/1.1 GET http://localhost:5017/Item/Grid - null null
2024-10-22 16:01:06.162 +02:00 [INF] Executing endpoint 'MyShop.Controllers.ItemController.Grid (MyShop)'
2024-10-22 16:01:06.163 +02:00 [INF] Route matched with {action = "Grid", controller = "Item", page = "", area = ""}. Executing controller action with signature System.Threading.Tasks.Task`1[Microsoft.AspNetCore.Mvc.IActionResult] Grid() on controller MyShop.Controllers.ItemController (MyShop).
2024-10-22 16:01:06.167 +02:00 [INF] Executing ViewResult, running view Grid.
2024-10-22 16:01:06.169 +02:00 [INF] Executed ViewResult - view Grid executed in 2.3676ms.
2024-10-22 16:01:06.169 +02:00 [INF] Executed action MyShop.Controllers.ItemController.Grid (MyShop) in 6.3758ms
2024-10-22 16:01:06.169 +02:00 [INF] Executed endpoint 'MyShop.Controllers.ItemController.Grid (MyShop)'
2024-10-22 16:01:06.170 +02:00 [INF] Request finished HTTP/1.1 GET http://localhost:5017/Item/Grid - 200 null text/html; charset=utf-8 7.7857ms
2024-10-22 16:32:49.376 +02:00 [INF] Request starting HTTP/1.1 GET http://localhost:5017/ - null null
2024-10-22 16:32:49.377 +02:00 [INF] Executing endpoint 'MyShop.Controllers.HomeController.Index (MyShop)'
2024-10-22 16:32:49.377 +02:00 [INF] Route matched with {action = "Index", controller = "Home", page = "", area = ""}. Executing controller action with signature Microsoft.AspNetCore.Mvc.IActionResult Index() on controller MyShop.Controllers.HomeController (MyShop).
2024-10-22 16:32:49.379 +02:00 [INF] Executing ViewResult, running view Index.
2024-10-22 16:32:49.381 +02:00 [INF] Executed ViewResult - view Index executed in 3.6572ms.
2024-10-22 16:32:49.381 +02:00 [INF] Executed action MyShop.Controllers.HomeController.Index (MyShop) in 3.9468ms
2024-10-22 16:32:49.381 +02:00 [INF] Executed endpoint 'MyShop.Controllers.HomeController.Index (MyShop)'
2024-10-22 16:32:49.381 +02:00 [INF] Request finished HTTP/1.1 GET http://localhost:5017/ - 200 null text/html; charset=utf-8 4.9705ms
2024-10-22 16:32:49.427 +02:00 [INF] Request starting HTTP/1.1 GET http://localhost:5017/images/logo.png - null null
2024-10-22 16:32:49.434 +02:00 [INF] The file /images/logo.png was not modified
2024-10-22 16:32:49.435 +02:00 [INF] Request finished HTTP/1.1 GET http://localhost:5017/images/logo.png - 304 null image/png 7.4447ms
2024-10-22 16:32:50.999 +02:00 [INF] Request starting HTTP/1.1 GET http://localhost:5017/Item/Grid - null null
2024-10-22 16:32:50.999 +02:00 [INF] Executing endpoint 'MyShop.Controllers.ItemController.Grid (MyShop)'
2024-10-22 16:32:51.000 +02:00 [INF] Route matched with {action = "Grid", controller = "Item", page = "", area = ""}. Executing controller action with signature System.Threading.Tasks.Task`1[Microsoft.AspNetCore.Mvc.IActionResult] Grid() on controller MyShop.Controllers.ItemController (MyShop).
2024-10-22 16:32:51.006 +02:00 [INF] Executing ViewResult, running view Grid.
2024-10-22 16:32:51.007 +02:00 [INF] Executed ViewResult - view Grid executed in 2.3886ms.
2024-10-22 16:32:51.007 +02:00 [INF] Executed action MyShop.Controllers.ItemController.Grid (MyShop) in 7.8131ms
2024-10-22 16:32:51.008 +02:00 [INF] Executed endpoint 'MyShop.Controllers.ItemController.Grid (MyShop)'
2024-10-22 16:32:51.008 +02:00 [INF] Request finished HTTP/1.1 GET http://localhost:5017/Item/Grid - 200 null text/html; charset=utf-8 8.8389ms
2024-10-22 16:32:51.048 +02:00 [INF] Request starting HTTP/1.1 GET http://localhost:5017/images/table.png - null null
2024-10-22 16:32:51.049 +02:00 [INF] The file /images/table.png was not modified
2024-10-22 16:32:51.049 +02:00 [INF] Request finished HTTP/1.1 GET http://localhost:5017/images/table.png - 304 null image/png 1.2123ms
2024-10-22 16:32:53.798 +02:00 [INF] Request starting HTTP/1.1 GET http://localhost:5017/ - null null
2024-10-22 16:32:53.798 +02:00 [INF] Executing endpoint 'MyShop.Controllers.HomeController.Index (MyShop)'
2024-10-22 16:32:53.798 +02:00 [INF] Route matched with {action = "Index", controller = "Home", page = "", area = ""}. Executing controller action with signature Microsoft.AspNetCore.Mvc.IActionResult Index() on controller MyShop.Controllers.HomeController (MyShop).
2024-10-22 16:32:53.798 +02:00 [INF] Executing ViewResult, running view Index.
2024-10-22 16:32:53.799 +02:00 [INF] Executed ViewResult - view Index executed in 1.1072ms.
2024-10-22 16:32:53.800 +02:00 [INF] Executed action MyShop.Controllers.HomeController.Index (MyShop) in 1.3004ms
2024-10-22 16:32:53.800 +02:00 [INF] Executed endpoint 'MyShop.Controllers.HomeController.Index (MyShop)'
2024-10-22 16:32:53.800 +02:00 [INF] Request finished HTTP/1.1 GET http://localhost:5017/ - 200 null text/html; charset=utf-8 2.0585ms
2024-10-25 19:28:34.305 +02:00 [INF] Request starting HTTP/1.1 GET http://localhost:5017/ - null null
2024-10-25 19:28:34.305 +02:00 [INF] Executing endpoint 'MyShop.Controllers.HomeController.Index (MyShop)'
2024-10-25 19:28:34.305 +02:00 [INF] Route matched with {action = "Index", controller = "Home", page = "", area = ""}. Executing controller action with signature Microsoft.AspNetCore.Mvc.IActionResult Index() on controller MyShop.Controllers.HomeController (MyShop).
2024-10-25 19:28:34.306 +02:00 [INF] Executing ViewResult, running view Index.
2024-10-25 19:28:34.307 +02:00 [INF] Executed ViewResult - view Index executed in 1.396ms.
2024-10-25 19:28:34.307 +02:00 [INF] Executed action MyShop.Controllers.HomeController.Index (MyShop) in 1.5182ms
2024-10-25 19:28:34.307 +02:00 [INF] Executed endpoint 'MyShop.Controllers.HomeController.Index (MyShop)'
2024-10-25 19:28:34.307 +02:00 [INF] Request finished HTTP/1.1 GET http://localhost:5017/ - 200 null text/html; charset=utf-8 2.0018ms
2024-10-25 19:28:34.330 +02:00 [INF] Request starting HTTP/1.1 GET http://localhost:5017/images/salad.png - null null
2024-10-25 19:28:34.331 +02:00 [INF] Request starting HTTP/1.1 GET http://localhost:5017/js/jquery.validate.js - null null
2024-10-25 19:28:34.331 +02:00 [INF] Request starting HTTP/1.1 GET http://localhost:5017/js/jquery.min.js - null null
2024-10-25 19:28:34.331 +02:00 [INF] Request starting HTTP/1.1 GET http://localhost:5017/js/jquery.validate.unobtrusive.js - null null
2024-10-25 19:28:34.331 +02:00 [INF] Request starting HTTP/1.1 GET http://localhost:5017/js/bootstrap.js - null null
2024-10-25 19:28:34.331 +02:00 [INF] Request starting HTTP/1.1 GET http://localhost:5017/images/logo.png - null null
2024-10-25 19:28:34.332 +02:00 [INF] The file /images/logo.png was not modified
2024-10-25 19:28:34.332 +02:00 [INF] Request finished HTTP/1.1 GET http://localhost:5017/images/logo.png - 304 null image/png 0.3456ms
2024-10-25 19:28:34.335 +02:00 [INF] Request starting HTTP/1.1 GET http://localhost:5017/images/nøkkelhull.png - null null
2024-10-25 19:28:34.341 +02:00 [INF] Sending file. Request path: '/images/nøkkelhull.png'. Physical path: 'C:\ITPE3200\ITPE3200_Exam_project-main\ITPE3200_Exam_project-main\ITPE3200_Exam_project\wwwroot\images\nøkkelhull.png'
2024-10-25 19:28:34.341 +02:00 [INF] Sending file. Request path: '/images/salad.png'. Physical path: 'C:\ITPE3200\ITPE3200_Exam_project-main\ITPE3200_Exam_project-main\ITPE3200_Exam_project\wwwroot\images\salad.png'
2024-10-25 19:28:34.341 +02:00 [INF] Request finished HTTP/1.1 GET http://localhost:5017/images/salad.png - 200 306095 image/png 11.1189ms
2024-10-25 19:28:34.341 +02:00 [INF] Request finished HTTP/1.1 GET http://localhost:5017/images/nøkkelhull.png - 200 24549 image/png 5.8921ms
2024-10-25 19:28:34.342 +02:00 [INF] Request starting HTTP/1.1 GET http://localhost:5017/images/family.jpg - null null
2024-10-25 19:28:34.344 +02:00 [INF] Sending file. Request path: '/images/family.jpg'. Physical path: 'C:\ITPE3200\ITPE3200_Exam_project-main\ITPE3200_Exam_project-main\ITPE3200_Exam_project\wwwroot\images\family.jpg'
2024-10-25 19:28:34.344 +02:00 [INF] Request finished HTTP/1.1 GET http://localhost:5017/images/family.jpg - 200 106493 image/jpeg 1.7939ms
2024-10-25 19:28:34.356 +02:00 [INF] Sending file. Request path: '/js/jquery.validate.unobtrusive.js'. Physical path: 'C:\ITPE3200\ITPE3200_Exam_project-main\ITPE3200_Exam_project-main\ITPE3200_Exam_project\wwwroot\js\jquery.validate.unobtrusive.js'
2024-10-25 19:28:34.357 +02:00 [INF] Sending file. Request path: '/js/jquery.validate.js'. Physical path: 'C:\ITPE3200\ITPE3200_Exam_project-main\ITPE3200_Exam_project-main\ITPE3200_Exam_project\wwwroot\js\jquery.validate.js'
2024-10-25 19:28:34.357 +02:00 [INF] Request finished HTTP/1.1 GET http://localhost:5017/js/jquery.validate.js - 200 54238 text/javascript 25.9621ms
2024-10-25 19:28:34.357 +02:00 [INF] Request finished HTTP/1.1 GET http://localhost:5017/js/jquery.validate.unobtrusive.js - 200 19820 text/javascript 25.5407ms
2024-10-25 19:28:34.396 +02:00 [INF] Sending file. Request path: '/js/jquery.min.js'. Physical path: 'C:\ITPE3200\ITPE3200_Exam_project-main\ITPE3200_Exam_project-main\ITPE3200_Exam_project\wwwroot\js\jquery.min.js'
2024-10-25 19:28:34.396 +02:00 [INF] Request finished HTTP/1.1 GET http://localhost:5017/js/jquery.min.js - 200 87535 text/javascript 65.3094ms
2024-10-25 19:28:34.446 +02:00 [INF] Sending file. Request path: '/js/bootstrap.js'. Physical path: 'C:\ITPE3200\ITPE3200_Exam_project-main\ITPE3200_Exam_project-main\ITPE3200_Exam_project\wwwroot\js\bootstrap.js'
2024-10-25 19:28:34.446 +02:00 [INF] Request finished HTTP/1.1 GET http://localhost:5017/js/bootstrap.js - 200 149895 text/javascript 114.8061ms
