2024-11-04 13:07:10.256 +01:00 [INF] User profile is available. Using 'C:\Users\jovan\AppData\Local\ASP.NET\DataProtection-Keys' as key repository and Windows DPAPI to encrypt keys at rest.
2024-11-04 13:07:10.394 +01:00 [INF] Now listening on: http://localhost:5017
2024-11-04 13:07:10.399 +01:00 [INF] Application started. Press Ctrl+C to shut down.
2024-11-04 13:07:10.400 +01:00 [INF] Hosting environment: Development
2024-11-04 13:07:10.400 +01:00 [INF] Content root path: C:\TestMappe\Eksamen\ITPE3200_Exam_project
2024-11-04 13:07:12.019 +01:00 [INF] Request starting HTTP/1.1 GET http://localhost:5017/ - null null
2024-11-04 13:07:12.061 +01:00 [INF] Identity.Application was not authenticated. Failure message: Unprotect ticket failed
2024-11-04 13:07:12.068 +01:00 [INF] Executing endpoint 'MyShop.Controllers.HomeController.Index (MyShop)'
2024-11-04 13:07:12.076 +01:00 [INF] Route matched with {action = "Index", controller = "Home", page = "", area = ""}. Executing controller action with signature Microsoft.AspNetCore.Mvc.IActionResult Index() on controller MyShop.Controllers.HomeController (MyShop).
2024-11-04 13:07:12.085 +01:00 [INF] Executing ViewResult, running view Index.
2024-11-04 13:07:12.172 +01:00 [INF] Executed ViewResult - view Index executed in 88.6005ms.
2024-11-04 13:07:12.174 +01:00 [INF] Executed action MyShop.Controllers.HomeController.Index (MyShop) in 97.4344ms
2024-11-04 13:07:12.174 +01:00 [INF] Executed endpoint 'MyShop.Controllers.HomeController.Index (MyShop)'
2024-11-04 13:07:12.179 +01:00 [INF] Request finished HTTP/1.1 GET http://localhost:5017/ - 200 null text/html; charset=utf-8 160.177ms
2024-11-04 13:07:12.203 +01:00 [INF] Request starting HTTP/1.1 GET http://localhost:5017/images/logo.png - null null
2024-11-04 13:07:12.209 +01:00 [INF] The file /images/logo.png was not modified
2024-11-04 13:07:12.210 +01:00 [INF] Request finished HTTP/1.1 GET http://localhost:5017/images/logo.png - 304 null image/png 6.9716ms
2024-11-04 13:07:14.142 +01:00 [INF] Request starting HTTP/1.1 GET http://localhost:5017/Identity/Account/Login - null null
2024-11-04 13:07:14.144 +01:00 [INF] Identity.Application was not authenticated. Failure message: Unprotect ticket failed
2024-11-04 13:07:14.144 +01:00 [INF] Executing endpoint '/Account/Login'
2024-11-04 13:07:14.160 +01:00 [INF] Route matched with {page = "/Account/Login", area = "Identity", action = "", controller = ""}. Executing page /Account/Login
2024-11-04 13:07:14.174 +01:00 [INF] Executing handler method MyShop.Areas.Identity.Pages.Account.LoginModel.OnGetAsync - ModelState is "Valid"
2024-11-04 13:07:14.178 +01:00 [INF] AuthenticationScheme: Identity.External signed out.
2024-11-04 13:07:14.179 +01:00 [INF] Executed handler method OnGetAsync, returned result .
2024-11-04 13:07:14.181 +01:00 [INF] Executing an implicit handler method - ModelState is "Valid"
2024-11-04 13:07:14.181 +01:00 [INF] Executed an implicit handler method, returned result Microsoft.AspNetCore.Mvc.RazorPages.PageResult.
2024-11-04 13:07:14.214 +01:00 [INF] Executed page /Account/Login in 53.9507ms
2024-11-04 13:07:14.214 +01:00 [INF] Executed endpoint '/Account/Login'
2024-11-04 13:07:14.214 +01:00 [INF] Request finished HTTP/1.1 GET http://localhost:5017/Identity/Account/Login - 200 null text/html; charset=utf-8 72.713ms
2024-11-04 13:07:14.248 +01:00 [INF] Request starting HTTP/1.1 GET http://localhost:5017/images/SignUp.jpeg - null null
2024-11-04 13:07:14.261 +01:00 [INF] Sending file. Request path: '/images/SignUp.jpeg'. Physical path: 'C:\TestMappe\Eksamen\ITPE3200_Exam_project\wwwroot\images\SignUp.jpeg'
2024-11-04 13:07:14.262 +01:00 [INF] Request finished HTTP/1.1 GET http://localhost:5017/images/SignUp.jpeg - 200 145381 image/jpeg 13.1009ms
2024-11-04 13:07:14.285 +01:00 [INF] Request starting HTTP/1.1 GET http://localhost:5017/lib/jquery-validation/dist/jquery.validate.min.js - null null
2024-11-04 13:07:14.286 +01:00 [INF] Request starting HTTP/1.1 GET http://localhost:5017/lib/jquery-validation-unobtrusive/jquery.validate.unobtrusive.min.js - null null
2024-11-04 13:07:14.287 +01:00 [INF] Identity.Application was not authenticated. Failure message: Unprotect ticket failed
2024-11-04 13:07:14.287 +01:00 [INF] Identity.Application was not authenticated. Failure message: Unprotect ticket failed
2024-11-04 13:07:14.287 +01:00 [INF] Request finished HTTP/1.1 GET http://localhost:5017/lib/jquery-validation-unobtrusive/jquery.validate.unobtrusive.min.js - 404 0 null 1.5031ms
2024-11-04 13:07:14.287 +01:00 [INF] Request finished HTTP/1.1 GET http://localhost:5017/lib/jquery-validation/dist/jquery.validate.min.js - 404 0 null 2.1184ms
2024-11-04 13:07:14.288 +01:00 [INF] Request reached the end of the middleware pipeline without being handled by application code. Request path: GET http://localhost:5017/lib/jquery-validation-unobtrusive/jquery.validate.unobtrusive.min.js, Response status code: 404
2024-11-04 13:07:14.288 +01:00 [INF] Request reached the end of the middleware pipeline without being handled by application code. Request path: GET http://localhost:5017/lib/jquery-validation/dist/jquery.validate.min.js, Response status code: 404
