2024-10-22 14:56:19.538 +02:00 [INF] User profile is available. Using 'C:\Users\Hadle\AppData\Local\ASP.NET\DataProtection-Keys' as key repository and Windows DPAPI to encrypt keys at rest.
2024-10-22 14:56:19.678 +02:00 [INF] Now listening on: http://localhost:5017
2024-10-22 14:56:19.682 +02:00 [INF] Application started. Press Ctrl+C to shut down.
2024-10-22 14:56:19.683 +02:00 [INF] Hosting environment: Development
2024-10-22 14:56:19.683 +02:00 [INF] Content root path: C:\ITPE3200\ITPE3200_Exam_project-main\ITPE3200_Exam_project-main\ITPE3200_Exam_project
2024-10-22 14:56:20.883 +02:00 [INF] Request starting HTTP/1.1 GET http://localhost:5017/ - null null
2024-10-22 14:56:20.921 +02:00 [INF] Executing endpoint 'MyShop.Controllers.HomeController.Index (MyShop)'
2024-10-22 14:56:20.932 +02:00 [INF] Route matched with {action = "Index", controller = "Home", page = "", area = ""}. Executing controller action with signature Microsoft.AspNetCore.Mvc.IActionResult Index() on controller MyShop.Controllers.HomeController (MyShop).
2024-10-22 14:56:20.938 +02:00 [INF] Executing ViewResult, running view Index.
2024-10-22 14:56:21.012 +02:00 [INF] Executed ViewResult - view Index executed in 74.9997ms.
2024-10-22 14:56:21.014 +02:00 [INF] Executed action MyShop.Controllers.HomeController.Index (MyShop) in 81.84ms
2024-10-22 14:56:21.015 +02:00 [INF] Executed endpoint 'MyShop.Controllers.HomeController.Index (MyShop)'
2024-10-22 14:56:21.018 +02:00 [INF] Request finished HTTP/1.1 GET http://localhost:5017/ - 200 null text/html; charset=utf-8 136.4971ms
2024-10-22 14:56:22.075 +02:00 [INF] Request starting HTTP/1.1 GET http://localhost:5017/Item/Grid - null null
2024-10-22 14:56:22.077 +02:00 [INF] Executing endpoint 'MyShop.Controllers.ItemController.Grid (MyShop)'
2024-10-22 14:56:22.081 +02:00 [INF] Route matched with {action = "Grid", controller = "Item", page = "", area = ""}. Executing controller action with signature System.Threading.Tasks.Task`1[Microsoft.AspNetCore.Mvc.IActionResult] Grid() on controller MyShop.Controllers.ItemController (MyShop).
2024-10-22 14:56:22.188 +02:00 [INF] Executing ViewResult, running view Grid.
2024-10-22 14:56:22.197 +02:00 [INF] Executed ViewResult - view Grid executed in 9.0742ms.
2024-10-22 14:56:22.197 +02:00 [INF] Executed action MyShop.Controllers.ItemController.Grid (MyShop) in 115.1814ms
2024-10-22 14:56:22.197 +02:00 [INF] Executed endpoint 'MyShop.Controllers.ItemController.Grid (MyShop)'
2024-10-22 14:56:22.200 +02:00 [INF] Request finished HTTP/1.1 GET http://localhost:5017/Item/Grid - 200 null text/html; charset=utf-8 125.4869ms
2024-10-22 14:56:23.342 +02:00 [INF] Request starting HTTP/1.1 GET http://localhost:5017/Item/Table - null null
2024-10-22 14:56:23.345 +02:00 [INF] Executing endpoint 'MyShop.Controllers.ItemController.Table (MyShop)'
2024-10-22 14:56:23.348 +02:00 [INF] Route matched with {action = "Table", controller = "Item", page = "", area = ""}. Executing controller action with signature System.Threading.Tasks.Task`1[Microsoft.AspNetCore.Mvc.IActionResult] Table() on controller MyShop.Controllers.ItemController (MyShop).
2024-10-22 14:56:23.391 +02:00 [INF] Executing ViewResult, running view Table.
2024-10-22 14:56:23.407 +02:00 [INF] Executed ViewResult - view Table executed in 16.7253ms.
2024-10-22 14:56:23.407 +02:00 [INF] Executed action MyShop.Controllers.ItemController.Table (MyShop) in 58.797ms
2024-10-22 14:56:23.407 +02:00 [INF] Executed endpoint 'MyShop.Controllers.ItemController.Table (MyShop)'
2024-10-22 14:56:23.407 +02:00 [INF] Request finished HTTP/1.1 GET http://localhost:5017/Item/Table - 200 null text/html; charset=utf-8 65.7459ms
2024-10-22 14:58:00.612 +02:00 [INF] Application is shutting down...
