2024-10-10 15:59:41.369 +02:00 [INF] User profile is available. Using 'C:\Users\jovan\AppData\Local\ASP.NET\DataProtection-Keys' as key repository and Windows DPAPI to encrypt keys at rest.
2024-10-10 15:59:41.403 +02:00 [INF] Now listening on: http://localhost:5017
2024-10-10 15:59:41.405 +02:00 [INF] Application started. Press Ctrl+C to shut down.
2024-10-10 15:59:41.405 +02:00 [INF] Hosting environment: Development
2024-10-10 15:59:41.405 +02:00 [INF] Content root path: C:\TestMappe\ITPE3200_Exam_project
2024-10-10 15:59:47.494 +02:00 [INF] Request starting HTTP/1.1 GET http://localhost:5017/ - null null
2024-10-10 15:59:47.513 +02:00 [INF] Executing endpoint 'MyShop.Controllers.HomeController.Index (MyShop)'
2024-10-10 15:59:47.518 +02:00 [INF] Route matched with {action = "Index", controller = "Home"}. Executing controller action with signature Microsoft.AspNetCore.Mvc.IActionResult Index() on controller MyShop.Controllers.HomeController (MyShop).
2024-10-10 15:59:47.527 +02:00 [INF] Executing ViewResult, running view Index.
2024-10-10 15:59:47.571 +02:00 [INF] Executed ViewResult - view Index executed in 41.7835ms.
2024-10-10 15:59:47.573 +02:00 [INF] Executed action MyShop.Controllers.HomeController.Index (MyShop) in 53.9951ms
2024-10-10 15:59:47.573 +02:00 [INF] Executed endpoint 'MyShop.Controllers.HomeController.Index (MyShop)'
2024-10-10 15:59:47.576 +02:00 [INF] Request finished HTTP/1.1 GET http://localhost:5017/ - 200 null text/html; charset=utf-8 82.1391ms
2024-10-10 15:59:47.588 +02:00 [INF] Request starting HTTP/1.1 GET http://localhost:5017/images/fishandchips.jpg - null null
2024-10-10 15:59:47.588 +02:00 [INF] Request starting HTTP/1.1 GET http://localhost:5017/images/pizza.jpg - null null
2024-10-10 15:59:47.591 +02:00 [INF] Request finished HTTP/1.1 GET http://localhost:5017/images/pizza.jpg - 404 0 null 3.2568ms
2024-10-10 15:59:47.591 +02:00 [INF] Request finished HTTP/1.1 GET http://localhost:5017/images/fishandchips.jpg - 404 0 null 3.3884ms
2024-10-10 15:59:47.593 +02:00 [INF] Request reached the end of the middleware pipeline without being handled by application code. Request path: GET http://localhost:5017/images/pizza.jpg, Response status code: 404
2024-10-10 15:59:47.593 +02:00 [INF] Request reached the end of the middleware pipeline without being handled by application code. Request path: GET http://localhost:5017/images/fishandchips.jpg, Response status code: 404
2024-10-10 15:59:47.695 +02:00 [INF] Request starting HTTP/1.1 GET http://localhost:5017/images/tacos.jpg - null null
2024-10-10 15:59:47.697 +02:00 [INF] Request finished HTTP/1.1 GET http://localhost:5017/images/tacos.jpg - 404 0 null 1.9514ms
2024-10-10 15:59:47.697 +02:00 [INF] Request reached the end of the middleware pipeline without being handled by application code. Request path: GET http://localhost:5017/images/tacos.jpg, Response status code: 404
2024-10-10 15:59:50.472 +02:00 [INF] Request starting HTTP/1.1 GET http://localhost:5017/ - null null
2024-10-10 15:59:50.473 +02:00 [INF] Executing endpoint 'MyShop.Controllers.HomeController.Index (MyShop)'
2024-10-10 15:59:50.473 +02:00 [INF] Route matched with {action = "Index", controller = "Home"}. Executing controller action with signature Microsoft.AspNetCore.Mvc.IActionResult Index() on controller MyShop.Controllers.HomeController (MyShop).
2024-10-10 15:59:50.474 +02:00 [INF] Executing ViewResult, running view Index.
2024-10-10 15:59:50.477 +02:00 [INF] Executed ViewResult - view Index executed in 3.8228ms.
2024-10-10 15:59:50.478 +02:00 [INF] Executed action MyShop.Controllers.HomeController.Index (MyShop) in 4.3033ms
2024-10-10 15:59:50.478 +02:00 [INF] Executed endpoint 'MyShop.Controllers.HomeController.Index (MyShop)'
2024-10-10 15:59:50.478 +02:00 [INF] Request finished HTTP/1.1 GET http://localhost:5017/ - 200 null text/html; charset=utf-8 5.8311ms
2024-10-10 15:59:50.492 +02:00 [INF] Request starting HTTP/1.1 GET http://localhost:5017/images/pizza.jpg - null null
2024-10-10 15:59:50.492 +02:00 [INF] Request starting HTTP/1.1 GET http://localhost:5017/images/fishandchips.jpg - null null
2024-10-10 15:59:50.492 +02:00 [INF] Request finished HTTP/1.1 GET http://localhost:5017/images/pizza.jpg - 404 0 null 0.5686ms
2024-10-10 15:59:50.493 +02:00 [INF] Request finished HTTP/1.1 GET http://localhost:5017/images/fishandchips.jpg - 404 0 null 0.6463ms
2024-10-10 15:59:50.493 +02:00 [INF] Request reached the end of the middleware pipeline without being handled by application code. Request path: GET http://localhost:5017/images/pizza.jpg, Response status code: 404
2024-10-10 15:59:50.493 +02:00 [INF] Request reached the end of the middleware pipeline without being handled by application code. Request path: GET http://localhost:5017/images/fishandchips.jpg, Response status code: 404
2024-10-10 15:59:50.509 +02:00 [INF] Request starting HTTP/1.1 GET http://localhost:5017/images/tacos.jpg - null null
2024-10-10 15:59:50.509 +02:00 [INF] Request finished HTTP/1.1 GET http://localhost:5017/images/tacos.jpg - 404 0 null 0.5333ms
2024-10-10 15:59:50.509 +02:00 [INF] Request reached the end of the middleware pipeline without being handled by application code. Request path: GET http://localhost:5017/images/tacos.jpg, Response status code: 404
2024-10-10 15:59:51.315 +02:00 [INF] Request starting HTTP/1.1 GET http://localhost:5017/Item/Table - null null
2024-10-10 15:59:51.316 +02:00 [INF] Executing endpoint 'MyShop.Controllers.ItemController.Table (MyShop)'
2024-10-10 15:59:51.320 +02:00 [INF] Route matched with {action = "Table", controller = "Item"}. Executing controller action with signature System.Threading.Tasks.Task`1[Microsoft.AspNetCore.Mvc.IActionResult] Table() on controller MyShop.Controllers.ItemController (MyShop).
2024-10-10 15:59:51.407 +02:00 [INF] Executing ViewResult, running view Table.
2024-10-10 15:59:51.416 +02:00 [INF] Executed ViewResult - view Table executed in 9.1798ms.
2024-10-10 15:59:51.416 +02:00 [INF] Executed action MyShop.Controllers.ItemController.Table (MyShop) in 95.8208ms
2024-10-10 15:59:51.416 +02:00 [INF] Executed endpoint 'MyShop.Controllers.ItemController.Table (MyShop)'
2024-10-10 15:59:51.419 +02:00 [INF] Request finished HTTP/1.1 GET http://localhost:5017/Item/Table - 200 null text/html; charset=utf-8 104.0532ms
2024-10-10 15:59:52.347 +02:00 [INF] Request starting HTTP/1.1 GET http://localhost:5017/Customer/Table - null null
2024-10-10 15:59:52.348 +02:00 [INF] Executing endpoint 'MyShop.Controllers.CustomerController.Table (MyShop)'
2024-10-10 15:59:52.350 +02:00 [INF] Route matched with {action = "Table", controller = "Customer"}. Executing controller action with signature System.Threading.Tasks.Task`1[Microsoft.AspNetCore.Mvc.IActionResult] Table() on controller MyShop.Controllers.CustomerController (MyShop).
2024-10-10 15:59:52.391 +02:00 [INF] Executing ViewResult, running view Table.
2024-10-10 15:59:52.439 +02:00 [INF] Executed ViewResult - view Table executed in 48.9711ms.
2024-10-10 15:59:52.439 +02:00 [INF] Executed action MyShop.Controllers.CustomerController.Table (MyShop) in 88.4173ms
2024-10-10 15:59:52.439 +02:00 [INF] Executed endpoint 'MyShop.Controllers.CustomerController.Table (MyShop)'
2024-10-10 15:59:52.439 +02:00 [INF] Request finished HTTP/1.1 GET http://localhost:5017/Customer/Table - 200 null text/html; charset=utf-8 92.1831ms
2024-10-10 15:59:53.885 +02:00 [INF] Request starting HTTP/1.1 GET http://localhost:5017/ - null null
2024-10-10 15:59:53.885 +02:00 [INF] Executing endpoint 'MyShop.Controllers.HomeController.Index (MyShop)'
2024-10-10 15:59:53.885 +02:00 [INF] Route matched with {action = "Index", controller = "Home"}. Executing controller action with signature Microsoft.AspNetCore.Mvc.IActionResult Index() on controller MyShop.Controllers.HomeController (MyShop).
2024-10-10 15:59:53.885 +02:00 [INF] Executing ViewResult, running view Index.
2024-10-10 15:59:53.886 +02:00 [INF] Executed ViewResult - view Index executed in 0.8384ms.
2024-10-10 15:59:53.886 +02:00 [INF] Executed action MyShop.Controllers.HomeController.Index (MyShop) in 1.0359ms
2024-10-10 15:59:53.886 +02:00 [INF] Executed endpoint 'MyShop.Controllers.HomeController.Index (MyShop)'
2024-10-10 15:59:53.887 +02:00 [INF] Request finished HTTP/1.1 GET http://localhost:5017/ - 200 null text/html; charset=utf-8 1.9029ms
2024-10-10 15:59:53.902 +02:00 [INF] Request starting HTTP/1.1 GET http://localhost:5017/images/pizza.jpg - null null
2024-10-10 15:59:53.902 +02:00 [INF] Request starting HTTP/1.1 GET http://localhost:5017/images/fishandchips.jpg - null null
2024-10-10 15:59:53.902 +02:00 [INF] Request finished HTTP/1.1 GET http://localhost:5017/images/pizza.jpg - 404 0 null 0.6804ms
2024-10-10 15:59:53.902 +02:00 [INF] Request reached the end of the middleware pipeline without being handled by application code. Request path: GET http://localhost:5017/images/pizza.jpg, Response status code: 404
2024-10-10 15:59:53.902 +02:00 [INF] Request finished HTTP/1.1 GET http://localhost:5017/images/fishandchips.jpg - 404 0 null 0.6692ms
2024-10-10 15:59:53.902 +02:00 [INF] Request reached the end of the middleware pipeline without being handled by application code. Request path: GET http://localhost:5017/images/fishandchips.jpg, Response status code: 404
2024-10-10 15:59:53.914 +02:00 [INF] Request starting HTTP/1.1 GET http://localhost:5017/images/tacos.jpg - null null
2024-10-10 15:59:53.915 +02:00 [INF] Request finished HTTP/1.1 GET http://localhost:5017/images/tacos.jpg - 404 0 null 0.5444ms
2024-10-10 15:59:53.915 +02:00 [INF] Request reached the end of the middleware pipeline without being handled by application code. Request path: GET http://localhost:5017/images/tacos.jpg, Response status code: 404
2024-10-10 16:00:15.608 +02:00 [INF] Request starting HTTP/1.1 GET http://localhost:5017/Customer/Table - null null
2024-10-10 16:00:15.608 +02:00 [INF] Executing endpoint 'MyShop.Controllers.CustomerController.Table (MyShop)'
2024-10-10 16:00:15.608 +02:00 [INF] Route matched with {action = "Table", controller = "Customer"}. Executing controller action with signature System.Threading.Tasks.Task`1[Microsoft.AspNetCore.Mvc.IActionResult] Table() on controller MyShop.Controllers.CustomerController (MyShop).
2024-10-10 16:00:15.611 +02:00 [INF] Executing ViewResult, running view Table.
2024-10-10 16:00:15.615 +02:00 [INF] Executed ViewResult - view Table executed in 4.0841ms.
2024-10-10 16:00:15.615 +02:00 [INF] Executed action MyShop.Controllers.CustomerController.Table (MyShop) in 6.9586ms
2024-10-10 16:00:15.616 +02:00 [INF] Executed endpoint 'MyShop.Controllers.CustomerController.Table (MyShop)'
2024-10-10 16:00:15.616 +02:00 [INF] Request finished HTTP/1.1 GET http://localhost:5017/Customer/Table - 200 null text/html; charset=utf-8 7.4587ms
2024-10-10 16:00:17.013 +02:00 [INF] Request starting HTTP/1.1 GET http://localhost:5017/Item/Table - null null
2024-10-10 16:00:17.014 +02:00 [INF] Executing endpoint 'MyShop.Controllers.ItemController.Table (MyShop)'
2024-10-10 16:00:17.014 +02:00 [INF] Route matched with {action = "Table", controller = "Item"}. Executing controller action with signature System.Threading.Tasks.Task`1[Microsoft.AspNetCore.Mvc.IActionResult] Table() on controller MyShop.Controllers.ItemController (MyShop).
2024-10-10 16:00:17.018 +02:00 [INF] Executing ViewResult, running view Table.
2024-10-10 16:00:17.021 +02:00 [INF] Executed ViewResult - view Table executed in 3.45ms.
2024-10-10 16:00:17.021 +02:00 [INF] Executed action MyShop.Controllers.ItemController.Table (MyShop) in 7.3123ms
2024-10-10 16:00:17.021 +02:00 [INF] Executed endpoint 'MyShop.Controllers.ItemController.Table (MyShop)'
2024-10-10 16:00:17.022 +02:00 [INF] Request finished HTTP/1.1 GET http://localhost:5017/Item/Table - 200 null text/html; charset=utf-8 9.2413ms
2024-10-10 16:00:18.186 +02:00 [INF] Request starting HTTP/1.1 GET http://localhost:5017/ - null null
2024-10-10 16:00:18.186 +02:00 [INF] Executing endpoint 'MyShop.Controllers.HomeController.Index (MyShop)'
2024-10-10 16:00:18.186 +02:00 [INF] Route matched with {action = "Index", controller = "Home"}. Executing controller action with signature Microsoft.AspNetCore.Mvc.IActionResult Index() on controller MyShop.Controllers.HomeController (MyShop).
2024-10-10 16:00:18.186 +02:00 [INF] Executing ViewResult, running view Index.
2024-10-10 16:00:18.187 +02:00 [INF] Executed ViewResult - view Index executed in 0.673ms.
2024-10-10 16:00:18.187 +02:00 [INF] Executed action MyShop.Controllers.HomeController.Index (MyShop) in 0.856ms
2024-10-10 16:00:18.187 +02:00 [INF] Executed endpoint 'MyShop.Controllers.HomeController.Index (MyShop)'
2024-10-10 16:00:18.187 +02:00 [INF] Request finished HTTP/1.1 GET http://localhost:5017/ - 200 null text/html; charset=utf-8 1.324ms
2024-10-10 16:00:18.202 +02:00 [INF] Request starting HTTP/1.1 GET http://localhost:5017/images/pizza.jpg - null null
2024-10-10 16:00:18.202 +02:00 [INF] Request starting HTTP/1.1 GET http://localhost:5017/images/fishandchips.jpg - null null
2024-10-10 16:00:18.202 +02:00 [INF] Request finished HTTP/1.1 GET http://localhost:5017/images/pizza.jpg - 404 0 null 0.3588ms
2024-10-10 16:00:18.202 +02:00 [INF] Request reached the end of the middleware pipeline without being handled by application code. Request path: GET http://localhost:5017/images/pizza.jpg, Response status code: 404
2024-10-10 16:00:18.202 +02:00 [INF] Request finished HTTP/1.1 GET http://localhost:5017/images/fishandchips.jpg - 404 0 null 0.2146ms
2024-10-10 16:00:18.202 +02:00 [INF] Request reached the end of the middleware pipeline without being handled by application code. Request path: GET http://localhost:5017/images/fishandchips.jpg, Response status code: 404
2024-10-10 16:00:18.217 +02:00 [INF] Request starting HTTP/1.1 GET http://localhost:5017/images/tacos.jpg - null null
2024-10-10 16:00:18.217 +02:00 [INF] Request finished HTTP/1.1 GET http://localhost:5017/images/tacos.jpg - 404 0 null 0.4375ms
2024-10-10 16:00:18.217 +02:00 [INF] Request reached the end of the middleware pipeline without being handled by application code. Request path: GET http://localhost:5017/images/tacos.jpg, Response status code: 404
2024-10-10 16:00:19.045 +02:00 [INF] Request starting HTTP/1.1 GET http://localhost:5017/Customer/Table - null null
2024-10-10 16:00:19.045 +02:00 [INF] Executing endpoint 'MyShop.Controllers.CustomerController.Table (MyShop)'
2024-10-10 16:00:19.045 +02:00 [INF] Route matched with {action = "Table", controller = "Customer"}. Executing controller action with signature System.Threading.Tasks.Task`1[Microsoft.AspNetCore.Mvc.IActionResult] Table() on controller MyShop.Controllers.CustomerController (MyShop).
2024-10-10 16:00:19.048 +02:00 [INF] Executing ViewResult, running view Table.
2024-10-10 16:00:19.051 +02:00 [INF] Executed ViewResult - view Table executed in 2.9052ms.
2024-10-10 16:00:19.051 +02:00 [INF] Executed action MyShop.Controllers.CustomerController.Table (MyShop) in 5.581ms
2024-10-10 16:00:19.051 +02:00 [INF] Executed endpoint 'MyShop.Controllers.CustomerController.Table (MyShop)'
2024-10-10 16:00:19.051 +02:00 [INF] Request finished HTTP/1.1 GET http://localhost:5017/Customer/Table - 200 null text/html; charset=utf-8 6.1518ms
2024-10-10 16:00:20.818 +02:00 [INF] Request starting HTTP/1.1 GET http://localhost:5017/Item/Table - null null
2024-10-10 16:00:20.818 +02:00 [INF] Executing endpoint 'MyShop.Controllers.ItemController.Table (MyShop)'
2024-10-10 16:00:20.818 +02:00 [INF] Route matched with {action = "Table", controller = "Item"}. Executing controller action with signature System.Threading.Tasks.Task`1[Microsoft.AspNetCore.Mvc.IActionResult] Table() on controller MyShop.Controllers.ItemController (MyShop).
2024-10-10 16:00:20.822 +02:00 [INF] Executing ViewResult, running view Table.
2024-10-10 16:00:20.824 +02:00 [INF] Executed ViewResult - view Table executed in 1.7187ms.
2024-10-10 16:00:20.824 +02:00 [INF] Executed action MyShop.Controllers.ItemController.Table (MyShop) in 5.4866ms
2024-10-10 16:00:20.824 +02:00 [INF] Executed endpoint 'MyShop.Controllers.ItemController.Table (MyShop)'
2024-10-10 16:00:20.824 +02:00 [INF] Request finished HTTP/1.1 GET http://localhost:5017/Item/Table - 200 null text/html; charset=utf-8 6.063ms
2024-10-10 16:02:26.497 +02:00 [INF] Request starting HTTP/1.1 GET http://localhost:5017/Item/Grid - null null
2024-10-10 16:02:26.497 +02:00 [INF] Executing endpoint 'MyShop.Controllers.ItemController.Grid (MyShop)'
2024-10-10 16:02:26.503 +02:00 [INF] Route matched with {action = "Grid", controller = "Item"}. Executing controller action with signature System.Threading.Tasks.Task`1[Microsoft.AspNetCore.Mvc.IActionResult] Grid() on controller MyShop.Controllers.ItemController (MyShop).
2024-10-10 16:02:26.506 +02:00 [INF] Executing ViewResult, running view Grid.
2024-10-10 16:02:26.513 +02:00 [INF] Executed ViewResult - view Grid executed in 7.3527ms.
2024-10-10 16:02:26.513 +02:00 [INF] Executed action MyShop.Controllers.ItemController.Grid (MyShop) in 9.6023ms
2024-10-10 16:02:26.513 +02:00 [INF] Executed endpoint 'MyShop.Controllers.ItemController.Grid (MyShop)'
2024-10-10 16:02:26.513 +02:00 [INF] Request finished HTTP/1.1 GET http://localhost:5017/Item/Grid - 200 null text/html; charset=utf-8 16.1307ms
