2024-10-08 13:11:06.046 +02:00 [INF] User profile is available. Using 'C:\Users\Hadle\AppData\Local\ASP.NET\DataProtection-Keys' as key repository and Windows DPAPI to encrypt keys at rest.
2024-10-08 13:11:06.119 +02:00 [INF] Now listening on: http://localhost:5017
2024-10-08 13:11:06.124 +02:00 [INF] Application started. Press Ctrl+C to shut down.
2024-10-08 13:11:06.124 +02:00 [INF] Hosting environment: Development
2024-10-08 13:11:06.125 +02:00 [INF] Content root path: C:\Users\Hadle\Downloads\ITPE3200-24H-main\ITPE3200-24H-main\4-Errorhandling-Logging_Inputvalidation\Demo-Inputvalidation\MyShop
2024-10-08 13:11:14.379 +02:00 [INF] Request starting HTTP/1.1 GET http://localhost:5017/ - null null
2024-10-08 13:11:14.414 +02:00 [INF] Executing endpoint 'MyShop.Controllers.HomeController.Index (MyShop)'
2024-10-08 13:11:14.429 +02:00 [INF] Route matched with {action = "Index", controller = "Home"}. Executing controller action with signature Microsoft.AspNetCore.Mvc.IActionResult Index() on controller MyShop.Controllers.HomeController (MyShop).
2024-10-08 13:11:14.460 +02:00 [INF] Executing ViewResult, running view Index.
2024-10-08 13:11:14.542 +02:00 [INF] Executed ViewResult - view Index executed in 95.6526ms.
2024-10-08 13:11:14.545 +02:00 [INF] Executed action MyShop.Controllers.HomeController.Index (MyShop) in 115.1813ms
2024-10-08 13:11:14.545 +02:00 [INF] Executed endpoint 'MyShop.Controllers.HomeController.Index (MyShop)'
2024-10-08 13:11:14.549 +02:00 [INF] Request finished HTTP/1.1 GET http://localhost:5017/ - 200 null text/html; charset=utf-8 171.3931ms
2024-10-08 13:11:14.582 +02:00 [INF] Request starting HTTP/1.1 GET http://localhost:5017/js/bootstrap.js - null null
2024-10-08 13:11:14.583 +02:00 [INF] Request starting HTTP/1.1 GET http://localhost:5017/js/jquery.min.js - null null
2024-10-08 13:11:14.583 +02:00 [INF] Request starting HTTP/1.1 GET http://localhost:5017/js/jquery.validate.js - null null
2024-10-08 13:11:14.584 +02:00 [INF] Request starting HTTP/1.1 GET http://localhost:5017/js/jquery.validate.unobtrusive.js - null null
2024-10-08 13:11:14.584 +02:00 [INF] Request starting HTTP/1.1 GET http://localhost:5017/images/pizza.jpg - null null
2024-10-08 13:11:14.584 +02:00 [INF] Request starting HTTP/1.1 GET http://localhost:5017/images/fishandchips.jpg - null null
2024-10-08 13:11:14.587 +02:00 [INF] Request finished HTTP/1.1 GET http://localhost:5017/images/pizza.jpg - 404 0 null 3.0668ms
2024-10-08 13:11:14.587 +02:00 [INF] Request finished HTTP/1.1 GET http://localhost:5017/images/fishandchips.jpg - 404 0 null 2.9275ms
2024-10-08 13:11:14.589 +02:00 [INF] Request reached the end of the middleware pipeline without being handled by application code. Request path: GET http://localhost:5017/images/pizza.jpg, Response status code: 404
2024-10-08 13:11:14.589 +02:00 [INF] Request reached the end of the middleware pipeline without being handled by application code. Request path: GET http://localhost:5017/images/fishandchips.jpg, Response status code: 404
2024-10-08 13:11:14.591 +02:00 [INF] The file /js/bootstrap.js was not modified
2024-10-08 13:11:14.591 +02:00 [INF] The file /js/jquery.min.js was not modified
2024-10-08 13:11:14.591 +02:00 [INF] The file /js/jquery.validate.js was not modified
2024-10-08 13:11:14.592 +02:00 [INF] The file /js/jquery.validate.unobtrusive.js was not modified
2024-10-08 13:11:14.592 +02:00 [INF] Request finished HTTP/1.1 GET http://localhost:5017/js/jquery.min.js - 304 null text/javascript 9.095ms
2024-10-08 13:11:14.592 +02:00 [INF] Request finished HTTP/1.1 GET http://localhost:5017/js/jquery.validate.js - 304 null text/javascript 9.0861ms
2024-10-08 13:11:14.592 +02:00 [INF] Request finished HTTP/1.1 GET http://localhost:5017/js/bootstrap.js - 304 null text/javascript 10.1949ms
2024-10-08 13:11:14.592 +02:00 [INF] Request finished HTTP/1.1 GET http://localhost:5017/js/jquery.validate.unobtrusive.js - 304 null text/javascript 8.6763ms
2024-10-08 13:11:14.609 +02:00 [INF] Request starting HTTP/1.1 GET http://localhost:5017/images/tacos.jpg - null null
2024-10-08 13:11:14.612 +02:00 [INF] Request finished HTTP/1.1 GET http://localhost:5017/images/tacos.jpg - 404 0 null 2.9016ms
2024-10-08 13:11:14.612 +02:00 [INF] Request reached the end of the middleware pipeline without being handled by application code. Request path: GET http://localhost:5017/images/tacos.jpg, Response status code: 404
2024-10-08 13:11:19.901 +02:00 [INF] Request starting HTTP/1.1 GET http://localhost:5017/ - null null
2024-10-08 13:11:19.901 +02:00 [INF] Executing endpoint 'MyShop.Controllers.HomeController.Index (MyShop)'
2024-10-08 13:11:19.902 +02:00 [INF] Route matched with {action = "Index", controller = "Home"}. Executing controller action with signature Microsoft.AspNetCore.Mvc.IActionResult Index() on controller MyShop.Controllers.HomeController (MyShop).
2024-10-08 13:11:19.903 +02:00 [INF] Executing ViewResult, running view Index.
2024-10-08 13:11:19.907 +02:00 [INF] Executed ViewResult - view Index executed in 5.0587ms.
2024-10-08 13:11:19.908 +02:00 [INF] Executed action MyShop.Controllers.HomeController.Index (MyShop) in 5.8228ms
2024-10-08 13:11:19.908 +02:00 [INF] Executed endpoint 'MyShop.Controllers.HomeController.Index (MyShop)'
2024-10-08 13:11:19.908 +02:00 [INF] Request finished HTTP/1.1 GET http://localhost:5017/ - 200 null text/html; charset=utf-8 7.4563ms
2024-10-08 13:11:19.932 +02:00 [INF] Request starting HTTP/1.1 GET http://localhost:5017/images/pizza.jpg - null null
2024-10-08 13:11:19.932 +02:00 [INF] Request starting HTTP/1.1 GET http://localhost:5017/images/fishandchips.jpg - null null
2024-10-08 13:11:19.933 +02:00 [INF] Request finished HTTP/1.1 GET http://localhost:5017/images/fishandchips.jpg - 404 0 null 0.7247ms
2024-10-08 13:11:19.933 +02:00 [INF] Request finished HTTP/1.1 GET http://localhost:5017/images/pizza.jpg - 404 0 null 1.0601ms
2024-10-08 13:11:19.933 +02:00 [INF] Request reached the end of the middleware pipeline without being handled by application code. Request path: GET http://localhost:5017/images/fishandchips.jpg, Response status code: 404
2024-10-08 13:11:19.933 +02:00 [INF] Request reached the end of the middleware pipeline without being handled by application code. Request path: GET http://localhost:5017/images/pizza.jpg, Response status code: 404
2024-10-08 13:11:19.944 +02:00 [INF] Request starting HTTP/1.1 GET http://localhost:5017/images/tacos.jpg - null null
2024-10-08 13:11:19.945 +02:00 [INF] Request finished HTTP/1.1 GET http://localhost:5017/images/tacos.jpg - 404 0 null 0.8533ms
2024-10-08 13:11:19.945 +02:00 [INF] Request reached the end of the middleware pipeline without being handled by application code. Request path: GET http://localhost:5017/images/tacos.jpg, Response status code: 404
2024-10-08 13:11:21.162 +02:00 [INF] Request starting HTTP/1.1 GET http://localhost:5017/Item/Table - null null
2024-10-08 13:11:21.162 +02:00 [INF] Executing endpoint 'MyShop.Controllers.ItemController.Table (MyShop)'
2024-10-08 13:11:21.171 +02:00 [INF] Route matched with {action = "Table", controller = "Item"}. Executing controller action with signature System.Threading.Tasks.Task`1[Microsoft.AspNetCore.Mvc.IActionResult] Table() on controller MyShop.Controllers.ItemController (MyShop).
2024-10-08 13:11:21.329 +02:00 [INF] Executing ViewResult, running view Table.
2024-10-08 13:11:21.355 +02:00 [INF] Executed ViewResult - view Table executed in 27.1975ms.
2024-10-08 13:11:21.355 +02:00 [INF] Executed action MyShop.Controllers.ItemController.Table (MyShop) in 184.2548ms
2024-10-08 13:11:21.355 +02:00 [INF] Executed endpoint 'MyShop.Controllers.ItemController.Table (MyShop)'
2024-10-08 13:11:21.360 +02:00 [INF] Request finished HTTP/1.1 GET http://localhost:5017/Item/Table - 200 null text/html; charset=utf-8 198.0342ms
2024-10-08 13:11:21.403 +02:00 [INF] Request starting HTTP/1.1 GET http://localhost:5017/images/helmelk.jpg - null null
2024-10-08 13:11:21.404 +02:00 [INF] The file /images/helmelk.jpg was not modified
2024-10-08 13:11:21.404 +02:00 [INF] Request finished HTTP/1.1 GET http://localhost:5017/images/helmelk.jpg - 304 null image/jpeg 1.2863ms
2024-10-08 13:11:21.404 +02:00 [INF] Request starting HTTP/1.1 GET http://localhost:5017/images/kylling.jpg - null null
2024-10-08 13:11:21.404 +02:00 [INF] Request starting HTTP/1.1 GET http://localhost:5017/images/kjøttdeig.jpg - null null
2024-10-08 13:11:21.404 +02:00 [INF] The file /images/kylling.jpg was not modified
2024-10-08 13:11:21.405 +02:00 [INF] Request finished HTTP/1.1 GET http://localhost:5017/images/kylling.jpg - 304 null image/jpeg 0.7073ms
2024-10-08 13:11:21.405 +02:00 [INF] Request starting HTTP/1.1 GET http://localhost:5017/images/lettmelk.jpg - null null
2024-10-08 13:11:21.405 +02:00 [INF] The file /images/kjøttdeig.jpg was not modified
2024-10-08 13:11:21.405 +02:00 [INF] Request starting HTTP/1.1 GET http://localhost:5017/images/peanøtter.jpg - null null
2024-10-08 13:11:21.405 +02:00 [INF] Request finished HTTP/1.1 GET http://localhost:5017/images/kjøttdeig.jpg - 304 null image/jpeg 0.4882ms
2024-10-08 13:11:21.405 +02:00 [INF] Request starting HTTP/1.1 GET http://localhost:5017/images/polpa.jpg - null null
2024-10-08 13:11:21.405 +02:00 [INF] The file /images/lettmelk.jpg was not modified
2024-10-08 13:11:21.405 +02:00 [INF] Request finished HTTP/1.1 GET http://localhost:5017/images/lettmelk.jpg - 304 null image/jpeg 0.4575ms
2024-10-08 13:11:21.405 +02:00 [INF] The file /images/peanøtter.jpg was not modified
2024-10-08 13:11:21.405 +02:00 [INF] Request finished HTTP/1.1 GET http://localhost:5017/images/peanøtter.jpg - 304 null image/jpeg 0.4669ms
2024-10-08 13:11:21.405 +02:00 [INF] The file /images/polpa.jpg was not modified
2024-10-08 13:11:21.406 +02:00 [INF] Request finished HTTP/1.1 GET http://localhost:5017/images/polpa.jpg - 304 null image/jpeg 0.5671ms
2024-10-08 13:11:22.516 +02:00 [INF] Request starting HTTP/1.1 GET http://localhost:5017/ - null null
2024-10-08 13:11:22.516 +02:00 [INF] Executing endpoint 'MyShop.Controllers.HomeController.Index (MyShop)'
2024-10-08 13:11:22.516 +02:00 [INF] Route matched with {action = "Index", controller = "Home"}. Executing controller action with signature Microsoft.AspNetCore.Mvc.IActionResult Index() on controller MyShop.Controllers.HomeController (MyShop).
2024-10-08 13:11:22.516 +02:00 [INF] Executing ViewResult, running view Index.
2024-10-08 13:11:22.518 +02:00 [INF] Executed ViewResult - view Index executed in 1.3276ms.
2024-10-08 13:11:22.518 +02:00 [INF] Executed action MyShop.Controllers.HomeController.Index (MyShop) in 1.5218ms
2024-10-08 13:11:22.518 +02:00 [INF] Executed endpoint 'MyShop.Controllers.HomeController.Index (MyShop)'
2024-10-08 13:11:22.518 +02:00 [INF] Request finished HTTP/1.1 GET http://localhost:5017/ - 200 null text/html; charset=utf-8 2.2894ms
2024-10-08 13:11:22.563 +02:00 [INF] Request starting HTTP/1.1 GET http://localhost:5017/images/pizza.jpg - null null
2024-10-08 13:11:22.563 +02:00 [INF] Request starting HTTP/1.1 GET http://localhost:5017/images/fishandchips.jpg - null null
2024-10-08 13:11:22.563 +02:00 [INF] Request finished HTTP/1.1 GET http://localhost:5017/images/fishandchips.jpg - 404 0 null 0.5377ms
2024-10-08 13:11:22.563 +02:00 [INF] Request starting HTTP/1.1 GET http://localhost:5017/images/tacos.jpg - null null
2024-10-08 13:11:22.563 +02:00 [INF] Request reached the end of the middleware pipeline without being handled by application code. Request path: GET http://localhost:5017/images/fishandchips.jpg, Response status code: 404
2024-10-08 13:11:22.564 +02:00 [INF] Request finished HTTP/1.1 GET http://localhost:5017/images/pizza.jpg - 404 0 null 0.7985ms
2024-10-08 13:11:22.564 +02:00 [INF] Request finished HTTP/1.1 GET http://localhost:5017/images/tacos.jpg - 404 0 null 0.2483ms
2024-10-08 13:11:22.564 +02:00 [INF] Request reached the end of the middleware pipeline without being handled by application code. Request path: GET http://localhost:5017/images/pizza.jpg, Response status code: 404
2024-10-08 13:11:22.564 +02:00 [INF] Request reached the end of the middleware pipeline without being handled by application code. Request path: GET http://localhost:5017/images/tacos.jpg, Response status code: 404
2024-10-08 13:11:24.868 +02:00 [INF] Request starting HTTP/1.1 GET http://localhost:5017/Item/Table - null null
2024-10-08 13:11:24.870 +02:00 [INF] Executing endpoint 'MyShop.Controllers.ItemController.Table (MyShop)'
2024-10-08 13:11:24.871 +02:00 [INF] Route matched with {action = "Table", controller = "Item"}. Executing controller action with signature System.Threading.Tasks.Task`1[Microsoft.AspNetCore.Mvc.IActionResult] Table() on controller MyShop.Controllers.ItemController (MyShop).
2024-10-08 13:11:24.927 +02:00 [INF] Executing ViewResult, running view Table.
2024-10-08 13:11:24.929 +02:00 [INF] Executed ViewResult - view Table executed in 2.4193ms.
2024-10-08 13:11:24.929 +02:00 [INF] Executed action MyShop.Controllers.ItemController.Table (MyShop) in 58.5839ms
2024-10-08 13:11:24.929 +02:00 [INF] Executed endpoint 'MyShop.Controllers.ItemController.Table (MyShop)'
2024-10-08 13:11:24.930 +02:00 [INF] Request finished HTTP/1.1 GET http://localhost:5017/Item/Table - 200 null text/html; charset=utf-8 61.1866ms
2024-10-08 13:11:39.466 +02:00 [INF] Request starting HTTP/1.1 GET http://localhost:5017/Customer/Table - null null
2024-10-08 13:11:39.467 +02:00 [INF] Executing endpoint 'MyShop.Controllers.CustomerController.Table (MyShop)'
2024-10-08 13:11:39.473 +02:00 [INF] Route matched with {action = "Table", controller = "Customer"}. Executing controller action with signature System.Threading.Tasks.Task`1[Microsoft.AspNetCore.Mvc.IActionResult] Table() on controller MyShop.Controllers.CustomerController (MyShop).
2024-10-08 13:11:39.495 +02:00 [INF] Executing ViewResult, running view Table.
2024-10-08 13:11:39.583 +02:00 [INF] Executed ViewResult - view Table executed in 88.9573ms.
2024-10-08 13:11:39.583 +02:00 [INF] Executed action MyShop.Controllers.CustomerController.Table (MyShop) in 110.0094ms
2024-10-08 13:11:39.583 +02:00 [INF] Executed endpoint 'MyShop.Controllers.CustomerController.Table (MyShop)'
2024-10-08 13:11:39.583 +02:00 [INF] Request finished HTTP/1.1 GET http://localhost:5017/Customer/Table - 200 null text/html; charset=utf-8 117.6711ms
2024-10-08 13:11:41.081 +02:00 [INF] Request starting HTTP/1.1 GET http://localhost:5017/Item/Table - null null
2024-10-08 13:11:41.082 +02:00 [INF] Executing endpoint 'MyShop.Controllers.ItemController.Table (MyShop)'
2024-10-08 13:11:41.082 +02:00 [INF] Route matched with {action = "Table", controller = "Item"}. Executing controller action with signature System.Threading.Tasks.Task`1[Microsoft.AspNetCore.Mvc.IActionResult] Table() on controller MyShop.Controllers.ItemController (MyShop).
2024-10-08 13:11:41.089 +02:00 [INF] Executing ViewResult, running view Table.
2024-10-08 13:11:41.092 +02:00 [INF] Executed ViewResult - view Table executed in 2.9952ms.
2024-10-08 13:11:41.092 +02:00 [INF] Executed action MyShop.Controllers.ItemController.Table (MyShop) in 9.7905ms
2024-10-08 13:11:41.092 +02:00 [INF] Executed endpoint 'MyShop.Controllers.ItemController.Table (MyShop)'
2024-10-08 13:11:41.092 +02:00 [INF] Request finished HTTP/1.1 GET http://localhost:5017/Item/Table - 200 null text/html; charset=utf-8 10.9934ms
2024-10-08 13:12:12.583 +02:00 [INF] Request starting HTTP/1.1 GET http://localhost:5017/ - null null
2024-10-08 13:12:12.584 +02:00 [INF] Executing endpoint 'MyShop.Controllers.HomeController.Index (MyShop)'
2024-10-08 13:12:12.584 +02:00 [INF] Route matched with {action = "Index", controller = "Home"}. Executing controller action with signature Microsoft.AspNetCore.Mvc.IActionResult Index() on controller MyShop.Controllers.HomeController (MyShop).
2024-10-08 13:12:12.584 +02:00 [INF] Executing ViewResult, running view Index.
2024-10-08 13:12:12.585 +02:00 [INF] Executed ViewResult - view Index executed in 0.9023ms.
2024-10-08 13:12:12.585 +02:00 [INF] Executed action MyShop.Controllers.HomeController.Index (MyShop) in 1.1114ms
2024-10-08 13:12:12.585 +02:00 [INF] Executed endpoint 'MyShop.Controllers.HomeController.Index (MyShop)'
2024-10-08 13:12:12.586 +02:00 [INF] Request finished HTTP/1.1 GET http://localhost:5017/ - 200 null text/html; charset=utf-8 2.2081ms
2024-10-08 13:12:12.642 +02:00 [INF] Request starting HTTP/1.1 GET http://localhost:5017/images/pizza.jpg - null null
2024-10-08 13:12:12.643 +02:00 [INF] Request finished HTTP/1.1 GET http://localhost:5017/images/pizza.jpg - 404 0 null 0.9659ms
2024-10-08 13:12:12.643 +02:00 [INF] Request reached the end of the middleware pipeline without being handled by application code. Request path: GET http://localhost:5017/images/pizza.jpg, Response status code: 404
2024-10-08 13:12:12.643 +02:00 [INF] Request starting HTTP/1.1 GET http://localhost:5017/images/fishandchips.jpg - null null
2024-10-08 13:12:12.646 +02:00 [INF] Request finished HTTP/1.1 GET http://localhost:5017/images/fishandchips.jpg - 404 0 null 3.0017ms
2024-10-08 13:12:12.646 +02:00 [INF] Request reached the end of the middleware pipeline without being handled by application code. Request path: GET http://localhost:5017/images/fishandchips.jpg, Response status code: 404
2024-10-08 13:12:12.648 +02:00 [INF] Request starting HTTP/1.1 GET http://localhost:5017/images/tacos.jpg - null null
2024-10-08 13:12:12.649 +02:00 [INF] Request finished HTTP/1.1 GET http://localhost:5017/images/tacos.jpg - 404 0 null 0.865ms
2024-10-08 13:12:12.649 +02:00 [INF] Request reached the end of the middleware pipeline without being handled by application code. Request path: GET http://localhost:5017/images/tacos.jpg, Response status code: 404
2024-10-08 13:12:14.021 +02:00 [INF] Request starting HTTP/1.1 GET http://localhost:5017/Item/Table - null null
2024-10-08 13:12:14.021 +02:00 [INF] Executing endpoint 'MyShop.Controllers.ItemController.Table (MyShop)'
2024-10-08 13:12:14.021 +02:00 [INF] Route matched with {action = "Table", controller = "Item"}. Executing controller action with signature System.Threading.Tasks.Task`1[Microsoft.AspNetCore.Mvc.IActionResult] Table() on controller MyShop.Controllers.ItemController (MyShop).
2024-10-08 13:12:14.025 +02:00 [INF] Executing ViewResult, running view Table.
2024-10-08 13:12:14.026 +02:00 [INF] Executed ViewResult - view Table executed in 1.3565ms.
2024-10-08 13:12:14.026 +02:00 [INF] Executed action MyShop.Controllers.ItemController.Table (MyShop) in 4.6928ms
2024-10-08 13:12:14.026 +02:00 [INF] Executed endpoint 'MyShop.Controllers.ItemController.Table (MyShop)'
2024-10-08 13:12:14.026 +02:00 [INF] Request finished HTTP/1.1 GET http://localhost:5017/Item/Table - 200 null text/html; charset=utf-8 5.5489ms
2024-10-08 13:12:15.829 +02:00 [INF] Request starting HTTP/1.1 GET http://localhost:5017/Customer/Table - null null
2024-10-08 13:12:15.829 +02:00 [INF] Executing endpoint 'MyShop.Controllers.CustomerController.Table (MyShop)'
2024-10-08 13:12:15.830 +02:00 [INF] Route matched with {action = "Table", controller = "Customer"}. Executing controller action with signature System.Threading.Tasks.Task`1[Microsoft.AspNetCore.Mvc.IActionResult] Table() on controller MyShop.Controllers.CustomerController (MyShop).
2024-10-08 13:12:15.832 +02:00 [INF] Executing ViewResult, running view Table.
2024-10-08 13:12:15.837 +02:00 [INF] Executed ViewResult - view Table executed in 4.7571ms.
2024-10-08 13:12:15.837 +02:00 [INF] Executed action MyShop.Controllers.CustomerController.Table (MyShop) in 7.7543ms
2024-10-08 13:12:15.837 +02:00 [INF] Executed endpoint 'MyShop.Controllers.CustomerController.Table (MyShop)'
2024-10-08 13:12:15.838 +02:00 [INF] Request finished HTTP/1.1 GET http://localhost:5017/Customer/Table - 200 null text/html; charset=utf-8 8.6765ms
2024-10-08 13:12:18.816 +02:00 [INF] Request starting HTTP/1.1 GET http://localhost:5017/Order/Table - null null
2024-10-08 13:12:18.816 +02:00 [INF] Request finished HTTP/1.1 GET http://localhost:5017/Order/Table - 404 0 null 0.3418ms
2024-10-08 13:12:18.816 +02:00 [INF] Request reached the end of the middleware pipeline without being handled by application code. Request path: GET http://localhost:5017/Order/Table, Response status code: 404
