2024-11-04 13:53:24.989 +01:00 [INF] User profile is available. Using 'C:\Users\jovan\AppData\Local\ASP.NET\DataProtection-Keys' as key repository and Windows DPAPI to encrypt keys at rest.
2024-11-04 13:53:25.123 +01:00 [INF] Now listening on: http://localhost:5017
2024-11-04 13:53:25.126 +01:00 [INF] Application started. Press Ctrl+C to shut down.
2024-11-04 13:53:25.127 +01:00 [INF] Hosting environment: Development
2024-11-04 13:53:25.127 +01:00 [INF] Content root path: C:\TestMappe\Eksamen\ITPE3200_Exam_project
2024-11-04 13:53:26.549 +01:00 [INF] Request starting HTTP/1.1 GET http://localhost:5017/ - null null
2024-11-04 13:53:26.591 +01:00 [INF] Identity.Application was not authenticated. Failure message: Unprotect ticket failed
2024-11-04 13:53:26.595 +01:00 [INF] Executing endpoint 'MyShop.Controllers.HomeController.Index (MyShop)'
2024-11-04 13:53:26.604 +01:00 [INF] Route matched with {action = "Index", controller = "Home", page = "", area = ""}. Executing controller action with signature Microsoft.AspNetCore.Mvc.IActionResult Index() on controller MyShop.Controllers.HomeController (MyShop).
2024-11-04 13:53:26.612 +01:00 [INF] Executing ViewResult, running view Index.
2024-11-04 13:53:26.705 +01:00 [INF] Executed ViewResult - view Index executed in 94.2384ms.
2024-11-04 13:53:26.709 +01:00 [INF] Executed action MyShop.Controllers.HomeController.Index (MyShop) in 104.7885ms
2024-11-04 13:53:26.709 +01:00 [INF] Executed endpoint 'MyShop.Controllers.HomeController.Index (MyShop)'
2024-11-04 13:53:26.714 +01:00 [INF] Request finished HTTP/1.1 GET http://localhost:5017/ - 200 null text/html; charset=utf-8 167.1976ms
2024-11-04 13:53:29.652 +01:00 [INF] Request starting HTTP/1.1 GET http://localhost:5017/Identity/Account/Login - null null
2024-11-04 13:53:29.656 +01:00 [INF] Identity.Application was not authenticated. Failure message: Unprotect ticket failed
2024-11-04 13:53:29.656 +01:00 [INF] Executing endpoint '/Account/Login'
2024-11-04 13:53:29.668 +01:00 [INF] Route matched with {page = "/Account/Login", area = "Identity", action = "", controller = ""}. Executing page /Account/Login
2024-11-04 13:53:29.681 +01:00 [INF] Executing handler method MyShop.Areas.Identity.Pages.Account.LoginModel.OnGetAsync - ModelState is "Valid"
2024-11-04 13:53:29.685 +01:00 [INF] AuthenticationScheme: Identity.External signed out.
2024-11-04 13:53:29.686 +01:00 [INF] Executed handler method OnGetAsync, returned result .
2024-11-04 13:53:29.688 +01:00 [INF] Executing an implicit handler method - ModelState is "Valid"
2024-11-04 13:53:29.688 +01:00 [INF] Executed an implicit handler method, returned result Microsoft.AspNetCore.Mvc.RazorPages.PageResult.
2024-11-04 13:53:29.714 +01:00 [INF] Executed page /Account/Login in 45.6348ms
2024-11-04 13:53:29.714 +01:00 [INF] Executed endpoint '/Account/Login'
2024-11-04 13:53:29.715 +01:00 [INF] Request finished HTTP/1.1 GET http://localhost:5017/Identity/Account/Login - 200 null text/html; charset=utf-8 62.393ms
2024-11-04 13:53:29.738 +01:00 [INF] Request starting HTTP/1.1 GET http://localhost:5017/css/Login.css - null null
2024-11-04 13:53:29.748 +01:00 [INF] Sending file. Request path: '/css/Login.css'. Physical path: 'C:\TestMappe\Eksamen\ITPE3200_Exam_project\wwwroot\css\Login.css'
2024-11-04 13:53:29.749 +01:00 [INF] Request finished HTTP/1.1 GET http://localhost:5017/css/Login.css - 200 2029 text/css 10.8712ms
2024-11-04 13:53:29.757 +01:00 [INF] Request starting HTTP/1.1 GET http://localhost:5017/images/SignUp.png - null null
2024-11-04 13:53:29.758 +01:00 [INF] Request starting HTTP/1.1 GET http://localhost:5017/lib/jquery-validation/dist/jquery.validate.min.js - null null
2024-11-04 13:53:29.758 +01:00 [INF] The file /images/SignUp.png was not modified
2024-11-04 13:53:29.758 +01:00 [INF] Request finished HTTP/1.1 GET http://localhost:5017/images/SignUp.png - 304 null image/png 1.7519ms
2024-11-04 13:53:29.759 +01:00 [INF] Identity.Application was not authenticated. Failure message: Unprotect ticket failed
2024-11-04 13:53:29.759 +01:00 [INF] Request finished HTTP/1.1 GET http://localhost:5017/lib/jquery-validation/dist/jquery.validate.min.js - 404 0 null 1.3308ms
2024-11-04 13:53:29.760 +01:00 [INF] Request reached the end of the middleware pipeline without being handled by application code. Request path: GET http://localhost:5017/lib/jquery-validation/dist/jquery.validate.min.js, Response status code: 404
2024-11-04 13:53:29.763 +01:00 [INF] Request starting HTTP/1.1 GET http://localhost:5017/lib/jquery-validation-unobtrusive/jquery.validate.unobtrusive.min.js - null null
2024-11-04 13:53:29.763 +01:00 [INF] Identity.Application was not authenticated. Failure message: Unprotect ticket failed
2024-11-04 13:53:29.763 +01:00 [INF] Request finished HTTP/1.1 GET http://localhost:5017/lib/jquery-validation-unobtrusive/jquery.validate.unobtrusive.min.js - 404 0 null 0.7367ms
2024-11-04 13:53:29.764 +01:00 [INF] Request reached the end of the middleware pipeline without being handled by application code. Request path: GET http://localhost:5017/lib/jquery-validation-unobtrusive/jquery.validate.unobtrusive.min.js, Response status code: 404
