2024-10-10 16:34:55.628 +02:00 [INF] User profile is available. Using 'C:\Users\jovan\AppData\Local\ASP.NET\DataProtection-Keys' as key repository and Windows DPAPI to encrypt keys at rest.
2024-10-10 16:34:55.660 +02:00 [INF] Now listening on: http://localhost:5017
2024-10-10 16:34:55.662 +02:00 [INF] Application started. Press Ctrl+C to shut down.
2024-10-10 16:34:55.662 +02:00 [INF] Hosting environment: Development
2024-10-10 16:34:55.662 +02:00 [INF] Content root path: C:\TestMappe\ITPE3200_Exam_project
2024-10-10 16:34:58.353 +02:00 [INF] Request starting HTTP/1.1 GET http://localhost:5017/ - null null
2024-10-10 16:34:58.371 +02:00 [INF] Executing endpoint 'MyShop.Controllers.HomeController.Index (MyShop)'
2024-10-10 16:34:58.375 +02:00 [INF] Route matched with {action = "Index", controller = "Home"}. Executing controller action with signature Microsoft.AspNetCore.Mvc.IActionResult Index() on controller MyShop.Controllers.HomeController (MyShop).
2024-10-10 16:34:58.382 +02:00 [INF] Executing ViewResult, running view Index.
2024-10-10 16:34:58.419 +02:00 [INF] Executed ViewResult - view Index executed in 38.2415ms.
2024-10-10 16:34:58.421 +02:00 [INF] Executed action MyShop.Controllers.HomeController.Index (MyShop) in 45.233ms
2024-10-10 16:34:58.421 +02:00 [INF] Executed endpoint 'MyShop.Controllers.HomeController.Index (MyShop)'
2024-10-10 16:34:58.423 +02:00 [INF] Request finished HTTP/1.1 GET http://localhost:5017/ - 200 null text/html; charset=utf-8 71.6575ms
2024-10-10 16:35:00.167 +02:00 [INF] Request starting HTTP/1.1 GET http://localhost:5017/Item/Table - null null
2024-10-10 16:35:00.170 +02:00 [INF] Executing endpoint 'MyShop.Controllers.ItemController.Table (MyShop)'
2024-10-10 16:35:00.175 +02:00 [INF] Route matched with {action = "Table", controller = "Item"}. Executing controller action with signature System.Threading.Tasks.Task`1[Microsoft.AspNetCore.Mvc.IActionResult] Table() on controller MyShop.Controllers.ItemController (MyShop).
2024-10-10 16:35:00.250 +02:00 [INF] Executing ViewResult, running view Table.
2024-10-10 16:35:00.258 +02:00 [INF] Executed ViewResult - view Table executed in 9.0431ms.
2024-10-10 16:35:00.258 +02:00 [INF] Executed action MyShop.Controllers.ItemController.Table (MyShop) in 83.3024ms
2024-10-10 16:35:00.258 +02:00 [INF] Executed endpoint 'MyShop.Controllers.ItemController.Table (MyShop)'
2024-10-10 16:35:00.261 +02:00 [INF] Request finished HTTP/1.1 GET http://localhost:5017/Item/Table - 200 null text/html; charset=utf-8 93.7911ms
2024-10-10 16:35:01.568 +02:00 [INF] Request starting HTTP/1.1 GET http://localhost:5017/Item/Grid - null null
2024-10-10 16:35:01.570 +02:00 [INF] Executing endpoint 'MyShop.Controllers.ItemController.Grid (MyShop)'
2024-10-10 16:35:01.573 +02:00 [INF] Route matched with {action = "Grid", controller = "Item"}. Executing controller action with signature System.Threading.Tasks.Task`1[Microsoft.AspNetCore.Mvc.IActionResult] Grid() on controller MyShop.Controllers.ItemController (MyShop).
2024-10-10 16:35:01.605 +02:00 [INF] Executing ViewResult, running view Grid.
2024-10-10 16:35:01.606 +02:00 [INF] Executed ViewResult - view Grid executed in 2.2363ms.
2024-10-10 16:35:01.607 +02:00 [INF] Executed action MyShop.Controllers.ItemController.Grid (MyShop) in 33.5082ms
2024-10-10 16:35:01.607 +02:00 [INF] Executed endpoint 'MyShop.Controllers.ItemController.Grid (MyShop)'
2024-10-10 16:35:01.607 +02:00 [INF] Request finished HTTP/1.1 GET http://localhost:5017/Item/Grid - 200 null text/html; charset=utf-8 38.5352ms
2024-10-10 16:35:44.080 +02:00 [INF] Request starting HTTP/1.1 GET http://localhost:5017/Item/Table - null null
2024-10-10 16:35:44.080 +02:00 [INF] Executing endpoint 'MyShop.Controllers.ItemController.Table (MyShop)'
2024-10-10 16:35:44.080 +02:00 [INF] Route matched with {action = "Table", controller = "Item"}. Executing controller action with signature System.Threading.Tasks.Task`1[Microsoft.AspNetCore.Mvc.IActionResult] Table() on controller MyShop.Controllers.ItemController (MyShop).
2024-10-10 16:35:44.084 +02:00 [INF] Executing ViewResult, running view Table.
2024-10-10 16:35:44.086 +02:00 [INF] Executed ViewResult - view Table executed in 2.0247ms.
2024-10-10 16:35:44.086 +02:00 [INF] Executed action MyShop.Controllers.ItemController.Table (MyShop) in 5.9304ms
2024-10-10 16:35:44.086 +02:00 [INF] Executed endpoint 'MyShop.Controllers.ItemController.Table (MyShop)'
2024-10-10 16:35:44.087 +02:00 [INF] Request finished HTTP/1.1 GET http://localhost:5017/Item/Table - 200 null text/html; charset=utf-8 7.0805ms
2024-10-10 16:35:46.633 +02:00 [INF] Request starting HTTP/1.1 GET http://localhost:5017/Item/Grid - null null
2024-10-10 16:35:46.633 +02:00 [INF] Executing endpoint 'MyShop.Controllers.ItemController.Grid (MyShop)'
2024-10-10 16:35:46.633 +02:00 [INF] Route matched with {action = "Grid", controller = "Item"}. Executing controller action with signature System.Threading.Tasks.Task`1[Microsoft.AspNetCore.Mvc.IActionResult] Grid() on controller MyShop.Controllers.ItemController (MyShop).
2024-10-10 16:35:46.635 +02:00 [INF] Executing ViewResult, running view Grid.
2024-10-10 16:35:46.636 +02:00 [INF] Executed ViewResult - view Grid executed in 0.7452ms.
2024-10-10 16:35:46.636 +02:00 [INF] Executed action MyShop.Controllers.ItemController.Grid (MyShop) in 2.3696ms
2024-10-10 16:35:46.636 +02:00 [INF] Executed endpoint 'MyShop.Controllers.ItemController.Grid (MyShop)'
2024-10-10 16:35:46.636 +02:00 [INF] Request finished HTTP/1.1 GET http://localhost:5017/Item/Grid - 200 null text/html; charset=utf-8 3.1205ms
