2024-11-04 13:23:27.464 +01:00 [INF] User profile is available. Using 'C:\Users\jovan\AppData\Local\ASP.NET\DataProtection-Keys' as key repository and Windows DPAPI to encrypt keys at rest.
2024-11-04 13:23:27.599 +01:00 [INF] Now listening on: http://localhost:5017
2024-11-04 13:23:27.603 +01:00 [INF] Application started. Press Ctrl+C to shut down.
2024-11-04 13:23:27.604 +01:00 [INF] Hosting environment: Development
2024-11-04 13:23:27.604 +01:00 [INF] Content root path: C:\TestMappe\Eksamen\ITPE3200_Exam_project
2024-11-04 13:23:29.000 +01:00 [INF] Request starting HTTP/1.1 GET http://localhost:5017/ - null null
2024-11-04 13:23:29.046 +01:00 [INF] Identity.Application was not authenticated. Failure message: Unprotect ticket failed
2024-11-04 13:23:29.051 +01:00 [INF] Executing endpoint 'MyShop.Controllers.HomeController.Index (MyShop)'
2024-11-04 13:23:29.063 +01:00 [INF] Route matched with {action = "Index", controller = "Home", page = "", area = ""}. Executing controller action with signature Microsoft.AspNetCore.Mvc.IActionResult Index() on controller MyShop.Controllers.HomeController (MyShop).
2024-11-04 13:23:29.072 +01:00 [INF] Executing ViewResult, running view Index.
2024-11-04 13:23:29.146 +01:00 [INF] Executed ViewResult - view Index executed in 76.0026ms.
2024-11-04 13:23:29.149 +01:00 [INF] Executed action MyShop.Controllers.HomeController.Index (MyShop) in 84.6348ms
2024-11-04 13:23:29.149 +01:00 [INF] Executed endpoint 'MyShop.Controllers.HomeController.Index (MyShop)'
2024-11-04 13:23:29.152 +01:00 [INF] Request finished HTTP/1.1 GET http://localhost:5017/ - 200 null text/html; charset=utf-8 153.1224ms
2024-11-04 13:23:29.162 +01:00 [INF] Request starting HTTP/1.1 GET http://localhost:5017/images/logo.png - null null
2024-11-04 13:23:29.170 +01:00 [INF] The file /images/logo.png was not modified
2024-11-04 13:23:29.171 +01:00 [INF] Request finished HTTP/1.1 GET http://localhost:5017/images/logo.png - 304 null image/png 8.2328ms
2024-11-04 13:23:30.945 +01:00 [INF] Request starting HTTP/1.1 GET http://localhost:5017/Identity/Account/Login - null null
2024-11-04 13:23:30.948 +01:00 [INF] Identity.Application was not authenticated. Failure message: Unprotect ticket failed
2024-11-04 13:23:30.949 +01:00 [INF] Executing endpoint '/Account/Login'
2024-11-04 13:23:30.963 +01:00 [INF] Route matched with {page = "/Account/Login", area = "Identity", action = "", controller = ""}. Executing page /Account/Login
2024-11-04 13:23:30.977 +01:00 [INF] Executing handler method MyShop.Areas.Identity.Pages.Account.LoginModel.OnGetAsync - ModelState is "Valid"
2024-11-04 13:23:30.982 +01:00 [INF] AuthenticationScheme: Identity.External signed out.
2024-11-04 13:23:30.983 +01:00 [INF] Executed handler method OnGetAsync, returned result .
2024-11-04 13:23:30.986 +01:00 [INF] Executing an implicit handler method - ModelState is "Valid"
2024-11-04 13:23:30.986 +01:00 [INF] Executed an implicit handler method, returned result Microsoft.AspNetCore.Mvc.RazorPages.PageResult.
2024-11-04 13:23:31.022 +01:00 [INF] Executed page /Account/Login in 58.8244ms
2024-11-04 13:23:31.022 +01:00 [INF] Executed endpoint '/Account/Login'
2024-11-04 13:23:31.022 +01:00 [INF] Request finished HTTP/1.1 GET http://localhost:5017/Identity/Account/Login - 200 null text/html; charset=utf-8 77.3898ms
2024-11-04 13:23:31.051 +01:00 [INF] Request starting HTTP/1.1 GET http://localhost:5017/images/SignUp.png - null null
2024-11-04 13:23:31.052 +01:00 [INF] The file /images/SignUp.png was not modified
2024-11-04 13:23:31.053 +01:00 [INF] Request finished HTTP/1.1 GET http://localhost:5017/images/SignUp.png - 304 null image/png 1.3349ms
2024-11-04 13:23:31.062 +01:00 [INF] Request starting HTTP/1.1 GET http://localhost:5017/lib/jquery-validation/dist/jquery.validate.min.js - null null
2024-11-04 13:23:31.063 +01:00 [INF] Request starting HTTP/1.1 GET http://localhost:5017/lib/jquery-validation-unobtrusive/jquery.validate.unobtrusive.min.js - null null
2024-11-04 13:23:31.063 +01:00 [INF] Identity.Application was not authenticated. Failure message: Unprotect ticket failed
2024-11-04 13:23:31.064 +01:00 [INF] Identity.Application was not authenticated. Failure message: Unprotect ticket failed
2024-11-04 13:23:31.064 +01:00 [INF] Request finished HTTP/1.1 GET http://localhost:5017/lib/jquery-validation/dist/jquery.validate.min.js - 404 0 null 1.9956ms
2024-11-04 13:23:31.064 +01:00 [INF] Request finished HTTP/1.1 GET http://localhost:5017/lib/jquery-validation-unobtrusive/jquery.validate.unobtrusive.min.js - 404 0 null 1.1112ms
2024-11-04 13:23:31.065 +01:00 [INF] Request reached the end of the middleware pipeline without being handled by application code. Request path: GET http://localhost:5017/lib/jquery-validation/dist/jquery.validate.min.js, Response status code: 404
2024-11-04 13:23:31.065 +01:00 [INF] Request reached the end of the middleware pipeline without being handled by application code. Request path: GET http://localhost:5017/lib/jquery-validation-unobtrusive/jquery.validate.unobtrusive.min.js, Response status code: 404
