2024-11-04 14:42:07.320 +01:00 [INF] User profile is available. Using 'C:\Users\jovan\AppData\Local\ASP.NET\DataProtection-Keys' as key repository and Windows DPAPI to encrypt keys at rest.
2024-11-04 14:42:07.453 +01:00 [INF] Now listening on: http://localhost:5017
2024-11-04 14:42:07.456 +01:00 [INF] Application started. Press Ctrl+C to shut down.
2024-11-04 14:42:07.457 +01:00 [INF] Hosting environment: Development
2024-11-04 14:42:07.457 +01:00 [INF] Content root path: C:\TestMappe\Eksamen\ITPE3200_Exam_project
2024-11-04 14:42:10.217 +01:00 [INF] Request starting HTTP/1.1 GET http://localhost:5017/Identity/Account/Login - null null
2024-11-04 14:42:10.248 +01:00 [INF] Identity.Application was not authenticated. Failure message: Unprotect ticket failed
2024-11-04 14:42:10.251 +01:00 [INF] Executing endpoint '/Account/Login'
2024-11-04 14:42:10.268 +01:00 [INF] Route matched with {page = "/Account/Login", area = "Identity", action = "", controller = ""}. Executing page /Account/Login
2024-11-04 14:42:10.285 +01:00 [INF] Executing handler method MyShop.Areas.Identity.Pages.Account.LoginModel.OnGetAsync - ModelState is "Valid"
2024-11-04 14:42:10.290 +01:00 [INF] AuthenticationScheme: Identity.External signed out.
2024-11-04 14:42:10.290 +01:00 [INF] Executed handler method OnGetAsync, returned result .
2024-11-04 14:42:10.292 +01:00 [INF] Executing an implicit handler method - ModelState is "Valid"
2024-11-04 14:42:10.293 +01:00 [INF] Executed an implicit handler method, returned result Microsoft.AspNetCore.Mvc.RazorPages.PageResult.
2024-11-04 14:42:10.363 +01:00 [INF] Executed page /Account/Login in 91.1692ms
2024-11-04 14:42:10.364 +01:00 [INF] Executed endpoint '/Account/Login'
2024-11-04 14:42:10.368 +01:00 [INF] Request finished HTTP/1.1 GET http://localhost:5017/Identity/Account/Login - 200 null text/html; charset=utf-8 152.7538ms
2024-11-04 14:42:10.383 +01:00 [INF] Request starting HTTP/1.1 GET http://localhost:5017/lib/jquery-validation/dist/jquery.validate.min.js - null null
2024-11-04 14:42:10.383 +01:00 [INF] Request starting HTTP/1.1 GET http://localhost:5017/css/Login.css - null null
2024-11-04 14:42:10.387 +01:00 [INF] Identity.Application was not authenticated. Failure message: Unprotect ticket failed
2024-11-04 14:42:10.387 +01:00 [INF] Request finished HTTP/1.1 GET http://localhost:5017/lib/jquery-validation/dist/jquery.validate.min.js - 404 0 null 4.1312ms
2024-11-04 14:42:10.388 +01:00 [INF] Request reached the end of the middleware pipeline without being handled by application code. Request path: GET http://localhost:5017/lib/jquery-validation/dist/jquery.validate.min.js, Response status code: 404
2024-11-04 14:42:10.402 +01:00 [INF] Request starting HTTP/1.1 GET http://localhost:5017/lib/jquery-validation-unobtrusive/jquery.validate.unobtrusive.min.js - null null
2024-11-04 14:42:10.403 +01:00 [INF] Identity.Application was not authenticated. Failure message: Unprotect ticket failed
2024-11-04 14:42:10.403 +01:00 [INF] Request finished HTTP/1.1 GET http://localhost:5017/lib/jquery-validation-unobtrusive/jquery.validate.unobtrusive.min.js - 404 0 null 1.0842ms
2024-11-04 14:42:10.404 +01:00 [INF] Request reached the end of the middleware pipeline without being handled by application code. Request path: GET http://localhost:5017/lib/jquery-validation-unobtrusive/jquery.validate.unobtrusive.min.js, Response status code: 404
2024-11-04 14:42:10.405 +01:00 [INF] Sending file. Request path: '/css/Login.css'. Physical path: 'C:\TestMappe\Eksamen\ITPE3200_Exam_project\wwwroot\css\Login.css'
2024-11-04 14:42:10.406 +01:00 [INF] Request finished HTTP/1.1 GET http://localhost:5017/css/Login.css - 200 2198 text/css 22.3476ms
