2024-11-04 10:13:22.295 +01:00 [INF] User profile is available. Using 'C:\Users\Hadle\AppData\Local\ASP.NET\DataProtection-Keys' as key repository and Windows DPAPI to encrypt keys at rest.
2024-11-04 10:13:22.576 +01:00 [INF] Now listening on: http://localhost:5017
2024-11-04 10:13:22.580 +01:00 [INF] Application started. Press Ctrl+C to shut down.
2024-11-04 10:13:22.581 +01:00 [INF] Hosting environment: Development
2024-11-04 10:13:22.581 +01:00 [INF] Content root path: C:\ITPE3200\ITPE3200_Exam_project-main\ITPE3200_Exam_project-main\ITPE3200_Exam_project
2024-11-04 10:13:24.556 +01:00 [INF] Request starting HTTP/1.1 GET http://localhost:5017/ - null null
2024-11-04 10:13:24.605 +01:00 [INF] Executing endpoint 'MyShop.Controllers.HomeController.Index (MyShop)'
2024-11-04 10:13:24.616 +01:00 [INF] Route matched with {action = "Index", controller = "Home", page = "", area = ""}. Executing controller action with signature Microsoft.AspNetCore.Mvc.IActionResult Index() on controller MyShop.Controllers.HomeController (MyShop).
2024-11-04 10:13:24.625 +01:00 [INF] Executing ViewResult, running view Index.
2024-11-04 10:13:24.708 +01:00 [INF] Executed ViewResult - view Index executed in 83.978ms.
2024-11-04 10:13:24.710 +01:00 [INF] Executed action MyShop.Controllers.HomeController.Index (MyShop) in 92.7499ms
2024-11-04 10:13:24.710 +01:00 [INF] Executed endpoint 'MyShop.Controllers.HomeController.Index (MyShop)'
2024-11-04 10:13:24.714 +01:00 [INF] Request finished HTTP/1.1 GET http://localhost:5017/ - 200 null text/html; charset=utf-8 159.3577ms
2024-11-04 10:13:24.737 +01:00 [INF] Request starting HTTP/1.1 GET http://localhost:5017/js/bootstrap.js - null null
2024-11-04 10:13:24.737 +01:00 [INF] Request starting HTTP/1.1 GET http://localhost:5017/js/jquery.min.js - null null
2024-11-04 10:13:24.737 +01:00 [INF] Request starting HTTP/1.1 GET http://localhost:5017/js/jquery.validate.js - null null
2024-11-04 10:13:24.738 +01:00 [INF] Request starting HTTP/1.1 GET http://localhost:5017/js/jquery.validate.unobtrusive.js - null null
2024-11-04 10:13:24.738 +01:00 [INF] Request starting HTTP/1.1 GET http://localhost:5017/images/logo.png - null null
2024-11-04 10:13:24.738 +01:00 [INF] Request starting HTTP/1.1 GET http://localhost:5017/images/salad.png - null null
2024-11-04 10:13:24.745 +01:00 [INF] The file /js/jquery.validate.unobtrusive.js was not modified
2024-11-04 10:13:24.745 +01:00 [INF] The file /images/logo.png was not modified
2024-11-04 10:13:24.745 +01:00 [INF] The file /js/jquery.validate.js was not modified
2024-11-04 10:13:24.745 +01:00 [INF] The file /js/jquery.min.js was not modified
2024-11-04 10:13:24.745 +01:00 [INF] The file /images/salad.png was not modified
2024-11-04 10:13:24.745 +01:00 [INF] The file /js/bootstrap.js was not modified
2024-11-04 10:13:24.745 +01:00 [INF] Request finished HTTP/1.1 GET http://localhost:5017/js/bootstrap.js - 304 null text/javascript 8.5549ms
2024-11-04 10:13:24.745 +01:00 [INF] Request finished HTTP/1.1 GET http://localhost:5017/images/salad.png - 304 null image/png 7.1218ms
2024-11-04 10:13:24.745 +01:00 [INF] Request finished HTTP/1.1 GET http://localhost:5017/js/jquery.validate.js - 304 null text/javascript 8.1099ms
2024-11-04 10:13:24.745 +01:00 [INF] Request finished HTTP/1.1 GET http://localhost:5017/images/logo.png - 304 null image/png 7.3128ms
2024-11-04 10:13:24.745 +01:00 [INF] Request finished HTTP/1.1 GET http://localhost:5017/js/jquery.validate.unobtrusive.js - 304 null text/javascript 7.7049ms
2024-11-04 10:13:24.745 +01:00 [INF] Request finished HTTP/1.1 GET http://localhost:5017/js/jquery.min.js - 304 null text/javascript 8.0968ms
2024-11-04 10:13:24.774 +01:00 [INF] Request starting HTTP/1.1 GET http://localhost:5017/images/family.jpg - null null
2024-11-04 10:13:24.775 +01:00 [INF] Request starting HTTP/1.1 GET http://localhost:5017/images/nøkkelhull.png - null null
2024-11-04 10:13:24.776 +01:00 [INF] The file /images/family.jpg was not modified
2024-11-04 10:13:24.776 +01:00 [INF] The file /images/nøkkelhull.png was not modified
2024-11-04 10:13:24.776 +01:00 [INF] Request finished HTTP/1.1 GET http://localhost:5017/images/family.jpg - 304 null image/jpeg 1.5454ms
2024-11-04 10:13:24.776 +01:00 [INF] Request finished HTTP/1.1 GET http://localhost:5017/images/nøkkelhull.png - 304 null image/png 0.9762ms
2024-11-04 10:13:24.908 +01:00 [INF] Request starting HTTP/1.1 GET http://localhost:5017/favicon.ico - null null
2024-11-04 10:13:24.910 +01:00 [INF] Request finished HTTP/1.1 GET http://localhost:5017/favicon.ico - 404 0 null 1.9664ms
2024-11-04 10:13:24.911 +01:00 [INF] Request reached the end of the middleware pipeline without being handled by application code. Request path: GET http://localhost:5017/favicon.ico, Response status code: 404
2024-11-04 10:15:56.285 +01:00 [INF] Request starting HTTP/1.1 GET http://localhost:5017/ - null null
2024-11-04 10:15:56.287 +01:00 [INF] Executing endpoint 'MyShop.Controllers.HomeController.Index (MyShop)'
2024-11-04 10:15:56.288 +01:00 [INF] Route matched with {action = "Index", controller = "Home", page = "", area = ""}. Executing controller action with signature Microsoft.AspNetCore.Mvc.IActionResult Index() on controller MyShop.Controllers.HomeController (MyShop).
2024-11-04 10:15:56.289 +01:00 [INF] Executing ViewResult, running view Index.
2024-11-04 10:15:56.294 +01:00 [INF] Executed ViewResult - view Index executed in 5.3882ms.
2024-11-04 10:15:56.294 +01:00 [INF] Executed action MyShop.Controllers.HomeController.Index (MyShop) in 6.0246ms
2024-11-04 10:15:56.294 +01:00 [INF] Executed endpoint 'MyShop.Controllers.HomeController.Index (MyShop)'
2024-11-04 10:15:56.294 +01:00 [INF] Request finished HTTP/1.1 GET http://localhost:5017/ - 200 null text/html; charset=utf-8 9.5102ms
2024-11-04 10:17:39.967 +01:00 [INF] Request starting HTTP/1.1 GET http://localhost:5017/Identity/Account/Register - null null
2024-11-04 10:17:39.968 +01:00 [INF] Executing endpoint '/Account/Register'
2024-11-04 10:17:39.987 +01:00 [INF] Route matched with {page = "/Account/Register", area = "Identity", action = "", controller = ""}. Executing page /Account/Register
2024-11-04 10:17:40.006 +01:00 [INF] Executing handler method MyShop.Areas.Identity.Pages.Account.RegisterModel.OnGetAsync - ModelState is "Valid"
2024-11-04 10:17:40.009 +01:00 [INF] Executed handler method OnGetAsync, returned result .
2024-11-04 10:17:40.010 +01:00 [INF] Executing an implicit handler method - ModelState is "Valid"
2024-11-04 10:17:40.011 +01:00 [INF] Executed an implicit handler method, returned result Microsoft.AspNetCore.Mvc.RazorPages.PageResult.
2024-11-04 10:17:40.047 +01:00 [INF] Executed page /Account/Register in 59.2848ms
2024-11-04 10:17:40.047 +01:00 [INF] Executed endpoint '/Account/Register'
2024-11-04 10:17:40.047 +01:00 [INF] Request finished HTTP/1.1 GET http://localhost:5017/Identity/Account/Register - 200 null text/html; charset=utf-8 79.7204ms
2024-11-04 10:17:40.070 +01:00 [INF] Request starting HTTP/1.1 GET http://localhost:5017/lib/jquery-validation/dist/jquery.validate.min.js - null null
2024-11-04 10:17:40.071 +01:00 [INF] Request finished HTTP/1.1 GET http://localhost:5017/lib/jquery-validation/dist/jquery.validate.min.js - 404 0 null 0.6897ms
2024-11-04 10:17:40.071 +01:00 [INF] Request reached the end of the middleware pipeline without being handled by application code. Request path: GET http://localhost:5017/lib/jquery-validation/dist/jquery.validate.min.js, Response status code: 404
2024-11-04 10:17:40.076 +01:00 [INF] Request starting HTTP/1.1 GET http://localhost:5017/lib/jquery-validation-unobtrusive/jquery.validate.unobtrusive.min.js - null null
2024-11-04 10:17:40.076 +01:00 [INF] Request finished HTTP/1.1 GET http://localhost:5017/lib/jquery-validation-unobtrusive/jquery.validate.unobtrusive.min.js - 404 0 null 0.4537ms
2024-11-04 10:17:40.076 +01:00 [INF] Request reached the end of the middleware pipeline without being handled by application code. Request path: GET http://localhost:5017/lib/jquery-validation-unobtrusive/jquery.validate.unobtrusive.min.js, Response status code: 404
2024-11-04 10:18:06.175 +01:00 [INF] Request starting HTTP/1.1 GET http://localhost:5017/Identity/Account/Login - null null
2024-11-04 10:18:06.178 +01:00 [INF] Executing endpoint '/Account/Login'
2024-11-04 10:18:06.183 +01:00 [INF] Route matched with {page = "/Account/Login", area = "Identity", action = "", controller = ""}. Executing page /Account/Login
2024-11-04 10:18:06.185 +01:00 [INF] Executing handler method MyShop.Areas.Identity.Pages.Account.LoginModel.OnGetAsync - ModelState is "Valid"
2024-11-04 10:18:06.189 +01:00 [INF] AuthenticationScheme: Identity.External signed out.
2024-11-04 10:18:06.189 +01:00 [INF] Executed handler method OnGetAsync, returned result .
2024-11-04 10:18:06.189 +01:00 [INF] Executing an implicit handler method - ModelState is "Valid"
2024-11-04 10:18:06.189 +01:00 [INF] Executed an implicit handler method, returned result Microsoft.AspNetCore.Mvc.RazorPages.PageResult.
2024-11-04 10:18:06.209 +01:00 [INF] Executed page /Account/Login in 25.4663ms
2024-11-04 10:18:06.209 +01:00 [INF] Executed endpoint '/Account/Login'
2024-11-04 10:18:06.209 +01:00 [INF] Request finished HTTP/1.1 GET http://localhost:5017/Identity/Account/Login - 200 null text/html; charset=utf-8 34.3784ms
2024-11-04 10:18:06.225 +01:00 [INF] Request starting HTTP/1.1 GET http://localhost:5017/lib/jquery-validation/dist/jquery.validate.min.js - null null
2024-11-04 10:18:06.226 +01:00 [INF] Request finished HTTP/1.1 GET http://localhost:5017/lib/jquery-validation/dist/jquery.validate.min.js - 404 0 null 0.6731ms
2024-11-04 10:18:06.226 +01:00 [INF] Request starting HTTP/1.1 GET http://localhost:5017/lib/jquery-validation-unobtrusive/jquery.validate.unobtrusive.min.js - null null
2024-11-04 10:18:06.226 +01:00 [INF] Request reached the end of the middleware pipeline without being handled by application code. Request path: GET http://localhost:5017/lib/jquery-validation/dist/jquery.validate.min.js, Response status code: 404
2024-11-04 10:18:06.226 +01:00 [INF] Request finished HTTP/1.1 GET http://localhost:5017/lib/jquery-validation-unobtrusive/jquery.validate.unobtrusive.min.js - 404 0 null 0.3429ms
2024-11-04 10:18:06.226 +01:00 [INF] Request reached the end of the middleware pipeline without being handled by application code. Request path: GET http://localhost:5017/lib/jquery-validation-unobtrusive/jquery.validate.unobtrusive.min.js, Response status code: 404
2024-11-04 10:18:08.478 +01:00 [INF] Request starting HTTP/1.1 GET http://localhost:5017/Identity/Account/Register - null null
2024-11-04 10:18:08.478 +01:00 [INF] Executing endpoint '/Account/Register'
2024-11-04 10:18:08.478 +01:00 [INF] Route matched with {page = "/Account/Register", area = "Identity", action = "", controller = ""}. Executing page /Account/Register
2024-11-04 10:18:08.479 +01:00 [INF] Executing handler method MyShop.Areas.Identity.Pages.Account.RegisterModel.OnGetAsync - ModelState is "Valid"
2024-11-04 10:18:08.479 +01:00 [INF] Executed handler method OnGetAsync, returned result .
2024-11-04 10:18:08.479 +01:00 [INF] Executing an implicit handler method - ModelState is "Valid"
2024-11-04 10:18:08.479 +01:00 [INF] Executed an implicit handler method, returned result Microsoft.AspNetCore.Mvc.RazorPages.PageResult.
2024-11-04 10:18:08.481 +01:00 [INF] Executed page /Account/Register in 3.1814ms
2024-11-04 10:18:08.482 +01:00 [INF] Executed endpoint '/Account/Register'
2024-11-04 10:18:08.482 +01:00 [INF] Request finished HTTP/1.1 GET http://localhost:5017/Identity/Account/Register - 200 null text/html; charset=utf-8 3.854ms
2024-11-04 10:18:08.498 +01:00 [INF] Request starting HTTP/1.1 GET http://localhost:5017/lib/jquery-validation-unobtrusive/jquery.validate.unobtrusive.min.js - null null
2024-11-04 10:18:08.498 +01:00 [INF] Request starting HTTP/1.1 GET http://localhost:5017/lib/jquery-validation/dist/jquery.validate.min.js - null null
2024-11-04 10:18:08.499 +01:00 [INF] Request finished HTTP/1.1 GET http://localhost:5017/lib/jquery-validation-unobtrusive/jquery.validate.unobtrusive.min.js - 404 0 null 0.5265ms
2024-11-04 10:18:08.499 +01:00 [INF] Request finished HTTP/1.1 GET http://localhost:5017/lib/jquery-validation/dist/jquery.validate.min.js - 404 0 null 0.5271ms
2024-11-04 10:18:08.499 +01:00 [INF] Request reached the end of the middleware pipeline without being handled by application code. Request path: GET http://localhost:5017/lib/jquery-validation-unobtrusive/jquery.validate.unobtrusive.min.js, Response status code: 404
2024-11-04 10:18:08.499 +01:00 [INF] Request reached the end of the middleware pipeline without being handled by application code. Request path: GET http://localhost:5017/lib/jquery-validation/dist/jquery.validate.min.js, Response status code: 404
2024-11-04 10:18:09.155 +01:00 [INF] Request starting HTTP/1.1 GET http://localhost:5017/Identity/Account/Login - null null
2024-11-04 10:18:09.155 +01:00 [INF] Executing endpoint '/Account/Login'
2024-11-04 10:18:09.155 +01:00 [INF] Route matched with {page = "/Account/Login", area = "Identity", action = "", controller = ""}. Executing page /Account/Login
2024-11-04 10:18:09.156 +01:00 [INF] Executing handler method MyShop.Areas.Identity.Pages.Account.LoginModel.OnGetAsync - ModelState is "Valid"
2024-11-04 10:18:09.156 +01:00 [INF] AuthenticationScheme: Identity.External signed out.
2024-11-04 10:18:09.156 +01:00 [INF] Executed handler method OnGetAsync, returned result .
2024-11-04 10:18:09.156 +01:00 [INF] Executing an implicit handler method - ModelState is "Valid"
2024-11-04 10:18:09.156 +01:00 [INF] Executed an implicit handler method, returned result Microsoft.AspNetCore.Mvc.RazorPages.PageResult.
2024-11-04 10:18:09.159 +01:00 [INF] Executed page /Account/Login in 3.2161ms
2024-11-04 10:18:09.159 +01:00 [INF] Executed endpoint '/Account/Login'
2024-11-04 10:18:09.159 +01:00 [INF] Request finished HTTP/1.1 GET http://localhost:5017/Identity/Account/Login - 200 null text/html; charset=utf-8 4.0973ms
2024-11-04 10:18:09.176 +01:00 [INF] Request starting HTTP/1.1 GET http://localhost:5017/lib/jquery-validation/dist/jquery.validate.min.js - null null
2024-11-04 10:18:09.176 +01:00 [INF] Request starting HTTP/1.1 GET http://localhost:5017/lib/jquery-validation-unobtrusive/jquery.validate.unobtrusive.min.js - null null
2024-11-04 10:18:09.177 +01:00 [INF] Request finished HTTP/1.1 GET http://localhost:5017/lib/jquery-validation/dist/jquery.validate.min.js - 404 0 null 1.0315ms
2024-11-04 10:18:09.177 +01:00 [INF] Request finished HTTP/1.1 GET http://localhost:5017/lib/jquery-validation-unobtrusive/jquery.validate.unobtrusive.min.js - 404 0 null 1.0317ms
2024-11-04 10:18:09.177 +01:00 [INF] Request reached the end of the middleware pipeline without being handled by application code. Request path: GET http://localhost:5017/lib/jquery-validation/dist/jquery.validate.min.js, Response status code: 404
2024-11-04 10:18:09.177 +01:00 [INF] Request reached the end of the middleware pipeline without being handled by application code. Request path: GET http://localhost:5017/lib/jquery-validation-unobtrusive/jquery.validate.unobtrusive.min.js, Response status code: 404
2024-11-04 10:20:24.128 +01:00 [INF] Request starting HTTP/1.1 GET http://localhost:5017/ - null null
2024-11-04 10:20:24.128 +01:00 [INF] Executing endpoint 'MyShop.Controllers.HomeController.Index (MyShop)'
2024-11-04 10:20:24.128 +01:00 [INF] Route matched with {action = "Index", controller = "Home", page = "", area = ""}. Executing controller action with signature Microsoft.AspNetCore.Mvc.IActionResult Index() on controller MyShop.Controllers.HomeController (MyShop).
2024-11-04 10:20:24.128 +01:00 [INF] Executing ViewResult, running view Index.
2024-11-04 10:20:24.129 +01:00 [INF] Executed ViewResult - view Index executed in 0.9042ms.
2024-11-04 10:20:24.129 +01:00 [INF] Executed action MyShop.Controllers.HomeController.Index (MyShop) in 1.0285ms
2024-11-04 10:20:24.129 +01:00 [INF] Executed endpoint 'MyShop.Controllers.HomeController.Index (MyShop)'
2024-11-04 10:20:24.129 +01:00 [INF] Request finished HTTP/1.1 GET http://localhost:5017/ - 200 null text/html; charset=utf-8 1.5037ms
2024-11-04 10:20:29.262 +01:00 [INF] Request starting HTTP/1.1 GET http://localhost:5017/Item/Grid - null null
2024-11-04 10:20:29.263 +01:00 [INF] Executing endpoint 'MyShop.Controllers.ItemController.Grid (MyShop)'
2024-11-04 10:20:29.266 +01:00 [INF] Route matched with {action = "Grid", controller = "Item", page = "", area = ""}. Executing controller action with signature System.Threading.Tasks.Task`1[Microsoft.AspNetCore.Mvc.IActionResult] Grid() on controller MyShop.Controllers.ItemController (MyShop).
2024-11-04 10:20:29.370 +01:00 [INF] Executing ViewResult, running view Grid.
2024-11-04 10:20:29.373 +01:00 [INF] Executed ViewResult - view Grid executed in 3.57ms.
2024-11-04 10:20:29.373 +01:00 [INF] Executed action MyShop.Controllers.ItemController.Grid (MyShop) in 106.9399ms
2024-11-04 10:20:29.373 +01:00 [INF] Executed endpoint 'MyShop.Controllers.ItemController.Grid (MyShop)'
2024-11-04 10:20:29.376 +01:00 [INF] Request finished HTTP/1.1 GET http://localhost:5017/Item/Grid - 200 null text/html; charset=utf-8 114.0855ms
2024-11-04 10:20:29.397 +01:00 [INF] Request starting HTTP/1.1 GET http://localhost:5017/images/table.png - null null
2024-11-04 10:20:29.398 +01:00 [INF] The file /images/table.png was not modified
2024-11-04 10:20:29.398 +01:00 [INF] Request finished HTTP/1.1 GET http://localhost:5017/images/table.png - 304 null image/png 0.7193ms
2024-11-04 10:20:29.402 +01:00 [INF] Request starting HTTP/1.1 GET http://localhost:5017/images/helmelk.jpg - null null
2024-11-04 10:20:29.405 +01:00 [INF] Request starting HTTP/1.1 GET http://localhost:5017/images/kjøttdeig.jpg - null null
2024-11-04 10:20:29.412 +01:00 [INF] Sending file. Request path: '/images/helmelk.jpg'. Physical path: 'C:\ITPE3200\ITPE3200_Exam_project-main\ITPE3200_Exam_project-main\ITPE3200_Exam_project\wwwroot\images\helmelk.jpg'
2024-11-04 10:20:29.412 +01:00 [INF] Sending file. Request path: '/images/kjøttdeig.jpg'. Physical path: 'C:\ITPE3200\ITPE3200_Exam_project-main\ITPE3200_Exam_project-main\ITPE3200_Exam_project\wwwroot\images\kjøttdeig.jpg'
2024-11-04 10:20:29.413 +01:00 [INF] Request finished HTTP/1.1 GET http://localhost:5017/images/helmelk.jpg - 200 17192 image/jpeg 10.8137ms
2024-11-04 10:20:29.413 +01:00 [INF] Request finished HTTP/1.1 GET http://localhost:5017/images/kjøttdeig.jpg - 200 25555 image/jpeg 7.815ms
2024-11-04 10:20:29.417 +01:00 [INF] Request starting HTTP/1.1 GET http://localhost:5017/images/kylling.jpg - null null
2024-11-04 10:20:29.417 +01:00 [INF] Request starting HTTP/1.1 GET http://localhost:5017/images/lettmelk.jpg - null null
2024-11-04 10:20:29.417 +01:00 [INF] Request starting HTTP/1.1 GET http://localhost:5017/images/polpa.jpg - null null
2024-11-04 10:20:29.417 +01:00 [INF] Request starting HTTP/1.1 GET http://localhost:5017/images/peanøtter.jpg - null null
2024-11-04 10:20:29.418 +01:00 [INF] Sending file. Request path: '/images/lettmelk.jpg'. Physical path: 'C:\ITPE3200\ITPE3200_Exam_project-main\ITPE3200_Exam_project-main\ITPE3200_Exam_project\wwwroot\images\lettmelk.jpg'
2024-11-04 10:20:29.418 +01:00 [INF] Sending file. Request path: '/images/kylling.jpg'. Physical path: 'C:\ITPE3200\ITPE3200_Exam_project-main\ITPE3200_Exam_project-main\ITPE3200_Exam_project\wwwroot\images\kylling.jpg'
2024-11-04 10:20:29.419 +01:00 [INF] Sending file. Request path: '/images/peanøtter.jpg'. Physical path: 'C:\ITPE3200\ITPE3200_Exam_project-main\ITPE3200_Exam_project-main\ITPE3200_Exam_project\wwwroot\images\peanøtter.jpg'
2024-11-04 10:20:29.419 +01:00 [INF] Request finished HTTP/1.1 GET http://localhost:5017/images/lettmelk.jpg - 200 22011 image/jpeg 1.8192ms
2024-11-04 10:20:29.419 +01:00 [INF] Request finished HTTP/1.1 GET http://localhost:5017/images/peanøtter.jpg - 200 28086 image/jpeg 1.5561ms
2024-11-04 10:20:29.419 +01:00 [INF] Sending file. Request path: '/images/polpa.jpg'. Physical path: 'C:\ITPE3200\ITPE3200_Exam_project-main\ITPE3200_Exam_project-main\ITPE3200_Exam_project\wwwroot\images\polpa.jpg'
2024-11-04 10:20:29.419 +01:00 [INF] Request finished HTTP/1.1 GET http://localhost:5017/images/kylling.jpg - 200 14044 image/jpeg 1.831ms
2024-11-04 10:20:29.419 +01:00 [INF] Request finished HTTP/1.1 GET http://localhost:5017/images/polpa.jpg - 200 31503 image/jpeg 1.9186ms
2024-11-04 10:20:31.511 +01:00 [INF] Request starting HTTP/1.1 GET http://localhost:5017/ - null null
2024-11-04 10:20:31.511 +01:00 [INF] Executing endpoint 'MyShop.Controllers.HomeController.Index (MyShop)'
2024-11-04 10:20:31.512 +01:00 [INF] Route matched with {action = "Index", controller = "Home", page = "", area = ""}. Executing controller action with signature Microsoft.AspNetCore.Mvc.IActionResult Index() on controller MyShop.Controllers.HomeController (MyShop).
2024-11-04 10:20:31.512 +01:00 [INF] Executing ViewResult, running view Index.
2024-11-04 10:20:31.512 +01:00 [INF] Executed ViewResult - view Index executed in 0.8291ms.
2024-11-04 10:20:31.513 +01:00 [INF] Executed action MyShop.Controllers.HomeController.Index (MyShop) in 0.938ms
2024-11-04 10:20:31.513 +01:00 [INF] Executed endpoint 'MyShop.Controllers.HomeController.Index (MyShop)'
2024-11-04 10:20:31.513 +01:00 [INF] Request finished HTTP/1.1 GET http://localhost:5017/ - 200 null text/html; charset=utf-8 1.332ms
2024-11-04 10:20:37.004 +01:00 [INF] Request starting HTTP/1.1 GET http://localhost:5017/Item/Grid - null null
2024-11-04 10:20:37.005 +01:00 [INF] Executing endpoint 'MyShop.Controllers.ItemController.Grid (MyShop)'
2024-11-04 10:20:37.005 +01:00 [INF] Route matched with {action = "Grid", controller = "Item", page = "", area = ""}. Executing controller action with signature System.Threading.Tasks.Task`1[Microsoft.AspNetCore.Mvc.IActionResult] Grid() on controller MyShop.Controllers.ItemController (MyShop).
2024-11-04 10:20:37.045 +01:00 [INF] Executing ViewResult, running view Grid.
2024-11-04 10:20:37.045 +01:00 [INF] Executed ViewResult - view Grid executed in 0.7916ms.
2024-11-04 10:20:37.045 +01:00 [INF] Executed action MyShop.Controllers.ItemController.Grid (MyShop) in 39.9399ms
2024-11-04 10:20:37.045 +01:00 [INF] Executed endpoint 'MyShop.Controllers.ItemController.Grid (MyShop)'
2024-11-04 10:20:37.046 +01:00 [INF] Request finished HTTP/1.1 GET http://localhost:5017/Item/Grid - 200 null text/html; charset=utf-8 41.2743ms
2024-11-04 10:20:38.540 +01:00 [INF] Request starting HTTP/1.1 GET http://localhost:5017/Customer/Table - null null
2024-11-04 10:20:38.541 +01:00 [INF] Executing endpoint 'MyShop.Controllers.CustomerController.Table (MyShop)'
2024-11-04 10:20:38.543 +01:00 [INF] Route matched with {action = "Table", controller = "Customer", page = "", area = ""}. Executing controller action with signature System.Threading.Tasks.Task`1[Microsoft.AspNetCore.Mvc.IActionResult] Table() on controller MyShop.Controllers.CustomerController (MyShop).
2024-11-04 10:20:38.553 +01:00 [INF] Executing ViewResult, running view Table.
2024-11-04 10:20:38.610 +01:00 [INF] Executed ViewResult - view Table executed in 57.2237ms.
2024-11-04 10:20:38.610 +01:00 [INF] Executed action MyShop.Controllers.CustomerController.Table (MyShop) in 66.468ms
2024-11-04 10:20:38.610 +01:00 [INF] Executed endpoint 'MyShop.Controllers.CustomerController.Table (MyShop)'
2024-11-04 10:20:38.610 +01:00 [INF] Request finished HTTP/1.1 GET http://localhost:5017/Customer/Table - 200 null text/html; charset=utf-8 70.0041ms
2024-11-04 10:20:40.249 +01:00 [INF] Request starting HTTP/1.1 GET http://localhost:5017/Item/Grid - null null
2024-11-04 10:20:40.249 +01:00 [INF] Executing endpoint 'MyShop.Controllers.ItemController.Grid (MyShop)'
2024-11-04 10:20:40.249 +01:00 [INF] Route matched with {action = "Grid", controller = "Item", page = "", area = ""}. Executing controller action with signature System.Threading.Tasks.Task`1[Microsoft.AspNetCore.Mvc.IActionResult] Grid() on controller MyShop.Controllers.ItemController (MyShop).
2024-11-04 10:20:40.252 +01:00 [INF] Executing ViewResult, running view Grid.
2024-11-04 10:20:40.253 +01:00 [INF] Executed ViewResult - view Grid executed in 0.9813ms.
2024-11-04 10:20:40.253 +01:00 [INF] Executed action MyShop.Controllers.ItemController.Grid (MyShop) in 3.3344ms
2024-11-04 10:20:40.253 +01:00 [INF] Executed endpoint 'MyShop.Controllers.ItemController.Grid (MyShop)'
2024-11-04 10:20:40.253 +01:00 [INF] Request finished HTTP/1.1 GET http://localhost:5017/Item/Grid - 200 null text/html; charset=utf-8 3.9322ms
2024-11-04 10:20:41.401 +01:00 [INF] Request starting HTTP/1.1 GET http://localhost:5017/ - null null
2024-11-04 10:20:41.401 +01:00 [INF] Executing endpoint 'MyShop.Controllers.HomeController.Index (MyShop)'
2024-11-04 10:20:41.401 +01:00 [INF] Route matched with {action = "Index", controller = "Home", page = "", area = ""}. Executing controller action with signature Microsoft.AspNetCore.Mvc.IActionResult Index() on controller MyShop.Controllers.HomeController (MyShop).
2024-11-04 10:20:41.401 +01:00 [INF] Executing ViewResult, running view Index.
2024-11-04 10:20:41.402 +01:00 [INF] Executed ViewResult - view Index executed in 0.597ms.
2024-11-04 10:20:41.402 +01:00 [INF] Executed action MyShop.Controllers.HomeController.Index (MyShop) in 0.6954ms
2024-11-04 10:20:41.402 +01:00 [INF] Executed endpoint 'MyShop.Controllers.HomeController.Index (MyShop)'
2024-11-04 10:20:41.402 +01:00 [INF] Request finished HTTP/1.1 GET http://localhost:5017/ - 200 null text/html; charset=utf-8 1.1024ms
2024-11-04 10:24:12.245 +01:00 [INF] Request starting HTTP/1.1 GET http://localhost:5017/Identity/Account/Login - null null
2024-11-04 10:24:12.246 +01:00 [INF] Executing endpoint '/Account/Login'
2024-11-04 10:24:12.246 +01:00 [INF] Route matched with {page = "/Account/Login", area = "Identity", action = "", controller = ""}. Executing page /Account/Login
2024-11-04 10:24:12.247 +01:00 [INF] Executing handler method MyShop.Areas.Identity.Pages.Account.LoginModel.OnGetAsync - ModelState is "Valid"
2024-11-04 10:24:12.247 +01:00 [INF] AuthenticationScheme: Identity.External signed out.
2024-11-04 10:24:12.247 +01:00 [INF] Executed handler method OnGetAsync, returned result .
2024-11-04 10:24:12.247 +01:00 [INF] Executing an implicit handler method - ModelState is "Valid"
2024-11-04 10:24:12.247 +01:00 [INF] Executed an implicit handler method, returned result Microsoft.AspNetCore.Mvc.RazorPages.PageResult.
2024-11-04 10:24:12.249 +01:00 [INF] Executed page /Account/Login in 2.1946ms
2024-11-04 10:24:12.249 +01:00 [INF] Executed endpoint '/Account/Login'
2024-11-04 10:24:12.249 +01:00 [INF] Request finished HTTP/1.1 GET http://localhost:5017/Identity/Account/Login - 200 null text/html; charset=utf-8 3.2001ms
2024-11-04 10:24:12.275 +01:00 [INF] Request starting HTTP/1.1 GET http://localhost:5017/lib/jquery-validation/dist/jquery.validate.min.js - null null
2024-11-04 10:24:12.276 +01:00 [INF] Request finished HTTP/1.1 GET http://localhost:5017/lib/jquery-validation/dist/jquery.validate.min.js - 404 0 null 0.557ms
2024-11-04 10:24:12.276 +01:00 [INF] Request reached the end of the middleware pipeline without being handled by application code. Request path: GET http://localhost:5017/lib/jquery-validation/dist/jquery.validate.min.js, Response status code: 404
2024-11-04 10:24:12.282 +01:00 [INF] Request starting HTTP/1.1 GET http://localhost:5017/lib/jquery-validation-unobtrusive/jquery.validate.unobtrusive.min.js - null null
2024-11-04 10:24:12.282 +01:00 [INF] Request finished HTTP/1.1 GET http://localhost:5017/lib/jquery-validation-unobtrusive/jquery.validate.unobtrusive.min.js - 404 0 null 0.389ms
2024-11-04 10:24:12.282 +01:00 [INF] Request reached the end of the middleware pipeline without being handled by application code. Request path: GET http://localhost:5017/lib/jquery-validation-unobtrusive/jquery.validate.unobtrusive.min.js, Response status code: 404
2024-11-04 10:28:47.110 +01:00 [INF] Application is shutting down...
