2024-10-18 12:13:20.794 +02:00 [INF] User profile is available. Using 'C:\Users\jovan\AppData\Local\ASP.NET\DataProtection-Keys' as key repository and Windows DPAPI to encrypt keys at rest.
2024-10-18 12:13:20.836 +02:00 [INF] Now listening on: http://localhost:5017
2024-10-18 12:13:20.838 +02:00 [INF] Application started. Press Ctrl+C to shut down.
2024-10-18 12:13:20.838 +02:00 [INF] Hosting environment: Development
2024-10-18 12:13:20.839 +02:00 [INF] Content root path: C:\TestMappe\ITPE3200_Exam_project
2024-10-18 12:13:23.382 +02:00 [INF] Request starting HTTP/1.1 GET http://localhost:5017/ - null null
2024-10-18 12:13:23.405 +02:00 [INF] Executing endpoint 'MyShop.Controllers.HomeController.Index (MyShop)'
2024-10-18 12:13:23.412 +02:00 [INF] Route matched with {action = "Index", controller = "Home"}. Executing controller action with signature Microsoft.AspNetCore.Mvc.IActionResult Index() on controller MyShop.Controllers.HomeController (MyShop).
2024-10-18 12:13:23.423 +02:00 [INF] Executing ViewResult, running view Index.
2024-10-18 12:13:23.474 +02:00 [INF] Executed ViewResult - view Index executed in 51.5402ms.
2024-10-18 12:13:23.476 +02:00 [INF] Executed action MyShop.Controllers.HomeController.Index (MyShop) in 63.3644ms
2024-10-18 12:13:23.476 +02:00 [INF] Executed endpoint 'MyShop.Controllers.HomeController.Index (MyShop)'
2024-10-18 12:13:23.479 +02:00 [INF] Request finished HTTP/1.1 GET http://localhost:5017/ - 200 null text/html; charset=utf-8 98.9748ms
2024-10-18 12:13:24.849 +02:00 [INF] Request starting HTTP/1.1 GET http://localhost:5017/Item/Table - null null
2024-10-18 12:13:24.850 +02:00 [INF] Executing endpoint 'MyShop.Controllers.ItemController.Table (MyShop)'
2024-10-18 12:13:24.855 +02:00 [INF] Route matched with {action = "Table", controller = "Item"}. Executing controller action with signature System.Threading.Tasks.Task`1[Microsoft.AspNetCore.Mvc.IActionResult] Table() on controller MyShop.Controllers.ItemController (MyShop).
2024-10-18 12:13:24.959 +02:00 [INF] Executing ViewResult, running view Table.
2024-10-18 12:13:24.970 +02:00 [INF] Executed ViewResult - view Table executed in 11.9177ms.
2024-10-18 12:13:24.970 +02:00 [INF] Executed action MyShop.Controllers.ItemController.Table (MyShop) in 114.4135ms
2024-10-18 12:13:24.970 +02:00 [INF] Executed endpoint 'MyShop.Controllers.ItemController.Table (MyShop)'
2024-10-18 12:13:24.976 +02:00 [INF] Request finished HTTP/1.1 GET http://localhost:5017/Item/Table - 200 null text/html; charset=utf-8 127.2978ms
2024-10-18 12:13:26.918 +02:00 [INF] Request starting HTTP/1.1 GET http://localhost:5017/Item/Create - null null
2024-10-18 12:13:26.921 +02:00 [INF] Executing endpoint 'MyShop.Controllers.ItemController.Create (MyShop)'
2024-10-18 12:13:26.923 +02:00 [INF] Route matched with {action = "Create", controller = "Item"}. Executing controller action with signature Microsoft.AspNetCore.Mvc.IActionResult Create() on controller MyShop.Controllers.ItemController (MyShop).
2024-10-18 12:13:26.924 +02:00 [INF] Executing ViewResult, running view Create.
2024-10-18 12:13:26.963 +02:00 [INF] Executed ViewResult - view Create executed in 39.6978ms.
2024-10-18 12:13:26.963 +02:00 [INF] Executed action MyShop.Controllers.ItemController.Create (MyShop) in 40.434ms
2024-10-18 12:13:26.963 +02:00 [INF] Executed endpoint 'MyShop.Controllers.ItemController.Create (MyShop)'
2024-10-18 12:13:26.963 +02:00 [INF] Request finished HTTP/1.1 GET http://localhost:5017/Item/Create - 200 null text/html; charset=utf-8 45.8234ms
