2024-11-04 11:04:40.901 +01:00 [INF] User profile is available. Using 'C:\Users\Hadle\AppData\Local\ASP.NET\DataProtection-Keys' as key repository and Windows DPAPI to encrypt keys at rest.
2024-11-04 11:04:41.052 +01:00 [INF] Now listening on: http://localhost:5017
2024-11-04 11:04:41.055 +01:00 [INF] Application started. Press Ctrl+C to shut down.
2024-11-04 11:04:41.056 +01:00 [INF] Hosting environment: Development
2024-11-04 11:04:41.056 +01:00 [INF] Content root path: C:\ITPE3200\ITPE3200_Exam_project-main\ITPE3200_Exam_project-main\ITPE3200_Exam_project
2024-11-04 11:04:43.332 +01:00 [INF] Request starting HTTP/1.1 GET http://localhost:5017/ - null null
2024-11-04 11:04:43.370 +01:00 [INF] Executing endpoint 'MyShop.Controllers.HomeController.Index (MyShop)'
2024-11-04 11:04:43.380 +01:00 [INF] Route matched with {action = "Index", controller = "Home", page = "", area = ""}. Executing controller action with signature Microsoft.AspNetCore.Mvc.IActionResult Index() on controller MyShop.Controllers.HomeController (MyShop).
2024-11-04 11:04:43.387 +01:00 [INF] Executing ViewResult, running view Index.
2024-11-04 11:04:43.457 +01:00 [INF] Executed ViewResult - view Index executed in 70.9697ms.
2024-11-04 11:04:43.458 +01:00 [INF] Executed action MyShop.Controllers.HomeController.Index (MyShop) in 77.7946ms
2024-11-04 11:04:43.459 +01:00 [INF] Executed endpoint 'MyShop.Controllers.HomeController.Index (MyShop)'
2024-11-04 11:04:43.462 +01:00 [INF] Request finished HTTP/1.1 GET http://localhost:5017/ - 200 null text/html; charset=utf-8 131.1086ms
2024-11-04 11:04:46.504 +01:00 [INF] Request starting HTTP/1.1 GET http://localhost:5017/ - null null
2024-11-04 11:04:46.506 +01:00 [INF] Executing endpoint 'MyShop.Controllers.HomeController.Index (MyShop)'
2024-11-04 11:04:46.506 +01:00 [INF] Route matched with {action = "Index", controller = "Home", page = "", area = ""}. Executing controller action with signature Microsoft.AspNetCore.Mvc.IActionResult Index() on controller MyShop.Controllers.HomeController (MyShop).
2024-11-04 11:04:46.507 +01:00 [INF] Executing ViewResult, running view Index.
2024-11-04 11:04:46.512 +01:00 [INF] Executed ViewResult - view Index executed in 5.5211ms.
2024-11-04 11:04:46.512 +01:00 [INF] Executed action MyShop.Controllers.HomeController.Index (MyShop) in 5.9859ms
2024-11-04 11:04:46.512 +01:00 [INF] Executed endpoint 'MyShop.Controllers.HomeController.Index (MyShop)'
2024-11-04 11:04:46.512 +01:00 [INF] Request finished HTTP/1.1 GET http://localhost:5017/ - 200 null text/html; charset=utf-8 7.9242ms
2024-11-04 11:05:01.295 +01:00 [INF] Application is shutting down...
