2024-11-04 10:50:39.052 +01:00 [INF] User profile is available. Using 'C:\Users\Hadle\AppData\Local\ASP.NET\DataProtection-Keys' as key repository and Windows DPAPI to encrypt keys at rest.
2024-11-04 10:50:39.219 +01:00 [INF] Now listening on: http://localhost:5017
2024-11-04 10:50:39.223 +01:00 [INF] Application started. Press Ctrl+C to shut down.
2024-11-04 10:50:39.224 +01:00 [INF] Hosting environment: Development
2024-11-04 10:50:39.224 +01:00 [INF] Content root path: C:\ITPE3200\ITPE3200_Exam_project-main\ITPE3200_Exam_project-main\ITPE3200_Exam_project
2024-11-04 10:50:41.064 +01:00 [INF] Request starting HTTP/1.1 GET http://localhost:5017/ - null null
2024-11-04 10:50:41.104 +01:00 [INF] Executing endpoint 'MyShop.Controllers.HomeController.Index (MyShop)'
2024-11-04 10:50:41.112 +01:00 [INF] Route matched with {action = "Index", controller = "Home", page = "", area = ""}. Executing controller action with signature Microsoft.AspNetCore.Mvc.IActionResult Index() on controller MyShop.Controllers.HomeController (MyShop).
2024-11-04 10:50:41.119 +01:00 [INF] Executing ViewResult, running view Index.
2024-11-04 10:50:41.194 +01:00 [INF] Executed ViewResult - view Index executed in 75.5711ms.
2024-11-04 10:50:41.195 +01:00 [INF] Executed action MyShop.Controllers.HomeController.Index (MyShop) in 82.774ms
2024-11-04 10:50:41.196 +01:00 [INF] Executed endpoint 'MyShop.Controllers.HomeController.Index (MyShop)'
2024-11-04 10:50:41.199 +01:00 [INF] Request finished HTTP/1.1 GET http://localhost:5017/ - 200 null text/html; charset=utf-8 136.2282ms
2024-11-04 10:54:25.435 +01:00 [INF] Request starting HTTP/1.1 GET http://localhost:5017/Customer/Table - null null
2024-11-04 10:54:25.438 +01:00 [INF] Executing endpoint 'MyShop.Controllers.CustomerController.Table (MyShop)'
2024-11-04 10:54:25.442 +01:00 [INF] Route matched with {action = "Table", controller = "Customer", page = "", area = ""}. Executing controller action with signature System.Threading.Tasks.Task`1[Microsoft.AspNetCore.Mvc.IActionResult] Table() on controller MyShop.Controllers.CustomerController (MyShop).
2024-11-04 10:54:25.544 +01:00 [INF] Executing ViewResult, running view Table.
2024-11-04 10:54:25.611 +01:00 [INF] Executed ViewResult - view Table executed in 68.4161ms.
2024-11-04 10:54:25.611 +01:00 [INF] Executed action MyShop.Controllers.CustomerController.Table (MyShop) in 168.9757ms
2024-11-04 10:54:25.612 +01:00 [INF] Executed endpoint 'MyShop.Controllers.CustomerController.Table (MyShop)'
2024-11-04 10:54:25.614 +01:00 [INF] Request finished HTTP/1.1 GET http://localhost:5017/Customer/Table - 200 null text/html; charset=utf-8 178.9634ms
2024-11-04 10:54:35.024 +01:00 [INF] Request starting HTTP/1.1 GET http://localhost:5017/ - null null
2024-11-04 10:54:35.025 +01:00 [INF] Executing endpoint 'MyShop.Controllers.HomeController.Index (MyShop)'
2024-11-04 10:54:35.026 +01:00 [INF] Route matched with {action = "Index", controller = "Home", page = "", area = ""}. Executing controller action with signature Microsoft.AspNetCore.Mvc.IActionResult Index() on controller MyShop.Controllers.HomeController (MyShop).
2024-11-04 10:54:35.026 +01:00 [INF] Executing ViewResult, running view Index.
2024-11-04 10:54:35.035 +01:00 [INF] Executed ViewResult - view Index executed in 8.8751ms.
2024-11-04 10:54:35.035 +01:00 [INF] Executed action MyShop.Controllers.HomeController.Index (MyShop) in 9.2062ms
2024-11-04 10:54:35.035 +01:00 [INF] Executed endpoint 'MyShop.Controllers.HomeController.Index (MyShop)'
2024-11-04 10:54:35.035 +01:00 [INF] Request finished HTTP/1.1 GET http://localhost:5017/ - 200 null text/html; charset=utf-8 11.4733ms
2024-11-04 10:58:51.854 +01:00 [INF] Application is shutting down...
