2024-11-04 15:09:30.341 +01:00 [INF] User profile is available. Using 'C:\Users\jovan\AppData\Local\ASP.NET\DataProtection-Keys' as key repository and Windows DPAPI to encrypt keys at rest.
2024-11-04 15:09:30.473 +01:00 [INF] Now listening on: http://localhost:5017
2024-11-04 15:09:30.477 +01:00 [INF] Application started. Press Ctrl+C to shut down.
2024-11-04 15:09:30.478 +01:00 [INF] Hosting environment: Development
2024-11-04 15:09:30.478 +01:00 [INF] Content root path: C:\TestMappe\Eksamen\ITPE3200_Exam_project
2024-11-04 15:09:32.582 +01:00 [INF] Request starting HTTP/1.1 GET http://localhost:5017/ - null null
2024-11-04 15:09:32.621 +01:00 [INF] Identity.Application was not authenticated. Failure message: Unprotect ticket failed
2024-11-04 15:09:32.625 +01:00 [INF] Executing endpoint 'MyShop.Controllers.HomeController.Index (MyShop)'
2024-11-04 15:09:32.635 +01:00 [INF] Route matched with {action = "Index", controller = "Home", page = "", area = ""}. Executing controller action with signature Microsoft.AspNetCore.Mvc.IActionResult Index() on controller MyShop.Controllers.HomeController (MyShop).
2024-11-04 15:09:32.641 +01:00 [INF] Executing ViewResult, running view Index.
2024-11-04 15:09:32.702 +01:00 [INF] Executed ViewResult - view Index executed in 61.5459ms.
2024-11-04 15:09:32.703 +01:00 [INF] Executed action MyShop.Controllers.HomeController.Index (MyShop) in 68.3245ms
2024-11-04 15:09:32.703 +01:00 [INF] Executed endpoint 'MyShop.Controllers.HomeController.Index (MyShop)'
2024-11-04 15:09:32.708 +01:00 [INF] Request finished HTTP/1.1 GET http://localhost:5017/ - 200 null text/html; charset=utf-8 126.3078ms
2024-11-04 15:09:35.453 +01:00 [INF] Request starting HTTP/1.1 GET http://localhost:5017/Identity/Account/Login - null null
2024-11-04 15:09:35.457 +01:00 [INF] Identity.Application was not authenticated. Failure message: Unprotect ticket failed
2024-11-04 15:09:35.457 +01:00 [INF] Executing endpoint '/Account/Login'
2024-11-04 15:09:35.470 +01:00 [INF] Route matched with {page = "/Account/Login", area = "Identity", action = "", controller = ""}. Executing page /Account/Login
2024-11-04 15:09:35.481 +01:00 [INF] Executing handler method MyShop.Areas.Identity.Pages.Account.LoginModel.OnGetAsync - ModelState is "Valid"
2024-11-04 15:09:35.486 +01:00 [INF] AuthenticationScheme: Identity.External signed out.
2024-11-04 15:09:35.486 +01:00 [INF] Executed handler method OnGetAsync, returned result .
2024-11-04 15:09:35.488 +01:00 [INF] Executing an implicit handler method - ModelState is "Valid"
2024-11-04 15:09:35.488 +01:00 [INF] Executed an implicit handler method, returned result Microsoft.AspNetCore.Mvc.RazorPages.PageResult.
2024-11-04 15:09:35.514 +01:00 [INF] Executed page /Account/Login in 43.3746ms
2024-11-04 15:09:35.514 +01:00 [INF] Executed endpoint '/Account/Login'
2024-11-04 15:09:35.514 +01:00 [INF] Request finished HTTP/1.1 GET http://localhost:5017/Identity/Account/Login - 200 null text/html; charset=utf-8 61.452ms
2024-11-04 15:09:35.544 +01:00 [INF] Request starting HTTP/1.1 GET http://localhost:5017/css/Login.css - null null
2024-11-04 15:09:35.546 +01:00 [INF] Request starting HTTP/1.1 GET http://localhost:5017/images/SignUp.png - null null
2024-11-04 15:09:35.550 +01:00 [INF] The file /css/Login.css was not modified
2024-11-04 15:09:35.550 +01:00 [INF] The file /images/SignUp.png was not modified
2024-11-04 15:09:35.550 +01:00 [INF] Request finished HTTP/1.1 GET http://localhost:5017/css/Login.css - 304 null text/css 6.1577ms
2024-11-04 15:09:35.551 +01:00 [INF] Request finished HTTP/1.1 GET http://localhost:5017/images/SignUp.png - 304 null image/png 5.0004ms
2024-11-04 15:09:35.595 +01:00 [INF] Request starting HTTP/1.1 GET http://localhost:5017/lib/jquery-validation-unobtrusive/jquery.validate.unobtrusive.min.js - null null
2024-11-04 15:09:35.595 +01:00 [INF] Request starting HTTP/1.1 GET http://localhost:5017/lib/jquery-validation/dist/jquery.validate.min.js - null null
2024-11-04 15:09:35.597 +01:00 [INF] Identity.Application was not authenticated. Failure message: Unprotect ticket failed
2024-11-04 15:09:35.597 +01:00 [INF] Identity.Application was not authenticated. Failure message: Unprotect ticket failed
2024-11-04 15:09:35.597 +01:00 [INF] Request finished HTTP/1.1 GET http://localhost:5017/lib/jquery-validation/dist/jquery.validate.min.js - 404 0 null 2.1116ms
2024-11-04 15:09:35.597 +01:00 [INF] Request finished HTTP/1.1 GET http://localhost:5017/lib/jquery-validation-unobtrusive/jquery.validate.unobtrusive.min.js - 404 0 null 2.1136ms
2024-11-04 15:09:35.598 +01:00 [INF] Request reached the end of the middleware pipeline without being handled by application code. Request path: GET http://localhost:5017/lib/jquery-validation-unobtrusive/jquery.validate.unobtrusive.min.js, Response status code: 404
2024-11-04 15:09:35.598 +01:00 [INF] Request reached the end of the middleware pipeline without being handled by application code. Request path: GET http://localhost:5017/lib/jquery-validation/dist/jquery.validate.min.js, Response status code: 404
