2024-11-04 13:35:19.949 +01:00 [INF] User profile is available. Using 'C:\Users\jovan\AppData\Local\ASP.NET\DataProtection-Keys' as key repository and Windows DPAPI to encrypt keys at rest.
2024-11-04 13:35:20.082 +01:00 [INF] Now listening on: http://localhost:5017
2024-11-04 13:35:20.087 +01:00 [INF] Application started. Press Ctrl+C to shut down.
2024-11-04 13:35:20.088 +01:00 [INF] Hosting environment: Development
2024-11-04 13:35:20.088 +01:00 [INF] Content root path: C:\TestMappe\Eksamen\ITPE3200_Exam_project
2024-11-04 13:35:28.006 +01:00 [INF] Request starting HTTP/1.1 GET http://localhost:5017/ - null null
2024-11-04 13:35:28.046 +01:00 [INF] Identity.Application was not authenticated. Failure message: Unprotect ticket failed
2024-11-04 13:35:28.051 +01:00 [INF] Executing endpoint 'MyShop.Controllers.HomeController.Index (MyShop)'
2024-11-04 13:35:28.058 +01:00 [INF] Route matched with {action = "Index", controller = "Home", page = "", area = ""}. Executing controller action with signature Microsoft.AspNetCore.Mvc.IActionResult Index() on controller MyShop.Controllers.HomeController (MyShop).
2024-11-04 13:35:28.065 +01:00 [INF] Executing ViewResult, running view Index.
2024-11-04 13:35:28.138 +01:00 [INF] Executed ViewResult - view Index executed in 73.7358ms.
2024-11-04 13:35:28.140 +01:00 [INF] Executed action MyShop.Controllers.HomeController.Index (MyShop) in 80.8037ms
2024-11-04 13:35:28.140 +01:00 [INF] Executed endpoint 'MyShop.Controllers.HomeController.Index (MyShop)'
2024-11-04 13:35:28.145 +01:00 [INF] Request finished HTTP/1.1 GET http://localhost:5017/ - 200 null text/html; charset=utf-8 138.6553ms
2024-11-04 13:35:31.413 +01:00 [INF] Request starting HTTP/1.1 GET http://localhost:5017/Identity/Account/Login - null null
2024-11-04 13:35:31.416 +01:00 [INF] Identity.Application was not authenticated. Failure message: Unprotect ticket failed
2024-11-04 13:35:31.416 +01:00 [INF] Executing endpoint '/Account/Login'
2024-11-04 13:35:31.430 +01:00 [INF] Route matched with {page = "/Account/Login", area = "Identity", action = "", controller = ""}. Executing page /Account/Login
2024-11-04 13:35:31.441 +01:00 [INF] Executing handler method MyShop.Areas.Identity.Pages.Account.LoginModel.OnGetAsync - ModelState is "Valid"
2024-11-04 13:35:31.446 +01:00 [INF] AuthenticationScheme: Identity.External signed out.
2024-11-04 13:35:31.447 +01:00 [INF] Executed handler method OnGetAsync, returned result .
2024-11-04 13:35:31.449 +01:00 [INF] Executing an implicit handler method - ModelState is "Valid"
2024-11-04 13:35:31.449 +01:00 [INF] Executed an implicit handler method, returned result Microsoft.AspNetCore.Mvc.RazorPages.PageResult.
2024-11-04 13:35:31.475 +01:00 [INF] Executed page /Account/Login in 43.9506ms
2024-11-04 13:35:31.475 +01:00 [INF] Executed endpoint '/Account/Login'
2024-11-04 13:35:31.475 +01:00 [INF] Request finished HTTP/1.1 GET http://localhost:5017/Identity/Account/Login - 200 null text/html; charset=utf-8 62.5829ms
2024-11-04 13:35:31.505 +01:00 [INF] Request starting HTTP/1.1 GET http://localhost:5017/images/SignUp.png - null null
2024-11-04 13:35:31.511 +01:00 [INF] The file /images/SignUp.png was not modified
2024-11-04 13:35:31.512 +01:00 [INF] Request finished HTTP/1.1 GET http://localhost:5017/images/SignUp.png - 304 null image/png 6.7324ms
2024-11-04 13:35:31.515 +01:00 [INF] Request starting HTTP/1.1 GET http://localhost:5017/lib/jquery-validation/dist/jquery.validate.min.js - null null
2024-11-04 13:35:31.517 +01:00 [INF] Identity.Application was not authenticated. Failure message: Unprotect ticket failed
2024-11-04 13:35:31.517 +01:00 [INF] Request finished HTTP/1.1 GET http://localhost:5017/lib/jquery-validation/dist/jquery.validate.min.js - 404 0 null 2.0423ms
2024-11-04 13:35:31.518 +01:00 [INF] Request starting HTTP/1.1 GET http://localhost:5017/lib/jquery-validation-unobtrusive/jquery.validate.unobtrusive.min.js - null null
2024-11-04 13:35:31.518 +01:00 [INF] Request reached the end of the middleware pipeline without being handled by application code. Request path: GET http://localhost:5017/lib/jquery-validation/dist/jquery.validate.min.js, Response status code: 404
2024-11-04 13:35:31.519 +01:00 [INF] Identity.Application was not authenticated. Failure message: Unprotect ticket failed
2024-11-04 13:35:31.519 +01:00 [INF] Request finished HTTP/1.1 GET http://localhost:5017/lib/jquery-validation-unobtrusive/jquery.validate.unobtrusive.min.js - 404 0 null 1.2042ms
2024-11-04 13:35:31.519 +01:00 [INF] Request reached the end of the middleware pipeline without being handled by application code. Request path: GET http://localhost:5017/lib/jquery-validation-unobtrusive/jquery.validate.unobtrusive.min.js, Response status code: 404
