2024-11-04 13:32:35.550 +01:00 [INF] User profile is available. Using 'C:\Users\Hadle\AppData\Local\ASP.NET\DataProtection-Keys' as key repository and Windows DPAPI to encrypt keys at rest.
2024-11-04 13:32:35.697 +01:00 [INF] Now listening on: http://localhost:5017
2024-11-04 13:32:35.701 +01:00 [INF] Application started. Press Ctrl+C to shut down.
2024-11-04 13:32:35.701 +01:00 [INF] Hosting environment: Development
2024-11-04 13:32:35.701 +01:00 [INF] Content root path: C:\ITPE3200\ITPE3200_Exam_project-main\ITPE3200_Exam_project-main\ITPE3200_Exam_project
2024-11-04 13:32:36.895 +01:00 [INF] Request starting HTTP/1.1 GET http://localhost:5017/ - null null
2024-11-04 13:32:36.932 +01:00 [INF] Executing endpoint 'MyShop.Controllers.HomeController.Index (MyShop)'
2024-11-04 13:32:36.941 +01:00 [INF] Route matched with {action = "Index", controller = "Home", page = "", area = ""}. Executing controller action with signature Microsoft.AspNetCore.Mvc.IActionResult Index() on controller MyShop.Controllers.HomeController (MyShop).
2024-11-04 13:32:36.947 +01:00 [INF] Executing ViewResult, running view Index.
2024-11-04 13:32:37.015 +01:00 [INF] Executed ViewResult - view Index executed in 69.2032ms.
2024-11-04 13:32:37.017 +01:00 [INF] Executed action MyShop.Controllers.HomeController.Index (MyShop) in 76.1118ms
2024-11-04 13:32:37.017 +01:00 [INF] Executed endpoint 'MyShop.Controllers.HomeController.Index (MyShop)'
2024-11-04 13:32:37.021 +01:00 [INF] Request finished HTTP/1.1 GET http://localhost:5017/ - 200 null text/html; charset=utf-8 128.1228ms
2024-11-04 13:32:55.333 +01:00 [INF] Request starting HTTP/1.1 GET http://localhost:5017/ - null null
2024-11-04 13:32:55.335 +01:00 [INF] Executing endpoint 'MyShop.Controllers.HomeController.Index (MyShop)'
2024-11-04 13:32:55.335 +01:00 [INF] Route matched with {action = "Index", controller = "Home", page = "", area = ""}. Executing controller action with signature Microsoft.AspNetCore.Mvc.IActionResult Index() on controller MyShop.Controllers.HomeController (MyShop).
2024-11-04 13:32:55.335 +01:00 [INF] Executing ViewResult, running view Index.
2024-11-04 13:32:55.341 +01:00 [INF] Executed ViewResult - view Index executed in 5.8674ms.
2024-11-04 13:32:55.341 +01:00 [INF] Executed action MyShop.Controllers.HomeController.Index (MyShop) in 6.2934ms
2024-11-04 13:32:55.341 +01:00 [INF] Executed endpoint 'MyShop.Controllers.HomeController.Index (MyShop)'
2024-11-04 13:32:55.342 +01:00 [INF] Request finished HTTP/1.1 GET http://localhost:5017/ - 200 null text/html; charset=utf-8 8.2368ms
2024-11-04 13:32:56.408 +01:00 [INF] Request starting HTTP/1.1 GET http://localhost:5017/Item/Grid - null null
2024-11-04 13:32:56.411 +01:00 [INF] Executing endpoint 'MyShop.Controllers.ItemController.Grid (MyShop)'
2024-11-04 13:32:56.416 +01:00 [INF] Route matched with {action = "Grid", controller = "Item", page = "", area = ""}. Executing controller action with signature System.Threading.Tasks.Task`1[Microsoft.AspNetCore.Mvc.IActionResult] Grid() on controller MyShop.Controllers.ItemController (MyShop).
2024-11-04 13:32:56.516 +01:00 [INF] Executing ViewResult, running view Grid.
2024-11-04 13:32:56.527 +01:00 [INF] Executed ViewResult - view Grid executed in 11.8778ms.
2024-11-04 13:32:56.528 +01:00 [INF] Executed action MyShop.Controllers.ItemController.Grid (MyShop) in 111.7551ms
2024-11-04 13:32:56.528 +01:00 [INF] Executed endpoint 'MyShop.Controllers.ItemController.Grid (MyShop)'
2024-11-04 13:32:56.530 +01:00 [INF] Request finished HTTP/1.1 GET http://localhost:5017/Item/Grid - 200 null text/html; charset=utf-8 122.364ms
2024-11-04 13:32:58.970 +01:00 [INF] Request starting HTTP/1.1 GET http://localhost:5017/Customer/Table - null null
2024-11-04 13:32:58.971 +01:00 [INF] Executing endpoint 'MyShop.Controllers.CustomerController.Table (MyShop)'
2024-11-04 13:32:58.974 +01:00 [INF] Route matched with {action = "Table", controller = "Customer", page = "", area = ""}. Executing controller action with signature System.Threading.Tasks.Task`1[Microsoft.AspNetCore.Mvc.IActionResult] Table() on controller MyShop.Controllers.CustomerController (MyShop).
2024-11-04 13:32:59.020 +01:00 [INF] Executing ViewResult, running view Table.
2024-11-04 13:32:59.023 +01:00 [INF] Executed ViewResult - view Table executed in 2.7403ms.
2024-11-04 13:32:59.023 +01:00 [INF] Executed action MyShop.Controllers.CustomerController.Table (MyShop) in 48.3105ms
2024-11-04 13:32:59.023 +01:00 [INF] Executed endpoint 'MyShop.Controllers.CustomerController.Table (MyShop)'
2024-11-04 13:32:59.023 +01:00 [INF] Request finished HTTP/1.1 GET http://localhost:5017/Customer/Table - 200 null text/html; charset=utf-8 52.7145ms
2024-11-04 13:33:02.682 +01:00 [INF] Request starting HTTP/1.1 GET http://localhost:5017/ - null null
2024-11-04 13:33:02.683 +01:00 [INF] Executing endpoint 'MyShop.Controllers.HomeController.Index (MyShop)'
2024-11-04 13:33:02.683 +01:00 [INF] Route matched with {action = "Index", controller = "Home", page = "", area = ""}. Executing controller action with signature Microsoft.AspNetCore.Mvc.IActionResult Index() on controller MyShop.Controllers.HomeController (MyShop).
2024-11-04 13:33:02.683 +01:00 [INF] Executing ViewResult, running view Index.
2024-11-04 13:33:02.685 +01:00 [INF] Executed ViewResult - view Index executed in 1.7211ms.
2024-11-04 13:33:02.685 +01:00 [INF] Executed action MyShop.Controllers.HomeController.Index (MyShop) in 1.9907ms
2024-11-04 13:33:02.685 +01:00 [INF] Executed endpoint 'MyShop.Controllers.HomeController.Index (MyShop)'
2024-11-04 13:33:02.685 +01:00 [INF] Request finished HTTP/1.1 GET http://localhost:5017/ - 200 null text/html; charset=utf-8 2.8051ms
2024-11-04 13:34:33.409 +01:00 [INF] Application is shutting down...
