2024-11-04 12:45:12.168 +01:00 [INF] User profile is available. Using 'C:\Users\Hadle\AppData\Local\ASP.NET\DataProtection-Keys' as key repository and Windows DPAPI to encrypt keys at rest.
2024-11-04 12:45:12.306 +01:00 [INF] Now listening on: http://localhost:5017
2024-11-04 12:45:12.309 +01:00 [INF] Application started. Press Ctrl+C to shut down.
2024-11-04 12:45:12.310 +01:00 [INF] Hosting environment: Development
2024-11-04 12:45:12.310 +01:00 [INF] Content root path: C:\ITPE3200\ITPE3200_Exam_project-main\ITPE3200_Exam_project-main\ITPE3200_Exam_project
2024-11-04 12:45:13.224 +01:00 [INF] Request starting HTTP/1.1 GET http://localhost:5017/ - null null
2024-11-04 12:45:13.278 +01:00 [INF] Executing endpoint 'MyShop.Controllers.HomeController.Index (MyShop)'
2024-11-04 12:45:13.287 +01:00 [INF] Route matched with {action = "Index", controller = "Home", page = "", area = ""}. Executing controller action with signature Microsoft.AspNetCore.Mvc.IActionResult Index() on controller MyShop.Controllers.HomeController (MyShop).
2024-11-04 12:45:13.294 +01:00 [INF] Executing ViewResult, running view Index.
2024-11-04 12:45:13.364 +01:00 [INF] Executed ViewResult - view Index executed in 71.0048ms.
2024-11-04 12:45:13.366 +01:00 [INF] Executed action MyShop.Controllers.HomeController.Index (MyShop) in 77.7327ms
2024-11-04 12:45:13.366 +01:00 [INF] Executed endpoint 'MyShop.Controllers.HomeController.Index (MyShop)'
2024-11-04 12:45:13.368 +01:00 [INF] Request finished HTTP/1.1 GET http://localhost:5017/ - 200 null text/html; charset=utf-8 146.2326ms
2024-11-04 12:45:14.686 +01:00 [INF] Request starting HTTP/1.1 GET http://localhost:5017/?page=%2FItem%2FCreate - null null
2024-11-04 12:45:14.690 +01:00 [INF] Executing endpoint 'MyShop.Controllers.HomeController.Index (MyShop)'
2024-11-04 12:45:14.690 +01:00 [INF] Route matched with {action = "Index", controller = "Home", page = "", area = ""}. Executing controller action with signature Microsoft.AspNetCore.Mvc.IActionResult Index() on controller MyShop.Controllers.HomeController (MyShop).
2024-11-04 12:45:14.691 +01:00 [INF] Executing ViewResult, running view Index.
2024-11-04 12:45:14.695 +01:00 [INF] Executed ViewResult - view Index executed in 4.46ms.
2024-11-04 12:45:14.695 +01:00 [INF] Executed action MyShop.Controllers.HomeController.Index (MyShop) in 4.9062ms
2024-11-04 12:45:14.695 +01:00 [INF] Executed endpoint 'MyShop.Controllers.HomeController.Index (MyShop)'
2024-11-04 12:45:14.695 +01:00 [INF] Request finished HTTP/1.1 GET http://localhost:5017/?page=%2FItem%2FCreate - 200 null text/html; charset=utf-8 9.5139ms
2024-11-04 12:45:15.507 +01:00 [INF] Request starting HTTP/1.1 GET http://localhost:5017/?page=%2FItem%2FCreate - null null
2024-11-04 12:45:15.517 +01:00 [INF] Executing endpoint 'MyShop.Controllers.HomeController.Index (MyShop)'
2024-11-04 12:45:15.518 +01:00 [INF] Route matched with {action = "Index", controller = "Home", page = "", area = ""}. Executing controller action with signature Microsoft.AspNetCore.Mvc.IActionResult Index() on controller MyShop.Controllers.HomeController (MyShop).
2024-11-04 12:45:15.518 +01:00 [INF] Executing ViewResult, running view Index.
2024-11-04 12:45:15.519 +01:00 [INF] Executed ViewResult - view Index executed in 1.1555ms.
2024-11-04 12:45:15.519 +01:00 [INF] Executed action MyShop.Controllers.HomeController.Index (MyShop) in 1.3248ms
2024-11-04 12:45:15.519 +01:00 [INF] Executed endpoint 'MyShop.Controllers.HomeController.Index (MyShop)'
2024-11-04 12:45:15.519 +01:00 [INF] Request finished HTTP/1.1 GET http://localhost:5017/?page=%2FItem%2FCreate - 200 null text/html; charset=utf-8 11.7221ms
2024-11-04 12:45:16.931 +01:00 [INF] Request starting HTTP/1.1 GET http://localhost:5017/?page=%2FItem%2FCreate - null null
2024-11-04 12:45:16.932 +01:00 [INF] Executing endpoint 'MyShop.Controllers.HomeController.Index (MyShop)'
2024-11-04 12:45:16.932 +01:00 [INF] Route matched with {action = "Index", controller = "Home", page = "", area = ""}. Executing controller action with signature Microsoft.AspNetCore.Mvc.IActionResult Index() on controller MyShop.Controllers.HomeController (MyShop).
2024-11-04 12:45:16.932 +01:00 [INF] Executing ViewResult, running view Index.
2024-11-04 12:45:16.934 +01:00 [INF] Executed ViewResult - view Index executed in 1.5711ms.
2024-11-04 12:45:16.934 +01:00 [INF] Executed action MyShop.Controllers.HomeController.Index (MyShop) in 1.721ms
2024-11-04 12:45:16.934 +01:00 [INF] Executed endpoint 'MyShop.Controllers.HomeController.Index (MyShop)'
2024-11-04 12:45:16.934 +01:00 [INF] Request finished HTTP/1.1 GET http://localhost:5017/?page=%2FItem%2FCreate - 200 null text/html; charset=utf-8 2.872ms
2024-11-04 12:45:18.216 +01:00 [INF] Request starting HTTP/1.1 GET http://localhost:5017/ - null null
2024-11-04 12:45:18.216 +01:00 [INF] Executing endpoint 'MyShop.Controllers.HomeController.Index (MyShop)'
2024-11-04 12:45:18.216 +01:00 [INF] Route matched with {action = "Index", controller = "Home", page = "", area = ""}. Executing controller action with signature Microsoft.AspNetCore.Mvc.IActionResult Index() on controller MyShop.Controllers.HomeController (MyShop).
2024-11-04 12:45:18.217 +01:00 [INF] Executing ViewResult, running view Index.
2024-11-04 12:45:18.218 +01:00 [INF] Executed ViewResult - view Index executed in 1.1048ms.
2024-11-04 12:45:18.218 +01:00 [INF] Executed action MyShop.Controllers.HomeController.Index (MyShop) in 1.2498ms
2024-11-04 12:45:18.218 +01:00 [INF] Executed endpoint 'MyShop.Controllers.HomeController.Index (MyShop)'
2024-11-04 12:45:18.218 +01:00 [INF] Request finished HTTP/1.1 GET http://localhost:5017/ - 200 null text/html; charset=utf-8 2.321ms
2024-11-04 12:45:19.665 +01:00 [INF] Request starting HTTP/1.1 GET http://localhost:5017/?page=%2FItem%2FCreate - null null
2024-11-04 12:45:19.665 +01:00 [INF] Executing endpoint 'MyShop.Controllers.HomeController.Index (MyShop)'
2024-11-04 12:45:19.666 +01:00 [INF] Route matched with {action = "Index", controller = "Home", page = "", area = ""}. Executing controller action with signature Microsoft.AspNetCore.Mvc.IActionResult Index() on controller MyShop.Controllers.HomeController (MyShop).
2024-11-04 12:45:19.666 +01:00 [INF] Executing ViewResult, running view Index.
2024-11-04 12:45:19.666 +01:00 [INF] Executed ViewResult - view Index executed in 0.8225ms.
2024-11-04 12:45:19.667 +01:00 [INF] Executed action MyShop.Controllers.HomeController.Index (MyShop) in 0.9488ms
2024-11-04 12:45:19.667 +01:00 [INF] Executed endpoint 'MyShop.Controllers.HomeController.Index (MyShop)'
2024-11-04 12:45:19.667 +01:00 [INF] Request finished HTTP/1.1 GET http://localhost:5017/?page=%2FItem%2FCreate - 200 null text/html; charset=utf-8 1.902ms
2024-11-04 12:45:21.490 +01:00 [INF] Request starting HTTP/1.1 GET http://localhost:5017/?page=%2FItem%2FCreate - null null
2024-11-04 12:45:21.491 +01:00 [INF] Executing endpoint 'MyShop.Controllers.HomeController.Index (MyShop)'
2024-11-04 12:45:21.491 +01:00 [INF] Route matched with {action = "Index", controller = "Home", page = "", area = ""}. Executing controller action with signature Microsoft.AspNetCore.Mvc.IActionResult Index() on controller MyShop.Controllers.HomeController (MyShop).
2024-11-04 12:45:21.491 +01:00 [INF] Executing ViewResult, running view Index.
2024-11-04 12:45:21.492 +01:00 [INF] Executed ViewResult - view Index executed in 0.6853ms.
2024-11-04 12:45:21.492 +01:00 [INF] Executed action MyShop.Controllers.HomeController.Index (MyShop) in 0.8073ms
2024-11-04 12:45:21.492 +01:00 [INF] Executed endpoint 'MyShop.Controllers.HomeController.Index (MyShop)'
2024-11-04 12:45:21.492 +01:00 [INF] Request finished HTTP/1.1 GET http://localhost:5017/?page=%2FItem%2FCreate - 200 null text/html; charset=utf-8 1.6388ms
2024-11-04 12:45:22.217 +01:00 [INF] Request starting HTTP/1.1 GET http://localhost:5017/?page=%2FItem%2FCreate - null null
2024-11-04 12:45:22.217 +01:00 [INF] Executing endpoint 'MyShop.Controllers.HomeController.Index (MyShop)'
2024-11-04 12:45:22.217 +01:00 [INF] Route matched with {action = "Index", controller = "Home", page = "", area = ""}. Executing controller action with signature Microsoft.AspNetCore.Mvc.IActionResult Index() on controller MyShop.Controllers.HomeController (MyShop).
2024-11-04 12:45:22.218 +01:00 [INF] Executing ViewResult, running view Index.
2024-11-04 12:45:22.218 +01:00 [INF] Executed ViewResult - view Index executed in 0.6822ms.
2024-11-04 12:45:22.218 +01:00 [INF] Executed action MyShop.Controllers.HomeController.Index (MyShop) in 0.799ms
2024-11-04 12:45:22.219 +01:00 [INF] Executed endpoint 'MyShop.Controllers.HomeController.Index (MyShop)'
2024-11-04 12:45:22.219 +01:00 [INF] Request finished HTTP/1.1 GET http://localhost:5017/?page=%2FItem%2FCreate - 200 null text/html; charset=utf-8 2.0481ms
2024-11-04 12:45:24.013 +01:00 [INF] Request starting HTTP/1.1 GET http://localhost:5017/Food/View - null null
2024-11-04 12:45:24.015 +01:00 [INF] Request finished HTTP/1.1 GET http://localhost:5017/Food/View - 404 0 null 1.8985ms
2024-11-04 12:45:24.016 +01:00 [INF] Request reached the end of the middleware pipeline without being handled by application code. Request path: GET http://localhost:5017/Food/View, Response status code: 404
2024-11-04 12:45:25.367 +01:00 [INF] Request starting HTTP/1.1 GET http://localhost:5017/?page=%2FItem%2FCreate - null null
2024-11-04 12:45:25.367 +01:00 [INF] Executing endpoint 'MyShop.Controllers.HomeController.Index (MyShop)'
2024-11-04 12:45:25.367 +01:00 [INF] Route matched with {action = "Index", controller = "Home", page = "", area = ""}. Executing controller action with signature Microsoft.AspNetCore.Mvc.IActionResult Index() on controller MyShop.Controllers.HomeController (MyShop).
2024-11-04 12:45:25.368 +01:00 [INF] Executing ViewResult, running view Index.
2024-11-04 12:45:25.368 +01:00 [INF] Executed ViewResult - view Index executed in 0.683ms.
2024-11-04 12:45:25.368 +01:00 [INF] Executed action MyShop.Controllers.HomeController.Index (MyShop) in 0.7977ms
2024-11-04 12:45:25.368 +01:00 [INF] Executed endpoint 'MyShop.Controllers.HomeController.Index (MyShop)'
2024-11-04 12:45:25.368 +01:00 [INF] Request finished HTTP/1.1 GET http://localhost:5017/?page=%2FItem%2FCreate - 200 null text/html; charset=utf-8 1.5146ms
2024-11-04 12:49:32.918 +01:00 [INF] Application is shutting down...
