2024-11-04 12:34:16.209 +01:00 [INF] User profile is available. Using 'C:\Users\jovan\AppData\Local\ASP.NET\DataProtection-Keys' as key repository and Windows DPAPI to encrypt keys at rest.
2024-11-04 12:34:16.335 +01:00 [INF] Now listening on: http://localhost:5017
2024-11-04 12:34:16.339 +01:00 [INF] Application started. Press Ctrl+C to shut down.
2024-11-04 12:34:16.340 +01:00 [INF] Hosting environment: Development
2024-11-04 12:34:16.340 +01:00 [INF] Content root path: C:\TestMappe\Eksamen\ITPE3200_Exam_project
2024-11-04 12:34:18.264 +01:00 [INF] Request starting HTTP/1.1 GET http://localhost:5017/ - null null
2024-11-04 12:34:18.301 +01:00 [INF] Identity.Application was not authenticated. Failure message: Unprotect ticket failed
2024-11-04 12:34:18.306 +01:00 [INF] Executing endpoint 'MyShop.Controllers.HomeController.Index (MyShop)'
2024-11-04 12:34:18.317 +01:00 [INF] Route matched with {action = "Index", controller = "Home", page = "", area = ""}. Executing controller action with signature Microsoft.AspNetCore.Mvc.IActionResult Index() on controller MyShop.Controllers.HomeController (MyShop).
2024-11-04 12:34:18.327 +01:00 [INF] Executing ViewResult, running view Index.
2024-11-04 12:34:18.406 +01:00 [INF] Executed ViewResult - view Index executed in 80.9019ms.
2024-11-04 12:34:18.409 +01:00 [INF] Executed action MyShop.Controllers.HomeController.Index (MyShop) in 90.8498ms
2024-11-04 12:34:18.409 +01:00 [INF] Executed endpoint 'MyShop.Controllers.HomeController.Index (MyShop)'
2024-11-04 12:34:18.413 +01:00 [INF] Request finished HTTP/1.1 GET http://localhost:5017/ - 200 null text/html; charset=utf-8 150.9477ms
2024-11-04 12:34:18.439 +01:00 [INF] Request starting HTTP/1.1 GET http://localhost:5017/images/logo.png - null null
2024-11-04 12:34:18.445 +01:00 [INF] The file /images/logo.png was not modified
2024-11-04 12:34:18.446 +01:00 [INF] Request finished HTTP/1.1 GET http://localhost:5017/images/logo.png - 304 null image/png 6.7151ms
2024-11-04 12:34:23.361 +01:00 [INF] Request starting HTTP/1.1 GET http://localhost:5017/ - null null
2024-11-04 12:34:23.363 +01:00 [INF] Identity.Application was not authenticated. Failure message: Unprotect ticket failed
2024-11-04 12:34:23.363 +01:00 [INF] Executing endpoint 'MyShop.Controllers.HomeController.Index (MyShop)'
2024-11-04 12:34:23.363 +01:00 [INF] Route matched with {action = "Index", controller = "Home", page = "", area = ""}. Executing controller action with signature Microsoft.AspNetCore.Mvc.IActionResult Index() on controller MyShop.Controllers.HomeController (MyShop).
2024-11-04 12:34:23.363 +01:00 [INF] Executing ViewResult, running view Index.
2024-11-04 12:34:23.369 +01:00 [INF] Executed ViewResult - view Index executed in 5.9289ms.
2024-11-04 12:34:23.369 +01:00 [INF] Executed action MyShop.Controllers.HomeController.Index (MyShop) in 6.3659ms
2024-11-04 12:34:23.369 +01:00 [INF] Executed endpoint 'MyShop.Controllers.HomeController.Index (MyShop)'
2024-11-04 12:34:23.370 +01:00 [INF] Request finished HTTP/1.1 GET http://localhost:5017/ - 200 null text/html; charset=utf-8 8.5029ms
2024-11-04 12:34:24.421 +01:00 [INF] Request starting HTTP/1.1 GET http://localhost:5017/Item/Grid - null null
2024-11-04 12:34:24.424 +01:00 [INF] Identity.Application was not authenticated. Failure message: Unprotect ticket failed
2024-11-04 12:34:24.424 +01:00 [INF] Executing endpoint 'MyShop.Controllers.ItemController.Grid (MyShop)'
2024-11-04 12:34:24.429 +01:00 [INF] Route matched with {action = "Grid", controller = "Item", page = "", area = ""}. Executing controller action with signature System.Threading.Tasks.Task`1[Microsoft.AspNetCore.Mvc.IActionResult] Grid() on controller MyShop.Controllers.ItemController (MyShop).
2024-11-04 12:34:24.528 +01:00 [INF] Executing ViewResult, running view Grid.
2024-11-04 12:34:24.540 +01:00 [INF] Executed ViewResult - view Grid executed in 12.3657ms.
2024-11-04 12:34:24.540 +01:00 [INF] Executed action MyShop.Controllers.ItemController.Grid (MyShop) in 111.0563ms
2024-11-04 12:34:24.540 +01:00 [INF] Executed endpoint 'MyShop.Controllers.ItemController.Grid (MyShop)'
2024-11-04 12:34:24.546 +01:00 [INF] Request finished HTTP/1.1 GET http://localhost:5017/Item/Grid - 200 null text/html; charset=utf-8 124.973ms
2024-11-04 12:34:24.558 +01:00 [INF] Request starting HTTP/1.1 GET http://localhost:5017/images/table.png - null null
2024-11-04 12:34:24.559 +01:00 [INF] The file /images/table.png was not modified
2024-11-04 12:34:24.559 +01:00 [INF] Request finished HTTP/1.1 GET http://localhost:5017/images/table.png - 304 null image/png 1.5273ms
2024-11-04 12:34:28.075 +01:00 [INF] Request starting HTTP/1.1 GET http://localhost:5017/Customer/Table - null null
2024-11-04 12:34:28.077 +01:00 [INF] Identity.Application was not authenticated. Failure message: Unprotect ticket failed
2024-11-04 12:34:28.077 +01:00 [INF] Executing endpoint 'MyShop.Controllers.CustomerController.Table (MyShop)'
2024-11-04 12:34:28.084 +01:00 [INF] Route matched with {action = "Table", controller = "Customer", page = "", area = ""}. Executing controller action with signature System.Threading.Tasks.Task`1[Microsoft.AspNetCore.Mvc.IActionResult] Table() on controller MyShop.Controllers.CustomerController (MyShop).
2024-11-04 12:34:28.220 +01:00 [INF] Executing ViewResult, running view Table.
2024-11-04 12:34:28.381 +01:00 [INF] Executed ViewResult - view Table executed in 162.774ms.
2024-11-04 12:34:28.382 +01:00 [INF] Executed action MyShop.Controllers.CustomerController.Table (MyShop) in 297.7723ms
2024-11-04 12:34:28.382 +01:00 [INF] Executed endpoint 'MyShop.Controllers.CustomerController.Table (MyShop)'
2024-11-04 12:34:28.382 +01:00 [INF] Request finished HTTP/1.1 GET http://localhost:5017/Customer/Table - 200 null text/html; charset=utf-8 306.9661ms
2024-11-04 12:34:29.651 +01:00 [INF] Request starting HTTP/1.1 GET http://localhost:5017/Item/Grid - null null
2024-11-04 12:34:29.654 +01:00 [INF] Identity.Application was not authenticated. Failure message: Unprotect ticket failed
2024-11-04 12:34:29.654 +01:00 [INF] Executing endpoint 'MyShop.Controllers.ItemController.Grid (MyShop)'
2024-11-04 12:34:29.655 +01:00 [INF] Route matched with {action = "Grid", controller = "Item", page = "", area = ""}. Executing controller action with signature System.Threading.Tasks.Task`1[Microsoft.AspNetCore.Mvc.IActionResult] Grid() on controller MyShop.Controllers.ItemController (MyShop).
2024-11-04 12:34:29.658 +01:00 [INF] Executing ViewResult, running view Grid.
2024-11-04 12:34:29.661 +01:00 [INF] Executed ViewResult - view Grid executed in 2.717ms.
2024-11-04 12:34:29.661 +01:00 [INF] Executed action MyShop.Controllers.ItemController.Grid (MyShop) in 6.353ms
2024-11-04 12:34:29.661 +01:00 [INF] Executed endpoint 'MyShop.Controllers.ItemController.Grid (MyShop)'
2024-11-04 12:34:29.661 +01:00 [INF] Request finished HTTP/1.1 GET http://localhost:5017/Item/Grid - 200 null text/html; charset=utf-8 10.0008ms
2024-11-04 12:34:34.810 +01:00 [INF] Request starting HTTP/1.1 GET http://localhost:5017/Identity/Account/Login - null null
2024-11-04 12:34:34.811 +01:00 [INF] Identity.Application was not authenticated. Failure message: Unprotect ticket failed
2024-11-04 12:34:34.811 +01:00 [INF] Executing endpoint '/Account/Login'
2024-11-04 12:34:34.837 +01:00 [INF] Route matched with {page = "/Account/Login", area = "Identity", action = "", controller = ""}. Executing page /Account/Login
2024-11-04 12:34:34.866 +01:00 [INF] Executing handler method MyShop.Areas.Identity.Pages.Account.LoginModel.OnGetAsync - ModelState is "Valid"
2024-11-04 12:34:34.874 +01:00 [INF] AuthenticationScheme: Identity.External signed out.
2024-11-04 12:34:34.876 +01:00 [INF] Executed handler method OnGetAsync, returned result .
2024-11-04 12:34:34.882 +01:00 [INF] Executing an implicit handler method - ModelState is "Valid"
2024-11-04 12:34:34.882 +01:00 [INF] Executed an implicit handler method, returned result Microsoft.AspNetCore.Mvc.RazorPages.PageResult.
2024-11-04 12:34:34.965 +01:00 [INF] Executed page /Account/Login in 126.9528ms
2024-11-04 12:34:34.965 +01:00 [INF] Executed endpoint '/Account/Login'
2024-11-04 12:34:34.965 +01:00 [INF] Request finished HTTP/1.1 GET http://localhost:5017/Identity/Account/Login - 200 null text/html; charset=utf-8 155.6376ms
2024-11-04 12:34:34.990 +01:00 [INF] Request starting HTTP/1.1 GET http://localhost:5017/lib/jquery-validation/dist/jquery.validate.min.js - null null
2024-11-04 12:34:34.991 +01:00 [INF] Identity.Application was not authenticated. Failure message: Unprotect ticket failed
2024-11-04 12:34:34.991 +01:00 [INF] Request finished HTTP/1.1 GET http://localhost:5017/lib/jquery-validation/dist/jquery.validate.min.js - 404 0 null 1.3023ms
2024-11-04 12:34:34.992 +01:00 [INF] Request starting HTTP/1.1 GET http://localhost:5017/lib/jquery-validation-unobtrusive/jquery.validate.unobtrusive.min.js - null null
2024-11-04 12:34:34.993 +01:00 [INF] Request reached the end of the middleware pipeline without being handled by application code. Request path: GET http://localhost:5017/lib/jquery-validation/dist/jquery.validate.min.js, Response status code: 404
2024-11-04 12:34:34.993 +01:00 [INF] Identity.Application was not authenticated. Failure message: Unprotect ticket failed
2024-11-04 12:34:34.994 +01:00 [INF] Request finished HTTP/1.1 GET http://localhost:5017/lib/jquery-validation-unobtrusive/jquery.validate.unobtrusive.min.js - 404 0 null 1.6522ms
2024-11-04 12:34:34.994 +01:00 [INF] Request reached the end of the middleware pipeline without being handled by application code. Request path: GET http://localhost:5017/lib/jquery-validation-unobtrusive/jquery.validate.unobtrusive.min.js, Response status code: 404
