2024-10-22 14:50:46.024 +02:00 [INF] User profile is available. Using 'C:\Users\Hadle\AppData\Local\ASP.NET\DataProtection-Keys' as key repository and Windows DPAPI to encrypt keys at rest.
2024-10-22 14:50:46.160 +02:00 [INF] Now listening on: http://localhost:5017
2024-10-22 14:50:46.163 +02:00 [INF] Application started. Press Ctrl+C to shut down.
2024-10-22 14:50:46.163 +02:00 [INF] Hosting environment: Development
2024-10-22 14:50:46.164 +02:00 [INF] Content root path: c:\ITPE3200\ITPE3200_Exam_project-main\ITPE3200_Exam_project-main\ITPE3200_Exam_project
2024-10-22 14:50:56.139 +02:00 [INF] Request starting HTTP/1.1 GET http://localhost:5017/ - null null
2024-10-22 14:50:56.176 +02:00 [INF] Executing endpoint 'MyShop.Controllers.HomeController.Index (MyShop)'
2024-10-22 14:50:56.185 +02:00 [INF] Route matched with {action = "Index", controller = "Home", page = "", area = ""}. Executing controller action with signature Microsoft.AspNetCore.Mvc.IActionResult Index() on controller MyShop.Controllers.HomeController (MyShop).
2024-10-22 14:50:56.193 +02:00 [INF] Executing ViewResult, running view Index.
2024-10-22 14:50:56.263 +02:00 [INF] Executed ViewResult - view Index executed in 71.4662ms.
2024-10-22 14:50:56.264 +02:00 [INF] Executed action MyShop.Controllers.HomeController.Index (MyShop) in 78.8245ms
2024-10-22 14:50:56.264 +02:00 [INF] Executed endpoint 'MyShop.Controllers.HomeController.Index (MyShop)'
2024-10-22 14:50:56.267 +02:00 [INF] Request finished HTTP/1.1 GET http://localhost:5017/ - 200 null text/html; charset=utf-8 129.9573ms
2024-10-22 14:50:57.649 +02:00 [INF] Request starting HTTP/1.1 GET http://localhost:5017/ - null null
2024-10-22 14:50:57.650 +02:00 [INF] Executing endpoint 'MyShop.Controllers.HomeController.Index (MyShop)'
2024-10-22 14:50:57.651 +02:00 [INF] Route matched with {action = "Index", controller = "Home", page = "", area = ""}. Executing controller action with signature Microsoft.AspNetCore.Mvc.IActionResult Index() on controller MyShop.Controllers.HomeController (MyShop).
2024-10-22 14:50:57.651 +02:00 [INF] Executing ViewResult, running view Index.
2024-10-22 14:50:57.656 +02:00 [INF] Executed ViewResult - view Index executed in 5.4243ms.
2024-10-22 14:50:57.657 +02:00 [INF] Executed action MyShop.Controllers.HomeController.Index (MyShop) in 5.8204ms
2024-10-22 14:50:57.657 +02:00 [INF] Executed endpoint 'MyShop.Controllers.HomeController.Index (MyShop)'
2024-10-22 14:50:57.657 +02:00 [INF] Request finished HTTP/1.1 GET http://localhost:5017/ - 200 null text/html; charset=utf-8 7.663ms
2024-10-22 14:50:58.318 +02:00 [INF] Request starting HTTP/1.1 GET http://localhost:5017/Item/Grid - null null
2024-10-22 14:50:58.320 +02:00 [INF] Executing endpoint 'MyShop.Controllers.ItemController.Grid (MyShop)'
2024-10-22 14:50:58.325 +02:00 [INF] Route matched with {action = "Grid", controller = "Item", page = "", area = ""}. Executing controller action with signature System.Threading.Tasks.Task`1[Microsoft.AspNetCore.Mvc.IActionResult] Grid() on controller MyShop.Controllers.ItemController (MyShop).
2024-10-22 14:50:58.424 +02:00 [INF] Executing ViewResult, running view Grid.
2024-10-22 14:50:58.434 +02:00 [INF] Executed ViewResult - view Grid executed in 11.0116ms.
2024-10-22 14:50:58.434 +02:00 [INF] Executed action MyShop.Controllers.ItemController.Grid (MyShop) in 109.3071ms
2024-10-22 14:50:58.434 +02:00 [INF] Executed endpoint 'MyShop.Controllers.ItemController.Grid (MyShop)'
2024-10-22 14:50:58.437 +02:00 [INF] Request finished HTTP/1.1 GET http://localhost:5017/Item/Grid - 200 null text/html; charset=utf-8 119.3192ms
2024-10-22 14:50:58.457 +02:00 [INF] Request starting HTTP/1.1 GET http://localhost:5017/images/table.png - null null
2024-10-22 14:50:58.462 +02:00 [INF] The file /images/table.png was not modified
2024-10-22 14:50:58.462 +02:00 [INF] Request finished HTTP/1.1 GET http://localhost:5017/images/table.png - 304 null image/png 5.0776ms
2024-10-22 14:51:00.036 +02:00 [INF] Request starting HTTP/1.1 GET http://localhost:5017/Item/Table - null null
2024-10-22 14:51:00.038 +02:00 [INF] Executing endpoint 'MyShop.Controllers.ItemController.Table (MyShop)'
2024-10-22 14:51:00.040 +02:00 [INF] Route matched with {action = "Table", controller = "Item", page = "", area = ""}. Executing controller action with signature System.Threading.Tasks.Task`1[Microsoft.AspNetCore.Mvc.IActionResult] Table() on controller MyShop.Controllers.ItemController (MyShop).
2024-10-22 14:51:00.081 +02:00 [INF] Executing ViewResult, running view Table.
2024-10-22 14:51:00.089 +02:00 [INF] Executed ViewResult - view Table executed in 8.5863ms.
2024-10-22 14:51:00.089 +02:00 [INF] Executed action MyShop.Controllers.ItemController.Table (MyShop) in 48.7871ms
2024-10-22 14:51:00.089 +02:00 [INF] Executed endpoint 'MyShop.Controllers.ItemController.Table (MyShop)'
2024-10-22 14:51:00.090 +02:00 [INF] Request finished HTTP/1.1 GET http://localhost:5017/Item/Table - 200 null text/html; charset=utf-8 53.2992ms
2024-10-22 14:51:00.111 +02:00 [INF] Request starting HTTP/1.1 GET http://localhost:5017/images/grid-view.png - null null
2024-10-22 14:51:00.112 +02:00 [INF] The file /images/grid-view.png was not modified
2024-10-22 14:51:00.112 +02:00 [INF] Request finished HTTP/1.1 GET http://localhost:5017/images/grid-view.png - 304 null image/png 0.8066ms
2024-10-22 14:51:01.693 +02:00 [INF] Request starting HTTP/1.1 GET http://localhost:5017/Item/Grid - null null
2024-10-22 14:51:01.693 +02:00 [INF] Executing endpoint 'MyShop.Controllers.ItemController.Grid (MyShop)'
2024-10-22 14:51:01.693 +02:00 [INF] Route matched with {action = "Grid", controller = "Item", page = "", area = ""}. Executing controller action with signature System.Threading.Tasks.Task`1[Microsoft.AspNetCore.Mvc.IActionResult] Grid() on controller MyShop.Controllers.ItemController (MyShop).
2024-10-22 14:51:01.696 +02:00 [INF] Executing ViewResult, running view Grid.
2024-10-22 14:51:01.698 +02:00 [INF] Executed ViewResult - view Grid executed in 1.6279ms.
2024-10-22 14:51:01.698 +02:00 [INF] Executed action MyShop.Controllers.ItemController.Grid (MyShop) in 4.3664ms
2024-10-22 14:51:01.698 +02:00 [INF] Executed endpoint 'MyShop.Controllers.ItemController.Grid (MyShop)'
2024-10-22 14:51:01.698 +02:00 [INF] Request finished HTTP/1.1 GET http://localhost:5017/Item/Grid - 200 null text/html; charset=utf-8 4.9416ms
2024-10-22 14:51:59.937 +02:00 [INF] Request starting HTTP/1.1 GET http://localhost:5017/Item/Table - null null
2024-10-22 14:51:59.938 +02:00 [INF] Executing endpoint 'MyShop.Controllers.ItemController.Table (MyShop)'
2024-10-22 14:51:59.938 +02:00 [INF] Route matched with {action = "Table", controller = "Item", page = "", area = ""}. Executing controller action with signature System.Threading.Tasks.Task`1[Microsoft.AspNetCore.Mvc.IActionResult] Table() on controller MyShop.Controllers.ItemController (MyShop).
2024-10-22 14:51:59.939 +02:00 [INF] Executing ViewResult, running view Table.
2024-10-22 14:51:59.941 +02:00 [INF] Executed ViewResult - view Table executed in 1.2987ms.
2024-10-22 14:51:59.941 +02:00 [INF] Executed action MyShop.Controllers.ItemController.Table (MyShop) in 3.0131ms
2024-10-22 14:51:59.941 +02:00 [INF] Executed endpoint 'MyShop.Controllers.ItemController.Table (MyShop)'
2024-10-22 14:51:59.941 +02:00 [INF] Request finished HTTP/1.1 GET http://localhost:5017/Item/Table - 200 null text/html; charset=utf-8 3.6571ms
2024-10-22 14:52:01.131 +02:00 [INF] Request starting HTTP/1.1 GET http://localhost:5017/Item/Grid - null null
2024-10-22 14:52:01.131 +02:00 [INF] Executing endpoint 'MyShop.Controllers.ItemController.Grid (MyShop)'
2024-10-22 14:52:01.131 +02:00 [INF] Route matched with {action = "Grid", controller = "Item", page = "", area = ""}. Executing controller action with signature System.Threading.Tasks.Task`1[Microsoft.AspNetCore.Mvc.IActionResult] Grid() on controller MyShop.Controllers.ItemController (MyShop).
2024-10-22 14:52:01.133 +02:00 [INF] Executing ViewResult, running view Grid.
2024-10-22 14:52:01.134 +02:00 [INF] Executed ViewResult - view Grid executed in 0.6912ms.
2024-10-22 14:52:01.134 +02:00 [INF] Executed action MyShop.Controllers.ItemController.Grid (MyShop) in 2.5565ms
2024-10-22 14:52:01.134 +02:00 [INF] Executed endpoint 'MyShop.Controllers.ItemController.Grid (MyShop)'
2024-10-22 14:52:01.134 +02:00 [INF] Request finished HTTP/1.1 GET http://localhost:5017/Item/Grid - 200 null text/html; charset=utf-8 3.4108ms
2024-10-22 14:52:01.600 +02:00 [INF] Request starting HTTP/1.1 GET http://localhost:5017/Item/Table - null null
2024-10-22 14:52:01.600 +02:00 [INF] Executing endpoint 'MyShop.Controllers.ItemController.Table (MyShop)'
2024-10-22 14:52:01.601 +02:00 [INF] Route matched with {action = "Table", controller = "Item", page = "", area = ""}. Executing controller action with signature System.Threading.Tasks.Task`1[Microsoft.AspNetCore.Mvc.IActionResult] Table() on controller MyShop.Controllers.ItemController (MyShop).
2024-10-22 14:52:01.602 +02:00 [INF] Executing ViewResult, running view Table.
2024-10-22 14:52:01.603 +02:00 [INF] Executed ViewResult - view Table executed in 1.1745ms.
2024-10-22 14:52:01.603 +02:00 [INF] Executed action MyShop.Controllers.ItemController.Table (MyShop) in 2.7986ms
2024-10-22 14:52:01.603 +02:00 [INF] Executed endpoint 'MyShop.Controllers.ItemController.Table (MyShop)'
2024-10-22 14:52:01.604 +02:00 [INF] Request finished HTTP/1.1 GET http://localhost:5017/Item/Table - 200 null text/html; charset=utf-8 3.4582ms
2024-10-22 14:52:55.307 +02:00 [INF] Application is shutting down...
