2024-10-18 13:41:13.538 +02:00 [INF] User profile is available. Using 'C:\Users\Hadle\AppData\Local\ASP.NET\DataProtection-Keys' as key repository and Windows DPAPI to encrypt keys at rest.
2024-10-18 13:41:13.582 +02:00 [INF] Now listening on: http://localhost:5017
2024-10-18 13:41:13.585 +02:00 [INF] Application started. Press Ctrl+C to shut down.
2024-10-18 13:41:13.585 +02:00 [INF] Hosting environment: Development
2024-10-18 13:41:13.585 +02:00 [INF] Content root path: C:\Users\Hadle\Downloads\ITPE3200\ITPE3200_Exam_project
2024-10-18 13:41:15.312 +02:00 [INF] Request starting HTTP/1.1 GET http://localhost:5017/ - null null
2024-10-18 13:41:15.341 +02:00 [INF] Executing endpoint 'MyShop.Controllers.HomeController.Index (MyShop)'
2024-10-18 13:41:15.350 +02:00 [INF] Route matched with {action = "Index", controller = "Home"}. Executing controller action with signature Microsoft.AspNetCore.Mvc.IActionResult Index() on controller MyShop.Controllers.HomeController (MyShop).
2024-10-18 13:41:15.359 +02:00 [INF] Executing ViewResult, running view Index.
2024-10-18 13:41:15.401 +02:00 [INF] Executed ViewResult - view Index executed in 42.3695ms.
2024-10-18 13:41:15.403 +02:00 [INF] Executed action MyShop.Controllers.HomeController.Index (MyShop) in 52.5558ms
2024-10-18 13:41:15.404 +02:00 [INF] Executed endpoint 'MyShop.Controllers.HomeController.Index (MyShop)'
2024-10-18 13:41:15.406 +02:00 [INF] Request finished HTTP/1.1 GET http://localhost:5017/ - 200 null text/html; charset=utf-8 95.1925ms
2024-10-18 13:41:15.418 +02:00 [INF] Request starting HTTP/1.1 GET http://localhost:5017/images/salad.png - null null
2024-10-18 13:41:15.418 +02:00 [INF] Request starting HTTP/1.1 GET http://localhost:5017/images/nøkkelhull.jpg - null null
2024-10-18 13:41:15.422 +02:00 [INF] Request finished HTTP/1.1 GET http://localhost:5017/images/nøkkelhull.jpg - 404 0 null 3.3742ms
2024-10-18 13:41:15.423 +02:00 [INF] Request reached the end of the middleware pipeline without being handled by application code. Request path: GET http://localhost:5017/images/n%C3%B8kkelhull.jpg, Response status code: 404
2024-10-18 13:41:15.425 +02:00 [INF] The file /images/salad.png was not modified
2024-10-18 13:41:15.426 +02:00 [INF] Request finished HTTP/1.1 GET http://localhost:5017/images/salad.png - 304 null image/png 7.755ms
2024-10-18 13:41:31.793 +02:00 [INF] Application is shutting down...
