2024-11-04 16:08:02.361 +01:00 [INF] User profile is available. Using 'C:\Users\Hadle\AppData\Local\ASP.NET\DataProtection-Keys' as key repository and Windows DPAPI to encrypt keys at rest.
2024-11-04 16:08:02.573 +01:00 [INF] Now listening on: http://localhost:5017
2024-11-04 16:08:02.578 +01:00 [INF] Application started. Press Ctrl+C to shut down.
2024-11-04 16:08:02.579 +01:00 [INF] Hosting environment: Development
2024-11-04 16:08:02.579 +01:00 [INF] Content root path: C:\ITPE3200\ITPE3200_Exam_project-main\ITPE3200_Exam_project-main\ITPE3200_Exam_project
2024-11-04 16:08:03.951 +01:00 [INF] Request starting HTTP/1.1 GET http://localhost:5017/ - null null
2024-11-04 16:08:04.035 +01:00 [INF] Executing endpoint 'MyShop.Controllers.HomeController.Index (MyShop)'
2024-11-04 16:08:04.050 +01:00 [INF] Route matched with {action = "Index", controller = "Home", page = "", area = ""}. Executing controller action with signature Microsoft.AspNetCore.Mvc.IActionResult Index() on controller MyShop.Controllers.HomeController (MyShop).
2024-11-04 16:08:04.059 +01:00 [INF] Executing ViewResult, running view Index.
2024-11-04 16:08:04.151 +01:00 [INF] Executed ViewResult - view Index executed in 93.3166ms.
2024-11-04 16:08:04.153 +01:00 [INF] Executed action MyShop.Controllers.HomeController.Index (MyShop) in 102.5124ms
2024-11-04 16:08:04.153 +01:00 [INF] Executed endpoint 'MyShop.Controllers.HomeController.Index (MyShop)'
2024-11-04 16:08:04.158 +01:00 [INF] Request finished HTTP/1.1 GET http://localhost:5017/ - 200 null text/html; charset=utf-8 210.5249ms
2024-11-04 16:08:08.890 +01:00 [INF] Request starting HTTP/1.1 GET http://localhost:5017/ - null null
2024-11-04 16:08:08.896 +01:00 [INF] Executing endpoint 'MyShop.Controllers.HomeController.Index (MyShop)'
2024-11-04 16:08:08.896 +01:00 [INF] Route matched with {action = "Index", controller = "Home", page = "", area = ""}. Executing controller action with signature Microsoft.AspNetCore.Mvc.IActionResult Index() on controller MyShop.Controllers.HomeController (MyShop).
2024-11-04 16:08:08.897 +01:00 [INF] Executing ViewResult, running view Index.
2024-11-04 16:08:08.904 +01:00 [INF] Executed ViewResult - view Index executed in 7.0659ms.
2024-11-04 16:08:08.904 +01:00 [INF] Executed action MyShop.Controllers.HomeController.Index (MyShop) in 7.751ms
2024-11-04 16:08:08.904 +01:00 [INF] Executed endpoint 'MyShop.Controllers.HomeController.Index (MyShop)'
2024-11-04 16:08:08.904 +01:00 [INF] Request finished HTTP/1.1 GET http://localhost:5017/ - 200 null text/html; charset=utf-8 14.0381ms
2024-11-04 16:08:09.695 +01:00 [INF] Request starting HTTP/1.1 GET http://localhost:5017/Item/Grid - null null
2024-11-04 16:08:09.715 +01:00 [INF] Executing endpoint 'MyShop.Controllers.ItemController.Grid (MyShop)'
2024-11-04 16:08:09.723 +01:00 [INF] Route matched with {action = "Grid", controller = "Item", page = "", area = ""}. Executing controller action with signature System.Threading.Tasks.Task`1[Microsoft.AspNetCore.Mvc.IActionResult] Grid() on controller MyShop.Controllers.ItemController (MyShop).
2024-11-04 16:08:09.873 +01:00 [INF] Executing ViewResult, running view Grid.
2024-11-04 16:08:09.878 +01:00 [INF] Executed ViewResult - view Grid executed in 6.1555ms.
2024-11-04 16:08:09.878 +01:00 [INF] Executed action MyShop.Controllers.ItemController.Grid (MyShop) in 155.5379ms
2024-11-04 16:08:09.878 +01:00 [INF] Executed endpoint 'MyShop.Controllers.ItemController.Grid (MyShop)'
2024-11-04 16:08:09.888 +01:00 [INF] Request finished HTTP/1.1 GET http://localhost:5017/Item/Grid - 200 null text/html; charset=utf-8 192.3489ms
2024-11-04 16:08:11.903 +01:00 [INF] Request starting HTTP/1.1 GET http://localhost:5017/ - null null
2024-11-04 16:08:11.904 +01:00 [INF] Executing endpoint 'MyShop.Controllers.HomeController.Index (MyShop)'
2024-11-04 16:08:11.905 +01:00 [INF] Route matched with {action = "Index", controller = "Home", page = "", area = ""}. Executing controller action with signature Microsoft.AspNetCore.Mvc.IActionResult Index() on controller MyShop.Controllers.HomeController (MyShop).
2024-11-04 16:08:11.905 +01:00 [INF] Executing ViewResult, running view Index.
2024-11-04 16:08:11.912 +01:00 [INF] Executed ViewResult - view Index executed in 7.3055ms.
2024-11-04 16:08:11.913 +01:00 [INF] Executed action MyShop.Controllers.HomeController.Index (MyShop) in 7.708ms
2024-11-04 16:08:11.913 +01:00 [INF] Executed endpoint 'MyShop.Controllers.HomeController.Index (MyShop)'
2024-11-04 16:08:11.913 +01:00 [INF] Request finished HTTP/1.1 GET http://localhost:5017/ - 200 null text/html; charset=utf-8 10.1726ms
2024-11-04 16:08:13.845 +01:00 [INF] Request starting HTTP/1.1 GET http://localhost:5017/Item/Create - null null
2024-11-04 16:08:13.861 +01:00 [INF] Executing endpoint 'MyShop.Controllers.ItemController.Create (MyShop)'
2024-11-04 16:08:13.863 +01:00 [INF] Route matched with {action = "Create", controller = "Item", page = "", area = ""}. Executing controller action with signature Microsoft.AspNetCore.Mvc.IActionResult Create() on controller MyShop.Controllers.ItemController (MyShop).
2024-11-04 16:08:13.864 +01:00 [INF] Executing ViewResult, running view Create.
2024-11-04 16:08:13.918 +01:00 [INF] Executed ViewResult - view Create executed in 54.6885ms.
2024-11-04 16:08:13.918 +01:00 [INF] Executed action MyShop.Controllers.ItemController.Create (MyShop) in 55.266ms
2024-11-04 16:08:13.918 +01:00 [INF] Executed endpoint 'MyShop.Controllers.ItemController.Create (MyShop)'
2024-11-04 16:08:13.918 +01:00 [INF] Request finished HTTP/1.1 GET http://localhost:5017/Item/Create - 200 null text/html; charset=utf-8 73.0741ms
2024-11-04 16:08:17.131 +01:00 [INF] Request starting HTTP/1.1 GET http://localhost:5017/ - null null
2024-11-04 16:08:17.133 +01:00 [INF] Executing endpoint 'MyShop.Controllers.HomeController.Index (MyShop)'
2024-11-04 16:08:17.133 +01:00 [INF] Route matched with {action = "Index", controller = "Home", page = "", area = ""}. Executing controller action with signature Microsoft.AspNetCore.Mvc.IActionResult Index() on controller MyShop.Controllers.HomeController (MyShop).
2024-11-04 16:08:17.133 +01:00 [INF] Executing ViewResult, running view Index.
2024-11-04 16:08:17.135 +01:00 [INF] Executed ViewResult - view Index executed in 2.0816ms.
2024-11-04 16:08:17.135 +01:00 [INF] Executed action MyShop.Controllers.HomeController.Index (MyShop) in 2.3996ms
2024-11-04 16:08:17.136 +01:00 [INF] Executed endpoint 'MyShop.Controllers.HomeController.Index (MyShop)'
2024-11-04 16:08:17.136 +01:00 [INF] Request finished HTTP/1.1 GET http://localhost:5017/ - 200 null text/html; charset=utf-8 4.7936ms
2024-11-04 16:08:18.245 +01:00 [INF] Request starting HTTP/1.1 GET http://localhost:5017/Item/Grid - null null
2024-11-04 16:08:18.246 +01:00 [INF] Executing endpoint 'MyShop.Controllers.ItemController.Grid (MyShop)'
2024-11-04 16:08:18.246 +01:00 [INF] Route matched with {action = "Grid", controller = "Item", page = "", area = ""}. Executing controller action with signature System.Threading.Tasks.Task`1[Microsoft.AspNetCore.Mvc.IActionResult] Grid() on controller MyShop.Controllers.ItemController (MyShop).
2024-11-04 16:08:18.306 +01:00 [INF] Executing ViewResult, running view Grid.
2024-11-04 16:08:18.308 +01:00 [INF] Executed ViewResult - view Grid executed in 1.7452ms.
2024-11-04 16:08:18.308 +01:00 [INF] Executed action MyShop.Controllers.ItemController.Grid (MyShop) in 61.4638ms
2024-11-04 16:08:18.308 +01:00 [INF] Executed endpoint 'MyShop.Controllers.ItemController.Grid (MyShop)'
2024-11-04 16:08:18.308 +01:00 [INF] Request finished HTTP/1.1 GET http://localhost:5017/Item/Grid - 200 null text/html; charset=utf-8 63.3425ms
2024-11-04 16:08:18.982 +01:00 [INF] Request starting HTTP/1.1 GET http://localhost:5017/Customer/Table - null null
2024-11-04 16:08:18.983 +01:00 [INF] Executing endpoint 'MyShop.Controllers.CustomerController.Table (MyShop)'
2024-11-04 16:08:18.987 +01:00 [INF] Route matched with {action = "Table", controller = "Customer", page = "", area = ""}. Executing controller action with signature System.Threading.Tasks.Task`1[Microsoft.AspNetCore.Mvc.IActionResult] Table() on controller MyShop.Controllers.CustomerController (MyShop).
2024-11-04 16:08:19.002 +01:00 [INF] Executing ViewResult, running view Table.
2024-11-04 16:08:19.005 +01:00 [INF] Executed ViewResult - view Table executed in 3.9531ms.
2024-11-04 16:08:19.005 +01:00 [INF] Executed action MyShop.Controllers.CustomerController.Table (MyShop) in 17.6716ms
2024-11-04 16:08:19.006 +01:00 [INF] Executed endpoint 'MyShop.Controllers.CustomerController.Table (MyShop)'
2024-11-04 16:08:19.006 +01:00 [INF] Request finished HTTP/1.1 GET http://localhost:5017/Customer/Table - 200 null text/html; charset=utf-8 24.4201ms
2024-11-04 16:08:19.835 +01:00 [INF] Request starting HTTP/1.1 GET http://localhost:5017/Customer/Table - null null
2024-11-04 16:08:19.837 +01:00 [INF] Executing endpoint 'MyShop.Controllers.CustomerController.Table (MyShop)'
2024-11-04 16:08:19.837 +01:00 [INF] Route matched with {action = "Table", controller = "Customer", page = "", area = ""}. Executing controller action with signature System.Threading.Tasks.Task`1[Microsoft.AspNetCore.Mvc.IActionResult] Table() on controller MyShop.Controllers.CustomerController (MyShop).
2024-11-04 16:08:19.842 +01:00 [INF] Executing ViewResult, running view Table.
2024-11-04 16:08:19.843 +01:00 [INF] Executed ViewResult - view Table executed in 2.113ms.
2024-11-04 16:08:19.844 +01:00 [INF] Executed action MyShop.Controllers.CustomerController.Table (MyShop) in 6.8242ms
2024-11-04 16:08:19.844 +01:00 [INF] Executed endpoint 'MyShop.Controllers.CustomerController.Table (MyShop)'
2024-11-04 16:08:19.845 +01:00 [INF] Request finished HTTP/1.1 GET http://localhost:5017/Customer/Table - 200 null text/html; charset=utf-8 9.0967ms
2024-11-04 16:08:20.969 +01:00 [INF] Request starting HTTP/1.1 GET http://localhost:5017/ - null null
2024-11-04 16:08:20.970 +01:00 [INF] Executing endpoint 'MyShop.Controllers.HomeController.Index (MyShop)'
2024-11-04 16:08:20.970 +01:00 [INF] Route matched with {action = "Index", controller = "Home", page = "", area = ""}. Executing controller action with signature Microsoft.AspNetCore.Mvc.IActionResult Index() on controller MyShop.Controllers.HomeController (MyShop).
2024-11-04 16:08:20.971 +01:00 [INF] Executing ViewResult, running view Index.
2024-11-04 16:08:20.972 +01:00 [INF] Executed ViewResult - view Index executed in 1.4138ms.
2024-11-04 16:08:20.972 +01:00 [INF] Executed action MyShop.Controllers.HomeController.Index (MyShop) in 1.5985ms
2024-11-04 16:08:20.972 +01:00 [INF] Executed endpoint 'MyShop.Controllers.HomeController.Index (MyShop)'
2024-11-04 16:08:20.972 +01:00 [INF] Request finished HTTP/1.1 GET http://localhost:5017/ - 200 null text/html; charset=utf-8 2.8475ms
2024-11-04 16:08:22.384 +01:00 [INF] Request starting HTTP/1.1 GET http://localhost:5017/Item/Create - null null
2024-11-04 16:08:22.387 +01:00 [INF] Executing endpoint 'MyShop.Controllers.ItemController.Create (MyShop)'
2024-11-04 16:08:22.387 +01:00 [INF] Route matched with {action = "Create", controller = "Item", page = "", area = ""}. Executing controller action with signature Microsoft.AspNetCore.Mvc.IActionResult Create() on controller MyShop.Controllers.ItemController (MyShop).
2024-11-04 16:08:22.387 +01:00 [INF] Executing ViewResult, running view Create.
2024-11-04 16:08:22.392 +01:00 [INF] Executed ViewResult - view Create executed in 5.6038ms.
2024-11-04 16:08:22.393 +01:00 [INF] Executed action MyShop.Controllers.ItemController.Create (MyShop) in 5.8606ms
2024-11-04 16:08:22.393 +01:00 [INF] Executed endpoint 'MyShop.Controllers.ItemController.Create (MyShop)'
2024-11-04 16:08:22.393 +01:00 [INF] Request finished HTTP/1.1 GET http://localhost:5017/Item/Create - 200 null text/html; charset=utf-8 9.0231ms
2024-11-04 16:08:46.647 +01:00 [INF] Request starting HTTP/1.1 GET http://localhost:5017/ - null null
2024-11-04 16:08:46.648 +01:00 [INF] Executing endpoint 'MyShop.Controllers.HomeController.Index (MyShop)'
2024-11-04 16:08:46.648 +01:00 [INF] Route matched with {action = "Index", controller = "Home", page = "", area = ""}. Executing controller action with signature Microsoft.AspNetCore.Mvc.IActionResult Index() on controller MyShop.Controllers.HomeController (MyShop).
2024-11-04 16:08:46.648 +01:00 [INF] Executing ViewResult, running view Index.
2024-11-04 16:08:46.650 +01:00 [INF] Executed ViewResult - view Index executed in 1.345ms.
2024-11-04 16:08:46.650 +01:00 [INF] Executed action MyShop.Controllers.HomeController.Index (MyShop) in 1.5353ms
2024-11-04 16:08:46.650 +01:00 [INF] Executed endpoint 'MyShop.Controllers.HomeController.Index (MyShop)'
2024-11-04 16:08:46.650 +01:00 [INF] Request finished HTTP/1.1 GET http://localhost:5017/ - 200 null text/html; charset=utf-8 2.8214ms
2024-11-04 16:11:15.033 +01:00 [INF] Request starting HTTP/1.1 GET http://localhost:5017/ - null null
2024-11-04 16:11:15.034 +01:00 [INF] Executing endpoint 'MyShop.Controllers.HomeController.Index (MyShop)'
2024-11-04 16:11:15.034 +01:00 [INF] Route matched with {action = "Index", controller = "Home", page = "", area = ""}. Executing controller action with signature Microsoft.AspNetCore.Mvc.IActionResult Index() on controller MyShop.Controllers.HomeController (MyShop).
2024-11-04 16:11:15.035 +01:00 [INF] Executing ViewResult, running view Index.
2024-11-04 16:11:15.036 +01:00 [INF] Executed ViewResult - view Index executed in 1.5079ms.
2024-11-04 16:11:15.036 +01:00 [INF] Executed action MyShop.Controllers.HomeController.Index (MyShop) in 1.6694ms
2024-11-04 16:11:15.036 +01:00 [INF] Executed endpoint 'MyShop.Controllers.HomeController.Index (MyShop)'
2024-11-04 16:11:15.036 +01:00 [INF] Request finished HTTP/1.1 GET http://localhost:5017/ - 200 null text/html; charset=utf-8 2.97ms
2024-11-04 16:11:16.800 +01:00 [INF] Request starting HTTP/1.1 GET http://localhost:5017/ - null null
2024-11-04 16:11:16.801 +01:00 [INF] Executing endpoint 'MyShop.Controllers.HomeController.Index (MyShop)'
2024-11-04 16:11:16.801 +01:00 [INF] Route matched with {action = "Index", controller = "Home", page = "", area = ""}. Executing controller action with signature Microsoft.AspNetCore.Mvc.IActionResult Index() on controller MyShop.Controllers.HomeController (MyShop).
2024-11-04 16:11:16.802 +01:00 [INF] Executing ViewResult, running view Index.
2024-11-04 16:11:16.803 +01:00 [INF] Executed ViewResult - view Index executed in 1.1208ms.
2024-11-04 16:11:16.803 +01:00 [INF] Executed action MyShop.Controllers.HomeController.Index (MyShop) in 1.3036ms
2024-11-04 16:11:16.803 +01:00 [INF] Executed endpoint 'MyShop.Controllers.HomeController.Index (MyShop)'
2024-11-04 16:11:16.803 +01:00 [INF] Request finished HTTP/1.1 GET http://localhost:5017/ - 200 null text/html; charset=utf-8 2.702ms
2024-11-04 16:11:17.667 +01:00 [INF] Request starting HTTP/1.1 GET http://localhost:5017/Item/Grid - null null
2024-11-04 16:11:17.668 +01:00 [INF] Executing endpoint 'MyShop.Controllers.ItemController.Grid (MyShop)'
2024-11-04 16:11:17.668 +01:00 [INF] Route matched with {action = "Grid", controller = "Item", page = "", area = ""}. Executing controller action with signature System.Threading.Tasks.Task`1[Microsoft.AspNetCore.Mvc.IActionResult] Grid() on controller MyShop.Controllers.ItemController (MyShop).
2024-11-04 16:11:17.673 +01:00 [INF] Executing ViewResult, running view Grid.
2024-11-04 16:11:17.676 +01:00 [INF] Executed ViewResult - view Grid executed in 3.839ms.
2024-11-04 16:11:17.676 +01:00 [INF] Executed action MyShop.Controllers.ItemController.Grid (MyShop) in 8.1378ms
2024-11-04 16:11:17.677 +01:00 [INF] Executed endpoint 'MyShop.Controllers.ItemController.Grid (MyShop)'
2024-11-04 16:11:17.677 +01:00 [INF] Request finished HTTP/1.1 GET http://localhost:5017/Item/Grid - 200 null text/html; charset=utf-8 9.7228ms
2024-11-04 16:11:40.048 +01:00 [INF] Request starting HTTP/1.1 GET http://localhost:5017/Item/Table - null null
2024-11-04 16:11:40.050 +01:00 [INF] Executing endpoint 'MyShop.Controllers.ItemController.Table (MyShop)'
2024-11-04 16:11:40.054 +01:00 [INF] Route matched with {action = "Table", controller = "Item", page = "", area = ""}. Executing controller action with signature System.Threading.Tasks.Task`1[Microsoft.AspNetCore.Mvc.IActionResult] Table() on controller MyShop.Controllers.ItemController (MyShop).
2024-11-04 16:11:40.058 +01:00 [INF] Executing ViewResult, running view Table.
2024-11-04 16:11:40.068 +01:00 [INF] Executed ViewResult - view Table executed in 11.5025ms.
2024-11-04 16:11:40.068 +01:00 [INF] Executed action MyShop.Controllers.ItemController.Table (MyShop) in 14.7049ms
2024-11-04 16:11:40.068 +01:00 [INF] Executed endpoint 'MyShop.Controllers.ItemController.Table (MyShop)'
2024-11-04 16:11:40.069 +01:00 [INF] Request finished HTTP/1.1 GET http://localhost:5017/Item/Table - 200 null text/html; charset=utf-8 20.3472ms
2024-11-04 16:11:45.308 +01:00 [INF] Request starting HTTP/1.1 GET http://localhost:5017/Item/Grid - null null
2024-11-04 16:11:45.309 +01:00 [INF] Executing endpoint 'MyShop.Controllers.ItemController.Grid (MyShop)'
2024-11-04 16:11:45.309 +01:00 [INF] Route matched with {action = "Grid", controller = "Item", page = "", area = ""}. Executing controller action with signature System.Threading.Tasks.Task`1[Microsoft.AspNetCore.Mvc.IActionResult] Grid() on controller MyShop.Controllers.ItemController (MyShop).
2024-11-04 16:11:45.311 +01:00 [INF] Executing ViewResult, running view Grid.
2024-11-04 16:11:45.313 +01:00 [INF] Executed ViewResult - view Grid executed in 1.0525ms.
2024-11-04 16:11:45.313 +01:00 [INF] Executed action MyShop.Controllers.ItemController.Grid (MyShop) in 3.1429ms
2024-11-04 16:11:45.313 +01:00 [INF] Executed endpoint 'MyShop.Controllers.ItemController.Grid (MyShop)'
2024-11-04 16:11:45.313 +01:00 [INF] Request finished HTTP/1.1 GET http://localhost:5017/Item/Grid - 200 null text/html; charset=utf-8 4.7885ms
2024-11-04 16:11:45.959 +01:00 [INF] Request starting HTTP/1.1 GET http://localhost:5017/Item/Table - null null
2024-11-04 16:11:45.959 +01:00 [INF] Executing endpoint 'MyShop.Controllers.ItemController.Table (MyShop)'
2024-11-04 16:11:45.960 +01:00 [INF] Route matched with {action = "Table", controller = "Item", page = "", area = ""}. Executing controller action with signature System.Threading.Tasks.Task`1[Microsoft.AspNetCore.Mvc.IActionResult] Table() on controller MyShop.Controllers.ItemController (MyShop).
2024-11-04 16:11:45.962 +01:00 [INF] Executing ViewResult, running view Table.
2024-11-04 16:11:45.964 +01:00 [INF] Executed ViewResult - view Table executed in 1.8651ms.
2024-11-04 16:11:45.964 +01:00 [INF] Executed action MyShop.Controllers.ItemController.Table (MyShop) in 4.1255ms
2024-11-04 16:11:45.964 +01:00 [INF] Executed endpoint 'MyShop.Controllers.ItemController.Table (MyShop)'
2024-11-04 16:11:45.964 +01:00 [INF] Request finished HTTP/1.1 GET http://localhost:5017/Item/Table - 200 null text/html; charset=utf-8 5.4501ms
2024-11-04 16:11:46.605 +01:00 [INF] Request starting HTTP/1.1 GET http://localhost:5017/Item/Grid - null null
2024-11-04 16:11:46.606 +01:00 [INF] Executing endpoint 'MyShop.Controllers.ItemController.Grid (MyShop)'
2024-11-04 16:11:46.606 +01:00 [INF] Route matched with {action = "Grid", controller = "Item", page = "", area = ""}. Executing controller action with signature System.Threading.Tasks.Task`1[Microsoft.AspNetCore.Mvc.IActionResult] Grid() on controller MyShop.Controllers.ItemController (MyShop).
2024-11-04 16:11:46.610 +01:00 [INF] Executing ViewResult, running view Grid.
2024-11-04 16:11:46.612 +01:00 [INF] Executed ViewResult - view Grid executed in 1.9868ms.
2024-11-04 16:11:46.612 +01:00 [INF] Executed action MyShop.Controllers.ItemController.Grid (MyShop) in 5.4659ms
2024-11-04 16:11:46.612 +01:00 [INF] Executed endpoint 'MyShop.Controllers.ItemController.Grid (MyShop)'
2024-11-04 16:11:46.612 +01:00 [INF] Request finished HTTP/1.1 GET http://localhost:5017/Item/Grid - 200 null text/html; charset=utf-8 6.8259ms
2024-11-04 16:12:13.906 +01:00 [INF] Request starting HTTP/1.1 GET http://localhost:5017/ - null null
2024-11-04 16:12:13.908 +01:00 [INF] Executing endpoint 'MyShop.Controllers.HomeController.Index (MyShop)'
2024-11-04 16:12:13.908 +01:00 [INF] Route matched with {action = "Index", controller = "Home", page = "", area = ""}. Executing controller action with signature Microsoft.AspNetCore.Mvc.IActionResult Index() on controller MyShop.Controllers.HomeController (MyShop).
2024-11-04 16:12:13.908 +01:00 [INF] Executing ViewResult, running view Index.
2024-11-04 16:12:13.909 +01:00 [INF] Executed ViewResult - view Index executed in 1.1369ms.
2024-11-04 16:12:13.909 +01:00 [INF] Executed action MyShop.Controllers.HomeController.Index (MyShop) in 1.3213ms
2024-11-04 16:12:13.909 +01:00 [INF] Executed endpoint 'MyShop.Controllers.HomeController.Index (MyShop)'
2024-11-04 16:12:13.910 +01:00 [INF] Request finished HTTP/1.1 GET http://localhost:5017/ - 200 null text/html; charset=utf-8 3.4588ms
2024-11-04 16:13:00.656 +01:00 [INF] Request starting HTTP/1.1 GET http://localhost:5017/ - null null
2024-11-04 16:13:00.657 +01:00 [INF] Executing endpoint 'MyShop.Controllers.HomeController.Index (MyShop)'
2024-11-04 16:13:00.657 +01:00 [INF] Route matched with {action = "Index", controller = "Home", page = "", area = ""}. Executing controller action with signature Microsoft.AspNetCore.Mvc.IActionResult Index() on controller MyShop.Controllers.HomeController (MyShop).
2024-11-04 16:13:00.657 +01:00 [INF] Executing ViewResult, running view Index.
2024-11-04 16:13:00.658 +01:00 [INF] Executed ViewResult - view Index executed in 1.1395ms.
2024-11-04 16:13:00.658 +01:00 [INF] Executed action MyShop.Controllers.HomeController.Index (MyShop) in 1.3248ms
2024-11-04 16:13:00.658 +01:00 [INF] Executed endpoint 'MyShop.Controllers.HomeController.Index (MyShop)'
2024-11-04 16:13:00.659 +01:00 [INF] Request finished HTTP/1.1 GET http://localhost:5017/ - 200 null text/html; charset=utf-8 2.7191ms
2024-11-04 16:13:01.975 +01:00 [INF] Request starting HTTP/1.1 GET http://localhost:5017/Item/Grid - null null
2024-11-04 16:13:01.976 +01:00 [INF] Executing endpoint 'MyShop.Controllers.ItemController.Grid (MyShop)'
2024-11-04 16:13:01.977 +01:00 [INF] Route matched with {action = "Grid", controller = "Item", page = "", area = ""}. Executing controller action with signature System.Threading.Tasks.Task`1[Microsoft.AspNetCore.Mvc.IActionResult] Grid() on controller MyShop.Controllers.ItemController (MyShop).
2024-11-04 16:13:01.979 +01:00 [INF] Executing ViewResult, running view Grid.
2024-11-04 16:13:01.980 +01:00 [INF] Executed ViewResult - view Grid executed in 1.0581ms.
2024-11-04 16:13:01.980 +01:00 [INF] Executed action MyShop.Controllers.ItemController.Grid (MyShop) in 2.9842ms
2024-11-04 16:13:01.980 +01:00 [INF] Executed endpoint 'MyShop.Controllers.ItemController.Grid (MyShop)'
2024-11-04 16:13:01.980 +01:00 [INF] Request finished HTTP/1.1 GET http://localhost:5017/Item/Grid - 200 null text/html; charset=utf-8 4.6895ms
2024-11-04 16:13:03.779 +01:00 [INF] Request starting HTTP/1.1 GET http://localhost:5017/Customer/Table - null null
2024-11-04 16:13:03.780 +01:00 [INF] Executing endpoint 'MyShop.Controllers.CustomerController.Table (MyShop)'
2024-11-04 16:13:03.780 +01:00 [INF] Route matched with {action = "Table", controller = "Customer", page = "", area = ""}. Executing controller action with signature System.Threading.Tasks.Task`1[Microsoft.AspNetCore.Mvc.IActionResult] Table() on controller MyShop.Controllers.CustomerController (MyShop).
2024-11-04 16:13:03.783 +01:00 [INF] Executing ViewResult, running view Table.
2024-11-04 16:13:03.784 +01:00 [INF] Executed ViewResult - view Table executed in 1.1277ms.
2024-11-04 16:13:03.784 +01:00 [INF] Executed action MyShop.Controllers.CustomerController.Table (MyShop) in 3.4439ms
2024-11-04 16:13:03.784 +01:00 [INF] Executed endpoint 'MyShop.Controllers.CustomerController.Table (MyShop)'
2024-11-04 16:13:03.784 +01:00 [INF] Request finished HTTP/1.1 GET http://localhost:5017/Customer/Table - 200 null text/html; charset=utf-8 4.8482ms
2024-11-04 16:13:07.192 +01:00 [INF] Request starting HTTP/1.1 GET http://localhost:5017/Item/Grid - null null
2024-11-04 16:13:07.193 +01:00 [INF] Executing endpoint 'MyShop.Controllers.ItemController.Grid (MyShop)'
2024-11-04 16:13:07.193 +01:00 [INF] Route matched with {action = "Grid", controller = "Item", page = "", area = ""}. Executing controller action with signature System.Threading.Tasks.Task`1[Microsoft.AspNetCore.Mvc.IActionResult] Grid() on controller MyShop.Controllers.ItemController (MyShop).
2024-11-04 16:13:07.195 +01:00 [INF] Executing ViewResult, running view Grid.
2024-11-04 16:13:07.196 +01:00 [INF] Executed ViewResult - view Grid executed in 0.9435ms.
2024-11-04 16:13:07.196 +01:00 [INF] Executed action MyShop.Controllers.ItemController.Grid (MyShop) in 2.6855ms
2024-11-04 16:13:07.196 +01:00 [INF] Executed endpoint 'MyShop.Controllers.ItemController.Grid (MyShop)'
2024-11-04 16:13:07.196 +01:00 [INF] Request finished HTTP/1.1 GET http://localhost:5017/Item/Grid - 200 null text/html; charset=utf-8 4.0158ms
2024-11-04 16:13:13.861 +01:00 [INF] Request starting HTTP/1.1 GET http://localhost:5017/ - null null
2024-11-04 16:13:13.862 +01:00 [INF] Executing endpoint 'MyShop.Controllers.HomeController.Index (MyShop)'
2024-11-04 16:13:13.862 +01:00 [INF] Route matched with {action = "Index", controller = "Home", page = "", area = ""}. Executing controller action with signature Microsoft.AspNetCore.Mvc.IActionResult Index() on controller MyShop.Controllers.HomeController (MyShop).
2024-11-04 16:13:13.862 +01:00 [INF] Executing ViewResult, running view Index.
2024-11-04 16:13:13.863 +01:00 [INF] Executed ViewResult - view Index executed in 1.0355ms.
2024-11-04 16:13:13.863 +01:00 [INF] Executed action MyShop.Controllers.HomeController.Index (MyShop) in 1.2048ms
2024-11-04 16:13:13.864 +01:00 [INF] Executed endpoint 'MyShop.Controllers.HomeController.Index (MyShop)'
2024-11-04 16:13:13.864 +01:00 [INF] Request finished HTTP/1.1 GET http://localhost:5017/ - 200 null text/html; charset=utf-8 2.9846ms
2024-11-04 16:16:24.870 +01:00 [INF] Application is shutting down...
