2024-10-22 14:12:49.048 +02:00 [INF] User profile is available. Using 'C:\Users\jovan\AppData\Local\ASP.NET\DataProtection-Keys' as key repository and Windows DPAPI to encrypt keys at rest.
2024-10-22 14:12:49.165 +02:00 [INF] Now listening on: http://localhost:5017
2024-10-22 14:12:49.169 +02:00 [INF] Application started. Press Ctrl+C to shut down.
2024-10-22 14:12:49.169 +02:00 [INF] Hosting environment: Development
2024-10-22 14:12:49.169 +02:00 [INF] Content root path: C:\TestMappe\ITPE3200_Exam_project
2024-10-22 14:12:50.586 +02:00 [INF] Request starting HTTP/1.1 GET http://localhost:5017/ - null null
2024-10-22 14:12:50.628 +02:00 [INF] Executing endpoint 'MyShop.Controllers.HomeController.Index (MyShop)'
2024-10-22 14:12:50.640 +02:00 [INF] Route matched with {action = "Index", controller = "Home", page = "", area = ""}. Executing controller action with signature Microsoft.AspNetCore.Mvc.IActionResult Index() on controller MyShop.Controllers.HomeController (MyShop).
2024-10-22 14:12:50.648 +02:00 [INF] Executing ViewResult, running view Index.
2024-10-22 14:12:50.738 +02:00 [INF] Executed ViewResult - view Index executed in 90.949ms.
2024-10-22 14:12:50.740 +02:00 [INF] Executed action MyShop.Controllers.HomeController.Index (MyShop) in 99.738ms
2024-10-22 14:12:50.740 +02:00 [INF] Executed endpoint 'MyShop.Controllers.HomeController.Index (MyShop)'
2024-10-22 14:12:50.747 +02:00 [INF] Request finished HTTP/1.1 GET http://localhost:5017/ - 200 null text/html; charset=utf-8 161.7359ms
2024-10-22 14:12:53.673 +02:00 [INF] Request starting HTTP/1.1 GET http://localhost:5017/Item/Table - null null
2024-10-22 14:12:53.676 +02:00 [INF] Executing endpoint 'MyShop.Controllers.ItemController.Table (MyShop)'
2024-10-22 14:12:53.681 +02:00 [INF] Route matched with {action = "Table", controller = "Item", page = "", area = ""}. Executing controller action with signature System.Threading.Tasks.Task`1[Microsoft.AspNetCore.Mvc.IActionResult] Table() on controller MyShop.Controllers.ItemController (MyShop).
2024-10-22 14:12:53.784 +02:00 [INF] Executing ViewResult, running view Table.
2024-10-22 14:12:53.800 +02:00 [INF] Executed ViewResult - view Table executed in 17.572ms.
2024-10-22 14:12:53.801 +02:00 [INF] Executed action MyShop.Controllers.ItemController.Table (MyShop) in 120.0326ms
2024-10-22 14:12:53.801 +02:00 [INF] Executed endpoint 'MyShop.Controllers.ItemController.Table (MyShop)'
2024-10-22 14:12:53.805 +02:00 [INF] Request finished HTTP/1.1 GET http://localhost:5017/Item/Table - 200 null text/html; charset=utf-8 131.1397ms
2024-10-22 14:12:54.700 +02:00 [INF] Request starting HTTP/1.1 GET http://localhost:5017/ - null null
2024-10-22 14:12:54.703 +02:00 [INF] Executing endpoint 'MyShop.Controllers.HomeController.Index (MyShop)'
2024-10-22 14:12:54.703 +02:00 [INF] Route matched with {action = "Index", controller = "Home", page = "", area = ""}. Executing controller action with signature Microsoft.AspNetCore.Mvc.IActionResult Index() on controller MyShop.Controllers.HomeController (MyShop).
2024-10-22 14:12:54.704 +02:00 [INF] Executing ViewResult, running view Index.
2024-10-22 14:12:54.715 +02:00 [INF] Executed ViewResult - view Index executed in 11.1107ms.
2024-10-22 14:12:54.715 +02:00 [INF] Executed action MyShop.Controllers.HomeController.Index (MyShop) in 11.4967ms
2024-10-22 14:12:54.715 +02:00 [INF] Executed endpoint 'MyShop.Controllers.HomeController.Index (MyShop)'
2024-10-22 14:12:54.715 +02:00 [INF] Request finished HTTP/1.1 GET http://localhost:5017/ - 200 null text/html; charset=utf-8 15.2137ms
2024-10-22 14:12:55.486 +02:00 [INF] Request starting HTTP/1.1 GET http://localhost:5017/Customer/Table - null null
2024-10-22 14:12:55.488 +02:00 [INF] Executing endpoint 'MyShop.Controllers.CustomerController.Table (MyShop)'
2024-10-22 14:12:55.492 +02:00 [INF] Route matched with {action = "Table", controller = "Customer", page = "", area = ""}. Executing controller action with signature System.Threading.Tasks.Task`1[Microsoft.AspNetCore.Mvc.IActionResult] Table() on controller MyShop.Controllers.CustomerController (MyShop).
2024-10-22 14:12:55.540 +02:00 [INF] Executing ViewResult, running view Table.
2024-10-22 14:12:55.705 +02:00 [INF] Executed ViewResult - view Table executed in 166.7045ms.
2024-10-22 14:12:55.706 +02:00 [INF] Executed action MyShop.Controllers.CustomerController.Table (MyShop) in 213.5341ms
2024-10-22 14:12:55.706 +02:00 [INF] Executed endpoint 'MyShop.Controllers.CustomerController.Table (MyShop)'
2024-10-22 14:12:55.706 +02:00 [INF] Request finished HTTP/1.1 GET http://localhost:5017/Customer/Table - 200 null text/html; charset=utf-8 219.751ms
2024-10-22 14:12:56.983 +02:00 [INF] Request starting HTTP/1.1 GET http://localhost:5017/Identity/Account/Register - null null
2024-10-22 14:12:56.984 +02:00 [INF] Executing endpoint '/Account/Register'
2024-10-22 14:12:57.025 +02:00 [INF] Route matched with {page = "/Account/Register", area = "Identity", action = "", controller = ""}. Executing page /Account/Register
2024-10-22 14:12:57.054 +02:00 [INF] Executing handler method MyShop.Areas.Identity.Pages.Account.RegisterModel.OnGetAsync - ModelState is "Valid"
2024-10-22 14:12:57.058 +02:00 [INF] Executed handler method OnGetAsync, returned result .
2024-10-22 14:12:57.064 +02:00 [INF] Executing an implicit handler method - ModelState is "Valid"
2024-10-22 14:12:57.064 +02:00 [INF] Executed an implicit handler method, returned result Microsoft.AspNetCore.Mvc.RazorPages.PageResult.
2024-10-22 14:12:57.148 +02:00 [INF] Executed page /Account/Register in 122.0725ms
2024-10-22 14:12:57.148 +02:00 [INF] Executed endpoint '/Account/Register'
2024-10-22 14:12:57.149 +02:00 [INF] Request finished HTTP/1.1 GET http://localhost:5017/Identity/Account/Register - 200 null text/html; charset=utf-8 165.7265ms
2024-10-22 14:12:57.164 +02:00 [INF] Request starting HTTP/1.1 GET http://localhost:5017/lib/jquery-validation/dist/jquery.validate.min.js - null null
2024-10-22 14:12:57.165 +02:00 [INF] Request starting HTTP/1.1 GET http://localhost:5017/lib/jquery-validation-unobtrusive/jquery.validate.unobtrusive.min.js - null null
2024-10-22 14:12:57.166 +02:00 [INF] Request finished HTTP/1.1 GET http://localhost:5017/lib/jquery-validation/dist/jquery.validate.min.js - 404 0 null 1.8042ms
2024-10-22 14:12:57.166 +02:00 [INF] Request finished HTTP/1.1 GET http://localhost:5017/lib/jquery-validation-unobtrusive/jquery.validate.unobtrusive.min.js - 404 0 null 1.0147ms
2024-10-22 14:12:57.167 +02:00 [INF] Request reached the end of the middleware pipeline without being handled by application code. Request path: GET http://localhost:5017/lib/jquery-validation-unobtrusive/jquery.validate.unobtrusive.min.js, Response status code: 404
2024-10-22 14:12:57.167 +02:00 [INF] Request reached the end of the middleware pipeline without being handled by application code. Request path: GET http://localhost:5017/lib/jquery-validation/dist/jquery.validate.min.js, Response status code: 404
2024-10-22 14:12:58.042 +02:00 [INF] Request starting HTTP/1.1 GET http://localhost:5017/Identity/Account/Login - null null
2024-10-22 14:12:58.053 +02:00 [INF] Executing endpoint '/Account/Login'
2024-10-22 14:12:58.063 +02:00 [INF] Route matched with {page = "/Account/Login", area = "Identity", action = "", controller = ""}. Executing page /Account/Login
2024-10-22 14:12:58.067 +02:00 [INF] Executing handler method MyShop.Areas.Identity.Pages.Account.LoginModel.OnGetAsync - ModelState is "Valid"
2024-10-22 14:12:58.077 +02:00 [INF] AuthenticationScheme: Identity.External signed out.
2024-10-22 14:12:58.078 +02:00 [INF] Executed handler method OnGetAsync, returned result .
2024-10-22 14:12:58.078 +02:00 [INF] Executing an implicit handler method - ModelState is "Valid"
2024-10-22 14:12:58.078 +02:00 [INF] Executed an implicit handler method, returned result Microsoft.AspNetCore.Mvc.RazorPages.PageResult.
2024-10-22 14:12:58.128 +02:00 [INF] Executed page /Account/Login in 64.6095ms
2024-10-22 14:12:58.128 +02:00 [INF] Executed endpoint '/Account/Login'
2024-10-22 14:12:58.128 +02:00 [INF] Request finished HTTP/1.1 GET http://localhost:5017/Identity/Account/Login - 200 null text/html; charset=utf-8 85.9466ms
2024-10-22 14:12:58.141 +02:00 [INF] Request starting HTTP/1.1 GET http://localhost:5017/lib/jquery-validation/dist/jquery.validate.min.js - null null
2024-10-22 14:12:58.141 +02:00 [INF] Request starting HTTP/1.1 GET http://localhost:5017/lib/jquery-validation-unobtrusive/jquery.validate.unobtrusive.min.js - null null
2024-10-22 14:12:58.142 +02:00 [INF] Request finished HTTP/1.1 GET http://localhost:5017/lib/jquery-validation-unobtrusive/jquery.validate.unobtrusive.min.js - 404 0 null 0.5869ms
2024-10-22 14:12:58.142 +02:00 [INF] Request finished HTTP/1.1 GET http://localhost:5017/lib/jquery-validation/dist/jquery.validate.min.js - 404 0 null 0.5073ms
2024-10-22 14:12:58.142 +02:00 [INF] Request reached the end of the middleware pipeline without being handled by application code. Request path: GET http://localhost:5017/lib/jquery-validation/dist/jquery.validate.min.js, Response status code: 404
2024-10-22 14:12:58.142 +02:00 [INF] Request reached the end of the middleware pipeline without being handled by application code. Request path: GET http://localhost:5017/lib/jquery-validation-unobtrusive/jquery.validate.unobtrusive.min.js, Response status code: 404
2024-10-22 14:13:00.217 +02:00 [INF] Request starting HTTP/1.1 GET http://localhost:5017/Item/Table - null null
2024-10-22 14:13:00.219 +02:00 [INF] Executing endpoint 'MyShop.Controllers.ItemController.Table (MyShop)'
2024-10-22 14:13:00.219 +02:00 [INF] Route matched with {action = "Table", controller = "Item", page = "", area = ""}. Executing controller action with signature System.Threading.Tasks.Task`1[Microsoft.AspNetCore.Mvc.IActionResult] Table() on controller MyShop.Controllers.ItemController (MyShop).
2024-10-22 14:13:00.223 +02:00 [INF] Executing ViewResult, running view Table.
2024-10-22 14:13:00.226 +02:00 [INF] Executed ViewResult - view Table executed in 2.7197ms.
2024-10-22 14:13:00.226 +02:00 [INF] Executed action MyShop.Controllers.ItemController.Table (MyShop) in 6.8047ms
2024-10-22 14:13:00.226 +02:00 [INF] Executed endpoint 'MyShop.Controllers.ItemController.Table (MyShop)'
2024-10-22 14:13:00.227 +02:00 [INF] Request finished HTTP/1.1 GET http://localhost:5017/Item/Table - 200 null text/html; charset=utf-8 10.2246ms
2024-10-22 14:13:01.632 +02:00 [INF] Request starting HTTP/1.1 GET http://localhost:5017/Item/Create - null null
2024-10-22 14:13:01.648 +02:00 [INF] Authorization failed. These requirements were not met:
DenyAnonymousAuthorizationRequirement: Requires an authenticated user.
2024-10-22 14:13:01.651 +02:00 [INF] AuthenticationScheme: Identity.Application was challenged.
2024-10-22 14:13:01.651 +02:00 [INF] Request finished HTTP/1.1 GET http://localhost:5017/Item/Create - 302 0 null 18.9568ms
2024-10-22 14:13:01.656 +02:00 [INF] Request starting HTTP/1.1 GET http://localhost:5017/Identity/Account/Login?ReturnUrl=%2FItem%2FCreate - null null
2024-10-22 14:13:01.656 +02:00 [INF] Executing endpoint '/Account/Login'
2024-10-22 14:13:01.657 +02:00 [INF] Route matched with {page = "/Account/Login", area = "Identity", action = "", controller = ""}. Executing page /Account/Login
2024-10-22 14:13:01.669 +02:00 [INF] Executing handler method MyShop.Areas.Identity.Pages.Account.LoginModel.OnGetAsync - ModelState is "Valid"
2024-10-22 14:13:01.669 +02:00 [INF] AuthenticationScheme: Identity.External signed out.
2024-10-22 14:13:01.669 +02:00 [INF] Executed handler method OnGetAsync, returned result .
2024-10-22 14:13:01.670 +02:00 [INF] Executing an implicit handler method - ModelState is "Valid"
2024-10-22 14:13:01.670 +02:00 [INF] Executed an implicit handler method, returned result Microsoft.AspNetCore.Mvc.RazorPages.PageResult.
2024-10-22 14:13:01.674 +02:00 [INF] Executed page /Account/Login in 17.2293ms
2024-10-22 14:13:01.674 +02:00 [INF] Executed endpoint '/Account/Login'
2024-10-22 14:13:01.674 +02:00 [INF] Request finished HTTP/1.1 GET http://localhost:5017/Identity/Account/Login?ReturnUrl=%2FItem%2FCreate - 200 null text/html; charset=utf-8 18.7186ms
2024-10-22 14:13:01.698 +02:00 [INF] Request starting HTTP/1.1 GET http://localhost:5017/lib/jquery-validation/dist/jquery.validate.min.js - null null
2024-10-22 14:13:01.698 +02:00 [INF] Request finished HTTP/1.1 GET http://localhost:5017/lib/jquery-validation/dist/jquery.validate.min.js - 404 0 null 0.5495ms
2024-10-22 14:13:01.699 +02:00 [INF] Request reached the end of the middleware pipeline without being handled by application code. Request path: GET http://localhost:5017/lib/jquery-validation/dist/jquery.validate.min.js, Response status code: 404
2024-10-22 14:13:01.699 +02:00 [INF] Request starting HTTP/1.1 GET http://localhost:5017/lib/jquery-validation-unobtrusive/jquery.validate.unobtrusive.min.js - null null
2024-10-22 14:13:01.699 +02:00 [INF] Request finished HTTP/1.1 GET http://localhost:5017/lib/jquery-validation-unobtrusive/jquery.validate.unobtrusive.min.js - 404 0 null 0.3546ms
2024-10-22 14:13:01.699 +02:00 [INF] Request reached the end of the middleware pipeline without being handled by application code. Request path: GET http://localhost:5017/lib/jquery-validation-unobtrusive/jquery.validate.unobtrusive.min.js, Response status code: 404
