2024-11-04 12:49:40.298 +01:00 [INF] User profile is available. Using 'C:\Users\Hadle\AppData\Local\ASP.NET\DataProtection-Keys' as key repository and Windows DPAPI to encrypt keys at rest.
2024-11-04 12:49:40.432 +01:00 [INF] Now listening on: http://localhost:5017
2024-11-04 12:49:40.436 +01:00 [INF] Application started. Press Ctrl+C to shut down.
2024-11-04 12:49:40.436 +01:00 [INF] Hosting environment: Development
2024-11-04 12:49:40.436 +01:00 [INF] Content root path: C:\ITPE3200\ITPE3200_Exam_project-main\ITPE3200_Exam_project-main\ITPE3200_Exam_project
2024-11-04 12:49:41.598 +01:00 [INF] Request starting HTTP/1.1 GET http://localhost:5017/ - null null
2024-11-04 12:49:41.651 +01:00 [INF] Executing endpoint 'MyShop.Controllers.HomeController.Index (MyShop)'
2024-11-04 12:49:41.660 +01:00 [INF] Route matched with {action = "Index", controller = "Home", page = "", area = ""}. Executing controller action with signature Microsoft.AspNetCore.Mvc.IActionResult Index() on controller MyShop.Controllers.HomeController (MyShop).
2024-11-04 12:49:41.668 +01:00 [INF] Executing ViewResult, running view Index.
2024-11-04 12:49:41.732 +01:00 [INF] Executed ViewResult - view Index executed in 66.1508ms.
2024-11-04 12:49:41.734 +01:00 [INF] Executed action MyShop.Controllers.HomeController.Index (MyShop) in 73.0378ms
2024-11-04 12:49:41.734 +01:00 [INF] Executed endpoint 'MyShop.Controllers.HomeController.Index (MyShop)'
2024-11-04 12:49:41.737 +01:00 [INF] Request finished HTTP/1.1 GET http://localhost:5017/ - 200 null text/html; charset=utf-8 140.6725ms
2024-11-04 12:49:42.766 +01:00 [INF] Request starting HTTP/1.1 GET http://localhost:5017/Item/Create - null null
2024-11-04 12:49:42.777 +01:00 [INF] Executing endpoint 'MyShop.Controllers.ItemController.Create (MyShop)'
2024-11-04 12:49:42.779 +01:00 [INF] Route matched with {action = "Create", controller = "Item", page = "", area = ""}. Executing controller action with signature Microsoft.AspNetCore.Mvc.IActionResult Create() on controller MyShop.Controllers.ItemController (MyShop).
2024-11-04 12:49:42.781 +01:00 [INF] Executing ViewResult, running view Create.
2024-11-04 12:49:42.821 +01:00 [INF] Executed ViewResult - view Create executed in 41.4533ms.
2024-11-04 12:49:42.821 +01:00 [INF] Executed action MyShop.Controllers.ItemController.Create (MyShop) in 42.6087ms
2024-11-04 12:49:42.822 +01:00 [INF] Executed endpoint 'MyShop.Controllers.ItemController.Create (MyShop)'
2024-11-04 12:49:42.822 +01:00 [INF] Request finished HTTP/1.1 GET http://localhost:5017/Item/Create - 200 null text/html; charset=utf-8 56.0849ms
2024-11-04 12:49:44.732 +01:00 [INF] Request starting HTTP/1.1 GET http://localhost:5017/ - null null
2024-11-04 12:49:44.743 +01:00 [INF] Executing endpoint 'MyShop.Controllers.HomeController.Index (MyShop)'
2024-11-04 12:49:44.743 +01:00 [INF] Route matched with {action = "Index", controller = "Home", page = "", area = ""}. Executing controller action with signature Microsoft.AspNetCore.Mvc.IActionResult Index() on controller MyShop.Controllers.HomeController (MyShop).
2024-11-04 12:49:44.743 +01:00 [INF] Executing ViewResult, running view Index.
2024-11-04 12:49:44.745 +01:00 [INF] Executed ViewResult - view Index executed in 1.6158ms.
2024-11-04 12:49:44.745 +01:00 [INF] Executed action MyShop.Controllers.HomeController.Index (MyShop) in 1.9216ms
2024-11-04 12:49:44.745 +01:00 [INF] Executed endpoint 'MyShop.Controllers.HomeController.Index (MyShop)'
2024-11-04 12:49:44.745 +01:00 [INF] Request finished HTTP/1.1 GET http://localhost:5017/ - 200 null text/html; charset=utf-8 12.571ms
2024-11-04 12:49:45.704 +01:00 [INF] Request starting HTTP/1.1 GET http://localhost:5017/Item/Create - null null
2024-11-04 12:49:45.707 +01:00 [INF] Executing endpoint 'MyShop.Controllers.ItemController.Create (MyShop)'
2024-11-04 12:49:45.707 +01:00 [INF] Route matched with {action = "Create", controller = "Item", page = "", area = ""}. Executing controller action with signature Microsoft.AspNetCore.Mvc.IActionResult Create() on controller MyShop.Controllers.ItemController (MyShop).
2024-11-04 12:49:45.708 +01:00 [INF] Executing ViewResult, running view Create.
2024-11-04 12:49:45.712 +01:00 [INF] Executed ViewResult - view Create executed in 3.8322ms.
2024-11-04 12:49:45.712 +01:00 [INF] Executed action MyShop.Controllers.ItemController.Create (MyShop) in 4.6285ms
2024-11-04 12:49:45.712 +01:00 [INF] Executed endpoint 'MyShop.Controllers.ItemController.Create (MyShop)'
2024-11-04 12:49:45.712 +01:00 [INF] Request finished HTTP/1.1 GET http://localhost:5017/Item/Create - 200 null text/html; charset=utf-8 8.6305ms
2024-11-04 12:49:47.025 +01:00 [INF] Request starting HTTP/1.1 GET http://localhost:5017/ - null null
2024-11-04 12:49:47.026 +01:00 [INF] Executing endpoint 'MyShop.Controllers.HomeController.Index (MyShop)'
2024-11-04 12:49:47.026 +01:00 [INF] Route matched with {action = "Index", controller = "Home", page = "", area = ""}. Executing controller action with signature Microsoft.AspNetCore.Mvc.IActionResult Index() on controller MyShop.Controllers.HomeController (MyShop).
2024-11-04 12:49:47.026 +01:00 [INF] Executing ViewResult, running view Index.
2024-11-04 12:49:47.027 +01:00 [INF] Executed ViewResult - view Index executed in 1.1028ms.
2024-11-04 12:49:47.027 +01:00 [INF] Executed action MyShop.Controllers.HomeController.Index (MyShop) in 1.2485ms
2024-11-04 12:49:47.027 +01:00 [INF] Executed endpoint 'MyShop.Controllers.HomeController.Index (MyShop)'
2024-11-04 12:49:47.027 +01:00 [INF] Request finished HTTP/1.1 GET http://localhost:5017/ - 200 null text/html; charset=utf-8 2.3951ms
2024-11-04 12:49:52.349 +01:00 [INF] Request starting HTTP/1.1 GET http://localhost:5017/Item/Create - null null
2024-11-04 12:49:52.351 +01:00 [INF] Executing endpoint 'MyShop.Controllers.ItemController.Create (MyShop)'
2024-11-04 12:49:52.351 +01:00 [INF] Route matched with {action = "Create", controller = "Item", page = "", area = ""}. Executing controller action with signature Microsoft.AspNetCore.Mvc.IActionResult Create() on controller MyShop.Controllers.ItemController (MyShop).
2024-11-04 12:49:52.351 +01:00 [INF] Executing ViewResult, running view Create.
2024-11-04 12:49:52.353 +01:00 [INF] Executed ViewResult - view Create executed in 2.0928ms.
2024-11-04 12:49:52.354 +01:00 [INF] Executed action MyShop.Controllers.ItemController.Create (MyShop) in 2.8252ms
2024-11-04 12:49:52.354 +01:00 [INF] Executed endpoint 'MyShop.Controllers.ItemController.Create (MyShop)'
2024-11-04 12:49:52.354 +01:00 [INF] Request finished HTTP/1.1 GET http://localhost:5017/Item/Create - 200 null text/html; charset=utf-8 4.7052ms
2024-11-04 12:49:54.825 +01:00 [INF] Request starting HTTP/1.1 POST http://localhost:5017/Identity/Account/Logout?returnUrl=%2F - application/x-www-form-urlencoded 225
2024-11-04 12:49:54.827 +01:00 [INF] Executing endpoint '/Account/Logout'
2024-11-04 12:49:54.837 +01:00 [INF] Route matched with {page = "/Account/Logout", area = "Identity", action = "", controller = ""}. Executing page /Account/Logout
2024-11-04 12:49:54.854 +01:00 [INF] Executing handler method MyShop.Areas.Identity.Pages.Account.LogoutModel.OnPost - ModelState is "Valid"
2024-11-04 12:49:54.857 +01:00 [INF] AuthenticationScheme: Identity.Application signed out.
2024-11-04 12:49:54.857 +01:00 [INF] AuthenticationScheme: Identity.External signed out.
2024-11-04 12:49:54.858 +01:00 [INF] AuthenticationScheme: Identity.TwoFactorUserId signed out.
2024-11-04 12:49:54.858 +01:00 [INF] User logged out.
2024-11-04 12:49:54.858 +01:00 [INF] Executed handler method OnPost, returned result Microsoft.AspNetCore.Mvc.LocalRedirectResult.
2024-11-04 12:49:54.859 +01:00 [INF] Executing LocalRedirectResult, redirecting to /.
2024-11-04 12:49:54.859 +01:00 [INF] Executed page /Account/Logout in 21.7995ms
2024-11-04 12:49:54.859 +01:00 [INF] Executed endpoint '/Account/Logout'
2024-11-04 12:49:54.859 +01:00 [INF] Request finished HTTP/1.1 POST http://localhost:5017/Identity/Account/Logout?returnUrl=%2F - 302 0 null 33.8388ms
2024-11-04 12:49:54.862 +01:00 [INF] Request starting HTTP/1.1 GET http://localhost:5017/ - null null
2024-11-04 12:49:54.862 +01:00 [INF] Executing endpoint 'MyShop.Controllers.HomeController.Index (MyShop)'
2024-11-04 12:49:54.862 +01:00 [INF] Route matched with {action = "Index", controller = "Home", page = "", area = ""}. Executing controller action with signature Microsoft.AspNetCore.Mvc.IActionResult Index() on controller MyShop.Controllers.HomeController (MyShop).
2024-11-04 12:49:54.862 +01:00 [INF] Executing ViewResult, running view Index.
2024-11-04 12:49:54.864 +01:00 [INF] Executed ViewResult - view Index executed in 1.3834ms.
2024-11-04 12:49:54.864 +01:00 [INF] Executed action MyShop.Controllers.HomeController.Index (MyShop) in 1.4941ms
2024-11-04 12:49:54.864 +01:00 [INF] Executed endpoint 'MyShop.Controllers.HomeController.Index (MyShop)'
2024-11-04 12:49:54.864 +01:00 [INF] Request finished HTTP/1.1 GET http://localhost:5017/ - 200 null text/html; charset=utf-8 2.0001ms
2024-11-04 12:49:56.103 +01:00 [INF] Request starting HTTP/1.1 GET http://localhost:5017/Item/Create - null null
2024-11-04 12:49:56.104 +01:00 [INF] Authorization failed. These requirements were not met:
DenyAnonymousAuthorizationRequirement: Requires an authenticated user.
2024-11-04 12:49:56.106 +01:00 [INF] AuthenticationScheme: Identity.Application was challenged.
2024-11-04 12:49:56.106 +01:00 [INF] Request finished HTTP/1.1 GET http://localhost:5017/Item/Create - 302 0 null 2.6458ms
2024-11-04 12:49:56.109 +01:00 [INF] Request starting HTTP/1.1 GET http://localhost:5017/Identity/Account/Login?ReturnUrl=%2FItem%2FCreate - null null
2024-11-04 12:49:56.112 +01:00 [INF] Executing endpoint '/Account/Login'
2024-11-04 12:49:56.118 +01:00 [INF] Route matched with {page = "/Account/Login", area = "Identity", action = "", controller = ""}. Executing page /Account/Login
2024-11-04 12:49:56.120 +01:00 [INF] Executing handler method MyShop.Areas.Identity.Pages.Account.LoginModel.OnGetAsync - ModelState is "Valid"
2024-11-04 12:49:56.121 +01:00 [INF] AuthenticationScheme: Identity.External signed out.
2024-11-04 12:49:56.122 +01:00 [INF] Executed handler method OnGetAsync, returned result .
2024-11-04 12:49:56.124 +01:00 [INF] Executing an implicit handler method - ModelState is "Valid"
2024-11-04 12:49:56.124 +01:00 [INF] Executed an implicit handler method, returned result Microsoft.AspNetCore.Mvc.RazorPages.PageResult.
2024-11-04 12:49:56.143 +01:00 [INF] Executed page /Account/Login in 24.5934ms
2024-11-04 12:49:56.143 +01:00 [INF] Executed endpoint '/Account/Login'
2024-11-04 12:49:56.143 +01:00 [INF] Request finished HTTP/1.1 GET http://localhost:5017/Identity/Account/Login?ReturnUrl=%2FItem%2FCreate - 200 null text/html; charset=utf-8 34.3269ms
2024-11-04 12:49:56.167 +01:00 [INF] Request starting HTTP/1.1 GET http://localhost:5017/lib/jquery-validation/dist/jquery.validate.min.js - null null
2024-11-04 12:49:56.168 +01:00 [INF] Request starting HTTP/1.1 GET http://localhost:5017/lib/jquery-validation-unobtrusive/jquery.validate.unobtrusive.min.js - null null
2024-11-04 12:49:56.169 +01:00 [INF] Request finished HTTP/1.1 GET http://localhost:5017/lib/jquery-validation/dist/jquery.validate.min.js - 404 0 null 1.4419ms
2024-11-04 12:49:56.169 +01:00 [INF] Request finished HTTP/1.1 GET http://localhost:5017/lib/jquery-validation-unobtrusive/jquery.validate.unobtrusive.min.js - 404 0 null 0.9589ms
2024-11-04 12:49:56.169 +01:00 [INF] Request reached the end of the middleware pipeline without being handled by application code. Request path: GET http://localhost:5017/lib/jquery-validation/dist/jquery.validate.min.js, Response status code: 404
2024-11-04 12:49:56.169 +01:00 [INF] Request reached the end of the middleware pipeline without being handled by application code. Request path: GET http://localhost:5017/lib/jquery-validation-unobtrusive/jquery.validate.unobtrusive.min.js, Response status code: 404
2024-11-04 12:49:58.544 +01:00 [INF] Request starting HTTP/1.1 GET http://localhost:5017/ - null null
2024-11-04 12:49:58.544 +01:00 [INF] Executing endpoint 'MyShop.Controllers.HomeController.Index (MyShop)'
2024-11-04 12:49:58.544 +01:00 [INF] Route matched with {action = "Index", controller = "Home", page = "", area = ""}. Executing controller action with signature Microsoft.AspNetCore.Mvc.IActionResult Index() on controller MyShop.Controllers.HomeController (MyShop).
2024-11-04 12:49:58.544 +01:00 [INF] Executing ViewResult, running view Index.
2024-11-04 12:49:58.545 +01:00 [INF] Executed ViewResult - view Index executed in 0.7792ms.
2024-11-04 12:49:58.545 +01:00 [INF] Executed action MyShop.Controllers.HomeController.Index (MyShop) in 0.8849ms
2024-11-04 12:49:58.545 +01:00 [INF] Executed endpoint 'MyShop.Controllers.HomeController.Index (MyShop)'
2024-11-04 12:49:58.545 +01:00 [INF] Request finished HTTP/1.1 GET http://localhost:5017/ - 200 null text/html; charset=utf-8 1.4036ms
2024-11-04 12:50:04.867 +01:00 [INF] Request starting HTTP/1.1 GET http://localhost:5017/Food/View - null null
2024-11-04 12:50:04.867 +01:00 [INF] Request finished HTTP/1.1 GET http://localhost:5017/Food/View - 404 0 null 0.2934ms
2024-11-04 12:50:04.868 +01:00 [INF] Request reached the end of the middleware pipeline without being handled by application code. Request path: GET http://localhost:5017/Food/View, Response status code: 404
2024-11-04 12:50:15.699 +01:00 [INF] Request starting HTTP/1.1 GET http://localhost:5017/Item/Grid - null null
2024-11-04 12:50:15.700 +01:00 [INF] Executing endpoint 'MyShop.Controllers.ItemController.Grid (MyShop)'
2024-11-04 12:50:15.703 +01:00 [INF] Route matched with {action = "Grid", controller = "Item", page = "", area = ""}. Executing controller action with signature System.Threading.Tasks.Task`1[Microsoft.AspNetCore.Mvc.IActionResult] Grid() on controller MyShop.Controllers.ItemController (MyShop).
2024-11-04 12:50:15.803 +01:00 [INF] Executing ViewResult, running view Grid.
2024-11-04 12:50:15.805 +01:00 [INF] Executed ViewResult - view Grid executed in 2.6558ms.
2024-11-04 12:50:15.805 +01:00 [INF] Executed action MyShop.Controllers.ItemController.Grid (MyShop) in 102.0268ms
2024-11-04 12:50:15.805 +01:00 [INF] Executed endpoint 'MyShop.Controllers.ItemController.Grid (MyShop)'
2024-11-04 12:50:15.808 +01:00 [INF] Request finished HTTP/1.1 GET http://localhost:5017/Item/Grid - 200 null text/html; charset=utf-8 108.1065ms
2024-11-04 12:50:18.061 +01:00 [INF] Request starting HTTP/1.1 GET http://localhost:5017/Item/Table - null null
2024-11-04 12:50:18.062 +01:00 [INF] Executing endpoint 'MyShop.Controllers.ItemController.Table (MyShop)'
2024-11-04 12:50:18.064 +01:00 [INF] Route matched with {action = "Table", controller = "Item", page = "", area = ""}. Executing controller action with signature System.Threading.Tasks.Task`1[Microsoft.AspNetCore.Mvc.IActionResult] Table() on controller MyShop.Controllers.ItemController (MyShop).
2024-11-04 12:50:18.104 +01:00 [INF] Executing ViewResult, running view Table.
2024-11-04 12:50:18.111 +01:00 [INF] Executed ViewResult - view Table executed in 7.4038ms.
2024-11-04 12:50:18.111 +01:00 [INF] Executed action MyShop.Controllers.ItemController.Table (MyShop) in 46.7322ms
2024-11-04 12:50:18.111 +01:00 [INF] Executed endpoint 'MyShop.Controllers.ItemController.Table (MyShop)'
2024-11-04 12:50:18.111 +01:00 [INF] Request finished HTTP/1.1 GET http://localhost:5017/Item/Table - 200 null text/html; charset=utf-8 49.8675ms
2024-11-04 12:50:57.691 +01:00 [INF] Application is shutting down...
