2024-11-04 11:10:27.812 +01:00 [INF] User profile is available. Using 'C:\Users\Hadle\AppData\Local\ASP.NET\DataProtection-Keys' as key repository and Windows DPAPI to encrypt keys at rest.
2024-11-04 11:10:27.948 +01:00 [INF] Now listening on: http://localhost:5017
2024-11-04 11:10:27.952 +01:00 [INF] Application started. Press Ctrl+C to shut down.
2024-11-04 11:10:27.953 +01:00 [INF] Hosting environment: Development
2024-11-04 11:10:27.953 +01:00 [INF] Content root path: C:\ITPE3200\ITPE3200_Exam_project-main\ITPE3200_Exam_project-main\ITPE3200_Exam_project
2024-11-04 11:10:29.902 +01:00 [INF] Request starting HTTP/1.1 GET http://localhost:5017/ - null null
2024-11-04 11:10:29.936 +01:00 [INF] Executing endpoint 'MyShop.Controllers.HomeController.Index (MyShop)'
2024-11-04 11:10:29.945 +01:00 [INF] Route matched with {action = "Index", controller = "Home", page = "", area = ""}. Executing controller action with signature Microsoft.AspNetCore.Mvc.IActionResult Index() on controller MyShop.Controllers.HomeController (MyShop).
2024-11-04 11:10:29.952 +01:00 [INF] Executing ViewResult, running view Index.
2024-11-04 11:10:30.020 +01:00 [INF] Executed ViewResult - view Index executed in 69.8889ms.
2024-11-04 11:10:30.021 +01:00 [INF] Executed action MyShop.Controllers.HomeController.Index (MyShop) in 76.1281ms
2024-11-04 11:10:30.022 +01:00 [INF] Executed endpoint 'MyShop.Controllers.HomeController.Index (MyShop)'
2024-11-04 11:10:30.025 +01:00 [INF] Request finished HTTP/1.1 GET http://localhost:5017/ - 200 null text/html; charset=utf-8 124.254ms
2024-11-04 11:11:55.243 +01:00 [INF] Request starting HTTP/1.1 GET http://localhost:5017/Item/Grid - null null
2024-11-04 11:11:55.245 +01:00 [INF] Executing endpoint 'MyShop.Controllers.ItemController.Grid (MyShop)'
2024-11-04 11:11:55.249 +01:00 [INF] Route matched with {action = "Grid", controller = "Item", page = "", area = ""}. Executing controller action with signature System.Threading.Tasks.Task`1[Microsoft.AspNetCore.Mvc.IActionResult] Grid() on controller MyShop.Controllers.ItemController (MyShop).
2024-11-04 11:11:55.351 +01:00 [INF] Executing ViewResult, running view Grid.
2024-11-04 11:11:55.359 +01:00 [INF] Executed ViewResult - view Grid executed in 8.2927ms.
2024-11-04 11:11:55.359 +01:00 [INF] Executed action MyShop.Controllers.ItemController.Grid (MyShop) in 109.7623ms
2024-11-04 11:11:55.359 +01:00 [INF] Executed endpoint 'MyShop.Controllers.ItemController.Grid (MyShop)'
2024-11-04 11:11:55.362 +01:00 [INF] Request finished HTTP/1.1 GET http://localhost:5017/Item/Grid - 200 null text/html; charset=utf-8 119.4556ms
2024-11-04 11:11:57.091 +01:00 [INF] Request starting HTTP/1.1 GET http://localhost:5017/Item/Table - null null
2024-11-04 11:11:57.094 +01:00 [INF] Executing endpoint 'MyShop.Controllers.ItemController.Table (MyShop)'
2024-11-04 11:11:57.097 +01:00 [INF] Route matched with {action = "Table", controller = "Item", page = "", area = ""}. Executing controller action with signature System.Threading.Tasks.Task`1[Microsoft.AspNetCore.Mvc.IActionResult] Table() on controller MyShop.Controllers.ItemController (MyShop).
2024-11-04 11:11:57.139 +01:00 [INF] Executing ViewResult, running view Table.
2024-11-04 11:11:57.156 +01:00 [INF] Executed ViewResult - view Table executed in 18.0934ms.
2024-11-04 11:11:57.156 +01:00 [INF] Executed action MyShop.Controllers.ItemController.Table (MyShop) in 59.3192ms
2024-11-04 11:11:57.156 +01:00 [INF] Executed endpoint 'MyShop.Controllers.ItemController.Table (MyShop)'
2024-11-04 11:11:57.157 +01:00 [INF] Request finished HTTP/1.1 GET http://localhost:5017/Item/Table - 200 null text/html; charset=utf-8 65.4675ms
2024-11-04 11:11:58.341 +01:00 [INF] Request starting HTTP/1.1 GET http://localhost:5017/Item/Grid - null null
2024-11-04 11:11:58.342 +01:00 [INF] Executing endpoint 'MyShop.Controllers.ItemController.Grid (MyShop)'
2024-11-04 11:11:58.342 +01:00 [INF] Route matched with {action = "Grid", controller = "Item", page = "", area = ""}. Executing controller action with signature System.Threading.Tasks.Task`1[Microsoft.AspNetCore.Mvc.IActionResult] Grid() on controller MyShop.Controllers.ItemController (MyShop).
2024-11-04 11:11:58.345 +01:00 [INF] Executing ViewResult, running view Grid.
2024-11-04 11:11:58.346 +01:00 [INF] Executed ViewResult - view Grid executed in 1.6378ms.
2024-11-04 11:11:58.346 +01:00 [INF] Executed action MyShop.Controllers.ItemController.Grid (MyShop) in 4.4132ms
2024-11-04 11:11:58.346 +01:00 [INF] Executed endpoint 'MyShop.Controllers.ItemController.Grid (MyShop)'
2024-11-04 11:11:58.346 +01:00 [INF] Request finished HTTP/1.1 GET http://localhost:5017/Item/Grid - 200 null text/html; charset=utf-8 5.2648ms
2024-11-04 11:12:00.576 +01:00 [INF] Request starting HTTP/1.1 GET http://localhost:5017/Item/Table - null null
2024-11-04 11:12:00.576 +01:00 [INF] Executing endpoint 'MyShop.Controllers.ItemController.Table (MyShop)'
2024-11-04 11:12:00.576 +01:00 [INF] Route matched with {action = "Table", controller = "Item", page = "", area = ""}. Executing controller action with signature System.Threading.Tasks.Task`1[Microsoft.AspNetCore.Mvc.IActionResult] Table() on controller MyShop.Controllers.ItemController (MyShop).
2024-11-04 11:12:00.578 +01:00 [INF] Executing ViewResult, running view Table.
2024-11-04 11:12:00.579 +01:00 [INF] Executed ViewResult - view Table executed in 1.492ms.
2024-11-04 11:12:00.579 +01:00 [INF] Executed action MyShop.Controllers.ItemController.Table (MyShop) in 2.9327ms
2024-11-04 11:12:00.579 +01:00 [INF] Executed endpoint 'MyShop.Controllers.ItemController.Table (MyShop)'
2024-11-04 11:12:00.579 +01:00 [INF] Request finished HTTP/1.1 GET http://localhost:5017/Item/Table - 200 null text/html; charset=utf-8 3.6163ms
2024-11-04 11:12:07.984 +01:00 [INF] Request starting HTTP/1.1 GET http://localhost:5017/Item/Create - null null
2024-11-04 11:12:07.990 +01:00 [INF] Authorization failed. These requirements were not met:
DenyAnonymousAuthorizationRequirement: Requires an authenticated user.
2024-11-04 11:12:07.992 +01:00 [INF] AuthenticationScheme: Identity.Application was challenged.
2024-11-04 11:12:07.992 +01:00 [INF] Request finished HTTP/1.1 GET http://localhost:5017/Item/Create - 302 0 null 8.495ms
2024-11-04 11:12:07.996 +01:00 [INF] Request starting HTTP/1.1 GET http://localhost:5017/Identity/Account/Login?ReturnUrl=%2FItem%2FCreate - null null
2024-11-04 11:12:07.996 +01:00 [INF] Executing endpoint '/Account/Login'
2024-11-04 11:12:08.010 +01:00 [INF] Route matched with {page = "/Account/Login", area = "Identity", action = "", controller = ""}. Executing page /Account/Login
2024-11-04 11:12:08.024 +01:00 [INF] Executing handler method MyShop.Areas.Identity.Pages.Account.LoginModel.OnGetAsync - ModelState is "Valid"
2024-11-04 11:12:08.027 +01:00 [INF] AuthenticationScheme: Identity.External signed out.
2024-11-04 11:12:08.028 +01:00 [INF] Executed handler method OnGetAsync, returned result .
2024-11-04 11:12:08.030 +01:00 [INF] Executing an implicit handler method - ModelState is "Valid"
2024-11-04 11:12:08.030 +01:00 [INF] Executed an implicit handler method, returned result Microsoft.AspNetCore.Mvc.RazorPages.PageResult.
2024-11-04 11:12:08.064 +01:00 [INF] Executed page /Account/Login in 54.3298ms
2024-11-04 11:12:08.065 +01:00 [INF] Executed endpoint '/Account/Login'
2024-11-04 11:12:08.065 +01:00 [INF] Request finished HTTP/1.1 GET http://localhost:5017/Identity/Account/Login?ReturnUrl=%2FItem%2FCreate - 200 null text/html; charset=utf-8 68.8693ms
2024-11-04 11:12:08.086 +01:00 [INF] Request starting HTTP/1.1 GET http://localhost:5017/lib/jquery-validation/dist/jquery.validate.min.js - null null
2024-11-04 11:12:08.086 +01:00 [INF] Request starting HTTP/1.1 GET http://localhost:5017/lib/jquery-validation-unobtrusive/jquery.validate.unobtrusive.min.js - null null
2024-11-04 11:12:08.087 +01:00 [INF] Request finished HTTP/1.1 GET http://localhost:5017/lib/jquery-validation-unobtrusive/jquery.validate.unobtrusive.min.js - 404 0 null 1.0243ms
2024-11-04 11:12:08.087 +01:00 [INF] Request finished HTTP/1.1 GET http://localhost:5017/lib/jquery-validation/dist/jquery.validate.min.js - 404 0 null 1.4396ms
2024-11-04 11:12:08.087 +01:00 [INF] Request reached the end of the middleware pipeline without being handled by application code. Request path: GET http://localhost:5017/lib/jquery-validation-unobtrusive/jquery.validate.unobtrusive.min.js, Response status code: 404
2024-11-04 11:12:08.087 +01:00 [INF] Request reached the end of the middleware pipeline without being handled by application code. Request path: GET http://localhost:5017/lib/jquery-validation/dist/jquery.validate.min.js, Response status code: 404
2024-11-04 11:12:11.701 +01:00 [INF] Request starting HTTP/1.1 GET http://localhost:5017/Identity/Account/Login - null null
2024-11-04 11:12:11.704 +01:00 [INF] Executing endpoint '/Account/Login'
2024-11-04 11:12:11.705 +01:00 [INF] Route matched with {page = "/Account/Login", area = "Identity", action = "", controller = ""}. Executing page /Account/Login
2024-11-04 11:12:11.706 +01:00 [INF] Executing handler method MyShop.Areas.Identity.Pages.Account.LoginModel.OnGetAsync - ModelState is "Valid"
2024-11-04 11:12:11.706 +01:00 [INF] AuthenticationScheme: Identity.External signed out.
2024-11-04 11:12:11.706 +01:00 [INF] Executed handler method OnGetAsync, returned result .
2024-11-04 11:12:11.706 +01:00 [INF] Executing an implicit handler method - ModelState is "Valid"
2024-11-04 11:12:11.707 +01:00 [INF] Executed an implicit handler method, returned result Microsoft.AspNetCore.Mvc.RazorPages.PageResult.
2024-11-04 11:12:11.711 +01:00 [INF] Executed page /Account/Login in 5.724ms
2024-11-04 11:12:11.711 +01:00 [INF] Executed endpoint '/Account/Login'
2024-11-04 11:12:11.711 +01:00 [INF] Request finished HTTP/1.1 GET http://localhost:5017/Identity/Account/Login - 200 null text/html; charset=utf-8 9.525ms
2024-11-04 11:12:11.729 +01:00 [INF] Request starting HTTP/1.1 GET http://localhost:5017/lib/jquery-validation/dist/jquery.validate.min.js - null null
2024-11-04 11:12:11.729 +01:00 [INF] Request starting HTTP/1.1 GET http://localhost:5017/lib/jquery-validation-unobtrusive/jquery.validate.unobtrusive.min.js - null null
2024-11-04 11:12:11.729 +01:00 [INF] Request finished HTTP/1.1 GET http://localhost:5017/lib/jquery-validation/dist/jquery.validate.min.js - 404 0 null 0.5538ms
2024-11-04 11:12:11.729 +01:00 [INF] Request finished HTTP/1.1 GET http://localhost:5017/lib/jquery-validation-unobtrusive/jquery.validate.unobtrusive.min.js - 404 0 null 0.5238ms
2024-11-04 11:12:11.729 +01:00 [INF] Request reached the end of the middleware pipeline without being handled by application code. Request path: GET http://localhost:5017/lib/jquery-validation/dist/jquery.validate.min.js, Response status code: 404
2024-11-04 11:12:11.729 +01:00 [INF] Request reached the end of the middleware pipeline without being handled by application code. Request path: GET http://localhost:5017/lib/jquery-validation-unobtrusive/jquery.validate.unobtrusive.min.js, Response status code: 404
2024-11-04 11:12:13.886 +01:00 [INF] Request starting HTTP/1.1 GET http://localhost:5017/Identity/Account/Register - null null
2024-11-04 11:12:13.886 +01:00 [INF] Executing endpoint '/Account/Register'
2024-11-04 11:12:13.891 +01:00 [INF] Route matched with {page = "/Account/Register", area = "Identity", action = "", controller = ""}. Executing page /Account/Register
2024-11-04 11:12:13.891 +01:00 [INF] Executing handler method MyShop.Areas.Identity.Pages.Account.RegisterModel.OnGetAsync - ModelState is "Valid"
2024-11-04 11:12:13.892 +01:00 [INF] Executed handler method OnGetAsync, returned result .
2024-11-04 11:12:13.892 +01:00 [INF] Executing an implicit handler method - ModelState is "Valid"
2024-11-04 11:12:13.892 +01:00 [INF] Executed an implicit handler method, returned result Microsoft.AspNetCore.Mvc.RazorPages.PageResult.
2024-11-04 11:12:13.902 +01:00 [INF] Executed page /Account/Register in 11.7961ms
2024-11-04 11:12:13.902 +01:00 [INF] Executed endpoint '/Account/Register'
2024-11-04 11:12:13.903 +01:00 [INF] Request finished HTTP/1.1 GET http://localhost:5017/Identity/Account/Register - 200 null text/html; charset=utf-8 16.4653ms
2024-11-04 11:12:13.918 +01:00 [INF] Request starting HTTP/1.1 GET http://localhost:5017/lib/jquery-validation/dist/jquery.validate.min.js - null null
2024-11-04 11:12:13.918 +01:00 [INF] Request starting HTTP/1.1 GET http://localhost:5017/lib/jquery-validation-unobtrusive/jquery.validate.unobtrusive.min.js - null null
2024-11-04 11:12:13.918 +01:00 [INF] Request finished HTTP/1.1 GET http://localhost:5017/lib/jquery-validation/dist/jquery.validate.min.js - 404 0 null 0.533ms
2024-11-04 11:12:13.918 +01:00 [INF] Request finished HTTP/1.1 GET http://localhost:5017/lib/jquery-validation-unobtrusive/jquery.validate.unobtrusive.min.js - 404 0 null 0.4196ms
2024-11-04 11:12:13.918 +01:00 [INF] Request reached the end of the middleware pipeline without being handled by application code. Request path: GET http://localhost:5017/lib/jquery-validation/dist/jquery.validate.min.js, Response status code: 404
2024-11-04 11:12:13.918 +01:00 [INF] Request reached the end of the middleware pipeline without being handled by application code. Request path: GET http://localhost:5017/lib/jquery-validation-unobtrusive/jquery.validate.unobtrusive.min.js, Response status code: 404
2024-11-04 11:12:20.809 +01:00 [INF] Request starting HTTP/1.1 POST http://localhost:5017/Identity/Account/Register - application/x-www-form-urlencoded 294
2024-11-04 11:12:20.809 +01:00 [INF] Executing endpoint '/Account/Register'
2024-11-04 11:12:20.809 +01:00 [INF] Route matched with {page = "/Account/Register", area = "Identity", action = "", controller = ""}. Executing page /Account/Register
2024-11-04 11:12:20.823 +01:00 [INF] Executing handler method MyShop.Areas.Identity.Pages.Account.RegisterModel.OnPostAsync - ModelState is "Valid"
2024-11-04 11:12:21.011 +01:00 [INF] User created a new account with password.
2024-11-04 11:12:21.046 +01:00 [INF] AuthenticationScheme: Identity.Application signed in.
2024-11-04 11:12:21.046 +01:00 [INF] Executed handler method OnPostAsync, returned result Microsoft.AspNetCore.Mvc.LocalRedirectResult.
2024-11-04 11:12:21.047 +01:00 [INF] Executing LocalRedirectResult, redirecting to /.
2024-11-04 11:12:21.047 +01:00 [INF] Executed page /Account/Register in 237.7628ms
2024-11-04 11:12:21.047 +01:00 [INF] Executed endpoint '/Account/Register'
2024-11-04 11:12:21.047 +01:00 [INF] Request finished HTTP/1.1 POST http://localhost:5017/Identity/Account/Register - 302 0 null 238.2669ms
2024-11-04 11:12:21.051 +01:00 [INF] Request starting HTTP/1.1 GET http://localhost:5017/ - null null
2024-11-04 11:12:21.054 +01:00 [INF] Executing endpoint 'MyShop.Controllers.HomeController.Index (MyShop)'
2024-11-04 11:12:21.054 +01:00 [INF] Route matched with {action = "Index", controller = "Home", page = "", area = ""}. Executing controller action with signature Microsoft.AspNetCore.Mvc.IActionResult Index() on controller MyShop.Controllers.HomeController (MyShop).
2024-11-04 11:12:21.054 +01:00 [INF] Executing ViewResult, running view Index.
2024-11-04 11:12:21.056 +01:00 [INF] Executed ViewResult - view Index executed in 2.311ms.
2024-11-04 11:12:21.056 +01:00 [INF] Executed action MyShop.Controllers.HomeController.Index (MyShop) in 2.5494ms
2024-11-04 11:12:21.056 +01:00 [INF] Executed endpoint 'MyShop.Controllers.HomeController.Index (MyShop)'
2024-11-04 11:12:21.056 +01:00 [INF] Request finished HTTP/1.1 GET http://localhost:5017/ - 200 null text/html; charset=utf-8 5.6139ms
2024-11-04 11:12:24.568 +01:00 [INF] Request starting HTTP/1.1 GET http://localhost:5017/Item/Grid - null null
2024-11-04 11:12:24.569 +01:00 [INF] Executing endpoint 'MyShop.Controllers.ItemController.Grid (MyShop)'
2024-11-04 11:12:24.569 +01:00 [INF] Route matched with {action = "Grid", controller = "Item", page = "", area = ""}. Executing controller action with signature System.Threading.Tasks.Task`1[Microsoft.AspNetCore.Mvc.IActionResult] Grid() on controller MyShop.Controllers.ItemController (MyShop).
2024-11-04 11:12:24.571 +01:00 [INF] Executing ViewResult, running view Grid.
2024-11-04 11:12:24.572 +01:00 [INF] Executed ViewResult - view Grid executed in 0.907ms.
2024-11-04 11:12:24.572 +01:00 [INF] Executed action MyShop.Controllers.ItemController.Grid (MyShop) in 2.2811ms
2024-11-04 11:12:24.572 +01:00 [INF] Executed endpoint 'MyShop.Controllers.ItemController.Grid (MyShop)'
2024-11-04 11:12:24.572 +01:00 [INF] Request finished HTTP/1.1 GET http://localhost:5017/Item/Grid - 200 null text/html; charset=utf-8 3.6446ms
2024-11-04 11:12:25.952 +01:00 [INF] Request starting HTTP/1.1 GET http://localhost:5017/Item/Table - null null
2024-11-04 11:12:25.954 +01:00 [INF] Executing endpoint 'MyShop.Controllers.ItemController.Table (MyShop)'
2024-11-04 11:12:25.954 +01:00 [INF] Route matched with {action = "Table", controller = "Item", page = "", area = ""}. Executing controller action with signature System.Threading.Tasks.Task`1[Microsoft.AspNetCore.Mvc.IActionResult] Table() on controller MyShop.Controllers.ItemController (MyShop).
2024-11-04 11:12:25.956 +01:00 [INF] Executing ViewResult, running view Table.
2024-11-04 11:12:25.957 +01:00 [INF] Executed ViewResult - view Table executed in 1.5879ms.
2024-11-04 11:12:25.957 +01:00 [INF] Executed action MyShop.Controllers.ItemController.Table (MyShop) in 2.8273ms
2024-11-04 11:12:25.957 +01:00 [INF] Executed endpoint 'MyShop.Controllers.ItemController.Table (MyShop)'
2024-11-04 11:12:25.957 +01:00 [INF] Request finished HTTP/1.1 GET http://localhost:5017/Item/Table - 200 null text/html; charset=utf-8 4.6465ms
2024-11-04 11:12:28.117 +01:00 [INF] Request starting HTTP/1.1 GET http://localhost:5017/Item/Create - null null
2024-11-04 11:12:28.119 +01:00 [INF] Executing endpoint 'MyShop.Controllers.ItemController.Create (MyShop)'
2024-11-04 11:12:28.120 +01:00 [INF] Route matched with {action = "Create", controller = "Item", page = "", area = ""}. Executing controller action with signature Microsoft.AspNetCore.Mvc.IActionResult Create() on controller MyShop.Controllers.ItemController (MyShop).
2024-11-04 11:12:28.121 +01:00 [INF] Executing ViewResult, running view Create.
2024-11-04 11:12:28.147 +01:00 [INF] Executed ViewResult - view Create executed in 26.8396ms.
2024-11-04 11:12:28.147 +01:00 [INF] Executed action MyShop.Controllers.ItemController.Create (MyShop) in 27.0518ms
2024-11-04 11:12:28.147 +01:00 [INF] Executed endpoint 'MyShop.Controllers.ItemController.Create (MyShop)'
2024-11-04 11:12:28.147 +01:00 [INF] Request finished HTTP/1.1 GET http://localhost:5017/Item/Create - 200 null text/html; charset=utf-8 30.2292ms
2024-11-04 11:13:45.001 +01:00 [INF] Request starting HTTP/1.1 GET http://localhost:5017/Item/Grid - null null
2024-11-04 11:13:45.002 +01:00 [INF] Executing endpoint 'MyShop.Controllers.ItemController.Grid (MyShop)'
2024-11-04 11:13:45.002 +01:00 [INF] Route matched with {action = "Grid", controller = "Item", page = "", area = ""}. Executing controller action with signature System.Threading.Tasks.Task`1[Microsoft.AspNetCore.Mvc.IActionResult] Grid() on controller MyShop.Controllers.ItemController (MyShop).
2024-11-04 11:13:45.003 +01:00 [INF] Executing ViewResult, running view Grid.
2024-11-04 11:13:45.004 +01:00 [INF] Executed ViewResult - view Grid executed in 0.7644ms.
2024-11-04 11:13:45.004 +01:00 [INF] Executed action MyShop.Controllers.ItemController.Grid (MyShop) in 1.8778ms
2024-11-04 11:13:45.004 +01:00 [INF] Executed endpoint 'MyShop.Controllers.ItemController.Grid (MyShop)'
2024-11-04 11:13:45.004 +01:00 [INF] Request finished HTTP/1.1 GET http://localhost:5017/Item/Grid - 200 null text/html; charset=utf-8 2.7434ms
2024-11-04 11:13:46.705 +01:00 [INF] Request starting HTTP/1.1 GET http://localhost:5017/Item/Table - null null
2024-11-04 11:13:46.706 +01:00 [INF] Executing endpoint 'MyShop.Controllers.ItemController.Table (MyShop)'
2024-11-04 11:13:46.706 +01:00 [INF] Route matched with {action = "Table", controller = "Item", page = "", area = ""}. Executing controller action with signature System.Threading.Tasks.Task`1[Microsoft.AspNetCore.Mvc.IActionResult] Table() on controller MyShop.Controllers.ItemController (MyShop).
2024-11-04 11:13:46.707 +01:00 [INF] Executing ViewResult, running view Table.
2024-11-04 11:13:46.708 +01:00 [INF] Executed ViewResult - view Table executed in 0.952ms.
2024-11-04 11:13:46.708 +01:00 [INF] Executed action MyShop.Controllers.ItemController.Table (MyShop) in 1.9605ms
2024-11-04 11:13:46.708 +01:00 [INF] Executed endpoint 'MyShop.Controllers.ItemController.Table (MyShop)'
2024-11-04 11:13:46.708 +01:00 [INF] Request finished HTTP/1.1 GET http://localhost:5017/Item/Table - 200 null text/html; charset=utf-8 2.8925ms
2024-11-04 11:13:50.220 +01:00 [INF] Request starting HTTP/1.1 GET http://localhost:5017/Item/Grid - null null
2024-11-04 11:13:50.220 +01:00 [INF] Executing endpoint 'MyShop.Controllers.ItemController.Grid (MyShop)'
2024-11-04 11:13:50.220 +01:00 [INF] Route matched with {action = "Grid", controller = "Item", page = "", area = ""}. Executing controller action with signature System.Threading.Tasks.Task`1[Microsoft.AspNetCore.Mvc.IActionResult] Grid() on controller MyShop.Controllers.ItemController (MyShop).
2024-11-04 11:13:50.221 +01:00 [INF] Executing ViewResult, running view Grid.
2024-11-04 11:13:50.222 +01:00 [INF] Executed ViewResult - view Grid executed in 0.808ms.
2024-11-04 11:13:50.222 +01:00 [INF] Executed action MyShop.Controllers.ItemController.Grid (MyShop) in 1.8226ms
2024-11-04 11:13:50.222 +01:00 [INF] Executed endpoint 'MyShop.Controllers.ItemController.Grid (MyShop)'
2024-11-04 11:13:50.223 +01:00 [INF] Request finished HTTP/1.1 GET http://localhost:5017/Item/Grid - 200 null text/html; charset=utf-8 2.9718ms
2024-11-04 11:13:53.876 +01:00 [INF] Request starting HTTP/1.1 GET http://localhost:5017/Item/Table - null null
2024-11-04 11:13:53.877 +01:00 [INF] Executing endpoint 'MyShop.Controllers.ItemController.Table (MyShop)'
2024-11-04 11:13:53.877 +01:00 [INF] Route matched with {action = "Table", controller = "Item", page = "", area = ""}. Executing controller action with signature System.Threading.Tasks.Task`1[Microsoft.AspNetCore.Mvc.IActionResult] Table() on controller MyShop.Controllers.ItemController (MyShop).
2024-11-04 11:13:53.879 +01:00 [INF] Executing ViewResult, running view Table.
2024-11-04 11:13:53.879 +01:00 [INF] Executed ViewResult - view Table executed in 0.8697ms.
2024-11-04 11:13:53.879 +01:00 [INF] Executed action MyShop.Controllers.ItemController.Table (MyShop) in 2.3953ms
2024-11-04 11:13:53.879 +01:00 [INF] Executed endpoint 'MyShop.Controllers.ItemController.Table (MyShop)'
2024-11-04 11:13:53.880 +01:00 [INF] Request finished HTTP/1.1 GET http://localhost:5017/Item/Table - 200 null text/html; charset=utf-8 3.3401ms
2024-11-04 11:13:55.288 +01:00 [INF] Request starting HTTP/1.1 GET http://localhost:5017/Item/Grid - null null
2024-11-04 11:13:55.289 +01:00 [INF] Executing endpoint 'MyShop.Controllers.ItemController.Grid (MyShop)'
2024-11-04 11:13:55.289 +01:00 [INF] Route matched with {action = "Grid", controller = "Item", page = "", area = ""}. Executing controller action with signature System.Threading.Tasks.Task`1[Microsoft.AspNetCore.Mvc.IActionResult] Grid() on controller MyShop.Controllers.ItemController (MyShop).
2024-11-04 11:13:55.290 +01:00 [INF] Executing ViewResult, running view Grid.
2024-11-04 11:13:55.291 +01:00 [INF] Executed ViewResult - view Grid executed in 0.6165ms.
2024-11-04 11:13:55.291 +01:00 [INF] Executed action MyShop.Controllers.ItemController.Grid (MyShop) in 1.5669ms
2024-11-04 11:13:55.291 +01:00 [INF] Executed endpoint 'MyShop.Controllers.ItemController.Grid (MyShop)'
2024-11-04 11:13:55.291 +01:00 [INF] Request finished HTTP/1.1 GET http://localhost:5017/Item/Grid - 200 null text/html; charset=utf-8 2.6177ms
2024-11-04 11:14:00.143 +01:00 [INF] Request starting HTTP/1.1 GET http://localhost:5017/Item/Table - null null
2024-11-04 11:14:00.144 +01:00 [INF] Executing endpoint 'MyShop.Controllers.ItemController.Table (MyShop)'
2024-11-04 11:14:00.144 +01:00 [INF] Route matched with {action = "Table", controller = "Item", page = "", area = ""}. Executing controller action with signature System.Threading.Tasks.Task`1[Microsoft.AspNetCore.Mvc.IActionResult] Table() on controller MyShop.Controllers.ItemController (MyShop).
2024-11-04 11:14:00.145 +01:00 [INF] Executing ViewResult, running view Table.
2024-11-04 11:14:00.146 +01:00 [INF] Executed ViewResult - view Table executed in 0.7988ms.
2024-11-04 11:14:00.146 +01:00 [INF] Executed action MyShop.Controllers.ItemController.Table (MyShop) in 1.8118ms
2024-11-04 11:14:00.146 +01:00 [INF] Executed endpoint 'MyShop.Controllers.ItemController.Table (MyShop)'
2024-11-04 11:14:00.146 +01:00 [INF] Request finished HTTP/1.1 GET http://localhost:5017/Item/Table - 200 null text/html; charset=utf-8 2.5725ms
2024-11-04 11:14:01.070 +01:00 [INF] Request starting HTTP/1.1 GET http://localhost:5017/Item/Details/1 - null null
2024-11-04 11:14:01.070 +01:00 [INF] Executing endpoint 'MyShop.Controllers.ItemController.Details (MyShop)'
2024-11-04 11:14:01.073 +01:00 [INF] Route matched with {action = "Details", controller = "Item", page = "", area = ""}. Executing controller action with signature System.Threading.Tasks.Task`1[Microsoft.AspNetCore.Mvc.IActionResult] Details(Int32) on controller MyShop.Controllers.ItemController (MyShop).
2024-11-04 11:14:01.086 +01:00 [INF] Executing ViewResult, running view Details.
2024-11-04 11:14:01.088 +01:00 [INF] Executed ViewResult - view Details executed in 2.2767ms.
2024-11-04 11:14:01.088 +01:00 [INF] Executed action MyShop.Controllers.ItemController.Details (MyShop) in 14.8373ms
2024-11-04 11:14:01.088 +01:00 [INF] Executed endpoint 'MyShop.Controllers.ItemController.Details (MyShop)'
2024-11-04 11:14:01.088 +01:00 [INF] Request finished HTTP/1.1 GET http://localhost:5017/Item/Details/1 - 200 null text/html; charset=utf-8 18.3406ms
2024-11-04 11:14:27.544 +01:00 [INF] Request starting HTTP/1.1 GET http://localhost:5017/Item/Grid - null null
2024-11-04 11:14:27.545 +01:00 [INF] Executing endpoint 'MyShop.Controllers.ItemController.Grid (MyShop)'
2024-11-04 11:14:27.545 +01:00 [INF] Route matched with {action = "Grid", controller = "Item", page = "", area = ""}. Executing controller action with signature System.Threading.Tasks.Task`1[Microsoft.AspNetCore.Mvc.IActionResult] Grid() on controller MyShop.Controllers.ItemController (MyShop).
2024-11-04 11:14:27.546 +01:00 [INF] Executing ViewResult, running view Grid.
2024-11-04 11:14:27.547 +01:00 [INF] Executed ViewResult - view Grid executed in 0.7526ms.
2024-11-04 11:14:27.547 +01:00 [INF] Executed action MyShop.Controllers.ItemController.Grid (MyShop) in 1.7237ms
2024-11-04 11:14:27.547 +01:00 [INF] Executed endpoint 'MyShop.Controllers.ItemController.Grid (MyShop)'
2024-11-04 11:14:27.547 +01:00 [INF] Request finished HTTP/1.1 GET http://localhost:5017/Item/Grid - 200 null text/html; charset=utf-8 2.6165ms
2024-11-04 11:14:33.884 +01:00 [INF] Request starting HTTP/1.1 GET http://localhost:5017/Item/Table - null null
2024-11-04 11:14:33.885 +01:00 [INF] Executing endpoint 'MyShop.Controllers.ItemController.Table (MyShop)'
2024-11-04 11:14:33.885 +01:00 [INF] Route matched with {action = "Table", controller = "Item", page = "", area = ""}. Executing controller action with signature System.Threading.Tasks.Task`1[Microsoft.AspNetCore.Mvc.IActionResult] Table() on controller MyShop.Controllers.ItemController (MyShop).
2024-11-04 11:14:33.886 +01:00 [INF] Executing ViewResult, running view Table.
2024-11-04 11:14:33.886 +01:00 [INF] Executed ViewResult - view Table executed in 0.7126ms.
2024-11-04 11:14:33.887 +01:00 [INF] Executed action MyShop.Controllers.ItemController.Table (MyShop) in 1.61ms
2024-11-04 11:14:33.887 +01:00 [INF] Executed endpoint 'MyShop.Controllers.ItemController.Table (MyShop)'
2024-11-04 11:14:33.887 +01:00 [INF] Request finished HTTP/1.1 GET http://localhost:5017/Item/Table - 200 null text/html; charset=utf-8 2.3968ms
2024-11-04 11:14:42.045 +01:00 [INF] Request starting HTTP/1.1 GET http://localhost:5017/Item/Grid - null null
2024-11-04 11:14:42.046 +01:00 [INF] Executing endpoint 'MyShop.Controllers.ItemController.Grid (MyShop)'
2024-11-04 11:14:42.046 +01:00 [INF] Route matched with {action = "Grid", controller = "Item", page = "", area = ""}. Executing controller action with signature System.Threading.Tasks.Task`1[Microsoft.AspNetCore.Mvc.IActionResult] Grid() on controller MyShop.Controllers.ItemController (MyShop).
2024-11-04 11:14:42.047 +01:00 [INF] Executing ViewResult, running view Grid.
2024-11-04 11:14:42.048 +01:00 [INF] Executed ViewResult - view Grid executed in 0.7355ms.
2024-11-04 11:14:42.048 +01:00 [INF] Executed action MyShop.Controllers.ItemController.Grid (MyShop) in 1.9577ms
2024-11-04 11:14:42.048 +01:00 [INF] Executed endpoint 'MyShop.Controllers.ItemController.Grid (MyShop)'
2024-11-04 11:14:42.048 +01:00 [INF] Request finished HTTP/1.1 GET http://localhost:5017/Item/Grid - 200 null text/html; charset=utf-8 3.2082ms
2024-11-04 11:14:47.403 +01:00 [INF] Request starting HTTP/1.1 GET http://localhost:5017/Item/Table - null null
2024-11-04 11:14:47.403 +01:00 [INF] Executing endpoint 'MyShop.Controllers.ItemController.Table (MyShop)'
2024-11-04 11:14:47.404 +01:00 [INF] Route matched with {action = "Table", controller = "Item", page = "", area = ""}. Executing controller action with signature System.Threading.Tasks.Task`1[Microsoft.AspNetCore.Mvc.IActionResult] Table() on controller MyShop.Controllers.ItemController (MyShop).
2024-11-04 11:14:47.404 +01:00 [INF] Executing ViewResult, running view Table.
2024-11-04 11:14:47.405 +01:00 [INF] Executed ViewResult - view Table executed in 0.8704ms.
2024-11-04 11:14:47.405 +01:00 [INF] Executed action MyShop.Controllers.ItemController.Table (MyShop) in 1.6826ms
2024-11-04 11:14:47.405 +01:00 [INF] Executed endpoint 'MyShop.Controllers.ItemController.Table (MyShop)'
2024-11-04 11:14:47.405 +01:00 [INF] Request finished HTTP/1.1 GET http://localhost:5017/Item/Table - 200 null text/html; charset=utf-8 2.4474ms
2024-11-04 11:14:50.450 +01:00 [INF] Request starting HTTP/1.1 GET http://localhost:5017/Item/Grid - null null
2024-11-04 11:14:50.450 +01:00 [INF] Executing endpoint 'MyShop.Controllers.ItemController.Grid (MyShop)'
2024-11-04 11:14:50.451 +01:00 [INF] Route matched with {action = "Grid", controller = "Item", page = "", area = ""}. Executing controller action with signature System.Threading.Tasks.Task`1[Microsoft.AspNetCore.Mvc.IActionResult] Grid() on controller MyShop.Controllers.ItemController (MyShop).
2024-11-04 11:14:50.451 +01:00 [INF] Executing ViewResult, running view Grid.
2024-11-04 11:14:50.452 +01:00 [INF] Executed ViewResult - view Grid executed in 0.5388ms.
2024-11-04 11:14:50.452 +01:00 [INF] Executed action MyShop.Controllers.ItemController.Grid (MyShop) in 1.3418ms
2024-11-04 11:14:50.452 +01:00 [INF] Executed endpoint 'MyShop.Controllers.ItemController.Grid (MyShop)'
2024-11-04 11:14:50.452 +01:00 [INF] Request finished HTTP/1.1 GET http://localhost:5017/Item/Grid - 200 null text/html; charset=utf-8 2.0542ms
2024-11-04 11:14:59.604 +01:00 [INF] Request starting HTTP/1.1 GET http://localhost:5017/Item/Table - null null
2024-11-04 11:14:59.605 +01:00 [INF] Executing endpoint 'MyShop.Controllers.ItemController.Table (MyShop)'
2024-11-04 11:14:59.605 +01:00 [INF] Route matched with {action = "Table", controller = "Item", page = "", area = ""}. Executing controller action with signature System.Threading.Tasks.Task`1[Microsoft.AspNetCore.Mvc.IActionResult] Table() on controller MyShop.Controllers.ItemController (MyShop).
2024-11-04 11:14:59.606 +01:00 [INF] Executing ViewResult, running view Table.
2024-11-04 11:14:59.607 +01:00 [INF] Executed ViewResult - view Table executed in 0.7201ms.
2024-11-04 11:14:59.607 +01:00 [INF] Executed action MyShop.Controllers.ItemController.Table (MyShop) in 1.5653ms
2024-11-04 11:14:59.607 +01:00 [INF] Executed endpoint 'MyShop.Controllers.ItemController.Table (MyShop)'
2024-11-04 11:14:59.607 +01:00 [INF] Request finished HTTP/1.1 GET http://localhost:5017/Item/Table - 200 null text/html; charset=utf-8 2.3472ms
2024-11-04 11:15:01.126 +01:00 [INF] Request starting HTTP/1.1 GET http://localhost:5017/Item/Details/1 - null null
2024-11-04 11:15:01.126 +01:00 [INF] Executing endpoint 'MyShop.Controllers.ItemController.Details (MyShop)'
2024-11-04 11:15:01.126 +01:00 [INF] Route matched with {action = "Details", controller = "Item", page = "", area = ""}. Executing controller action with signature System.Threading.Tasks.Task`1[Microsoft.AspNetCore.Mvc.IActionResult] Details(Int32) on controller MyShop.Controllers.ItemController (MyShop).
2024-11-04 11:15:01.130 +01:00 [INF] Executing ViewResult, running view Details.
2024-11-04 11:15:01.131 +01:00 [INF] Executed ViewResult - view Details executed in 1.1786ms.
2024-11-04 11:15:01.131 +01:00 [INF] Executed action MyShop.Controllers.ItemController.Details (MyShop) in 4.6826ms
2024-11-04 11:15:01.131 +01:00 [INF] Executed endpoint 'MyShop.Controllers.ItemController.Details (MyShop)'
2024-11-04 11:15:01.131 +01:00 [INF] Request finished HTTP/1.1 GET http://localhost:5017/Item/Details/1 - 200 null text/html; charset=utf-8 5.4395ms
2024-11-04 11:15:10.759 +01:00 [INF] Request starting HTTP/1.1 GET http://localhost:5017/Item/Grid - null null
2024-11-04 11:15:10.760 +01:00 [INF] Executing endpoint 'MyShop.Controllers.ItemController.Grid (MyShop)'
2024-11-04 11:15:10.760 +01:00 [INF] Route matched with {action = "Grid", controller = "Item", page = "", area = ""}. Executing controller action with signature System.Threading.Tasks.Task`1[Microsoft.AspNetCore.Mvc.IActionResult] Grid() on controller MyShop.Controllers.ItemController (MyShop).
2024-11-04 11:15:10.761 +01:00 [INF] Executing ViewResult, running view Grid.
2024-11-04 11:15:10.761 +01:00 [INF] Executed ViewResult - view Grid executed in 0.5685ms.
2024-11-04 11:15:10.762 +01:00 [INF] Executed action MyShop.Controllers.ItemController.Grid (MyShop) in 1.5857ms
2024-11-04 11:15:10.762 +01:00 [INF] Executed endpoint 'MyShop.Controllers.ItemController.Grid (MyShop)'
2024-11-04 11:15:10.762 +01:00 [INF] Request finished HTTP/1.1 GET http://localhost:5017/Item/Grid - 200 null text/html; charset=utf-8 2.323ms
2024-11-04 11:15:13.383 +01:00 [INF] Request starting HTTP/1.1 GET http://localhost:5017/ - null null
2024-11-04 11:15:13.384 +01:00 [INF] Executing endpoint 'MyShop.Controllers.HomeController.Index (MyShop)'
2024-11-04 11:15:13.384 +01:00 [INF] Route matched with {action = "Index", controller = "Home", page = "", area = ""}. Executing controller action with signature Microsoft.AspNetCore.Mvc.IActionResult Index() on controller MyShop.Controllers.HomeController (MyShop).
2024-11-04 11:15:13.384 +01:00 [INF] Executing ViewResult, running view Index.
2024-11-04 11:15:13.385 +01:00 [INF] Executed ViewResult - view Index executed in 0.5606ms.
2024-11-04 11:15:13.385 +01:00 [INF] Executed action MyShop.Controllers.HomeController.Index (MyShop) in 0.6967ms
2024-11-04 11:15:13.385 +01:00 [INF] Executed endpoint 'MyShop.Controllers.HomeController.Index (MyShop)'
2024-11-04 11:15:13.385 +01:00 [INF] Request finished HTTP/1.1 GET http://localhost:5017/ - 200 null text/html; charset=utf-8 1.3354ms
2024-11-04 11:15:32.211 +01:00 [INF] Request starting HTTP/1.1 GET http://localhost:5017/Item/Grid - null null
2024-11-04 11:15:32.212 +01:00 [INF] Executing endpoint 'MyShop.Controllers.ItemController.Grid (MyShop)'
2024-11-04 11:15:32.212 +01:00 [INF] Route matched with {action = "Grid", controller = "Item", page = "", area = ""}. Executing controller action with signature System.Threading.Tasks.Task`1[Microsoft.AspNetCore.Mvc.IActionResult] Grid() on controller MyShop.Controllers.ItemController (MyShop).
2024-11-04 11:15:32.214 +01:00 [INF] Executing ViewResult, running view Grid.
2024-11-04 11:15:32.214 +01:00 [INF] Executed ViewResult - view Grid executed in 0.705ms.
2024-11-04 11:15:32.214 +01:00 [INF] Executed action MyShop.Controllers.ItemController.Grid (MyShop) in 2.0555ms
2024-11-04 11:15:32.214 +01:00 [INF] Executed endpoint 'MyShop.Controllers.ItemController.Grid (MyShop)'
2024-11-04 11:15:32.214 +01:00 [INF] Request finished HTTP/1.1 GET http://localhost:5017/Item/Grid - 200 null text/html; charset=utf-8 2.9812ms
2024-11-04 11:15:49.641 +01:00 [INF] Request starting HTTP/1.1 GET http://localhost:5017/Item/Table - null null
2024-11-04 11:15:49.642 +01:00 [INF] Executing endpoint 'MyShop.Controllers.ItemController.Table (MyShop)'
2024-11-04 11:15:49.642 +01:00 [INF] Route matched with {action = "Table", controller = "Item", page = "", area = ""}. Executing controller action with signature System.Threading.Tasks.Task`1[Microsoft.AspNetCore.Mvc.IActionResult] Table() on controller MyShop.Controllers.ItemController (MyShop).
2024-11-04 11:15:49.643 +01:00 [INF] Executing ViewResult, running view Table.
2024-11-04 11:15:49.644 +01:00 [INF] Executed ViewResult - view Table executed in 0.963ms.
2024-11-04 11:15:49.644 +01:00 [INF] Executed action MyShop.Controllers.ItemController.Table (MyShop) in 2.0155ms
2024-11-04 11:15:49.644 +01:00 [INF] Executed endpoint 'MyShop.Controllers.ItemController.Table (MyShop)'
2024-11-04 11:15:49.644 +01:00 [INF] Request finished HTTP/1.1 GET http://localhost:5017/Item/Table - 200 null text/html; charset=utf-8 2.9494ms
2024-11-04 11:15:50.722 +01:00 [INF] Request starting HTTP/1.1 GET http://localhost:5017/Item/Details/1 - null null
2024-11-04 11:15:50.722 +01:00 [INF] Executing endpoint 'MyShop.Controllers.ItemController.Details (MyShop)'
2024-11-04 11:15:50.722 +01:00 [INF] Route matched with {action = "Details", controller = "Item", page = "", area = ""}. Executing controller action with signature System.Threading.Tasks.Task`1[Microsoft.AspNetCore.Mvc.IActionResult] Details(Int32) on controller MyShop.Controllers.ItemController (MyShop).
2024-11-04 11:15:50.724 +01:00 [INF] Executing ViewResult, running view Details.
2024-11-04 11:15:50.725 +01:00 [INF] Executed ViewResult - view Details executed in 0.5777ms.
2024-11-04 11:15:50.725 +01:00 [INF] Executed action MyShop.Controllers.ItemController.Details (MyShop) in 2.4559ms
2024-11-04 11:15:50.725 +01:00 [INF] Executed endpoint 'MyShop.Controllers.ItemController.Details (MyShop)'
2024-11-04 11:15:50.725 +01:00 [INF] Request finished HTTP/1.1 GET http://localhost:5017/Item/Details/1 - 200 null text/html; charset=utf-8 3.1555ms
2024-11-04 11:15:52.772 +01:00 [INF] Request starting HTTP/1.1 GET http://localhost:5017/Customer/Table - null null
2024-11-04 11:15:52.773 +01:00 [INF] Executing endpoint 'MyShop.Controllers.CustomerController.Table (MyShop)'
2024-11-04 11:15:52.775 +01:00 [INF] Route matched with {action = "Table", controller = "Customer", page = "", area = ""}. Executing controller action with signature System.Threading.Tasks.Task`1[Microsoft.AspNetCore.Mvc.IActionResult] Table() on controller MyShop.Controllers.CustomerController (MyShop).
2024-11-04 11:15:52.783 +01:00 [INF] Executing ViewResult, running view Table.
2024-11-04 11:15:52.809 +01:00 [INF] Executed ViewResult - view Table executed in 26.2496ms.
2024-11-04 11:15:52.809 +01:00 [INF] Executed action MyShop.Controllers.CustomerController.Table (MyShop) in 33.9806ms
2024-11-04 11:15:52.809 +01:00 [INF] Executed endpoint 'MyShop.Controllers.CustomerController.Table (MyShop)'
2024-11-04 11:15:52.809 +01:00 [INF] Request finished HTTP/1.1 GET http://localhost:5017/Customer/Table - 200 null text/html; charset=utf-8 37.6002ms
2024-11-04 11:15:53.518 +01:00 [INF] Request starting HTTP/1.1 GET http://localhost:5017/Item/Grid - null null
2024-11-04 11:15:53.518 +01:00 [INF] Executing endpoint 'MyShop.Controllers.ItemController.Grid (MyShop)'
2024-11-04 11:15:53.519 +01:00 [INF] Route matched with {action = "Grid", controller = "Item", page = "", area = ""}. Executing controller action with signature System.Threading.Tasks.Task`1[Microsoft.AspNetCore.Mvc.IActionResult] Grid() on controller MyShop.Controllers.ItemController (MyShop).
2024-11-04 11:15:53.520 +01:00 [INF] Executing ViewResult, running view Grid.
2024-11-04 11:15:53.520 +01:00 [INF] Executed ViewResult - view Grid executed in 0.554ms.
2024-11-04 11:15:53.520 +01:00 [INF] Executed action MyShop.Controllers.ItemController.Grid (MyShop) in 1.6128ms
2024-11-04 11:15:53.520 +01:00 [INF] Executed endpoint 'MyShop.Controllers.ItemController.Grid (MyShop)'
2024-11-04 11:15:53.520 +01:00 [INF] Request finished HTTP/1.1 GET http://localhost:5017/Item/Grid - 200 null text/html; charset=utf-8 2.2403ms
2024-11-04 11:16:15.464 +01:00 [INF] Request starting HTTP/1.1 GET http://localhost:5017/Item/Table - null null
2024-11-04 11:16:15.464 +01:00 [INF] Executing endpoint 'MyShop.Controllers.ItemController.Table (MyShop)'
2024-11-04 11:16:15.464 +01:00 [INF] Route matched with {action = "Table", controller = "Item", page = "", area = ""}. Executing controller action with signature System.Threading.Tasks.Task`1[Microsoft.AspNetCore.Mvc.IActionResult] Table() on controller MyShop.Controllers.ItemController (MyShop).
2024-11-04 11:16:15.465 +01:00 [INF] Executing ViewResult, running view Table.
2024-11-04 11:16:15.466 +01:00 [INF] Executed ViewResult - view Table executed in 0.6997ms.
2024-11-04 11:16:15.466 +01:00 [INF] Executed action MyShop.Controllers.ItemController.Table (MyShop) in 1.56ms
2024-11-04 11:16:15.466 +01:00 [INF] Executed endpoint 'MyShop.Controllers.ItemController.Table (MyShop)'
2024-11-04 11:16:15.466 +01:00 [INF] Request finished HTTP/1.1 GET http://localhost:5017/Item/Table - 200 null text/html; charset=utf-8 2.4961ms
2024-11-04 11:16:15.945 +01:00 [INF] Request starting HTTP/1.1 GET http://localhost:5017/Item/Grid - null null
2024-11-04 11:16:15.945 +01:00 [INF] Executing endpoint 'MyShop.Controllers.ItemController.Grid (MyShop)'
2024-11-04 11:16:15.945 +01:00 [INF] Route matched with {action = "Grid", controller = "Item", page = "", area = ""}. Executing controller action with signature System.Threading.Tasks.Task`1[Microsoft.AspNetCore.Mvc.IActionResult] Grid() on controller MyShop.Controllers.ItemController (MyShop).
2024-11-04 11:16:15.946 +01:00 [INF] Executing ViewResult, running view Grid.
2024-11-04 11:16:15.947 +01:00 [INF] Executed ViewResult - view Grid executed in 0.5962ms.
2024-11-04 11:16:15.947 +01:00 [INF] Executed action MyShop.Controllers.ItemController.Grid (MyShop) in 1.5882ms
2024-11-04 11:16:15.947 +01:00 [INF] Executed endpoint 'MyShop.Controllers.ItemController.Grid (MyShop)'
2024-11-04 11:16:15.947 +01:00 [INF] Request finished HTTP/1.1 GET http://localhost:5017/Item/Grid - 200 null text/html; charset=utf-8 2.2248ms
2024-11-04 11:16:17.793 +01:00 [INF] Request starting HTTP/1.1 GET http://localhost:5017/ - null null
2024-11-04 11:16:17.793 +01:00 [INF] Executing endpoint 'MyShop.Controllers.HomeController.Index (MyShop)'
2024-11-04 11:16:17.793 +01:00 [INF] Route matched with {action = "Index", controller = "Home", page = "", area = ""}. Executing controller action with signature Microsoft.AspNetCore.Mvc.IActionResult Index() on controller MyShop.Controllers.HomeController (MyShop).
2024-11-04 11:16:17.793 +01:00 [INF] Executing ViewResult, running view Index.
2024-11-04 11:16:17.794 +01:00 [INF] Executed ViewResult - view Index executed in 0.6381ms.
2024-11-04 11:16:17.794 +01:00 [INF] Executed action MyShop.Controllers.HomeController.Index (MyShop) in 0.7096ms
2024-11-04 11:16:17.794 +01:00 [INF] Executed endpoint 'MyShop.Controllers.HomeController.Index (MyShop)'
2024-11-04 11:16:17.794 +01:00 [INF] Request finished HTTP/1.1 GET http://localhost:5017/ - 200 null text/html; charset=utf-8 1.3209ms
2024-11-04 11:17:04.988 +01:00 [INF] Request starting HTTP/1.1 GET http://localhost:5017/ - null null
2024-11-04 11:17:04.988 +01:00 [INF] Executing endpoint 'MyShop.Controllers.HomeController.Index (MyShop)'
2024-11-04 11:17:04.988 +01:00 [INF] Route matched with {action = "Index", controller = "Home", page = "", area = ""}. Executing controller action with signature Microsoft.AspNetCore.Mvc.IActionResult Index() on controller MyShop.Controllers.HomeController (MyShop).
2024-11-04 11:17:04.988 +01:00 [INF] Executing ViewResult, running view Index.
2024-11-04 11:17:04.989 +01:00 [INF] Executed ViewResult - view Index executed in 0.4899ms.
2024-11-04 11:17:04.989 +01:00 [INF] Executed action MyShop.Controllers.HomeController.Index (MyShop) in 0.56ms
2024-11-04 11:17:04.989 +01:00 [INF] Executed endpoint 'MyShop.Controllers.HomeController.Index (MyShop)'
2024-11-04 11:17:04.989 +01:00 [INF] Request finished HTTP/1.1 GET http://localhost:5017/ - 200 null text/html; charset=utf-8 1.5176ms
2024-11-04 11:17:05.711 +01:00 [INF] Request starting HTTP/1.1 GET http://localhost:5017/Item/Grid - null null
2024-11-04 11:17:05.712 +01:00 [INF] Executing endpoint 'MyShop.Controllers.ItemController.Grid (MyShop)'
2024-11-04 11:17:05.712 +01:00 [INF] Route matched with {action = "Grid", controller = "Item", page = "", area = ""}. Executing controller action with signature System.Threading.Tasks.Task`1[Microsoft.AspNetCore.Mvc.IActionResult] Grid() on controller MyShop.Controllers.ItemController (MyShop).
2024-11-04 11:17:05.713 +01:00 [INF] Executing ViewResult, running view Grid.
2024-11-04 11:17:05.713 +01:00 [INF] Executed ViewResult - view Grid executed in 0.5392ms.
2024-11-04 11:17:05.713 +01:00 [INF] Executed action MyShop.Controllers.ItemController.Grid (MyShop) in 1.4569ms
2024-11-04 11:17:05.713 +01:00 [INF] Executed endpoint 'MyShop.Controllers.ItemController.Grid (MyShop)'
2024-11-04 11:17:05.714 +01:00 [INF] Request finished HTTP/1.1 GET http://localhost:5017/Item/Grid - 200 null text/html; charset=utf-8 2.0814ms
2024-11-04 11:17:09.362 +01:00 [INF] Request starting HTTP/1.1 GET http://localhost:5017/ - null null
2024-11-04 11:17:09.362 +01:00 [INF] Executing endpoint 'MyShop.Controllers.HomeController.Index (MyShop)'
2024-11-04 11:17:09.362 +01:00 [INF] Route matched with {action = "Index", controller = "Home", page = "", area = ""}. Executing controller action with signature Microsoft.AspNetCore.Mvc.IActionResult Index() on controller MyShop.Controllers.HomeController (MyShop).
2024-11-04 11:17:09.362 +01:00 [INF] Executing ViewResult, running view Index.
2024-11-04 11:17:09.363 +01:00 [INF] Executed ViewResult - view Index executed in 0.4147ms.
2024-11-04 11:17:09.363 +01:00 [INF] Executed action MyShop.Controllers.HomeController.Index (MyShop) in 0.4838ms
2024-11-04 11:17:09.363 +01:00 [INF] Executed endpoint 'MyShop.Controllers.HomeController.Index (MyShop)'
2024-11-04 11:17:09.363 +01:00 [INF] Request finished HTTP/1.1 GET http://localhost:5017/ - 200 null text/html; charset=utf-8 1.0901ms
2024-11-04 11:17:33.673 +01:00 [INF] Application is shutting down...
