2024-11-04 12:58:44.354 +01:00 [INF] User profile is available. Using 'C:\Users\Hadle\AppData\Local\ASP.NET\DataProtection-Keys' as key repository and Windows DPAPI to encrypt keys at rest.
2024-11-04 12:58:44.492 +01:00 [INF] Now listening on: http://localhost:5017
2024-11-04 12:58:44.495 +01:00 [INF] Application started. Press Ctrl+C to shut down.
2024-11-04 12:58:44.496 +01:00 [INF] Hosting environment: Development
2024-11-04 12:58:44.496 +01:00 [INF] Content root path: C:\ITPE3200\ITPE3200_Exam_project-main\ITPE3200_Exam_project-main\ITPE3200_Exam_project
2024-11-04 12:58:46.221 +01:00 [INF] Request starting HTTP/1.1 GET http://localhost:5017/ - null null
2024-11-04 12:58:46.282 +01:00 [INF] Executing endpoint 'MyShop.Controllers.HomeController.Index (MyShop)'
2024-11-04 12:58:46.291 +01:00 [INF] Route matched with {action = "Index", controller = "Home", page = "", area = ""}. Executing controller action with signature Microsoft.AspNetCore.Mvc.IActionResult Index() on controller MyShop.Controllers.HomeController (MyShop).
2024-11-04 12:58:46.298 +01:00 [INF] Executing ViewResult, running view Index.
2024-11-04 12:58:46.370 +01:00 [INF] Executed ViewResult - view Index executed in 73.4499ms.
2024-11-04 12:58:46.373 +01:00 [INF] Executed action MyShop.Controllers.HomeController.Index (MyShop) in 80.8691ms
2024-11-04 12:58:46.375 +01:00 [INF] Executed endpoint 'MyShop.Controllers.HomeController.Index (MyShop)'
2024-11-04 12:58:46.380 +01:00 [INF] Request finished HTTP/1.1 GET http://localhost:5017/ - 200 null text/html; charset=utf-8 161.1085ms
2024-11-04 12:58:47.460 +01:00 [INF] Request starting HTTP/1.1 GET http://localhost:5017/ - null null
2024-11-04 12:58:47.465 +01:00 [INF] Executing endpoint 'MyShop.Controllers.HomeController.Index (MyShop)'
2024-11-04 12:58:47.465 +01:00 [INF] Route matched with {action = "Index", controller = "Home", page = "", area = ""}. Executing controller action with signature Microsoft.AspNetCore.Mvc.IActionResult Index() on controller MyShop.Controllers.HomeController (MyShop).
2024-11-04 12:58:47.466 +01:00 [INF] Executing ViewResult, running view Index.
2024-11-04 12:58:47.470 +01:00 [INF] Executed ViewResult - view Index executed in 4.6789ms.
2024-11-04 12:58:47.471 +01:00 [INF] Executed action MyShop.Controllers.HomeController.Index (MyShop) in 5.2572ms
2024-11-04 12:58:47.471 +01:00 [INF] Executed endpoint 'MyShop.Controllers.HomeController.Index (MyShop)'
2024-11-04 12:58:47.471 +01:00 [INF] Request finished HTTP/1.1 GET http://localhost:5017/ - 200 null text/html; charset=utf-8 11.3773ms
2024-11-04 12:58:49.517 +01:00 [INF] Request starting HTTP/1.1 GET http://localhost:5017/About/About - null null
2024-11-04 12:58:49.529 +01:00 [INF] Request finished HTTP/1.1 GET http://localhost:5017/About/About - 404 0 null 12.1396ms
2024-11-04 12:58:49.531 +01:00 [INF] Request reached the end of the middleware pipeline without being handled by application code. Request path: GET http://localhost:5017/About/About, Response status code: 404
2024-11-04 12:58:50.758 +01:00 [INF] Request starting HTTP/1.1 GET http://localhost:5017/ - null null
2024-11-04 12:58:50.759 +01:00 [INF] Executing endpoint 'MyShop.Controllers.HomeController.Index (MyShop)'
2024-11-04 12:58:50.759 +01:00 [INF] Route matched with {action = "Index", controller = "Home", page = "", area = ""}. Executing controller action with signature Microsoft.AspNetCore.Mvc.IActionResult Index() on controller MyShop.Controllers.HomeController (MyShop).
2024-11-04 12:58:50.759 +01:00 [INF] Executing ViewResult, running view Index.
2024-11-04 12:58:50.760 +01:00 [INF] Executed ViewResult - view Index executed in 1.0882ms.
2024-11-04 12:58:50.760 +01:00 [INF] Executed action MyShop.Controllers.HomeController.Index (MyShop) in 1.2282ms
2024-11-04 12:58:50.760 +01:00 [INF] Executed endpoint 'MyShop.Controllers.HomeController.Index (MyShop)'
2024-11-04 12:58:50.760 +01:00 [INF] Request finished HTTP/1.1 GET http://localhost:5017/ - 200 null text/html; charset=utf-8 2.2065ms
2024-11-04 12:58:52.141 +01:00 [INF] Request starting HTTP/1.1 GET http://localhost:5017/About/Table - null null
2024-11-04 12:58:52.143 +01:00 [INF] Request finished HTTP/1.1 GET http://localhost:5017/About/Table - 404 0 null 1.4858ms
2024-11-04 12:58:52.143 +01:00 [INF] Request reached the end of the middleware pipeline without being handled by application code. Request path: GET http://localhost:5017/About/Table, Response status code: 404
2024-11-04 12:58:53.756 +01:00 [INF] Request starting HTTP/1.1 GET http://localhost:5017/ - null null
2024-11-04 12:58:53.756 +01:00 [INF] Executing endpoint 'MyShop.Controllers.HomeController.Index (MyShop)'
2024-11-04 12:58:53.757 +01:00 [INF] Route matched with {action = "Index", controller = "Home", page = "", area = ""}. Executing controller action with signature Microsoft.AspNetCore.Mvc.IActionResult Index() on controller MyShop.Controllers.HomeController (MyShop).
2024-11-04 12:58:53.757 +01:00 [INF] Executing ViewResult, running view Index.
2024-11-04 12:58:53.758 +01:00 [INF] Executed ViewResult - view Index executed in 1.2533ms.
2024-11-04 12:58:53.758 +01:00 [INF] Executed action MyShop.Controllers.HomeController.Index (MyShop) in 1.3857ms
2024-11-04 12:58:53.758 +01:00 [INF] Executed endpoint 'MyShop.Controllers.HomeController.Index (MyShop)'
2024-11-04 12:58:53.758 +01:00 [INF] Request finished HTTP/1.1 GET http://localhost:5017/ - 200 null text/html; charset=utf-8 2.4145ms
2024-11-04 13:00:10.516 +01:00 [INF] Application is shutting down...
