2024-10-10 16:40:38.686 +02:00 [INF] User profile is available. Using 'C:\Users\jovan\AppData\Local\ASP.NET\DataProtection-Keys' as key repository and Windows DPAPI to encrypt keys at rest.
2024-10-10 16:40:38.724 +02:00 [INF] Now listening on: http://localhost:5017
2024-10-10 16:40:38.726 +02:00 [INF] Application started. Press Ctrl+C to shut down.
2024-10-10 16:40:38.726 +02:00 [INF] Hosting environment: Development
2024-10-10 16:40:38.727 +02:00 [INF] Content root path: C:\TestMappe\ITPE3200_Exam_project
2024-10-10 16:40:40.199 +02:00 [INF] Request starting HTTP/1.1 GET http://localhost:5017/ - null null
2024-10-10 16:40:40.217 +02:00 [INF] Executing endpoint 'MyShop.Controllers.HomeController.Index (MyShop)'
2024-10-10 16:40:40.223 +02:00 [INF] Route matched with {action = "Index", controller = "Home"}. Executing controller action with signature Microsoft.AspNetCore.Mvc.IActionResult Index() on controller MyShop.Controllers.HomeController (MyShop).
2024-10-10 16:40:40.232 +02:00 [INF] Executing ViewResult, running view Index.
2024-10-10 16:40:40.277 +02:00 [INF] Executed ViewResult - view Index executed in 42.7734ms.
2024-10-10 16:40:40.279 +02:00 [INF] Executed action MyShop.Controllers.HomeController.Index (MyShop) in 54.8693ms
2024-10-10 16:40:40.279 +02:00 [INF] Executed endpoint 'MyShop.Controllers.HomeController.Index (MyShop)'
2024-10-10 16:40:40.281 +02:00 [INF] Request finished HTTP/1.1 GET http://localhost:5017/ - 200 null text/html; charset=utf-8 82.6088ms
2024-10-10 16:40:41.658 +02:00 [INF] Request starting HTTP/1.1 GET http://localhost:5017/Item/Table - null null
2024-10-10 16:40:41.660 +02:00 [INF] Executing endpoint 'MyShop.Controllers.ItemController.Table (MyShop)'
2024-10-10 16:40:41.665 +02:00 [INF] Route matched with {action = "Table", controller = "Item"}. Executing controller action with signature System.Threading.Tasks.Task`1[Microsoft.AspNetCore.Mvc.IActionResult] Table() on controller MyShop.Controllers.ItemController (MyShop).
2024-10-10 16:40:41.754 +02:00 [INF] Executing ViewResult, running view Table.
2024-10-10 16:40:41.764 +02:00 [INF] Executed ViewResult - view Table executed in 10.1831ms.
2024-10-10 16:40:41.764 +02:00 [INF] Executed action MyShop.Controllers.ItemController.Table (MyShop) in 98.461ms
2024-10-10 16:40:41.764 +02:00 [INF] Executed endpoint 'MyShop.Controllers.ItemController.Table (MyShop)'
2024-10-10 16:40:41.767 +02:00 [INF] Request finished HTTP/1.1 GET http://localhost:5017/Item/Table - 200 null text/html; charset=utf-8 108.4496ms
2024-10-10 16:40:43.222 +02:00 [INF] Request starting HTTP/1.1 GET http://localhost:5017/Item/Grid - null null
2024-10-10 16:40:43.224 +02:00 [INF] Executing endpoint 'MyShop.Controllers.ItemController.Grid (MyShop)'
2024-10-10 16:40:43.227 +02:00 [INF] Route matched with {action = "Grid", controller = "Item"}. Executing controller action with signature System.Threading.Tasks.Task`1[Microsoft.AspNetCore.Mvc.IActionResult] Grid() on controller MyShop.Controllers.ItemController (MyShop).
2024-10-10 16:40:43.263 +02:00 [INF] Executing ViewResult, running view Grid.
2024-10-10 16:40:43.264 +02:00 [INF] Executed ViewResult - view Grid executed in 2.2652ms.
2024-10-10 16:40:43.265 +02:00 [INF] Executed action MyShop.Controllers.ItemController.Grid (MyShop) in 37.195ms
2024-10-10 16:40:43.265 +02:00 [INF] Executed endpoint 'MyShop.Controllers.ItemController.Grid (MyShop)'
2024-10-10 16:40:43.265 +02:00 [INF] Request finished HTTP/1.1 GET http://localhost:5017/Item/Grid - 200 null text/html; charset=utf-8 42.6778ms
