2024-11-04 14:59:20.211 +01:00 [INF] User profile is available. Using 'C:\Users\jovan\AppData\Local\ASP.NET\DataProtection-Keys' as key repository and Windows DPAPI to encrypt keys at rest.
2024-11-04 14:59:20.325 +01:00 [INF] Now listening on: http://localhost:5017
2024-11-04 14:59:20.328 +01:00 [INF] Application started. Press Ctrl+C to shut down.
2024-11-04 14:59:20.328 +01:00 [INF] Hosting environment: Development
2024-11-04 14:59:20.328 +01:00 [INF] Content root path: C:\TestMappe\Eksamen\ITPE3200_Exam_project
2024-11-04 14:59:22.112 +01:00 [INF] Request starting HTTP/1.1 GET http://localhost:5017/ - null null
2024-11-04 14:59:22.145 +01:00 [INF] Identity.Application was not authenticated. Failure message: Unprotect ticket failed
2024-11-04 14:59:22.149 +01:00 [INF] Executing endpoint 'MyShop.Controllers.HomeController.Index (MyShop)'
2024-11-04 14:59:22.157 +01:00 [INF] Route matched with {action = "Index", controller = "Home", page = "", area = ""}. Executing controller action with signature Microsoft.AspNetCore.Mvc.IActionResult Index() on controller MyShop.Controllers.HomeController (MyShop).
2024-11-04 14:59:22.165 +01:00 [INF] Executing ViewResult, running view Index.
2024-11-04 14:59:22.239 +01:00 [INF] Executed ViewResult - view Index executed in 76.0632ms.
2024-11-04 14:59:22.241 +01:00 [INF] Executed action MyShop.Controllers.HomeController.Index (MyShop) in 83.7538ms
2024-11-04 14:59:22.241 +01:00 [INF] Executed endpoint 'MyShop.Controllers.HomeController.Index (MyShop)'
2024-11-04 14:59:22.246 +01:00 [INF] Request finished HTTP/1.1 GET http://localhost:5017/ - 200 null text/html; charset=utf-8 135.7007ms
2024-11-04 14:59:22.267 +01:00 [INF] Request starting HTTP/1.1 GET http://localhost:5017/images/logo.png - null null
2024-11-04 14:59:22.272 +01:00 [INF] The file /images/logo.png was not modified
2024-11-04 14:59:22.273 +01:00 [INF] Request finished HTTP/1.1 GET http://localhost:5017/images/logo.png - 304 null image/png 6.2433ms
2024-11-04 14:59:23.829 +01:00 [INF] Request starting HTTP/1.1 GET http://localhost:5017/Identity/Account/Login - null null
2024-11-04 14:59:23.831 +01:00 [INF] Identity.Application was not authenticated. Failure message: Unprotect ticket failed
2024-11-04 14:59:23.831 +01:00 [INF] Executing endpoint '/Account/Login'
2024-11-04 14:59:23.847 +01:00 [INF] Route matched with {page = "/Account/Login", area = "Identity", action = "", controller = ""}. Executing page /Account/Login
2024-11-04 14:59:23.859 +01:00 [INF] Executing handler method MyShop.Areas.Identity.Pages.Account.LoginModel.OnGetAsync - ModelState is "Valid"
2024-11-04 14:59:23.863 +01:00 [INF] AuthenticationScheme: Identity.External signed out.
2024-11-04 14:59:23.864 +01:00 [INF] Executed handler method OnGetAsync, returned result .
2024-11-04 14:59:23.866 +01:00 [INF] Executing an implicit handler method - ModelState is "Valid"
2024-11-04 14:59:23.866 +01:00 [INF] Executed an implicit handler method, returned result Microsoft.AspNetCore.Mvc.RazorPages.PageResult.
2024-11-04 14:59:23.893 +01:00 [INF] Executed page /Account/Login in 45.0289ms
2024-11-04 14:59:23.893 +01:00 [INF] Executed endpoint '/Account/Login'
2024-11-04 14:59:23.893 +01:00 [INF] Request finished HTTP/1.1 GET http://localhost:5017/Identity/Account/Login - 200 null text/html; charset=utf-8 64.1229ms
2024-11-04 14:59:23.922 +01:00 [INF] Request starting HTTP/1.1 GET http://localhost:5017/css/Login.css - null null
2024-11-04 14:59:23.934 +01:00 [INF] Sending file. Request path: '/css/Login.css'. Physical path: 'C:\TestMappe\Eksamen\ITPE3200_Exam_project\wwwroot\css\Login.css'
2024-11-04 14:59:23.934 +01:00 [INF] Request finished HTTP/1.1 GET http://localhost:5017/css/Login.css - 200 2796 text/css 12.3869ms
2024-11-04 14:59:23.970 +01:00 [INF] Request starting HTTP/1.1 GET http://localhost:5017/images/SignUp.png - null null
2024-11-04 14:59:23.970 +01:00 [INF] The file /images/SignUp.png was not modified
2024-11-04 14:59:23.970 +01:00 [INF] Request starting HTTP/1.1 GET http://localhost:5017/lib/jquery-validation/dist/jquery.validate.min.js - null null
2024-11-04 14:59:23.970 +01:00 [INF] Request finished HTTP/1.1 GET http://localhost:5017/images/SignUp.png - 304 null image/png 0.5287ms
2024-11-04 14:59:23.972 +01:00 [INF] Identity.Application was not authenticated. Failure message: Unprotect ticket failed
2024-11-04 14:59:23.972 +01:00 [INF] Request finished HTTP/1.1 GET http://localhost:5017/lib/jquery-validation/dist/jquery.validate.min.js - 404 0 null 1.933ms
2024-11-04 14:59:23.973 +01:00 [INF] Request reached the end of the middleware pipeline without being handled by application code. Request path: GET http://localhost:5017/lib/jquery-validation/dist/jquery.validate.min.js, Response status code: 404
2024-11-04 14:59:23.981 +01:00 [INF] Request starting HTTP/1.1 GET http://localhost:5017/lib/jquery-validation-unobtrusive/jquery.validate.unobtrusive.min.js - null null
2024-11-04 14:59:23.982 +01:00 [INF] Identity.Application was not authenticated. Failure message: Unprotect ticket failed
2024-11-04 14:59:23.982 +01:00 [INF] Request finished HTTP/1.1 GET http://localhost:5017/lib/jquery-validation-unobtrusive/jquery.validate.unobtrusive.min.js - 404 0 null 1.0173ms
2024-11-04 14:59:23.983 +01:00 [INF] Request reached the end of the middleware pipeline without being handled by application code. Request path: GET http://localhost:5017/lib/jquery-validation-unobtrusive/jquery.validate.unobtrusive.min.js, Response status code: 404
