2024-11-04 13:46:26.836 +01:00 [INF] User profile is available. Using 'C:\Users\jovan\AppData\Local\ASP.NET\DataProtection-Keys' as key repository and Windows DPAPI to encrypt keys at rest.
2024-11-04 13:46:26.974 +01:00 [INF] Now listening on: http://localhost:5017
2024-11-04 13:46:26.978 +01:00 [INF] Application started. Press Ctrl+C to shut down.
2024-11-04 13:46:26.978 +01:00 [INF] Hosting environment: Development
2024-11-04 13:46:26.978 +01:00 [INF] Content root path: C:\TestMappe\Eksamen\ITPE3200_Exam_project
2024-11-04 13:46:29.125 +01:00 [INF] Request starting HTTP/1.1 GET http://localhost:5017/ - null null
2024-11-04 13:46:29.162 +01:00 [INF] Identity.Application was not authenticated. Failure message: Unprotect ticket failed
2024-11-04 13:46:29.168 +01:00 [INF] Executing endpoint 'MyShop.Controllers.HomeController.Index (MyShop)'
2024-11-04 13:46:29.178 +01:00 [INF] Route matched with {action = "Index", controller = "Home", page = "", area = ""}. Executing controller action with signature Microsoft.AspNetCore.Mvc.IActionResult Index() on controller MyShop.Controllers.HomeController (MyShop).
2024-11-04 13:46:29.186 +01:00 [INF] Executing ViewResult, running view Index.
2024-11-04 13:46:29.261 +01:00 [INF] Executed ViewResult - view Index executed in 78.8488ms.
2024-11-04 13:46:29.263 +01:00 [INF] Executed action MyShop.Controllers.HomeController.Index (MyShop) in 85.0633ms
2024-11-04 13:46:29.263 +01:00 [INF] Executed endpoint 'MyShop.Controllers.HomeController.Index (MyShop)'
2024-11-04 13:46:29.269 +01:00 [INF] Request finished HTTP/1.1 GET http://localhost:5017/ - 200 null text/html; charset=utf-8 145.7022ms
2024-11-04 13:46:31.062 +01:00 [INF] Request starting HTTP/1.1 GET http://localhost:5017/Identity/Account/Login - null null
2024-11-04 13:46:31.065 +01:00 [INF] Identity.Application was not authenticated. Failure message: Unprotect ticket failed
2024-11-04 13:46:31.065 +01:00 [INF] Executing endpoint '/Account/Login'
2024-11-04 13:46:31.079 +01:00 [INF] Route matched with {page = "/Account/Login", area = "Identity", action = "", controller = ""}. Executing page /Account/Login
2024-11-04 13:46:31.091 +01:00 [INF] Executing handler method MyShop.Areas.Identity.Pages.Account.LoginModel.OnGetAsync - ModelState is "Valid"
2024-11-04 13:46:31.096 +01:00 [INF] AuthenticationScheme: Identity.External signed out.
2024-11-04 13:46:31.097 +01:00 [INF] Executed handler method OnGetAsync, returned result .
2024-11-04 13:46:31.100 +01:00 [INF] Executing an implicit handler method - ModelState is "Valid"
2024-11-04 13:46:31.100 +01:00 [INF] Executed an implicit handler method, returned result Microsoft.AspNetCore.Mvc.RazorPages.PageResult.
2024-11-04 13:46:31.128 +01:00 [INF] Executed page /Account/Login in 48.564ms
2024-11-04 13:46:31.128 +01:00 [INF] Executed endpoint '/Account/Login'
2024-11-04 13:46:31.129 +01:00 [INF] Request finished HTTP/1.1 GET http://localhost:5017/Identity/Account/Login - 200 null text/html; charset=utf-8 66.449ms
2024-11-04 13:46:31.161 +01:00 [INF] Request starting HTTP/1.1 GET http://localhost:5017/Login.cshtml.css - null null
2024-11-04 13:46:31.164 +01:00 [INF] Identity.Application was not authenticated. Failure message: Unprotect ticket failed
2024-11-04 13:46:31.165 +01:00 [INF] Request finished HTTP/1.1 GET http://localhost:5017/Login.cshtml.css - 404 0 null 4.8135ms
2024-11-04 13:46:31.166 +01:00 [INF] Request reached the end of the middleware pipeline without being handled by application code. Request path: GET http://localhost:5017/Login.cshtml.css, Response status code: 404
2024-11-04 13:46:31.220 +01:00 [INF] Request starting HTTP/1.1 GET http://localhost:5017/images/SignUp.png - null null
2024-11-04 13:46:31.221 +01:00 [INF] Request starting HTTP/1.1 GET http://localhost:5017/lib/jquery-validation/dist/jquery.validate.min.js - null null
2024-11-04 13:46:31.222 +01:00 [INF] Identity.Application was not authenticated. Failure message: Unprotect ticket failed
2024-11-04 13:46:31.222 +01:00 [INF] Request finished HTTP/1.1 GET http://localhost:5017/lib/jquery-validation/dist/jquery.validate.min.js - 404 0 null 1.6417ms
2024-11-04 13:46:31.223 +01:00 [INF] Request reached the end of the middleware pipeline without being handled by application code. Request path: GET http://localhost:5017/lib/jquery-validation/dist/jquery.validate.min.js, Response status code: 404
2024-11-04 13:46:31.227 +01:00 [INF] The file /images/SignUp.png was not modified
2024-11-04 13:46:31.228 +01:00 [INF] Request finished HTTP/1.1 GET http://localhost:5017/images/SignUp.png - 304 null image/png 8.4667ms
2024-11-04 13:46:31.232 +01:00 [INF] Request starting HTTP/1.1 GET http://localhost:5017/lib/jquery-validation-unobtrusive/jquery.validate.unobtrusive.min.js - null null
2024-11-04 13:46:31.233 +01:00 [INF] Identity.Application was not authenticated. Failure message: Unprotect ticket failed
2024-11-04 13:46:31.234 +01:00 [INF] Request finished HTTP/1.1 GET http://localhost:5017/lib/jquery-validation-unobtrusive/jquery.validate.unobtrusive.min.js - 404 0 null 1.7656ms
2024-11-04 13:46:31.234 +01:00 [INF] Request reached the end of the middleware pipeline without being handled by application code. Request path: GET http://localhost:5017/lib/jquery-validation-unobtrusive/jquery.validate.unobtrusive.min.js, Response status code: 404
