2024-10-18 12:44:24.785 +02:00 [INF] User profile is available. Using 'C:\Users\Hadle\AppData\Local\ASP.NET\DataProtection-Keys' as key repository and Windows DPAPI to encrypt keys at rest.
2024-10-18 12:44:24.848 +02:00 [INF] Now listening on: http://localhost:5017
2024-10-18 12:44:24.851 +02:00 [INF] Application started. Press Ctrl+C to shut down.
2024-10-18 12:44:24.851 +02:00 [INF] Hosting environment: Development
2024-10-18 12:44:24.851 +02:00 [INF] Content root path: C:\Users\Hadle\Downloads\ITPE3200\ITPE3200_Exam_project
2024-10-18 12:44:26.579 +02:00 [INF] Request starting HTTP/1.1 GET http://localhost:5017/ - null null
2024-10-18 12:44:26.612 +02:00 [INF] Executing endpoint 'MyShop.Controllers.HomeController.Index (MyShop)'
2024-10-18 12:44:26.619 +02:00 [INF] Route matched with {action = "Index", controller = "Home"}. Executing controller action with signature Microsoft.AspNetCore.Mvc.IActionResult Index() on controller MyShop.Controllers.HomeController (MyShop).
2024-10-18 12:44:26.631 +02:00 [INF] Executing ViewResult, running view Index.
2024-10-18 12:44:26.681 +02:00 [INF] Executed ViewResult - view Index executed in 51.0561ms.
2024-10-18 12:44:26.683 +02:00 [INF] Executed action MyShop.Controllers.HomeController.Index (MyShop) in 62.584ms
2024-10-18 12:44:26.683 +02:00 [INF] Executed endpoint 'MyShop.Controllers.HomeController.Index (MyShop)'
2024-10-18 12:44:26.685 +02:00 [INF] Request finished HTTP/1.1 GET http://localhost:5017/ - 200 null text/html; charset=utf-8 107.1604ms
2024-10-18 12:44:31.523 +02:00 [INF] Request starting HTTP/1.1 GET http://localhost:5017/ - null null
2024-10-18 12:44:31.524 +02:00 [INF] Executing endpoint 'MyShop.Controllers.HomeController.Index (MyShop)'
2024-10-18 12:44:31.525 +02:00 [INF] Route matched with {action = "Index", controller = "Home"}. Executing controller action with signature Microsoft.AspNetCore.Mvc.IActionResult Index() on controller MyShop.Controllers.HomeController (MyShop).
2024-10-18 12:44:31.525 +02:00 [INF] Executing ViewResult, running view Index.
2024-10-18 12:44:31.529 +02:00 [INF] Executed ViewResult - view Index executed in 3.6415ms.
2024-10-18 12:44:31.529 +02:00 [INF] Executed action MyShop.Controllers.HomeController.Index (MyShop) in 4.174ms
2024-10-18 12:44:31.529 +02:00 [INF] Executed endpoint 'MyShop.Controllers.HomeController.Index (MyShop)'
2024-10-18 12:44:31.529 +02:00 [INF] Request finished HTTP/1.1 GET http://localhost:5017/ - 200 null text/html; charset=utf-8 6.1654ms
2024-10-18 12:44:34.358 +02:00 [INF] Request starting HTTP/1.1 GET http://localhost:5017/Item/Table - null null
2024-10-18 12:44:34.360 +02:00 [INF] Executing endpoint 'MyShop.Controllers.ItemController.Table (MyShop)'
2024-10-18 12:44:34.364 +02:00 [INF] Route matched with {action = "Table", controller = "Item"}. Executing controller action with signature System.Threading.Tasks.Task`1[Microsoft.AspNetCore.Mvc.IActionResult] Table() on controller MyShop.Controllers.ItemController (MyShop).
2024-10-18 12:44:34.477 +02:00 [INF] Executing ViewResult, running view Table.
2024-10-18 12:44:34.488 +02:00 [INF] Executed ViewResult - view Table executed in 11.7396ms.
2024-10-18 12:44:34.488 +02:00 [INF] Executed action MyShop.Controllers.ItemController.Table (MyShop) in 123.8812ms
2024-10-18 12:44:34.488 +02:00 [INF] Executed endpoint 'MyShop.Controllers.ItemController.Table (MyShop)'
2024-10-18 12:44:34.493 +02:00 [INF] Request finished HTTP/1.1 GET http://localhost:5017/Item/Table - 200 null text/html; charset=utf-8 134.6489ms
2024-10-18 12:44:35.772 +02:00 [INF] Request starting HTTP/1.1 GET http://localhost:5017/Item/Create - null null
2024-10-18 12:44:35.773 +02:00 [INF] Executing endpoint 'MyShop.Controllers.ItemController.Create (MyShop)'
2024-10-18 12:44:35.774 +02:00 [INF] Route matched with {action = "Create", controller = "Item"}. Executing controller action with signature Microsoft.AspNetCore.Mvc.IActionResult Create() on controller MyShop.Controllers.ItemController (MyShop).
2024-10-18 12:44:35.776 +02:00 [INF] Executing ViewResult, running view Create.
2024-10-18 12:44:35.821 +02:00 [INF] Executed ViewResult - view Create executed in 45.8684ms.
2024-10-18 12:44:35.821 +02:00 [INF] Executed action MyShop.Controllers.ItemController.Create (MyShop) in 46.7228ms
2024-10-18 12:44:35.821 +02:00 [INF] Executed endpoint 'MyShop.Controllers.ItemController.Create (MyShop)'
2024-10-18 12:44:35.821 +02:00 [INF] Request finished HTTP/1.1 GET http://localhost:5017/Item/Create - 200 null text/html; charset=utf-8 49.8545ms
2024-10-18 12:44:48.495 +02:00 [INF] Request starting HTTP/1.1 GET http://localhost:5017/ - null null
2024-10-18 12:44:48.496 +02:00 [INF] Executing endpoint 'MyShop.Controllers.HomeController.Index (MyShop)'
2024-10-18 12:44:48.496 +02:00 [INF] Route matched with {action = "Index", controller = "Home"}. Executing controller action with signature Microsoft.AspNetCore.Mvc.IActionResult Index() on controller MyShop.Controllers.HomeController (MyShop).
2024-10-18 12:44:48.496 +02:00 [INF] Executing ViewResult, running view Index.
2024-10-18 12:44:48.497 +02:00 [INF] Executed ViewResult - view Index executed in 0.732ms.
2024-10-18 12:44:48.497 +02:00 [INF] Executed action MyShop.Controllers.HomeController.Index (MyShop) in 0.8824ms
2024-10-18 12:44:48.497 +02:00 [INF] Executed endpoint 'MyShop.Controllers.HomeController.Index (MyShop)'
2024-10-18 12:44:48.497 +02:00 [INF] Request finished HTTP/1.1 GET http://localhost:5017/ - 200 null text/html; charset=utf-8 1.6384ms
2024-10-18 12:51:49.008 +02:00 [INF] Application is shutting down...
