2024-11-04 12:11:11.435 +01:00 [INF] User profile is available. Using 'C:\Users\Hadle\AppData\Local\ASP.NET\DataProtection-Keys' as key repository and Windows DPAPI to encrypt keys at rest.
2024-11-04 12:11:11.589 +01:00 [INF] Now listening on: http://localhost:5017
2024-11-04 12:11:11.593 +01:00 [INF] Application started. Press Ctrl+C to shut down.
2024-11-04 12:11:11.593 +01:00 [INF] Hosting environment: Development
2024-11-04 12:11:11.594 +01:00 [INF] Content root path: C:\ITPE3200\ITPE3200_Exam_project-main\ITPE3200_Exam_project-main\ITPE3200_Exam_project
2024-11-04 12:11:16.482 +01:00 [INF] Request starting HTTP/1.1 GET http://localhost:5017/ - null null
2024-11-04 12:11:16.523 +01:00 [INF] Executing endpoint 'MyShop.Controllers.HomeController.Index (MyShop)'
2024-11-04 12:11:16.533 +01:00 [INF] Route matched with {action = "Index", controller = "Home", page = "", area = ""}. Executing controller action with signature Microsoft.AspNetCore.Mvc.IActionResult Index() on controller MyShop.Controllers.HomeController (MyShop).
2024-11-04 12:11:16.541 +01:00 [INF] Executing ViewResult, running view Index.
2024-11-04 12:11:16.612 +01:00 [INF] Executed ViewResult - view Index executed in 72.9946ms.
2024-11-04 12:11:16.614 +01:00 [INF] Executed action MyShop.Controllers.HomeController.Index (MyShop) in 80.2702ms
2024-11-04 12:11:16.614 +01:00 [INF] Executed endpoint 'MyShop.Controllers.HomeController.Index (MyShop)'
2024-11-04 12:11:16.617 +01:00 [INF] Request finished HTTP/1.1 GET http://localhost:5017/ - 200 null text/html; charset=utf-8 136.7892ms
2024-11-04 12:12:06.813 +01:00 [INF] Request starting HTTP/1.1 GET http://localhost:5017/Food/Index - null null
2024-11-04 12:12:06.816 +01:00 [INF] Request finished HTTP/1.1 GET http://localhost:5017/Food/Index - 404 0 null 3.0888ms
2024-11-04 12:12:06.817 +01:00 [INF] Request reached the end of the middleware pipeline without being handled by application code. Request path: GET http://localhost:5017/Food/Index, Response status code: 404
2024-11-04 12:12:23.722 +01:00 [INF] Request starting HTTP/1.1 GET http://localhost:5017/Item/Grid - null null
2024-11-04 12:12:23.724 +01:00 [INF] Executing endpoint 'MyShop.Controllers.ItemController.Grid (MyShop)'
2024-11-04 12:12:23.729 +01:00 [INF] Route matched with {action = "Grid", controller = "Item", page = "", area = ""}. Executing controller action with signature System.Threading.Tasks.Task`1[Microsoft.AspNetCore.Mvc.IActionResult] Grid() on controller MyShop.Controllers.ItemController (MyShop).
2024-11-04 12:12:23.832 +01:00 [INF] Executing ViewResult, running view Grid.
2024-11-04 12:12:23.841 +01:00 [INF] Executed ViewResult - view Grid executed in 8.9549ms.
2024-11-04 12:12:23.841 +01:00 [INF] Executed action MyShop.Controllers.ItemController.Grid (MyShop) in 111.8112ms
2024-11-04 12:12:23.841 +01:00 [INF] Executed endpoint 'MyShop.Controllers.ItemController.Grid (MyShop)'
2024-11-04 12:12:23.844 +01:00 [INF] Request finished HTTP/1.1 GET http://localhost:5017/Item/Grid - 200 null text/html; charset=utf-8 121.9153ms
2024-11-04 12:12:24.523 +01:00 [INF] Request starting HTTP/1.1 GET http://localhost:5017/ - null null
2024-11-04 12:12:24.523 +01:00 [INF] Executing endpoint 'MyShop.Controllers.HomeController.Index (MyShop)'
2024-11-04 12:12:24.524 +01:00 [INF] Route matched with {action = "Index", controller = "Home", page = "", area = ""}. Executing controller action with signature Microsoft.AspNetCore.Mvc.IActionResult Index() on controller MyShop.Controllers.HomeController (MyShop).
2024-11-04 12:12:24.524 +01:00 [INF] Executing ViewResult, running view Index.
2024-11-04 12:12:24.532 +01:00 [INF] Executed ViewResult - view Index executed in 8.6835ms.
2024-11-04 12:12:24.533 +01:00 [INF] Executed action MyShop.Controllers.HomeController.Index (MyShop) in 8.9653ms
2024-11-04 12:12:24.533 +01:00 [INF] Executed endpoint 'MyShop.Controllers.HomeController.Index (MyShop)'
2024-11-04 12:12:24.533 +01:00 [INF] Request finished HTTP/1.1 GET http://localhost:5017/ - 200 null text/html; charset=utf-8 9.6152ms
2024-11-04 12:12:25.651 +01:00 [INF] Request starting HTTP/1.1 GET http://localhost:5017/Customer/Table - null null
2024-11-04 12:12:25.652 +01:00 [INF] Executing endpoint 'MyShop.Controllers.CustomerController.Table (MyShop)'
2024-11-04 12:12:25.655 +01:00 [INF] Route matched with {action = "Table", controller = "Customer", page = "", area = ""}. Executing controller action with signature System.Threading.Tasks.Task`1[Microsoft.AspNetCore.Mvc.IActionResult] Table() on controller MyShop.Controllers.CustomerController (MyShop).
2024-11-04 12:12:25.701 +01:00 [INF] Executing ViewResult, running view Table.
2024-11-04 12:12:25.756 +01:00 [INF] Executed ViewResult - view Table executed in 55.4611ms.
2024-11-04 12:12:25.757 +01:00 [INF] Executed action MyShop.Controllers.CustomerController.Table (MyShop) in 101.4364ms
2024-11-04 12:12:25.757 +01:00 [INF] Executed endpoint 'MyShop.Controllers.CustomerController.Table (MyShop)'
2024-11-04 12:12:25.757 +01:00 [INF] Request finished HTTP/1.1 GET http://localhost:5017/Customer/Table - 200 null text/html; charset=utf-8 105.3201ms
2024-11-04 12:12:27.787 +01:00 [INF] Request starting HTTP/1.1 GET http://localhost:5017/ - null null
2024-11-04 12:12:27.787 +01:00 [INF] Executing endpoint 'MyShop.Controllers.HomeController.Index (MyShop)'
2024-11-04 12:12:27.787 +01:00 [INF] Route matched with {action = "Index", controller = "Home", page = "", area = ""}. Executing controller action with signature Microsoft.AspNetCore.Mvc.IActionResult Index() on controller MyShop.Controllers.HomeController (MyShop).
2024-11-04 12:12:27.788 +01:00 [INF] Executing ViewResult, running view Index.
2024-11-04 12:12:27.789 +01:00 [INF] Executed ViewResult - view Index executed in 1.093ms.
2024-11-04 12:12:27.789 +01:00 [INF] Executed action MyShop.Controllers.HomeController.Index (MyShop) in 1.2298ms
2024-11-04 12:12:27.789 +01:00 [INF] Executed endpoint 'MyShop.Controllers.HomeController.Index (MyShop)'
2024-11-04 12:12:27.789 +01:00 [INF] Request finished HTTP/1.1 GET http://localhost:5017/ - 200 null text/html; charset=utf-8 1.834ms
2024-11-04 12:13:57.171 +01:00 [INF] Application is shutting down...
