2024-11-04 14:38:02.797 +01:00 [INF] User profile is available. Using 'C:\Users\jovan\AppData\Local\ASP.NET\DataProtection-Keys' as key repository and Windows DPAPI to encrypt keys at rest.
2024-11-04 14:38:02.924 +01:00 [INF] Now listening on: http://localhost:5017
2024-11-04 14:38:02.927 +01:00 [INF] Application started. Press Ctrl+C to shut down.
2024-11-04 14:38:02.928 +01:00 [INF] Hosting environment: Development
2024-11-04 14:38:02.928 +01:00 [INF] Content root path: C:\TestMappe\Eksamen\ITPE3200_Exam_project
2024-11-04 14:38:04.258 +01:00 [INF] Request starting HTTP/1.1 GET http://localhost:5017/ - null null
2024-11-04 14:38:04.297 +01:00 [INF] Identity.Application was not authenticated. Failure message: Unprotect ticket failed
2024-11-04 14:38:04.302 +01:00 [INF] Executing endpoint 'MyShop.Controllers.HomeController.Index (MyShop)'
2024-11-04 14:38:04.310 +01:00 [INF] Route matched with {action = "Index", controller = "Home", page = "", area = ""}. Executing controller action with signature Microsoft.AspNetCore.Mvc.IActionResult Index() on controller MyShop.Controllers.HomeController (MyShop).
2024-11-04 14:38:04.316 +01:00 [INF] Executing ViewResult, running view Index.
2024-11-04 14:38:04.379 +01:00 [INF] Executed ViewResult - view Index executed in 64.3603ms.
2024-11-04 14:38:04.382 +01:00 [INF] Executed action MyShop.Controllers.HomeController.Index (MyShop) in 71.2221ms
2024-11-04 14:38:04.382 +01:00 [INF] Executed endpoint 'MyShop.Controllers.HomeController.Index (MyShop)'
2024-11-04 14:38:04.387 +01:00 [INF] Request finished HTTP/1.1 GET http://localhost:5017/ - 200 null text/html; charset=utf-8 131.1108ms
2024-11-04 14:38:06.032 +01:00 [INF] Request starting HTTP/1.1 GET http://localhost:5017/Identity/Account/Login - null null
2024-11-04 14:38:06.036 +01:00 [INF] Identity.Application was not authenticated. Failure message: Unprotect ticket failed
2024-11-04 14:38:06.036 +01:00 [INF] Executing endpoint '/Account/Login'
2024-11-04 14:38:06.049 +01:00 [INF] Route matched with {page = "/Account/Login", area = "Identity", action = "", controller = ""}. Executing page /Account/Login
2024-11-04 14:38:06.061 +01:00 [INF] Executing handler method MyShop.Areas.Identity.Pages.Account.LoginModel.OnGetAsync - ModelState is "Valid"
2024-11-04 14:38:06.065 +01:00 [INF] AuthenticationScheme: Identity.External signed out.
2024-11-04 14:38:06.066 +01:00 [INF] Executed handler method OnGetAsync, returned result .
2024-11-04 14:38:06.069 +01:00 [INF] Executing an implicit handler method - ModelState is "Valid"
2024-11-04 14:38:06.069 +01:00 [INF] Executed an implicit handler method, returned result Microsoft.AspNetCore.Mvc.RazorPages.PageResult.
2024-11-04 14:38:06.097 +01:00 [INF] Executed page /Account/Login in 47.9369ms
2024-11-04 14:38:06.097 +01:00 [INF] Executed endpoint '/Account/Login'
2024-11-04 14:38:06.097 +01:00 [INF] Request finished HTTP/1.1 GET http://localhost:5017/Identity/Account/Login - 200 null text/html; charset=utf-8 65.0215ms
2024-11-04 14:38:06.126 +01:00 [INF] Request starting HTTP/1.1 GET http://localhost:5017/css/Login.css - null null
2024-11-04 14:38:06.148 +01:00 [INF] Sending file. Request path: '/css/Login.css'. Physical path: 'C:\TestMappe\Eksamen\ITPE3200_Exam_project\wwwroot\css\Login.css'
2024-11-04 14:38:06.148 +01:00 [INF] Request finished HTTP/1.1 GET http://localhost:5017/css/Login.css - 200 2392 text/css 21.8798ms
2024-11-04 14:38:06.173 +01:00 [INF] Request starting HTTP/1.1 GET http://localhost:5017/lib/jquery-validation/dist/jquery.validate.min.js - null null
2024-11-04 14:38:06.173 +01:00 [INF] Request starting HTTP/1.1 GET http://localhost:5017/lib/jquery-validation-unobtrusive/jquery.validate.unobtrusive.min.js - null null
2024-11-04 14:38:06.174 +01:00 [INF] Identity.Application was not authenticated. Failure message: Unprotect ticket failed
2024-11-04 14:38:06.174 +01:00 [INF] Identity.Application was not authenticated. Failure message: Unprotect ticket failed
2024-11-04 14:38:06.174 +01:00 [INF] Request finished HTTP/1.1 GET http://localhost:5017/lib/jquery-validation-unobtrusive/jquery.validate.unobtrusive.min.js - 404 0 null 1.3224ms
2024-11-04 14:38:06.174 +01:00 [INF] Request finished HTTP/1.1 GET http://localhost:5017/lib/jquery-validation/dist/jquery.validate.min.js - 404 0 null 1.812ms
2024-11-04 14:38:06.175 +01:00 [INF] Request reached the end of the middleware pipeline without being handled by application code. Request path: GET http://localhost:5017/lib/jquery-validation-unobtrusive/jquery.validate.unobtrusive.min.js, Response status code: 404
2024-11-04 14:38:06.175 +01:00 [INF] Request reached the end of the middleware pipeline without being handled by application code. Request path: GET http://localhost:5017/lib/jquery-validation/dist/jquery.validate.min.js, Response status code: 404
2024-11-04 14:38:15.522 +01:00 [INF] Request starting HTTP/1.1 GET http://localhost:5017/ - null null
2024-11-04 14:38:15.523 +01:00 [INF] Identity.Application was not authenticated. Failure message: Unprotect ticket failed
2024-11-04 14:38:15.523 +01:00 [INF] Executing endpoint 'MyShop.Controllers.HomeController.Index (MyShop)'
2024-11-04 14:38:15.523 +01:00 [INF] Route matched with {action = "Index", controller = "Home", page = "", area = ""}. Executing controller action with signature Microsoft.AspNetCore.Mvc.IActionResult Index() on controller MyShop.Controllers.HomeController (MyShop).
2024-11-04 14:38:15.524 +01:00 [INF] Executing ViewResult, running view Index.
2024-11-04 14:38:15.543 +01:00 [INF] Executed ViewResult - view Index executed in 19.5929ms.
2024-11-04 14:38:15.544 +01:00 [INF] Executed action MyShop.Controllers.HomeController.Index (MyShop) in 20.3453ms
2024-11-04 14:38:15.544 +01:00 [INF] Executed endpoint 'MyShop.Controllers.HomeController.Index (MyShop)'
2024-11-04 14:38:15.544 +01:00 [INF] Request finished HTTP/1.1 GET http://localhost:5017/ - 200 null text/html; charset=utf-8 21.8517ms
2024-11-04 14:38:17.611 +01:00 [INF] Request starting HTTP/1.1 GET http://localhost:5017/Customer/Table - null null
2024-11-04 14:38:17.613 +01:00 [INF] Identity.Application was not authenticated. Failure message: Unprotect ticket failed
2024-11-04 14:38:17.613 +01:00 [INF] Executing endpoint 'MyShop.Controllers.CustomerController.Table (MyShop)'
2024-11-04 14:38:17.622 +01:00 [INF] Route matched with {action = "Table", controller = "Customer", page = "", area = ""}. Executing controller action with signature System.Threading.Tasks.Task`1[Microsoft.AspNetCore.Mvc.IActionResult] Table() on controller MyShop.Controllers.CustomerController (MyShop).
2024-11-04 14:38:17.887 +01:00 [INF] Executing ViewResult, running view Table.
2024-11-04 14:38:18.041 +01:00 [INF] Executed ViewResult - view Table executed in 156.0121ms.
2024-11-04 14:38:18.041 +01:00 [INF] Executed action MyShop.Controllers.CustomerController.Table (MyShop) in 419.1801ms
2024-11-04 14:38:18.042 +01:00 [INF] Executed endpoint 'MyShop.Controllers.CustomerController.Table (MyShop)'
2024-11-04 14:38:18.046 +01:00 [INF] Request finished HTTP/1.1 GET http://localhost:5017/Customer/Table - 200 null text/html; charset=utf-8 434.674ms
2024-11-04 14:38:20.209 +01:00 [INF] Request starting HTTP/1.1 GET http://localhost:5017/Identity/Account/Login - null null
2024-11-04 14:38:20.218 +01:00 [INF] Identity.Application was not authenticated. Failure message: Unprotect ticket failed
2024-11-04 14:38:20.218 +01:00 [INF] Executing endpoint '/Account/Login'
2024-11-04 14:38:20.218 +01:00 [INF] Route matched with {page = "/Account/Login", area = "Identity", action = "", controller = ""}. Executing page /Account/Login
2024-11-04 14:38:20.220 +01:00 [INF] Executing handler method MyShop.Areas.Identity.Pages.Account.LoginModel.OnGetAsync - ModelState is "Valid"
2024-11-04 14:38:20.221 +01:00 [INF] AuthenticationScheme: Identity.External signed out.
2024-11-04 14:38:20.221 +01:00 [INF] Executed handler method OnGetAsync, returned result .
2024-11-04 14:38:20.221 +01:00 [INF] Executing an implicit handler method - ModelState is "Valid"
2024-11-04 14:38:20.221 +01:00 [INF] Executed an implicit handler method, returned result Microsoft.AspNetCore.Mvc.RazorPages.PageResult.
2024-11-04 14:38:20.227 +01:00 [INF] Executed page /Account/Login in 8.4121ms
2024-11-04 14:38:20.227 +01:00 [INF] Executed endpoint '/Account/Login'
2024-11-04 14:38:20.227 +01:00 [INF] Request finished HTTP/1.1 GET http://localhost:5017/Identity/Account/Login - 200 null text/html; charset=utf-8 18.7546ms
2024-11-04 14:38:20.248 +01:00 [INF] Request starting HTTP/1.1 GET http://localhost:5017/css/Login.css - null null
2024-11-04 14:38:20.249 +01:00 [INF] The file /css/Login.css was not modified
2024-11-04 14:38:20.249 +01:00 [INF] Request finished HTTP/1.1 GET http://localhost:5017/css/Login.css - 304 null text/css 1.1964ms
2024-11-04 14:38:20.252 +01:00 [INF] Request starting HTTP/1.1 GET http://localhost:5017/lib/jquery-validation/dist/jquery.validate.min.js - null null
2024-11-04 14:38:20.253 +01:00 [INF] Identity.Application was not authenticated. Failure message: Unprotect ticket failed
2024-11-04 14:38:20.253 +01:00 [INF] Request finished HTTP/1.1 GET http://localhost:5017/lib/jquery-validation/dist/jquery.validate.min.js - 404 0 null 1.0132ms
2024-11-04 14:38:20.254 +01:00 [INF] Request reached the end of the middleware pipeline without being handled by application code. Request path: GET http://localhost:5017/lib/jquery-validation/dist/jquery.validate.min.js, Response status code: 404
2024-11-04 14:38:20.264 +01:00 [INF] Request starting HTTP/1.1 GET http://localhost:5017/lib/jquery-validation-unobtrusive/jquery.validate.unobtrusive.min.js - null null
2024-11-04 14:38:20.265 +01:00 [INF] Identity.Application was not authenticated. Failure message: Unprotect ticket failed
2024-11-04 14:38:20.266 +01:00 [INF] Request finished HTTP/1.1 GET http://localhost:5017/lib/jquery-validation-unobtrusive/jquery.validate.unobtrusive.min.js - 404 0 null 1.3189ms
2024-11-04 14:38:20.266 +01:00 [INF] Request reached the end of the middleware pipeline without being handled by application code. Request path: GET http://localhost:5017/lib/jquery-validation-unobtrusive/jquery.validate.unobtrusive.min.js, Response status code: 404
