2024-10-22 15:04:52.839 +02:00 [INF] User profile is available. Using 'C:\Users\Hadle\AppData\Local\ASP.NET\DataProtection-Keys' as key repository and Windows DPAPI to encrypt keys at rest.
2024-10-22 15:04:52.995 +02:00 [INF] Now listening on: http://localhost:5017
2024-10-22 15:04:52.999 +02:00 [INF] Application started. Press Ctrl+C to shut down.
2024-10-22 15:04:53.000 +02:00 [INF] Hosting environment: Development
2024-10-22 15:04:53.000 +02:00 [INF] Content root path: C:\ITPE3200\ITPE3200_Exam_project-main\ITPE3200_Exam_project-main\ITPE3200_Exam_project
2024-10-22 15:04:54.224 +02:00 [INF] Request starting HTTP/1.1 GET http://localhost:5017/ - null null
2024-10-22 15:04:54.265 +02:00 [INF] Executing endpoint 'MyShop.Controllers.HomeController.Index (MyShop)'
2024-10-22 15:04:54.273 +02:00 [INF] Route matched with {action = "Index", controller = "Home", page = "", area = ""}. Executing controller action with signature Microsoft.AspNetCore.Mvc.IActionResult Index() on controller MyShop.Controllers.HomeController (MyShop).
2024-10-22 15:04:54.280 +02:00 [INF] Executing ViewResult, running view Index.
2024-10-22 15:04:54.353 +02:00 [INF] Executed ViewResult - view Index executed in 73.3497ms.
2024-10-22 15:04:54.355 +02:00 [INF] Executed action MyShop.Controllers.HomeController.Index (MyShop) in 81.4487ms
2024-10-22 15:04:54.355 +02:00 [INF] Executed endpoint 'MyShop.Controllers.HomeController.Index (MyShop)'
2024-10-22 15:04:54.358 +02:00 [INF] Request finished HTTP/1.1 GET http://localhost:5017/ - 200 null text/html; charset=utf-8 135.7076ms
2024-10-22 15:04:55.431 +02:00 [INF] Request starting HTTP/1.1 GET http://localhost:5017/ - null null
2024-10-22 15:04:55.432 +02:00 [INF] Executing endpoint 'MyShop.Controllers.HomeController.Index (MyShop)'
2024-10-22 15:04:55.432 +02:00 [INF] Route matched with {action = "Index", controller = "Home", page = "", area = ""}. Executing controller action with signature Microsoft.AspNetCore.Mvc.IActionResult Index() on controller MyShop.Controllers.HomeController (MyShop).
2024-10-22 15:04:55.433 +02:00 [INF] Executing ViewResult, running view Index.
2024-10-22 15:04:55.440 +02:00 [INF] Executed ViewResult - view Index executed in 7.0305ms.
2024-10-22 15:04:55.440 +02:00 [INF] Executed action MyShop.Controllers.HomeController.Index (MyShop) in 7.5514ms
2024-10-22 15:04:55.440 +02:00 [INF] Executed endpoint 'MyShop.Controllers.HomeController.Index (MyShop)'
2024-10-22 15:04:55.440 +02:00 [INF] Request finished HTTP/1.1 GET http://localhost:5017/ - 200 null text/html; charset=utf-8 9.7983ms
2024-10-22 15:04:56.540 +02:00 [INF] Request starting HTTP/1.1 GET http://localhost:5017/Item/Grid - null null
2024-10-22 15:04:56.543 +02:00 [INF] Executing endpoint 'MyShop.Controllers.ItemController.Grid (MyShop)'
2024-10-22 15:04:56.548 +02:00 [INF] Route matched with {action = "Grid", controller = "Item", page = "", area = ""}. Executing controller action with signature System.Threading.Tasks.Task`1[Microsoft.AspNetCore.Mvc.IActionResult] Grid() on controller MyShop.Controllers.ItemController (MyShop).
2024-10-22 15:04:56.651 +02:00 [INF] Executing ViewResult, running view Grid.
2024-10-22 15:04:56.662 +02:00 [INF] Executed ViewResult - view Grid executed in 11.6348ms.
2024-10-22 15:04:56.662 +02:00 [INF] Executed action MyShop.Controllers.ItemController.Grid (MyShop) in 114.4171ms
2024-10-22 15:04:56.662 +02:00 [INF] Executed endpoint 'MyShop.Controllers.ItemController.Grid (MyShop)'
2024-10-22 15:04:56.665 +02:00 [INF] Request finished HTTP/1.1 GET http://localhost:5017/Item/Grid - 200 null text/html; charset=utf-8 124.935ms
2024-10-22 15:05:00.240 +02:00 [INF] Request starting HTTP/1.1 GET http://localhost:5017/Item/Table - null null
2024-10-22 15:05:00.242 +02:00 [INF] Executing endpoint 'MyShop.Controllers.ItemController.Table (MyShop)'
2024-10-22 15:05:00.245 +02:00 [INF] Route matched with {action = "Table", controller = "Item", page = "", area = ""}. Executing controller action with signature System.Threading.Tasks.Task`1[Microsoft.AspNetCore.Mvc.IActionResult] Table() on controller MyShop.Controllers.ItemController (MyShop).
2024-10-22 15:05:00.286 +02:00 [INF] Executing ViewResult, running view Table.
2024-10-22 15:05:00.295 +02:00 [INF] Executed ViewResult - view Table executed in 9.5428ms.
2024-10-22 15:05:00.295 +02:00 [INF] Executed action MyShop.Controllers.ItemController.Table (MyShop) in 50.1512ms
2024-10-22 15:05:00.295 +02:00 [INF] Executed endpoint 'MyShop.Controllers.ItemController.Table (MyShop)'
2024-10-22 15:05:00.295 +02:00 [INF] Request finished HTTP/1.1 GET http://localhost:5017/Item/Table - 200 null text/html; charset=utf-8 55.0804ms
2024-10-22 15:05:02.363 +02:00 [INF] Request starting HTTP/1.1 GET http://localhost:5017/Item/Grid - null null
2024-10-22 15:05:02.363 +02:00 [INF] Executing endpoint 'MyShop.Controllers.ItemController.Grid (MyShop)'
2024-10-22 15:05:02.363 +02:00 [INF] Route matched with {action = "Grid", controller = "Item", page = "", area = ""}. Executing controller action with signature System.Threading.Tasks.Task`1[Microsoft.AspNetCore.Mvc.IActionResult] Grid() on controller MyShop.Controllers.ItemController (MyShop).
2024-10-22 15:05:02.366 +02:00 [INF] Executing ViewResult, running view Grid.
2024-10-22 15:05:02.368 +02:00 [INF] Executed ViewResult - view Grid executed in 1.8395ms.
2024-10-22 15:05:02.368 +02:00 [INF] Executed action MyShop.Controllers.ItemController.Grid (MyShop) in 4.979ms
2024-10-22 15:05:02.368 +02:00 [INF] Executed endpoint 'MyShop.Controllers.ItemController.Grid (MyShop)'
2024-10-22 15:05:02.368 +02:00 [INF] Request finished HTTP/1.1 GET http://localhost:5017/Item/Grid - 200 null text/html; charset=utf-8 5.707ms
2024-10-22 15:05:07.484 +02:00 [INF] Request starting HTTP/1.1 GET http://localhost:5017/Item/Grid - null null
2024-10-22 15:05:07.484 +02:00 [INF] Executing endpoint 'MyShop.Controllers.ItemController.Grid (MyShop)'
2024-10-22 15:05:07.484 +02:00 [INF] Route matched with {action = "Grid", controller = "Item", page = "", area = ""}. Executing controller action with signature System.Threading.Tasks.Task`1[Microsoft.AspNetCore.Mvc.IActionResult] Grid() on controller MyShop.Controllers.ItemController (MyShop).
2024-10-22 15:05:07.486 +02:00 [INF] Executing ViewResult, running view Grid.
2024-10-22 15:05:07.486 +02:00 [INF] Executed ViewResult - view Grid executed in 0.6196ms.
2024-10-22 15:05:07.486 +02:00 [INF] Executed action MyShop.Controllers.ItemController.Grid (MyShop) in 2.057ms
2024-10-22 15:05:07.486 +02:00 [INF] Executed endpoint 'MyShop.Controllers.ItemController.Grid (MyShop)'
2024-10-22 15:05:07.486 +02:00 [INF] Request finished HTTP/1.1 GET http://localhost:5017/Item/Grid - 200 null text/html; charset=utf-8 2.6916ms
2024-10-22 15:05:14.353 +02:00 [INF] Application is shutting down...
