2024-11-04 15:12:06.790 +01:00 [INF] User profile is available. Using 'C:\Users\jovan\AppData\Local\ASP.NET\DataProtection-Keys' as key repository and Windows DPAPI to encrypt keys at rest.
2024-11-04 15:12:06.913 +01:00 [INF] Now listening on: http://localhost:5017
2024-11-04 15:12:06.916 +01:00 [INF] Application started. Press Ctrl+C to shut down.
2024-11-04 15:12:06.917 +01:00 [INF] Hosting environment: Development
2024-11-04 15:12:06.917 +01:00 [INF] Content root path: C:\TestMappe\Eksamen\ITPE3200_Exam_project
2024-11-04 15:12:09.610 +01:00 [INF] Request starting HTTP/1.1 GET http://localhost:5017/ - null null
2024-11-04 15:12:09.649 +01:00 [INF] Identity.Application was not authenticated. Failure message: Unprotect ticket failed
2024-11-04 15:12:09.654 +01:00 [INF] Executing endpoint 'MyShop.Controllers.HomeController.Index (MyShop)'
2024-11-04 15:12:09.665 +01:00 [INF] Route matched with {action = "Index", controller = "Home", page = "", area = ""}. Executing controller action with signature Microsoft.AspNetCore.Mvc.IActionResult Index() on controller MyShop.Controllers.HomeController (MyShop).
2024-11-04 15:12:09.670 +01:00 [INF] Executing ViewResult, running view Index.
2024-11-04 15:12:09.750 +01:00 [INF] Executed ViewResult - view Index executed in 79.6444ms.
2024-11-04 15:12:09.752 +01:00 [INF] Executed action MyShop.Controllers.HomeController.Index (MyShop) in 86.7687ms
2024-11-04 15:12:09.752 +01:00 [INF] Executed endpoint 'MyShop.Controllers.HomeController.Index (MyShop)'
2024-11-04 15:12:09.757 +01:00 [INF] Request finished HTTP/1.1 GET http://localhost:5017/ - 200 null text/html; charset=utf-8 147.4286ms
2024-11-04 15:12:12.673 +01:00 [INF] Request starting HTTP/1.1 GET http://localhost:5017/Identity/Account/Login - null null
2024-11-04 15:12:12.676 +01:00 [INF] Identity.Application was not authenticated. Failure message: Unprotect ticket failed
2024-11-04 15:12:12.676 +01:00 [INF] Executing endpoint '/Account/Login'
2024-11-04 15:12:12.690 +01:00 [INF] Route matched with {page = "/Account/Login", area = "Identity", action = "", controller = ""}. Executing page /Account/Login
2024-11-04 15:12:12.703 +01:00 [INF] Executing handler method MyShop.Areas.Identity.Pages.Account.LoginModel.OnGetAsync - ModelState is "Valid"
2024-11-04 15:12:12.708 +01:00 [INF] AuthenticationScheme: Identity.External signed out.
2024-11-04 15:12:12.708 +01:00 [INF] Executed handler method OnGetAsync, returned result .
2024-11-04 15:12:12.710 +01:00 [INF] Executing an implicit handler method - ModelState is "Valid"
2024-11-04 15:12:12.710 +01:00 [INF] Executed an implicit handler method, returned result Microsoft.AspNetCore.Mvc.RazorPages.PageResult.
2024-11-04 15:12:12.736 +01:00 [INF] Executed page /Account/Login in 45.8937ms
2024-11-04 15:12:12.736 +01:00 [INF] Executed endpoint '/Account/Login'
2024-11-04 15:12:12.737 +01:00 [INF] Request finished HTTP/1.1 GET http://localhost:5017/Identity/Account/Login - 200 null text/html; charset=utf-8 63.6527ms
2024-11-04 15:12:12.768 +01:00 [INF] Request starting HTTP/1.1 GET http://localhost:5017/css/Login.css - null null
2024-11-04 15:12:12.784 +01:00 [INF] Sending file. Request path: '/css/Login.css'. Physical path: 'C:\TestMappe\Eksamen\ITPE3200_Exam_project\wwwroot\css\Login.css'
2024-11-04 15:12:12.784 +01:00 [INF] Request finished HTTP/1.1 GET http://localhost:5017/css/Login.css - 200 3097 text/css 16.0246ms
2024-11-04 15:12:12.809 +01:00 [INF] Request starting HTTP/1.1 GET http://localhost:5017/lib/jquery-validation/dist/jquery.validate.min.js - null null
2024-11-04 15:12:12.812 +01:00 [INF] Identity.Application was not authenticated. Failure message: Unprotect ticket failed
2024-11-04 15:12:12.812 +01:00 [INF] Request finished HTTP/1.1 GET http://localhost:5017/lib/jquery-validation/dist/jquery.validate.min.js - 404 0 null 2.9217ms
2024-11-04 15:12:12.813 +01:00 [INF] Request reached the end of the middleware pipeline without being handled by application code. Request path: GET http://localhost:5017/lib/jquery-validation/dist/jquery.validate.min.js, Response status code: 404
2024-11-04 15:12:12.820 +01:00 [INF] Request starting HTTP/1.1 GET http://localhost:5017/lib/jquery-validation-unobtrusive/jquery.validate.unobtrusive.min.js - null null
2024-11-04 15:12:12.821 +01:00 [INF] Identity.Application was not authenticated. Failure message: Unprotect ticket failed
2024-11-04 15:12:12.822 +01:00 [INF] Request finished HTTP/1.1 GET http://localhost:5017/lib/jquery-validation-unobtrusive/jquery.validate.unobtrusive.min.js - 404 0 null 1.3275ms
2024-11-04 15:12:12.822 +01:00 [INF] Request reached the end of the middleware pipeline without being handled by application code. Request path: GET http://localhost:5017/lib/jquery-validation-unobtrusive/jquery.validate.unobtrusive.min.js, Response status code: 404
