2024-11-04 10:32:08.656 +01:00 [INF] User profile is available. Using 'C:\Users\Hadle\AppData\Local\ASP.NET\DataProtection-Keys' as key repository and Windows DPAPI to encrypt keys at rest.
2024-11-04 10:32:08.819 +01:00 [INF] Now listening on: http://localhost:5017
2024-11-04 10:32:08.823 +01:00 [INF] Application started. Press Ctrl+C to shut down.
2024-11-04 10:32:08.823 +01:00 [INF] Hosting environment: Development
2024-11-04 10:32:08.824 +01:00 [INF] Content root path: C:\ITPE3200\ITPE3200_Exam_project-main\ITPE3200_Exam_project-main\ITPE3200_Exam_project
2024-11-04 10:32:10.261 +01:00 [INF] Request starting HTTP/1.1 GET http://localhost:5017/ - null null
2024-11-04 10:32:10.296 +01:00 [INF] Executing endpoint 'MyShop.Controllers.HomeController.Index (MyShop)'
2024-11-04 10:32:10.304 +01:00 [INF] Route matched with {action = "Index", controller = "Home", page = "", area = ""}. Executing controller action with signature Microsoft.AspNetCore.Mvc.IActionResult Index() on controller MyShop.Controllers.HomeController (MyShop).
2024-11-04 10:32:10.311 +01:00 [INF] Executing ViewResult, running view Index.
2024-11-04 10:32:10.388 +01:00 [INF] Executed ViewResult - view Index executed in 77.7564ms.
2024-11-04 10:32:10.390 +01:00 [INF] Executed action MyShop.Controllers.HomeController.Index (MyShop) in 85.7346ms
2024-11-04 10:32:10.391 +01:00 [INF] Executed endpoint 'MyShop.Controllers.HomeController.Index (MyShop)'
2024-11-04 10:32:10.394 +01:00 [INF] Request finished HTTP/1.1 GET http://localhost:5017/ - 200 null text/html; charset=utf-8 134.2985ms
2024-11-04 10:32:12.588 +01:00 [INF] Request starting HTTP/1.1 GET http://localhost:5017/Identity/Account/Login - null null
2024-11-04 10:32:12.591 +01:00 [INF] Executing endpoint '/Account/Login'
2024-11-04 10:32:12.605 +01:00 [INF] Route matched with {page = "/Account/Login", area = "Identity", action = "", controller = ""}. Executing page /Account/Login
2024-11-04 10:32:12.618 +01:00 [INF] Executing handler method MyShop.Areas.Identity.Pages.Account.LoginModel.OnGetAsync - ModelState is "Valid"
2024-11-04 10:32:12.622 +01:00 [INF] AuthenticationScheme: Identity.External signed out.
2024-11-04 10:32:12.623 +01:00 [INF] Executed handler method OnGetAsync, returned result .
2024-11-04 10:32:12.625 +01:00 [INF] Executing an implicit handler method - ModelState is "Valid"
2024-11-04 10:32:12.625 +01:00 [INF] Executed an implicit handler method, returned result Microsoft.AspNetCore.Mvc.RazorPages.PageResult.
2024-11-04 10:32:12.663 +01:00 [INF] Executed page /Account/Login in 56.8568ms
2024-11-04 10:32:12.663 +01:00 [INF] Executed endpoint '/Account/Login'
2024-11-04 10:32:12.663 +01:00 [INF] Request finished HTTP/1.1 GET http://localhost:5017/Identity/Account/Login - 200 null text/html; charset=utf-8 74.5414ms
2024-11-04 10:32:12.684 +01:00 [INF] Request starting HTTP/1.1 GET http://localhost:5017/lib/jquery-validation/dist/jquery.validate.min.js - null null
2024-11-04 10:32:12.687 +01:00 [INF] Request finished HTTP/1.1 GET http://localhost:5017/lib/jquery-validation/dist/jquery.validate.min.js - 404 0 null 3.0365ms
2024-11-04 10:32:12.688 +01:00 [INF] Request starting HTTP/1.1 GET http://localhost:5017/lib/jquery-validation-unobtrusive/jquery.validate.unobtrusive.min.js - null null
2024-11-04 10:32:12.688 +01:00 [INF] Request reached the end of the middleware pipeline without being handled by application code. Request path: GET http://localhost:5017/lib/jquery-validation/dist/jquery.validate.min.js, Response status code: 404
2024-11-04 10:32:12.689 +01:00 [INF] Request finished HTTP/1.1 GET http://localhost:5017/lib/jquery-validation-unobtrusive/jquery.validate.unobtrusive.min.js - 404 0 null 0.5127ms
2024-11-04 10:32:12.689 +01:00 [INF] Request reached the end of the middleware pipeline without being handled by application code. Request path: GET http://localhost:5017/lib/jquery-validation-unobtrusive/jquery.validate.unobtrusive.min.js, Response status code: 404
2024-11-04 10:34:00.191 +01:00 [INF] Application is shutting down...
