2024-11-04 12:38:03.545 +01:00 [INF] User profile is available. Using 'C:\Users\Hadle\AppData\Local\ASP.NET\DataProtection-Keys' as key repository and Windows DPAPI to encrypt keys at rest.
2024-11-04 12:38:03.682 +01:00 [INF] Now listening on: http://localhost:5017
2024-11-04 12:38:03.686 +01:00 [INF] Application started. Press Ctrl+C to shut down.
2024-11-04 12:38:03.686 +01:00 [INF] Hosting environment: Development
2024-11-04 12:38:03.686 +01:00 [INF] Content root path: C:\ITPE3200\ITPE3200_Exam_project-main\ITPE3200_Exam_project-main\ITPE3200_Exam_project
2024-11-04 12:38:04.891 +01:00 [INF] Request starting HTTP/1.1 GET http://localhost:5017/ - null null
2024-11-04 12:38:04.943 +01:00 [INF] Executing endpoint 'MyShop.Controllers.HomeController.Index (MyShop)'
2024-11-04 12:38:04.952 +01:00 [INF] Route matched with {action = "Index", controller = "Home", page = "", area = ""}. Executing controller action with signature Microsoft.AspNetCore.Mvc.IActionResult Index() on controller MyShop.Controllers.HomeController (MyShop).
2024-11-04 12:38:04.959 +01:00 [INF] Executing ViewResult, running view Index.
2024-11-04 12:38:05.026 +01:00 [INF] Executed ViewResult - view Index executed in 68.3239ms.
2024-11-04 12:38:05.027 +01:00 [INF] Executed action MyShop.Controllers.HomeController.Index (MyShop) in 74.6406ms
2024-11-04 12:38:05.027 +01:00 [INF] Executed endpoint 'MyShop.Controllers.HomeController.Index (MyShop)'
2024-11-04 12:38:05.030 +01:00 [INF] Request finished HTTP/1.1 GET http://localhost:5017/ - 200 null text/html; charset=utf-8 140.9996ms
2024-11-04 12:38:07.844 +01:00 [INF] Request starting HTTP/1.1 GET http://localhost:5017/Create - null null
2024-11-04 12:38:07.850 +01:00 [INF] Request finished HTTP/1.1 GET http://localhost:5017/Create - 404 0 null 5.6933ms
2024-11-04 12:38:07.851 +01:00 [INF] Request reached the end of the middleware pipeline without being handled by application code. Request path: GET http://localhost:5017/Create, Response status code: 404
2024-11-04 12:38:10.626 +01:00 [INF] Request starting HTTP/1.1 GET http://localhost:5017/ - null null
2024-11-04 12:38:10.641 +01:00 [INF] Executing endpoint 'MyShop.Controllers.HomeController.Index (MyShop)'
2024-11-04 12:38:10.642 +01:00 [INF] Route matched with {action = "Index", controller = "Home", page = "", area = ""}. Executing controller action with signature Microsoft.AspNetCore.Mvc.IActionResult Index() on controller MyShop.Controllers.HomeController (MyShop).
2024-11-04 12:38:10.643 +01:00 [INF] Executing ViewResult, running view Index.
2024-11-04 12:38:10.649 +01:00 [INF] Executed ViewResult - view Index executed in 6.5522ms.
2024-11-04 12:38:10.649 +01:00 [INF] Executed action MyShop.Controllers.HomeController.Index (MyShop) in 7.5206ms
2024-11-04 12:38:10.649 +01:00 [INF] Executed endpoint 'MyShop.Controllers.HomeController.Index (MyShop)'
2024-11-04 12:38:10.649 +01:00 [INF] Request finished HTTP/1.1 GET http://localhost:5017/ - 200 null text/html; charset=utf-8 23.2053ms
2024-11-04 12:38:11.914 +01:00 [INF] Request starting HTTP/1.1 GET http://localhost:5017/Create - null null
2024-11-04 12:38:11.915 +01:00 [INF] Request finished HTTP/1.1 GET http://localhost:5017/Create - 404 0 null 1.3142ms
2024-11-04 12:38:11.915 +01:00 [INF] Request reached the end of the middleware pipeline without being handled by application code. Request path: GET http://localhost:5017/Create, Response status code: 404
2024-11-04 12:38:59.142 +01:00 [INF] Request starting HTTP/1.1 GET http://localhost:5017/ - null null
2024-11-04 12:38:59.143 +01:00 [INF] Executing endpoint 'MyShop.Controllers.HomeController.Index (MyShop)'
2024-11-04 12:38:59.143 +01:00 [INF] Route matched with {action = "Index", controller = "Home", page = "", area = ""}. Executing controller action with signature Microsoft.AspNetCore.Mvc.IActionResult Index() on controller MyShop.Controllers.HomeController (MyShop).
2024-11-04 12:38:59.144 +01:00 [INF] Executing ViewResult, running view Index.
2024-11-04 12:38:59.145 +01:00 [INF] Executed ViewResult - view Index executed in 1.0196ms.
2024-11-04 12:38:59.145 +01:00 [INF] Executed action MyShop.Controllers.HomeController.Index (MyShop) in 1.2195ms
2024-11-04 12:38:59.145 +01:00 [INF] Executed endpoint 'MyShop.Controllers.HomeController.Index (MyShop)'
2024-11-04 12:38:59.145 +01:00 [INF] Request finished HTTP/1.1 GET http://localhost:5017/ - 200 null text/html; charset=utf-8 2.3423ms
2024-11-04 12:39:00.689 +01:00 [INF] Request starting HTTP/1.1 GET http://localhost:5017/Item/Grid - null null
2024-11-04 12:39:00.690 +01:00 [INF] Executing endpoint 'MyShop.Controllers.ItemController.Grid (MyShop)'
2024-11-04 12:39:00.694 +01:00 [INF] Route matched with {action = "Grid", controller = "Item", page = "", area = ""}. Executing controller action with signature System.Threading.Tasks.Task`1[Microsoft.AspNetCore.Mvc.IActionResult] Grid() on controller MyShop.Controllers.ItemController (MyShop).
2024-11-04 12:39:00.794 +01:00 [INF] Executing ViewResult, running view Grid.
2024-11-04 12:39:00.798 +01:00 [INF] Executed ViewResult - view Grid executed in 4.707ms.
2024-11-04 12:39:00.798 +01:00 [INF] Executed action MyShop.Controllers.ItemController.Grid (MyShop) in 103.8676ms
2024-11-04 12:39:00.798 +01:00 [INF] Executed endpoint 'MyShop.Controllers.ItemController.Grid (MyShop)'
2024-11-04 12:39:00.801 +01:00 [INF] Request finished HTTP/1.1 GET http://localhost:5017/Item/Grid - 200 null text/html; charset=utf-8 112.5466ms
2024-11-04 12:39:01.398 +01:00 [INF] Request starting HTTP/1.1 GET http://localhost:5017/ - null null
2024-11-04 12:39:01.399 +01:00 [INF] Executing endpoint 'MyShop.Controllers.HomeController.Index (MyShop)'
2024-11-04 12:39:01.399 +01:00 [INF] Route matched with {action = "Index", controller = "Home", page = "", area = ""}. Executing controller action with signature Microsoft.AspNetCore.Mvc.IActionResult Index() on controller MyShop.Controllers.HomeController (MyShop).
2024-11-04 12:39:01.399 +01:00 [INF] Executing ViewResult, running view Index.
2024-11-04 12:39:01.400 +01:00 [INF] Executed ViewResult - view Index executed in 0.8338ms.
2024-11-04 12:39:01.400 +01:00 [INF] Executed action MyShop.Controllers.HomeController.Index (MyShop) in 0.9532ms
2024-11-04 12:39:01.400 +01:00 [INF] Executed endpoint 'MyShop.Controllers.HomeController.Index (MyShop)'
2024-11-04 12:39:01.400 +01:00 [INF] Request finished HTTP/1.1 GET http://localhost:5017/ - 200 null text/html; charset=utf-8 1.9516ms
2024-11-04 12:40:17.021 +01:00 [INF] Request starting HTTP/1.1 GET http://localhost:5017/js/bootstrap.js.map - null null
2024-11-04 12:40:17.023 +01:00 [INF] Request finished HTTP/1.1 GET http://localhost:5017/js/bootstrap.js.map - 404 0 null 1.6093ms
2024-11-04 12:40:17.023 +01:00 [INF] Request reached the end of the middleware pipeline without being handled by application code. Request path: GET http://localhost:5017/js/bootstrap.js.map, Response status code: 404
2024-11-04 12:42:25.316 +01:00 [INF] Request starting HTTP/1.1 GET http://localhost:5017/Customer/Table - null null
2024-11-04 12:42:25.318 +01:00 [INF] Executing endpoint 'MyShop.Controllers.CustomerController.Table (MyShop)'
2024-11-04 12:42:25.320 +01:00 [INF] Route matched with {action = "Table", controller = "Customer", page = "", area = ""}. Executing controller action with signature System.Threading.Tasks.Task`1[Microsoft.AspNetCore.Mvc.IActionResult] Table() on controller MyShop.Controllers.CustomerController (MyShop).
2024-11-04 12:42:25.367 +01:00 [INF] Executing ViewResult, running view Table.
2024-11-04 12:42:25.422 +01:00 [INF] Executed ViewResult - view Table executed in 55.819ms.
2024-11-04 12:42:25.423 +01:00 [INF] Executed action MyShop.Controllers.CustomerController.Table (MyShop) in 101.893ms
2024-11-04 12:42:25.423 +01:00 [INF] Executed endpoint 'MyShop.Controllers.CustomerController.Table (MyShop)'
2024-11-04 12:42:25.423 +01:00 [INF] Request finished HTTP/1.1 GET http://localhost:5017/Customer/Table - 200 null text/html; charset=utf-8 106.3123ms
2024-11-04 12:42:25.806 +01:00 [INF] Request starting HTTP/1.1 GET http://localhost:5017/Item/Grid - null null
2024-11-04 12:42:25.807 +01:00 [INF] Executing endpoint 'MyShop.Controllers.ItemController.Grid (MyShop)'
2024-11-04 12:42:25.807 +01:00 [INF] Route matched with {action = "Grid", controller = "Item", page = "", area = ""}. Executing controller action with signature System.Threading.Tasks.Task`1[Microsoft.AspNetCore.Mvc.IActionResult] Grid() on controller MyShop.Controllers.ItemController (MyShop).
2024-11-04 12:42:25.810 +01:00 [INF] Executing ViewResult, running view Grid.
2024-11-04 12:42:25.811 +01:00 [INF] Executed ViewResult - view Grid executed in 1.3675ms.
2024-11-04 12:42:25.811 +01:00 [INF] Executed action MyShop.Controllers.ItemController.Grid (MyShop) in 3.4682ms
2024-11-04 12:42:25.811 +01:00 [INF] Executed endpoint 'MyShop.Controllers.ItemController.Grid (MyShop)'
2024-11-04 12:42:25.811 +01:00 [INF] Request finished HTTP/1.1 GET http://localhost:5017/Item/Grid - 200 null text/html; charset=utf-8 5.4245ms
2024-11-04 12:42:26.946 +01:00 [INF] Request starting HTTP/1.1 GET http://localhost:5017/Item/Table - null null
2024-11-04 12:42:26.946 +01:00 [INF] Executing endpoint 'MyShop.Controllers.ItemController.Table (MyShop)'
2024-11-04 12:42:26.949 +01:00 [INF] Route matched with {action = "Table", controller = "Item", page = "", area = ""}. Executing controller action with signature System.Threading.Tasks.Task`1[Microsoft.AspNetCore.Mvc.IActionResult] Table() on controller MyShop.Controllers.ItemController (MyShop).
2024-11-04 12:42:26.952 +01:00 [INF] Executing ViewResult, running view Table.
2024-11-04 12:42:26.960 +01:00 [INF] Executed ViewResult - view Table executed in 8.5109ms.
2024-11-04 12:42:26.960 +01:00 [INF] Executed action MyShop.Controllers.ItemController.Table (MyShop) in 11.2639ms
2024-11-04 12:42:26.960 +01:00 [INF] Executed endpoint 'MyShop.Controllers.ItemController.Table (MyShop)'
2024-11-04 12:42:26.961 +01:00 [INF] Request finished HTTP/1.1 GET http://localhost:5017/Item/Table - 200 null text/html; charset=utf-8 14.8113ms
2024-11-04 12:42:28.007 +01:00 [INF] Request starting HTTP/1.1 GET http://localhost:5017/Item/Create - null null
2024-11-04 12:42:28.014 +01:00 [INF] Executing endpoint 'MyShop.Controllers.ItemController.Create (MyShop)'
2024-11-04 12:42:28.015 +01:00 [INF] Route matched with {action = "Create", controller = "Item", page = "", area = ""}. Executing controller action with signature Microsoft.AspNetCore.Mvc.IActionResult Create() on controller MyShop.Controllers.ItemController (MyShop).
2024-11-04 12:42:28.016 +01:00 [INF] Executing ViewResult, running view Create.
2024-11-04 12:42:28.051 +01:00 [INF] Executed ViewResult - view Create executed in 35.5586ms.
2024-11-04 12:42:28.051 +01:00 [INF] Executed action MyShop.Controllers.ItemController.Create (MyShop) in 35.7946ms
2024-11-04 12:42:28.051 +01:00 [INF] Executed endpoint 'MyShop.Controllers.ItemController.Create (MyShop)'
2024-11-04 12:42:28.051 +01:00 [INF] Request finished HTTP/1.1 GET http://localhost:5017/Item/Create - 200 null text/html; charset=utf-8 43.5183ms
2024-11-04 12:43:38.660 +01:00 [INF] Application is shutting down...
