2024-10-18 10:53:53.055 +02:00 [INF] User profile is available. Using 'C:\Users\jovan\AppData\Local\ASP.NET\DataProtection-Keys' as key repository and Windows DPAPI to encrypt keys at rest.
2024-10-18 10:53:53.096 +02:00 [INF] Now listening on: http://localhost:5017
2024-10-18 10:53:53.099 +02:00 [INF] Application started. Press Ctrl+C to shut down.
2024-10-18 10:53:53.099 +02:00 [INF] Hosting environment: Development
2024-10-18 10:53:53.099 +02:00 [INF] Content root path: C:\TestMappe\ITPE3200_Exam_project
2024-10-18 10:53:55.692 +02:00 [INF] Request starting HTTP/1.1 GET http://localhost:5017/ - null null
2024-10-18 10:53:55.712 +02:00 [INF] Executing endpoint 'MyShop.Controllers.HomeController.Index (MyShop)'
2024-10-18 10:53:55.718 +02:00 [INF] Route matched with {action = "Index", controller = "Home"}. Executing controller action with signature Microsoft.AspNetCore.Mvc.IActionResult Index() on controller MyShop.Controllers.HomeController (MyShop).
2024-10-18 10:53:55.727 +02:00 [INF] Executing ViewResult, running view Index.
2024-10-18 10:53:55.776 +02:00 [INF] Executed ViewResult - view Index executed in 48.8716ms.
2024-10-18 10:53:55.777 +02:00 [INF] Executed action MyShop.Controllers.HomeController.Index (MyShop) in 58.531ms
2024-10-18 10:53:55.778 +02:00 [INF] Executed endpoint 'MyShop.Controllers.HomeController.Index (MyShop)'
2024-10-18 10:53:55.780 +02:00 [INF] Request finished HTTP/1.1 GET http://localhost:5017/ - 200 null text/html; charset=utf-8 88.879ms
2024-10-18 10:53:58.107 +02:00 [INF] Request starting HTTP/1.1 GET http://localhost:5017/Item/Table - null null
2024-10-18 10:53:58.110 +02:00 [INF] Executing endpoint 'MyShop.Controllers.ItemController.Table (MyShop)'
2024-10-18 10:53:58.115 +02:00 [INF] Route matched with {action = "Table", controller = "Item"}. Executing controller action with signature System.Threading.Tasks.Task`1[Microsoft.AspNetCore.Mvc.IActionResult] Table() on controller MyShop.Controllers.ItemController (MyShop).
2024-10-18 10:53:58.216 +02:00 [INF] Executing ViewResult, running view Table.
2024-10-18 10:53:58.229 +02:00 [INF] Executed ViewResult - view Table executed in 14.0907ms.
2024-10-18 10:53:58.229 +02:00 [INF] Executed action MyShop.Controllers.ItemController.Table (MyShop) in 114.0834ms
2024-10-18 10:53:58.229 +02:00 [INF] Executed endpoint 'MyShop.Controllers.ItemController.Table (MyShop)'
2024-10-18 10:53:58.234 +02:00 [INF] Request finished HTTP/1.1 GET http://localhost:5017/Item/Table - 200 null text/html; charset=utf-8 126.3593ms
2024-10-18 10:54:00.101 +02:00 [INF] Request starting HTTP/1.1 GET http://localhost:5017/Item/Create - null null
2024-10-18 10:54:00.104 +02:00 [INF] Executing endpoint 'MyShop.Controllers.ItemController.Create (MyShop)'
2024-10-18 10:54:00.106 +02:00 [INF] Route matched with {action = "Create", controller = "Item"}. Executing controller action with signature Microsoft.AspNetCore.Mvc.IActionResult Create() on controller MyShop.Controllers.ItemController (MyShop).
2024-10-18 10:54:00.107 +02:00 [INF] Executing ViewResult, running view Create.
2024-10-18 10:54:00.143 +02:00 [INF] Executed ViewResult - view Create executed in 36.2969ms.
2024-10-18 10:54:00.143 +02:00 [INF] Executed action MyShop.Controllers.ItemController.Create (MyShop) in 37.3253ms
2024-10-18 10:54:00.143 +02:00 [INF] Executed endpoint 'MyShop.Controllers.ItemController.Create (MyShop)'
2024-10-18 10:54:00.143 +02:00 [INF] Request finished HTTP/1.1 GET http://localhost:5017/Item/Create - 200 null text/html; charset=utf-8 42.0703ms
2024-10-18 10:59:17.890 +02:00 [INF] Request starting HTTP/1.1 GET http://localhost:5017/Item/Table - null null
2024-10-18 10:59:17.890 +02:00 [INF] Executing endpoint 'MyShop.Controllers.ItemController.Table (MyShop)'
2024-10-18 10:59:17.890 +02:00 [INF] Route matched with {action = "Table", controller = "Item"}. Executing controller action with signature System.Threading.Tasks.Task`1[Microsoft.AspNetCore.Mvc.IActionResult] Table() on controller MyShop.Controllers.ItemController (MyShop).
2024-10-18 10:59:17.945 +02:00 [INF] Executing ViewResult, running view Table.
2024-10-18 10:59:17.946 +02:00 [INF] Executed ViewResult - view Table executed in 1.9372ms.
2024-10-18 10:59:17.947 +02:00 [INF] Executed action MyShop.Controllers.ItemController.Table (MyShop) in 56.105ms
2024-10-18 10:59:17.947 +02:00 [INF] Executed endpoint 'MyShop.Controllers.ItemController.Table (MyShop)'
2024-10-18 10:59:17.947 +02:00 [INF] Request finished HTTP/1.1 GET http://localhost:5017/Item/Table - 200 null text/html; charset=utf-8 57.2889ms
2024-10-18 10:59:19.304 +02:00 [INF] Request starting HTTP/1.1 GET http://localhost:5017/Item/Grid - null null
2024-10-18 10:59:19.304 +02:00 [INF] Executing endpoint 'MyShop.Controllers.ItemController.Grid (MyShop)'
2024-10-18 10:59:19.308 +02:00 [INF] Route matched with {action = "Grid", controller = "Item"}. Executing controller action with signature System.Threading.Tasks.Task`1[Microsoft.AspNetCore.Mvc.IActionResult] Grid() on controller MyShop.Controllers.ItemController (MyShop).
2024-10-18 10:59:19.312 +02:00 [INF] Executing ViewResult, running view Grid.
2024-10-18 10:59:19.314 +02:00 [INF] Executed ViewResult - view Grid executed in 3.0421ms.
2024-10-18 10:59:19.315 +02:00 [INF] Executed action MyShop.Controllers.ItemController.Grid (MyShop) in 6.3037ms
2024-10-18 10:59:19.315 +02:00 [INF] Executed endpoint 'MyShop.Controllers.ItemController.Grid (MyShop)'
2024-10-18 10:59:19.315 +02:00 [INF] Request finished HTTP/1.1 GET http://localhost:5017/Item/Grid - 200 null text/html; charset=utf-8 10.7516ms
2024-10-18 10:59:36.185 +02:00 [INF] Request starting HTTP/1.1 GET http://localhost:5017/Item/Table - null null
2024-10-18 10:59:36.186 +02:00 [INF] Executing endpoint 'MyShop.Controllers.ItemController.Table (MyShop)'
2024-10-18 10:59:36.187 +02:00 [INF] Route matched with {action = "Table", controller = "Item"}. Executing controller action with signature System.Threading.Tasks.Task`1[Microsoft.AspNetCore.Mvc.IActionResult] Table() on controller MyShop.Controllers.ItemController (MyShop).
2024-10-18 10:59:36.190 +02:00 [INF] Executing ViewResult, running view Table.
2024-10-18 10:59:36.195 +02:00 [INF] Executed ViewResult - view Table executed in 4.9742ms.
2024-10-18 10:59:36.195 +02:00 [INF] Executed action MyShop.Controllers.ItemController.Table (MyShop) in 8.7217ms
2024-10-18 10:59:36.196 +02:00 [INF] Executed endpoint 'MyShop.Controllers.ItemController.Table (MyShop)'
2024-10-18 10:59:36.196 +02:00 [INF] Request finished HTTP/1.1 GET http://localhost:5017/Item/Table - 200 null text/html; charset=utf-8 10.9996ms
2024-10-18 10:59:41.980 +02:00 [INF] Request starting HTTP/1.1 GET http://localhost:5017/Item/Grid - null null
2024-10-18 10:59:41.981 +02:00 [INF] Executing endpoint 'MyShop.Controllers.ItemController.Grid (MyShop)'
2024-10-18 10:59:41.981 +02:00 [INF] Route matched with {action = "Grid", controller = "Item"}. Executing controller action with signature System.Threading.Tasks.Task`1[Microsoft.AspNetCore.Mvc.IActionResult] Grid() on controller MyShop.Controllers.ItemController (MyShop).
2024-10-18 10:59:41.984 +02:00 [INF] Executing ViewResult, running view Grid.
2024-10-18 10:59:41.985 +02:00 [INF] Executed ViewResult - view Grid executed in 0.6836ms.
2024-10-18 10:59:41.985 +02:00 [INF] Executed action MyShop.Controllers.ItemController.Grid (MyShop) in 3.702ms
2024-10-18 10:59:41.985 +02:00 [INF] Executed endpoint 'MyShop.Controllers.ItemController.Grid (MyShop)'
2024-10-18 10:59:41.985 +02:00 [INF] Request finished HTTP/1.1 GET http://localhost:5017/Item/Grid - 200 null text/html; charset=utf-8 5.039ms
2024-10-18 10:59:43.142 +02:00 [INF] Request starting HTTP/1.1 GET http://localhost:5017/Item/Table - null null
2024-10-18 10:59:43.143 +02:00 [INF] Executing endpoint 'MyShop.Controllers.ItemController.Table (MyShop)'
2024-10-18 10:59:43.143 +02:00 [INF] Route matched with {action = "Table", controller = "Item"}. Executing controller action with signature System.Threading.Tasks.Task`1[Microsoft.AspNetCore.Mvc.IActionResult] Table() on controller MyShop.Controllers.ItemController (MyShop).
2024-10-18 10:59:43.147 +02:00 [INF] Executing ViewResult, running view Table.
2024-10-18 10:59:43.148 +02:00 [INF] Executed ViewResult - view Table executed in 1.2837ms.
2024-10-18 10:59:43.148 +02:00 [INF] Executed action MyShop.Controllers.ItemController.Table (MyShop) in 5.2562ms
2024-10-18 10:59:43.149 +02:00 [INF] Executed endpoint 'MyShop.Controllers.ItemController.Table (MyShop)'
2024-10-18 10:59:43.149 +02:00 [INF] Request finished HTTP/1.1 GET http://localhost:5017/Item/Table - 200 null text/html; charset=utf-8 6.521ms
2024-10-18 10:59:49.005 +02:00 [INF] Request starting HTTP/1.1 GET http://localhost:5017/Item/Grid - null null
2024-10-18 10:59:49.005 +02:00 [INF] Executing endpoint 'MyShop.Controllers.ItemController.Grid (MyShop)'
2024-10-18 10:59:49.005 +02:00 [INF] Route matched with {action = "Grid", controller = "Item"}. Executing controller action with signature System.Threading.Tasks.Task`1[Microsoft.AspNetCore.Mvc.IActionResult] Grid() on controller MyShop.Controllers.ItemController (MyShop).
2024-10-18 10:59:49.008 +02:00 [INF] Executing ViewResult, running view Grid.
2024-10-18 10:59:49.009 +02:00 [INF] Executed ViewResult - view Grid executed in 0.8832ms.
2024-10-18 10:59:49.009 +02:00 [INF] Executed action MyShop.Controllers.ItemController.Grid (MyShop) in 4.112ms
2024-10-18 10:59:49.010 +02:00 [INF] Executed endpoint 'MyShop.Controllers.ItemController.Grid (MyShop)'
2024-10-18 10:59:49.010 +02:00 [INF] Request finished HTTP/1.1 GET http://localhost:5017/Item/Grid - 200 null text/html; charset=utf-8 4.7718ms
2024-10-18 11:00:58.976 +02:00 [INF] Request starting HTTP/1.1 GET http://localhost:5017/Item/Table - null null
2024-10-18 11:00:58.977 +02:00 [INF] Executing endpoint 'MyShop.Controllers.ItemController.Table (MyShop)'
2024-10-18 11:00:58.977 +02:00 [INF] Route matched with {action = "Table", controller = "Item"}. Executing controller action with signature System.Threading.Tasks.Task`1[Microsoft.AspNetCore.Mvc.IActionResult] Table() on controller MyShop.Controllers.ItemController (MyShop).
2024-10-18 11:00:58.981 +02:00 [INF] Executing ViewResult, running view Table.
2024-10-18 11:00:58.982 +02:00 [INF] Executed ViewResult - view Table executed in 1.4376ms.
2024-10-18 11:00:58.982 +02:00 [INF] Executed action MyShop.Controllers.ItemController.Table (MyShop) in 4.9027ms
2024-10-18 11:00:58.982 +02:00 [INF] Executed endpoint 'MyShop.Controllers.ItemController.Table (MyShop)'
2024-10-18 11:00:58.983 +02:00 [INF] Request finished HTTP/1.1 GET http://localhost:5017/Item/Table - 200 null text/html; charset=utf-8 6.3079ms
2024-10-18 11:00:59.996 +02:00 [INF] Request starting HTTP/1.1 GET http://localhost:5017/ - null null
2024-10-18 11:00:59.996 +02:00 [INF] Executing endpoint 'MyShop.Controllers.HomeController.Index (MyShop)'
2024-10-18 11:00:59.996 +02:00 [INF] Route matched with {action = "Index", controller = "Home"}. Executing controller action with signature Microsoft.AspNetCore.Mvc.IActionResult Index() on controller MyShop.Controllers.HomeController (MyShop).
2024-10-18 11:00:59.997 +02:00 [INF] Executing ViewResult, running view Index.
2024-10-18 11:00:59.998 +02:00 [INF] Executed ViewResult - view Index executed in 1.2624ms.
2024-10-18 11:00:59.998 +02:00 [INF] Executed action MyShop.Controllers.HomeController.Index (MyShop) in 1.5608ms
2024-10-18 11:00:59.998 +02:00 [INF] Executed endpoint 'MyShop.Controllers.HomeController.Index (MyShop)'
2024-10-18 11:00:59.998 +02:00 [INF] Request finished HTTP/1.1 GET http://localhost:5017/ - 200 null text/html; charset=utf-8 2.5833ms
