2024-11-04 15:09:09.048 +01:00 [INF] User profile is available. Using 'C:\Users\jovan\AppData\Local\ASP.NET\DataProtection-Keys' as key repository and Windows DPAPI to encrypt keys at rest.
2024-11-04 15:09:09.168 +01:00 [INF] Now listening on: http://localhost:5017
2024-11-04 15:09:09.172 +01:00 [INF] Application started. Press Ctrl+C to shut down.
2024-11-04 15:09:09.172 +01:00 [INF] Hosting environment: Development
2024-11-04 15:09:09.172 +01:00 [INF] Content root path: C:\TestMappe\Eksamen\ITPE3200_Exam_project
2024-11-04 15:09:12.523 +01:00 [INF] Request starting HTTP/1.1 GET http://localhost:5017/Identity/Account/Login - null null
2024-11-04 15:09:12.560 +01:00 [INF] Identity.Application was not authenticated. Failure message: Unprotect ticket failed
2024-11-04 15:09:12.565 +01:00 [INF] Executing endpoint '/Account/Login'
2024-11-04 15:09:12.583 +01:00 [INF] Route matched with {page = "/Account/Login", area = "Identity", action = "", controller = ""}. Executing page /Account/Login
2024-11-04 15:09:12.602 +01:00 [INF] Executing handler method MyShop.Areas.Identity.Pages.Account.LoginModel.OnGetAsync - ModelState is "Valid"
2024-11-04 15:09:12.606 +01:00 [INF] AuthenticationScheme: Identity.External signed out.
2024-11-04 15:09:12.607 +01:00 [INF] Executed handler method OnGetAsync, returned result .
2024-11-04 15:09:12.609 +01:00 [INF] Executing an implicit handler method - ModelState is "Valid"
2024-11-04 15:09:12.609 +01:00 [INF] Executed an implicit handler method, returned result Microsoft.AspNetCore.Mvc.RazorPages.PageResult.
2024-11-04 15:09:12.676 +01:00 [INF] Executed page /Account/Login in 89.8579ms
2024-11-04 15:09:12.677 +01:00 [INF] Executed endpoint '/Account/Login'
2024-11-04 15:09:12.682 +01:00 [INF] Request finished HTTP/1.1 GET http://localhost:5017/Identity/Account/Login - 200 null text/html; charset=utf-8 160.3809ms
2024-11-04 15:09:12.695 +01:00 [INF] Request starting HTTP/1.1 GET http://localhost:5017/css/Login.css - null null
2024-11-04 15:09:12.695 +01:00 [INF] Request starting HTTP/1.1 GET http://localhost:5017/lib/jquery-validation/dist/jquery.validate.min.js - null null
2024-11-04 15:09:12.700 +01:00 [INF] Identity.Application was not authenticated. Failure message: Unprotect ticket failed
2024-11-04 15:09:12.700 +01:00 [INF] Request finished HTTP/1.1 GET http://localhost:5017/lib/jquery-validation/dist/jquery.validate.min.js - 404 0 null 5.059ms
2024-11-04 15:09:12.701 +01:00 [INF] Request reached the end of the middleware pipeline without being handled by application code. Request path: GET http://localhost:5017/lib/jquery-validation/dist/jquery.validate.min.js, Response status code: 404
2024-11-04 15:09:12.716 +01:00 [INF] Request starting HTTP/1.1 GET http://localhost:5017/lib/jquery-validation-unobtrusive/jquery.validate.unobtrusive.min.js - null null
2024-11-04 15:09:12.717 +01:00 [INF] Identity.Application was not authenticated. Failure message: Unprotect ticket failed
2024-11-04 15:09:12.717 +01:00 [INF] Request finished HTTP/1.1 GET http://localhost:5017/lib/jquery-validation-unobtrusive/jquery.validate.unobtrusive.min.js - 404 0 null 1.1923ms
2024-11-04 15:09:12.717 +01:00 [INF] Request reached the end of the middleware pipeline without being handled by application code. Request path: GET http://localhost:5017/lib/jquery-validation-unobtrusive/jquery.validate.unobtrusive.min.js, Response status code: 404
2024-11-04 15:09:12.723 +01:00 [INF] Sending file. Request path: '/css/Login.css'. Physical path: 'C:\TestMappe\Eksamen\ITPE3200_Exam_project\wwwroot\css\Login.css'
2024-11-04 15:09:12.723 +01:00 [INF] Request finished HTTP/1.1 GET http://localhost:5017/css/Login.css - 200 3024 text/css 27.6946ms
2024-11-04 15:09:14.054 +01:00 [INF] Request starting HTTP/1.1 GET http://localhost:5017/Identity/Account/Login - null null
2024-11-04 15:09:14.059 +01:00 [INF] Identity.Application was not authenticated. Failure message: Unprotect ticket failed
2024-11-04 15:09:14.060 +01:00 [INF] Executing endpoint '/Account/Login'
2024-11-04 15:09:14.060 +01:00 [INF] Route matched with {page = "/Account/Login", area = "Identity", action = "", controller = ""}. Executing page /Account/Login
2024-11-04 15:09:14.070 +01:00 [INF] Executing handler method MyShop.Areas.Identity.Pages.Account.LoginModel.OnGetAsync - ModelState is "Valid"
2024-11-04 15:09:14.071 +01:00 [INF] AuthenticationScheme: Identity.External signed out.
2024-11-04 15:09:14.071 +01:00 [INF] Executed handler method OnGetAsync, returned result .
2024-11-04 15:09:14.071 +01:00 [INF] Executing an implicit handler method - ModelState is "Valid"
2024-11-04 15:09:14.071 +01:00 [INF] Executed an implicit handler method, returned result Microsoft.AspNetCore.Mvc.RazorPages.PageResult.
2024-11-04 15:09:14.077 +01:00 [INF] Executed page /Account/Login in 16.0902ms
2024-11-04 15:09:14.077 +01:00 [INF] Executed endpoint '/Account/Login'
2024-11-04 15:09:14.077 +01:00 [INF] Request finished HTTP/1.1 GET http://localhost:5017/Identity/Account/Login - 200 null text/html; charset=utf-8 23.038ms
2024-11-04 15:09:14.099 +01:00 [INF] Request starting HTTP/1.1 GET http://localhost:5017/css/Login.css - null null
2024-11-04 15:09:14.099 +01:00 [INF] Request starting HTTP/1.1 GET http://localhost:5017/lib/jquery-validation/dist/jquery.validate.min.js - null null
2024-11-04 15:09:14.100 +01:00 [INF] Identity.Application was not authenticated. Failure message: Unprotect ticket failed
2024-11-04 15:09:14.100 +01:00 [INF] Request finished HTTP/1.1 GET http://localhost:5017/lib/jquery-validation/dist/jquery.validate.min.js - 404 0 null 0.808ms
2024-11-04 15:09:14.100 +01:00 [INF] The file /css/Login.css was not modified
2024-11-04 15:09:14.100 +01:00 [INF] Request reached the end of the middleware pipeline without being handled by application code. Request path: GET http://localhost:5017/lib/jquery-validation/dist/jquery.validate.min.js, Response status code: 404
2024-11-04 15:09:14.101 +01:00 [INF] Request finished HTTP/1.1 GET http://localhost:5017/css/Login.css - 304 null text/css 1.6578ms
2024-11-04 15:09:14.117 +01:00 [INF] Request starting HTTP/1.1 GET http://localhost:5017/lib/jquery-validation-unobtrusive/jquery.validate.unobtrusive.min.js - null null
2024-11-04 15:09:14.118 +01:00 [INF] Identity.Application was not authenticated. Failure message: Unprotect ticket failed
2024-11-04 15:09:14.118 +01:00 [INF] Request finished HTTP/1.1 GET http://localhost:5017/lib/jquery-validation-unobtrusive/jquery.validate.unobtrusive.min.js - 404 0 null 0.8988ms
2024-11-04 15:09:14.118 +01:00 [INF] Request reached the end of the middleware pipeline without being handled by application code. Request path: GET http://localhost:5017/lib/jquery-validation-unobtrusive/jquery.validate.unobtrusive.min.js, Response status code: 404
