2024-10-22 13:48:25.669 +02:00 [INF] User profile is available. Using '/Users/sebastianpop/.aspnet/DataProtection-Keys' as key repository; keys will not be encrypted at rest.
2024-10-22 13:48:25.737 +02:00 [INF] Now listening on: http://localhost:5017
2024-10-22 13:48:25.739 +02:00 [INF] Application started. Press Ctrl+C to shut down.
2024-10-22 13:48:25.739 +02:00 [INF] Hosting environment: Development
2024-10-22 13:48:25.739 +02:00 [INF] Content root path: /Users/sebastianpop/Documents/GitHub/ITPE3200_Exam_project/ITPE3200_Exam_project
2024-10-22 13:48:26.774 +02:00 [INF] Request starting HTTP/1.1 GET http://localhost:5017/ - null null
2024-10-22 13:48:26.795 +02:00 [INF] Executing endpoint 'MyShop.Controllers.HomeController.Index (MyShop)'
2024-10-22 13:48:26.800 +02:00 [INF] Route matched with {action = "Index", controller = "Home", page = "", area = ""}. Executing controller action with signature Microsoft.AspNetCore.Mvc.IActionResult Index() on controller MyShop.Controllers.HomeController (MyShop).
2024-10-22 13:48:26.804 +02:00 [INF] Executing ViewResult, running view Index.
2024-10-22 13:48:26.834 +02:00 [INF] Executed ViewResult - view Index executed in 30.5546ms.
2024-10-22 13:48:26.835 +02:00 [INF] Executed action MyShop.Controllers.HomeController.Index (MyShop) in 35.2278ms
2024-10-22 13:48:26.835 +02:00 [INF] Executed endpoint 'MyShop.Controllers.HomeController.Index (MyShop)'
2024-10-22 13:48:26.838 +02:00 [INF] Request finished HTTP/1.1 GET http://localhost:5017/ - 200 null text/html; charset=utf-8 65.4635ms
2024-10-22 13:48:28.128 +02:00 [INF] Request starting HTTP/1.1 GET http://localhost:5017/Item/Table - null null
2024-10-22 13:48:28.132 +02:00 [INF] Executing endpoint 'MyShop.Controllers.ItemController.Table (MyShop)'
2024-10-22 13:48:28.138 +02:00 [INF] Route matched with {action = "Table", controller = "Item", page = "", area = ""}. Executing controller action with signature System.Threading.Tasks.Task`1[Microsoft.AspNetCore.Mvc.IActionResult] Table() on controller MyShop.Controllers.ItemController (MyShop).
2024-10-22 13:48:28.219 +02:00 [INF] Executing ViewResult, running view Table.
2024-10-22 13:48:28.227 +02:00 [INF] Executed ViewResult - view Table executed in 8.4494ms.
2024-10-22 13:48:28.227 +02:00 [INF] Executed action MyShop.Controllers.ItemController.Table (MyShop) in 89.0483ms
2024-10-22 13:48:28.227 +02:00 [INF] Executed endpoint 'MyShop.Controllers.ItemController.Table (MyShop)'
2024-10-22 13:48:28.230 +02:00 [INF] Request finished HTTP/1.1 GET http://localhost:5017/Item/Table - 200 null text/html; charset=utf-8 102.7776ms
2024-10-22 13:48:28.686 +02:00 [INF] Request starting HTTP/1.1 GET http://localhost:5017/ - null null
2024-10-22 13:48:28.687 +02:00 [INF] Executing endpoint 'MyShop.Controllers.HomeController.Index (MyShop)'
2024-10-22 13:48:28.687 +02:00 [INF] Route matched with {action = "Index", controller = "Home", page = "", area = ""}. Executing controller action with signature Microsoft.AspNetCore.Mvc.IActionResult Index() on controller MyShop.Controllers.HomeController (MyShop).
2024-10-22 13:48:28.687 +02:00 [INF] Executing ViewResult, running view Index.
2024-10-22 13:48:28.688 +02:00 [INF] Executed ViewResult - view Index executed in 0.6047ms.
2024-10-22 13:48:28.688 +02:00 [INF] Executed action MyShop.Controllers.HomeController.Index (MyShop) in 0.7158ms
2024-10-22 13:48:28.688 +02:00 [INF] Executed endpoint 'MyShop.Controllers.HomeController.Index (MyShop)'
2024-10-22 13:48:28.688 +02:00 [INF] Request finished HTTP/1.1 GET http://localhost:5017/ - 200 null text/html; charset=utf-8 2.1804ms
