2024-11-04 13:05:57.302 +01:00 [INF] User profile is available. Using 'C:\Users\Hadle\AppData\Local\ASP.NET\DataProtection-Keys' as key repository and Windows DPAPI to encrypt keys at rest.
2024-11-04 13:05:57.456 +01:00 [INF] Now listening on: http://localhost:5017
2024-11-04 13:05:57.460 +01:00 [INF] Application started. Press Ctrl+C to shut down.
2024-11-04 13:05:57.461 +01:00 [INF] Hosting environment: Development
2024-11-04 13:05:57.461 +01:00 [INF] Content root path: C:\ITPE3200\ITPE3200_Exam_project-main\ITPE3200_Exam_project-main\ITPE3200_Exam_project
2024-11-04 13:05:58.706 +01:00 [INF] Request starting HTTP/1.1 GET http://localhost:5017/ - null null
2024-11-04 13:05:58.766 +01:00 [INF] Executing endpoint 'MyShop.Controllers.HomeController.Index (MyShop)'
2024-11-04 13:05:58.775 +01:00 [INF] Route matched with {action = "Index", controller = "Home", page = "", area = ""}. Executing controller action with signature Microsoft.AspNetCore.Mvc.IActionResult Index() on controller MyShop.Controllers.HomeController (MyShop).
2024-11-04 13:05:58.782 +01:00 [INF] Executing ViewResult, running view Index.
2024-11-04 13:05:58.854 +01:00 [INF] Executed ViewResult - view Index executed in 73.0532ms.
2024-11-04 13:05:58.855 +01:00 [INF] Executed action MyShop.Controllers.HomeController.Index (MyShop) in 79.8657ms
2024-11-04 13:05:58.856 +01:00 [INF] Executed endpoint 'MyShop.Controllers.HomeController.Index (MyShop)'
2024-11-04 13:05:58.859 +01:00 [INF] Request finished HTTP/1.1 GET http://localhost:5017/ - 200 null text/html; charset=utf-8 154.1969ms
2024-11-04 13:06:00.161 +01:00 [INF] Request starting HTTP/1.1 GET http://localhost:5017/Customer/Table - null null
2024-11-04 13:06:00.167 +01:00 [INF] Executing endpoint 'MyShop.Controllers.CustomerController.Table (MyShop)'
2024-11-04 13:06:00.171 +01:00 [INF] Route matched with {action = "Table", controller = "Customer", page = "", area = ""}. Executing controller action with signature System.Threading.Tasks.Task`1[Microsoft.AspNetCore.Mvc.IActionResult] Table() on controller MyShop.Controllers.CustomerController (MyShop).
2024-11-04 13:06:00.272 +01:00 [INF] Executing ViewResult, running view Table.
2024-11-04 13:06:00.332 +01:00 [INF] Executed ViewResult - view Table executed in 61.7615ms.
2024-11-04 13:06:00.333 +01:00 [INF] Executed action MyShop.Controllers.CustomerController.Table (MyShop) in 161.5387ms
2024-11-04 13:06:00.333 +01:00 [INF] Executed endpoint 'MyShop.Controllers.CustomerController.Table (MyShop)'
2024-11-04 13:06:00.335 +01:00 [INF] Request finished HTTP/1.1 GET http://localhost:5017/Customer/Table - 200 null text/html; charset=utf-8 173.5493ms
2024-11-04 13:06:01.325 +01:00 [INF] Request starting HTTP/1.1 GET http://localhost:5017/ - null null
2024-11-04 13:06:01.335 +01:00 [INF] Executing endpoint 'MyShop.Controllers.HomeController.Index (MyShop)'
2024-11-04 13:06:01.335 +01:00 [INF] Route matched with {action = "Index", controller = "Home", page = "", area = ""}. Executing controller action with signature Microsoft.AspNetCore.Mvc.IActionResult Index() on controller MyShop.Controllers.HomeController (MyShop).
2024-11-04 13:06:01.335 +01:00 [INF] Executing ViewResult, running view Index.
2024-11-04 13:06:01.337 +01:00 [INF] Executed ViewResult - view Index executed in 1.8213ms.
2024-11-04 13:06:01.337 +01:00 [INF] Executed action MyShop.Controllers.HomeController.Index (MyShop) in 2.0714ms
2024-11-04 13:06:01.337 +01:00 [INF] Executed endpoint 'MyShop.Controllers.HomeController.Index (MyShop)'
2024-11-04 13:06:01.337 +01:00 [INF] Request finished HTTP/1.1 GET http://localhost:5017/ - 200 null text/html; charset=utf-8 12.5677ms
2024-11-04 13:06:02.298 +01:00 [INF] Request starting HTTP/1.1 GET http://localhost:5017/About/Table - null null
2024-11-04 13:06:02.300 +01:00 [INF] Request finished HTTP/1.1 GET http://localhost:5017/About/Table - 404 0 null 1.7973ms
2024-11-04 13:06:02.301 +01:00 [INF] Request reached the end of the middleware pipeline without being handled by application code. Request path: GET http://localhost:5017/About/Table, Response status code: 404
2024-11-04 13:06:13.059 +01:00 [INF] Request starting HTTP/1.1 GET http://localhost:5017/ - null null
2024-11-04 13:06:13.059 +01:00 [INF] Executing endpoint 'MyShop.Controllers.HomeController.Index (MyShop)'
2024-11-04 13:06:13.060 +01:00 [INF] Route matched with {action = "Index", controller = "Home", page = "", area = ""}. Executing controller action with signature Microsoft.AspNetCore.Mvc.IActionResult Index() on controller MyShop.Controllers.HomeController (MyShop).
2024-11-04 13:06:13.060 +01:00 [INF] Executing ViewResult, running view Index.
2024-11-04 13:06:13.062 +01:00 [INF] Executed ViewResult - view Index executed in 1.9086ms.
2024-11-04 13:06:13.062 +01:00 [INF] Executed action MyShop.Controllers.HomeController.Index (MyShop) in 2.1543ms
2024-11-04 13:06:13.062 +01:00 [INF] Executed endpoint 'MyShop.Controllers.HomeController.Index (MyShop)'
2024-11-04 13:06:13.062 +01:00 [INF] Request finished HTTP/1.1 GET http://localhost:5017/ - 200 null text/html; charset=utf-8 3.3379ms
2024-11-04 13:06:14.276 +01:00 [INF] Request starting HTTP/1.1 GET http://localhost:5017/Item/Table - null null
2024-11-04 13:06:14.277 +01:00 [INF] Executing endpoint 'MyShop.Controllers.ItemController.Table (MyShop)'
2024-11-04 13:06:14.280 +01:00 [INF] Route matched with {action = "Table", controller = "Item", page = "", area = ""}. Executing controller action with signature System.Threading.Tasks.Task`1[Microsoft.AspNetCore.Mvc.IActionResult] Table() on controller MyShop.Controllers.ItemController (MyShop).
2024-11-04 13:06:14.327 +01:00 [INF] Executing ViewResult, running view Table.
2024-11-04 13:06:14.335 +01:00 [INF] Executed ViewResult - view Table executed in 8.4862ms.
2024-11-04 13:06:14.336 +01:00 [INF] Executed action MyShop.Controllers.ItemController.Table (MyShop) in 55.4961ms
2024-11-04 13:06:14.336 +01:00 [INF] Executed endpoint 'MyShop.Controllers.ItemController.Table (MyShop)'
2024-11-04 13:06:14.336 +01:00 [INF] Request finished HTTP/1.1 GET http://localhost:5017/Item/Table - 200 null text/html; charset=utf-8 60.3212ms
2024-11-04 13:06:15.576 +01:00 [INF] Request starting HTTP/1.1 GET http://localhost:5017/ - null null
2024-11-04 13:06:15.577 +01:00 [INF] Executing endpoint 'MyShop.Controllers.HomeController.Index (MyShop)'
2024-11-04 13:06:15.577 +01:00 [INF] Route matched with {action = "Index", controller = "Home", page = "", area = ""}. Executing controller action with signature Microsoft.AspNetCore.Mvc.IActionResult Index() on controller MyShop.Controllers.HomeController (MyShop).
2024-11-04 13:06:15.578 +01:00 [INF] Executing ViewResult, running view Index.
2024-11-04 13:06:15.578 +01:00 [INF] Executed ViewResult - view Index executed in 0.8395ms.
2024-11-04 13:06:15.578 +01:00 [INF] Executed action MyShop.Controllers.HomeController.Index (MyShop) in 0.9667ms
2024-11-04 13:06:15.578 +01:00 [INF] Executed endpoint 'MyShop.Controllers.HomeController.Index (MyShop)'
2024-11-04 13:06:15.578 +01:00 [INF] Request finished HTTP/1.1 GET http://localhost:5017/ - 200 null text/html; charset=utf-8 2.0437ms
2024-11-04 13:06:40.565 +01:00 [INF] Application is shutting down...
