2024-10-18 12:14:46.648 +02:00 [INF] User profile is available. Using 'C:\Users\jovan\AppData\Local\ASP.NET\DataProtection-Keys' as key repository and Windows DPAPI to encrypt keys at rest.
2024-10-18 12:14:46.690 +02:00 [INF] Now listening on: http://localhost:5017
2024-10-18 12:14:46.693 +02:00 [INF] Application started. Press Ctrl+C to shut down.
2024-10-18 12:14:46.693 +02:00 [INF] Hosting environment: Development
2024-10-18 12:14:46.693 +02:00 [INF] Content root path: C:\TestMappe\ITPE3200_Exam_project
2024-10-18 12:14:48.109 +02:00 [INF] Request starting HTTP/1.1 GET http://localhost:5017/ - null null
2024-10-18 12:14:48.132 +02:00 [INF] Executing endpoint 'MyShop.Controllers.HomeController.Index (MyShop)'
2024-10-18 12:14:48.141 +02:00 [INF] Route matched with {action = "Index", controller = "Home"}. Executing controller action with signature Microsoft.AspNetCore.Mvc.IActionResult Index() on controller MyShop.Controllers.HomeController (MyShop).
2024-10-18 12:14:48.153 +02:00 [INF] Executing ViewResult, running view Index.
2024-10-18 12:14:48.209 +02:00 [INF] Executed ViewResult - view Index executed in 56.6202ms.
2024-10-18 12:14:48.210 +02:00 [INF] Executed action MyShop.Controllers.HomeController.Index (MyShop) in 68.8462ms
2024-10-18 12:14:48.210 +02:00 [INF] Executed endpoint 'MyShop.Controllers.HomeController.Index (MyShop)'
2024-10-18 12:14:48.213 +02:00 [INF] Request finished HTTP/1.1 GET http://localhost:5017/ - 200 null text/html; charset=utf-8 105.6059ms
2024-10-18 12:14:49.978 +02:00 [INF] Request starting HTTP/1.1 GET http://localhost:5017/Item/Table - null null
2024-10-18 12:14:49.981 +02:00 [INF] Executing endpoint 'MyShop.Controllers.ItemController.Table (MyShop)'
2024-10-18 12:14:49.986 +02:00 [INF] Route matched with {action = "Table", controller = "Item"}. Executing controller action with signature System.Threading.Tasks.Task`1[Microsoft.AspNetCore.Mvc.IActionResult] Table() on controller MyShop.Controllers.ItemController (MyShop).
2024-10-18 12:14:50.094 +02:00 [INF] Executing ViewResult, running view Table.
2024-10-18 12:14:50.108 +02:00 [INF] Executed ViewResult - view Table executed in 15.6315ms.
2024-10-18 12:14:50.109 +02:00 [INF] Executed action MyShop.Controllers.ItemController.Table (MyShop) in 122.4921ms
2024-10-18 12:14:50.109 +02:00 [INF] Executed endpoint 'MyShop.Controllers.ItemController.Table (MyShop)'
2024-10-18 12:14:50.113 +02:00 [INF] Request finished HTTP/1.1 GET http://localhost:5017/Item/Table - 200 null text/html; charset=utf-8 134.649ms
2024-10-18 12:14:55.641 +02:00 [INF] Request starting HTTP/1.1 GET http://localhost:5017/Item/Create - null null
2024-10-18 12:14:55.645 +02:00 [INF] Executing endpoint 'MyShop.Controllers.ItemController.Create (MyShop)'
2024-10-18 12:14:55.648 +02:00 [INF] Route matched with {action = "Create", controller = "Item"}. Executing controller action with signature Microsoft.AspNetCore.Mvc.IActionResult Create() on controller MyShop.Controllers.ItemController (MyShop).
2024-10-18 12:14:55.651 +02:00 [INF] Executing ViewResult, running view Create.
2024-10-18 12:14:55.756 +02:00 [INF] Executed ViewResult - view Create executed in 106.1027ms.
2024-10-18 12:14:55.756 +02:00 [INF] Executed action MyShop.Controllers.ItemController.Create (MyShop) in 107.6292ms
2024-10-18 12:14:55.756 +02:00 [INF] Executed endpoint 'MyShop.Controllers.ItemController.Create (MyShop)'
2024-10-18 12:14:55.756 +02:00 [INF] Request finished HTTP/1.1 GET http://localhost:5017/Item/Create - 200 null text/html; charset=utf-8 114.9005ms
