2024-11-04 16:30:52.843 +01:00 [INF] User profile is available. Using 'C:\Users\Hadle\AppData\Local\ASP.NET\DataProtection-Keys' as key repository and Windows DPAPI to encrypt keys at rest.
2024-11-04 16:30:53.044 +01:00 [INF] Now listening on: http://localhost:5017
2024-11-04 16:30:53.048 +01:00 [INF] Application started. Press Ctrl+C to shut down.
2024-11-04 16:30:53.049 +01:00 [INF] Hosting environment: Development
2024-11-04 16:30:53.049 +01:00 [INF] Content root path: C:\ITPE3200\ITPE3200_Exam_project-main\ITPE3200_Exam_project-main\ITPE3200_Exam_project
2024-11-04 16:31:01.882 +01:00 [INF] Request starting HTTP/1.1 GET http://localhost:5017/ - null null
2024-11-04 16:31:01.966 +01:00 [INF] Executing endpoint 'MyShop.Controllers.HomeController.Index (MyShop)'
2024-11-04 16:31:01.981 +01:00 [INF] Route matched with {action = "Index", controller = "Home", page = "", area = ""}. Executing controller action with signature Microsoft.AspNetCore.Mvc.IActionResult Index() on controller MyShop.Controllers.HomeController (MyShop).
2024-11-04 16:31:01.992 +01:00 [INF] Executing ViewResult, running view Index.
2024-11-04 16:31:02.090 +01:00 [INF] Executed ViewResult - view Index executed in 100.5755ms.
2024-11-04 16:31:02.093 +01:00 [INF] Executed action MyShop.Controllers.HomeController.Index (MyShop) in 110.6653ms
2024-11-04 16:31:02.093 +01:00 [INF] Executed endpoint 'MyShop.Controllers.HomeController.Index (MyShop)'
2024-11-04 16:31:02.097 +01:00 [INF] Request finished HTTP/1.1 GET http://localhost:5017/ - 200 null text/html; charset=utf-8 216.369ms
2024-11-04 16:35:42.322 +01:00 [INF] Request starting HTTP/1.1 GET http://localhost:5017/Item/Create - null null
2024-11-04 16:35:42.342 +01:00 [INF] Executing endpoint 'MyShop.Controllers.ItemController.Create (MyShop)'
2024-11-04 16:35:42.345 +01:00 [INF] Route matched with {action = "Create", controller = "Item", page = "", area = ""}. Executing controller action with signature Microsoft.AspNetCore.Mvc.IActionResult Create() on controller MyShop.Controllers.ItemController (MyShop).
2024-11-04 16:35:42.348 +01:00 [INF] Executing ViewResult, running view Create.
2024-11-04 16:35:42.405 +01:00 [INF] Executed ViewResult - view Create executed in 58.3888ms.
2024-11-04 16:35:42.405 +01:00 [INF] Executed action MyShop.Controllers.ItemController.Create (MyShop) in 59.8648ms
2024-11-04 16:35:42.405 +01:00 [INF] Executed endpoint 'MyShop.Controllers.ItemController.Create (MyShop)'
2024-11-04 16:35:42.405 +01:00 [INF] Request finished HTTP/1.1 GET http://localhost:5017/Item/Create - 200 null text/html; charset=utf-8 83.3428ms
2024-11-04 16:35:44.150 +01:00 [INF] Request starting HTTP/1.1 GET http://localhost:5017/ - null null
2024-11-04 16:35:44.168 +01:00 [INF] Executing endpoint 'MyShop.Controllers.HomeController.Index (MyShop)'
2024-11-04 16:35:44.168 +01:00 [INF] Route matched with {action = "Index", controller = "Home", page = "", area = ""}. Executing controller action with signature Microsoft.AspNetCore.Mvc.IActionResult Index() on controller MyShop.Controllers.HomeController (MyShop).
2024-11-04 16:35:44.169 +01:00 [INF] Executing ViewResult, running view Index.
2024-11-04 16:35:44.171 +01:00 [INF] Executed ViewResult - view Index executed in 2.4176ms.
2024-11-04 16:35:44.171 +01:00 [INF] Executed action MyShop.Controllers.HomeController.Index (MyShop) in 2.7499ms
2024-11-04 16:35:44.171 +01:00 [INF] Executed endpoint 'MyShop.Controllers.HomeController.Index (MyShop)'
2024-11-04 16:35:44.171 +01:00 [INF] Request finished HTTP/1.1 GET http://localhost:5017/ - 200 null text/html; charset=utf-8 20.8045ms
2024-11-04 16:35:45.287 +01:00 [INF] Request starting HTTP/1.1 GET http://localhost:5017/Item/Create - null null
2024-11-04 16:35:45.293 +01:00 [INF] Executing endpoint 'MyShop.Controllers.ItemController.Create (MyShop)'
2024-11-04 16:35:45.293 +01:00 [INF] Route matched with {action = "Create", controller = "Item", page = "", area = ""}. Executing controller action with signature Microsoft.AspNetCore.Mvc.IActionResult Create() on controller MyShop.Controllers.ItemController (MyShop).
2024-11-04 16:35:45.294 +01:00 [INF] Executing ViewResult, running view Create.
2024-11-04 16:35:45.299 +01:00 [INF] Executed ViewResult - view Create executed in 5.4774ms.
2024-11-04 16:35:45.300 +01:00 [INF] Executed action MyShop.Controllers.ItemController.Create (MyShop) in 6.0805ms
2024-11-04 16:35:45.300 +01:00 [INF] Executed endpoint 'MyShop.Controllers.ItemController.Create (MyShop)'
2024-11-04 16:35:45.300 +01:00 [INF] Request finished HTTP/1.1 GET http://localhost:5017/Item/Create - 200 null text/html; charset=utf-8 12.4071ms
2024-11-04 16:35:49.599 +01:00 [INF] Request starting HTTP/1.1 GET http://localhost:5017/ - null null
2024-11-04 16:35:49.600 +01:00 [INF] Executing endpoint 'MyShop.Controllers.HomeController.Index (MyShop)'
2024-11-04 16:35:49.600 +01:00 [INF] Route matched with {action = "Index", controller = "Home", page = "", area = ""}. Executing controller action with signature Microsoft.AspNetCore.Mvc.IActionResult Index() on controller MyShop.Controllers.HomeController (MyShop).
2024-11-04 16:35:49.600 +01:00 [INF] Executing ViewResult, running view Index.
2024-11-04 16:35:49.602 +01:00 [INF] Executed ViewResult - view Index executed in 1.635ms.
2024-11-04 16:35:49.602 +01:00 [INF] Executed action MyShop.Controllers.HomeController.Index (MyShop) in 1.8477ms
2024-11-04 16:35:49.602 +01:00 [INF] Executed endpoint 'MyShop.Controllers.HomeController.Index (MyShop)'
2024-11-04 16:35:49.602 +01:00 [INF] Request finished HTTP/1.1 GET http://localhost:5017/ - 200 null text/html; charset=utf-8 3.7613ms
2024-11-04 16:35:51.472 +01:00 [INF] Request starting HTTP/1.1 GET http://localhost:5017/Item/Table - null null
2024-11-04 16:35:51.473 +01:00 [INF] Executing endpoint 'MyShop.Controllers.ItemController.Table (MyShop)'
2024-11-04 16:35:51.479 +01:00 [INF] Route matched with {action = "Table", controller = "Item", page = "", area = ""}. Executing controller action with signature System.Threading.Tasks.Task`1[Microsoft.AspNetCore.Mvc.IActionResult] Table() on controller MyShop.Controllers.ItemController (MyShop).
2024-11-04 16:35:51.613 +01:00 [INF] Executing ViewResult, running view Table.
2024-11-04 16:35:51.623 +01:00 [INF] Executed ViewResult - view Table executed in 11.5177ms.
2024-11-04 16:35:51.624 +01:00 [INF] Executed action MyShop.Controllers.ItemController.Table (MyShop) in 144.3273ms
2024-11-04 16:35:51.624 +01:00 [INF] Executed endpoint 'MyShop.Controllers.ItemController.Table (MyShop)'
2024-11-04 16:35:51.629 +01:00 [INF] Request finished HTTP/1.1 GET http://localhost:5017/Item/Table - 200 null text/html; charset=utf-8 156.4445ms
2024-11-04 16:35:58.426 +01:00 [INF] Request starting HTTP/1.1 GET http://localhost:5017/ - null null
2024-11-04 16:35:58.427 +01:00 [INF] Executing endpoint 'MyShop.Controllers.HomeController.Index (MyShop)'
2024-11-04 16:35:58.427 +01:00 [INF] Route matched with {action = "Index", controller = "Home", page = "", area = ""}. Executing controller action with signature Microsoft.AspNetCore.Mvc.IActionResult Index() on controller MyShop.Controllers.HomeController (MyShop).
2024-11-04 16:35:58.428 +01:00 [INF] Executing ViewResult, running view Index.
2024-11-04 16:35:58.429 +01:00 [INF] Executed ViewResult - view Index executed in 1.2733ms.
2024-11-04 16:35:58.429 +01:00 [INF] Executed action MyShop.Controllers.HomeController.Index (MyShop) in 1.4695ms
2024-11-04 16:35:58.429 +01:00 [INF] Executed endpoint 'MyShop.Controllers.HomeController.Index (MyShop)'
2024-11-04 16:35:58.429 +01:00 [INF] Request finished HTTP/1.1 GET http://localhost:5017/ - 200 null text/html; charset=utf-8 3.0362ms
2024-11-04 16:35:59.448 +01:00 [INF] Request starting HTTP/1.1 GET http://localhost:5017/Customer/Table - null null
2024-11-04 16:35:59.450 +01:00 [INF] Executing endpoint 'MyShop.Controllers.CustomerController.Table (MyShop)'
2024-11-04 16:35:59.456 +01:00 [INF] Route matched with {action = "Table", controller = "Customer", page = "", area = ""}. Executing controller action with signature System.Threading.Tasks.Task`1[Microsoft.AspNetCore.Mvc.IActionResult] Table() on controller MyShop.Controllers.CustomerController (MyShop).
2024-11-04 16:35:59.524 +01:00 [INF] Executing ViewResult, running view Table.
2024-11-04 16:35:59.528 +01:00 [INF] Executed ViewResult - view Table executed in 4.5415ms.
2024-11-04 16:35:59.528 +01:00 [INF] Executed action MyShop.Controllers.CustomerController.Table (MyShop) in 71.2266ms
2024-11-04 16:35:59.528 +01:00 [INF] Executed endpoint 'MyShop.Controllers.CustomerController.Table (MyShop)'
2024-11-04 16:35:59.528 +01:00 [INF] Request finished HTTP/1.1 GET http://localhost:5017/Customer/Table - 200 null text/html; charset=utf-8 80.048ms
2024-11-04 16:36:08.266 +01:00 [INF] Request starting HTTP/1.1 GET http://localhost:5017/ - null null
2024-11-04 16:36:08.267 +01:00 [INF] Executing endpoint 'MyShop.Controllers.HomeController.Index (MyShop)'
2024-11-04 16:36:08.267 +01:00 [INF] Route matched with {action = "Index", controller = "Home", page = "", area = ""}. Executing controller action with signature Microsoft.AspNetCore.Mvc.IActionResult Index() on controller MyShop.Controllers.HomeController (MyShop).
2024-11-04 16:36:08.267 +01:00 [INF] Executing ViewResult, running view Index.
2024-11-04 16:36:08.269 +01:00 [INF] Executed ViewResult - view Index executed in 1.5526ms.
2024-11-04 16:36:08.269 +01:00 [INF] Executed action MyShop.Controllers.HomeController.Index (MyShop) in 1.7475ms
2024-11-04 16:36:08.269 +01:00 [INF] Executed endpoint 'MyShop.Controllers.HomeController.Index (MyShop)'
2024-11-04 16:36:08.269 +01:00 [INF] Request finished HTTP/1.1 GET http://localhost:5017/ - 200 null text/html; charset=utf-8 3.3216ms
