2024-10-10 16:41:22.682 +02:00 [INF] User profile is available. Using 'C:\Users\jovan\AppData\Local\ASP.NET\DataProtection-Keys' as key repository and Windows DPAPI to encrypt keys at rest.
2024-10-10 16:41:22.731 +02:00 [INF] Now listening on: http://localhost:5017
2024-10-10 16:41:22.734 +02:00 [INF] Application started. Press Ctrl+C to shut down.
2024-10-10 16:41:22.734 +02:00 [INF] Hosting environment: Development
2024-10-10 16:41:22.734 +02:00 [INF] Content root path: C:\TestMappe\ITPE3200_Exam_project
2024-10-10 16:41:26.315 +02:00 [INF] Request starting HTTP/1.1 GET http://localhost:5017/ - null null
2024-10-10 16:41:26.339 +02:00 [INF] Executing endpoint 'MyShop.Controllers.HomeController.Index (MyShop)'
2024-10-10 16:41:26.347 +02:00 [INF] Route matched with {action = "Index", controller = "Home"}. Executing controller action with signature Microsoft.AspNetCore.Mvc.IActionResult Index() on controller MyShop.Controllers.HomeController (MyShop).
2024-10-10 16:41:26.358 +02:00 [INF] Executing ViewResult, running view Index.
2024-10-10 16:41:26.402 +02:00 [INF] Executed ViewResult - view Index executed in 44.8152ms.
2024-10-10 16:41:26.404 +02:00 [INF] Executed action MyShop.Controllers.HomeController.Index (MyShop) in 56.1739ms
2024-10-10 16:41:26.405 +02:00 [INF] Executed endpoint 'MyShop.Controllers.HomeController.Index (MyShop)'
2024-10-10 16:41:26.407 +02:00 [INF] Request finished HTTP/1.1 GET http://localhost:5017/ - 200 null text/html; charset=utf-8 93.9704ms
2024-10-10 16:41:28.036 +02:00 [INF] Request starting HTTP/1.1 GET http://localhost:5017/Item/Table - null null
2024-10-10 16:41:28.038 +02:00 [INF] Executing endpoint 'MyShop.Controllers.ItemController.Table (MyShop)'
2024-10-10 16:41:28.043 +02:00 [INF] Route matched with {action = "Table", controller = "Item"}. Executing controller action with signature System.Threading.Tasks.Task`1[Microsoft.AspNetCore.Mvc.IActionResult] Table() on controller MyShop.Controllers.ItemController (MyShop).
2024-10-10 16:41:28.129 +02:00 [INF] Executing ViewResult, running view Table.
2024-10-10 16:41:28.138 +02:00 [INF] Executed ViewResult - view Table executed in 9.5943ms.
2024-10-10 16:41:28.138 +02:00 [INF] Executed action MyShop.Controllers.ItemController.Table (MyShop) in 94.3615ms
2024-10-10 16:41:28.138 +02:00 [INF] Executed endpoint 'MyShop.Controllers.ItemController.Table (MyShop)'
2024-10-10 16:41:28.143 +02:00 [INF] Request finished HTTP/1.1 GET http://localhost:5017/Item/Table - 200 null text/html; charset=utf-8 106.702ms
2024-10-10 16:41:29.487 +02:00 [INF] Request starting HTTP/1.1 GET http://localhost:5017/Item/Grid - null null
2024-10-10 16:41:29.488 +02:00 [INF] Executing endpoint 'MyShop.Controllers.ItemController.Grid (MyShop)'
2024-10-10 16:41:29.491 +02:00 [INF] Route matched with {action = "Grid", controller = "Item"}. Executing controller action with signature System.Threading.Tasks.Task`1[Microsoft.AspNetCore.Mvc.IActionResult] Grid() on controller MyShop.Controllers.ItemController (MyShop).
2024-10-10 16:41:29.530 +02:00 [INF] Executing ViewResult, running view Grid.
2024-10-10 16:41:29.532 +02:00 [INF] Executed ViewResult - view Grid executed in 2.4765ms.
2024-10-10 16:41:29.532 +02:00 [INF] Executed action MyShop.Controllers.ItemController.Grid (MyShop) in 40.4976ms
2024-10-10 16:41:29.532 +02:00 [INF] Executed endpoint 'MyShop.Controllers.ItemController.Grid (MyShop)'
2024-10-10 16:41:29.532 +02:00 [INF] Request finished HTTP/1.1 GET http://localhost:5017/Item/Grid - 200 null text/html; charset=utf-8 45.0756ms
