2024-10-10 15:45:56.031 +02:00 [INF] User profile is available. Using 'C:\Users\jovan\AppData\Local\ASP.NET\DataProtection-Keys' as key repository and Windows DPAPI to encrypt keys at rest.
2024-10-10 15:45:56.070 +02:00 [INF] Now listening on: http://localhost:5017
2024-10-10 15:45:56.072 +02:00 [INF] Application started. Press Ctrl+C to shut down.
2024-10-10 15:45:56.072 +02:00 [INF] Hosting environment: Development
2024-10-10 15:45:56.072 +02:00 [INF] Content root path: C:\TestMappe\ITPE3200_Exam_project
2024-10-10 15:46:11.997 +02:00 [INF] Request starting HTTP/1.1 GET http://localhost:5017/ - null null
2024-10-10 15:46:12.017 +02:00 [INF] Executing endpoint 'MyShop.Controllers.HomeController.Index (MyShop)'
2024-10-10 15:46:12.028 +02:00 [INF] Route matched with {action = "Index", controller = "Home"}. Executing controller action with signature Microsoft.AspNetCore.Mvc.IActionResult Index() on controller MyShop.Controllers.HomeController (MyShop).
2024-10-10 15:46:12.038 +02:00 [INF] Executing ViewResult, running view Index.
2024-10-10 15:46:12.085 +02:00 [INF] Executed ViewResult - view Index executed in 48.6666ms.
2024-10-10 15:46:12.087 +02:00 [INF] Executed action MyShop.Controllers.HomeController.Index (MyShop) in 58.5027ms
2024-10-10 15:46:12.087 +02:00 [INF] Executed endpoint 'MyShop.Controllers.HomeController.Index (MyShop)'
2024-10-10 15:46:12.090 +02:00 [INF] Request finished HTTP/1.1 GET http://localhost:5017/ - 200 null text/html; charset=utf-8 93.9144ms
2024-10-10 15:46:12.106 +02:00 [INF] Request starting HTTP/1.1 GET http://localhost:5017/images/fishandchips.jpg - null null
2024-10-10 15:46:12.106 +02:00 [INF] Request starting HTTP/1.1 GET http://localhost:5017/images/pizza.jpg - null null
2024-10-10 15:46:12.109 +02:00 [INF] Request finished HTTP/1.1 GET http://localhost:5017/images/pizza.jpg - 404 0 null 3.1016ms
2024-10-10 15:46:12.110 +02:00 [INF] Request reached the end of the middleware pipeline without being handled by application code. Request path: GET http://localhost:5017/images/pizza.jpg, Response status code: 404
2024-10-10 15:46:12.109 +02:00 [INF] Request finished HTTP/1.1 GET http://localhost:5017/images/fishandchips.jpg - 404 0 null 3.2746ms
2024-10-10 15:46:12.111 +02:00 [INF] Request reached the end of the middleware pipeline without being handled by application code. Request path: GET http://localhost:5017/images/fishandchips.jpg, Response status code: 404
2024-10-10 15:46:12.177 +02:00 [INF] Request starting HTTP/1.1 GET http://localhost:5017/images/tacos.jpg - null null
2024-10-10 15:46:12.179 +02:00 [INF] Request finished HTTP/1.1 GET http://localhost:5017/images/tacos.jpg - 404 0 null 1.9546ms
2024-10-10 15:46:12.179 +02:00 [INF] Request reached the end of the middleware pipeline without being handled by application code. Request path: GET http://localhost:5017/images/tacos.jpg, Response status code: 404
2024-10-10 15:46:13.664 +02:00 [INF] Request starting HTTP/1.1 GET http://localhost:5017/Item/Table - null null
2024-10-10 15:46:13.665 +02:00 [INF] Executing endpoint 'MyShop.Controllers.ItemController.Table (MyShop)'
2024-10-10 15:46:13.669 +02:00 [INF] Route matched with {action = "Table", controller = "Item"}. Executing controller action with signature System.Threading.Tasks.Task`1[Microsoft.AspNetCore.Mvc.IActionResult] Table() on controller MyShop.Controllers.ItemController (MyShop).
2024-10-10 15:46:13.772 +02:00 [INF] Executing ViewResult, running view Table.
2024-10-10 15:46:13.783 +02:00 [INF] Executed ViewResult - view Table executed in 12.3656ms.
2024-10-10 15:46:13.784 +02:00 [INF] Executed action MyShop.Controllers.ItemController.Table (MyShop) in 114.3453ms
2024-10-10 15:46:13.784 +02:00 [INF] Executed endpoint 'MyShop.Controllers.ItemController.Table (MyShop)'
2024-10-10 15:46:13.786 +02:00 [INF] Request finished HTTP/1.1 GET http://localhost:5017/Item/Table - 200 null text/html; charset=utf-8 122.2144ms
2024-10-10 15:46:30.146 +02:00 [INF] Request starting HTTP/1.1 GET http://localhost:5017/Item/Table - null null
2024-10-10 15:46:30.147 +02:00 [INF] Executing endpoint 'MyShop.Controllers.ItemController.Table (MyShop)'
2024-10-10 15:46:30.148 +02:00 [INF] Route matched with {action = "Table", controller = "Item"}. Executing controller action with signature System.Threading.Tasks.Task`1[Microsoft.AspNetCore.Mvc.IActionResult] Table() on controller MyShop.Controllers.ItemController (MyShop).
2024-10-10 15:46:30.193 +02:00 [INF] Executing ViewResult, running view Table.
2024-10-10 15:46:30.196 +02:00 [INF] Executed ViewResult - view Table executed in 3.1141ms.
2024-10-10 15:46:30.196 +02:00 [INF] Executed action MyShop.Controllers.ItemController.Table (MyShop) in 48.585ms
2024-10-10 15:46:30.197 +02:00 [INF] Executed endpoint 'MyShop.Controllers.ItemController.Table (MyShop)'
2024-10-10 15:46:30.197 +02:00 [INF] Request finished HTTP/1.1 GET http://localhost:5017/Item/Table - 200 null text/html; charset=utf-8 50.8634ms
2024-10-10 15:47:26.949 +02:00 [INF] Request starting HTTP/1.1 GET http://localhost:5017/Customer/Table - null null
2024-10-10 15:47:26.950 +02:00 [INF] Executing endpoint 'MyShop.Controllers.CustomerController.Table (MyShop)'
2024-10-10 15:47:26.954 +02:00 [INF] Route matched with {action = "Table", controller = "Customer"}. Executing controller action with signature System.Threading.Tasks.Task`1[Microsoft.AspNetCore.Mvc.IActionResult] Table() on controller MyShop.Controllers.CustomerController (MyShop).
2024-10-10 15:47:26.967 +02:00 [INF] Executing ViewResult, running view Table.
2024-10-10 15:47:27.034 +02:00 [INF] Executed ViewResult - view Table executed in 66.7827ms.
2024-10-10 15:47:27.034 +02:00 [INF] Executed action MyShop.Controllers.CustomerController.Table (MyShop) in 79.6187ms
2024-10-10 15:47:27.034 +02:00 [INF] Executed endpoint 'MyShop.Controllers.CustomerController.Table (MyShop)'
2024-10-10 15:47:27.034 +02:00 [INF] Request finished HTTP/1.1 GET http://localhost:5017/Customer/Table - 200 null text/html; charset=utf-8 85.7153ms
2024-10-10 15:47:55.532 +02:00 [INF] Request starting HTTP/1.1 GET http://localhost:5017/Item/Table - null null
2024-10-10 15:47:55.533 +02:00 [INF] Executing endpoint 'MyShop.Controllers.ItemController.Table (MyShop)'
2024-10-10 15:47:55.533 +02:00 [INF] Route matched with {action = "Table", controller = "Item"}. Executing controller action with signature System.Threading.Tasks.Task`1[Microsoft.AspNetCore.Mvc.IActionResult] Table() on controller MyShop.Controllers.ItemController (MyShop).
2024-10-10 15:47:55.539 +02:00 [INF] Executing ViewResult, running view Table.
2024-10-10 15:47:55.541 +02:00 [INF] Executed ViewResult - view Table executed in 1.7787ms.
2024-10-10 15:47:55.541 +02:00 [INF] Executed action MyShop.Controllers.ItemController.Table (MyShop) in 7.9156ms
2024-10-10 15:47:55.541 +02:00 [INF] Executed endpoint 'MyShop.Controllers.ItemController.Table (MyShop)'
2024-10-10 15:47:55.541 +02:00 [INF] Request finished HTTP/1.1 GET http://localhost:5017/Item/Table - 200 null text/html; charset=utf-8 8.7186ms
2024-10-10 15:49:47.356 +02:00 [INF] Request starting HTTP/1.1 GET http://localhost:5017/ - null null
2024-10-10 15:49:47.357 +02:00 [INF] Executing endpoint 'MyShop.Controllers.HomeController.Index (MyShop)'
2024-10-10 15:49:47.357 +02:00 [INF] Route matched with {action = "Index", controller = "Home"}. Executing controller action with signature Microsoft.AspNetCore.Mvc.IActionResult Index() on controller MyShop.Controllers.HomeController (MyShop).
2024-10-10 15:49:47.357 +02:00 [INF] Executing ViewResult, running view Index.
2024-10-10 15:49:47.358 +02:00 [INF] Executed ViewResult - view Index executed in 1.0827ms.
2024-10-10 15:49:47.358 +02:00 [INF] Executed action MyShop.Controllers.HomeController.Index (MyShop) in 1.5749ms
2024-10-10 15:49:47.358 +02:00 [INF] Executed endpoint 'MyShop.Controllers.HomeController.Index (MyShop)'
2024-10-10 15:49:47.358 +02:00 [INF] Request finished HTTP/1.1 GET http://localhost:5017/ - 200 null text/html; charset=utf-8 2.3282ms
2024-10-10 15:49:47.374 +02:00 [INF] Request starting HTTP/1.1 GET http://localhost:5017/images/pizza.jpg - null null
2024-10-10 15:49:47.374 +02:00 [INF] Request finished HTTP/1.1 GET http://localhost:5017/images/pizza.jpg - 404 0 null 0.4694ms
2024-10-10 15:49:47.374 +02:00 [INF] Request reached the end of the middleware pipeline without being handled by application code. Request path: GET http://localhost:5017/images/pizza.jpg, Response status code: 404
2024-10-10 15:49:47.374 +02:00 [INF] Request starting HTTP/1.1 GET http://localhost:5017/images/fishandchips.jpg - null null
2024-10-10 15:49:47.375 +02:00 [INF] Request finished HTTP/1.1 GET http://localhost:5017/images/fishandchips.jpg - 404 0 null 0.5258ms
2024-10-10 15:49:47.375 +02:00 [INF] Request reached the end of the middleware pipeline without being handled by application code. Request path: GET http://localhost:5017/images/fishandchips.jpg, Response status code: 404
2024-10-10 15:49:47.395 +02:00 [INF] Request starting HTTP/1.1 GET http://localhost:5017/images/tacos.jpg - null null
2024-10-10 15:49:47.395 +02:00 [INF] Request finished HTTP/1.1 GET http://localhost:5017/images/tacos.jpg - 404 0 null 0.3091ms
2024-10-10 15:49:47.395 +02:00 [INF] Request reached the end of the middleware pipeline without being handled by application code. Request path: GET http://localhost:5017/images/tacos.jpg, Response status code: 404
2024-10-10 15:49:48.509 +02:00 [INF] Request starting HTTP/1.1 GET http://localhost:5017/Item/Table - null null
2024-10-10 15:49:48.510 +02:00 [INF] Executing endpoint 'MyShop.Controllers.ItemController.Table (MyShop)'
2024-10-10 15:49:48.510 +02:00 [INF] Route matched with {action = "Table", controller = "Item"}. Executing controller action with signature System.Threading.Tasks.Task`1[Microsoft.AspNetCore.Mvc.IActionResult] Table() on controller MyShop.Controllers.ItemController (MyShop).
2024-10-10 15:49:48.512 +02:00 [INF] Executing ViewResult, running view Table.
2024-10-10 15:49:48.513 +02:00 [INF] Executed ViewResult - view Table executed in 1.0563ms.
2024-10-10 15:49:48.513 +02:00 [INF] Executed action MyShop.Controllers.ItemController.Table (MyShop) in 3.1995ms
2024-10-10 15:49:48.513 +02:00 [INF] Executed endpoint 'MyShop.Controllers.ItemController.Table (MyShop)'
2024-10-10 15:49:48.513 +02:00 [INF] Request finished HTTP/1.1 GET http://localhost:5017/Item/Table - 200 null text/html; charset=utf-8 3.9026ms
2024-10-10 15:49:49.330 +02:00 [INF] Request starting HTTP/1.1 GET http://localhost:5017/Customer/Table - null null
2024-10-10 15:49:49.330 +02:00 [INF] Executing endpoint 'MyShop.Controllers.CustomerController.Table (MyShop)'
2024-10-10 15:49:49.330 +02:00 [INF] Route matched with {action = "Table", controller = "Customer"}. Executing controller action with signature System.Threading.Tasks.Task`1[Microsoft.AspNetCore.Mvc.IActionResult] Table() on controller MyShop.Controllers.CustomerController (MyShop).
2024-10-10 15:49:49.331 +02:00 [INF] Executing ViewResult, running view Table.
2024-10-10 15:49:49.334 +02:00 [INF] Executed ViewResult - view Table executed in 2.9057ms.
2024-10-10 15:49:49.334 +02:00 [INF] Executed action MyShop.Controllers.CustomerController.Table (MyShop) in 4.4978ms
2024-10-10 15:49:49.334 +02:00 [INF] Executed endpoint 'MyShop.Controllers.CustomerController.Table (MyShop)'
2024-10-10 15:49:49.335 +02:00 [INF] Request finished HTTP/1.1 GET http://localhost:5017/Customer/Table - 200 null text/html; charset=utf-8 5.0141ms
2024-10-10 15:51:30.014 +02:00 [INF] Request starting HTTP/1.1 GET http://localhost:5017/ - null null
2024-10-10 15:51:30.015 +02:00 [INF] Executing endpoint 'MyShop.Controllers.HomeController.Index (MyShop)'
2024-10-10 15:51:30.015 +02:00 [INF] Route matched with {action = "Index", controller = "Home"}. Executing controller action with signature Microsoft.AspNetCore.Mvc.IActionResult Index() on controller MyShop.Controllers.HomeController (MyShop).
2024-10-10 15:51:30.015 +02:00 [INF] Executing ViewResult, running view Index.
2024-10-10 15:51:30.015 +02:00 [INF] Executed ViewResult - view Index executed in 0.5169ms.
2024-10-10 15:51:30.015 +02:00 [INF] Executed action MyShop.Controllers.HomeController.Index (MyShop) in 0.6621ms
2024-10-10 15:51:30.015 +02:00 [INF] Executed endpoint 'MyShop.Controllers.HomeController.Index (MyShop)'
2024-10-10 15:51:30.016 +02:00 [INF] Request finished HTTP/1.1 GET http://localhost:5017/ - 200 null text/html; charset=utf-8 1.2218ms
2024-10-10 15:51:30.038 +02:00 [INF] Request starting HTTP/1.1 GET http://localhost:5017/images/pizza.jpg - null null
2024-10-10 15:51:30.039 +02:00 [INF] Request finished HTTP/1.1 GET http://localhost:5017/images/pizza.jpg - 404 0 null 1.0783ms
2024-10-10 15:51:30.039 +02:00 [INF] Request reached the end of the middleware pipeline without being handled by application code. Request path: GET http://localhost:5017/images/pizza.jpg, Response status code: 404
2024-10-10 15:51:30.041 +02:00 [INF] Request starting HTTP/1.1 GET http://localhost:5017/images/fishandchips.jpg - null null
2024-10-10 15:51:30.041 +02:00 [INF] Request finished HTTP/1.1 GET http://localhost:5017/images/fishandchips.jpg - 404 0 null 0.3337ms
2024-10-10 15:51:30.041 +02:00 [INF] Request reached the end of the middleware pipeline without being handled by application code. Request path: GET http://localhost:5017/images/fishandchips.jpg, Response status code: 404
2024-10-10 15:51:30.052 +02:00 [INF] Request starting HTTP/1.1 GET http://localhost:5017/images/tacos.jpg - null null
2024-10-10 15:51:30.053 +02:00 [INF] Request finished HTTP/1.1 GET http://localhost:5017/images/tacos.jpg - 404 0 null 0.422ms
2024-10-10 15:51:30.053 +02:00 [INF] Request reached the end of the middleware pipeline without being handled by application code. Request path: GET http://localhost:5017/images/tacos.jpg, Response status code: 404
2024-10-10 15:51:30.727 +02:00 [INF] Request starting HTTP/1.1 GET http://localhost:5017/Item/Table - null null
2024-10-10 15:51:30.727 +02:00 [INF] Executing endpoint 'MyShop.Controllers.ItemController.Table (MyShop)'
2024-10-10 15:51:30.727 +02:00 [INF] Route matched with {action = "Table", controller = "Item"}. Executing controller action with signature System.Threading.Tasks.Task`1[Microsoft.AspNetCore.Mvc.IActionResult] Table() on controller MyShop.Controllers.ItemController (MyShop).
2024-10-10 15:51:30.729 +02:00 [INF] Executing ViewResult, running view Table.
2024-10-10 15:51:30.730 +02:00 [INF] Executed ViewResult - view Table executed in 1.0749ms.
2024-10-10 15:51:30.730 +02:00 [INF] Executed action MyShop.Controllers.ItemController.Table (MyShop) in 2.9579ms
2024-10-10 15:51:30.730 +02:00 [INF] Executed endpoint 'MyShop.Controllers.ItemController.Table (MyShop)'
2024-10-10 15:51:30.731 +02:00 [INF] Request finished HTTP/1.1 GET http://localhost:5017/Item/Table - 200 null text/html; charset=utf-8 3.5403ms
2024-10-10 15:51:44.664 +02:00 [INF] Request starting HTTP/1.1 GET http://localhost:5017/Item/Grid - null null
2024-10-10 15:51:44.664 +02:00 [INF] Executing endpoint 'MyShop.Controllers.ItemController.Grid (MyShop)'
2024-10-10 15:51:44.667 +02:00 [INF] Route matched with {action = "Grid", controller = "Item"}. Executing controller action with signature System.Threading.Tasks.Task`1[Microsoft.AspNetCore.Mvc.IActionResult] Grid() on controller MyShop.Controllers.ItemController (MyShop).
2024-10-10 15:51:44.669 +02:00 [INF] Executing ViewResult, running view Grid.
2024-10-10 15:51:44.674 +02:00 [INF] Executed ViewResult - view Grid executed in 5.7324ms.
2024-10-10 15:51:44.674 +02:00 [INF] Executed action MyShop.Controllers.ItemController.Grid (MyShop) in 7.6882ms
2024-10-10 15:51:44.674 +02:00 [INF] Executed endpoint 'MyShop.Controllers.ItemController.Grid (MyShop)'
2024-10-10 15:51:44.674 +02:00 [INF] Request finished HTTP/1.1 GET http://localhost:5017/Item/Grid - 200 null text/html; charset=utf-8 10.4727ms
2024-10-10 15:51:54.084 +02:00 [INF] Request starting HTTP/1.1 GET http://localhost:5017/ - null null
2024-10-10 15:51:54.084 +02:00 [INF] Executing endpoint 'MyShop.Controllers.HomeController.Index (MyShop)'
2024-10-10 15:51:54.084 +02:00 [INF] Route matched with {action = "Index", controller = "Home"}. Executing controller action with signature Microsoft.AspNetCore.Mvc.IActionResult Index() on controller MyShop.Controllers.HomeController (MyShop).
2024-10-10 15:51:54.084 +02:00 [INF] Executing ViewResult, running view Index.
2024-10-10 15:51:54.084 +02:00 [INF] Executed ViewResult - view Index executed in 0.2829ms.
2024-10-10 15:51:54.084 +02:00 [INF] Executed action MyShop.Controllers.HomeController.Index (MyShop) in 0.385ms
2024-10-10 15:51:54.084 +02:00 [INF] Executed endpoint 'MyShop.Controllers.HomeController.Index (MyShop)'
2024-10-10 15:51:54.085 +02:00 [INF] Request finished HTTP/1.1 GET http://localhost:5017/ - 200 null text/html; charset=utf-8 0.7078ms
2024-10-10 15:51:54.106 +02:00 [INF] Request starting HTTP/1.1 GET http://localhost:5017/images/fishandchips.jpg - null null
2024-10-10 15:51:54.106 +02:00 [INF] Request starting HTTP/1.1 GET http://localhost:5017/images/pizza.jpg - null null
2024-10-10 15:51:54.107 +02:00 [INF] Request finished HTTP/1.1 GET http://localhost:5017/images/pizza.jpg - 404 0 null 0.3852ms
2024-10-10 15:51:54.107 +02:00 [INF] Request reached the end of the middleware pipeline without being handled by application code. Request path: GET http://localhost:5017/images/pizza.jpg, Response status code: 404
2024-10-10 15:51:54.107 +02:00 [INF] Request finished HTTP/1.1 GET http://localhost:5017/images/fishandchips.jpg - 404 0 null 0.3432ms
2024-10-10 15:51:54.107 +02:00 [INF] Request reached the end of the middleware pipeline without being handled by application code. Request path: GET http://localhost:5017/images/fishandchips.jpg, Response status code: 404
2024-10-10 15:51:54.119 +02:00 [INF] Request starting HTTP/1.1 GET http://localhost:5017/images/tacos.jpg - null null
2024-10-10 15:51:54.120 +02:00 [INF] Request finished HTTP/1.1 GET http://localhost:5017/images/tacos.jpg - 404 0 null 0.9454ms
2024-10-10 15:51:54.120 +02:00 [INF] Request reached the end of the middleware pipeline without being handled by application code. Request path: GET http://localhost:5017/images/tacos.jpg, Response status code: 404
2024-10-10 15:53:22.525 +02:00 [INF] Request starting HTTP/1.1 GET http://localhost:5017/Item/Table - null null
2024-10-10 15:53:22.525 +02:00 [INF] Executing endpoint 'MyShop.Controllers.ItemController.Table (MyShop)'
2024-10-10 15:53:22.525 +02:00 [INF] Route matched with {action = "Table", controller = "Item"}. Executing controller action with signature System.Threading.Tasks.Task`1[Microsoft.AspNetCore.Mvc.IActionResult] Table() on controller MyShop.Controllers.ItemController (MyShop).
2024-10-10 15:53:22.527 +02:00 [INF] Executing ViewResult, running view Table.
2024-10-10 15:53:22.527 +02:00 [INF] Executed ViewResult - view Table executed in 0.5132ms.
2024-10-10 15:53:22.527 +02:00 [INF] Executed action MyShop.Controllers.ItemController.Table (MyShop) in 1.6795ms
2024-10-10 15:53:22.527 +02:00 [INF] Executed endpoint 'MyShop.Controllers.ItemController.Table (MyShop)'
2024-10-10 15:53:22.527 +02:00 [INF] Request finished HTTP/1.1 GET http://localhost:5017/Item/Table - 200 null text/html; charset=utf-8 2.1761ms
2024-10-10 15:54:15.326 +02:00 [INF] Request starting HTTP/1.1 GET http://localhost:5017/Item/Table - null null
2024-10-10 15:54:15.326 +02:00 [INF] Executing endpoint 'MyShop.Controllers.ItemController.Table (MyShop)'
2024-10-10 15:54:15.326 +02:00 [INF] Route matched with {action = "Table", controller = "Item"}. Executing controller action with signature System.Threading.Tasks.Task`1[Microsoft.AspNetCore.Mvc.IActionResult] Table() on controller MyShop.Controllers.ItemController (MyShop).
2024-10-10 15:54:15.328 +02:00 [INF] Executing ViewResult, running view Table.
2024-10-10 15:54:15.330 +02:00 [INF] Executed ViewResult - view Table executed in 1.3978ms.
2024-10-10 15:54:15.330 +02:00 [INF] Executed action MyShop.Controllers.ItemController.Table (MyShop) in 3.5012ms
2024-10-10 15:54:15.330 +02:00 [INF] Executed endpoint 'MyShop.Controllers.ItemController.Table (MyShop)'
2024-10-10 15:54:15.330 +02:00 [INF] Request finished HTTP/1.1 GET http://localhost:5017/Item/Table - 200 null text/html; charset=utf-8 4.1298ms
2024-10-10 15:54:17.631 +02:00 [INF] Request starting HTTP/1.1 GET http://localhost:5017/Customer/Table - null null
2024-10-10 15:54:17.631 +02:00 [INF] Executing endpoint 'MyShop.Controllers.CustomerController.Table (MyShop)'
2024-10-10 15:54:17.631 +02:00 [INF] Route matched with {action = "Table", controller = "Customer"}. Executing controller action with signature System.Threading.Tasks.Task`1[Microsoft.AspNetCore.Mvc.IActionResult] Table() on controller MyShop.Controllers.CustomerController (MyShop).
2024-10-10 15:54:17.632 +02:00 [INF] Executing ViewResult, running view Table.
2024-10-10 15:54:17.634 +02:00 [INF] Executed ViewResult - view Table executed in 1.766ms.
2024-10-10 15:54:17.634 +02:00 [INF] Executed action MyShop.Controllers.CustomerController.Table (MyShop) in 2.7389ms
2024-10-10 15:54:17.634 +02:00 [INF] Executed endpoint 'MyShop.Controllers.CustomerController.Table (MyShop)'
2024-10-10 15:54:17.634 +02:00 [INF] Request finished HTTP/1.1 GET http://localhost:5017/Customer/Table - 200 null text/html; charset=utf-8 3.229ms
2024-10-10 15:54:19.893 +02:00 [INF] Request starting HTTP/1.1 GET http://localhost:5017/Item/Table - null null
2024-10-10 15:54:19.894 +02:00 [INF] Executing endpoint 'MyShop.Controllers.ItemController.Table (MyShop)'
2024-10-10 15:54:19.894 +02:00 [INF] Route matched with {action = "Table", controller = "Item"}. Executing controller action with signature System.Threading.Tasks.Task`1[Microsoft.AspNetCore.Mvc.IActionResult] Table() on controller MyShop.Controllers.ItemController (MyShop).
2024-10-10 15:54:19.895 +02:00 [INF] Executing ViewResult, running view Table.
2024-10-10 15:54:19.895 +02:00 [INF] Executed ViewResult - view Table executed in 0.6421ms.
2024-10-10 15:54:19.895 +02:00 [INF] Executed action MyShop.Controllers.ItemController.Table (MyShop) in 1.6098ms
2024-10-10 15:54:19.895 +02:00 [INF] Executed endpoint 'MyShop.Controllers.ItemController.Table (MyShop)'
2024-10-10 15:54:19.895 +02:00 [INF] Request finished HTTP/1.1 GET http://localhost:5017/Item/Table - 200 null text/html; charset=utf-8 2.2542ms
2024-10-10 15:54:20.417 +02:00 [INF] Request starting HTTP/1.1 GET http://localhost:5017/ - null null
2024-10-10 15:54:20.417 +02:00 [INF] Executing endpoint 'MyShop.Controllers.HomeController.Index (MyShop)'
2024-10-10 15:54:20.417 +02:00 [INF] Route matched with {action = "Index", controller = "Home"}. Executing controller action with signature Microsoft.AspNetCore.Mvc.IActionResult Index() on controller MyShop.Controllers.HomeController (MyShop).
2024-10-10 15:54:20.417 +02:00 [INF] Executing ViewResult, running view Index.
2024-10-10 15:54:20.417 +02:00 [INF] Executed ViewResult - view Index executed in 0.2775ms.
2024-10-10 15:54:20.417 +02:00 [INF] Executed action MyShop.Controllers.HomeController.Index (MyShop) in 0.4525ms
2024-10-10 15:54:20.417 +02:00 [INF] Executed endpoint 'MyShop.Controllers.HomeController.Index (MyShop)'
2024-10-10 15:54:20.418 +02:00 [INF] Request finished HTTP/1.1 GET http://localhost:5017/ - 200 null text/html; charset=utf-8 0.7546ms
2024-10-10 15:54:20.440 +02:00 [INF] Request starting HTTP/1.1 GET http://localhost:5017/images/pizza.jpg - null null
2024-10-10 15:54:20.441 +02:00 [INF] Request finished HTTP/1.1 GET http://localhost:5017/images/pizza.jpg - 404 0 null 0.3779ms
2024-10-10 15:54:20.441 +02:00 [INF] Request reached the end of the middleware pipeline without being handled by application code. Request path: GET http://localhost:5017/images/pizza.jpg, Response status code: 404
2024-10-10 15:54:20.441 +02:00 [INF] Request starting HTTP/1.1 GET http://localhost:5017/images/fishandchips.jpg - null null
2024-10-10 15:54:20.441 +02:00 [INF] Request finished HTTP/1.1 GET http://localhost:5017/images/fishandchips.jpg - 404 0 null 0.3933ms
2024-10-10 15:54:20.441 +02:00 [INF] Request reached the end of the middleware pipeline without being handled by application code. Request path: GET http://localhost:5017/images/fishandchips.jpg, Response status code: 404
2024-10-10 15:54:20.453 +02:00 [INF] Request starting HTTP/1.1 GET http://localhost:5017/images/tacos.jpg - null null
2024-10-10 15:54:20.453 +02:00 [INF] Request finished HTTP/1.1 GET http://localhost:5017/images/tacos.jpg - 404 0 null 0.4457ms
2024-10-10 15:54:20.453 +02:00 [INF] Request reached the end of the middleware pipeline without being handled by application code. Request path: GET http://localhost:5017/images/tacos.jpg, Response status code: 404
2024-10-10 15:56:00.952 +02:00 [INF] Request starting HTTP/1.1 GET http://localhost:5017/ - null null
2024-10-10 15:56:00.953 +02:00 [INF] Executing endpoint 'MyShop.Controllers.HomeController.Index (MyShop)'
2024-10-10 15:56:00.953 +02:00 [INF] Route matched with {action = "Index", controller = "Home"}. Executing controller action with signature Microsoft.AspNetCore.Mvc.IActionResult Index() on controller MyShop.Controllers.HomeController (MyShop).
2024-10-10 15:56:00.953 +02:00 [INF] Executing ViewResult, running view Index.
2024-10-10 15:56:00.953 +02:00 [INF] Executed ViewResult - view Index executed in 0.5938ms.
2024-10-10 15:56:00.954 +02:00 [INF] Executed action MyShop.Controllers.HomeController.Index (MyShop) in 0.7874ms
2024-10-10 15:56:00.954 +02:00 [INF] Executed endpoint 'MyShop.Controllers.HomeController.Index (MyShop)'
2024-10-10 15:56:00.954 +02:00 [INF] Request finished HTTP/1.1 GET http://localhost:5017/ - 200 null text/html; charset=utf-8 1.2235ms
2024-10-10 15:56:00.971 +02:00 [INF] Request starting HTTP/1.1 GET http://localhost:5017/images/pizza.jpg - null null
2024-10-10 15:56:00.972 +02:00 [INF] Request starting HTTP/1.1 GET http://localhost:5017/images/fishandchips.jpg - null null
2024-10-10 15:56:00.972 +02:00 [INF] Request finished HTTP/1.1 GET http://localhost:5017/images/pizza.jpg - 404 0 null 0.9404ms
2024-10-10 15:56:00.972 +02:00 [INF] Request finished HTTP/1.1 GET http://localhost:5017/images/fishandchips.jpg - 404 0 null 0.3692ms
2024-10-10 15:56:00.972 +02:00 [INF] Request reached the end of the middleware pipeline without being handled by application code. Request path: GET http://localhost:5017/images/pizza.jpg, Response status code: 404
2024-10-10 15:56:00.972 +02:00 [INF] Request reached the end of the middleware pipeline without being handled by application code. Request path: GET http://localhost:5017/images/fishandchips.jpg, Response status code: 404
2024-10-10 15:56:00.989 +02:00 [INF] Request starting HTTP/1.1 GET http://localhost:5017/images/tacos.jpg - null null
2024-10-10 15:56:00.990 +02:00 [INF] Request finished HTTP/1.1 GET http://localhost:5017/images/tacos.jpg - 404 0 null 0.2491ms
2024-10-10 15:56:00.990 +02:00 [INF] Request reached the end of the middleware pipeline without being handled by application code. Request path: GET http://localhost:5017/images/tacos.jpg, Response status code: 404
2024-10-10 15:56:01.912 +02:00 [INF] Request starting HTTP/1.1 GET http://localhost:5017/Item/Table - null null
2024-10-10 15:56:01.912 +02:00 [INF] Executing endpoint 'MyShop.Controllers.ItemController.Table (MyShop)'
2024-10-10 15:56:01.913 +02:00 [INF] Route matched with {action = "Table", controller = "Item"}. Executing controller action with signature System.Threading.Tasks.Task`1[Microsoft.AspNetCore.Mvc.IActionResult] Table() on controller MyShop.Controllers.ItemController (MyShop).
2024-10-10 15:56:01.914 +02:00 [INF] Executing ViewResult, running view Table.
2024-10-10 15:56:01.914 +02:00 [INF] Executed ViewResult - view Table executed in 0.4105ms.
2024-10-10 15:56:01.914 +02:00 [INF] Executed action MyShop.Controllers.ItemController.Table (MyShop) in 1.5142ms
2024-10-10 15:56:01.914 +02:00 [INF] Executed endpoint 'MyShop.Controllers.ItemController.Table (MyShop)'
2024-10-10 15:56:01.914 +02:00 [INF] Request finished HTTP/1.1 GET http://localhost:5017/Item/Table - 200 null text/html; charset=utf-8 1.868ms
2024-10-10 15:56:03.655 +02:00 [INF] Request starting HTTP/1.1 GET http://localhost:5017/Customer/Table - null null
2024-10-10 15:56:03.656 +02:00 [INF] Executing endpoint 'MyShop.Controllers.CustomerController.Table (MyShop)'
2024-10-10 15:56:03.656 +02:00 [INF] Route matched with {action = "Table", controller = "Customer"}. Executing controller action with signature System.Threading.Tasks.Task`1[Microsoft.AspNetCore.Mvc.IActionResult] Table() on controller MyShop.Controllers.CustomerController (MyShop).
2024-10-10 15:56:03.657 +02:00 [INF] Executing ViewResult, running view Table.
2024-10-10 15:56:03.658 +02:00 [INF] Executed ViewResult - view Table executed in 1.5485ms.
2024-10-10 15:56:03.658 +02:00 [INF] Executed action MyShop.Controllers.CustomerController.Table (MyShop) in 2.4722ms
2024-10-10 15:56:03.659 +02:00 [INF] Executed endpoint 'MyShop.Controllers.CustomerController.Table (MyShop)'
2024-10-10 15:56:03.659 +02:00 [INF] Request finished HTTP/1.1 GET http://localhost:5017/Customer/Table - 200 null text/html; charset=utf-8 3.1964ms
2024-10-10 15:56:06.029 +02:00 [INF] Request starting HTTP/1.1 GET http://localhost:5017/Item/Table - null null
2024-10-10 15:56:06.029 +02:00 [INF] Executing endpoint 'MyShop.Controllers.ItemController.Table (MyShop)'
2024-10-10 15:56:06.029 +02:00 [INF] Route matched with {action = "Table", controller = "Item"}. Executing controller action with signature System.Threading.Tasks.Task`1[Microsoft.AspNetCore.Mvc.IActionResult] Table() on controller MyShop.Controllers.ItemController (MyShop).
2024-10-10 15:56:06.031 +02:00 [INF] Executing ViewResult, running view Table.
2024-10-10 15:56:06.032 +02:00 [INF] Executed ViewResult - view Table executed in 0.5398ms.
2024-10-10 15:56:06.032 +02:00 [INF] Executed action MyShop.Controllers.ItemController.Table (MyShop) in 2.1344ms
2024-10-10 15:56:06.032 +02:00 [INF] Executed endpoint 'MyShop.Controllers.ItemController.Table (MyShop)'
2024-10-10 15:56:06.032 +02:00 [INF] Request finished HTTP/1.1 GET http://localhost:5017/Item/Table - 200 null text/html; charset=utf-8 2.5259ms
