2024-11-04 13:12:05.300 +01:00 [INF] User profile is available. Using 'C:\Users\Hadle\AppData\Local\ASP.NET\DataProtection-Keys' as key repository and Windows DPAPI to encrypt keys at rest.
2024-11-04 13:12:05.437 +01:00 [INF] Now listening on: http://localhost:5017
2024-11-04 13:12:05.440 +01:00 [INF] Application started. Press Ctrl+C to shut down.
2024-11-04 13:12:05.441 +01:00 [INF] Hosting environment: Development
2024-11-04 13:12:05.441 +01:00 [INF] Content root path: C:\ITPE3200\ITPE3200_Exam_project-main\ITPE3200_Exam_project-main\ITPE3200_Exam_project
2024-11-04 13:12:05.639 +01:00 [INF] Request starting HTTP/1.1 GET http://localhost:5017/ - null null
2024-11-04 13:12:05.685 +01:00 [INF] Executing endpoint 'MyShop.Controllers.HomeController.Index (MyShop)'
2024-11-04 13:12:05.693 +01:00 [INF] Route matched with {action = "Index", controller = "Home", page = "", area = ""}. Executing controller action with signature Microsoft.AspNetCore.Mvc.IActionResult Index() on controller MyShop.Controllers.HomeController (MyShop).
2024-11-04 13:12:05.699 +01:00 [INF] Executing ViewResult, running view Index.
2024-11-04 13:12:05.762 +01:00 [INF] Executed ViewResult - view Index executed in 63.6914ms.
2024-11-04 13:12:05.764 +01:00 [INF] Executed action MyShop.Controllers.HomeController.Index (MyShop) in 70.071ms
2024-11-04 13:12:05.764 +01:00 [INF] Executed endpoint 'MyShop.Controllers.HomeController.Index (MyShop)'
2024-11-04 13:12:05.767 +01:00 [INF] Request finished HTTP/1.1 GET http://localhost:5017/ - 200 null text/html; charset=utf-8 129.2375ms
2024-11-04 13:12:07.045 +01:00 [INF] Request starting HTTP/1.1 GET http://localhost:5017/ - null null
2024-11-04 13:12:07.049 +01:00 [INF] Executing endpoint 'MyShop.Controllers.HomeController.Index (MyShop)'
2024-11-04 13:12:07.049 +01:00 [INF] Route matched with {action = "Index", controller = "Home", page = "", area = ""}. Executing controller action with signature Microsoft.AspNetCore.Mvc.IActionResult Index() on controller MyShop.Controllers.HomeController (MyShop).
2024-11-04 13:12:07.050 +01:00 [INF] Executing ViewResult, running view Index.
2024-11-04 13:12:07.054 +01:00 [INF] Executed ViewResult - view Index executed in 3.9836ms.
2024-11-04 13:12:07.054 +01:00 [INF] Executed action MyShop.Controllers.HomeController.Index (MyShop) in 4.4019ms
2024-11-04 13:12:07.054 +01:00 [INF] Executed endpoint 'MyShop.Controllers.HomeController.Index (MyShop)'
2024-11-04 13:12:07.054 +01:00 [INF] Request finished HTTP/1.1 GET http://localhost:5017/ - 200 null text/html; charset=utf-8 8.8013ms
2024-11-04 13:12:07.906 +01:00 [INF] Request starting HTTP/1.1 GET http://localhost:5017/Item/Grid - null null
2024-11-04 13:12:07.917 +01:00 [INF] Executing endpoint 'MyShop.Controllers.ItemController.Grid (MyShop)'
2024-11-04 13:12:07.921 +01:00 [INF] Route matched with {action = "Grid", controller = "Item", page = "", area = ""}. Executing controller action with signature System.Threading.Tasks.Task`1[Microsoft.AspNetCore.Mvc.IActionResult] Grid() on controller MyShop.Controllers.ItemController (MyShop).
2024-11-04 13:12:08.021 +01:00 [INF] Executing ViewResult, running view Grid.
2024-11-04 13:12:08.025 +01:00 [INF] Executed ViewResult - view Grid executed in 4.3859ms.
2024-11-04 13:12:08.025 +01:00 [INF] Executed action MyShop.Controllers.ItemController.Grid (MyShop) in 104.3385ms
2024-11-04 13:12:08.025 +01:00 [INF] Executed endpoint 'MyShop.Controllers.ItemController.Grid (MyShop)'
2024-11-04 13:12:08.028 +01:00 [INF] Request finished HTTP/1.1 GET http://localhost:5017/Item/Grid - 200 null text/html; charset=utf-8 121.9785ms
2024-11-04 13:12:08.609 +01:00 [INF] Request starting HTTP/1.1 GET http://localhost:5017/Customer/Table - null null
2024-11-04 13:12:08.611 +01:00 [INF] Executing endpoint 'MyShop.Controllers.CustomerController.Table (MyShop)'
2024-11-04 13:12:08.614 +01:00 [INF] Route matched with {action = "Table", controller = "Customer", page = "", area = ""}. Executing controller action with signature System.Threading.Tasks.Task`1[Microsoft.AspNetCore.Mvc.IActionResult] Table() on controller MyShop.Controllers.CustomerController (MyShop).
2024-11-04 13:12:08.661 +01:00 [INF] Executing ViewResult, running view Table.
2024-11-04 13:12:08.663 +01:00 [INF] Executed ViewResult - view Table executed in 3.1768ms.
2024-11-04 13:12:08.663 +01:00 [INF] Executed action MyShop.Controllers.CustomerController.Table (MyShop) in 49.4924ms
2024-11-04 13:12:08.663 +01:00 [INF] Executed endpoint 'MyShop.Controllers.CustomerController.Table (MyShop)'
2024-11-04 13:12:08.664 +01:00 [INF] Request finished HTTP/1.1 GET http://localhost:5017/Customer/Table - 200 null text/html; charset=utf-8 54.6532ms
2024-11-04 13:12:53.522 +01:00 [INF] Request starting HTTP/1.1 GET http://localhost:5017/ - null null
2024-11-04 13:12:53.523 +01:00 [INF] Executing endpoint 'MyShop.Controllers.HomeController.Index (MyShop)'
2024-11-04 13:12:53.523 +01:00 [INF] Route matched with {action = "Index", controller = "Home", page = "", area = ""}. Executing controller action with signature Microsoft.AspNetCore.Mvc.IActionResult Index() on controller MyShop.Controllers.HomeController (MyShop).
2024-11-04 13:12:53.523 +01:00 [INF] Executing ViewResult, running view Index.
2024-11-04 13:12:53.524 +01:00 [INF] Executed ViewResult - view Index executed in 1.0025ms.
2024-11-04 13:12:53.524 +01:00 [INF] Executed action MyShop.Controllers.HomeController.Index (MyShop) in 1.1334ms
2024-11-04 13:12:53.524 +01:00 [INF] Executed endpoint 'MyShop.Controllers.HomeController.Index (MyShop)'
2024-11-04 13:12:53.524 +01:00 [INF] Request finished HTTP/1.1 GET http://localhost:5017/ - 200 null text/html; charset=utf-8 2.1795ms
2024-11-04 13:13:12.695 +01:00 [INF] Application is shutting down...
