2024-10-18 13:43:46.253 +02:00 [INF] User profile is available. Using 'C:\Users\Hadle\AppData\Local\ASP.NET\DataProtection-Keys' as key repository and Windows DPAPI to encrypt keys at rest.
2024-10-18 13:43:46.301 +02:00 [INF] Now listening on: http://localhost:5017
2024-10-18 13:43:46.303 +02:00 [INF] Application started. Press Ctrl+C to shut down.
2024-10-18 13:43:46.303 +02:00 [INF] Hosting environment: Development
2024-10-18 13:43:46.304 +02:00 [INF] Content root path: C:\Users\Hadle\Downloads\ITPE3200\ITPE3200_Exam_project
2024-10-18 13:43:47.426 +02:00 [INF] Request starting HTTP/1.1 GET http://localhost:5017/ - null null
2024-10-18 13:43:47.454 +02:00 [INF] Executing endpoint 'MyShop.Controllers.HomeController.Index (MyShop)'
2024-10-18 13:43:47.463 +02:00 [INF] Route matched with {action = "Index", controller = "Home"}. Executing controller action with signature Microsoft.AspNetCore.Mvc.IActionResult Index() on controller MyShop.Controllers.HomeController (MyShop).
2024-10-18 13:43:47.478 +02:00 [INF] Executing ViewResult, running view Index.
2024-10-18 13:43:47.526 +02:00 [INF] Executed ViewResult - view Index executed in 50.0095ms.
2024-10-18 13:43:47.528 +02:00 [INF] Executed action MyShop.Controllers.HomeController.Index (MyShop) in 64.4676ms
2024-10-18 13:43:47.528 +02:00 [INF] Executed endpoint 'MyShop.Controllers.HomeController.Index (MyShop)'
2024-10-18 13:43:47.530 +02:00 [INF] Request finished HTTP/1.1 GET http://localhost:5017/ - 200 null text/html; charset=utf-8 105.2431ms
2024-10-18 13:43:47.551 +02:00 [INF] Request starting HTTP/1.1 GET http://localhost:5017/images/salad.png - null null
2024-10-18 13:43:47.552 +02:00 [INF] Request starting HTTP/1.1 GET http://localhost:5017/images/nøkkelhull.png - null null
2024-10-18 13:43:47.556 +02:00 [INF] The file /images/nøkkelhull.png was not modified
2024-10-18 13:43:47.556 +02:00 [INF] The file /images/salad.png was not modified
2024-10-18 13:43:47.557 +02:00 [INF] Request finished HTTP/1.1 GET http://localhost:5017/images/salad.png - 304 null image/png 5.6654ms
2024-10-18 13:43:47.557 +02:00 [INF] Request finished HTTP/1.1 GET http://localhost:5017/images/nøkkelhull.png - 304 null image/png 5.3111ms
2024-10-18 13:44:59.095 +02:00 [INF] Application is shutting down...
