2024-11-04 13:58:43.193 +01:00 [INF] User profile is available. Using 'C:\Users\jovan\AppData\Local\ASP.NET\DataProtection-Keys' as key repository and Windows DPAPI to encrypt keys at rest.
2024-11-04 13:58:43.317 +01:00 [INF] Now listening on: http://localhost:5017
2024-11-04 13:58:43.321 +01:00 [INF] Application started. Press Ctrl+C to shut down.
2024-11-04 13:58:43.321 +01:00 [INF] Hosting environment: Development
2024-11-04 13:58:43.321 +01:00 [INF] Content root path: C:\TestMappe\Eksamen\ITPE3200_Exam_project
2024-11-04 13:58:45.357 +01:00 [INF] Request starting HTTP/1.1 GET http://localhost:5017/ - null null
2024-11-04 13:58:45.395 +01:00 [INF] Identity.Application was not authenticated. Failure message: Unprotect ticket failed
2024-11-04 13:58:45.399 +01:00 [INF] Executing endpoint 'MyShop.Controllers.HomeController.Index (MyShop)'
2024-11-04 13:58:45.407 +01:00 [INF] Route matched with {action = "Index", controller = "Home", page = "", area = ""}. Executing controller action with signature Microsoft.AspNetCore.Mvc.IActionResult Index() on controller MyShop.Controllers.HomeController (MyShop).
2024-11-04 13:58:45.414 +01:00 [INF] Executing ViewResult, running view Index.
2024-11-04 13:58:45.498 +01:00 [INF] Executed ViewResult - view Index executed in 84.5036ms.
2024-11-04 13:58:45.500 +01:00 [INF] Executed action MyShop.Controllers.HomeController.Index (MyShop) in 91.7432ms
2024-11-04 13:58:45.500 +01:00 [INF] Executed endpoint 'MyShop.Controllers.HomeController.Index (MyShop)'
2024-11-04 13:58:45.504 +01:00 [INF] Request finished HTTP/1.1 GET http://localhost:5017/ - 200 null text/html; charset=utf-8 149.6396ms
2024-11-04 13:58:47.243 +01:00 [INF] Request starting HTTP/1.1 GET http://localhost:5017/Identity/Account/Login - null null
2024-11-04 13:58:47.246 +01:00 [INF] Identity.Application was not authenticated. Failure message: Unprotect ticket failed
2024-11-04 13:58:47.246 +01:00 [INF] Executing endpoint '/Account/Login'
2024-11-04 13:58:47.261 +01:00 [INF] Route matched with {page = "/Account/Login", area = "Identity", action = "", controller = ""}. Executing page /Account/Login
2024-11-04 13:58:47.276 +01:00 [INF] Executing handler method MyShop.Areas.Identity.Pages.Account.LoginModel.OnGetAsync - ModelState is "Valid"
2024-11-04 13:58:47.282 +01:00 [INF] AuthenticationScheme: Identity.External signed out.
2024-11-04 13:58:47.283 +01:00 [INF] Executed handler method OnGetAsync, returned result .
2024-11-04 13:58:47.286 +01:00 [INF] Executing an implicit handler method - ModelState is "Valid"
2024-11-04 13:58:47.286 +01:00 [INF] Executed an implicit handler method, returned result Microsoft.AspNetCore.Mvc.RazorPages.PageResult.
2024-11-04 13:58:47.316 +01:00 [INF] Executed page /Account/Login in 55.1466ms
2024-11-04 13:58:47.316 +01:00 [INF] Executed endpoint '/Account/Login'
2024-11-04 13:58:47.316 +01:00 [INF] Request finished HTTP/1.1 GET http://localhost:5017/Identity/Account/Login - 200 null text/html; charset=utf-8 73.5476ms
2024-11-04 13:58:47.341 +01:00 [INF] Request starting HTTP/1.1 GET http://localhost:5017/css/Login.css - null null
2024-11-04 13:58:47.353 +01:00 [INF] Sending file. Request path: '/css/Login.css'. Physical path: 'C:\TestMappe\Eksamen\ITPE3200_Exam_project\wwwroot\css\Login.css'
2024-11-04 13:58:47.353 +01:00 [INF] Request finished HTTP/1.1 GET http://localhost:5017/css/Login.css - 200 2029 text/css 11.9892ms
2024-11-04 13:58:47.354 +01:00 [INF] Request starting HTTP/1.1 GET http://localhost:5017/images/SignUp.png - null null
2024-11-04 13:58:47.355 +01:00 [INF] The file /images/SignUp.png was not modified
2024-11-04 13:58:47.355 +01:00 [INF] Request finished HTTP/1.1 GET http://localhost:5017/images/SignUp.png - 304 null image/png 0.949ms
2024-11-04 13:58:47.359 +01:00 [INF] Request starting HTTP/1.1 GET http://localhost:5017/lib/jquery-validation/dist/jquery.validate.min.js - null null
2024-11-04 13:58:47.360 +01:00 [INF] Request starting HTTP/1.1 GET http://localhost:5017/lib/jquery-validation-unobtrusive/jquery.validate.unobtrusive.min.js - null null
2024-11-04 13:58:47.361 +01:00 [INF] Identity.Application was not authenticated. Failure message: Unprotect ticket failed
2024-11-04 13:58:47.361 +01:00 [INF] Identity.Application was not authenticated. Failure message: Unprotect ticket failed
2024-11-04 13:58:47.361 +01:00 [INF] Request finished HTTP/1.1 GET http://localhost:5017/lib/jquery-validation-unobtrusive/jquery.validate.unobtrusive.min.js - 404 0 null 1.596ms
2024-11-04 13:58:47.361 +01:00 [INF] Request finished HTTP/1.1 GET http://localhost:5017/lib/jquery-validation/dist/jquery.validate.min.js - 404 0 null 1.9886ms
2024-11-04 13:58:47.362 +01:00 [INF] Request reached the end of the middleware pipeline without being handled by application code. Request path: GET http://localhost:5017/lib/jquery-validation-unobtrusive/jquery.validate.unobtrusive.min.js, Response status code: 404
2024-11-04 13:58:47.362 +01:00 [INF] Request reached the end of the middleware pipeline without being handled by application code. Request path: GET http://localhost:5017/lib/jquery-validation/dist/jquery.validate.min.js, Response status code: 404
2024-11-04 13:58:50.008 +01:00 [INF] Request starting HTTP/1.1 GET http://localhost:5017/Identity/Account/Register - null null
2024-11-04 13:58:50.013 +01:00 [INF] Identity.Application was not authenticated. Failure message: Unprotect ticket failed
2024-11-04 13:58:50.013 +01:00 [INF] Executing endpoint '/Account/Register'
2024-11-04 13:58:50.020 +01:00 [INF] Route matched with {page = "/Account/Register", area = "Identity", action = "", controller = ""}. Executing page /Account/Register
2024-11-04 13:58:50.032 +01:00 [INF] Executing handler method MyShop.Areas.Identity.Pages.Account.RegisterModel.OnGetAsync - ModelState is "Valid"
2024-11-04 13:58:50.033 +01:00 [INF] Executed handler method OnGetAsync, returned result .
2024-11-04 13:58:50.033 +01:00 [INF] Executing an implicit handler method - ModelState is "Valid"
2024-11-04 13:58:50.033 +01:00 [INF] Executed an implicit handler method, returned result Microsoft.AspNetCore.Mvc.RazorPages.PageResult.
2024-11-04 13:58:50.048 +01:00 [INF] Executed page /Account/Register in 28.0815ms
2024-11-04 13:58:50.048 +01:00 [INF] Executed endpoint '/Account/Register'
2024-11-04 13:58:50.048 +01:00 [INF] Request finished HTTP/1.1 GET http://localhost:5017/Identity/Account/Register - 200 null text/html; charset=utf-8 40.8268ms
2024-11-04 13:58:50.065 +01:00 [INF] Request starting HTTP/1.1 GET http://localhost:5017/lib/jquery-validation/dist/jquery.validate.min.js - null null
2024-11-04 13:58:50.065 +01:00 [INF] Request starting HTTP/1.1 GET http://localhost:5017/lib/jquery-validation-unobtrusive/jquery.validate.unobtrusive.min.js - null null
2024-11-04 13:58:50.065 +01:00 [INF] Identity.Application was not authenticated. Failure message: Unprotect ticket failed
2024-11-04 13:58:50.065 +01:00 [INF] Identity.Application was not authenticated. Failure message: Unprotect ticket failed
2024-11-04 13:58:50.065 +01:00 [INF] Request finished HTTP/1.1 GET http://localhost:5017/lib/jquery-validation-unobtrusive/jquery.validate.unobtrusive.min.js - 404 0 null 0.8266ms
2024-11-04 13:58:50.066 +01:00 [INF] Request finished HTTP/1.1 GET http://localhost:5017/lib/jquery-validation/dist/jquery.validate.min.js - 404 0 null 0.8466ms
2024-11-04 13:58:50.066 +01:00 [INF] Request reached the end of the middleware pipeline without being handled by application code. Request path: GET http://localhost:5017/lib/jquery-validation-unobtrusive/jquery.validate.unobtrusive.min.js, Response status code: 404
2024-11-04 13:58:50.066 +01:00 [INF] Request reached the end of the middleware pipeline without being handled by application code. Request path: GET http://localhost:5017/lib/jquery-validation/dist/jquery.validate.min.js, Response status code: 404
2024-11-04 13:58:55.260 +01:00 [INF] Request starting HTTP/1.1 GET http://localhost:5017/Identity/Account/Login - null null
2024-11-04 13:58:55.261 +01:00 [INF] Identity.Application was not authenticated. Failure message: Unprotect ticket failed
2024-11-04 13:58:55.261 +01:00 [INF] Executing endpoint '/Account/Login'
2024-11-04 13:58:55.262 +01:00 [INF] Route matched with {page = "/Account/Login", area = "Identity", action = "", controller = ""}. Executing page /Account/Login
2024-11-04 13:58:55.262 +01:00 [INF] Executing handler method MyShop.Areas.Identity.Pages.Account.LoginModel.OnGetAsync - ModelState is "Valid"
2024-11-04 13:58:55.264 +01:00 [INF] AuthenticationScheme: Identity.External signed out.
2024-11-04 13:58:55.265 +01:00 [INF] Executed handler method OnGetAsync, returned result .
2024-11-04 13:58:55.265 +01:00 [INF] Executing an implicit handler method - ModelState is "Valid"
2024-11-04 13:58:55.265 +01:00 [INF] Executed an implicit handler method, returned result Microsoft.AspNetCore.Mvc.RazorPages.PageResult.
2024-11-04 13:58:55.270 +01:00 [INF] Executed page /Account/Login in 7.8539ms
2024-11-04 13:58:55.270 +01:00 [INF] Executed endpoint '/Account/Login'
2024-11-04 13:58:55.270 +01:00 [INF] Request finished HTTP/1.1 GET http://localhost:5017/Identity/Account/Login - 200 null text/html; charset=utf-8 10.4609ms
2024-11-04 13:58:55.293 +01:00 [INF] Request starting HTTP/1.1 GET http://localhost:5017/lib/jquery-validation/dist/jquery.validate.min.js - null null
2024-11-04 13:58:55.293 +01:00 [INF] Request starting HTTP/1.1 GET http://localhost:5017/lib/jquery-validation-unobtrusive/jquery.validate.unobtrusive.min.js - null null
2024-11-04 13:58:55.293 +01:00 [INF] Identity.Application was not authenticated. Failure message: Unprotect ticket failed
2024-11-04 13:58:55.293 +01:00 [INF] Identity.Application was not authenticated. Failure message: Unprotect ticket failed
2024-11-04 13:58:55.293 +01:00 [INF] Request finished HTTP/1.1 GET http://localhost:5017/lib/jquery-validation-unobtrusive/jquery.validate.unobtrusive.min.js - 404 0 null 0.6868ms
2024-11-04 13:58:55.293 +01:00 [INF] Request finished HTTP/1.1 GET http://localhost:5017/lib/jquery-validation/dist/jquery.validate.min.js - 404 0 null 0.7463ms
2024-11-04 13:58:55.293 +01:00 [INF] Request reached the end of the middleware pipeline without being handled by application code. Request path: GET http://localhost:5017/lib/jquery-validation-unobtrusive/jquery.validate.unobtrusive.min.js, Response status code: 404
2024-11-04 13:58:55.294 +01:00 [INF] Request reached the end of the middleware pipeline without being handled by application code. Request path: GET http://localhost:5017/lib/jquery-validation/dist/jquery.validate.min.js, Response status code: 404
2024-11-04 14:32:55.955 +01:00 [INF] Request starting HTTP/1.1 GET http://localhost:5017/Identity/Account/Login - null null
2024-11-04 14:32:55.956 +01:00 [INF] Identity.Application was not authenticated. Failure message: Unprotect ticket failed
2024-11-04 14:32:55.956 +01:00 [INF] Executing endpoint '/Account/Login'
2024-11-04 14:32:55.956 +01:00 [INF] Route matched with {page = "/Account/Login", area = "Identity", action = "", controller = ""}. Executing page /Account/Login
2024-11-04 14:32:55.957 +01:00 [INF] Executing handler method MyShop.Areas.Identity.Pages.Account.LoginModel.OnGetAsync - ModelState is "Valid"
2024-11-04 14:32:55.957 +01:00 [INF] AuthenticationScheme: Identity.External signed out.
2024-11-04 14:32:55.957 +01:00 [INF] Executed handler method OnGetAsync, returned result .
2024-11-04 14:32:55.957 +01:00 [INF] Executing an implicit handler method - ModelState is "Valid"
2024-11-04 14:32:55.957 +01:00 [INF] Executed an implicit handler method, returned result Microsoft.AspNetCore.Mvc.RazorPages.PageResult.
2024-11-04 14:32:55.963 +01:00 [INF] Executed page /Account/Login in 6.1011ms
2024-11-04 14:32:55.963 +01:00 [INF] Executed endpoint '/Account/Login'
2024-11-04 14:32:55.963 +01:00 [INF] Request finished HTTP/1.1 GET http://localhost:5017/Identity/Account/Login - 200 null text/html; charset=utf-8 7.4527ms
2024-11-04 14:32:55.993 +01:00 [INF] Request starting HTTP/1.1 GET http://localhost:5017/images/logo.png - null null
2024-11-04 14:32:55.993 +01:00 [INF] The file /images/logo.png was not modified
2024-11-04 14:32:55.993 +01:00 [INF] Request finished HTTP/1.1 GET http://localhost:5017/images/logo.png - 304 null image/png 0.5086ms
2024-11-04 14:32:55.996 +01:00 [INF] Request starting HTTP/1.1 GET http://localhost:5017/css/Login.css - null null
2024-11-04 14:32:55.997 +01:00 [INF] The file /css/Login.css was not modified
2024-11-04 14:32:55.997 +01:00 [INF] Request finished HTTP/1.1 GET http://localhost:5017/css/Login.css - 304 null text/css 0.5087ms
2024-11-04 14:32:56.007 +01:00 [INF] Request starting HTTP/1.1 GET http://localhost:5017/images/SignUp.png - null null
2024-11-04 14:32:56.007 +01:00 [INF] Request starting HTTP/1.1 GET http://localhost:5017/lib/jquery-validation/dist/jquery.validate.min.js - null null
2024-11-04 14:32:56.007 +01:00 [INF] The file /images/SignUp.png was not modified
2024-11-04 14:32:56.007 +01:00 [INF] Request finished HTTP/1.1 GET http://localhost:5017/images/SignUp.png - 304 null image/png 0.3817ms
2024-11-04 14:32:56.007 +01:00 [INF] Identity.Application was not authenticated. Failure message: Unprotect ticket failed
2024-11-04 14:32:56.008 +01:00 [INF] Request finished HTTP/1.1 GET http://localhost:5017/lib/jquery-validation/dist/jquery.validate.min.js - 404 0 null 0.6843ms
2024-11-04 14:32:56.008 +01:00 [INF] Request reached the end of the middleware pipeline without being handled by application code. Request path: GET http://localhost:5017/lib/jquery-validation/dist/jquery.validate.min.js, Response status code: 404
2024-11-04 14:32:56.012 +01:00 [INF] Request starting HTTP/1.1 GET http://localhost:5017/lib/jquery-validation-unobtrusive/jquery.validate.unobtrusive.min.js - null null
2024-11-04 14:32:56.012 +01:00 [INF] Identity.Application was not authenticated. Failure message: Unprotect ticket failed
2024-11-04 14:32:56.013 +01:00 [INF] Request finished HTTP/1.1 GET http://localhost:5017/lib/jquery-validation-unobtrusive/jquery.validate.unobtrusive.min.js - 404 0 null 0.5398ms
2024-11-04 14:32:56.013 +01:00 [INF] Request reached the end of the middleware pipeline without being handled by application code. Request path: GET http://localhost:5017/lib/jquery-validation-unobtrusive/jquery.validate.unobtrusive.min.js, Response status code: 404
2024-11-04 14:33:04.799 +01:00 [INF] Request starting HTTP/1.1 GET http://localhost:5017/ - null null
2024-11-04 14:33:04.800 +01:00 [INF] Identity.Application was not authenticated. Failure message: Unprotect ticket failed
2024-11-04 14:33:04.800 +01:00 [INF] Executing endpoint 'MyShop.Controllers.HomeController.Index (MyShop)'
2024-11-04 14:33:04.800 +01:00 [INF] Route matched with {action = "Index", controller = "Home", page = "", area = ""}. Executing controller action with signature Microsoft.AspNetCore.Mvc.IActionResult Index() on controller MyShop.Controllers.HomeController (MyShop).
2024-11-04 14:33:04.802 +01:00 [INF] Executing ViewResult, running view Index.
2024-11-04 14:33:04.805 +01:00 [INF] Executed ViewResult - view Index executed in 3.8798ms.
2024-11-04 14:33:04.805 +01:00 [INF] Executed action MyShop.Controllers.HomeController.Index (MyShop) in 4.7784ms
2024-11-04 14:33:04.805 +01:00 [INF] Executed endpoint 'MyShop.Controllers.HomeController.Index (MyShop)'
2024-11-04 14:33:04.805 +01:00 [INF] Request finished HTTP/1.1 GET http://localhost:5017/ - 200 null text/html; charset=utf-8 6.289ms
2024-11-04 14:33:06.565 +01:00 [INF] Request starting HTTP/1.1 GET http://localhost:5017/Item/Grid - null null
2024-11-04 14:33:06.566 +01:00 [INF] Identity.Application was not authenticated. Failure message: Unprotect ticket failed
2024-11-04 14:33:06.566 +01:00 [INF] Executing endpoint 'MyShop.Controllers.ItemController.Grid (MyShop)'
2024-11-04 14:33:06.576 +01:00 [INF] Route matched with {action = "Grid", controller = "Item", page = "", area = ""}. Executing controller action with signature System.Threading.Tasks.Task`1[Microsoft.AspNetCore.Mvc.IActionResult] Grid() on controller MyShop.Controllers.ItemController (MyShop).
2024-11-04 14:33:06.840 +01:00 [INF] Executing ViewResult, running view Grid.
2024-11-04 14:33:06.847 +01:00 [INF] Executed ViewResult - view Grid executed in 8.4537ms.
2024-11-04 14:33:06.848 +01:00 [INF] Executed action MyShop.Controllers.ItemController.Grid (MyShop) in 271.8639ms
2024-11-04 14:33:06.848 +01:00 [INF] Executed endpoint 'MyShop.Controllers.ItemController.Grid (MyShop)'
2024-11-04 14:33:06.855 +01:00 [INF] Request finished HTTP/1.1 GET http://localhost:5017/Item/Grid - 200 null text/html; charset=utf-8 290.2502ms
2024-11-04 14:33:06.875 +01:00 [INF] Request starting HTTP/1.1 GET http://localhost:5017/images/table.png - null null
2024-11-04 14:33:06.876 +01:00 [INF] The file /images/table.png was not modified
2024-11-04 14:33:06.876 +01:00 [INF] Request finished HTTP/1.1 GET http://localhost:5017/images/table.png - 304 null image/png 0.5272ms
2024-11-04 14:33:07.867 +01:00 [INF] Request starting HTTP/1.1 GET http://localhost:5017/Customer/Table - null null
2024-11-04 14:33:07.868 +01:00 [INF] Identity.Application was not authenticated. Failure message: Unprotect ticket failed
2024-11-04 14:33:07.869 +01:00 [INF] Executing endpoint 'MyShop.Controllers.CustomerController.Table (MyShop)'
2024-11-04 14:33:07.876 +01:00 [INF] Route matched with {action = "Table", controller = "Customer", page = "", area = ""}. Executing controller action with signature System.Threading.Tasks.Task`1[Microsoft.AspNetCore.Mvc.IActionResult] Table() on controller MyShop.Controllers.CustomerController (MyShop).
2024-11-04 14:33:08.010 +01:00 [INF] Executing ViewResult, running view Table.
2024-11-04 14:33:08.162 +01:00 [INF] Executed ViewResult - view Table executed in 153.0712ms.
2024-11-04 14:33:08.163 +01:00 [INF] Executed action MyShop.Controllers.CustomerController.Table (MyShop) in 286.7793ms
2024-11-04 14:33:08.163 +01:00 [INF] Executed endpoint 'MyShop.Controllers.CustomerController.Table (MyShop)'
2024-11-04 14:33:08.163 +01:00 [INF] Request finished HTTP/1.1 GET http://localhost:5017/Customer/Table - 200 null text/html; charset=utf-8 296.2946ms
2024-11-04 14:33:09.116 +01:00 [INF] Request starting HTTP/1.1 GET http://localhost:5017/Customer/Table - null null
2024-11-04 14:33:09.117 +01:00 [INF] Identity.Application was not authenticated. Failure message: Unprotect ticket failed
2024-11-04 14:33:09.117 +01:00 [INF] Executing endpoint 'MyShop.Controllers.CustomerController.Table (MyShop)'
2024-11-04 14:33:09.117 +01:00 [INF] Route matched with {action = "Table", controller = "Customer", page = "", area = ""}. Executing controller action with signature System.Threading.Tasks.Task`1[Microsoft.AspNetCore.Mvc.IActionResult] Table() on controller MyShop.Controllers.CustomerController (MyShop).
2024-11-04 14:33:09.121 +01:00 [INF] Executing ViewResult, running view Table.
2024-11-04 14:33:09.129 +01:00 [INF] Executed ViewResult - view Table executed in 7.5899ms.
2024-11-04 14:33:09.129 +01:00 [INF] Executed action MyShop.Controllers.CustomerController.Table (MyShop) in 11.2187ms
2024-11-04 14:33:09.129 +01:00 [INF] Executed endpoint 'MyShop.Controllers.CustomerController.Table (MyShop)'
2024-11-04 14:33:09.129 +01:00 [INF] Request finished HTTP/1.1 GET http://localhost:5017/Customer/Table - 200 null text/html; charset=utf-8 12.7605ms
2024-11-04 14:33:09.793 +01:00 [INF] Request starting HTTP/1.1 GET http://localhost:5017/Item/Grid - null null
2024-11-04 14:33:09.796 +01:00 [INF] Identity.Application was not authenticated. Failure message: Unprotect ticket failed
2024-11-04 14:33:09.796 +01:00 [INF] Executing endpoint 'MyShop.Controllers.ItemController.Grid (MyShop)'
2024-11-04 14:33:09.796 +01:00 [INF] Route matched with {action = "Grid", controller = "Item", page = "", area = ""}. Executing controller action with signature System.Threading.Tasks.Task`1[Microsoft.AspNetCore.Mvc.IActionResult] Grid() on controller MyShop.Controllers.ItemController (MyShop).
2024-11-04 14:33:09.801 +01:00 [INF] Executing ViewResult, running view Grid.
2024-11-04 14:33:09.804 +01:00 [INF] Executed ViewResult - view Grid executed in 3.414ms.
2024-11-04 14:33:09.805 +01:00 [INF] Executed action MyShop.Controllers.ItemController.Grid (MyShop) in 8.4199ms
2024-11-04 14:33:09.805 +01:00 [INF] Executed endpoint 'MyShop.Controllers.ItemController.Grid (MyShop)'
2024-11-04 14:33:09.805 +01:00 [INF] Request finished HTTP/1.1 GET http://localhost:5017/Item/Grid - 200 null text/html; charset=utf-8 11.7133ms
2024-11-04 14:33:10.556 +01:00 [INF] Request starting HTTP/1.1 GET http://localhost:5017/ - null null
2024-11-04 14:33:10.556 +01:00 [INF] Identity.Application was not authenticated. Failure message: Unprotect ticket failed
2024-11-04 14:33:10.556 +01:00 [INF] Executing endpoint 'MyShop.Controllers.HomeController.Index (MyShop)'
2024-11-04 14:33:10.557 +01:00 [INF] Route matched with {action = "Index", controller = "Home", page = "", area = ""}. Executing controller action with signature Microsoft.AspNetCore.Mvc.IActionResult Index() on controller MyShop.Controllers.HomeController (MyShop).
2024-11-04 14:33:10.557 +01:00 [INF] Executing ViewResult, running view Index.
2024-11-04 14:33:10.558 +01:00 [INF] Executed ViewResult - view Index executed in 0.9563ms.
2024-11-04 14:33:10.558 +01:00 [INF] Executed action MyShop.Controllers.HomeController.Index (MyShop) in 1.1062ms
2024-11-04 14:33:10.558 +01:00 [INF] Executed endpoint 'MyShop.Controllers.HomeController.Index (MyShop)'
2024-11-04 14:33:10.558 +01:00 [INF] Request finished HTTP/1.1 GET http://localhost:5017/ - 200 null text/html; charset=utf-8 1.9016ms
2024-11-04 14:33:11.595 +01:00 [INF] Request starting HTTP/1.1 GET http://localhost:5017/ - null null
2024-11-04 14:33:11.595 +01:00 [INF] Identity.Application was not authenticated. Failure message: Unprotect ticket failed
2024-11-04 14:33:11.595 +01:00 [INF] Executing endpoint 'MyShop.Controllers.HomeController.Index (MyShop)'
2024-11-04 14:33:11.595 +01:00 [INF] Route matched with {action = "Index", controller = "Home", page = "", area = ""}. Executing controller action with signature Microsoft.AspNetCore.Mvc.IActionResult Index() on controller MyShop.Controllers.HomeController (MyShop).
2024-11-04 14:33:11.596 +01:00 [INF] Executing ViewResult, running view Index.
2024-11-04 14:33:11.598 +01:00 [INF] Executed ViewResult - view Index executed in 1.9992ms.
2024-11-04 14:33:11.598 +01:00 [INF] Executed action MyShop.Controllers.HomeController.Index (MyShop) in 2.2162ms
2024-11-04 14:33:11.598 +01:00 [INF] Executed endpoint 'MyShop.Controllers.HomeController.Index (MyShop)'
2024-11-04 14:33:11.598 +01:00 [INF] Request finished HTTP/1.1 GET http://localhost:5017/ - 200 null text/html; charset=utf-8 3.635ms
2024-11-04 14:33:13.164 +01:00 [INF] Request starting HTTP/1.1 GET http://localhost:5017/Customer/Table - null null
2024-11-04 14:33:13.164 +01:00 [INF] Identity.Application was not authenticated. Failure message: Unprotect ticket failed
2024-11-04 14:33:13.164 +01:00 [INF] Executing endpoint 'MyShop.Controllers.CustomerController.Table (MyShop)'
2024-11-04 14:33:13.164 +01:00 [INF] Route matched with {action = "Table", controller = "Customer", page = "", area = ""}. Executing controller action with signature System.Threading.Tasks.Task`1[Microsoft.AspNetCore.Mvc.IActionResult] Table() on controller MyShop.Controllers.CustomerController (MyShop).
2024-11-04 14:33:13.167 +01:00 [INF] Executing ViewResult, running view Table.
2024-11-04 14:33:13.172 +01:00 [INF] Executed ViewResult - view Table executed in 4.9253ms.
2024-11-04 14:33:13.172 +01:00 [INF] Executed action MyShop.Controllers.CustomerController.Table (MyShop) in 7.7357ms
2024-11-04 14:33:13.172 +01:00 [INF] Executed endpoint 'MyShop.Controllers.CustomerController.Table (MyShop)'
2024-11-04 14:33:13.172 +01:00 [INF] Request finished HTTP/1.1 GET http://localhost:5017/Customer/Table - 200 null text/html; charset=utf-8 8.5802ms
2024-11-04 14:33:21.904 +01:00 [INF] Request starting HTTP/1.1 GET http://localhost:5017/Item/Grid - null null
2024-11-04 14:33:21.904 +01:00 [INF] Identity.Application was not authenticated. Failure message: Unprotect ticket failed
2024-11-04 14:33:21.904 +01:00 [INF] Executing endpoint 'MyShop.Controllers.ItemController.Grid (MyShop)'
2024-11-04 14:33:21.905 +01:00 [INF] Route matched with {action = "Grid", controller = "Item", page = "", area = ""}. Executing controller action with signature System.Threading.Tasks.Task`1[Microsoft.AspNetCore.Mvc.IActionResult] Grid() on controller MyShop.Controllers.ItemController (MyShop).
2024-11-04 14:33:21.908 +01:00 [INF] Executing ViewResult, running view Grid.
2024-11-04 14:33:21.910 +01:00 [INF] Executed ViewResult - view Grid executed in 1.985ms.
2024-11-04 14:33:21.910 +01:00 [INF] Executed action MyShop.Controllers.ItemController.Grid (MyShop) in 5.6068ms
2024-11-04 14:33:21.910 +01:00 [INF] Executed endpoint 'MyShop.Controllers.ItemController.Grid (MyShop)'
2024-11-04 14:33:21.911 +01:00 [INF] Request finished HTTP/1.1 GET http://localhost:5017/Item/Grid - 200 null text/html; charset=utf-8 6.9997ms
2024-11-04 14:33:23.827 +01:00 [INF] Request starting HTTP/1.1 GET http://localhost:5017/Item/Table - null null
2024-11-04 14:33:23.828 +01:00 [INF] Identity.Application was not authenticated. Failure message: Unprotect ticket failed
2024-11-04 14:33:23.828 +01:00 [INF] Executing endpoint 'MyShop.Controllers.ItemController.Table (MyShop)'
2024-11-04 14:33:23.833 +01:00 [INF] Route matched with {action = "Table", controller = "Item", page = "", area = ""}. Executing controller action with signature System.Threading.Tasks.Task`1[Microsoft.AspNetCore.Mvc.IActionResult] Table() on controller MyShop.Controllers.ItemController (MyShop).
2024-11-04 14:33:23.839 +01:00 [INF] Executing ViewResult, running view Table.
2024-11-04 14:33:23.852 +01:00 [INF] Executed ViewResult - view Table executed in 14.9311ms.
2024-11-04 14:33:23.852 +01:00 [INF] Executed action MyShop.Controllers.ItemController.Table (MyShop) in 18.7907ms
2024-11-04 14:33:23.852 +01:00 [INF] Executed endpoint 'MyShop.Controllers.ItemController.Table (MyShop)'
2024-11-04 14:33:23.852 +01:00 [INF] Request finished HTTP/1.1 GET http://localhost:5017/Item/Table - 200 null text/html; charset=utf-8 25.0105ms
2024-11-04 14:33:23.877 +01:00 [INF] Request starting HTTP/1.1 GET http://localhost:5017/images/grid-view.png - null null
2024-11-04 14:33:23.877 +01:00 [INF] The file /images/grid-view.png was not modified
2024-11-04 14:33:23.878 +01:00 [INF] Request finished HTTP/1.1 GET http://localhost:5017/images/grid-view.png - 304 null image/png 0.5421ms
2024-11-04 14:33:26.551 +01:00 [INF] Request starting HTTP/1.1 GET http://localhost:5017/Item/Grid - null null
2024-11-04 14:33:26.551 +01:00 [INF] Identity.Application was not authenticated. Failure message: Unprotect ticket failed
2024-11-04 14:33:26.551 +01:00 [INF] Executing endpoint 'MyShop.Controllers.ItemController.Grid (MyShop)'
2024-11-04 14:33:26.551 +01:00 [INF] Route matched with {action = "Grid", controller = "Item", page = "", area = ""}. Executing controller action with signature System.Threading.Tasks.Task`1[Microsoft.AspNetCore.Mvc.IActionResult] Grid() on controller MyShop.Controllers.ItemController (MyShop).
2024-11-04 14:33:26.555 +01:00 [INF] Executing ViewResult, running view Grid.
2024-11-04 14:33:26.556 +01:00 [INF] Executed ViewResult - view Grid executed in 1.091ms.
2024-11-04 14:33:26.556 +01:00 [INF] Executed action MyShop.Controllers.ItemController.Grid (MyShop) in 4.6179ms
2024-11-04 14:33:26.556 +01:00 [INF] Executed endpoint 'MyShop.Controllers.ItemController.Grid (MyShop)'
2024-11-04 14:33:26.556 +01:00 [INF] Request finished HTTP/1.1 GET http://localhost:5017/Item/Grid - 200 null text/html; charset=utf-8 5.5508ms
2024-11-04 14:33:41.337 +01:00 [INF] Request starting HTTP/1.1 GET http://localhost:5017/Item/Table - null null
2024-11-04 14:33:41.337 +01:00 [INF] Identity.Application was not authenticated. Failure message: Unprotect ticket failed
2024-11-04 14:33:41.338 +01:00 [INF] Executing endpoint 'MyShop.Controllers.ItemController.Table (MyShop)'
2024-11-04 14:33:41.338 +01:00 [INF] Route matched with {action = "Table", controller = "Item", page = "", area = ""}. Executing controller action with signature System.Threading.Tasks.Task`1[Microsoft.AspNetCore.Mvc.IActionResult] Table() on controller MyShop.Controllers.ItemController (MyShop).
2024-11-04 14:33:41.342 +01:00 [INF] Executing ViewResult, running view Table.
2024-11-04 14:33:41.344 +01:00 [INF] Executed ViewResult - view Table executed in 2.2109ms.
2024-11-04 14:33:41.344 +01:00 [INF] Executed action MyShop.Controllers.ItemController.Table (MyShop) in 6.526ms
2024-11-04 14:33:41.344 +01:00 [INF] Executed endpoint 'MyShop.Controllers.ItemController.Table (MyShop)'
2024-11-04 14:33:41.344 +01:00 [INF] Request finished HTTP/1.1 GET http://localhost:5017/Item/Table - 200 null text/html; charset=utf-8 7.5076ms
2024-11-04 14:33:44.537 +01:00 [INF] Request starting HTTP/1.1 GET http://localhost:5017/Item/Details/1 - null null
2024-11-04 14:33:44.537 +01:00 [INF] Identity.Application was not authenticated. Failure message: Unprotect ticket failed
2024-11-04 14:33:44.537 +01:00 [INF] Executing endpoint 'MyShop.Controllers.ItemController.Details (MyShop)'
2024-11-04 14:33:44.543 +01:00 [INF] Route matched with {action = "Details", controller = "Item", page = "", area = ""}. Executing controller action with signature System.Threading.Tasks.Task`1[Microsoft.AspNetCore.Mvc.IActionResult] Details(Int32) on controller MyShop.Controllers.ItemController (MyShop).
2024-11-04 14:33:44.579 +01:00 [INF] Executing ViewResult, running view Details.
2024-11-04 14:33:44.586 +01:00 [INF] Executed ViewResult - view Details executed in 8.4265ms.
2024-11-04 14:33:44.586 +01:00 [INF] Executed action MyShop.Controllers.ItemController.Details (MyShop) in 43.1243ms
2024-11-04 14:33:44.587 +01:00 [INF] Executed endpoint 'MyShop.Controllers.ItemController.Details (MyShop)'
2024-11-04 14:33:44.587 +01:00 [INF] Request finished HTTP/1.1 GET http://localhost:5017/Item/Details/1 - 200 null text/html; charset=utf-8 49.9007ms
2024-11-04 14:33:52.281 +01:00 [INF] Request starting HTTP/1.1 GET http://localhost:5017/Item/Details/1 - null null
2024-11-04 14:33:52.282 +01:00 [INF] Identity.Application was not authenticated. Failure message: Unprotect ticket failed
2024-11-04 14:33:52.282 +01:00 [INF] Executing endpoint 'MyShop.Controllers.ItemController.Details (MyShop)'
2024-11-04 14:33:52.282 +01:00 [INF] Route matched with {action = "Details", controller = "Item", page = "", area = ""}. Executing controller action with signature System.Threading.Tasks.Task`1[Microsoft.AspNetCore.Mvc.IActionResult] Details(Int32) on controller MyShop.Controllers.ItemController (MyShop).
2024-11-04 14:33:52.285 +01:00 [INF] Executing ViewResult, running view Details.
2024-11-04 14:33:52.288 +01:00 [INF] Executed ViewResult - view Details executed in 2.3479ms.
2024-11-04 14:33:52.288 +01:00 [INF] Executed action MyShop.Controllers.ItemController.Details (MyShop) in 5.8379ms
2024-11-04 14:33:52.288 +01:00 [INF] Executed endpoint 'MyShop.Controllers.ItemController.Details (MyShop)'
2024-11-04 14:33:52.288 +01:00 [INF] Request finished HTTP/1.1 GET http://localhost:5017/Item/Details/1 - 200 null text/html; charset=utf-8 6.9244ms
2024-11-04 14:34:07.784 +01:00 [INF] Request starting HTTP/1.1 GET http://localhost:5017/Item/Table - null null
2024-11-04 14:34:07.785 +01:00 [INF] Identity.Application was not authenticated. Failure message: Unprotect ticket failed
2024-11-04 14:34:07.785 +01:00 [INF] Executing endpoint 'MyShop.Controllers.ItemController.Table (MyShop)'
2024-11-04 14:34:07.785 +01:00 [INF] Route matched with {action = "Table", controller = "Item", page = "", area = ""}. Executing controller action with signature System.Threading.Tasks.Task`1[Microsoft.AspNetCore.Mvc.IActionResult] Table() on controller MyShop.Controllers.ItemController (MyShop).
2024-11-04 14:34:07.787 +01:00 [INF] Executing ViewResult, running view Table.
2024-11-04 14:34:07.789 +01:00 [INF] Executed ViewResult - view Table executed in 2.6418ms.
2024-11-04 14:34:07.789 +01:00 [INF] Executed action MyShop.Controllers.ItemController.Table (MyShop) in 4.4408ms
2024-11-04 14:34:07.790 +01:00 [INF] Executed endpoint 'MyShop.Controllers.ItemController.Table (MyShop)'
2024-11-04 14:34:07.790 +01:00 [INF] Request finished HTTP/1.1 GET http://localhost:5017/Item/Table - 200 null text/html; charset=utf-8 5.7073ms
2024-11-04 14:34:11.481 +01:00 [INF] Request starting HTTP/1.1 GET http://localhost:5017/Item/Delete/1 - null null
2024-11-04 14:34:11.481 +01:00 [INF] Identity.Application was not authenticated. Failure message: Unprotect ticket failed
2024-11-04 14:34:11.496 +01:00 [INF] Authorization failed. These requirements were not met:
DenyAnonymousAuthorizationRequirement: Requires an authenticated user.
2024-11-04 14:34:11.499 +01:00 [INF] AuthenticationScheme: Identity.Application was challenged.
2024-11-04 14:34:11.499 +01:00 [INF] Request finished HTTP/1.1 GET http://localhost:5017/Item/Delete/1 - 302 0 null 18.136ms
2024-11-04 14:34:11.503 +01:00 [INF] Request starting HTTP/1.1 GET http://localhost:5017/Identity/Account/Login?ReturnUrl=%2FItem%2FDelete%2F1 - null null
2024-11-04 14:34:11.504 +01:00 [INF] Identity.Application was not authenticated. Failure message: Unprotect ticket failed
2024-11-04 14:34:11.504 +01:00 [INF] Executing endpoint '/Account/Login'
2024-11-04 14:34:11.504 +01:00 [INF] Route matched with {page = "/Account/Login", area = "Identity", action = "", controller = ""}. Executing page /Account/Login
2024-11-04 14:34:11.509 +01:00 [INF] Executing handler method MyShop.Areas.Identity.Pages.Account.LoginModel.OnGetAsync - ModelState is "Valid"
2024-11-04 14:34:11.509 +01:00 [INF] AuthenticationScheme: Identity.External signed out.
2024-11-04 14:34:11.509 +01:00 [INF] Executed handler method OnGetAsync, returned result .
2024-11-04 14:34:11.509 +01:00 [INF] Executing an implicit handler method - ModelState is "Valid"
2024-11-04 14:34:11.510 +01:00 [INF] Executed an implicit handler method, returned result Microsoft.AspNetCore.Mvc.RazorPages.PageResult.
2024-11-04 14:34:11.512 +01:00 [INF] Executed page /Account/Login in 7.8528ms
2024-11-04 14:34:11.512 +01:00 [INF] Executed endpoint '/Account/Login'
2024-11-04 14:34:11.512 +01:00 [INF] Request finished HTTP/1.1 GET http://localhost:5017/Identity/Account/Login?ReturnUrl=%2FItem%2FDelete%2F1 - 200 null text/html; charset=utf-8 9.3116ms
2024-11-04 14:34:11.556 +01:00 [INF] Request starting HTTP/1.1 GET http://localhost:5017/lib/jquery-validation-unobtrusive/jquery.validate.unobtrusive.min.js - null null
2024-11-04 14:34:11.556 +01:00 [INF] Request starting HTTP/1.1 GET http://localhost:5017/lib/jquery-validation/dist/jquery.validate.min.js - null null
2024-11-04 14:34:11.557 +01:00 [INF] Identity.Application was not authenticated. Failure message: Unprotect ticket failed
2024-11-04 14:34:11.557 +01:00 [INF] Identity.Application was not authenticated. Failure message: Unprotect ticket failed
2024-11-04 14:34:11.557 +01:00 [INF] Request finished HTTP/1.1 GET http://localhost:5017/lib/jquery-validation-unobtrusive/jquery.validate.unobtrusive.min.js - 404 0 null 1.1345ms
2024-11-04 14:34:11.557 +01:00 [INF] Request finished HTTP/1.1 GET http://localhost:5017/lib/jquery-validation/dist/jquery.validate.min.js - 404 0 null 1.1488ms
2024-11-04 14:34:11.557 +01:00 [INF] Request reached the end of the middleware pipeline without being handled by application code. Request path: GET http://localhost:5017/lib/jquery-validation-unobtrusive/jquery.validate.unobtrusive.min.js, Response status code: 404
2024-11-04 14:34:11.558 +01:00 [INF] Request reached the end of the middleware pipeline without being handled by application code. Request path: GET http://localhost:5017/lib/jquery-validation/dist/jquery.validate.min.js, Response status code: 404
2024-11-04 14:34:15.428 +01:00 [INF] Request starting HTTP/1.1 GET http://localhost:5017/ - null null
2024-11-04 14:34:15.429 +01:00 [INF] Identity.Application was not authenticated. Failure message: Unprotect ticket failed
2024-11-04 14:34:15.429 +01:00 [INF] Executing endpoint 'MyShop.Controllers.HomeController.Index (MyShop)'
2024-11-04 14:34:15.429 +01:00 [INF] Route matched with {action = "Index", controller = "Home", page = "", area = ""}. Executing controller action with signature Microsoft.AspNetCore.Mvc.IActionResult Index() on controller MyShop.Controllers.HomeController (MyShop).
2024-11-04 14:34:15.429 +01:00 [INF] Executing ViewResult, running view Index.
2024-11-04 14:34:15.430 +01:00 [INF] Executed ViewResult - view Index executed in 0.8314ms.
2024-11-04 14:34:15.430 +01:00 [INF] Executed action MyShop.Controllers.HomeController.Index (MyShop) in 0.9938ms
2024-11-04 14:34:15.430 +01:00 [INF] Executed endpoint 'MyShop.Controllers.HomeController.Index (MyShop)'
2024-11-04 14:34:15.430 +01:00 [INF] Request finished HTTP/1.1 GET http://localhost:5017/ - 200 null text/html; charset=utf-8 1.738ms
2024-11-04 14:34:24.254 +01:00 [INF] Request starting HTTP/1.1 GET http://localhost:5017/Item/Grid - null null
2024-11-04 14:34:24.255 +01:00 [INF] Identity.Application was not authenticated. Failure message: Unprotect ticket failed
2024-11-04 14:34:24.255 +01:00 [INF] Executing endpoint 'MyShop.Controllers.ItemController.Grid (MyShop)'
2024-11-04 14:34:24.255 +01:00 [INF] Route matched with {action = "Grid", controller = "Item", page = "", area = ""}. Executing controller action with signature System.Threading.Tasks.Task`1[Microsoft.AspNetCore.Mvc.IActionResult] Grid() on controller MyShop.Controllers.ItemController (MyShop).
2024-11-04 14:34:24.257 +01:00 [INF] Executing ViewResult, running view Grid.
2024-11-04 14:34:24.258 +01:00 [INF] Executed ViewResult - view Grid executed in 0.8368ms.
2024-11-04 14:34:24.258 +01:00 [INF] Executed action MyShop.Controllers.ItemController.Grid (MyShop) in 3.3234ms
2024-11-04 14:34:24.258 +01:00 [INF] Executed endpoint 'MyShop.Controllers.ItemController.Grid (MyShop)'
2024-11-04 14:34:24.258 +01:00 [INF] Request finished HTTP/1.1 GET http://localhost:5017/Item/Grid - 200 null text/html; charset=utf-8 4.2859ms
2024-11-04 14:34:28.188 +01:00 [INF] Request starting HTTP/1.1 GET http://localhost:5017/Item/Table - null null
2024-11-04 14:34:28.188 +01:00 [INF] Identity.Application was not authenticated. Failure message: Unprotect ticket failed
2024-11-04 14:34:28.188 +01:00 [INF] Executing endpoint 'MyShop.Controllers.ItemController.Table (MyShop)'
2024-11-04 14:34:28.188 +01:00 [INF] Route matched with {action = "Table", controller = "Item", page = "", area = ""}. Executing controller action with signature System.Threading.Tasks.Task`1[Microsoft.AspNetCore.Mvc.IActionResult] Table() on controller MyShop.Controllers.ItemController (MyShop).
2024-11-04 14:34:28.190 +01:00 [INF] Executing ViewResult, running view Table.
2024-11-04 14:34:28.190 +01:00 [INF] Executed ViewResult - view Table executed in 0.562ms.
2024-11-04 14:34:28.190 +01:00 [INF] Executed action MyShop.Controllers.ItemController.Table (MyShop) in 1.6335ms
2024-11-04 14:34:28.190 +01:00 [INF] Executed endpoint 'MyShop.Controllers.ItemController.Table (MyShop)'
2024-11-04 14:34:28.191 +01:00 [INF] Request finished HTTP/1.1 GET http://localhost:5017/Item/Table - 200 null text/html; charset=utf-8 2.7763ms
2024-11-04 14:34:29.307 +01:00 [INF] Request starting HTTP/1.1 GET http://localhost:5017/Item/Grid - null null
2024-11-04 14:34:29.307 +01:00 [INF] Identity.Application was not authenticated. Failure message: Unprotect ticket failed
2024-11-04 14:34:29.307 +01:00 [INF] Executing endpoint 'MyShop.Controllers.ItemController.Grid (MyShop)'
2024-11-04 14:34:29.307 +01:00 [INF] Route matched with {action = "Grid", controller = "Item", page = "", area = ""}. Executing controller action with signature System.Threading.Tasks.Task`1[Microsoft.AspNetCore.Mvc.IActionResult] Grid() on controller MyShop.Controllers.ItemController (MyShop).
2024-11-04 14:34:29.308 +01:00 [INF] Executing ViewResult, running view Grid.
2024-11-04 14:34:29.309 +01:00 [INF] Executed ViewResult - view Grid executed in 0.6031ms.
2024-11-04 14:34:29.309 +01:00 [INF] Executed action MyShop.Controllers.ItemController.Grid (MyShop) in 1.8932ms
2024-11-04 14:34:29.309 +01:00 [INF] Executed endpoint 'MyShop.Controllers.ItemController.Grid (MyShop)'
2024-11-04 14:34:29.309 +01:00 [INF] Request finished HTTP/1.1 GET http://localhost:5017/Item/Grid - 200 null text/html; charset=utf-8 2.8654ms
2024-11-04 14:34:41.599 +01:00 [INF] Request starting HTTP/1.1 GET http://localhost:5017/Item/Grid - null null
2024-11-04 14:34:41.600 +01:00 [INF] Identity.Application was not authenticated. Failure message: Unprotect ticket failed
2024-11-04 14:34:41.600 +01:00 [INF] Executing endpoint 'MyShop.Controllers.ItemController.Grid (MyShop)'
2024-11-04 14:34:41.600 +01:00 [INF] Route matched with {action = "Grid", controller = "Item", page = "", area = ""}. Executing controller action with signature System.Threading.Tasks.Task`1[Microsoft.AspNetCore.Mvc.IActionResult] Grid() on controller MyShop.Controllers.ItemController (MyShop).
2024-11-04 14:34:41.602 +01:00 [INF] Executing ViewResult, running view Grid.
2024-11-04 14:34:41.602 +01:00 [INF] Executed ViewResult - view Grid executed in 0.3782ms.
2024-11-04 14:34:41.602 +01:00 [INF] Executed action MyShop.Controllers.ItemController.Grid (MyShop) in 2.1003ms
2024-11-04 14:34:41.602 +01:00 [INF] Executed endpoint 'MyShop.Controllers.ItemController.Grid (MyShop)'
2024-11-04 14:34:41.602 +01:00 [INF] Request finished HTTP/1.1 GET http://localhost:5017/Item/Grid - 200 null text/html; charset=utf-8 2.7918ms
2024-11-04 14:34:45.421 +01:00 [INF] Request starting HTTP/1.1 GET http://localhost:5017/Item/Table - null null
2024-11-04 14:34:45.421 +01:00 [INF] Identity.Application was not authenticated. Failure message: Unprotect ticket failed
2024-11-04 14:34:45.421 +01:00 [INF] Executing endpoint 'MyShop.Controllers.ItemController.Table (MyShop)'
2024-11-04 14:34:45.421 +01:00 [INF] Route matched with {action = "Table", controller = "Item", page = "", area = ""}. Executing controller action with signature System.Threading.Tasks.Task`1[Microsoft.AspNetCore.Mvc.IActionResult] Table() on controller MyShop.Controllers.ItemController (MyShop).
2024-11-04 14:34:45.423 +01:00 [INF] Executing ViewResult, running view Table.
2024-11-04 14:34:45.424 +01:00 [INF] Executed ViewResult - view Table executed in 0.6505ms.
2024-11-04 14:34:45.424 +01:00 [INF] Executed action MyShop.Controllers.ItemController.Table (MyShop) in 2.0944ms
2024-11-04 14:34:45.424 +01:00 [INF] Executed endpoint 'MyShop.Controllers.ItemController.Table (MyShop)'
2024-11-04 14:34:45.424 +01:00 [INF] Request finished HTTP/1.1 GET http://localhost:5017/Item/Table - 200 null text/html; charset=utf-8 2.7737ms
2024-11-04 14:34:46.912 +01:00 [INF] Request starting HTTP/1.1 GET http://localhost:5017/Item/Grid - null null
2024-11-04 14:34:46.913 +01:00 [INF] Identity.Application was not authenticated. Failure message: Unprotect ticket failed
2024-11-04 14:34:46.913 +01:00 [INF] Executing endpoint 'MyShop.Controllers.ItemController.Grid (MyShop)'
2024-11-04 14:34:46.913 +01:00 [INF] Route matched with {action = "Grid", controller = "Item", page = "", area = ""}. Executing controller action with signature System.Threading.Tasks.Task`1[Microsoft.AspNetCore.Mvc.IActionResult] Grid() on controller MyShop.Controllers.ItemController (MyShop).
2024-11-04 14:34:46.914 +01:00 [INF] Executing ViewResult, running view Grid.
2024-11-04 14:34:46.915 +01:00 [INF] Executed ViewResult - view Grid executed in 0.732ms.
2024-11-04 14:34:46.915 +01:00 [INF] Executed action MyShop.Controllers.ItemController.Grid (MyShop) in 2.1982ms
2024-11-04 14:34:46.915 +01:00 [INF] Executed endpoint 'MyShop.Controllers.ItemController.Grid (MyShop)'
2024-11-04 14:34:46.915 +01:00 [INF] Request finished HTTP/1.1 GET http://localhost:5017/Item/Grid - 200 null text/html; charset=utf-8 2.9105ms
2024-11-04 14:34:51.488 +01:00 [INF] Request starting HTTP/1.1 GET http://localhost:5017/Item/Table - null null
2024-11-04 14:34:51.488 +01:00 [INF] Identity.Application was not authenticated. Failure message: Unprotect ticket failed
2024-11-04 14:34:51.489 +01:00 [INF] Executing endpoint 'MyShop.Controllers.ItemController.Table (MyShop)'
2024-11-04 14:34:51.489 +01:00 [INF] Route matched with {action = "Table", controller = "Item", page = "", area = ""}. Executing controller action with signature System.Threading.Tasks.Task`1[Microsoft.AspNetCore.Mvc.IActionResult] Table() on controller MyShop.Controllers.ItemController (MyShop).
2024-11-04 14:34:51.490 +01:00 [INF] Executing ViewResult, running view Table.
2024-11-04 14:34:51.490 +01:00 [INF] Executed ViewResult - view Table executed in 0.6158ms.
2024-11-04 14:34:51.490 +01:00 [INF] Executed action MyShop.Controllers.ItemController.Table (MyShop) in 1.8605ms
2024-11-04 14:34:51.490 +01:00 [INF] Executed endpoint 'MyShop.Controllers.ItemController.Table (MyShop)'
2024-11-04 14:34:51.491 +01:00 [INF] Request finished HTTP/1.1 GET http://localhost:5017/Item/Table - 200 null text/html; charset=utf-8 2.5056ms
2024-11-04 14:34:57.263 +01:00 [INF] Request starting HTTP/1.1 GET http://localhost:5017/Item/Grid - null null
2024-11-04 14:34:57.263 +01:00 [INF] Identity.Application was not authenticated. Failure message: Unprotect ticket failed
2024-11-04 14:34:57.263 +01:00 [INF] Executing endpoint 'MyShop.Controllers.ItemController.Grid (MyShop)'
2024-11-04 14:34:57.264 +01:00 [INF] Route matched with {action = "Grid", controller = "Item", page = "", area = ""}. Executing controller action with signature System.Threading.Tasks.Task`1[Microsoft.AspNetCore.Mvc.IActionResult] Grid() on controller MyShop.Controllers.ItemController (MyShop).
2024-11-04 14:34:57.265 +01:00 [INF] Executing ViewResult, running view Grid.
2024-11-04 14:34:57.266 +01:00 [INF] Executed ViewResult - view Grid executed in 0.8344ms.
2024-11-04 14:34:57.266 +01:00 [INF] Executed action MyShop.Controllers.ItemController.Grid (MyShop) in 2.3078ms
2024-11-04 14:34:57.266 +01:00 [INF] Executed endpoint 'MyShop.Controllers.ItemController.Grid (MyShop)'
2024-11-04 14:34:57.266 +01:00 [INF] Request finished HTTP/1.1 GET http://localhost:5017/Item/Grid - 200 null text/html; charset=utf-8 3.2022ms
2024-11-04 14:34:59.555 +01:00 [INF] Request starting HTTP/1.1 GET http://localhost:5017/Item/Table - null null
2024-11-04 14:34:59.555 +01:00 [INF] Identity.Application was not authenticated. Failure message: Unprotect ticket failed
2024-11-04 14:34:59.555 +01:00 [INF] Executing endpoint 'MyShop.Controllers.ItemController.Table (MyShop)'
2024-11-04 14:34:59.555 +01:00 [INF] Route matched with {action = "Table", controller = "Item", page = "", area = ""}. Executing controller action with signature System.Threading.Tasks.Task`1[Microsoft.AspNetCore.Mvc.IActionResult] Table() on controller MyShop.Controllers.ItemController (MyShop).
2024-11-04 14:34:59.558 +01:00 [INF] Executing ViewResult, running view Table.
2024-11-04 14:34:59.559 +01:00 [INF] Executed ViewResult - view Table executed in 0.8294ms.
2024-11-04 14:34:59.559 +01:00 [INF] Executed action MyShop.Controllers.ItemController.Table (MyShop) in 3.1927ms
2024-11-04 14:34:59.559 +01:00 [INF] Executed endpoint 'MyShop.Controllers.ItemController.Table (MyShop)'
2024-11-04 14:34:59.559 +01:00 [INF] Request finished HTTP/1.1 GET http://localhost:5017/Item/Table - 200 null text/html; charset=utf-8 4.2273ms
2024-11-04 14:35:20.510 +01:00 [INF] Request starting HTTP/1.1 GET http://localhost:5017/Customer/Table - null null
2024-11-04 14:35:20.510 +01:00 [INF] Identity.Application was not authenticated. Failure message: Unprotect ticket failed
2024-11-04 14:35:20.510 +01:00 [INF] Executing endpoint 'MyShop.Controllers.CustomerController.Table (MyShop)'
2024-11-04 14:35:20.510 +01:00 [INF] Route matched with {action = "Table", controller = "Customer", page = "", area = ""}. Executing controller action with signature System.Threading.Tasks.Task`1[Microsoft.AspNetCore.Mvc.IActionResult] Table() on controller MyShop.Controllers.CustomerController (MyShop).
2024-11-04 14:35:20.512 +01:00 [INF] Executing ViewResult, running view Table.
2024-11-04 14:35:20.515 +01:00 [INF] Executed ViewResult - view Table executed in 3.4413ms.
2024-11-04 14:35:20.515 +01:00 [INF] Executed action MyShop.Controllers.CustomerController.Table (MyShop) in 4.8396ms
2024-11-04 14:35:20.516 +01:00 [INF] Executed endpoint 'MyShop.Controllers.CustomerController.Table (MyShop)'
2024-11-04 14:35:20.516 +01:00 [INF] Request finished HTTP/1.1 GET http://localhost:5017/Customer/Table - 200 null text/html; charset=utf-8 5.995ms
2024-11-04 14:35:21.351 +01:00 [INF] Request starting HTTP/1.1 GET http://localhost:5017/ - null null
2024-11-04 14:35:21.351 +01:00 [INF] Identity.Application was not authenticated. Failure message: Unprotect ticket failed
2024-11-04 14:35:21.351 +01:00 [INF] Executing endpoint 'MyShop.Controllers.HomeController.Index (MyShop)'
2024-11-04 14:35:21.351 +01:00 [INF] Route matched with {action = "Index", controller = "Home", page = "", area = ""}. Executing controller action with signature Microsoft.AspNetCore.Mvc.IActionResult Index() on controller MyShop.Controllers.HomeController (MyShop).
2024-11-04 14:35:21.351 +01:00 [INF] Executing ViewResult, running view Index.
2024-11-04 14:35:21.352 +01:00 [INF] Executed ViewResult - view Index executed in 0.5335ms.
2024-11-04 14:35:21.352 +01:00 [INF] Executed action MyShop.Controllers.HomeController.Index (MyShop) in 0.6496ms
2024-11-04 14:35:21.352 +01:00 [INF] Executed endpoint 'MyShop.Controllers.HomeController.Index (MyShop)'
2024-11-04 14:35:21.352 +01:00 [INF] Request finished HTTP/1.1 GET http://localhost:5017/ - 200 null text/html; charset=utf-8 1.1937ms
2024-11-04 14:35:22.568 +01:00 [INF] Request starting HTTP/1.1 GET http://localhost:5017/Identity/Account/Login - null null
2024-11-04 14:35:22.568 +01:00 [INF] Identity.Application was not authenticated. Failure message: Unprotect ticket failed
2024-11-04 14:35:22.568 +01:00 [INF] Executing endpoint '/Account/Login'
2024-11-04 14:35:22.568 +01:00 [INF] Route matched with {page = "/Account/Login", area = "Identity", action = "", controller = ""}. Executing page /Account/Login
2024-11-04 14:35:22.569 +01:00 [INF] Executing handler method MyShop.Areas.Identity.Pages.Account.LoginModel.OnGetAsync - ModelState is "Valid"
2024-11-04 14:35:22.569 +01:00 [INF] AuthenticationScheme: Identity.External signed out.
2024-11-04 14:35:22.569 +01:00 [INF] Executed handler method OnGetAsync, returned result .
2024-11-04 14:35:22.569 +01:00 [INF] Executing an implicit handler method - ModelState is "Valid"
2024-11-04 14:35:22.569 +01:00 [INF] Executed an implicit handler method, returned result Microsoft.AspNetCore.Mvc.RazorPages.PageResult.
2024-11-04 14:35:22.570 +01:00 [INF] Executed page /Account/Login in 1.8286ms
2024-11-04 14:35:22.570 +01:00 [INF] Executed endpoint '/Account/Login'
2024-11-04 14:35:22.570 +01:00 [INF] Request finished HTTP/1.1 GET http://localhost:5017/Identity/Account/Login - 200 null text/html; charset=utf-8 2.3869ms
2024-11-04 14:35:22.599 +01:00 [INF] Request starting HTTP/1.1 GET http://localhost:5017/lib/jquery-validation/dist/jquery.validate.min.js - null null
2024-11-04 14:35:22.600 +01:00 [INF] Identity.Application was not authenticated. Failure message: Unprotect ticket failed
2024-11-04 14:35:22.600 +01:00 [INF] Request finished HTTP/1.1 GET http://localhost:5017/lib/jquery-validation/dist/jquery.validate.min.js - 404 0 null 0.7301ms
2024-11-04 14:35:22.600 +01:00 [INF] Request reached the end of the middleware pipeline without being handled by application code. Request path: GET http://localhost:5017/lib/jquery-validation/dist/jquery.validate.min.js, Response status code: 404
2024-11-04 14:35:22.614 +01:00 [INF] Request starting HTTP/1.1 GET http://localhost:5017/lib/jquery-validation-unobtrusive/jquery.validate.unobtrusive.min.js - null null
2024-11-04 14:35:22.614 +01:00 [INF] Identity.Application was not authenticated. Failure message: Unprotect ticket failed
2024-11-04 14:35:22.614 +01:00 [INF] Request finished HTTP/1.1 GET http://localhost:5017/lib/jquery-validation-unobtrusive/jquery.validate.unobtrusive.min.js - 404 0 null 0.6642ms
2024-11-04 14:35:22.614 +01:00 [INF] Request reached the end of the middleware pipeline without being handled by application code. Request path: GET http://localhost:5017/lib/jquery-validation-unobtrusive/jquery.validate.unobtrusive.min.js, Response status code: 404
2024-11-04 14:35:29.343 +01:00 [INF] Request starting HTTP/1.1 GET http://localhost:5017/Customer/Table - null null
2024-11-04 14:35:29.343 +01:00 [INF] Identity.Application was not authenticated. Failure message: Unprotect ticket failed
2024-11-04 14:35:29.343 +01:00 [INF] Executing endpoint 'MyShop.Controllers.CustomerController.Table (MyShop)'
2024-11-04 14:35:29.343 +01:00 [INF] Route matched with {action = "Table", controller = "Customer", page = "", area = ""}. Executing controller action with signature System.Threading.Tasks.Task`1[Microsoft.AspNetCore.Mvc.IActionResult] Table() on controller MyShop.Controllers.CustomerController (MyShop).
2024-11-04 14:35:29.345 +01:00 [INF] Executing ViewResult, running view Table.
2024-11-04 14:35:29.348 +01:00 [INF] Executed ViewResult - view Table executed in 2.9492ms.
2024-11-04 14:35:29.348 +01:00 [INF] Executed action MyShop.Controllers.CustomerController.Table (MyShop) in 4.9175ms
2024-11-04 14:35:29.348 +01:00 [INF] Executed endpoint 'MyShop.Controllers.CustomerController.Table (MyShop)'
2024-11-04 14:35:29.348 +01:00 [INF] Request finished HTTP/1.1 GET http://localhost:5017/Customer/Table - 200 null text/html; charset=utf-8 5.7661ms
2024-11-04 14:35:43.205 +01:00 [INF] Request starting HTTP/1.1 GET http://localhost:5017/Identity/Account/Login - null null
2024-11-04 14:35:43.206 +01:00 [INF] Identity.Application was not authenticated. Failure message: Unprotect ticket failed
2024-11-04 14:35:43.206 +01:00 [INF] Executing endpoint '/Account/Login'
2024-11-04 14:35:43.206 +01:00 [INF] Route matched with {page = "/Account/Login", area = "Identity", action = "", controller = ""}. Executing page /Account/Login
2024-11-04 14:35:43.206 +01:00 [INF] Executing handler method MyShop.Areas.Identity.Pages.Account.LoginModel.OnGetAsync - ModelState is "Valid"
2024-11-04 14:35:43.206 +01:00 [INF] AuthenticationScheme: Identity.External signed out.
2024-11-04 14:35:43.206 +01:00 [INF] Executed handler method OnGetAsync, returned result .
2024-11-04 14:35:43.206 +01:00 [INF] Executing an implicit handler method - ModelState is "Valid"
2024-11-04 14:35:43.206 +01:00 [INF] Executed an implicit handler method, returned result Microsoft.AspNetCore.Mvc.RazorPages.PageResult.
2024-11-04 14:35:43.207 +01:00 [INF] Executed page /Account/Login in 1.5645ms
2024-11-04 14:35:43.207 +01:00 [INF] Executed endpoint '/Account/Login'
2024-11-04 14:35:43.207 +01:00 [INF] Request finished HTTP/1.1 GET http://localhost:5017/Identity/Account/Login - 200 null text/html; charset=utf-8 2.2619ms
2024-11-04 14:35:43.255 +01:00 [INF] Request starting HTTP/1.1 GET http://localhost:5017/lib/jquery-validation-unobtrusive/jquery.validate.unobtrusive.min.js - null null
2024-11-04 14:35:43.255 +01:00 [INF] Request starting HTTP/1.1 GET http://localhost:5017/lib/jquery-validation/dist/jquery.validate.min.js - null null
2024-11-04 14:35:43.255 +01:00 [INF] Identity.Application was not authenticated. Failure message: Unprotect ticket failed
2024-11-04 14:35:43.255 +01:00 [INF] Identity.Application was not authenticated. Failure message: Unprotect ticket failed
2024-11-04 14:35:43.255 +01:00 [INF] Request finished HTTP/1.1 GET http://localhost:5017/lib/jquery-validation-unobtrusive/jquery.validate.unobtrusive.min.js - 404 0 null 0.5148ms
2024-11-04 14:35:43.255 +01:00 [INF] Request reached the end of the middleware pipeline without being handled by application code. Request path: GET http://localhost:5017/lib/jquery-validation-unobtrusive/jquery.validate.unobtrusive.min.js, Response status code: 404
2024-11-04 14:35:43.255 +01:00 [INF] Request finished HTTP/1.1 GET http://localhost:5017/lib/jquery-validation/dist/jquery.validate.min.js - 404 0 null 0.7122ms
2024-11-04 14:35:43.255 +01:00 [INF] Request reached the end of the middleware pipeline without being handled by application code. Request path: GET http://localhost:5017/lib/jquery-validation/dist/jquery.validate.min.js, Response status code: 404
