2024-11-04 15:04:37.116 +01:00 [INF] User profile is available. Using 'C:\Users\Hadle\AppData\Local\ASP.NET\DataProtection-Keys' as key repository and Windows DPAPI to encrypt keys at rest.
2024-11-04 15:04:37.326 +01:00 [INF] Now listening on: http://localhost:5017
2024-11-04 15:04:37.331 +01:00 [INF] Application started. Press Ctrl+C to shut down.
2024-11-04 15:04:37.332 +01:00 [INF] Hosting environment: Development
2024-11-04 15:04:37.332 +01:00 [INF] Content root path: C:\ITPE3200\ITPE3200_Exam_project-main\ITPE3200_Exam_project-main\ITPE3200_Exam_project
2024-11-04 15:04:59.558 +01:00 [INF] Request starting HTTP/1.1 GET http://localhost:5017/ - null null
2024-11-04 15:04:59.610 +01:00 [INF] Executing endpoint 'MyShop.Controllers.HomeController.Index (MyShop)'
2024-11-04 15:04:59.625 +01:00 [INF] Route matched with {action = "Index", controller = "Home", page = "", area = ""}. Executing controller action with signature Microsoft.AspNetCore.Mvc.IActionResult Index() on controller MyShop.Controllers.HomeController (MyShop).
2024-11-04 15:04:59.639 +01:00 [INF] Executing ViewResult, running view Index.
2024-11-04 15:04:59.753 +01:00 [INF] Executed ViewResult - view Index executed in 118.0987ms.
2024-11-04 15:04:59.755 +01:00 [INF] Executed action MyShop.Controllers.HomeController.Index (MyShop) in 128.4647ms
2024-11-04 15:04:59.755 +01:00 [INF] Executed endpoint 'MyShop.Controllers.HomeController.Index (MyShop)'
2024-11-04 15:04:59.758 +01:00 [INF] Request finished HTTP/1.1 GET http://localhost:5017/ - 200 null text/html; charset=utf-8 201.8064ms
2024-11-04 15:04:59.795 +01:00 [INF] Request starting HTTP/1.1 GET http://localhost:5017/css/index.css - null null
2024-11-04 15:04:59.823 +01:00 [INF] Sending file. Request path: '/css/index.css'. Physical path: 'C:\ITPE3200\ITPE3200_Exam_project-main\ITPE3200_Exam_project-main\ITPE3200_Exam_project\wwwroot\css\index.css'
2024-11-04 15:04:59.823 +01:00 [INF] Request finished HTTP/1.1 GET http://localhost:5017/css/index.css - 200 2726 text/css 27.9817ms
2024-11-04 15:05:05.760 +01:00 [INF] Request starting HTTP/1.1 GET http://localhost:5017/ - null null
2024-11-04 15:05:05.762 +01:00 [INF] Executing endpoint 'MyShop.Controllers.HomeController.Index (MyShop)'
2024-11-04 15:05:05.762 +01:00 [INF] Route matched with {action = "Index", controller = "Home", page = "", area = ""}. Executing controller action with signature Microsoft.AspNetCore.Mvc.IActionResult Index() on controller MyShop.Controllers.HomeController (MyShop).
2024-11-04 15:05:05.763 +01:00 [INF] Executing ViewResult, running view Index.
2024-11-04 15:05:05.770 +01:00 [INF] Executed ViewResult - view Index executed in 7.4895ms.
2024-11-04 15:05:05.770 +01:00 [INF] Executed action MyShop.Controllers.HomeController.Index (MyShop) in 8.1683ms
2024-11-04 15:05:05.770 +01:00 [INF] Executed endpoint 'MyShop.Controllers.HomeController.Index (MyShop)'
2024-11-04 15:05:05.771 +01:00 [INF] Request finished HTTP/1.1 GET http://localhost:5017/ - 200 null text/html; charset=utf-8 11.182ms
2024-11-04 15:05:09.939 +01:00 [INF] Request starting HTTP/1.1 GET http://localhost:5017/ - null null
2024-11-04 15:05:09.942 +01:00 [INF] Executing endpoint 'MyShop.Controllers.HomeController.Index (MyShop)'
2024-11-04 15:05:09.943 +01:00 [INF] Route matched with {action = "Index", controller = "Home", page = "", area = ""}. Executing controller action with signature Microsoft.AspNetCore.Mvc.IActionResult Index() on controller MyShop.Controllers.HomeController (MyShop).
2024-11-04 15:05:09.943 +01:00 [INF] Executing ViewResult, running view Index.
2024-11-04 15:05:09.955 +01:00 [INF] Executed ViewResult - view Index executed in 12.5224ms.
2024-11-04 15:05:09.956 +01:00 [INF] Executed action MyShop.Controllers.HomeController.Index (MyShop) in 12.7854ms
2024-11-04 15:05:09.956 +01:00 [INF] Executed endpoint 'MyShop.Controllers.HomeController.Index (MyShop)'
2024-11-04 15:05:09.956 +01:00 [INF] Request finished HTTP/1.1 GET http://localhost:5017/ - 200 null text/html; charset=utf-8 16.8136ms
2024-11-04 15:05:11.241 +01:00 [INF] Request starting HTTP/1.1 GET http://localhost:5017/Item/Grid - null null
2024-11-04 15:05:11.243 +01:00 [INF] Executing endpoint 'MyShop.Controllers.ItemController.Grid (MyShop)'
2024-11-04 15:05:11.250 +01:00 [INF] Route matched with {action = "Grid", controller = "Item", page = "", area = ""}. Executing controller action with signature System.Threading.Tasks.Task`1[Microsoft.AspNetCore.Mvc.IActionResult] Grid() on controller MyShop.Controllers.ItemController (MyShop).
2024-11-04 15:05:11.395 +01:00 [INF] Executing ViewResult, running view Grid.
2024-11-04 15:05:11.407 +01:00 [INF] Executed ViewResult - view Grid executed in 13.0857ms.
2024-11-04 15:05:11.408 +01:00 [INF] Executed action MyShop.Controllers.ItemController.Grid (MyShop) in 156.9461ms
2024-11-04 15:05:11.408 +01:00 [INF] Executed endpoint 'MyShop.Controllers.ItemController.Grid (MyShop)'
2024-11-04 15:05:11.415 +01:00 [INF] Request finished HTTP/1.1 GET http://localhost:5017/Item/Grid - 200 null text/html; charset=utf-8 173.1562ms
2024-11-04 15:05:11.986 +01:00 [INF] Request starting HTTP/1.1 GET http://localhost:5017/Customer/Table - null null
2024-11-04 15:05:11.988 +01:00 [INF] Executing endpoint 'MyShop.Controllers.CustomerController.Table (MyShop)'
2024-11-04 15:05:11.992 +01:00 [INF] Route matched with {action = "Table", controller = "Customer", page = "", area = ""}. Executing controller action with signature System.Threading.Tasks.Task`1[Microsoft.AspNetCore.Mvc.IActionResult] Table() on controller MyShop.Controllers.CustomerController (MyShop).
2024-11-04 15:05:12.056 +01:00 [INF] Executing ViewResult, running view Table.
2024-11-04 15:05:12.059 +01:00 [INF] Executed ViewResult - view Table executed in 3.4751ms.
2024-11-04 15:05:12.059 +01:00 [INF] Executed action MyShop.Controllers.CustomerController.Table (MyShop) in 66.7085ms
2024-11-04 15:05:12.059 +01:00 [INF] Executed endpoint 'MyShop.Controllers.CustomerController.Table (MyShop)'
2024-11-04 15:05:12.059 +01:00 [INF] Request finished HTTP/1.1 GET http://localhost:5017/Customer/Table - 200 null text/html; charset=utf-8 72.9025ms
2024-11-04 15:05:13.702 +01:00 [INF] Request starting HTTP/1.1 GET http://localhost:5017/ - null null
2024-11-04 15:05:13.702 +01:00 [INF] Executing endpoint 'MyShop.Controllers.HomeController.Index (MyShop)'
2024-11-04 15:05:13.703 +01:00 [INF] Route matched with {action = "Index", controller = "Home", page = "", area = ""}. Executing controller action with signature Microsoft.AspNetCore.Mvc.IActionResult Index() on controller MyShop.Controllers.HomeController (MyShop).
2024-11-04 15:05:13.703 +01:00 [INF] Executing ViewResult, running view Index.
2024-11-04 15:05:13.705 +01:00 [INF] Executed ViewResult - view Index executed in 1.7608ms.
2024-11-04 15:05:13.705 +01:00 [INF] Executed action MyShop.Controllers.HomeController.Index (MyShop) in 2.0497ms
2024-11-04 15:05:13.705 +01:00 [INF] Executed endpoint 'MyShop.Controllers.HomeController.Index (MyShop)'
2024-11-04 15:05:13.705 +01:00 [INF] Request finished HTTP/1.1 GET http://localhost:5017/ - 200 null text/html; charset=utf-8 3.2144ms
2024-11-04 15:07:47.508 +01:00 [INF] Application is shutting down...
