2024-10-08 13:54:53.581 +02:00 [INF] User profile is available. Using 'C:\Users\jovan\AppData\Local\ASP.NET\DataProtection-Keys' as key repository and Windows DPAPI to encrypt keys at rest.
2024-10-08 13:54:53.631 +02:00 [INF] Now listening on: http://localhost:5017
2024-10-08 13:54:53.634 +02:00 [INF] Application started. Press Ctrl+C to shut down.
2024-10-08 13:54:53.634 +02:00 [INF] Hosting environment: Development
2024-10-08 13:54:53.634 +02:00 [INF] Content root path: C:\TestMappe\ITPE3200_Exam_project
2024-10-08 13:54:57.291 +02:00 [INF] Request starting HTTP/1.1 GET http://localhost:5017/ - null null
2024-10-08 13:54:57.319 +02:00 [INF] Executing endpoint 'MyShop.Controllers.HomeController.Index (MyShop)'
2024-10-08 13:54:57.328 +02:00 [INF] Route matched with {action = "Index", controller = "Home"}. Executing controller action with signature Microsoft.AspNetCore.Mvc.IActionResult Index() on controller MyShop.Controllers.HomeController (MyShop).
2024-10-08 13:54:57.338 +02:00 [INF] Executing ViewResult, running view Index.
2024-10-08 13:54:57.401 +02:00 [INF] Executed ViewResult - view Index executed in 61.6414ms.
2024-10-08 13:54:57.403 +02:00 [INF] Executed action MyShop.Controllers.HomeController.Index (MyShop) in 73.8754ms
2024-10-08 13:54:57.403 +02:00 [INF] Executed endpoint 'MyShop.Controllers.HomeController.Index (MyShop)'
2024-10-08 13:54:57.406 +02:00 [INF] Request finished HTTP/1.1 GET http://localhost:5017/ - 200 null text/html; charset=utf-8 116.0219ms
2024-10-08 13:54:57.425 +02:00 [INF] Request starting HTTP/1.1 GET http://localhost:5017/js/bootstrap.js - null null
2024-10-08 13:54:57.426 +02:00 [INF] Request starting HTTP/1.1 GET http://localhost:5017/js/jquery.validate.js - null null
2024-10-08 13:54:57.427 +02:00 [INF] Request starting HTTP/1.1 GET http://localhost:5017/js/jquery.min.js - null null
2024-10-08 13:54:57.427 +02:00 [INF] Request starting HTTP/1.1 GET http://localhost:5017/images/pizza.jpg - null null
2024-10-08 13:54:57.427 +02:00 [INF] Request starting HTTP/1.1 GET http://localhost:5017/js/jquery.validate.unobtrusive.js - null null
2024-10-08 13:54:57.427 +02:00 [INF] Request starting HTTP/1.1 GET http://localhost:5017/images/fishandchips.jpg - null null
2024-10-08 13:54:57.428 +02:00 [INF] Request finished HTTP/1.1 GET http://localhost:5017/images/pizza.jpg - 404 0 null 1.5454ms
2024-10-08 13:54:57.429 +02:00 [INF] Request finished HTTP/1.1 GET http://localhost:5017/images/fishandchips.jpg - 404 0 null 1.7159ms
2024-10-08 13:54:57.430 +02:00 [INF] Request reached the end of the middleware pipeline without being handled by application code. Request path: GET http://localhost:5017/images/fishandchips.jpg, Response status code: 404
2024-10-08 13:54:57.430 +02:00 [INF] Request reached the end of the middleware pipeline without being handled by application code. Request path: GET http://localhost:5017/images/pizza.jpg, Response status code: 404
2024-10-08 13:54:57.432 +02:00 [INF] The file /js/jquery.validate.unobtrusive.js was not modified
2024-10-08 13:54:57.432 +02:00 [INF] The file /js/bootstrap.js was not modified
2024-10-08 13:54:57.432 +02:00 [INF] The file /js/jquery.validate.js was not modified
2024-10-08 13:54:57.432 +02:00 [INF] The file /js/jquery.min.js was not modified
2024-10-08 13:54:57.432 +02:00 [INF] Request finished HTTP/1.1 GET http://localhost:5017/js/bootstrap.js - 304 null text/javascript 7.6128ms
2024-10-08 13:54:57.432 +02:00 [INF] Request finished HTTP/1.1 GET http://localhost:5017/js/jquery.validate.js - 304 null text/javascript 5.8735ms
2024-10-08 13:54:57.432 +02:00 [INF] Request finished HTTP/1.1 GET http://localhost:5017/js/jquery.min.js - 304 null text/javascript 5.5633ms
2024-10-08 13:54:57.432 +02:00 [INF] Request finished HTTP/1.1 GET http://localhost:5017/js/jquery.validate.unobtrusive.js - 304 null text/javascript 5.3018ms
2024-10-08 13:54:57.730 +02:00 [INF] Request starting HTTP/1.1 GET http://localhost:5017/images/tacos.jpg - null null
2024-10-08 13:54:57.732 +02:00 [INF] Request finished HTTP/1.1 GET http://localhost:5017/images/tacos.jpg - 404 0 null 2.0091ms
2024-10-08 13:54:57.732 +02:00 [INF] Request reached the end of the middleware pipeline without being handled by application code. Request path: GET http://localhost:5017/images/tacos.jpg, Response status code: 404
2024-10-08 13:54:59.872 +02:00 [INF] Request starting HTTP/1.1 GET http://localhost:5017/Customer/Table - null null
2024-10-08 13:54:59.873 +02:00 [INF] Executing endpoint 'MyShop.Controllers.CustomerController.Table (MyShop)'
2024-10-08 13:54:59.880 +02:00 [INF] Route matched with {action = "Table", controller = "Customer"}. Executing controller action with signature System.Threading.Tasks.Task`1[Microsoft.AspNetCore.Mvc.IActionResult] Table() on controller MyShop.Controllers.CustomerController (MyShop).
2024-10-08 13:55:00.025 +02:00 [INF] Executing ViewResult, running view Table.
2024-10-08 13:55:00.098 +02:00 [INF] Executed ViewResult - view Table executed in 73.7579ms.
2024-10-08 13:55:00.098 +02:00 [INF] Executed action MyShop.Controllers.CustomerController.Table (MyShop) in 217.9011ms
2024-10-08 13:55:00.098 +02:00 [INF] Executed endpoint 'MyShop.Controllers.CustomerController.Table (MyShop)'
2024-10-08 13:55:00.101 +02:00 [INF] Request finished HTTP/1.1 GET http://localhost:5017/Customer/Table - 200 null text/html; charset=utf-8 229.0379ms
2024-10-08 13:55:01.542 +02:00 [INF] Request starting HTTP/1.1 GET http://localhost:5017/Item/Table - null null
2024-10-08 13:55:01.543 +02:00 [INF] Executing endpoint 'MyShop.Controllers.ItemController.Table (MyShop)'
2024-10-08 13:55:01.547 +02:00 [INF] Route matched with {action = "Table", controller = "Item"}. Executing controller action with signature System.Threading.Tasks.Task`1[Microsoft.AspNetCore.Mvc.IActionResult] Table() on controller MyShop.Controllers.ItemController (MyShop).
2024-10-08 13:55:01.598 +02:00 [INF] Executing ViewResult, running view Table.
2024-10-08 13:55:01.611 +02:00 [INF] Executed ViewResult - view Table executed in 12.8267ms.
2024-10-08 13:55:01.611 +02:00 [INF] Executed action MyShop.Controllers.ItemController.Table (MyShop) in 63.6467ms
2024-10-08 13:55:01.611 +02:00 [INF] Executed endpoint 'MyShop.Controllers.ItemController.Table (MyShop)'
2024-10-08 13:55:01.611 +02:00 [INF] Request finished HTTP/1.1 GET http://localhost:5017/Item/Table - 200 null text/html; charset=utf-8 69.1354ms
2024-10-08 13:55:01.634 +02:00 [INF] Request starting HTTP/1.1 GET http://localhost:5017/images/helmelk.jpg - null null
2024-10-08 13:55:01.635 +02:00 [INF] The file /images/helmelk.jpg was not modified
2024-10-08 13:55:01.634 +02:00 [INF] Request starting HTTP/1.1 GET http://localhost:5017/images/kjøttdeig.jpg - null null
2024-10-08 13:55:01.635 +02:00 [INF] The file /images/kjøttdeig.jpg was not modified
2024-10-08 13:55:01.635 +02:00 [INF] Request finished HTTP/1.1 GET http://localhost:5017/images/kjøttdeig.jpg - 304 null image/jpeg 0.4632ms
2024-10-08 13:55:01.635 +02:00 [INF] Request finished HTTP/1.1 GET http://localhost:5017/images/helmelk.jpg - 304 null image/jpeg 0.8681ms
2024-10-08 13:55:01.697 +02:00 [INF] Request starting HTTP/1.1 GET http://localhost:5017/images/kylling.jpg - null null
2024-10-08 13:55:01.697 +02:00 [INF] Request starting HTTP/1.1 GET http://localhost:5017/images/lettmelk.jpg - null null
2024-10-08 13:55:01.698 +02:00 [INF] The file /images/kylling.jpg was not modified
2024-10-08 13:55:01.698 +02:00 [INF] The file /images/lettmelk.jpg was not modified
2024-10-08 13:55:01.698 +02:00 [INF] Request starting HTTP/1.1 GET http://localhost:5017/images/polpa.jpg - null null
2024-10-08 13:55:01.698 +02:00 [INF] Request starting HTTP/1.1 GET http://localhost:5017/images/peanøtter.jpg - null null
2024-10-08 13:55:01.698 +02:00 [INF] Request finished HTTP/1.1 GET http://localhost:5017/images/kylling.jpg - 304 null image/jpeg 0.7716ms
2024-10-08 13:55:01.698 +02:00 [INF] Request finished HTTP/1.1 GET http://localhost:5017/images/lettmelk.jpg - 304 null image/jpeg 0.7091ms
2024-10-08 13:55:01.698 +02:00 [INF] The file /images/polpa.jpg was not modified
2024-10-08 13:55:01.698 +02:00 [INF] The file /images/peanøtter.jpg was not modified
2024-10-08 13:55:01.698 +02:00 [INF] Request finished HTTP/1.1 GET http://localhost:5017/images/peanøtter.jpg - 304 null image/jpeg 0.5537ms
2024-10-08 13:55:01.698 +02:00 [INF] Request finished HTTP/1.1 GET http://localhost:5017/images/polpa.jpg - 304 null image/jpeg 0.5708ms
2024-10-08 13:55:02.906 +02:00 [INF] Request starting HTTP/1.1 GET http://localhost:5017/ - null null
2024-10-08 13:55:02.907 +02:00 [INF] Executing endpoint 'MyShop.Controllers.HomeController.Index (MyShop)'
2024-10-08 13:55:02.907 +02:00 [INF] Route matched with {action = "Index", controller = "Home"}. Executing controller action with signature Microsoft.AspNetCore.Mvc.IActionResult Index() on controller MyShop.Controllers.HomeController (MyShop).
2024-10-08 13:55:02.908 +02:00 [INF] Executing ViewResult, running view Index.
2024-10-08 13:55:02.910 +02:00 [INF] Executed ViewResult - view Index executed in 2.4893ms.
2024-10-08 13:55:02.910 +02:00 [INF] Executed action MyShop.Controllers.HomeController.Index (MyShop) in 2.9504ms
2024-10-08 13:55:02.910 +02:00 [INF] Executed endpoint 'MyShop.Controllers.HomeController.Index (MyShop)'
2024-10-08 13:55:02.911 +02:00 [INF] Request finished HTTP/1.1 GET http://localhost:5017/ - 200 null text/html; charset=utf-8 4.0752ms
2024-10-08 13:55:02.932 +02:00 [INF] Request starting HTTP/1.1 GET http://localhost:5017/images/pizza.jpg - null null
2024-10-08 13:55:02.932 +02:00 [INF] Request starting HTTP/1.1 GET http://localhost:5017/images/fishandchips.jpg - null null
2024-10-08 13:55:02.932 +02:00 [INF] Request finished HTTP/1.1 GET http://localhost:5017/images/pizza.jpg - 404 0 null 0.5079ms
2024-10-08 13:55:02.932 +02:00 [INF] Request reached the end of the middleware pipeline without being handled by application code. Request path: GET http://localhost:5017/images/pizza.jpg, Response status code: 404
2024-10-08 13:55:02.932 +02:00 [INF] Request finished HTTP/1.1 GET http://localhost:5017/images/fishandchips.jpg - 404 0 null 0.4303ms
2024-10-08 13:55:02.932 +02:00 [INF] Request reached the end of the middleware pipeline without being handled by application code. Request path: GET http://localhost:5017/images/fishandchips.jpg, Response status code: 404
2024-10-08 13:55:02.945 +02:00 [INF] Request starting HTTP/1.1 GET http://localhost:5017/images/tacos.jpg - null null
2024-10-08 13:55:02.946 +02:00 [INF] Request finished HTTP/1.1 GET http://localhost:5017/images/tacos.jpg - 404 0 null 0.4882ms
2024-10-08 13:55:02.946 +02:00 [INF] Request reached the end of the middleware pipeline without being handled by application code. Request path: GET http://localhost:5017/images/tacos.jpg, Response status code: 404
2024-10-08 13:55:03.788 +02:00 [INF] Request starting HTTP/1.1 GET http://localhost:5017/Customer/Table - null null
2024-10-08 13:55:03.788 +02:00 [INF] Executing endpoint 'MyShop.Controllers.CustomerController.Table (MyShop)'
2024-10-08 13:55:03.788 +02:00 [INF] Route matched with {action = "Table", controller = "Customer"}. Executing controller action with signature System.Threading.Tasks.Task`1[Microsoft.AspNetCore.Mvc.IActionResult] Table() on controller MyShop.Controllers.CustomerController (MyShop).
2024-10-08 13:55:03.797 +02:00 [INF] Executing ViewResult, running view Table.
2024-10-08 13:55:03.804 +02:00 [INF] Executed ViewResult - view Table executed in 7.634ms.
2024-10-08 13:55:03.805 +02:00 [INF] Executed action MyShop.Controllers.CustomerController.Table (MyShop) in 16.2145ms
2024-10-08 13:55:03.805 +02:00 [INF] Executed endpoint 'MyShop.Controllers.CustomerController.Table (MyShop)'
2024-10-08 13:55:03.805 +02:00 [INF] Request finished HTTP/1.1 GET http://localhost:5017/Customer/Table - 200 null text/html; charset=utf-8 17.2615ms
2024-10-08 13:55:44.634 +02:00 [INF] Request starting HTTP/1.1 GET http://localhost:5017/Item/Table - null null
2024-10-08 13:55:44.636 +02:00 [INF] Executing endpoint 'MyShop.Controllers.ItemController.Table (MyShop)'
2024-10-08 13:55:44.636 +02:00 [INF] Route matched with {action = "Table", controller = "Item"}. Executing controller action with signature System.Threading.Tasks.Task`1[Microsoft.AspNetCore.Mvc.IActionResult] Table() on controller MyShop.Controllers.ItemController (MyShop).
2024-10-08 13:55:44.639 +02:00 [INF] Executing ViewResult, running view Table.
2024-10-08 13:55:44.642 +02:00 [INF] Executed ViewResult - view Table executed in 2.9126ms.
2024-10-08 13:55:44.642 +02:00 [INF] Executed action MyShop.Controllers.ItemController.Table (MyShop) in 5.8444ms
2024-10-08 13:55:44.642 +02:00 [INF] Executed endpoint 'MyShop.Controllers.ItemController.Table (MyShop)'
2024-10-08 13:55:44.642 +02:00 [INF] Request finished HTTP/1.1 GET http://localhost:5017/Item/Table - 200 null text/html; charset=utf-8 8.254ms
2024-10-08 13:55:45.943 +02:00 [INF] Request starting HTTP/1.1 GET http://localhost:5017/Customer/Table - null null
2024-10-08 13:55:45.944 +02:00 [INF] Executing endpoint 'MyShop.Controllers.CustomerController.Table (MyShop)'
2024-10-08 13:55:45.944 +02:00 [INF] Route matched with {action = "Table", controller = "Customer"}. Executing controller action with signature System.Threading.Tasks.Task`1[Microsoft.AspNetCore.Mvc.IActionResult] Table() on controller MyShop.Controllers.CustomerController (MyShop).
2024-10-08 13:55:45.947 +02:00 [INF] Executing ViewResult, running view Table.
2024-10-08 13:55:45.952 +02:00 [INF] Executed ViewResult - view Table executed in 5.0109ms.
2024-10-08 13:55:45.952 +02:00 [INF] Executed action MyShop.Controllers.CustomerController.Table (MyShop) in 7.8305ms
2024-10-08 13:55:45.952 +02:00 [INF] Executed endpoint 'MyShop.Controllers.CustomerController.Table (MyShop)'
2024-10-08 13:55:45.952 +02:00 [INF] Request finished HTTP/1.1 GET http://localhost:5017/Customer/Table - 200 null text/html; charset=utf-8 8.8181ms
2024-10-08 13:56:18.319 +02:00 [INF] Request starting HTTP/1.1 GET http://localhost:5017/ - null null
2024-10-08 13:56:18.319 +02:00 [INF] Executing endpoint 'MyShop.Controllers.HomeController.Index (MyShop)'
2024-10-08 13:56:18.320 +02:00 [INF] Route matched with {action = "Index", controller = "Home"}. Executing controller action with signature Microsoft.AspNetCore.Mvc.IActionResult Index() on controller MyShop.Controllers.HomeController (MyShop).
2024-10-08 13:56:18.320 +02:00 [INF] Executing ViewResult, running view Index.
2024-10-08 13:56:18.321 +02:00 [INF] Executed ViewResult - view Index executed in 1.3114ms.
2024-10-08 13:56:18.321 +02:00 [INF] Executed action MyShop.Controllers.HomeController.Index (MyShop) in 1.5517ms
2024-10-08 13:56:18.321 +02:00 [INF] Executed endpoint 'MyShop.Controllers.HomeController.Index (MyShop)'
2024-10-08 13:56:18.321 +02:00 [INF] Request finished HTTP/1.1 GET http://localhost:5017/ - 200 null text/html; charset=utf-8 2.266ms
2024-10-08 13:56:18.347 +02:00 [INF] Request starting HTTP/1.1 GET http://localhost:5017/js/bootstrap.js - null null
2024-10-08 13:56:18.347 +02:00 [INF] Request starting HTTP/1.1 GET http://localhost:5017/js/jquery.min.js - null null
2024-10-08 13:56:18.348 +02:00 [INF] The file /js/jquery.min.js was not modified
2024-10-08 13:56:18.348 +02:00 [INF] Request finished HTTP/1.1 GET http://localhost:5017/js/jquery.min.js - 304 null text/javascript 0.4786ms
2024-10-08 13:56:18.348 +02:00 [INF] The file /js/bootstrap.js was not modified
2024-10-08 13:56:18.348 +02:00 [INF] Request starting HTTP/1.1 GET http://localhost:5017/js/jquery.validate.js - null null
2024-10-08 13:56:18.348 +02:00 [INF] Request starting HTTP/1.1 GET http://localhost:5017/js/jquery.validate.unobtrusive.js - null null
2024-10-08 13:56:18.348 +02:00 [INF] Request finished HTTP/1.1 GET http://localhost:5017/js/bootstrap.js - 304 null text/javascript 0.7783ms
2024-10-08 13:56:18.348 +02:00 [INF] The file /js/jquery.validate.js was not modified
2024-10-08 13:56:18.348 +02:00 [INF] The file /js/jquery.validate.unobtrusive.js was not modified
2024-10-08 13:56:18.348 +02:00 [INF] Request starting HTTP/1.1 GET http://localhost:5017/images/pizza.jpg - null null
2024-10-08 13:56:18.348 +02:00 [INF] Request finished HTTP/1.1 GET http://localhost:5017/js/jquery.validate.unobtrusive.js - 304 null text/javascript 0.2248ms
2024-10-08 13:56:18.348 +02:00 [INF] Request finished HTTP/1.1 GET http://localhost:5017/js/jquery.validate.js - 304 null text/javascript 0.2717ms
2024-10-08 13:56:18.349 +02:00 [INF] Request finished HTTP/1.1 GET http://localhost:5017/images/pizza.jpg - 404 0 null 0.2637ms
2024-10-08 13:56:18.349 +02:00 [INF] Request reached the end of the middleware pipeline without being handled by application code. Request path: GET http://localhost:5017/images/pizza.jpg, Response status code: 404
2024-10-08 13:56:18.349 +02:00 [INF] Request starting HTTP/1.1 GET http://localhost:5017/images/fishandchips.jpg - null null
2024-10-08 13:56:18.350 +02:00 [INF] Request finished HTTP/1.1 GET http://localhost:5017/images/fishandchips.jpg - 404 0 null 0.4603ms
2024-10-08 13:56:18.350 +02:00 [INF] Request reached the end of the middleware pipeline without being handled by application code. Request path: GET http://localhost:5017/images/fishandchips.jpg, Response status code: 404
2024-10-08 13:56:18.356 +02:00 [INF] Request starting HTTP/1.1 GET http://localhost:5017/images/tacos.jpg - null null
2024-10-08 13:56:18.357 +02:00 [INF] Request finished HTTP/1.1 GET http://localhost:5017/images/tacos.jpg - 404 0 null 0.6656ms
2024-10-08 13:56:18.357 +02:00 [INF] Request reached the end of the middleware pipeline without being handled by application code. Request path: GET http://localhost:5017/images/tacos.jpg, Response status code: 404
2024-10-08 13:56:21.537 +02:00 [INF] Request starting HTTP/1.1 GET http://localhost:5017/ - null null
2024-10-08 13:56:21.538 +02:00 [INF] Executing endpoint 'MyShop.Controllers.HomeController.Index (MyShop)'
2024-10-08 13:56:21.538 +02:00 [INF] Route matched with {action = "Index", controller = "Home"}. Executing controller action with signature Microsoft.AspNetCore.Mvc.IActionResult Index() on controller MyShop.Controllers.HomeController (MyShop).
2024-10-08 13:56:21.538 +02:00 [INF] Executing ViewResult, running view Index.
2024-10-08 13:56:21.540 +02:00 [INF] Executed ViewResult - view Index executed in 1.5032ms.
2024-10-08 13:56:21.540 +02:00 [INF] Executed action MyShop.Controllers.HomeController.Index (MyShop) in 1.9615ms
2024-10-08 13:56:21.540 +02:00 [INF] Executed endpoint 'MyShop.Controllers.HomeController.Index (MyShop)'
2024-10-08 13:56:21.540 +02:00 [INF] Request finished HTTP/1.1 GET http://localhost:5017/ - 200 null text/html; charset=utf-8 2.9249ms
2024-10-08 13:56:21.564 +02:00 [INF] Request starting HTTP/1.1 GET http://localhost:5017/images/fishandchips.jpg - null null
2024-10-08 13:56:21.564 +02:00 [INF] Request starting HTTP/1.1 GET http://localhost:5017/images/pizza.jpg - null null
2024-10-08 13:56:21.565 +02:00 [INF] Request finished HTTP/1.1 GET http://localhost:5017/images/fishandchips.jpg - 404 0 null 0.8076ms
2024-10-08 13:56:21.565 +02:00 [INF] Request reached the end of the middleware pipeline without being handled by application code. Request path: GET http://localhost:5017/images/fishandchips.jpg, Response status code: 404
2024-10-08 13:56:21.566 +02:00 [INF] Request finished HTTP/1.1 GET http://localhost:5017/images/pizza.jpg - 404 0 null 1.1094ms
2024-10-08 13:56:21.566 +02:00 [INF] Request reached the end of the middleware pipeline without being handled by application code. Request path: GET http://localhost:5017/images/pizza.jpg, Response status code: 404
2024-10-08 13:56:21.579 +02:00 [INF] Request starting HTTP/1.1 GET http://localhost:5017/images/tacos.jpg - null null
2024-10-08 13:56:21.579 +02:00 [INF] Request finished HTTP/1.1 GET http://localhost:5017/images/tacos.jpg - 404 0 null 0.387ms
2024-10-08 13:56:21.579 +02:00 [INF] Request reached the end of the middleware pipeline without being handled by application code. Request path: GET http://localhost:5017/images/tacos.jpg, Response status code: 404
