2024-10-18 10:42:33.775 +02:00 [INF] User profile is available. Using 'C:\Users\jovan\AppData\Local\ASP.NET\DataProtection-Keys' as key repository and Windows DPAPI to encrypt keys at rest.
2024-10-18 10:42:33.835 +02:00 [INF] Now listening on: http://localhost:5017
2024-10-18 10:42:33.838 +02:00 [INF] Application started. Press Ctrl+C to shut down.
2024-10-18 10:42:33.839 +02:00 [INF] Hosting environment: Development
2024-10-18 10:42:33.839 +02:00 [INF] Content root path: C:\TestMappe\ITPE3200_Exam_project
2024-10-18 10:42:43.819 +02:00 [INF] Request starting HTTP/1.1 GET http://localhost:5017/ - null null
2024-10-18 10:42:43.845 +02:00 [INF] Executing endpoint 'MyShop.Controllers.HomeController.Index (MyShop)'
2024-10-18 10:42:43.853 +02:00 [INF] Route matched with {action = "Index", controller = "Home"}. Executing controller action with signature Microsoft.AspNetCore.Mvc.IActionResult Index() on controller MyShop.Controllers.HomeController (MyShop).
2024-10-18 10:42:43.864 +02:00 [INF] Executing ViewResult, running view Index.
2024-10-18 10:42:43.925 +02:00 [INF] Executed ViewResult - view Index executed in 59.8822ms.
2024-10-18 10:42:43.927 +02:00 [INF] Executed action MyShop.Controllers.HomeController.Index (MyShop) in 73.9073ms
2024-10-18 10:42:43.928 +02:00 [INF] Executed endpoint 'MyShop.Controllers.HomeController.Index (MyShop)'
2024-10-18 10:42:43.930 +02:00 [INF] Request finished HTTP/1.1 GET http://localhost:5017/ - 200 null text/html; charset=utf-8 113.059ms
2024-10-18 10:42:48.032 +02:00 [INF] Request starting HTTP/1.1 GET http://localhost:5017/Item/Table - null null
2024-10-18 10:42:48.034 +02:00 [INF] Executing endpoint 'MyShop.Controllers.ItemController.Table (MyShop)'
2024-10-18 10:42:48.040 +02:00 [INF] Route matched with {action = "Table", controller = "Item"}. Executing controller action with signature System.Threading.Tasks.Task`1[Microsoft.AspNetCore.Mvc.IActionResult] Table() on controller MyShop.Controllers.ItemController (MyShop).
2024-10-18 10:42:48.144 +02:00 [INF] Executing ViewResult, running view Table.
2024-10-18 10:42:48.157 +02:00 [INF] Executed ViewResult - view Table executed in 12.8855ms.
2024-10-18 10:42:48.157 +02:00 [INF] Executed action MyShop.Controllers.ItemController.Table (MyShop) in 116.2164ms
2024-10-18 10:42:48.157 +02:00 [INF] Executed endpoint 'MyShop.Controllers.ItemController.Table (MyShop)'
2024-10-18 10:42:48.161 +02:00 [INF] Request finished HTTP/1.1 GET http://localhost:5017/Item/Table - 200 null text/html; charset=utf-8 128.4375ms
2024-10-18 10:42:51.084 +02:00 [INF] Request starting HTTP/1.1 GET http://localhost:5017/Item/Create - null null
2024-10-18 10:42:51.090 +02:00 [INF] Executing endpoint 'MyShop.Controllers.ItemController.Create (MyShop)'
2024-10-18 10:42:51.093 +02:00 [INF] Route matched with {action = "Create", controller = "Item"}. Executing controller action with signature Microsoft.AspNetCore.Mvc.IActionResult Create() on controller MyShop.Controllers.ItemController (MyShop).
2024-10-18 10:42:51.095 +02:00 [INF] Executing ViewResult, running view Create.
2024-10-18 10:42:51.211 +02:00 [INF] Executed ViewResult - view Create executed in 116.6764ms.
2024-10-18 10:42:51.211 +02:00 [INF] Executed action MyShop.Controllers.ItemController.Create (MyShop) in 118.4482ms
2024-10-18 10:42:51.212 +02:00 [INF] Executed endpoint 'MyShop.Controllers.ItemController.Create (MyShop)'
2024-10-18 10:42:51.212 +02:00 [INF] Request finished HTTP/1.1 GET http://localhost:5017/Item/Create - 200 null text/html; charset=utf-8 128.1352ms
