2024-10-18 13:54:29.273 +02:00 [INF] User profile is available. Using 'C:\Users\Hadle\AppData\Local\ASP.NET\DataProtection-Keys' as key repository and Windows DPAPI to encrypt keys at rest.
2024-10-18 13:54:29.320 +02:00 [INF] Now listening on: http://localhost:5017
2024-10-18 13:54:29.323 +02:00 [INF] Application started. Press Ctrl+C to shut down.
2024-10-18 13:54:29.323 +02:00 [INF] Hosting environment: Development
2024-10-18 13:54:29.323 +02:00 [INF] Content root path: C:\Users\Hadle\Downloads\ITPE3200\ITPE3200_Exam_project
2024-10-18 13:54:30.318 +02:00 [INF] Request starting HTTP/1.1 GET http://localhost:5017/ - null null
2024-10-18 13:54:30.344 +02:00 [INF] Executing endpoint 'MyShop.Controllers.HomeController.Index (MyShop)'
2024-10-18 13:54:30.352 +02:00 [INF] Route matched with {action = "Index", controller = "Home"}. Executing controller action with signature Microsoft.AspNetCore.Mvc.IActionResult Index() on controller MyShop.Controllers.HomeController (MyShop).
2024-10-18 13:54:30.363 +02:00 [INF] Executing ViewResult, running view Index.
2024-10-18 13:54:30.408 +02:00 [INF] Executed ViewResult - view Index executed in 45.8405ms.
2024-10-18 13:54:30.410 +02:00 [INF] Executed action MyShop.Controllers.HomeController.Index (MyShop) in 56.7509ms
2024-10-18 13:54:30.410 +02:00 [INF] Executed endpoint 'MyShop.Controllers.HomeController.Index (MyShop)'
2024-10-18 13:54:30.412 +02:00 [INF] Request finished HTTP/1.1 GET http://localhost:5017/ - 200 null text/html; charset=utf-8 95.4085ms
2024-10-18 13:54:30.435 +02:00 [INF] Request starting HTTP/1.1 GET http://localhost:5017/images/salad.png - null null
2024-10-18 13:54:30.435 +02:00 [INF] Request starting HTTP/1.1 GET http://localhost:5017/images/nøkkelhull.png - null null
2024-10-18 13:54:30.441 +02:00 [INF] The file /images/nøkkelhull.png was not modified
2024-10-18 13:54:30.441 +02:00 [INF] Request finished HTTP/1.1 GET http://localhost:5017/images/nøkkelhull.png - 304 null image/png 5.6328ms
2024-10-18 13:54:30.463 +02:00 [INF] Sending file. Request path: '/images/salad.png'. Physical path: 'C:\Users\Hadle\Downloads\ITPE3200\ITPE3200_Exam_project\wwwroot\images\salad.png'
2024-10-18 13:54:30.463 +02:00 [INF] Request finished HTTP/1.1 GET http://localhost:5017/images/salad.png - 200 306095 image/png 28.3758ms
2024-10-18 14:00:43.655 +02:00 [INF] Application is shutting down...
