2024-10-18 11:04:42.462 +02:00 [INF] User profile is available. Using 'C:\Users\Hadle\AppData\Local\ASP.NET\DataProtection-Keys' as key repository and Windows DPAPI to encrypt keys at rest.
2024-10-18 11:04:42.511 +02:00 [INF] Now listening on: http://localhost:5017
2024-10-18 11:04:42.513 +02:00 [INF] Application started. Press Ctrl+C to shut down.
2024-10-18 11:04:42.513 +02:00 [INF] Hosting environment: Development
2024-10-18 11:04:42.514 +02:00 [INF] Content root path: C:\Users\Hadle\Downloads\ITPE3200\ITPE3200_Exam_project
2024-10-18 11:04:49.351 +02:00 [INF] Request starting HTTP/1.1 GET http://localhost:5017/ - null null
2024-10-18 11:04:49.372 +02:00 [INF] Executing endpoint 'MyShop.Controllers.HomeController.Index (MyShop)'
2024-10-18 11:04:49.383 +02:00 [INF] Route matched with {action = "Index", controller = "Home"}. Executing controller action with signature Microsoft.AspNetCore.Mvc.IActionResult Index() on controller MyShop.Controllers.HomeController (MyShop).
2024-10-18 11:04:49.393 +02:00 [INF] Executing ViewResult, running view Index.
2024-10-18 11:04:49.438 +02:00 [INF] Executed ViewResult - view Index executed in 46.1753ms.
2024-10-18 11:04:49.440 +02:00 [INF] Executed action MyShop.Controllers.HomeController.Index (MyShop) in 56.6713ms
2024-10-18 11:04:49.440 +02:00 [INF] Executed endpoint 'MyShop.Controllers.HomeController.Index (MyShop)'
2024-10-18 11:04:49.442 +02:00 [INF] Request finished HTTP/1.1 GET http://localhost:5017/ - 200 null text/html; charset=utf-8 91.9182ms
2024-10-18 11:04:57.859 +02:00 [INF] Request starting HTTP/1.1 GET http://localhost:5017/ - null null
2024-10-18 11:04:57.859 +02:00 [INF] Executing endpoint 'MyShop.Controllers.HomeController.Index (MyShop)'
2024-10-18 11:04:57.860 +02:00 [INF] Route matched with {action = "Index", controller = "Home"}. Executing controller action with signature Microsoft.AspNetCore.Mvc.IActionResult Index() on controller MyShop.Controllers.HomeController (MyShop).
2024-10-18 11:04:57.860 +02:00 [INF] Executing ViewResult, running view Index.
2024-10-18 11:04:57.863 +02:00 [INF] Executed ViewResult - view Index executed in 2.6572ms.
2024-10-18 11:04:57.863 +02:00 [INF] Executed action MyShop.Controllers.HomeController.Index (MyShop) in 3.0033ms
2024-10-18 11:04:57.863 +02:00 [INF] Executed endpoint 'MyShop.Controllers.HomeController.Index (MyShop)'
2024-10-18 11:04:57.863 +02:00 [INF] Request finished HTTP/1.1 GET http://localhost:5017/ - 200 null text/html; charset=utf-8 4.2913ms
2024-10-18 11:05:04.376 +02:00 [INF] Request starting HTTP/1.1 GET http://localhost:5017/ - null null
2024-10-18 11:05:04.377 +02:00 [INF] Executing endpoint 'MyShop.Controllers.HomeController.Index (MyShop)'
2024-10-18 11:05:04.377 +02:00 [INF] Route matched with {action = "Index", controller = "Home"}. Executing controller action with signature Microsoft.AspNetCore.Mvc.IActionResult Index() on controller MyShop.Controllers.HomeController (MyShop).
2024-10-18 11:05:04.377 +02:00 [INF] Executing ViewResult, running view Index.
2024-10-18 11:05:04.378 +02:00 [INF] Executed ViewResult - view Index executed in 0.865ms.
2024-10-18 11:05:04.378 +02:00 [INF] Executed action MyShop.Controllers.HomeController.Index (MyShop) in 1.0084ms
2024-10-18 11:05:04.378 +02:00 [INF] Executed endpoint 'MyShop.Controllers.HomeController.Index (MyShop)'
2024-10-18 11:05:04.378 +02:00 [INF] Request finished HTTP/1.1 GET http://localhost:5017/ - 200 null text/html; charset=utf-8 2.3409ms
2024-10-18 11:05:05.930 +02:00 [INF] Request starting HTTP/1.1 GET http://localhost:5017/Item/Table - null null
2024-10-18 11:05:05.931 +02:00 [INF] Executing endpoint 'MyShop.Controllers.ItemController.Table (MyShop)'
2024-10-18 11:05:05.936 +02:00 [INF] Route matched with {action = "Table", controller = "Item"}. Executing controller action with signature System.Threading.Tasks.Task`1[Microsoft.AspNetCore.Mvc.IActionResult] Table() on controller MyShop.Controllers.ItemController (MyShop).
2024-10-18 11:05:06.063 +02:00 [INF] Executing ViewResult, running view Table.
2024-10-18 11:05:06.076 +02:00 [INF] Executed ViewResult - view Table executed in 14.1729ms.
2024-10-18 11:05:06.076 +02:00 [INF] Executed action MyShop.Controllers.ItemController.Table (MyShop) in 140.3529ms
2024-10-18 11:05:06.076 +02:00 [INF] Executed endpoint 'MyShop.Controllers.ItemController.Table (MyShop)'
2024-10-18 11:05:06.082 +02:00 [INF] Request finished HTTP/1.1 GET http://localhost:5017/Item/Table - 200 null text/html; charset=utf-8 152.6807ms
2024-10-18 11:05:07.414 +02:00 [INF] Request starting HTTP/1.1 GET http://localhost:5017/ - null null
2024-10-18 11:05:07.414 +02:00 [INF] Executing endpoint 'MyShop.Controllers.HomeController.Index (MyShop)'
2024-10-18 11:05:07.414 +02:00 [INF] Route matched with {action = "Index", controller = "Home"}. Executing controller action with signature Microsoft.AspNetCore.Mvc.IActionResult Index() on controller MyShop.Controllers.HomeController (MyShop).
2024-10-18 11:05:07.415 +02:00 [INF] Executing ViewResult, running view Index.
2024-10-18 11:05:07.415 +02:00 [INF] Executed ViewResult - view Index executed in 0.7762ms.
2024-10-18 11:05:07.415 +02:00 [INF] Executed action MyShop.Controllers.HomeController.Index (MyShop) in 0.9034ms
2024-10-18 11:05:07.415 +02:00 [INF] Executed endpoint 'MyShop.Controllers.HomeController.Index (MyShop)'
2024-10-18 11:05:07.416 +02:00 [INF] Request finished HTTP/1.1 GET http://localhost:5017/ - 200 null text/html; charset=utf-8 1.5283ms
2024-10-18 11:05:12.114 +02:00 [INF] Application is shutting down...
