2024-10-18 10:37:03.552 +02:00 [INF] User profile is available. Using 'C:\Users\Hadle\AppData\Local\ASP.NET\DataProtection-Keys' as key repository and Windows DPAPI to encrypt keys at rest.
2024-10-18 10:37:03.597 +02:00 [INF] Now listening on: http://localhost:5017
2024-10-18 10:37:03.600 +02:00 [INF] Application started. Press Ctrl+C to shut down.
2024-10-18 10:37:03.600 +02:00 [INF] Hosting environment: Development
2024-10-18 10:37:03.601 +02:00 [INF] Content root path: C:\Users\Hadle\Downloads\ITPE3200\ITPE3200_Exam_project
2024-10-18 10:37:32.449 +02:00 [INF] Request starting HTTP/1.1 GET http://localhost:5017/ - null null
2024-10-18 10:37:32.481 +02:00 [INF] Executing endpoint 'MyShop.Controllers.HomeController.Index (MyShop)'
2024-10-18 10:37:32.490 +02:00 [INF] Route matched with {action = "Index", controller = "Home"}. Executing controller action with signature Microsoft.AspNetCore.Mvc.IActionResult Index() on controller MyShop.Controllers.HomeController (MyShop).
2024-10-18 10:37:32.503 +02:00 [INF] Executing ViewResult, running view Index.
2024-10-18 10:37:32.550 +02:00 [INF] Executed ViewResult - view Index executed in 47.1439ms.
2024-10-18 10:37:32.551 +02:00 [INF] Executed action MyShop.Controllers.HomeController.Index (MyShop) in 60.5758ms
2024-10-18 10:37:32.551 +02:00 [INF] Executed endpoint 'MyShop.Controllers.HomeController.Index (MyShop)'
2024-10-18 10:37:32.554 +02:00 [INF] Request finished HTTP/1.1 GET http://localhost:5017/ - 200 null text/html; charset=utf-8 105.3778ms
2024-10-18 10:37:36.970 +02:00 [INF] Request starting HTTP/1.1 GET http://localhost:5017/Item/Table - null null
2024-10-18 10:37:36.971 +02:00 [INF] Executing endpoint 'MyShop.Controllers.ItemController.Table (MyShop)'
2024-10-18 10:37:36.976 +02:00 [INF] Route matched with {action = "Table", controller = "Item"}. Executing controller action with signature System.Threading.Tasks.Task`1[Microsoft.AspNetCore.Mvc.IActionResult] Table() on controller MyShop.Controllers.ItemController (MyShop).
2024-10-18 10:37:37.106 +02:00 [INF] Executing ViewResult, running view Table.
2024-10-18 10:37:37.119 +02:00 [INF] Executed ViewResult - view Table executed in 14.0044ms.
2024-10-18 10:37:37.120 +02:00 [INF] Executed action MyShop.Controllers.ItemController.Table (MyShop) in 143.9609ms
2024-10-18 10:37:37.120 +02:00 [INF] Executed endpoint 'MyShop.Controllers.ItemController.Table (MyShop)'
2024-10-18 10:37:37.124 +02:00 [INF] Request finished HTTP/1.1 GET http://localhost:5017/Item/Table - 200 null text/html; charset=utf-8 153.5063ms
2024-10-18 10:37:38.442 +02:00 [INF] Request starting HTTP/1.1 GET http://localhost:5017/ - null null
2024-10-18 10:37:38.443 +02:00 [INF] Executing endpoint 'MyShop.Controllers.HomeController.Index (MyShop)'
2024-10-18 10:37:38.443 +02:00 [INF] Route matched with {action = "Index", controller = "Home"}. Executing controller action with signature Microsoft.AspNetCore.Mvc.IActionResult Index() on controller MyShop.Controllers.HomeController (MyShop).
2024-10-18 10:37:38.444 +02:00 [INF] Executing ViewResult, running view Index.
2024-10-18 10:37:38.445 +02:00 [INF] Executed ViewResult - view Index executed in 1.827ms.
2024-10-18 10:37:38.445 +02:00 [INF] Executed action MyShop.Controllers.HomeController.Index (MyShop) in 2.1016ms
2024-10-18 10:37:38.445 +02:00 [INF] Executed endpoint 'MyShop.Controllers.HomeController.Index (MyShop)'
2024-10-18 10:37:38.446 +02:00 [INF] Request finished HTTP/1.1 GET http://localhost:5017/ - 200 null text/html; charset=utf-8 3.5602ms
2024-10-18 10:37:40.157 +02:00 [INF] Request starting HTTP/1.1 GET http://localhost:5017/Customer/Table - null null
2024-10-18 10:37:40.158 +02:00 [INF] Executing endpoint 'MyShop.Controllers.CustomerController.Table (MyShop)'
2024-10-18 10:37:40.161 +02:00 [INF] Route matched with {action = "Table", controller = "Customer"}. Executing controller action with signature System.Threading.Tasks.Task`1[Microsoft.AspNetCore.Mvc.IActionResult] Table() on controller MyShop.Controllers.CustomerController (MyShop).
2024-10-18 10:37:40.212 +02:00 [INF] Executing ViewResult, running view Table.
2024-10-18 10:37:40.291 +02:00 [INF] Executed ViewResult - view Table executed in 78.6811ms.
2024-10-18 10:37:40.291 +02:00 [INF] Executed action MyShop.Controllers.CustomerController.Table (MyShop) in 129.8296ms
2024-10-18 10:37:40.291 +02:00 [INF] Executed endpoint 'MyShop.Controllers.CustomerController.Table (MyShop)'
2024-10-18 10:37:40.291 +02:00 [INF] Request finished HTTP/1.1 GET http://localhost:5017/Customer/Table - 200 null text/html; charset=utf-8 134.5779ms
2024-10-18 10:37:41.403 +02:00 [INF] Request starting HTTP/1.1 GET http://localhost:5017/ - null null
2024-10-18 10:37:41.403 +02:00 [INF] Executing endpoint 'MyShop.Controllers.HomeController.Index (MyShop)'
2024-10-18 10:37:41.403 +02:00 [INF] Route matched with {action = "Index", controller = "Home"}. Executing controller action with signature Microsoft.AspNetCore.Mvc.IActionResult Index() on controller MyShop.Controllers.HomeController (MyShop).
2024-10-18 10:37:41.403 +02:00 [INF] Executing ViewResult, running view Index.
2024-10-18 10:37:41.404 +02:00 [INF] Executed ViewResult - view Index executed in 0.6001ms.
2024-10-18 10:37:41.404 +02:00 [INF] Executed action MyShop.Controllers.HomeController.Index (MyShop) in 0.7408ms
2024-10-18 10:37:41.404 +02:00 [INF] Executed endpoint 'MyShop.Controllers.HomeController.Index (MyShop)'
2024-10-18 10:37:41.404 +02:00 [INF] Request finished HTTP/1.1 GET http://localhost:5017/ - 200 null text/html; charset=utf-8 1.6046ms
2024-10-18 10:37:42.559 +02:00 [INF] Request starting HTTP/1.1 GET http://localhost:5017/ - null null
2024-10-18 10:37:42.559 +02:00 [INF] Executing endpoint 'MyShop.Controllers.HomeController.Index (MyShop)'
2024-10-18 10:37:42.560 +02:00 [INF] Route matched with {action = "Index", controller = "Home"}. Executing controller action with signature Microsoft.AspNetCore.Mvc.IActionResult Index() on controller MyShop.Controllers.HomeController (MyShop).
2024-10-18 10:37:42.560 +02:00 [INF] Executing ViewResult, running view Index.
2024-10-18 10:37:42.561 +02:00 [INF] Executed ViewResult - view Index executed in 1.066ms.
2024-10-18 10:37:42.561 +02:00 [INF] Executed action MyShop.Controllers.HomeController.Index (MyShop) in 1.2116ms
2024-10-18 10:37:42.561 +02:00 [INF] Executed endpoint 'MyShop.Controllers.HomeController.Index (MyShop)'
2024-10-18 10:37:42.561 +02:00 [INF] Request finished HTTP/1.1 GET http://localhost:5017/ - 200 null text/html; charset=utf-8 1.8959ms
2024-10-18 10:37:43.749 +02:00 [INF] Request starting HTTP/1.1 GET http://localhost:5017/ - null null
2024-10-18 10:37:43.750 +02:00 [INF] Executing endpoint 'MyShop.Controllers.HomeController.Index (MyShop)'
2024-10-18 10:37:43.750 +02:00 [INF] Route matched with {action = "Index", controller = "Home"}. Executing controller action with signature Microsoft.AspNetCore.Mvc.IActionResult Index() on controller MyShop.Controllers.HomeController (MyShop).
2024-10-18 10:37:43.750 +02:00 [INF] Executing ViewResult, running view Index.
2024-10-18 10:37:43.750 +02:00 [INF] Executed ViewResult - view Index executed in 0.6032ms.
2024-10-18 10:37:43.751 +02:00 [INF] Executed action MyShop.Controllers.HomeController.Index (MyShop) in 0.7388ms
2024-10-18 10:37:43.751 +02:00 [INF] Executed endpoint 'MyShop.Controllers.HomeController.Index (MyShop)'
2024-10-18 10:37:43.751 +02:00 [INF] Request finished HTTP/1.1 GET http://localhost:5017/ - 200 null text/html; charset=utf-8 1.209ms
2024-10-18 10:37:44.464 +02:00 [INF] Request starting HTTP/1.1 GET http://localhost:5017/Item/Table - null null
2024-10-18 10:37:44.465 +02:00 [INF] Executing endpoint 'MyShop.Controllers.ItemController.Table (MyShop)'
2024-10-18 10:37:44.465 +02:00 [INF] Route matched with {action = "Table", controller = "Item"}. Executing controller action with signature System.Threading.Tasks.Task`1[Microsoft.AspNetCore.Mvc.IActionResult] Table() on controller MyShop.Controllers.ItemController (MyShop).
2024-10-18 10:37:44.468 +02:00 [INF] Executing ViewResult, running view Table.
2024-10-18 10:37:44.470 +02:00 [INF] Executed ViewResult - view Table executed in 2.1716ms.
2024-10-18 10:37:44.470 +02:00 [INF] Executed action MyShop.Controllers.ItemController.Table (MyShop) in 5.3308ms
2024-10-18 10:37:44.470 +02:00 [INF] Executed endpoint 'MyShop.Controllers.ItemController.Table (MyShop)'
2024-10-18 10:37:44.471 +02:00 [INF] Request finished HTTP/1.1 GET http://localhost:5017/Item/Table - 200 null text/html; charset=utf-8 6.7941ms
2024-10-18 10:37:45.349 +02:00 [INF] Request starting HTTP/1.1 GET http://localhost:5017/Customer/Table - null null
2024-10-18 10:37:45.349 +02:00 [INF] Executing endpoint 'MyShop.Controllers.CustomerController.Table (MyShop)'
2024-10-18 10:37:45.349 +02:00 [INF] Route matched with {action = "Table", controller = "Customer"}. Executing controller action with signature System.Threading.Tasks.Task`1[Microsoft.AspNetCore.Mvc.IActionResult] Table() on controller MyShop.Controllers.CustomerController (MyShop).
2024-10-18 10:37:45.352 +02:00 [INF] Executing ViewResult, running view Table.
2024-10-18 10:37:45.357 +02:00 [INF] Executed ViewResult - view Table executed in 4.575ms.
2024-10-18 10:37:45.357 +02:00 [INF] Executed action MyShop.Controllers.CustomerController.Table (MyShop) in 7.7997ms
2024-10-18 10:37:45.357 +02:00 [INF] Executed endpoint 'MyShop.Controllers.CustomerController.Table (MyShop)'
2024-10-18 10:37:45.357 +02:00 [INF] Request finished HTTP/1.1 GET http://localhost:5017/Customer/Table - 200 null text/html; charset=utf-8 8.2308ms
2024-10-18 10:37:46.384 +02:00 [INF] Request starting HTTP/1.1 GET http://localhost:5017/Item/Table - null null
2024-10-18 10:37:46.385 +02:00 [INF] Executing endpoint 'MyShop.Controllers.ItemController.Table (MyShop)'
2024-10-18 10:37:46.385 +02:00 [INF] Route matched with {action = "Table", controller = "Item"}. Executing controller action with signature System.Threading.Tasks.Task`1[Microsoft.AspNetCore.Mvc.IActionResult] Table() on controller MyShop.Controllers.ItemController (MyShop).
2024-10-18 10:37:46.388 +02:00 [INF] Executing ViewResult, running view Table.
2024-10-18 10:37:46.390 +02:00 [INF] Executed ViewResult - view Table executed in 1.874ms.
2024-10-18 10:37:46.390 +02:00 [INF] Executed action MyShop.Controllers.ItemController.Table (MyShop) in 5.0381ms
2024-10-18 10:37:46.390 +02:00 [INF] Executed endpoint 'MyShop.Controllers.ItemController.Table (MyShop)'
2024-10-18 10:37:46.390 +02:00 [INF] Request finished HTTP/1.1 GET http://localhost:5017/Item/Table - 200 null text/html; charset=utf-8 5.5356ms
2024-10-18 10:46:19.227 +02:00 [INF] Request starting HTTP/1.1 GET http://localhost:5017/ - null null
2024-10-18 10:46:19.227 +02:00 [INF] Executing endpoint 'MyShop.Controllers.HomeController.Index (MyShop)'
2024-10-18 10:46:19.227 +02:00 [INF] Route matched with {action = "Index", controller = "Home"}. Executing controller action with signature Microsoft.AspNetCore.Mvc.IActionResult Index() on controller MyShop.Controllers.HomeController (MyShop).
2024-10-18 10:46:19.227 +02:00 [INF] Executing ViewResult, running view Index.
2024-10-18 10:46:19.228 +02:00 [INF] Executed ViewResult - view Index executed in 0.5282ms.
2024-10-18 10:46:19.228 +02:00 [INF] Executed action MyShop.Controllers.HomeController.Index (MyShop) in 0.6584ms
2024-10-18 10:46:19.228 +02:00 [INF] Executed endpoint 'MyShop.Controllers.HomeController.Index (MyShop)'
2024-10-18 10:46:19.228 +02:00 [INF] Request finished HTTP/1.1 GET http://localhost:5017/ - 200 null text/html; charset=utf-8 1.1352ms
2024-10-18 10:48:18.732 +02:00 [INF] Application is shutting down...
