2024-11-04 10:47:31.934 +01:00 [INF] User profile is available. Using 'C:\Users\Hadle\AppData\Local\ASP.NET\DataProtection-Keys' as key repository and Windows DPAPI to encrypt keys at rest.
2024-11-04 10:47:32.072 +01:00 [INF] Now listening on: http://localhost:5017
2024-11-04 10:47:32.075 +01:00 [INF] Application started. Press Ctrl+C to shut down.
2024-11-04 10:47:32.076 +01:00 [INF] Hosting environment: Development
2024-11-04 10:47:32.076 +01:00 [INF] Content root path: C:\ITPE3200\ITPE3200_Exam_project-main\ITPE3200_Exam_project-main\ITPE3200_Exam_project
2024-11-04 10:47:33.517 +01:00 [INF] Request starting HTTP/1.1 GET http://localhost:5017/ - null null
2024-11-04 10:47:33.560 +01:00 [INF] Executing endpoint 'MyShop.Controllers.HomeController.Index (MyShop)'
2024-11-04 10:47:33.569 +01:00 [INF] Route matched with {action = "Index", controller = "Home", page = "", area = ""}. Executing controller action with signature Microsoft.AspNetCore.Mvc.IActionResult Index() on controller MyShop.Controllers.HomeController (MyShop).
2024-11-04 10:47:33.576 +01:00 [INF] Executing ViewResult, running view Index.
2024-11-04 10:47:33.642 +01:00 [INF] Executed ViewResult - view Index executed in 67.3578ms.
2024-11-04 10:47:33.644 +01:00 [INF] Executed action MyShop.Controllers.HomeController.Index (MyShop) in 73.7639ms
2024-11-04 10:47:33.644 +01:00 [INF] Executed endpoint 'MyShop.Controllers.HomeController.Index (MyShop)'
2024-11-04 10:47:33.648 +01:00 [INF] Request finished HTTP/1.1 GET http://localhost:5017/ - 200 null text/html; charset=utf-8 132.8351ms
2024-11-04 10:50:27.735 +01:00 [INF] Request starting HTTP/1.1 GET http://localhost:5017/ - null null
2024-11-04 10:50:27.738 +01:00 [INF] Executing endpoint 'MyShop.Controllers.HomeController.Index (MyShop)'
2024-11-04 10:50:27.739 +01:00 [INF] Route matched with {action = "Index", controller = "Home", page = "", area = ""}. Executing controller action with signature Microsoft.AspNetCore.Mvc.IActionResult Index() on controller MyShop.Controllers.HomeController (MyShop).
2024-11-04 10:50:27.740 +01:00 [INF] Executing ViewResult, running view Index.
2024-11-04 10:50:27.747 +01:00 [INF] Executed ViewResult - view Index executed in 7.5249ms.
2024-11-04 10:50:27.747 +01:00 [INF] Executed action MyShop.Controllers.HomeController.Index (MyShop) in 8.1579ms
2024-11-04 10:50:27.747 +01:00 [INF] Executed endpoint 'MyShop.Controllers.HomeController.Index (MyShop)'
2024-11-04 10:50:27.747 +01:00 [INF] Request finished HTTP/1.1 GET http://localhost:5017/ - 200 null text/html; charset=utf-8 11.9109ms
2024-11-04 10:50:30.933 +01:00 [INF] Application is shutting down...
