2024-10-18 13:29:41.322 +02:00 [INF] User profile is available. Using 'C:\Users\Hadle\AppData\Local\ASP.NET\DataProtection-Keys' as key repository and Windows DPAPI to encrypt keys at rest.
2024-10-18 13:29:41.371 +02:00 [INF] Now listening on: http://localhost:5017
2024-10-18 13:29:41.373 +02:00 [INF] Application started. Press Ctrl+C to shut down.
2024-10-18 13:29:41.373 +02:00 [INF] Hosting environment: Development
2024-10-18 13:29:41.373 +02:00 [INF] Content root path: C:\Users\Hadle\Downloads\ITPE3200\ITPE3200_Exam_project
2024-10-18 13:29:42.427 +02:00 [INF] Request starting HTTP/1.1 GET http://localhost:5017/ - null null
2024-10-18 13:29:42.454 +02:00 [INF] Executing endpoint 'MyShop.Controllers.HomeController.Index (MyShop)'
2024-10-18 13:29:42.463 +02:00 [INF] Route matched with {action = "Index", controller = "Home"}. Executing controller action with signature Microsoft.AspNetCore.Mvc.IActionResult Index() on controller MyShop.Controllers.HomeController (MyShop).
2024-10-18 13:29:42.472 +02:00 [INF] Executing ViewResult, running view Index.
2024-10-18 13:29:42.519 +02:00 [INF] Executed ViewResult - view Index executed in 45.0817ms.
2024-10-18 13:29:42.521 +02:00 [INF] Executed action MyShop.Controllers.HomeController.Index (MyShop) in 57.9645ms
2024-10-18 13:29:42.521 +02:00 [INF] Executed endpoint 'MyShop.Controllers.HomeController.Index (MyShop)'
2024-10-18 13:29:42.523 +02:00 [INF] Request finished HTTP/1.1 GET http://localhost:5017/ - 200 null text/html; charset=utf-8 97.9111ms
2024-10-18 13:29:46.521 +02:00 [INF] Request starting HTTP/1.1 GET http://localhost:5017/ - null null
2024-10-18 13:29:46.521 +02:00 [INF] Executing endpoint 'MyShop.Controllers.HomeController.Index (MyShop)'
2024-10-18 13:29:46.522 +02:00 [INF] Route matched with {action = "Index", controller = "Home"}. Executing controller action with signature Microsoft.AspNetCore.Mvc.IActionResult Index() on controller MyShop.Controllers.HomeController (MyShop).
2024-10-18 13:29:46.522 +02:00 [INF] Executing ViewResult, running view Index.
2024-10-18 13:29:46.525 +02:00 [INF] Executed ViewResult - view Index executed in 2.8455ms.
2024-10-18 13:29:46.525 +02:00 [INF] Executed action MyShop.Controllers.HomeController.Index (MyShop) in 3.2159ms
2024-10-18 13:29:46.525 +02:00 [INF] Executed endpoint 'MyShop.Controllers.HomeController.Index (MyShop)'
2024-10-18 13:29:46.525 +02:00 [INF] Request finished HTTP/1.1 GET http://localhost:5017/ - 200 null text/html; charset=utf-8 4.4963ms
2024-10-18 13:30:34.673 +02:00 [INF] Request starting HTTP/1.1 GET http://localhost:5017/ - null null
2024-10-18 13:30:34.674 +02:00 [INF] Executing endpoint 'MyShop.Controllers.HomeController.Index (MyShop)'
2024-10-18 13:30:34.674 +02:00 [INF] Route matched with {action = "Index", controller = "Home"}. Executing controller action with signature Microsoft.AspNetCore.Mvc.IActionResult Index() on controller MyShop.Controllers.HomeController (MyShop).
2024-10-18 13:30:34.674 +02:00 [INF] Executing ViewResult, running view Index.
2024-10-18 13:30:34.675 +02:00 [INF] Executed ViewResult - view Index executed in 0.7119ms.
2024-10-18 13:30:34.675 +02:00 [INF] Executed action MyShop.Controllers.HomeController.Index (MyShop) in 0.8563ms
2024-10-18 13:30:34.675 +02:00 [INF] Executed endpoint 'MyShop.Controllers.HomeController.Index (MyShop)'
2024-10-18 13:30:34.675 +02:00 [INF] Request finished HTTP/1.1 GET http://localhost:5017/ - 200 null text/html; charset=utf-8 2.0167ms
2024-10-18 13:30:36.670 +02:00 [INF] Application is shutting down...
