2024-11-04 14:45:05.876 +01:00 [INF] User profile is available. Using 'C:\Users\jovan\AppData\Local\ASP.NET\DataProtection-Keys' as key repository and Windows DPAPI to encrypt keys at rest.
2024-11-04 14:45:06.000 +01:00 [INF] Now listening on: http://localhost:5017
2024-11-04 14:45:06.004 +01:00 [INF] Application started. Press Ctrl+C to shut down.
2024-11-04 14:45:06.005 +01:00 [INF] Hosting environment: Development
2024-11-04 14:45:06.005 +01:00 [INF] Content root path: C:\TestMappe\Eksamen\ITPE3200_Exam_project
2024-11-04 14:45:07.478 +01:00 [INF] Request starting HTTP/1.1 GET http://localhost:5017/ - null null
2024-11-04 14:45:07.513 +01:00 [INF] Identity.Application was not authenticated. Failure message: Unprotect ticket failed
2024-11-04 14:45:07.517 +01:00 [INF] Executing endpoint 'MyShop.Controllers.HomeController.Index (MyShop)'
2024-11-04 14:45:07.526 +01:00 [INF] Route matched with {action = "Index", controller = "Home", page = "", area = ""}. Executing controller action with signature Microsoft.AspNetCore.Mvc.IActionResult Index() on controller MyShop.Controllers.HomeController (MyShop).
2024-11-04 14:45:07.532 +01:00 [INF] Executing ViewResult, running view Index.
2024-11-04 14:45:07.601 +01:00 [INF] Executed ViewResult - view Index executed in 69.5653ms.
2024-11-04 14:45:07.604 +01:00 [INF] Executed action MyShop.Controllers.HomeController.Index (MyShop) in 76.726ms
2024-11-04 14:45:07.604 +01:00 [INF] Executed endpoint 'MyShop.Controllers.HomeController.Index (MyShop)'
2024-11-04 14:45:07.609 +01:00 [INF] Request finished HTTP/1.1 GET http://localhost:5017/ - 200 null text/html; charset=utf-8 132.2142ms
2024-11-04 14:45:09.280 +01:00 [INF] Request starting HTTP/1.1 GET http://localhost:5017/Identity/Account/Login - null null
2024-11-04 14:45:09.284 +01:00 [INF] Identity.Application was not authenticated. Failure message: Unprotect ticket failed
2024-11-04 14:45:09.284 +01:00 [INF] Executing endpoint '/Account/Login'
2024-11-04 14:45:09.300 +01:00 [INF] Route matched with {page = "/Account/Login", area = "Identity", action = "", controller = ""}. Executing page /Account/Login
2024-11-04 14:45:09.311 +01:00 [INF] Executing handler method MyShop.Areas.Identity.Pages.Account.LoginModel.OnGetAsync - ModelState is "Valid"
2024-11-04 14:45:09.315 +01:00 [INF] AuthenticationScheme: Identity.External signed out.
2024-11-04 14:45:09.316 +01:00 [INF] Executed handler method OnGetAsync, returned result .
2024-11-04 14:45:09.318 +01:00 [INF] Executing an implicit handler method - ModelState is "Valid"
2024-11-04 14:45:09.318 +01:00 [INF] Executed an implicit handler method, returned result Microsoft.AspNetCore.Mvc.RazorPages.PageResult.
2024-11-04 14:45:09.345 +01:00 [INF] Executed page /Account/Login in 44.6417ms
2024-11-04 14:45:09.345 +01:00 [INF] Executed endpoint '/Account/Login'
2024-11-04 14:45:09.345 +01:00 [INF] Request finished HTTP/1.1 GET http://localhost:5017/Identity/Account/Login - 200 null text/html; charset=utf-8 65.6048ms
2024-11-04 14:45:09.370 +01:00 [INF] Request starting HTTP/1.1 GET http://localhost:5017/css/Login.css - null null
2024-11-04 14:45:09.386 +01:00 [INF] Sending file. Request path: '/css/Login.css'. Physical path: 'C:\TestMappe\Eksamen\ITPE3200_Exam_project\wwwroot\css\Login.css'
2024-11-04 14:45:09.386 +01:00 [INF] Request finished HTTP/1.1 GET http://localhost:5017/css/Login.css - 200 2199 text/css 16.3025ms
2024-11-04 14:45:09.423 +01:00 [INF] Request starting HTTP/1.1 GET http://localhost:5017/lib/jquery-validation/dist/jquery.validate.min.js - null null
2024-11-04 14:45:09.424 +01:00 [INF] Request starting HTTP/1.1 GET http://localhost:5017/lib/jquery-validation-unobtrusive/jquery.validate.unobtrusive.min.js - null null
2024-11-04 14:45:09.426 +01:00 [INF] Identity.Application was not authenticated. Failure message: Unprotect ticket failed
2024-11-04 14:45:09.426 +01:00 [INF] Identity.Application was not authenticated. Failure message: Unprotect ticket failed
2024-11-04 14:45:09.426 +01:00 [INF] Request finished HTTP/1.1 GET http://localhost:5017/lib/jquery-validation-unobtrusive/jquery.validate.unobtrusive.min.js - 404 0 null 2.4866ms
2024-11-04 14:45:09.426 +01:00 [INF] Request finished HTTP/1.1 GET http://localhost:5017/lib/jquery-validation/dist/jquery.validate.min.js - 404 0 null 3.0097ms
2024-11-04 14:45:09.427 +01:00 [INF] Request reached the end of the middleware pipeline without being handled by application code. Request path: GET http://localhost:5017/lib/jquery-validation-unobtrusive/jquery.validate.unobtrusive.min.js, Response status code: 404
2024-11-04 14:45:09.427 +01:00 [INF] Request reached the end of the middleware pipeline without being handled by application code. Request path: GET http://localhost:5017/lib/jquery-validation/dist/jquery.validate.min.js, Response status code: 404
2024-11-04 14:46:04.765 +01:00 [INF] Request starting HTTP/1.1 GET http://localhost:5017/Identity/Account/Register - null null
2024-11-04 14:46:04.770 +01:00 [INF] Identity.Application was not authenticated. Failure message: Unprotect ticket failed
2024-11-04 14:46:04.770 +01:00 [INF] Executing endpoint '/Account/Register'
2024-11-04 14:46:04.782 +01:00 [INF] Route matched with {page = "/Account/Register", area = "Identity", action = "", controller = ""}. Executing page /Account/Register
2024-11-04 14:46:04.805 +01:00 [INF] Executing handler method MyShop.Areas.Identity.Pages.Account.RegisterModel.OnGetAsync - ModelState is "Valid"
2024-11-04 14:46:04.807 +01:00 [INF] Executed handler method OnGetAsync, returned result .
2024-11-04 14:46:04.807 +01:00 [INF] Executing an implicit handler method - ModelState is "Valid"
2024-11-04 14:46:04.807 +01:00 [INF] Executed an implicit handler method, returned result Microsoft.AspNetCore.Mvc.RazorPages.PageResult.
2024-11-04 14:46:04.854 +01:00 [INF] Executed page /Account/Register in 71.7377ms
2024-11-04 14:46:04.854 +01:00 [INF] Executed endpoint '/Account/Register'
2024-11-04 14:46:04.854 +01:00 [INF] Request finished HTTP/1.1 GET http://localhost:5017/Identity/Account/Register - 200 null text/html; charset=utf-8 89.6526ms
2024-11-04 14:46:04.872 +01:00 [INF] Request starting HTTP/1.1 GET http://localhost:5017/lib/jquery-validation/dist/jquery.validate.min.js - null null
2024-11-04 14:46:04.872 +01:00 [INF] Request starting HTTP/1.1 GET http://localhost:5017/lib/jquery-validation-unobtrusive/jquery.validate.unobtrusive.min.js - null null
2024-11-04 14:46:04.873 +01:00 [INF] Identity.Application was not authenticated. Failure message: Unprotect ticket failed
2024-11-04 14:46:04.873 +01:00 [INF] Identity.Application was not authenticated. Failure message: Unprotect ticket failed
2024-11-04 14:46:04.873 +01:00 [INF] Request finished HTTP/1.1 GET http://localhost:5017/lib/jquery-validation/dist/jquery.validate.min.js - 404 0 null 1.1188ms
2024-11-04 14:46:04.873 +01:00 [INF] Request finished HTTP/1.1 GET http://localhost:5017/lib/jquery-validation-unobtrusive/jquery.validate.unobtrusive.min.js - 404 0 null 0.9456ms
2024-11-04 14:46:04.873 +01:00 [INF] Request reached the end of the middleware pipeline without being handled by application code. Request path: GET http://localhost:5017/lib/jquery-validation/dist/jquery.validate.min.js, Response status code: 404
2024-11-04 14:46:04.874 +01:00 [INF] Request reached the end of the middleware pipeline without being handled by application code. Request path: GET http://localhost:5017/lib/jquery-validation-unobtrusive/jquery.validate.unobtrusive.min.js, Response status code: 404
2024-11-04 14:46:06.885 +01:00 [INF] Request starting HTTP/1.1 GET http://localhost:5017/Identity/Account/Login - null null
2024-11-04 14:46:06.886 +01:00 [INF] Identity.Application was not authenticated. Failure message: Unprotect ticket failed
2024-11-04 14:46:06.886 +01:00 [INF] Executing endpoint '/Account/Login'
2024-11-04 14:46:06.887 +01:00 [INF] Route matched with {page = "/Account/Login", area = "Identity", action = "", controller = ""}. Executing page /Account/Login
2024-11-04 14:46:06.888 +01:00 [INF] Executing handler method MyShop.Areas.Identity.Pages.Account.LoginModel.OnGetAsync - ModelState is "Valid"
2024-11-04 14:46:06.888 +01:00 [INF] AuthenticationScheme: Identity.External signed out.
2024-11-04 14:46:06.888 +01:00 [INF] Executed handler method OnGetAsync, returned result .
2024-11-04 14:46:06.888 +01:00 [INF] Executing an implicit handler method - ModelState is "Valid"
2024-11-04 14:46:06.889 +01:00 [INF] Executed an implicit handler method, returned result Microsoft.AspNetCore.Mvc.RazorPages.PageResult.
2024-11-04 14:46:06.893 +01:00 [INF] Executed page /Account/Login in 6.2114ms
2024-11-04 14:46:06.894 +01:00 [INF] Executed endpoint '/Account/Login'
2024-11-04 14:46:06.894 +01:00 [INF] Request finished HTTP/1.1 GET http://localhost:5017/Identity/Account/Login - 200 null text/html; charset=utf-8 8.6101ms
