2024-10-10 16:11:14.135 +02:00 [INF] User profile is available. Using 'C:\Users\jovan\AppData\Local\ASP.NET\DataProtection-Keys' as key repository and Windows DPAPI to encrypt keys at rest.
2024-10-10 16:11:14.183 +02:00 [INF] Now listening on: http://localhost:5017
2024-10-10 16:11:14.185 +02:00 [INF] Application started. Press Ctrl+C to shut down.
2024-10-10 16:11:14.185 +02:00 [INF] Hosting environment: Development
2024-10-10 16:11:14.186 +02:00 [INF] Content root path: C:\TestMappe\ITPE3200_Exam_project
2024-10-10 16:11:17.433 +02:00 [INF] Request starting HTTP/1.1 GET http://localhost:5017/ - null null
2024-10-10 16:11:17.452 +02:00 [INF] Executing endpoint 'MyShop.Controllers.HomeController.Index (MyShop)'
2024-10-10 16:11:17.457 +02:00 [INF] Route matched with {action = "Index", controller = "Home"}. Executing controller action with signature Microsoft.AspNetCore.Mvc.IActionResult Index() on controller MyShop.Controllers.HomeController (MyShop).
2024-10-10 16:11:17.463 +02:00 [INF] Executing ViewResult, running view Index.
2024-10-10 16:11:17.500 +02:00 [INF] Executed ViewResult - view Index executed in 36.5471ms.
2024-10-10 16:11:17.501 +02:00 [INF] Executed action MyShop.Controllers.HomeController.Index (MyShop) in 44.0133ms
2024-10-10 16:11:17.502 +02:00 [INF] Executed endpoint 'MyShop.Controllers.HomeController.Index (MyShop)'
2024-10-10 16:11:17.503 +02:00 [INF] Request finished HTTP/1.1 GET http://localhost:5017/ - 200 null text/html; charset=utf-8 71.129ms
2024-10-10 16:11:17.519 +02:00 [INF] Request starting HTTP/1.1 GET http://localhost:5017/images/pizza.jpg - null null
2024-10-10 16:11:17.521 +02:00 [INF] Request starting HTTP/1.1 GET http://localhost:5017/images/fishandchips.jpg - null null
2024-10-10 16:11:17.522 +02:00 [INF] Request finished HTTP/1.1 GET http://localhost:5017/images/pizza.jpg - 404 0 null 2.8918ms
2024-10-10 16:11:17.523 +02:00 [INF] Request finished HTTP/1.1 GET http://localhost:5017/images/fishandchips.jpg - 404 0 null 1.2945ms
2024-10-10 16:11:17.523 +02:00 [INF] Request reached the end of the middleware pipeline without being handled by application code. Request path: GET http://localhost:5017/images/fishandchips.jpg, Response status code: 404
2024-10-10 16:11:17.523 +02:00 [INF] Request reached the end of the middleware pipeline without being handled by application code. Request path: GET http://localhost:5017/images/pizza.jpg, Response status code: 404
2024-10-10 16:11:17.602 +02:00 [INF] Request starting HTTP/1.1 GET http://localhost:5017/images/tacos.jpg - null null
2024-10-10 16:11:17.603 +02:00 [INF] Request finished HTTP/1.1 GET http://localhost:5017/images/tacos.jpg - 404 0 null 1.3156ms
2024-10-10 16:11:17.603 +02:00 [INF] Request reached the end of the middleware pipeline without being handled by application code. Request path: GET http://localhost:5017/images/tacos.jpg, Response status code: 404
2024-10-10 16:11:19.273 +02:00 [INF] Request starting HTTP/1.1 GET http://localhost:5017/Item/Table - null null
2024-10-10 16:11:19.274 +02:00 [INF] Executing endpoint 'MyShop.Controllers.ItemController.Table (MyShop)'
2024-10-10 16:11:19.280 +02:00 [INF] Route matched with {action = "Table", controller = "Item"}. Executing controller action with signature System.Threading.Tasks.Task`1[Microsoft.AspNetCore.Mvc.IActionResult] Table() on controller MyShop.Controllers.ItemController (MyShop).
2024-10-10 16:11:19.354 +02:00 [INF] Executing ViewResult, running view Table.
2024-10-10 16:11:19.362 +02:00 [INF] Executed ViewResult - view Table executed in 8.3634ms.
2024-10-10 16:11:19.363 +02:00 [INF] Executed action MyShop.Controllers.ItemController.Table (MyShop) in 82.7293ms
2024-10-10 16:11:19.363 +02:00 [INF] Executed endpoint 'MyShop.Controllers.ItemController.Table (MyShop)'
2024-10-10 16:11:19.367 +02:00 [INF] Request finished HTTP/1.1 GET http://localhost:5017/Item/Table - 200 null text/html; charset=utf-8 93.7681ms
2024-10-10 16:11:24.185 +02:00 [INF] Request starting HTTP/1.1 GET http://localhost:5017/Item/Table - null null
2024-10-10 16:11:24.187 +02:00 [INF] Executing endpoint 'MyShop.Controllers.ItemController.Table (MyShop)'
2024-10-10 16:11:24.187 +02:00 [INF] Route matched with {action = "Table", controller = "Item"}. Executing controller action with signature System.Threading.Tasks.Task`1[Microsoft.AspNetCore.Mvc.IActionResult] Table() on controller MyShop.Controllers.ItemController (MyShop).
2024-10-10 16:11:24.236 +02:00 [INF] Executing ViewResult, running view Table.
2024-10-10 16:11:24.239 +02:00 [INF] Executed ViewResult - view Table executed in 3.5876ms.
2024-10-10 16:11:24.239 +02:00 [INF] Executed action MyShop.Controllers.ItemController.Table (MyShop) in 51.9344ms
2024-10-10 16:11:24.239 +02:00 [INF] Executed endpoint 'MyShop.Controllers.ItemController.Table (MyShop)'
2024-10-10 16:11:24.240 +02:00 [INF] Request finished HTTP/1.1 GET http://localhost:5017/Item/Table - 200 null text/html; charset=utf-8 54.585ms
2024-10-10 16:11:26.245 +02:00 [INF] Request starting HTTP/1.1 GET http://localhost:5017/Item/Grid - null null
2024-10-10 16:11:26.245 +02:00 [INF] Executing endpoint 'MyShop.Controllers.ItemController.Grid (MyShop)'
2024-10-10 16:11:26.250 +02:00 [INF] Route matched with {action = "Grid", controller = "Item"}. Executing controller action with signature System.Threading.Tasks.Task`1[Microsoft.AspNetCore.Mvc.IActionResult] Grid() on controller MyShop.Controllers.ItemController (MyShop).
2024-10-10 16:11:26.255 +02:00 [INF] Executing ViewResult, running view Grid.
2024-10-10 16:11:26.260 +02:00 [INF] Executed ViewResult - view Grid executed in 5.1886ms.
2024-10-10 16:11:26.260 +02:00 [INF] Executed action MyShop.Controllers.ItemController.Grid (MyShop) in 9.4482ms
2024-10-10 16:11:26.260 +02:00 [INF] Executed endpoint 'MyShop.Controllers.ItemController.Grid (MyShop)'
2024-10-10 16:11:26.260 +02:00 [INF] Request finished HTTP/1.1 GET http://localhost:5017/Item/Grid - 200 null text/html; charset=utf-8 15.3908ms
2024-10-10 16:11:39.486 +02:00 [INF] Request starting HTTP/1.1 GET http://localhost:5017/Item/Table - null null
2024-10-10 16:11:39.486 +02:00 [INF] Executing endpoint 'MyShop.Controllers.ItemController.Table (MyShop)'
2024-10-10 16:11:39.486 +02:00 [INF] Route matched with {action = "Table", controller = "Item"}. Executing controller action with signature System.Threading.Tasks.Task`1[Microsoft.AspNetCore.Mvc.IActionResult] Table() on controller MyShop.Controllers.ItemController (MyShop).
2024-10-10 16:11:39.488 +02:00 [INF] Executing ViewResult, running view Table.
2024-10-10 16:11:39.492 +02:00 [INF] Executed ViewResult - view Table executed in 3.2574ms.
2024-10-10 16:11:39.492 +02:00 [INF] Executed action MyShop.Controllers.ItemController.Table (MyShop) in 5.3004ms
2024-10-10 16:11:39.492 +02:00 [INF] Executed endpoint 'MyShop.Controllers.ItemController.Table (MyShop)'
2024-10-10 16:11:39.492 +02:00 [INF] Request finished HTTP/1.1 GET http://localhost:5017/Item/Table - 200 null text/html; charset=utf-8 6.1291ms
2024-10-10 16:11:59.000 +02:00 [INF] Request starting HTTP/1.1 GET http://localhost:5017/Item/Grid - null null
2024-10-10 16:11:59.001 +02:00 [INF] Executing endpoint 'MyShop.Controllers.ItemController.Grid (MyShop)'
2024-10-10 16:11:59.001 +02:00 [INF] Route matched with {action = "Grid", controller = "Item"}. Executing controller action with signature System.Threading.Tasks.Task`1[Microsoft.AspNetCore.Mvc.IActionResult] Grid() on controller MyShop.Controllers.ItemController (MyShop).
2024-10-10 16:11:59.003 +02:00 [INF] Executing ViewResult, running view Grid.
2024-10-10 16:11:59.004 +02:00 [INF] Executed ViewResult - view Grid executed in 0.8262ms.
2024-10-10 16:11:59.004 +02:00 [INF] Executed action MyShop.Controllers.ItemController.Grid (MyShop) in 2.9104ms
2024-10-10 16:11:59.004 +02:00 [INF] Executed endpoint 'MyShop.Controllers.ItemController.Grid (MyShop)'
2024-10-10 16:11:59.004 +02:00 [INF] Request finished HTTP/1.1 GET http://localhost:5017/Item/Grid - 200 null text/html; charset=utf-8 3.7678ms
2024-10-10 16:12:15.839 +02:00 [INF] Request starting HTTP/1.1 GET http://localhost:5017/Customer/Table - null null
2024-10-10 16:12:15.840 +02:00 [INF] Executing endpoint 'MyShop.Controllers.CustomerController.Table (MyShop)'
2024-10-10 16:12:15.844 +02:00 [INF] Route matched with {action = "Table", controller = "Customer"}. Executing controller action with signature System.Threading.Tasks.Task`1[Microsoft.AspNetCore.Mvc.IActionResult] Table() on controller MyShop.Controllers.CustomerController (MyShop).
2024-10-10 16:12:15.862 +02:00 [INF] Executing ViewResult, running view Table.
2024-10-10 16:12:15.941 +02:00 [INF] Executed ViewResult - view Table executed in 79.7508ms.
2024-10-10 16:12:15.941 +02:00 [INF] Executed action MyShop.Controllers.CustomerController.Table (MyShop) in 96.4493ms
2024-10-10 16:12:15.941 +02:00 [INF] Executed endpoint 'MyShop.Controllers.CustomerController.Table (MyShop)'
2024-10-10 16:12:15.941 +02:00 [INF] Request finished HTTP/1.1 GET http://localhost:5017/Customer/Table - 200 null text/html; charset=utf-8 102.2036ms
