2024-10-18 11:11:49.761 +02:00 [INF] User profile is available. Using 'C:\Users\jovan\AppData\Local\ASP.NET\DataProtection-Keys' as key repository and Windows DPAPI to encrypt keys at rest.
2024-10-18 11:11:49.805 +02:00 [INF] Now listening on: http://localhost:5017
2024-10-18 11:11:49.807 +02:00 [INF] Application started. Press Ctrl+C to shut down.
2024-10-18 11:11:49.807 +02:00 [INF] Hosting environment: Development
2024-10-18 11:11:49.808 +02:00 [INF] Content root path: C:\TestMappe\ITPE3200_Exam_project
2024-10-18 11:11:53.183 +02:00 [INF] Request starting HTTP/1.1 GET http://localhost:5017/ - null null
2024-10-18 11:11:53.206 +02:00 [INF] Executing endpoint 'MyShop.Controllers.HomeController.Index (MyShop)'
2024-10-18 11:11:53.214 +02:00 [INF] Route matched with {action = "Index", controller = "Home"}. Executing controller action with signature Microsoft.AspNetCore.Mvc.IActionResult Index() on controller MyShop.Controllers.HomeController (MyShop).
2024-10-18 11:11:53.221 +02:00 [INF] Executing ViewResult, running view Index.
2024-10-18 11:11:53.280 +02:00 [INF] Executed ViewResult - view Index executed in 57.5365ms.
2024-10-18 11:11:53.282 +02:00 [INF] Executed action MyShop.Controllers.HomeController.Index (MyShop) in 67.7752ms
2024-10-18 11:11:53.282 +02:00 [INF] Executed endpoint 'MyShop.Controllers.HomeController.Index (MyShop)'
2024-10-18 11:11:53.285 +02:00 [INF] Request finished HTTP/1.1 GET http://localhost:5017/ - 200 null text/html; charset=utf-8 103.6141ms
2024-10-18 11:11:54.753 +02:00 [INF] Request starting HTTP/1.1 GET http://localhost:5017/ - null null
2024-10-18 11:11:54.754 +02:00 [INF] Executing endpoint 'MyShop.Controllers.HomeController.Index (MyShop)'
2024-10-18 11:11:54.754 +02:00 [INF] Route matched with {action = "Index", controller = "Home"}. Executing controller action with signature Microsoft.AspNetCore.Mvc.IActionResult Index() on controller MyShop.Controllers.HomeController (MyShop).
2024-10-18 11:11:54.755 +02:00 [INF] Executing ViewResult, running view Index.
2024-10-18 11:11:54.760 +02:00 [INF] Executed ViewResult - view Index executed in 5.3424ms.
2024-10-18 11:11:54.761 +02:00 [INF] Executed action MyShop.Controllers.HomeController.Index (MyShop) in 6.1278ms
2024-10-18 11:11:54.761 +02:00 [INF] Executed endpoint 'MyShop.Controllers.HomeController.Index (MyShop)'
2024-10-18 11:11:54.761 +02:00 [INF] Request finished HTTP/1.1 GET http://localhost:5017/ - 200 null text/html; charset=utf-8 8.6041ms
2024-10-18 11:11:55.581 +02:00 [INF] Request starting HTTP/1.1 GET http://localhost:5017/Item/Table - null null
2024-10-18 11:11:55.583 +02:00 [INF] Executing endpoint 'MyShop.Controllers.ItemController.Table (MyShop)'
2024-10-18 11:11:55.589 +02:00 [INF] Route matched with {action = "Table", controller = "Item"}. Executing controller action with signature System.Threading.Tasks.Task`1[Microsoft.AspNetCore.Mvc.IActionResult] Table() on controller MyShop.Controllers.ItemController (MyShop).
2024-10-18 11:11:55.694 +02:00 [INF] Executing ViewResult, running view Table.
2024-10-18 11:11:55.704 +02:00 [INF] Executed ViewResult - view Table executed in 10.899ms.
2024-10-18 11:11:55.704 +02:00 [INF] Executed action MyShop.Controllers.ItemController.Table (MyShop) in 114.6562ms
2024-10-18 11:11:55.704 +02:00 [INF] Executed endpoint 'MyShop.Controllers.ItemController.Table (MyShop)'
2024-10-18 11:11:55.709 +02:00 [INF] Request finished HTTP/1.1 GET http://localhost:5017/Item/Table - 200 null text/html; charset=utf-8 128.3047ms
2024-10-18 11:11:59.008 +02:00 [INF] Request starting HTTP/1.1 GET http://localhost:5017/Item/Create - null null
2024-10-18 11:11:59.011 +02:00 [INF] Executing endpoint 'MyShop.Controllers.ItemController.Create (MyShop)'
2024-10-18 11:11:59.014 +02:00 [INF] Route matched with {action = "Create", controller = "Item"}. Executing controller action with signature Microsoft.AspNetCore.Mvc.IActionResult Create() on controller MyShop.Controllers.ItemController (MyShop).
2024-10-18 11:11:59.016 +02:00 [INF] Executing ViewResult, running view Create.
2024-10-18 11:11:59.125 +02:00 [INF] Executed ViewResult - view Create executed in 110.4044ms.
2024-10-18 11:11:59.125 +02:00 [INF] Executed action MyShop.Controllers.ItemController.Create (MyShop) in 111.4729ms
2024-10-18 11:11:59.126 +02:00 [INF] Executed endpoint 'MyShop.Controllers.ItemController.Create (MyShop)'
2024-10-18 11:11:59.126 +02:00 [INF] Request finished HTTP/1.1 GET http://localhost:5017/Item/Create - 200 null text/html; charset=utf-8 117.7515ms
2024-10-18 11:29:07.564 +02:00 [INF] Request starting HTTP/1.1 GET http://localhost:5017/Customer/Table - null null
2024-10-18 11:29:07.566 +02:00 [INF] Executing endpoint 'MyShop.Controllers.CustomerController.Table (MyShop)'
2024-10-18 11:29:07.571 +02:00 [INF] Route matched with {action = "Table", controller = "Customer"}. Executing controller action with signature System.Threading.Tasks.Task`1[Microsoft.AspNetCore.Mvc.IActionResult] Table() on controller MyShop.Controllers.CustomerController (MyShop).
2024-10-18 11:29:07.722 +02:00 [INF] Executing ViewResult, running view Table.
2024-10-18 11:29:07.890 +02:00 [INF] Executed ViewResult - view Table executed in 169.6612ms.
2024-10-18 11:29:07.890 +02:00 [INF] Executed action MyShop.Controllers.CustomerController.Table (MyShop) in 318.912ms
2024-10-18 11:29:07.891 +02:00 [INF] Executed endpoint 'MyShop.Controllers.CustomerController.Table (MyShop)'
2024-10-18 11:29:07.891 +02:00 [INF] Request finished HTTP/1.1 GET http://localhost:5017/Customer/Table - 200 null text/html; charset=utf-8 327.1868ms
2024-10-18 11:29:09.239 +02:00 [INF] Request starting HTTP/1.1 GET http://localhost:5017/Item/Table - null null
2024-10-18 11:29:09.239 +02:00 [INF] Executing endpoint 'MyShop.Controllers.ItemController.Table (MyShop)'
2024-10-18 11:29:09.239 +02:00 [INF] Route matched with {action = "Table", controller = "Item"}. Executing controller action with signature System.Threading.Tasks.Task`1[Microsoft.AspNetCore.Mvc.IActionResult] Table() on controller MyShop.Controllers.ItemController (MyShop).
2024-10-18 11:29:09.248 +02:00 [INF] Executing ViewResult, running view Table.
2024-10-18 11:29:09.252 +02:00 [INF] Executed ViewResult - view Table executed in 3.2491ms.
2024-10-18 11:29:09.252 +02:00 [INF] Executed action MyShop.Controllers.ItemController.Table (MyShop) in 12.4855ms
2024-10-18 11:29:09.252 +02:00 [INF] Executed endpoint 'MyShop.Controllers.ItemController.Table (MyShop)'
2024-10-18 11:29:09.252 +02:00 [INF] Request finished HTTP/1.1 GET http://localhost:5017/Item/Table - 200 null text/html; charset=utf-8 13.6581ms
2024-10-18 11:29:12.260 +02:00 [INF] Request starting HTTP/1.1 GET http://localhost:5017/ - null null
2024-10-18 11:29:12.260 +02:00 [INF] Executing endpoint 'MyShop.Controllers.HomeController.Index (MyShop)'
2024-10-18 11:29:12.260 +02:00 [INF] Route matched with {action = "Index", controller = "Home"}. Executing controller action with signature Microsoft.AspNetCore.Mvc.IActionResult Index() on controller MyShop.Controllers.HomeController (MyShop).
2024-10-18 11:29:12.261 +02:00 [INF] Executing ViewResult, running view Index.
2024-10-18 11:29:12.261 +02:00 [INF] Executed ViewResult - view Index executed in 0.8765ms.
2024-10-18 11:29:12.262 +02:00 [INF] Executed action MyShop.Controllers.HomeController.Index (MyShop) in 1.2526ms
2024-10-18 11:29:12.262 +02:00 [INF] Executed endpoint 'MyShop.Controllers.HomeController.Index (MyShop)'
2024-10-18 11:29:12.262 +02:00 [INF] Request finished HTTP/1.1 GET http://localhost:5017/ - 200 null text/html; charset=utf-8 2.5463ms
2024-10-18 11:29:13.210 +02:00 [INF] Request starting HTTP/1.1 GET http://localhost:5017/Customer/Table - null null
2024-10-18 11:29:13.210 +02:00 [INF] Executing endpoint 'MyShop.Controllers.CustomerController.Table (MyShop)'
2024-10-18 11:29:13.210 +02:00 [INF] Route matched with {action = "Table", controller = "Customer"}. Executing controller action with signature System.Threading.Tasks.Task`1[Microsoft.AspNetCore.Mvc.IActionResult] Table() on controller MyShop.Controllers.CustomerController (MyShop).
2024-10-18 11:29:13.214 +02:00 [INF] Executing ViewResult, running view Table.
2024-10-18 11:29:13.222 +02:00 [INF] Executed ViewResult - view Table executed in 7.7058ms.
2024-10-18 11:29:13.222 +02:00 [INF] Executed action MyShop.Controllers.CustomerController.Table (MyShop) in 11.7228ms
2024-10-18 11:29:13.222 +02:00 [INF] Executed endpoint 'MyShop.Controllers.CustomerController.Table (MyShop)'
2024-10-18 11:29:13.222 +02:00 [INF] Request finished HTTP/1.1 GET http://localhost:5017/Customer/Table - 200 null text/html; charset=utf-8 12.4696ms
