2024-10-08 13:51:47.728 +02:00 [INF] User profile is available. Using 'C:\Users\jovan\AppData\Local\ASP.NET\DataProtection-Keys' as key repository and Windows DPAPI to encrypt keys at rest.
2024-10-08 13:51:47.782 +02:00 [INF] Now listening on: http://localhost:5017
2024-10-08 13:51:47.785 +02:00 [INF] Application started. Press Ctrl+C to shut down.
2024-10-08 13:51:47.786 +02:00 [INF] Hosting environment: Development
2024-10-08 13:51:47.786 +02:00 [INF] Content root path: C:\TestMappe\ITPE3200_Exam_project
2024-10-08 13:51:49.774 +02:00 [INF] Request starting HTTP/1.1 GET http://localhost:5017/ - null null
2024-10-08 13:51:49.795 +02:00 [INF] Executing endpoint 'MyShop.Controllers.HomeController.Index (MyShop)'
2024-10-08 13:51:49.804 +02:00 [INF] Route matched with {action = "Index", controller = "Home"}. Executing controller action with signature Microsoft.AspNetCore.Mvc.IActionResult Index() on controller MyShop.Controllers.HomeController (MyShop).
2024-10-08 13:51:49.813 +02:00 [INF] Executing ViewResult, running view Index.
2024-10-08 13:51:49.863 +02:00 [INF] Executed ViewResult - view Index executed in 49.1612ms.
2024-10-08 13:51:49.865 +02:00 [INF] Executed action MyShop.Controllers.HomeController.Index (MyShop) in 60.0412ms
2024-10-08 13:51:49.865 +02:00 [INF] Executed endpoint 'MyShop.Controllers.HomeController.Index (MyShop)'
2024-10-08 13:51:49.867 +02:00 [INF] Request finished HTTP/1.1 GET http://localhost:5017/ - 200 null text/html; charset=utf-8 93.8443ms
2024-10-08 13:51:49.880 +02:00 [INF] Request starting HTTP/1.1 GET http://localhost:5017/js/bootstrap.js - null null
2024-10-08 13:51:49.881 +02:00 [INF] Request starting HTTP/1.1 GET http://localhost:5017/js/jquery.min.js - null null
2024-10-08 13:51:49.881 +02:00 [INF] Request starting HTTP/1.1 GET http://localhost:5017/js/jquery.validate.unobtrusive.js - null null
2024-10-08 13:51:49.881 +02:00 [INF] Request starting HTTP/1.1 GET http://localhost:5017/js/jquery.validate.js - null null
2024-10-08 13:51:49.881 +02:00 [INF] Request starting HTTP/1.1 GET http://localhost:5017/images/pizza.jpg - null null
2024-10-08 13:51:49.882 +02:00 [INF] Request starting HTTP/1.1 GET http://localhost:5017/images/fishandchips.jpg - null null
2024-10-08 13:51:49.884 +02:00 [INF] Request finished HTTP/1.1 GET http://localhost:5017/images/fishandchips.jpg - 404 0 null 1.925ms
2024-10-08 13:51:49.884 +02:00 [INF] Request finished HTTP/1.1 GET http://localhost:5017/images/pizza.jpg - 404 0 null 2.7979ms
2024-10-08 13:51:49.885 +02:00 [INF] Request reached the end of the middleware pipeline without being handled by application code. Request path: GET http://localhost:5017/images/fishandchips.jpg, Response status code: 404
2024-10-08 13:51:49.885 +02:00 [INF] Request reached the end of the middleware pipeline without being handled by application code. Request path: GET http://localhost:5017/images/pizza.jpg, Response status code: 404
2024-10-08 13:51:49.887 +02:00 [INF] The file /js/jquery.validate.unobtrusive.js was not modified
2024-10-08 13:51:49.887 +02:00 [INF] The file /js/jquery.min.js was not modified
2024-10-08 13:51:49.887 +02:00 [INF] The file /js/bootstrap.js was not modified
2024-10-08 13:51:49.887 +02:00 [INF] The file /js/jquery.validate.js was not modified
2024-10-08 13:51:49.888 +02:00 [INF] Request finished HTTP/1.1 GET http://localhost:5017/js/jquery.min.js - 304 null text/javascript 6.5047ms
2024-10-08 13:51:49.888 +02:00 [INF] Request finished HTTP/1.1 GET http://localhost:5017/js/bootstrap.js - 304 null text/javascript 7.2585ms
2024-10-08 13:51:49.888 +02:00 [INF] Request finished HTTP/1.1 GET http://localhost:5017/js/jquery.validate.js - 304 null text/javascript 6.5747ms
2024-10-08 13:51:49.888 +02:00 [INF] Request finished HTTP/1.1 GET http://localhost:5017/js/jquery.validate.unobtrusive.js - 304 null text/javascript 6.5023ms
2024-10-08 13:51:49.952 +02:00 [INF] Request starting HTTP/1.1 GET http://localhost:5017/images/tacos.jpg - null null
2024-10-08 13:51:49.954 +02:00 [INF] Request finished HTTP/1.1 GET http://localhost:5017/images/tacos.jpg - 404 0 null 2.2342ms
2024-10-08 13:51:49.955 +02:00 [INF] Request reached the end of the middleware pipeline without being handled by application code. Request path: GET http://localhost:5017/images/tacos.jpg, Response status code: 404
2024-10-08 13:51:51.235 +02:00 [INF] Request starting HTTP/1.1 GET http://localhost:5017/Customer/Table - null null
2024-10-08 13:51:51.236 +02:00 [INF] Executing endpoint 'MyShop.Controllers.CustomerController.Table (MyShop)'
2024-10-08 13:51:51.242 +02:00 [INF] Route matched with {action = "Table", controller = "Customer"}. Executing controller action with signature System.Threading.Tasks.Task`1[Microsoft.AspNetCore.Mvc.IActionResult] Table() on controller MyShop.Controllers.CustomerController (MyShop).
2024-10-08 13:51:51.354 +02:00 [INF] Executing ViewResult, running view Table.
2024-10-08 13:51:51.418 +02:00 [INF] Executed ViewResult - view Table executed in 65.0532ms.
2024-10-08 13:51:51.419 +02:00 [INF] Executed action MyShop.Controllers.CustomerController.Table (MyShop) in 176.3319ms
2024-10-08 13:51:51.419 +02:00 [INF] Executed endpoint 'MyShop.Controllers.CustomerController.Table (MyShop)'
2024-10-08 13:51:51.422 +02:00 [INF] Request finished HTTP/1.1 GET http://localhost:5017/Customer/Table - 200 null text/html; charset=utf-8 187.4822ms
2024-10-08 13:51:53.208 +02:00 [INF] Request starting HTTP/1.1 GET http://localhost:5017/Item/Table - null null
2024-10-08 13:51:53.208 +02:00 [INF] Executing endpoint 'MyShop.Controllers.ItemController.Table (MyShop)'
2024-10-08 13:51:53.212 +02:00 [INF] Route matched with {action = "Table", controller = "Item"}. Executing controller action with signature System.Threading.Tasks.Task`1[Microsoft.AspNetCore.Mvc.IActionResult] Table() on controller MyShop.Controllers.ItemController (MyShop).
2024-10-08 13:51:53.272 +02:00 [INF] Executing ViewResult, running view Table.
2024-10-08 13:51:53.282 +02:00 [INF] Executed ViewResult - view Table executed in 10.1788ms.
2024-10-08 13:51:53.282 +02:00 [INF] Executed action MyShop.Controllers.ItemController.Table (MyShop) in 70.1999ms
2024-10-08 13:51:53.282 +02:00 [INF] Executed endpoint 'MyShop.Controllers.ItemController.Table (MyShop)'
2024-10-08 13:51:53.282 +02:00 [INF] Request finished HTTP/1.1 GET http://localhost:5017/Item/Table - 200 null text/html; charset=utf-8 75.0077ms
2024-10-08 13:51:53.300 +02:00 [INF] Request starting HTTP/1.1 GET http://localhost:5017/images/helmelk.jpg - null null
2024-10-08 13:51:53.300 +02:00 [INF] The file /images/helmelk.jpg was not modified
2024-10-08 13:51:53.301 +02:00 [INF] Request starting HTTP/1.1 GET http://localhost:5017/images/kjøttdeig.jpg - null null
2024-10-08 13:51:53.301 +02:00 [INF] Request finished HTTP/1.1 GET http://localhost:5017/images/helmelk.jpg - 304 null image/jpeg 0.7723ms
2024-10-08 13:51:53.301 +02:00 [INF] The file /images/kjøttdeig.jpg was not modified
2024-10-08 13:51:53.301 +02:00 [INF] Request finished HTTP/1.1 GET http://localhost:5017/images/kjøttdeig.jpg - 304 null image/jpeg 0.3893ms
2024-10-08 13:51:53.323 +02:00 [INF] Request starting HTTP/1.1 GET http://localhost:5017/images/lettmelk.jpg - null null
2024-10-08 13:51:53.323 +02:00 [INF] Request starting HTTP/1.1 GET http://localhost:5017/images/kylling.jpg - null null
2024-10-08 13:51:53.323 +02:00 [INF] Request starting HTTP/1.1 GET http://localhost:5017/images/peanøtter.jpg - null null
2024-10-08 13:51:53.323 +02:00 [INF] Request starting HTTP/1.1 GET http://localhost:5017/images/polpa.jpg - null null
2024-10-08 13:51:53.324 +02:00 [INF] The file /images/polpa.jpg was not modified
2024-10-08 13:51:53.324 +02:00 [INF] The file /images/lettmelk.jpg was not modified
2024-10-08 13:51:53.324 +02:00 [INF] The file /images/kylling.jpg was not modified
2024-10-08 13:51:53.324 +02:00 [INF] The file /images/peanøtter.jpg was not modified
2024-10-08 13:51:53.324 +02:00 [INF] Request finished HTTP/1.1 GET http://localhost:5017/images/polpa.jpg - 304 null image/jpeg 0.5877ms
2024-10-08 13:51:53.324 +02:00 [INF] Request finished HTTP/1.1 GET http://localhost:5017/images/lettmelk.jpg - 304 null image/jpeg 0.8894ms
2024-10-08 13:51:53.324 +02:00 [INF] Request finished HTTP/1.1 GET http://localhost:5017/images/kylling.jpg - 304 null image/jpeg 0.8254ms
2024-10-08 13:51:53.324 +02:00 [INF] Request finished HTTP/1.1 GET http://localhost:5017/images/peanøtter.jpg - 304 null image/jpeg 0.7443ms
2024-10-08 13:51:53.912 +02:00 [INF] Request starting HTTP/1.1 GET http://localhost:5017/Order/Table - null null
2024-10-08 13:51:53.913 +02:00 [INF] Request finished HTTP/1.1 GET http://localhost:5017/Order/Table - 404 0 null 0.3561ms
2024-10-08 13:51:53.913 +02:00 [INF] Request reached the end of the middleware pipeline without being handled by application code. Request path: GET http://localhost:5017/Order/Table, Response status code: 404
2024-10-08 13:51:57.866 +02:00 [INF] Request starting HTTP/1.1 GET http://localhost:5017/Item/Table - null null
2024-10-08 13:51:57.868 +02:00 [INF] Executing endpoint 'MyShop.Controllers.ItemController.Table (MyShop)'
2024-10-08 13:51:57.868 +02:00 [INF] Route matched with {action = "Table", controller = "Item"}. Executing controller action with signature System.Threading.Tasks.Task`1[Microsoft.AspNetCore.Mvc.IActionResult] Table() on controller MyShop.Controllers.ItemController (MyShop).
2024-10-08 13:51:57.873 +02:00 [INF] Executing ViewResult, running view Table.
2024-10-08 13:51:57.877 +02:00 [INF] Executed ViewResult - view Table executed in 4.2766ms.
2024-10-08 13:51:57.877 +02:00 [INF] Executed action MyShop.Controllers.ItemController.Table (MyShop) in 8.5758ms
2024-10-08 13:51:57.877 +02:00 [INF] Executed endpoint 'MyShop.Controllers.ItemController.Table (MyShop)'
2024-10-08 13:51:57.877 +02:00 [INF] Request finished HTTP/1.1 GET http://localhost:5017/Item/Table - 200 null text/html; charset=utf-8 11.5469ms
2024-10-08 13:51:58.834 +02:00 [INF] Request starting HTTP/1.1 GET http://localhost:5017/ - null null
2024-10-08 13:51:58.835 +02:00 [INF] Executing endpoint 'MyShop.Controllers.HomeController.Index (MyShop)'
2024-10-08 13:51:58.835 +02:00 [INF] Route matched with {action = "Index", controller = "Home"}. Executing controller action with signature Microsoft.AspNetCore.Mvc.IActionResult Index() on controller MyShop.Controllers.HomeController (MyShop).
2024-10-08 13:51:58.835 +02:00 [INF] Executing ViewResult, running view Index.
2024-10-08 13:51:58.837 +02:00 [INF] Executed ViewResult - view Index executed in 1.5715ms.
2024-10-08 13:51:58.838 +02:00 [INF] Executed action MyShop.Controllers.HomeController.Index (MyShop) in 2.7006ms
2024-10-08 13:51:58.838 +02:00 [INF] Executed endpoint 'MyShop.Controllers.HomeController.Index (MyShop)'
2024-10-08 13:51:58.838 +02:00 [INF] Request finished HTTP/1.1 GET http://localhost:5017/ - 200 null text/html; charset=utf-8 3.4508ms
2024-10-08 13:51:58.861 +02:00 [INF] Request starting HTTP/1.1 GET http://localhost:5017/images/fishandchips.jpg - null null
2024-10-08 13:51:58.861 +02:00 [INF] Request starting HTTP/1.1 GET http://localhost:5017/images/pizza.jpg - null null
2024-10-08 13:51:58.861 +02:00 [INF] Request finished HTTP/1.1 GET http://localhost:5017/images/pizza.jpg - 404 0 null 0.4555ms
2024-10-08 13:51:58.861 +02:00 [INF] Request finished HTTP/1.1 GET http://localhost:5017/images/fishandchips.jpg - 404 0 null 0.5318ms
2024-10-08 13:51:58.861 +02:00 [INF] Request reached the end of the middleware pipeline without being handled by application code. Request path: GET http://localhost:5017/images/pizza.jpg, Response status code: 404
2024-10-08 13:51:58.861 +02:00 [INF] Request reached the end of the middleware pipeline without being handled by application code. Request path: GET http://localhost:5017/images/fishandchips.jpg, Response status code: 404
2024-10-08 13:51:58.875 +02:00 [INF] Request starting HTTP/1.1 GET http://localhost:5017/images/tacos.jpg - null null
2024-10-08 13:51:58.875 +02:00 [INF] Request finished HTTP/1.1 GET http://localhost:5017/images/tacos.jpg - 404 0 null 0.31ms
2024-10-08 13:51:58.875 +02:00 [INF] Request reached the end of the middleware pipeline without being handled by application code. Request path: GET http://localhost:5017/images/tacos.jpg, Response status code: 404
2024-10-08 13:51:59.559 +02:00 [INF] Request starting HTTP/1.1 GET http://localhost:5017/Item/Table - null null
2024-10-08 13:51:59.559 +02:00 [INF] Executing endpoint 'MyShop.Controllers.ItemController.Table (MyShop)'
2024-10-08 13:51:59.559 +02:00 [INF] Route matched with {action = "Table", controller = "Item"}. Executing controller action with signature System.Threading.Tasks.Task`1[Microsoft.AspNetCore.Mvc.IActionResult] Table() on controller MyShop.Controllers.ItemController (MyShop).
2024-10-08 13:51:59.567 +02:00 [INF] Executing ViewResult, running view Table.
2024-10-08 13:51:59.570 +02:00 [INF] Executed ViewResult - view Table executed in 3.3372ms.
2024-10-08 13:51:59.570 +02:00 [INF] Executed action MyShop.Controllers.ItemController.Table (MyShop) in 11.4931ms
2024-10-08 13:51:59.570 +02:00 [INF] Executed endpoint 'MyShop.Controllers.ItemController.Table (MyShop)'
2024-10-08 13:51:59.571 +02:00 [INF] Request finished HTTP/1.1 GET http://localhost:5017/Item/Table - 200 null text/html; charset=utf-8 12.108ms
2024-10-08 13:52:01.513 +02:00 [INF] Request starting HTTP/1.1 GET http://localhost:5017/Item/Update/2 - null null
2024-10-08 13:52:01.513 +02:00 [INF] Executing endpoint 'MyShop.Controllers.ItemController.Update (MyShop)'
2024-10-08 13:52:01.530 +02:00 [INF] Route matched with {action = "Update", controller = "Item"}. Executing controller action with signature System.Threading.Tasks.Task`1[Microsoft.AspNetCore.Mvc.IActionResult] Update(Int32) on controller MyShop.Controllers.ItemController (MyShop).
2024-10-08 13:52:01.574 +02:00 [INF] Executing ViewResult, running view Update.
2024-10-08 13:52:01.693 +02:00 [INF] Executed ViewResult - view Update executed in 120.6265ms.
2024-10-08 13:52:01.693 +02:00 [INF] Executed action MyShop.Controllers.ItemController.Update (MyShop) in 162.7773ms
2024-10-08 13:52:01.693 +02:00 [INF] Executed endpoint 'MyShop.Controllers.ItemController.Update (MyShop)'
2024-10-08 13:52:01.694 +02:00 [INF] Request finished HTTP/1.1 GET http://localhost:5017/Item/Update/2 - 200 null text/html; charset=utf-8 180.7927ms
2024-10-08 13:52:04.022 +02:00 [INF] Request starting HTTP/1.1 POST http://localhost:5017/Item/Update/2 - application/x-www-form-urlencoded 371
2024-10-08 13:52:04.023 +02:00 [INF] Executing endpoint 'MyShop.Controllers.ItemController.Update (MyShop)'
2024-10-08 13:52:04.043 +02:00 [INF] Route matched with {action = "Update", controller = "Item"}. Executing controller action with signature System.Threading.Tasks.Task`1[Microsoft.AspNetCore.Mvc.IActionResult] Update(MyShop.Models.Item) on controller MyShop.Controllers.ItemController (MyShop).
2024-10-08 13:52:04.117 +02:00 [INF] Executing RedirectResult, redirecting to /Item/Table.
2024-10-08 13:52:04.118 +02:00 [INF] Executed action MyShop.Controllers.ItemController.Update (MyShop) in 74.2632ms
2024-10-08 13:52:04.118 +02:00 [INF] Executed endpoint 'MyShop.Controllers.ItemController.Update (MyShop)'
2024-10-08 13:52:04.118 +02:00 [INF] Request finished HTTP/1.1 POST http://localhost:5017/Item/Update/2 - 302 0 null 95.9114ms
2024-10-08 13:52:04.124 +02:00 [INF] Request starting HTTP/1.1 GET http://localhost:5017/Item/Table - null null
2024-10-08 13:52:04.125 +02:00 [INF] Executing endpoint 'MyShop.Controllers.ItemController.Table (MyShop)'
2024-10-08 13:52:04.125 +02:00 [INF] Route matched with {action = "Table", controller = "Item"}. Executing controller action with signature System.Threading.Tasks.Task`1[Microsoft.AspNetCore.Mvc.IActionResult] Table() on controller MyShop.Controllers.ItemController (MyShop).
2024-10-08 13:52:04.132 +02:00 [INF] Executing ViewResult, running view Table.
2024-10-08 13:52:04.133 +02:00 [INF] Executed ViewResult - view Table executed in 1.4013ms.
2024-10-08 13:52:04.133 +02:00 [INF] Executed action MyShop.Controllers.ItemController.Table (MyShop) in 7.861ms
2024-10-08 13:52:04.133 +02:00 [INF] Executed endpoint 'MyShop.Controllers.ItemController.Table (MyShop)'
2024-10-08 13:52:04.134 +02:00 [INF] Request finished HTTP/1.1 GET http://localhost:5017/Item/Table - 200 null text/html; charset=utf-8 9.2672ms
2024-10-08 13:52:15.900 +02:00 [INF] Request starting HTTP/1.1 GET http://localhost:5017/js/bootstrap.js.map - null null
2024-10-08 13:52:15.900 +02:00 [INF] Request finished HTTP/1.1 GET http://localhost:5017/js/bootstrap.js.map - 404 0 null 0.5764ms
2024-10-08 13:52:15.900 +02:00 [INF] Request reached the end of the middleware pipeline without being handled by application code. Request path: GET http://localhost:5017/js/bootstrap.js.map, Response status code: 404
2024-10-08 13:52:17.083 +02:00 [INF] Request starting HTTP/1.1 GET http://localhost:5017/Order/Table - null null
2024-10-08 13:52:17.084 +02:00 [INF] Request finished HTTP/1.1 GET http://localhost:5017/Order/Table - 404 0 null 0.348ms
2024-10-08 13:52:17.084 +02:00 [INF] Request reached the end of the middleware pipeline without being handled by application code. Request path: GET http://localhost:5017/Order/Table, Response status code: 404
2024-10-08 13:52:28.761 +02:00 [INF] Request starting HTTP/1.1 GET http://localhost:5017/js/bootstrap.js.map - null null
2024-10-08 13:52:28.762 +02:00 [INF] Request finished HTTP/1.1 GET http://localhost:5017/js/bootstrap.js.map - 404 0 null 0.5142ms
2024-10-08 13:52:28.763 +02:00 [INF] Request reached the end of the middleware pipeline without being handled by application code. Request path: GET http://localhost:5017/js/bootstrap.js.map, Response status code: 404
2024-10-08 13:52:28.766 +02:00 [INF] Request starting HTTP/1.1 GET http://localhost:5017/js/bootstrap.js.map - null null
2024-10-08 13:52:28.766 +02:00 [INF] Request finished HTTP/1.1 GET http://localhost:5017/js/bootstrap.js.map - 404 0 null 0.7864ms
2024-10-08 13:52:28.766 +02:00 [INF] Request reached the end of the middleware pipeline without being handled by application code. Request path: GET http://localhost:5017/js/bootstrap.js.map, Response status code: 404
2024-10-08 13:52:28.770 +02:00 [INF] Request starting HTTP/1.1 GET http://localhost:5017/js/bootstrap.js.map - null null
2024-10-08 13:52:28.771 +02:00 [INF] Request finished HTTP/1.1 GET http://localhost:5017/js/bootstrap.js.map - 404 0 null 0.5213ms
2024-10-08 13:52:28.771 +02:00 [INF] Request reached the end of the middleware pipeline without being handled by application code. Request path: GET http://localhost:5017/js/bootstrap.js.map, Response status code: 404
