2024-10-10 16:26:58.537 +02:00 [INF] User profile is available. Using 'C:\Users\jovan\AppData\Local\ASP.NET\DataProtection-Keys' as key repository and Windows DPAPI to encrypt keys at rest.
2024-10-10 16:26:58.571 +02:00 [INF] Now listening on: http://localhost:5017
2024-10-10 16:26:58.573 +02:00 [INF] Application started. Press Ctrl+C to shut down.
2024-10-10 16:26:58.574 +02:00 [INF] Hosting environment: Development
2024-10-10 16:26:58.574 +02:00 [INF] Content root path: C:\TestMappe\ITPE3200_Exam_project
2024-10-10 16:27:00.480 +02:00 [INF] Request starting HTTP/1.1 GET http://localhost:5017/ - null null
2024-10-10 16:27:00.499 +02:00 [INF] Executing endpoint 'MyShop.Controllers.HomeController.Index (MyShop)'
2024-10-10 16:27:00.503 +02:00 [INF] Route matched with {action = "Index", controller = "Home"}. Executing controller action with signature Microsoft.AspNetCore.Mvc.IActionResult Index() on controller MyShop.Controllers.HomeController (MyShop).
2024-10-10 16:27:00.510 +02:00 [INF] Executing ViewResult, running view Index.
2024-10-10 16:27:00.547 +02:00 [INF] Executed ViewResult - view Index executed in 36.5303ms.
2024-10-10 16:27:00.548 +02:00 [INF] Executed action MyShop.Controllers.HomeController.Index (MyShop) in 44.178ms
2024-10-10 16:27:00.548 +02:00 [INF] Executed endpoint 'MyShop.Controllers.HomeController.Index (MyShop)'
2024-10-10 16:27:00.550 +02:00 [INF] Request finished HTTP/1.1 GET http://localhost:5017/ - 200 null text/html; charset=utf-8 70.69ms
2024-10-10 16:28:08.202 +02:00 [INF] Request starting HTTP/1.1 GET http://localhost:5017/Item/Table - null null
2024-10-10 16:28:08.204 +02:00 [INF] Executing endpoint 'MyShop.Controllers.ItemController.Table (MyShop)'
2024-10-10 16:28:08.211 +02:00 [INF] Route matched with {action = "Table", controller = "Item"}. Executing controller action with signature System.Threading.Tasks.Task`1[Microsoft.AspNetCore.Mvc.IActionResult] Table() on controller MyShop.Controllers.ItemController (MyShop).
2024-10-10 16:28:08.341 +02:00 [INF] Executing ViewResult, running view Table.
2024-10-10 16:28:08.357 +02:00 [INF] Executed ViewResult - view Table executed in 17.2708ms.
2024-10-10 16:28:08.357 +02:00 [INF] Executed action MyShop.Controllers.ItemController.Table (MyShop) in 145.771ms
2024-10-10 16:28:08.357 +02:00 [INF] Executed endpoint 'MyShop.Controllers.ItemController.Table (MyShop)'
2024-10-10 16:28:08.360 +02:00 [INF] Request finished HTTP/1.1 GET http://localhost:5017/Item/Table - 200 null text/html; charset=utf-8 157.6904ms
2024-10-10 16:28:09.348 +02:00 [INF] Request starting HTTP/1.1 GET http://localhost:5017/ - null null
2024-10-10 16:28:09.349 +02:00 [INF] Executing endpoint 'MyShop.Controllers.HomeController.Index (MyShop)'
2024-10-10 16:28:09.350 +02:00 [INF] Route matched with {action = "Index", controller = "Home"}. Executing controller action with signature Microsoft.AspNetCore.Mvc.IActionResult Index() on controller MyShop.Controllers.HomeController (MyShop).
2024-10-10 16:28:09.350 +02:00 [INF] Executing ViewResult, running view Index.
2024-10-10 16:28:09.351 +02:00 [INF] Executed ViewResult - view Index executed in 1.1351ms.
2024-10-10 16:28:09.351 +02:00 [INF] Executed action MyShop.Controllers.HomeController.Index (MyShop) in 1.4539ms
2024-10-10 16:28:09.351 +02:00 [INF] Executed endpoint 'MyShop.Controllers.HomeController.Index (MyShop)'
2024-10-10 16:28:09.351 +02:00 [INF] Request finished HTTP/1.1 GET http://localhost:5017/ - 200 null text/html; charset=utf-8 2.9057ms
2024-10-10 16:28:11.947 +02:00 [INF] Request starting HTTP/1.1 GET http://localhost:5017/Item/Table - null null
2024-10-10 16:28:11.949 +02:00 [INF] Executing endpoint 'MyShop.Controllers.ItemController.Table (MyShop)'
2024-10-10 16:28:11.949 +02:00 [INF] Route matched with {action = "Table", controller = "Item"}. Executing controller action with signature System.Threading.Tasks.Task`1[Microsoft.AspNetCore.Mvc.IActionResult] Table() on controller MyShop.Controllers.ItemController (MyShop).
2024-10-10 16:28:12.002 +02:00 [INF] Executing ViewResult, running view Table.
2024-10-10 16:28:12.005 +02:00 [INF] Executed ViewResult - view Table executed in 2.7152ms.
2024-10-10 16:28:12.005 +02:00 [INF] Executed action MyShop.Controllers.ItemController.Table (MyShop) in 55.9859ms
2024-10-10 16:28:12.005 +02:00 [INF] Executed endpoint 'MyShop.Controllers.ItemController.Table (MyShop)'
2024-10-10 16:28:12.005 +02:00 [INF] Request finished HTTP/1.1 GET http://localhost:5017/Item/Table - 200 null text/html; charset=utf-8 58.104ms
2024-10-10 16:28:13.133 +02:00 [INF] Request starting HTTP/1.1 GET http://localhost:5017/ - null null
2024-10-10 16:28:13.133 +02:00 [INF] Executing endpoint 'MyShop.Controllers.HomeController.Index (MyShop)'
2024-10-10 16:28:13.133 +02:00 [INF] Route matched with {action = "Index", controller = "Home"}. Executing controller action with signature Microsoft.AspNetCore.Mvc.IActionResult Index() on controller MyShop.Controllers.HomeController (MyShop).
2024-10-10 16:28:13.133 +02:00 [INF] Executing ViewResult, running view Index.
2024-10-10 16:28:13.134 +02:00 [INF] Executed ViewResult - view Index executed in 0.716ms.
2024-10-10 16:28:13.134 +02:00 [INF] Executed action MyShop.Controllers.HomeController.Index (MyShop) in 0.9215ms
2024-10-10 16:28:13.134 +02:00 [INF] Executed endpoint 'MyShop.Controllers.HomeController.Index (MyShop)'
2024-10-10 16:28:13.134 +02:00 [INF] Request finished HTTP/1.1 GET http://localhost:5017/ - 200 null text/html; charset=utf-8 1.6921ms
2024-10-10 16:28:15.045 +02:00 [INF] Request starting HTTP/1.1 GET http://localhost:5017/Customer/Table - null null
2024-10-10 16:28:15.046 +02:00 [INF] Executing endpoint 'MyShop.Controllers.CustomerController.Table (MyShop)'
2024-10-10 16:28:15.052 +02:00 [INF] Route matched with {action = "Table", controller = "Customer"}. Executing controller action with signature System.Threading.Tasks.Task`1[Microsoft.AspNetCore.Mvc.IActionResult] Table() on controller MyShop.Controllers.CustomerController (MyShop).
2024-10-10 16:28:15.067 +02:00 [INF] Executing ViewResult, running view Table.
2024-10-10 16:28:15.135 +02:00 [INF] Executed ViewResult - view Table executed in 67.8818ms.
2024-10-10 16:28:15.135 +02:00 [INF] Executed action MyShop.Controllers.CustomerController.Table (MyShop) in 82.9315ms
2024-10-10 16:28:15.135 +02:00 [INF] Executed endpoint 'MyShop.Controllers.CustomerController.Table (MyShop)'
2024-10-10 16:28:15.135 +02:00 [INF] Request finished HTTP/1.1 GET http://localhost:5017/Customer/Table - 200 null text/html; charset=utf-8 90.5362ms
2024-10-10 16:29:32.334 +02:00 [INF] Request starting HTTP/1.1 GET http://localhost:5017/Item/Table - null null
2024-10-10 16:29:32.334 +02:00 [INF] Executing endpoint 'MyShop.Controllers.ItemController.Table (MyShop)'
2024-10-10 16:29:32.334 +02:00 [INF] Route matched with {action = "Table", controller = "Item"}. Executing controller action with signature System.Threading.Tasks.Task`1[Microsoft.AspNetCore.Mvc.IActionResult] Table() on controller MyShop.Controllers.ItemController (MyShop).
2024-10-10 16:29:32.337 +02:00 [INF] Executing ViewResult, running view Table.
2024-10-10 16:29:32.338 +02:00 [INF] Executed ViewResult - view Table executed in 1.399ms.
2024-10-10 16:29:32.338 +02:00 [INF] Executed action MyShop.Controllers.ItemController.Table (MyShop) in 4.0721ms
2024-10-10 16:29:32.338 +02:00 [INF] Executed endpoint 'MyShop.Controllers.ItemController.Table (MyShop)'
2024-10-10 16:29:32.339 +02:00 [INF] Request finished HTTP/1.1 GET http://localhost:5017/Item/Table - 200 null text/html; charset=utf-8 4.9335ms
2024-10-10 16:29:33.536 +02:00 [INF] Request starting HTTP/1.1 GET http://localhost:5017/ - null null
2024-10-10 16:29:33.537 +02:00 [INF] Executing endpoint 'MyShop.Controllers.HomeController.Index (MyShop)'
2024-10-10 16:29:33.537 +02:00 [INF] Route matched with {action = "Index", controller = "Home"}. Executing controller action with signature Microsoft.AspNetCore.Mvc.IActionResult Index() on controller MyShop.Controllers.HomeController (MyShop).
2024-10-10 16:29:33.537 +02:00 [INF] Executing ViewResult, running view Index.
2024-10-10 16:29:33.537 +02:00 [INF] Executed ViewResult - view Index executed in 0.4013ms.
2024-10-10 16:29:33.537 +02:00 [INF] Executed action MyShop.Controllers.HomeController.Index (MyShop) in 0.536ms
2024-10-10 16:29:33.537 +02:00 [INF] Executed endpoint 'MyShop.Controllers.HomeController.Index (MyShop)'
2024-10-10 16:29:33.537 +02:00 [INF] Request finished HTTP/1.1 GET http://localhost:5017/ - 200 null text/html; charset=utf-8 0.9747ms
2024-10-10 16:29:35.361 +02:00 [INF] Request starting HTTP/1.1 GET http://localhost:5017/ - null null
2024-10-10 16:29:35.361 +02:00 [INF] Executing endpoint 'MyShop.Controllers.HomeController.Index (MyShop)'
2024-10-10 16:29:35.361 +02:00 [INF] Route matched with {action = "Index", controller = "Home"}. Executing controller action with signature Microsoft.AspNetCore.Mvc.IActionResult Index() on controller MyShop.Controllers.HomeController (MyShop).
2024-10-10 16:29:35.362 +02:00 [INF] Executing ViewResult, running view Index.
2024-10-10 16:29:35.362 +02:00 [INF] Executed ViewResult - view Index executed in 0.3184ms.
2024-10-10 16:29:35.362 +02:00 [INF] Executed action MyShop.Controllers.HomeController.Index (MyShop) in 0.4352ms
2024-10-10 16:29:35.362 +02:00 [INF] Executed endpoint 'MyShop.Controllers.HomeController.Index (MyShop)'
2024-10-10 16:29:35.362 +02:00 [INF] Request finished HTTP/1.1 GET http://localhost:5017/ - 200 null text/html; charset=utf-8 0.9816ms
2024-10-10 16:31:48.180 +02:00 [INF] Request starting HTTP/1.1 GET http://localhost:5017/ - null null
2024-10-10 16:31:48.180 +02:00 [INF] Executing endpoint 'MyShop.Controllers.HomeController.Index (MyShop)'
2024-10-10 16:31:48.181 +02:00 [INF] Route matched with {action = "Index", controller = "Home"}. Executing controller action with signature Microsoft.AspNetCore.Mvc.IActionResult Index() on controller MyShop.Controllers.HomeController (MyShop).
2024-10-10 16:31:48.181 +02:00 [INF] Executing ViewResult, running view Index.
2024-10-10 16:31:48.181 +02:00 [INF] Executed ViewResult - view Index executed in 0.8132ms.
2024-10-10 16:31:48.182 +02:00 [INF] Executed action MyShop.Controllers.HomeController.Index (MyShop) in 0.9684ms
2024-10-10 16:31:48.182 +02:00 [INF] Executed endpoint 'MyShop.Controllers.HomeController.Index (MyShop)'
2024-10-10 16:31:48.182 +02:00 [INF] Request finished HTTP/1.1 GET http://localhost:5017/ - 200 null text/html; charset=utf-8 1.5828ms
2024-10-10 16:31:48.864 +02:00 [INF] Request starting HTTP/1.1 GET http://localhost:5017/Item/Table - null null
2024-10-10 16:31:48.864 +02:00 [INF] Executing endpoint 'MyShop.Controllers.ItemController.Table (MyShop)'
2024-10-10 16:31:48.864 +02:00 [INF] Route matched with {action = "Table", controller = "Item"}. Executing controller action with signature System.Threading.Tasks.Task`1[Microsoft.AspNetCore.Mvc.IActionResult] Table() on controller MyShop.Controllers.ItemController (MyShop).
2024-10-10 16:31:48.866 +02:00 [INF] Executing ViewResult, running view Table.
2024-10-10 16:31:48.866 +02:00 [INF] Executed ViewResult - view Table executed in 0.9072ms.
2024-10-10 16:31:48.867 +02:00 [INF] Executed action MyShop.Controllers.ItemController.Table (MyShop) in 2.3259ms
2024-10-10 16:31:48.867 +02:00 [INF] Executed endpoint 'MyShop.Controllers.ItemController.Table (MyShop)'
2024-10-10 16:31:48.867 +02:00 [INF] Request finished HTTP/1.1 GET http://localhost:5017/Item/Table - 200 null text/html; charset=utf-8 2.7504ms
2024-10-10 16:31:51.589 +02:00 [INF] Request starting HTTP/1.1 GET http://localhost:5017/Customer/Table - null null
2024-10-10 16:31:51.589 +02:00 [INF] Executing endpoint 'MyShop.Controllers.CustomerController.Table (MyShop)'
2024-10-10 16:31:51.590 +02:00 [INF] Route matched with {action = "Table", controller = "Customer"}. Executing controller action with signature System.Threading.Tasks.Task`1[Microsoft.AspNetCore.Mvc.IActionResult] Table() on controller MyShop.Controllers.CustomerController (MyShop).
2024-10-10 16:31:51.592 +02:00 [INF] Executing ViewResult, running view Table.
2024-10-10 16:31:51.595 +02:00 [INF] Executed ViewResult - view Table executed in 3.1843ms.
2024-10-10 16:31:51.595 +02:00 [INF] Executed action MyShop.Controllers.CustomerController.Table (MyShop) in 5.4003ms
2024-10-10 16:31:51.595 +02:00 [INF] Executed endpoint 'MyShop.Controllers.CustomerController.Table (MyShop)'
2024-10-10 16:31:51.595 +02:00 [INF] Request finished HTTP/1.1 GET http://localhost:5017/Customer/Table - 200 null text/html; charset=utf-8 6.0273ms
2024-10-10 16:31:52.578 +02:00 [INF] Request starting HTTP/1.1 GET http://localhost:5017/Item/Table - null null
2024-10-10 16:31:52.578 +02:00 [INF] Executing endpoint 'MyShop.Controllers.ItemController.Table (MyShop)'
2024-10-10 16:31:52.578 +02:00 [INF] Route matched with {action = "Table", controller = "Item"}. Executing controller action with signature System.Threading.Tasks.Task`1[Microsoft.AspNetCore.Mvc.IActionResult] Table() on controller MyShop.Controllers.ItemController (MyShop).
2024-10-10 16:31:52.580 +02:00 [INF] Executing ViewResult, running view Table.
2024-10-10 16:31:52.580 +02:00 [INF] Executed ViewResult - view Table executed in 0.5899ms.
2024-10-10 16:31:52.580 +02:00 [INF] Executed action MyShop.Controllers.ItemController.Table (MyShop) in 2.0454ms
2024-10-10 16:31:52.580 +02:00 [INF] Executed endpoint 'MyShop.Controllers.ItemController.Table (MyShop)'
2024-10-10 16:31:52.580 +02:00 [INF] Request finished HTTP/1.1 GET http://localhost:5017/Item/Table - 200 null text/html; charset=utf-8 2.5462ms
2024-10-10 16:31:57.351 +02:00 [INF] Request starting HTTP/1.1 GET http://localhost:5017/ - null null
2024-10-10 16:31:57.351 +02:00 [INF] Executing endpoint 'MyShop.Controllers.HomeController.Index (MyShop)'
2024-10-10 16:31:57.352 +02:00 [INF] Route matched with {action = "Index", controller = "Home"}. Executing controller action with signature Microsoft.AspNetCore.Mvc.IActionResult Index() on controller MyShop.Controllers.HomeController (MyShop).
2024-10-10 16:31:57.352 +02:00 [INF] Executing ViewResult, running view Index.
2024-10-10 16:31:57.352 +02:00 [INF] Executed ViewResult - view Index executed in 0.3688ms.
2024-10-10 16:31:57.352 +02:00 [INF] Executed action MyShop.Controllers.HomeController.Index (MyShop) in 0.4947ms
2024-10-10 16:31:57.352 +02:00 [INF] Executed endpoint 'MyShop.Controllers.HomeController.Index (MyShop)'
2024-10-10 16:31:57.352 +02:00 [INF] Request finished HTTP/1.1 GET http://localhost:5017/ - 200 null text/html; charset=utf-8 0.776ms
2024-10-10 16:32:58.330 +02:00 [INF] Request starting HTTP/1.1 GET http://localhost:5017/ - null null
2024-10-10 16:32:58.330 +02:00 [INF] Executing endpoint 'MyShop.Controllers.HomeController.Index (MyShop)'
2024-10-10 16:32:58.330 +02:00 [INF] Route matched with {action = "Index", controller = "Home"}. Executing controller action with signature Microsoft.AspNetCore.Mvc.IActionResult Index() on controller MyShop.Controllers.HomeController (MyShop).
2024-10-10 16:32:58.330 +02:00 [INF] Executing ViewResult, running view Index.
2024-10-10 16:32:58.331 +02:00 [INF] Executed ViewResult - view Index executed in 0.7173ms.
2024-10-10 16:32:58.331 +02:00 [INF] Executed action MyShop.Controllers.HomeController.Index (MyShop) in 0.9324ms
2024-10-10 16:32:58.331 +02:00 [INF] Executed endpoint 'MyShop.Controllers.HomeController.Index (MyShop)'
2024-10-10 16:32:58.331 +02:00 [INF] Request finished HTTP/1.1 GET http://localhost:5017/ - 200 null text/html; charset=utf-8 1.3916ms
2024-10-10 16:32:59.349 +02:00 [INF] Request starting HTTP/1.1 GET http://localhost:5017/ - null null
2024-10-10 16:32:59.350 +02:00 [INF] Executing endpoint 'MyShop.Controllers.HomeController.Index (MyShop)'
2024-10-10 16:32:59.350 +02:00 [INF] Route matched with {action = "Index", controller = "Home"}. Executing controller action with signature Microsoft.AspNetCore.Mvc.IActionResult Index() on controller MyShop.Controllers.HomeController (MyShop).
2024-10-10 16:32:59.350 +02:00 [INF] Executing ViewResult, running view Index.
2024-10-10 16:32:59.351 +02:00 [INF] Executed ViewResult - view Index executed in 0.8461ms.
2024-10-10 16:32:59.351 +02:00 [INF] Executed action MyShop.Controllers.HomeController.Index (MyShop) in 1.2441ms
2024-10-10 16:32:59.351 +02:00 [INF] Executed endpoint 'MyShop.Controllers.HomeController.Index (MyShop)'
2024-10-10 16:32:59.352 +02:00 [INF] Request finished HTTP/1.1 GET http://localhost:5017/ - 200 null text/html; charset=utf-8 2.324ms
2024-10-10 16:33:00.113 +02:00 [INF] Request starting HTTP/1.1 GET http://localhost:5017/Item/Table - null null
2024-10-10 16:33:00.113 +02:00 [INF] Executing endpoint 'MyShop.Controllers.ItemController.Table (MyShop)'
2024-10-10 16:33:00.113 +02:00 [INF] Route matched with {action = "Table", controller = "Item"}. Executing controller action with signature System.Threading.Tasks.Task`1[Microsoft.AspNetCore.Mvc.IActionResult] Table() on controller MyShop.Controllers.ItemController (MyShop).
2024-10-10 16:33:00.115 +02:00 [INF] Executing ViewResult, running view Table.
2024-10-10 16:33:00.115 +02:00 [INF] Executed ViewResult - view Table executed in 0.7892ms.
2024-10-10 16:33:00.116 +02:00 [INF] Executed action MyShop.Controllers.ItemController.Table (MyShop) in 2.5525ms
2024-10-10 16:33:00.116 +02:00 [INF] Executed endpoint 'MyShop.Controllers.ItemController.Table (MyShop)'
2024-10-10 16:33:00.116 +02:00 [INF] Request finished HTTP/1.1 GET http://localhost:5017/Item/Table - 200 null text/html; charset=utf-8 3.1248ms
2024-10-10 16:33:01.762 +02:00 [INF] Request starting HTTP/1.1 GET http://localhost:5017/Item/Grid - null null
2024-10-10 16:33:01.763 +02:00 [INF] Executing endpoint 'MyShop.Controllers.ItemController.Grid (MyShop)'
2024-10-10 16:33:01.767 +02:00 [INF] Route matched with {action = "Grid", controller = "Item"}. Executing controller action with signature System.Threading.Tasks.Task`1[Microsoft.AspNetCore.Mvc.IActionResult] Grid() on controller MyShop.Controllers.ItemController (MyShop).
2024-10-10 16:33:01.770 +02:00 [INF] Executing ViewResult, running view Grid.
2024-10-10 16:33:01.771 +02:00 [INF] Executed ViewResult - view Grid executed in 2.4488ms.
2024-10-10 16:33:01.771 +02:00 [INF] Executed action MyShop.Controllers.ItemController.Grid (MyShop) in 4.3318ms
2024-10-10 16:33:01.771 +02:00 [INF] Executed endpoint 'MyShop.Controllers.ItemController.Grid (MyShop)'
2024-10-10 16:33:01.771 +02:00 [INF] Request finished HTTP/1.1 GET http://localhost:5017/Item/Grid - 200 null text/html; charset=utf-8 9.0073ms
