2024-11-04 11:09:01.427 +01:00 [INF] User profile is available. Using 'C:\Users\Hadle\AppData\Local\ASP.NET\DataProtection-Keys' as key repository and Windows DPAPI to encrypt keys at rest.
2024-11-04 11:09:01.601 +01:00 [INF] Now listening on: http://localhost:5017
2024-11-04 11:09:01.605 +01:00 [INF] Application started. Press Ctrl+C to shut down.
2024-11-04 11:09:01.606 +01:00 [INF] Hosting environment: Development
2024-11-04 11:09:01.606 +01:00 [INF] Content root path: C:\ITPE3200\ITPE3200_Exam_project-main\ITPE3200_Exam_project-main\ITPE3200_Exam_project
2024-11-04 11:09:03.896 +01:00 [INF] Request starting HTTP/1.1 GET http://localhost:5017/ - null null
2024-11-04 11:09:03.931 +01:00 [INF] Executing endpoint 'MyShop.Controllers.HomeController.Index (MyShop)'
2024-11-04 11:09:03.940 +01:00 [INF] Route matched with {action = "Index", controller = "Home", page = "", area = ""}. Executing controller action with signature Microsoft.AspNetCore.Mvc.IActionResult Index() on controller MyShop.Controllers.HomeController (MyShop).
2024-11-04 11:09:03.948 +01:00 [INF] Executing ViewResult, running view Index.
2024-11-04 11:09:04.025 +01:00 [INF] Executed ViewResult - view Index executed in 78.2297ms.
2024-11-04 11:09:04.027 +01:00 [INF] Executed action MyShop.Controllers.HomeController.Index (MyShop) in 86.1053ms
2024-11-04 11:09:04.027 +01:00 [INF] Executed endpoint 'MyShop.Controllers.HomeController.Index (MyShop)'
2024-11-04 11:09:04.030 +01:00 [INF] Request finished HTTP/1.1 GET http://localhost:5017/ - 200 null text/html; charset=utf-8 135.1871ms
2024-11-04 11:09:04.922 +01:00 [INF] Request starting HTTP/1.1 GET http://localhost:5017/ - null null
2024-11-04 11:09:04.924 +01:00 [INF] Executing endpoint 'MyShop.Controllers.HomeController.Index (MyShop)'
2024-11-04 11:09:04.924 +01:00 [INF] Route matched with {action = "Index", controller = "Home", page = "", area = ""}. Executing controller action with signature Microsoft.AspNetCore.Mvc.IActionResult Index() on controller MyShop.Controllers.HomeController (MyShop).
2024-11-04 11:09:04.924 +01:00 [INF] Executing ViewResult, running view Index.
2024-11-04 11:09:04.929 +01:00 [INF] Executed ViewResult - view Index executed in 5.1698ms.
2024-11-04 11:09:04.929 +01:00 [INF] Executed action MyShop.Controllers.HomeController.Index (MyShop) in 5.5639ms
2024-11-04 11:09:04.929 +01:00 [INF] Executed endpoint 'MyShop.Controllers.HomeController.Index (MyShop)'
2024-11-04 11:09:04.930 +01:00 [INF] Request finished HTTP/1.1 GET http://localhost:5017/ - 200 null text/html; charset=utf-8 7.369ms
2024-11-04 11:09:14.971 +01:00 [INF] Request starting HTTP/1.1 GET http://localhost:5017/LearnMore - null null
2024-11-04 11:09:14.974 +01:00 [INF] Request finished HTTP/1.1 GET http://localhost:5017/LearnMore - 404 0 null 3.0934ms
2024-11-04 11:09:14.975 +01:00 [INF] Request reached the end of the middleware pipeline without being handled by application code. Request path: GET http://localhost:5017/LearnMore, Response status code: 404
2024-11-04 11:09:17.936 +01:00 [INF] Request starting HTTP/1.1 GET http://localhost:5017/Food/Index - null null
2024-11-04 11:09:17.937 +01:00 [INF] Request finished HTTP/1.1 GET http://localhost:5017/Food/Index - 404 0 null 0.8679ms
2024-11-04 11:09:17.937 +01:00 [INF] Request reached the end of the middleware pipeline without being handled by application code. Request path: GET http://localhost:5017/Food/Index, Response status code: 404
2024-11-04 11:09:38.838 +01:00 [INF] Application is shutting down...
