2024-11-04 12:54:12.230 +01:00 [INF] User profile is available. Using 'C:\Users\Hadle\AppData\Local\ASP.NET\DataProtection-Keys' as key repository and Windows DPAPI to encrypt keys at rest.
2024-11-04 12:54:12.366 +01:00 [INF] Now listening on: http://localhost:5017
2024-11-04 12:54:12.369 +01:00 [INF] Application started. Press Ctrl+C to shut down.
2024-11-04 12:54:12.370 +01:00 [INF] Hosting environment: Development
2024-11-04 12:54:12.370 +01:00 [INF] Content root path: C:\ITPE3200\ITPE3200_Exam_project-main\ITPE3200_Exam_project-main\ITPE3200_Exam_project
2024-11-04 12:54:13.659 +01:00 [INF] Request starting HTTP/1.1 GET http://localhost:5017/ - null null
2024-11-04 12:54:13.712 +01:00 [INF] Executing endpoint 'MyShop.Controllers.HomeController.Index (MyShop)'
2024-11-04 12:54:13.720 +01:00 [INF] Route matched with {action = "Index", controller = "Home", page = "", area = ""}. Executing controller action with signature Microsoft.AspNetCore.Mvc.IActionResult Index() on controller MyShop.Controllers.HomeController (MyShop).
2024-11-04 12:54:13.727 +01:00 [INF] Executing ViewResult, running view Index.
2024-11-04 12:54:13.792 +01:00 [INF] Executed ViewResult - view Index executed in 66.5559ms.
2024-11-04 12:54:13.794 +01:00 [INF] Executed action MyShop.Controllers.HomeController.Index (MyShop) in 73.1652ms
2024-11-04 12:54:13.794 +01:00 [INF] Executed endpoint 'MyShop.Controllers.HomeController.Index (MyShop)'
2024-11-04 12:54:13.797 +01:00 [INF] Request finished HTTP/1.1 GET http://localhost:5017/ - 200 null text/html; charset=utf-8 139.716ms
2024-11-04 12:54:17.412 +01:00 [INF] Request starting HTTP/1.1 GET http://localhost:5017/About/Table - null null
2024-11-04 12:54:17.417 +01:00 [INF] Request finished HTTP/1.1 GET http://localhost:5017/About/Table - 404 0 null 5.3424ms
2024-11-04 12:54:17.418 +01:00 [INF] Request reached the end of the middleware pipeline without being handled by application code. Request path: GET http://localhost:5017/About/Table, Response status code: 404
2024-11-04 12:54:18.898 +01:00 [INF] Request starting HTTP/1.1 GET http://localhost:5017/ - null null
2024-11-04 12:54:18.908 +01:00 [INF] Executing endpoint 'MyShop.Controllers.HomeController.Index (MyShop)'
2024-11-04 12:54:18.908 +01:00 [INF] Route matched with {action = "Index", controller = "Home", page = "", area = ""}. Executing controller action with signature Microsoft.AspNetCore.Mvc.IActionResult Index() on controller MyShop.Controllers.HomeController (MyShop).
2024-11-04 12:54:18.909 +01:00 [INF] Executing ViewResult, running view Index.
2024-11-04 12:54:18.913 +01:00 [INF] Executed ViewResult - view Index executed in 3.9111ms.
2024-11-04 12:54:18.913 +01:00 [INF] Executed action MyShop.Controllers.HomeController.Index (MyShop) in 4.3477ms
2024-11-04 12:54:18.913 +01:00 [INF] Executed endpoint 'MyShop.Controllers.HomeController.Index (MyShop)'
2024-11-04 12:54:18.913 +01:00 [INF] Request finished HTTP/1.1 GET http://localhost:5017/ - 200 null text/html; charset=utf-8 15.3051ms
2024-11-04 12:54:19.675 +01:00 [INF] Request starting HTTP/1.1 GET http://localhost:5017/Item/Grid - null null
2024-11-04 12:54:19.676 +01:00 [INF] Executing endpoint 'MyShop.Controllers.ItemController.Grid (MyShop)'
2024-11-04 12:54:19.681 +01:00 [INF] Route matched with {action = "Grid", controller = "Item", page = "", area = ""}. Executing controller action with signature System.Threading.Tasks.Task`1[Microsoft.AspNetCore.Mvc.IActionResult] Grid() on controller MyShop.Controllers.ItemController (MyShop).
2024-11-04 12:54:19.781 +01:00 [INF] Executing ViewResult, running view Grid.
2024-11-04 12:54:19.784 +01:00 [INF] Executed ViewResult - view Grid executed in 4.2525ms.
2024-11-04 12:54:19.784 +01:00 [INF] Executed action MyShop.Controllers.ItemController.Grid (MyShop) in 103.6245ms
2024-11-04 12:54:19.784 +01:00 [INF] Executed endpoint 'MyShop.Controllers.ItemController.Grid (MyShop)'
2024-11-04 12:54:19.787 +01:00 [INF] Request finished HTTP/1.1 GET http://localhost:5017/Item/Grid - 200 null text/html; charset=utf-8 112.492ms
2024-11-04 12:54:20.668 +01:00 [INF] Request starting HTTP/1.1 GET http://localhost:5017/ - null null
2024-11-04 12:54:20.669 +01:00 [INF] Executing endpoint 'MyShop.Controllers.HomeController.Index (MyShop)'
2024-11-04 12:54:20.669 +01:00 [INF] Route matched with {action = "Index", controller = "Home", page = "", area = ""}. Executing controller action with signature Microsoft.AspNetCore.Mvc.IActionResult Index() on controller MyShop.Controllers.HomeController (MyShop).
2024-11-04 12:54:20.669 +01:00 [INF] Executing ViewResult, running view Index.
2024-11-04 12:54:20.671 +01:00 [INF] Executed ViewResult - view Index executed in 1.3493ms.
2024-11-04 12:54:20.671 +01:00 [INF] Executed action MyShop.Controllers.HomeController.Index (MyShop) in 1.4913ms
2024-11-04 12:54:20.671 +01:00 [INF] Executed endpoint 'MyShop.Controllers.HomeController.Index (MyShop)'
2024-11-04 12:54:20.671 +01:00 [INF] Request finished HTTP/1.1 GET http://localhost:5017/ - 200 null text/html; charset=utf-8 2.5954ms
2024-11-04 12:54:21.977 +01:00 [INF] Request starting HTTP/1.1 GET http://localhost:5017/About/Table - null null
2024-11-04 12:54:21.977 +01:00 [INF] Request finished HTTP/1.1 GET http://localhost:5017/About/Table - 404 0 null 0.8383ms
2024-11-04 12:54:21.978 +01:00 [INF] Request reached the end of the middleware pipeline without being handled by application code. Request path: GET http://localhost:5017/About/Table, Response status code: 404
2024-11-04 12:54:23.369 +01:00 [INF] Request starting HTTP/1.1 GET http://localhost:5017/ - null null
2024-11-04 12:54:23.370 +01:00 [INF] Executing endpoint 'MyShop.Controllers.HomeController.Index (MyShop)'
2024-11-04 12:54:23.370 +01:00 [INF] Route matched with {action = "Index", controller = "Home", page = "", area = ""}. Executing controller action with signature Microsoft.AspNetCore.Mvc.IActionResult Index() on controller MyShop.Controllers.HomeController (MyShop).
2024-11-04 12:54:23.370 +01:00 [INF] Executing ViewResult, running view Index.
2024-11-04 12:54:23.371 +01:00 [INF] Executed ViewResult - view Index executed in 1.1418ms.
2024-11-04 12:54:23.371 +01:00 [INF] Executed action MyShop.Controllers.HomeController.Index (MyShop) in 1.3728ms
2024-11-04 12:54:23.371 +01:00 [INF] Executed endpoint 'MyShop.Controllers.HomeController.Index (MyShop)'
2024-11-04 12:54:23.371 +01:00 [INF] Request finished HTTP/1.1 GET http://localhost:5017/ - 200 null text/html; charset=utf-8 2.4715ms
2024-11-04 12:55:58.252 +01:00 [INF] Request starting HTTP/1.1 GET http://localhost:5017/About/Table - null null
2024-11-04 12:55:58.253 +01:00 [INF] Request finished HTTP/1.1 GET http://localhost:5017/About/Table - 404 0 null 0.7697ms
2024-11-04 12:55:58.253 +01:00 [INF] Request reached the end of the middleware pipeline without being handled by application code. Request path: GET http://localhost:5017/About/Table, Response status code: 404
2024-11-04 12:55:59.941 +01:00 [INF] Request starting HTTP/1.1 GET http://localhost:5017/ - null null
2024-11-04 12:55:59.942 +01:00 [INF] Executing endpoint 'MyShop.Controllers.HomeController.Index (MyShop)'
2024-11-04 12:55:59.942 +01:00 [INF] Route matched with {action = "Index", controller = "Home", page = "", area = ""}. Executing controller action with signature Microsoft.AspNetCore.Mvc.IActionResult Index() on controller MyShop.Controllers.HomeController (MyShop).
2024-11-04 12:55:59.943 +01:00 [INF] Executing ViewResult, running view Index.
2024-11-04 12:55:59.943 +01:00 [INF] Executed ViewResult - view Index executed in 1.3789ms.
2024-11-04 12:55:59.944 +01:00 [INF] Executed action MyShop.Controllers.HomeController.Index (MyShop) in 1.5251ms
2024-11-04 12:55:59.944 +01:00 [INF] Executed endpoint 'MyShop.Controllers.HomeController.Index (MyShop)'
2024-11-04 12:55:59.944 +01:00 [INF] Request finished HTTP/1.1 GET http://localhost:5017/ - 200 null text/html; charset=utf-8 2.4411ms
2024-11-04 12:58:27.583 +01:00 [INF] Application is shutting down...
