2024-11-04 13:56:01.267 +01:00 [INF] User profile is available. Using 'C:\Users\jovan\AppData\Local\ASP.NET\DataProtection-Keys' as key repository and Windows DPAPI to encrypt keys at rest.
2024-11-04 13:56:01.390 +01:00 [INF] Now listening on: http://localhost:5017
2024-11-04 13:56:01.393 +01:00 [INF] Application started. Press Ctrl+C to shut down.
2024-11-04 13:56:01.393 +01:00 [INF] Hosting environment: Development
2024-11-04 13:56:01.393 +01:00 [INF] Content root path: C:\TestMappe\Eksamen\ITPE3200_Exam_project
2024-11-04 13:56:02.672 +01:00 [INF] Request starting HTTP/1.1 GET http://localhost:5017/ - null null
2024-11-04 13:56:02.707 +01:00 [INF] Identity.Application was not authenticated. Failure message: Unprotect ticket failed
2024-11-04 13:56:02.711 +01:00 [INF] Executing endpoint 'MyShop.Controllers.HomeController.Index (MyShop)'
2024-11-04 13:56:02.721 +01:00 [INF] Route matched with {action = "Index", controller = "Home", page = "", area = ""}. Executing controller action with signature Microsoft.AspNetCore.Mvc.IActionResult Index() on controller MyShop.Controllers.HomeController (MyShop).
2024-11-04 13:56:02.728 +01:00 [INF] Executing ViewResult, running view Index.
2024-11-04 13:56:02.797 +01:00 [INF] Executed ViewResult - view Index executed in 69.8803ms.
2024-11-04 13:56:02.799 +01:00 [INF] Executed action MyShop.Controllers.HomeController.Index (MyShop) in 77.6683ms
2024-11-04 13:56:02.799 +01:00 [INF] Executed endpoint 'MyShop.Controllers.HomeController.Index (MyShop)'
2024-11-04 13:56:02.805 +01:00 [INF] Request finished HTTP/1.1 GET http://localhost:5017/ - 200 null text/html; charset=utf-8 134.3294ms
2024-11-04 13:56:04.445 +01:00 [INF] Request starting HTTP/1.1 GET http://localhost:5017/Identity/Account/Register - null null
2024-11-04 13:56:04.448 +01:00 [INF] Identity.Application was not authenticated. Failure message: Unprotect ticket failed
2024-11-04 13:56:04.449 +01:00 [INF] Executing endpoint '/Account/Register'
2024-11-04 13:56:04.462 +01:00 [INF] Route matched with {page = "/Account/Register", area = "Identity", action = "", controller = ""}. Executing page /Account/Register
2024-11-04 13:56:04.473 +01:00 [INF] Executing handler method MyShop.Areas.Identity.Pages.Account.RegisterModel.OnGetAsync - ModelState is "Valid"
2024-11-04 13:56:04.475 +01:00 [INF] Executed handler method OnGetAsync, returned result .
2024-11-04 13:56:04.477 +01:00 [INF] Executing an implicit handler method - ModelState is "Valid"
2024-11-04 13:56:04.477 +01:00 [INF] Executed an implicit handler method, returned result Microsoft.AspNetCore.Mvc.RazorPages.PageResult.
2024-11-04 13:56:04.509 +01:00 [INF] Executed page /Account/Register in 46.5495ms
2024-11-04 13:56:04.509 +01:00 [INF] Executed endpoint '/Account/Register'
2024-11-04 13:56:04.509 +01:00 [INF] Request finished HTTP/1.1 GET http://localhost:5017/Identity/Account/Register - 200 null text/html; charset=utf-8 64.3086ms
2024-11-04 13:56:04.538 +01:00 [INF] Request starting HTTP/1.1 GET http://localhost:5017/lib/jquery-validation/dist/jquery.validate.min.js - null null
2024-11-04 13:56:04.540 +01:00 [INF] Request starting HTTP/1.1 GET http://localhost:5017/lib/jquery-validation-unobtrusive/jquery.validate.unobtrusive.min.js - null null
2024-11-04 13:56:04.542 +01:00 [INF] Identity.Application was not authenticated. Failure message: Unprotect ticket failed
2024-11-04 13:56:04.542 +01:00 [INF] Identity.Application was not authenticated. Failure message: Unprotect ticket failed
2024-11-04 13:56:04.543 +01:00 [INF] Request finished HTTP/1.1 GET http://localhost:5017/lib/jquery-validation-unobtrusive/jquery.validate.unobtrusive.min.js - 404 0 null 2.9724ms
2024-11-04 13:56:04.543 +01:00 [INF] Request finished HTTP/1.1 GET http://localhost:5017/lib/jquery-validation/dist/jquery.validate.min.js - 404 0 null 4.4015ms
2024-11-04 13:56:04.544 +01:00 [INF] Request reached the end of the middleware pipeline without being handled by application code. Request path: GET http://localhost:5017/lib/jquery-validation/dist/jquery.validate.min.js, Response status code: 404
2024-11-04 13:56:04.544 +01:00 [INF] Request reached the end of the middleware pipeline without being handled by application code. Request path: GET http://localhost:5017/lib/jquery-validation-unobtrusive/jquery.validate.unobtrusive.min.js, Response status code: 404
2024-11-04 13:56:06.128 +01:00 [INF] Request starting HTTP/1.1 GET http://localhost:5017/Identity/Account/Login - null null
2024-11-04 13:56:06.133 +01:00 [INF] Identity.Application was not authenticated. Failure message: Unprotect ticket failed
2024-11-04 13:56:06.133 +01:00 [INF] Executing endpoint '/Account/Login'
2024-11-04 13:56:06.138 +01:00 [INF] Route matched with {page = "/Account/Login", area = "Identity", action = "", controller = ""}. Executing page /Account/Login
2024-11-04 13:56:06.145 +01:00 [INF] Executing handler method MyShop.Areas.Identity.Pages.Account.LoginModel.OnGetAsync - ModelState is "Valid"
2024-11-04 13:56:06.148 +01:00 [INF] AuthenticationScheme: Identity.External signed out.
2024-11-04 13:56:06.148 +01:00 [INF] Executed handler method OnGetAsync, returned result .
2024-11-04 13:56:06.148 +01:00 [INF] Executing an implicit handler method - ModelState is "Valid"
2024-11-04 13:56:06.148 +01:00 [INF] Executed an implicit handler method, returned result Microsoft.AspNetCore.Mvc.RazorPages.PageResult.
2024-11-04 13:56:06.158 +01:00 [INF] Executed page /Account/Login in 19.9868ms
2024-11-04 13:56:06.158 +01:00 [INF] Executed endpoint '/Account/Login'
2024-11-04 13:56:06.159 +01:00 [INF] Request finished HTTP/1.1 GET http://localhost:5017/Identity/Account/Login - 200 null text/html; charset=utf-8 31.1146ms
2024-11-04 13:56:06.180 +01:00 [INF] Request starting HTTP/1.1 GET http://localhost:5017/css/Login.css - null null
2024-11-04 13:56:06.202 +01:00 [INF] Sending file. Request path: '/css/Login.css'. Physical path: 'C:\TestMappe\Eksamen\ITPE3200_Exam_project\wwwroot\css\Login.css'
2024-11-04 13:56:06.202 +01:00 [INF] Request finished HTTP/1.1 GET http://localhost:5017/css/Login.css - 200 2300 text/css 22.6112ms
2024-11-04 13:56:06.227 +01:00 [INF] Request starting HTTP/1.1 GET http://localhost:5017/lib/jquery-validation-unobtrusive/jquery.validate.unobtrusive.min.js - null null
2024-11-04 13:56:06.227 +01:00 [INF] Request starting HTTP/1.1 GET http://localhost:5017/lib/jquery-validation/dist/jquery.validate.min.js - null null
2024-11-04 13:56:06.227 +01:00 [INF] Identity.Application was not authenticated. Failure message: Unprotect ticket failed
2024-11-04 13:56:06.227 +01:00 [INF] Identity.Application was not authenticated. Failure message: Unprotect ticket failed
2024-11-04 13:56:06.227 +01:00 [INF] Request finished HTTP/1.1 GET http://localhost:5017/lib/jquery-validation-unobtrusive/jquery.validate.unobtrusive.min.js - 404 0 null 0.6428ms
2024-11-04 13:56:06.227 +01:00 [INF] Request finished HTTP/1.1 GET http://localhost:5017/lib/jquery-validation/dist/jquery.validate.min.js - 404 0 null 0.665ms
2024-11-04 13:56:06.227 +01:00 [INF] Request reached the end of the middleware pipeline without being handled by application code. Request path: GET http://localhost:5017/lib/jquery-validation-unobtrusive/jquery.validate.unobtrusive.min.js, Response status code: 404
2024-11-04 13:56:06.227 +01:00 [INF] Request reached the end of the middleware pipeline without being handled by application code. Request path: GET http://localhost:5017/lib/jquery-validation/dist/jquery.validate.min.js, Response status code: 404
2024-11-04 13:56:10.685 +01:00 [INF] Request starting HTTP/1.1 GET http://localhost:5017/ - null null
2024-11-04 13:56:10.686 +01:00 [INF] Identity.Application was not authenticated. Failure message: Unprotect ticket failed
2024-11-04 13:56:10.686 +01:00 [INF] Executing endpoint 'MyShop.Controllers.HomeController.Index (MyShop)'
2024-11-04 13:56:10.687 +01:00 [INF] Route matched with {action = "Index", controller = "Home", page = "", area = ""}. Executing controller action with signature Microsoft.AspNetCore.Mvc.IActionResult Index() on controller MyShop.Controllers.HomeController (MyShop).
2024-11-04 13:56:10.688 +01:00 [INF] Executing ViewResult, running view Index.
2024-11-04 13:56:10.690 +01:00 [INF] Executed ViewResult - view Index executed in 2.4596ms.
2024-11-04 13:56:10.690 +01:00 [INF] Executed action MyShop.Controllers.HomeController.Index (MyShop) in 3.6152ms
2024-11-04 13:56:10.691 +01:00 [INF] Executed endpoint 'MyShop.Controllers.HomeController.Index (MyShop)'
2024-11-04 13:56:10.691 +01:00 [INF] Request finished HTTP/1.1 GET http://localhost:5017/ - 200 null text/html; charset=utf-8 6.0603ms
2024-11-04 13:56:12.067 +01:00 [INF] Request starting HTTP/1.1 GET http://localhost:5017/Identity/Account/Login - null null
2024-11-04 13:56:12.067 +01:00 [INF] Identity.Application was not authenticated. Failure message: Unprotect ticket failed
2024-11-04 13:56:12.067 +01:00 [INF] Executing endpoint '/Account/Login'
2024-11-04 13:56:12.068 +01:00 [INF] Route matched with {page = "/Account/Login", area = "Identity", action = "", controller = ""}. Executing page /Account/Login
2024-11-04 13:56:12.069 +01:00 [INF] Executing handler method MyShop.Areas.Identity.Pages.Account.LoginModel.OnGetAsync - ModelState is "Valid"
2024-11-04 13:56:12.070 +01:00 [INF] AuthenticationScheme: Identity.External signed out.
2024-11-04 13:56:12.070 +01:00 [INF] Executed handler method OnGetAsync, returned result .
2024-11-04 13:56:12.070 +01:00 [INF] Executing an implicit handler method - ModelState is "Valid"
2024-11-04 13:56:12.070 +01:00 [INF] Executed an implicit handler method, returned result Microsoft.AspNetCore.Mvc.RazorPages.PageResult.
2024-11-04 13:56:12.075 +01:00 [INF] Executed page /Account/Login in 6.097ms
2024-11-04 13:56:12.075 +01:00 [INF] Executed endpoint '/Account/Login'
2024-11-04 13:56:12.075 +01:00 [INF] Request finished HTTP/1.1 GET http://localhost:5017/Identity/Account/Login - 200 null text/html; charset=utf-8 8.2262ms
2024-11-04 13:56:12.102 +01:00 [INF] Request starting HTTP/1.1 GET http://localhost:5017/css/Login.css - null null
2024-11-04 13:56:12.103 +01:00 [INF] The file /css/Login.css was not modified
2024-11-04 13:56:12.103 +01:00 [INF] Request starting HTTP/1.1 GET http://localhost:5017/lib/jquery-validation/dist/jquery.validate.min.js - null null
2024-11-04 13:56:12.104 +01:00 [INF] Request finished HTTP/1.1 GET http://localhost:5017/css/Login.css - 304 null text/css 1.1929ms
2024-11-04 13:56:12.104 +01:00 [INF] Identity.Application was not authenticated. Failure message: Unprotect ticket failed
2024-11-04 13:56:12.104 +01:00 [INF] Request finished HTTP/1.1 GET http://localhost:5017/lib/jquery-validation/dist/jquery.validate.min.js - 404 0 null 1.0623ms
2024-11-04 13:56:12.105 +01:00 [INF] Request reached the end of the middleware pipeline without being handled by application code. Request path: GET http://localhost:5017/lib/jquery-validation/dist/jquery.validate.min.js, Response status code: 404
2024-11-04 13:56:12.118 +01:00 [INF] Request starting HTTP/1.1 GET http://localhost:5017/lib/jquery-validation-unobtrusive/jquery.validate.unobtrusive.min.js - null null
2024-11-04 13:56:12.119 +01:00 [INF] Identity.Application was not authenticated. Failure message: Unprotect ticket failed
2024-11-04 13:56:12.119 +01:00 [INF] Request finished HTTP/1.1 GET http://localhost:5017/lib/jquery-validation-unobtrusive/jquery.validate.unobtrusive.min.js - 404 0 null 0.8488ms
2024-11-04 13:56:12.119 +01:00 [INF] Request reached the end of the middleware pipeline without being handled by application code. Request path: GET http://localhost:5017/lib/jquery-validation-unobtrusive/jquery.validate.unobtrusive.min.js, Response status code: 404
2024-11-04 13:56:14.347 +01:00 [INF] Request starting HTTP/1.1 GET http://localhost:5017/ - null null
2024-11-04 13:56:14.348 +01:00 [INF] Identity.Application was not authenticated. Failure message: Unprotect ticket failed
2024-11-04 13:56:14.348 +01:00 [INF] Executing endpoint 'MyShop.Controllers.HomeController.Index (MyShop)'
2024-11-04 13:56:14.348 +01:00 [INF] Route matched with {action = "Index", controller = "Home", page = "", area = ""}. Executing controller action with signature Microsoft.AspNetCore.Mvc.IActionResult Index() on controller MyShop.Controllers.HomeController (MyShop).
2024-11-04 13:56:14.349 +01:00 [INF] Executing ViewResult, running view Index.
2024-11-04 13:56:14.351 +01:00 [INF] Executed ViewResult - view Index executed in 1.7002ms.
2024-11-04 13:56:14.351 +01:00 [INF] Executed action MyShop.Controllers.HomeController.Index (MyShop) in 1.947ms
2024-11-04 13:56:14.351 +01:00 [INF] Executed endpoint 'MyShop.Controllers.HomeController.Index (MyShop)'
2024-11-04 13:56:14.351 +01:00 [INF] Request finished HTTP/1.1 GET http://localhost:5017/ - 200 null text/html; charset=utf-8 3.8416ms
2024-11-04 13:56:15.847 +01:00 [INF] Request starting HTTP/1.1 GET http://localhost:5017/Identity/Account/Login - null null
2024-11-04 13:56:15.848 +01:00 [INF] Identity.Application was not authenticated. Failure message: Unprotect ticket failed
2024-11-04 13:56:15.848 +01:00 [INF] Executing endpoint '/Account/Login'
2024-11-04 13:56:15.848 +01:00 [INF] Route matched with {page = "/Account/Login", area = "Identity", action = "", controller = ""}. Executing page /Account/Login
2024-11-04 13:56:15.849 +01:00 [INF] Executing handler method MyShop.Areas.Identity.Pages.Account.LoginModel.OnGetAsync - ModelState is "Valid"
2024-11-04 13:56:15.849 +01:00 [INF] AuthenticationScheme: Identity.External signed out.
2024-11-04 13:56:15.849 +01:00 [INF] Executed handler method OnGetAsync, returned result .
2024-11-04 13:56:15.849 +01:00 [INF] Executing an implicit handler method - ModelState is "Valid"
2024-11-04 13:56:15.849 +01:00 [INF] Executed an implicit handler method, returned result Microsoft.AspNetCore.Mvc.RazorPages.PageResult.
2024-11-04 13:56:15.851 +01:00 [INF] Executed page /Account/Login in 2.9891ms
2024-11-04 13:56:15.851 +01:00 [INF] Executed endpoint '/Account/Login'
2024-11-04 13:56:15.852 +01:00 [INF] Request finished HTTP/1.1 GET http://localhost:5017/Identity/Account/Login - 200 null text/html; charset=utf-8 4.2773ms
2024-11-04 13:56:15.881 +01:00 [INF] Request starting HTTP/1.1 GET http://localhost:5017/css/Login.css - null null
2024-11-04 13:56:15.881 +01:00 [INF] Request starting HTTP/1.1 GET http://localhost:5017/lib/jquery-validation/dist/jquery.validate.min.js - null null
2024-11-04 13:56:15.881 +01:00 [INF] The file /css/Login.css was not modified
2024-11-04 13:56:15.882 +01:00 [INF] Request finished HTTP/1.1 GET http://localhost:5017/css/Login.css - 304 null text/css 0.4812ms
2024-11-04 13:56:15.882 +01:00 [INF] Identity.Application was not authenticated. Failure message: Unprotect ticket failed
2024-11-04 13:56:15.882 +01:00 [INF] Request finished HTTP/1.1 GET http://localhost:5017/lib/jquery-validation/dist/jquery.validate.min.js - 404 0 null 0.5907ms
2024-11-04 13:56:15.882 +01:00 [INF] Request reached the end of the middleware pipeline without being handled by application code. Request path: GET http://localhost:5017/lib/jquery-validation/dist/jquery.validate.min.js, Response status code: 404
2024-11-04 13:56:15.895 +01:00 [INF] Request starting HTTP/1.1 GET http://localhost:5017/lib/jquery-validation-unobtrusive/jquery.validate.unobtrusive.min.js - null null
2024-11-04 13:56:15.896 +01:00 [INF] Identity.Application was not authenticated. Failure message: Unprotect ticket failed
2024-11-04 13:56:15.896 +01:00 [INF] Request finished HTTP/1.1 GET http://localhost:5017/lib/jquery-validation-unobtrusive/jquery.validate.unobtrusive.min.js - 404 0 null 0.7441ms
2024-11-04 13:56:15.896 +01:00 [INF] Request reached the end of the middleware pipeline without being handled by application code. Request path: GET http://localhost:5017/lib/jquery-validation-unobtrusive/jquery.validate.unobtrusive.min.js, Response status code: 404
2024-11-04 13:56:18.126 +01:00 [INF] Request starting HTTP/1.1 GET http://localhost:5017/ - null null
2024-11-04 13:56:18.127 +01:00 [INF] Identity.Application was not authenticated. Failure message: Unprotect ticket failed
2024-11-04 13:56:18.127 +01:00 [INF] Executing endpoint 'MyShop.Controllers.HomeController.Index (MyShop)'
2024-11-04 13:56:18.127 +01:00 [INF] Route matched with {action = "Index", controller = "Home", page = "", area = ""}. Executing controller action with signature Microsoft.AspNetCore.Mvc.IActionResult Index() on controller MyShop.Controllers.HomeController (MyShop).
2024-11-04 13:56:18.127 +01:00 [INF] Executing ViewResult, running view Index.
2024-11-04 13:56:18.128 +01:00 [INF] Executed ViewResult - view Index executed in 1.3823ms.
2024-11-04 13:56:18.128 +01:00 [INF] Executed action MyShop.Controllers.HomeController.Index (MyShop) in 1.5559ms
2024-11-04 13:56:18.128 +01:00 [INF] Executed endpoint 'MyShop.Controllers.HomeController.Index (MyShop)'
2024-11-04 13:56:18.129 +01:00 [INF] Request finished HTTP/1.1 GET http://localhost:5017/ - 200 null text/html; charset=utf-8 2.4248ms
2024-11-04 13:56:19.193 +01:00 [INF] Request starting HTTP/1.1 GET http://localhost:5017/Identity/Account/Login - null null
2024-11-04 13:56:19.194 +01:00 [INF] Identity.Application was not authenticated. Failure message: Unprotect ticket failed
2024-11-04 13:56:19.194 +01:00 [INF] Executing endpoint '/Account/Login'
2024-11-04 13:56:19.194 +01:00 [INF] Route matched with {page = "/Account/Login", area = "Identity", action = "", controller = ""}. Executing page /Account/Login
2024-11-04 13:56:19.195 +01:00 [INF] Executing handler method MyShop.Areas.Identity.Pages.Account.LoginModel.OnGetAsync - ModelState is "Valid"
2024-11-04 13:56:19.195 +01:00 [INF] AuthenticationScheme: Identity.External signed out.
2024-11-04 13:56:19.195 +01:00 [INF] Executed handler method OnGetAsync, returned result .
2024-11-04 13:56:19.195 +01:00 [INF] Executing an implicit handler method - ModelState is "Valid"
2024-11-04 13:56:19.196 +01:00 [INF] Executed an implicit handler method, returned result Microsoft.AspNetCore.Mvc.RazorPages.PageResult.
2024-11-04 13:56:19.198 +01:00 [INF] Executed page /Account/Login in 3.4573ms
2024-11-04 13:56:19.198 +01:00 [INF] Executed endpoint '/Account/Login'
2024-11-04 13:56:19.198 +01:00 [INF] Request finished HTTP/1.1 GET http://localhost:5017/Identity/Account/Login - 200 null text/html; charset=utf-8 5.0148ms
2024-11-04 13:56:19.223 +01:00 [INF] Request starting HTTP/1.1 GET http://localhost:5017/css/Login.css - null null
2024-11-04 13:56:19.223 +01:00 [INF] The file /css/Login.css was not modified
2024-11-04 13:56:19.224 +01:00 [INF] Request finished HTTP/1.1 GET http://localhost:5017/css/Login.css - 304 null text/css 0.619ms
2024-11-04 13:56:19.224 +01:00 [INF] Request starting HTTP/1.1 GET http://localhost:5017/lib/jquery-validation/dist/jquery.validate.min.js - null null
2024-11-04 13:56:19.225 +01:00 [INF] Identity.Application was not authenticated. Failure message: Unprotect ticket failed
2024-11-04 13:56:19.225 +01:00 [INF] Request finished HTTP/1.1 GET http://localhost:5017/lib/jquery-validation/dist/jquery.validate.min.js - 404 0 null 1.0292ms
2024-11-04 13:56:19.225 +01:00 [INF] Request reached the end of the middleware pipeline without being handled by application code. Request path: GET http://localhost:5017/lib/jquery-validation/dist/jquery.validate.min.js, Response status code: 404
2024-11-04 13:56:19.237 +01:00 [INF] Request starting HTTP/1.1 GET http://localhost:5017/lib/jquery-validation-unobtrusive/jquery.validate.unobtrusive.min.js - null null
2024-11-04 13:56:19.237 +01:00 [INF] Identity.Application was not authenticated. Failure message: Unprotect ticket failed
2024-11-04 13:56:19.238 +01:00 [INF] Request finished HTTP/1.1 GET http://localhost:5017/lib/jquery-validation-unobtrusive/jquery.validate.unobtrusive.min.js - 404 0 null 1.2162ms
2024-11-04 13:56:19.238 +01:00 [INF] Request reached the end of the middleware pipeline without being handled by application code. Request path: GET http://localhost:5017/lib/jquery-validation-unobtrusive/jquery.validate.unobtrusive.min.js, Response status code: 404
2024-11-04 13:56:20.445 +01:00 [INF] Request starting HTTP/1.1 GET http://localhost:5017/Identity/Account/Login - null null
2024-11-04 13:56:20.446 +01:00 [INF] Identity.Application was not authenticated. Failure message: Unprotect ticket failed
2024-11-04 13:56:20.446 +01:00 [INF] Executing endpoint '/Account/Login'
2024-11-04 13:56:20.446 +01:00 [INF] Route matched with {page = "/Account/Login", area = "Identity", action = "", controller = ""}. Executing page /Account/Login
2024-11-04 13:56:20.447 +01:00 [INF] Executing handler method MyShop.Areas.Identity.Pages.Account.LoginModel.OnGetAsync - ModelState is "Valid"
2024-11-04 13:56:20.447 +01:00 [INF] AuthenticationScheme: Identity.External signed out.
2024-11-04 13:56:20.447 +01:00 [INF] Executed handler method OnGetAsync, returned result .
2024-11-04 13:56:20.447 +01:00 [INF] Executing an implicit handler method - ModelState is "Valid"
2024-11-04 13:56:20.447 +01:00 [INF] Executed an implicit handler method, returned result Microsoft.AspNetCore.Mvc.RazorPages.PageResult.
2024-11-04 13:56:20.450 +01:00 [INF] Executed page /Account/Login in 3.6248ms
2024-11-04 13:56:20.450 +01:00 [INF] Executed endpoint '/Account/Login'
2024-11-04 13:56:20.450 +01:00 [INF] Request finished HTTP/1.1 GET http://localhost:5017/Identity/Account/Login - 200 null text/html; charset=utf-8 5.7926ms
2024-11-04 13:56:20.473 +01:00 [INF] Request starting HTTP/1.1 GET http://localhost:5017/lib/jquery-validation/dist/jquery.validate.min.js - null null
2024-11-04 13:56:20.473 +01:00 [INF] Request starting HTTP/1.1 GET http://localhost:5017/lib/jquery-validation-unobtrusive/jquery.validate.unobtrusive.min.js - null null
2024-11-04 13:56:20.473 +01:00 [INF] Identity.Application was not authenticated. Failure message: Unprotect ticket failed
2024-11-04 13:56:20.473 +01:00 [INF] Identity.Application was not authenticated. Failure message: Unprotect ticket failed
2024-11-04 13:56:20.473 +01:00 [INF] Request finished HTTP/1.1 GET http://localhost:5017/lib/jquery-validation-unobtrusive/jquery.validate.unobtrusive.min.js - 404 0 null 0.5228ms
2024-11-04 13:56:20.473 +01:00 [INF] Request finished HTTP/1.1 GET http://localhost:5017/lib/jquery-validation/dist/jquery.validate.min.js - 404 0 null 0.5907ms
2024-11-04 13:56:20.473 +01:00 [INF] Request reached the end of the middleware pipeline without being handled by application code. Request path: GET http://localhost:5017/lib/jquery-validation-unobtrusive/jquery.validate.unobtrusive.min.js, Response status code: 404
2024-11-04 13:56:20.473 +01:00 [INF] Request reached the end of the middleware pipeline without being handled by application code. Request path: GET http://localhost:5017/lib/jquery-validation/dist/jquery.validate.min.js, Response status code: 404
2024-11-04 13:56:21.344 +01:00 [INF] Request starting HTTP/1.1 GET http://localhost:5017/Customer/Table - null null
2024-11-04 13:56:21.346 +01:00 [INF] Identity.Application was not authenticated. Failure message: Unprotect ticket failed
2024-11-04 13:56:21.346 +01:00 [INF] Executing endpoint 'MyShop.Controllers.CustomerController.Table (MyShop)'
2024-11-04 13:56:21.354 +01:00 [INF] Route matched with {action = "Table", controller = "Customer", page = "", area = ""}. Executing controller action with signature System.Threading.Tasks.Task`1[Microsoft.AspNetCore.Mvc.IActionResult] Table() on controller MyShop.Controllers.CustomerController (MyShop).
2024-11-04 13:56:21.629 +01:00 [INF] Executing ViewResult, running view Table.
2024-11-04 13:56:21.787 +01:00 [INF] Executed ViewResult - view Table executed in 159.3888ms.
2024-11-04 13:56:21.788 +01:00 [INF] Executed action MyShop.Controllers.CustomerController.Table (MyShop) in 433.8501ms
2024-11-04 13:56:21.788 +01:00 [INF] Executed endpoint 'MyShop.Controllers.CustomerController.Table (MyShop)'
2024-11-04 13:56:21.792 +01:00 [INF] Request finished HTTP/1.1 GET http://localhost:5017/Customer/Table - 200 null text/html; charset=utf-8 448.2753ms
2024-11-04 13:56:23.351 +01:00 [INF] Request starting HTTP/1.1 GET http://localhost:5017/Identity/Account/Register - null null
2024-11-04 13:56:23.351 +01:00 [INF] Identity.Application was not authenticated. Failure message: Unprotect ticket failed
2024-11-04 13:56:23.351 +01:00 [INF] Executing endpoint '/Account/Register'
2024-11-04 13:56:23.351 +01:00 [INF] Route matched with {page = "/Account/Register", area = "Identity", action = "", controller = ""}. Executing page /Account/Register
2024-11-04 13:56:23.353 +01:00 [INF] Executing handler method MyShop.Areas.Identity.Pages.Account.RegisterModel.OnGetAsync - ModelState is "Valid"
2024-11-04 13:56:23.353 +01:00 [INF] Executed handler method OnGetAsync, returned result .
2024-11-04 13:56:23.353 +01:00 [INF] Executing an implicit handler method - ModelState is "Valid"
2024-11-04 13:56:23.353 +01:00 [INF] Executed an implicit handler method, returned result Microsoft.AspNetCore.Mvc.RazorPages.PageResult.
2024-11-04 13:56:23.356 +01:00 [INF] Executed page /Account/Register in 4.8679ms
2024-11-04 13:56:23.356 +01:00 [INF] Executed endpoint '/Account/Register'
2024-11-04 13:56:23.356 +01:00 [INF] Request finished HTTP/1.1 GET http://localhost:5017/Identity/Account/Register - 200 null text/html; charset=utf-8 5.5778ms
2024-11-04 13:56:23.385 +01:00 [INF] Request starting HTTP/1.1 GET http://localhost:5017/lib/jquery-validation/dist/jquery.validate.min.js - null null
2024-11-04 13:56:23.386 +01:00 [INF] Request starting HTTP/1.1 GET http://localhost:5017/lib/jquery-validation-unobtrusive/jquery.validate.unobtrusive.min.js - null null
2024-11-04 13:56:23.386 +01:00 [INF] Identity.Application was not authenticated. Failure message: Unprotect ticket failed
2024-11-04 13:56:23.386 +01:00 [INF] Identity.Application was not authenticated. Failure message: Unprotect ticket failed
2024-11-04 13:56:23.386 +01:00 [INF] Request finished HTTP/1.1 GET http://localhost:5017/lib/jquery-validation-unobtrusive/jquery.validate.unobtrusive.min.js - 404 0 null 0.7218ms
2024-11-04 13:56:23.386 +01:00 [INF] Request finished HTTP/1.1 GET http://localhost:5017/lib/jquery-validation/dist/jquery.validate.min.js - 404 0 null 1.4456ms
2024-11-04 13:56:23.386 +01:00 [INF] Request reached the end of the middleware pipeline without being handled by application code. Request path: GET http://localhost:5017/lib/jquery-validation-unobtrusive/jquery.validate.unobtrusive.min.js, Response status code: 404
2024-11-04 13:56:23.386 +01:00 [INF] Request reached the end of the middleware pipeline without being handled by application code. Request path: GET http://localhost:5017/lib/jquery-validation/dist/jquery.validate.min.js, Response status code: 404
2024-11-04 13:56:24.511 +01:00 [INF] Request starting HTTP/1.1 GET http://localhost:5017/Identity/Account/Login - null null
2024-11-04 13:56:24.512 +01:00 [INF] Identity.Application was not authenticated. Failure message: Unprotect ticket failed
2024-11-04 13:56:24.512 +01:00 [INF] Executing endpoint '/Account/Login'
2024-11-04 13:56:24.512 +01:00 [INF] Route matched with {page = "/Account/Login", area = "Identity", action = "", controller = ""}. Executing page /Account/Login
2024-11-04 13:56:24.512 +01:00 [INF] Executing handler method MyShop.Areas.Identity.Pages.Account.LoginModel.OnGetAsync - ModelState is "Valid"
2024-11-04 13:56:24.512 +01:00 [INF] AuthenticationScheme: Identity.External signed out.
2024-11-04 13:56:24.512 +01:00 [INF] Executed handler method OnGetAsync, returned result .
2024-11-04 13:56:24.512 +01:00 [INF] Executing an implicit handler method - ModelState is "Valid"
2024-11-04 13:56:24.512 +01:00 [INF] Executed an implicit handler method, returned result Microsoft.AspNetCore.Mvc.RazorPages.PageResult.
2024-11-04 13:56:24.514 +01:00 [INF] Executed page /Account/Login in 2.5397ms
2024-11-04 13:56:24.514 +01:00 [INF] Executed endpoint '/Account/Login'
2024-11-04 13:56:24.515 +01:00 [INF] Request finished HTTP/1.1 GET http://localhost:5017/Identity/Account/Login - 200 null text/html; charset=utf-8 3.648ms
2024-11-04 13:56:24.537 +01:00 [INF] Request starting HTTP/1.1 GET http://localhost:5017/css/Login.css - null null
2024-11-04 13:56:24.537 +01:00 [INF] Request starting HTTP/1.1 GET http://localhost:5017/lib/jquery-validation/dist/jquery.validate.min.js - null null
2024-11-04 13:56:24.537 +01:00 [INF] The file /css/Login.css was not modified
2024-11-04 13:56:24.537 +01:00 [INF] Request finished HTTP/1.1 GET http://localhost:5017/css/Login.css - 304 null text/css 0.4022ms
2024-11-04 13:56:24.537 +01:00 [INF] Identity.Application was not authenticated. Failure message: Unprotect ticket failed
2024-11-04 13:56:24.537 +01:00 [INF] Request finished HTTP/1.1 GET http://localhost:5017/lib/jquery-validation/dist/jquery.validate.min.js - 404 0 null 0.4694ms
2024-11-04 13:56:24.538 +01:00 [INF] Request reached the end of the middleware pipeline without being handled by application code. Request path: GET http://localhost:5017/lib/jquery-validation/dist/jquery.validate.min.js, Response status code: 404
2024-11-04 13:56:24.556 +01:00 [INF] Request starting HTTP/1.1 GET http://localhost:5017/lib/jquery-validation-unobtrusive/jquery.validate.unobtrusive.min.js - null null
2024-11-04 13:56:24.557 +01:00 [INF] Identity.Application was not authenticated. Failure message: Unprotect ticket failed
2024-11-04 13:56:24.557 +01:00 [INF] Request finished HTTP/1.1 GET http://localhost:5017/lib/jquery-validation-unobtrusive/jquery.validate.unobtrusive.min.js - 404 0 null 0.8111ms
2024-11-04 13:56:24.557 +01:00 [INF] Request reached the end of the middleware pipeline without being handled by application code. Request path: GET http://localhost:5017/lib/jquery-validation-unobtrusive/jquery.validate.unobtrusive.min.js, Response status code: 404
2024-11-04 13:56:26.244 +01:00 [INF] Request starting HTTP/1.1 GET http://localhost:5017/ - null null
2024-11-04 13:56:26.245 +01:00 [INF] Identity.Application was not authenticated. Failure message: Unprotect ticket failed
2024-11-04 13:56:26.245 +01:00 [INF] Executing endpoint 'MyShop.Controllers.HomeController.Index (MyShop)'
2024-11-04 13:56:26.245 +01:00 [INF] Route matched with {action = "Index", controller = "Home", page = "", area = ""}. Executing controller action with signature Microsoft.AspNetCore.Mvc.IActionResult Index() on controller MyShop.Controllers.HomeController (MyShop).
2024-11-04 13:56:26.245 +01:00 [INF] Executing ViewResult, running view Index.
2024-11-04 13:56:26.247 +01:00 [INF] Executed ViewResult - view Index executed in 1.3566ms.
2024-11-04 13:56:26.247 +01:00 [INF] Executed action MyShop.Controllers.HomeController.Index (MyShop) in 1.8422ms
2024-11-04 13:56:26.247 +01:00 [INF] Executed endpoint 'MyShop.Controllers.HomeController.Index (MyShop)'
2024-11-04 13:56:26.247 +01:00 [INF] Request finished HTTP/1.1 GET http://localhost:5017/ - 200 null text/html; charset=utf-8 2.6521ms
2024-11-04 13:56:28.798 +01:00 [INF] Request starting HTTP/1.1 GET http://localhost:5017/ - null null
2024-11-04 13:56:28.798 +01:00 [INF] Identity.Application was not authenticated. Failure message: Unprotect ticket failed
2024-11-04 13:56:28.798 +01:00 [INF] Executing endpoint 'MyShop.Controllers.HomeController.Index (MyShop)'
2024-11-04 13:56:28.799 +01:00 [INF] Route matched with {action = "Index", controller = "Home", page = "", area = ""}. Executing controller action with signature Microsoft.AspNetCore.Mvc.IActionResult Index() on controller MyShop.Controllers.HomeController (MyShop).
2024-11-04 13:56:28.799 +01:00 [INF] Executing ViewResult, running view Index.
2024-11-04 13:56:28.800 +01:00 [INF] Executed ViewResult - view Index executed in 1.0972ms.
2024-11-04 13:56:28.800 +01:00 [INF] Executed action MyShop.Controllers.HomeController.Index (MyShop) in 1.4506ms
2024-11-04 13:56:28.800 +01:00 [INF] Executed endpoint 'MyShop.Controllers.HomeController.Index (MyShop)'
2024-11-04 13:56:28.801 +01:00 [INF] Request finished HTTP/1.1 GET http://localhost:5017/ - 200 null text/html; charset=utf-8 2.7721ms
