2024-10-22 15:57:23.664 +02:00 [INF] User profile is available. Using 'C:\Users\Hadle\AppData\Local\ASP.NET\DataProtection-Keys' as key repository and Windows DPAPI to encrypt keys at rest.
2024-10-22 15:57:23.840 +02:00 [INF] Now listening on: http://localhost:5017
2024-10-22 15:57:23.843 +02:00 [INF] Application started. Press Ctrl+C to shut down.
2024-10-22 15:57:23.844 +02:00 [INF] Hosting environment: Development
2024-10-22 15:57:23.844 +02:00 [INF] Content root path: C:\ITPE3200\ITPE3200_Exam_project-main\ITPE3200_Exam_project-main\ITPE3200_Exam_project
2024-10-22 15:57:25.579 +02:00 [INF] Request starting HTTP/1.1 GET http://localhost:5017/ - null null
2024-10-22 15:57:25.618 +02:00 [INF] Executing endpoint 'MyShop.Controllers.HomeController.Index (MyShop)'
2024-10-22 15:57:25.629 +02:00 [INF] Route matched with {action = "Index", controller = "Home", page = "", area = ""}. Executing controller action with signature Microsoft.AspNetCore.Mvc.IActionResult Index() on controller MyShop.Controllers.HomeController (MyShop).
2024-10-22 15:57:25.637 +02:00 [INF] Executing ViewResult, running view Index.
2024-10-22 15:57:25.712 +02:00 [INF] Executed ViewResult - view Index executed in 77.214ms.
2024-10-22 15:57:25.714 +02:00 [INF] Executed action MyShop.Controllers.HomeController.Index (MyShop) in 84.0846ms
2024-10-22 15:57:25.714 +02:00 [INF] Executed endpoint 'MyShop.Controllers.HomeController.Index (MyShop)'
2024-10-22 15:57:25.717 +02:00 [INF] Request finished HTTP/1.1 GET http://localhost:5017/ - 200 null text/html; charset=utf-8 139.7578ms
2024-10-22 15:57:26.909 +02:00 [INF] Request starting HTTP/1.1 GET http://localhost:5017/Item/Grid - null null
2024-10-22 15:57:26.913 +02:00 [INF] Executing endpoint 'MyShop.Controllers.ItemController.Grid (MyShop)'
2024-10-22 15:57:26.920 +02:00 [INF] Route matched with {action = "Grid", controller = "Item", page = "", area = ""}. Executing controller action with signature System.Threading.Tasks.Task`1[Microsoft.AspNetCore.Mvc.IActionResult] Grid() on controller MyShop.Controllers.ItemController (MyShop).
2024-10-22 15:57:27.070 +02:00 [INF] Executing ViewResult, running view Grid.
2024-10-22 15:57:27.081 +02:00 [INF] Executed ViewResult - view Grid executed in 12.4453ms.
2024-10-22 15:57:27.082 +02:00 [INF] Executed action MyShop.Controllers.ItemController.Grid (MyShop) in 161.8811ms
2024-10-22 15:57:27.082 +02:00 [INF] Executed endpoint 'MyShop.Controllers.ItemController.Grid (MyShop)'
2024-10-22 15:57:27.087 +02:00 [INF] Request finished HTTP/1.1 GET http://localhost:5017/Item/Grid - 200 null text/html; charset=utf-8 178.0729ms
2024-10-22 15:57:30.383 +02:00 [INF] Request starting HTTP/1.1 GET http://localhost:5017/Item/Table - null null
2024-10-22 15:57:30.388 +02:00 [INF] Executing endpoint 'MyShop.Controllers.ItemController.Table (MyShop)'
2024-10-22 15:57:30.392 +02:00 [INF] Route matched with {action = "Table", controller = "Item", page = "", area = ""}. Executing controller action with signature System.Threading.Tasks.Task`1[Microsoft.AspNetCore.Mvc.IActionResult] Table() on controller MyShop.Controllers.ItemController (MyShop).
2024-10-22 15:57:30.450 +02:00 [INF] Executing ViewResult, running view Table.
2024-10-22 15:57:30.473 +02:00 [INF] Executed ViewResult - view Table executed in 23.271ms.
2024-10-22 15:57:30.473 +02:00 [INF] Executed action MyShop.Controllers.ItemController.Table (MyShop) in 80.9669ms
2024-10-22 15:57:30.473 +02:00 [INF] Executed endpoint 'MyShop.Controllers.ItemController.Table (MyShop)'
2024-10-22 15:57:30.473 +02:00 [INF] Request finished HTTP/1.1 GET http://localhost:5017/Item/Table - 200 null text/html; charset=utf-8 89.9172ms
2024-10-22 15:58:11.269 +02:00 [INF] Application is shutting down...
