2024-11-04 12:43:46.161 +01:00 [INF] User profile is available. Using 'C:\Users\Hadle\AppData\Local\ASP.NET\DataProtection-Keys' as key repository and Windows DPAPI to encrypt keys at rest.
2024-11-04 12:43:46.296 +01:00 [INF] Now listening on: http://localhost:5017
2024-11-04 12:43:46.299 +01:00 [INF] Application started. Press Ctrl+C to shut down.
2024-11-04 12:43:46.300 +01:00 [INF] Hosting environment: Development
2024-11-04 12:43:46.300 +01:00 [INF] Content root path: C:\ITPE3200\ITPE3200_Exam_project-main\ITPE3200_Exam_project-main\ITPE3200_Exam_project
2024-11-04 12:43:47.854 +01:00 [INF] Request starting HTTP/1.1 GET http://localhost:5017/ - null null
2024-11-04 12:43:47.907 +01:00 [INF] Executing endpoint 'MyShop.Controllers.HomeController.Index (MyShop)'
2024-11-04 12:43:47.916 +01:00 [INF] Route matched with {action = "Index", controller = "Home", page = "", area = ""}. Executing controller action with signature Microsoft.AspNetCore.Mvc.IActionResult Index() on controller MyShop.Controllers.HomeController (MyShop).
2024-11-04 12:43:47.923 +01:00 [INF] Executing ViewResult, running view Index.
2024-11-04 12:43:47.983 +01:00 [INF] Executed ViewResult - view Index executed in 60.6005ms.
2024-11-04 12:43:47.984 +01:00 [INF] Executed action MyShop.Controllers.HomeController.Index (MyShop) in 67.7809ms
2024-11-04 12:43:47.984 +01:00 [INF] Executed endpoint 'MyShop.Controllers.HomeController.Index (MyShop)'
2024-11-04 12:43:47.987 +01:00 [INF] Request finished HTTP/1.1 GET http://localhost:5017/ - 200 null text/html; charset=utf-8 135.5843ms
2024-11-04 12:43:51.355 +01:00 [INF] Request starting HTTP/1.1 GET http://localhost:5017/?page=%2FFood%2FCreate - null null
2024-11-04 12:43:51.359 +01:00 [INF] Executing endpoint 'MyShop.Controllers.HomeController.Index (MyShop)'
2024-11-04 12:43:51.359 +01:00 [INF] Route matched with {action = "Index", controller = "Home", page = "", area = ""}. Executing controller action with signature Microsoft.AspNetCore.Mvc.IActionResult Index() on controller MyShop.Controllers.HomeController (MyShop).
2024-11-04 12:43:51.360 +01:00 [INF] Executing ViewResult, running view Index.
2024-11-04 12:43:51.365 +01:00 [INF] Executed ViewResult - view Index executed in 5.4692ms.
2024-11-04 12:43:51.365 +01:00 [INF] Executed action MyShop.Controllers.HomeController.Index (MyShop) in 5.957ms
2024-11-04 12:43:51.365 +01:00 [INF] Executed endpoint 'MyShop.Controllers.HomeController.Index (MyShop)'
2024-11-04 12:43:51.365 +01:00 [INF] Request finished HTTP/1.1 GET http://localhost:5017/?page=%2FFood%2FCreate - 200 null text/html; charset=utf-8 10.7489ms
2024-11-04 12:43:52.519 +01:00 [INF] Request starting HTTP/1.1 GET http://localhost:5017/?page=%2FFood%2FCreate - null null
2024-11-04 12:43:52.529 +01:00 [INF] Executing endpoint 'MyShop.Controllers.HomeController.Index (MyShop)'
2024-11-04 12:43:52.530 +01:00 [INF] Route matched with {action = "Index", controller = "Home", page = "", area = ""}. Executing controller action with signature Microsoft.AspNetCore.Mvc.IActionResult Index() on controller MyShop.Controllers.HomeController (MyShop).
2024-11-04 12:43:52.530 +01:00 [INF] Executing ViewResult, running view Index.
2024-11-04 12:43:52.531 +01:00 [INF] Executed ViewResult - view Index executed in 1.1026ms.
2024-11-04 12:43:52.531 +01:00 [INF] Executed action MyShop.Controllers.HomeController.Index (MyShop) in 1.2694ms
2024-11-04 12:43:52.531 +01:00 [INF] Executed endpoint 'MyShop.Controllers.HomeController.Index (MyShop)'
2024-11-04 12:43:52.531 +01:00 [INF] Request finished HTTP/1.1 GET http://localhost:5017/?page=%2FFood%2FCreate - 200 null text/html; charset=utf-8 11.7584ms
2024-11-04 12:44:00.334 +01:00 [INF] Request starting HTTP/1.1 GET http://localhost:5017/ - null null
2024-11-04 12:44:00.335 +01:00 [INF] Executing endpoint 'MyShop.Controllers.HomeController.Index (MyShop)'
2024-11-04 12:44:00.335 +01:00 [INF] Route matched with {action = "Index", controller = "Home", page = "", area = ""}. Executing controller action with signature Microsoft.AspNetCore.Mvc.IActionResult Index() on controller MyShop.Controllers.HomeController (MyShop).
2024-11-04 12:44:00.336 +01:00 [INF] Executing ViewResult, running view Index.
2024-11-04 12:44:00.338 +01:00 [INF] Executed ViewResult - view Index executed in 1.8772ms.
2024-11-04 12:44:00.338 +01:00 [INF] Executed action MyShop.Controllers.HomeController.Index (MyShop) in 2.2958ms
2024-11-04 12:44:00.338 +01:00 [INF] Executed endpoint 'MyShop.Controllers.HomeController.Index (MyShop)'
2024-11-04 12:44:00.338 +01:00 [INF] Request finished HTTP/1.1 GET http://localhost:5017/ - 200 null text/html; charset=utf-8 3.9794ms
2024-11-04 12:44:01.612 +01:00 [INF] Request starting HTTP/1.1 GET http://localhost:5017/?page=%2FFood%2FCreate - null null
2024-11-04 12:44:01.613 +01:00 [INF] Executing endpoint 'MyShop.Controllers.HomeController.Index (MyShop)'
2024-11-04 12:44:01.613 +01:00 [INF] Route matched with {action = "Index", controller = "Home", page = "", area = ""}. Executing controller action with signature Microsoft.AspNetCore.Mvc.IActionResult Index() on controller MyShop.Controllers.HomeController (MyShop).
2024-11-04 12:44:01.613 +01:00 [INF] Executing ViewResult, running view Index.
2024-11-04 12:44:01.614 +01:00 [INF] Executed ViewResult - view Index executed in 0.941ms.
2024-11-04 12:44:01.614 +01:00 [INF] Executed action MyShop.Controllers.HomeController.Index (MyShop) in 1.0726ms
2024-11-04 12:44:01.614 +01:00 [INF] Executed endpoint 'MyShop.Controllers.HomeController.Index (MyShop)'
2024-11-04 12:44:01.614 +01:00 [INF] Request finished HTTP/1.1 GET http://localhost:5017/?page=%2FFood%2FCreate - 200 null text/html; charset=utf-8 2.0528ms
2024-11-04 12:44:01.944 +01:00 [INF] Request starting HTTP/1.1 GET http://localhost:5017/?page=%2FFood%2FCreate - null null
2024-11-04 12:44:01.944 +01:00 [INF] Executing endpoint 'MyShop.Controllers.HomeController.Index (MyShop)'
2024-11-04 12:44:01.945 +01:00 [INF] Route matched with {action = "Index", controller = "Home", page = "", area = ""}. Executing controller action with signature Microsoft.AspNetCore.Mvc.IActionResult Index() on controller MyShop.Controllers.HomeController (MyShop).
2024-11-04 12:44:01.945 +01:00 [INF] Executing ViewResult, running view Index.
2024-11-04 12:44:01.946 +01:00 [INF] Executed ViewResult - view Index executed in 1.3176ms.
2024-11-04 12:44:01.946 +01:00 [INF] Executed action MyShop.Controllers.HomeController.Index (MyShop) in 1.4479ms
2024-11-04 12:44:01.946 +01:00 [INF] Executed endpoint 'MyShop.Controllers.HomeController.Index (MyShop)'
2024-11-04 12:44:01.946 +01:00 [INF] Request finished HTTP/1.1 GET http://localhost:5017/?page=%2FFood%2FCreate - 200 null text/html; charset=utf-8 2.491ms
2024-11-04 12:44:02.561 +01:00 [INF] Request starting HTTP/1.1 GET http://localhost:5017/?page=%2FFood%2FCreate - null null
2024-11-04 12:44:02.561 +01:00 [INF] Executing endpoint 'MyShop.Controllers.HomeController.Index (MyShop)'
2024-11-04 12:44:02.561 +01:00 [INF] Route matched with {action = "Index", controller = "Home", page = "", area = ""}. Executing controller action with signature Microsoft.AspNetCore.Mvc.IActionResult Index() on controller MyShop.Controllers.HomeController (MyShop).
2024-11-04 12:44:02.562 +01:00 [INF] Executing ViewResult, running view Index.
2024-11-04 12:44:02.562 +01:00 [INF] Executed ViewResult - view Index executed in 0.697ms.
2024-11-04 12:44:02.562 +01:00 [INF] Executed action MyShop.Controllers.HomeController.Index (MyShop) in 0.8178ms
2024-11-04 12:44:02.562 +01:00 [INF] Executed endpoint 'MyShop.Controllers.HomeController.Index (MyShop)'
2024-11-04 12:44:02.562 +01:00 [INF] Request finished HTTP/1.1 GET http://localhost:5017/?page=%2FFood%2FCreate - 200 null text/html; charset=utf-8 1.6142ms
2024-11-04 12:44:03.820 +01:00 [INF] Request starting HTTP/1.1 GET http://localhost:5017/?page=%2FFood%2FCreate - null null
2024-11-04 12:44:03.821 +01:00 [INF] Executing endpoint 'MyShop.Controllers.HomeController.Index (MyShop)'
2024-11-04 12:44:03.821 +01:00 [INF] Route matched with {action = "Index", controller = "Home", page = "", area = ""}. Executing controller action with signature Microsoft.AspNetCore.Mvc.IActionResult Index() on controller MyShop.Controllers.HomeController (MyShop).
2024-11-04 12:44:03.821 +01:00 [INF] Executing ViewResult, running view Index.
2024-11-04 12:44:03.822 +01:00 [INF] Executed ViewResult - view Index executed in 0.734ms.
2024-11-04 12:44:03.822 +01:00 [INF] Executed action MyShop.Controllers.HomeController.Index (MyShop) in 0.9566ms
2024-11-04 12:44:03.822 +01:00 [INF] Executed endpoint 'MyShop.Controllers.HomeController.Index (MyShop)'
2024-11-04 12:44:03.822 +01:00 [INF] Request finished HTTP/1.1 GET http://localhost:5017/?page=%2FFood%2FCreate - 200 null text/html; charset=utf-8 1.9331ms
2024-11-04 12:44:08.039 +01:00 [INF] Request starting HTTP/1.1 GET http://localhost:5017/ - null null
2024-11-04 12:44:08.039 +01:00 [INF] Executing endpoint 'MyShop.Controllers.HomeController.Index (MyShop)'
2024-11-04 12:44:08.039 +01:00 [INF] Route matched with {action = "Index", controller = "Home", page = "", area = ""}. Executing controller action with signature Microsoft.AspNetCore.Mvc.IActionResult Index() on controller MyShop.Controllers.HomeController (MyShop).
2024-11-04 12:44:08.040 +01:00 [INF] Executing ViewResult, running view Index.
2024-11-04 12:44:08.040 +01:00 [INF] Executed ViewResult - view Index executed in 0.8115ms.
2024-11-04 12:44:08.040 +01:00 [INF] Executed action MyShop.Controllers.HomeController.Index (MyShop) in 0.9426ms
2024-11-04 12:44:08.040 +01:00 [INF] Executed endpoint 'MyShop.Controllers.HomeController.Index (MyShop)'
2024-11-04 12:44:08.041 +01:00 [INF] Request finished HTTP/1.1 GET http://localhost:5017/ - 200 null text/html; charset=utf-8 1.8498ms
2024-11-04 12:44:09.232 +01:00 [INF] Request starting HTTP/1.1 GET http://localhost:5017/ - null null
2024-11-04 12:44:09.233 +01:00 [INF] Executing endpoint 'MyShop.Controllers.HomeController.Index (MyShop)'
2024-11-04 12:44:09.233 +01:00 [INF] Route matched with {action = "Index", controller = "Home", page = "", area = ""}. Executing controller action with signature Microsoft.AspNetCore.Mvc.IActionResult Index() on controller MyShop.Controllers.HomeController (MyShop).
2024-11-04 12:44:09.233 +01:00 [INF] Executing ViewResult, running view Index.
2024-11-04 12:44:09.234 +01:00 [INF] Executed ViewResult - view Index executed in 0.7266ms.
2024-11-04 12:44:09.234 +01:00 [INF] Executed action MyShop.Controllers.HomeController.Index (MyShop) in 0.8453ms
2024-11-04 12:44:09.234 +01:00 [INF] Executed endpoint 'MyShop.Controllers.HomeController.Index (MyShop)'
2024-11-04 12:44:09.234 +01:00 [INF] Request finished HTTP/1.1 GET http://localhost:5017/ - 200 null text/html; charset=utf-8 1.5739ms
2024-11-04 12:44:10.385 +01:00 [INF] Request starting HTTP/1.1 GET http://localhost:5017/Item/Grid - null null
2024-11-04 12:44:10.386 +01:00 [INF] Executing endpoint 'MyShop.Controllers.ItemController.Grid (MyShop)'
2024-11-04 12:44:10.390 +01:00 [INF] Route matched with {action = "Grid", controller = "Item", page = "", area = ""}. Executing controller action with signature System.Threading.Tasks.Task`1[Microsoft.AspNetCore.Mvc.IActionResult] Grid() on controller MyShop.Controllers.ItemController (MyShop).
2024-11-04 12:44:10.491 +01:00 [INF] Executing ViewResult, running view Grid.
2024-11-04 12:44:10.494 +01:00 [INF] Executed ViewResult - view Grid executed in 4.1909ms.
2024-11-04 12:44:10.494 +01:00 [INF] Executed action MyShop.Controllers.ItemController.Grid (MyShop) in 103.9335ms
2024-11-04 12:44:10.494 +01:00 [INF] Executed endpoint 'MyShop.Controllers.ItemController.Grid (MyShop)'
2024-11-04 12:44:10.497 +01:00 [INF] Request finished HTTP/1.1 GET http://localhost:5017/Item/Grid - 200 null text/html; charset=utf-8 112.5597ms
2024-11-04 12:44:11.880 +01:00 [INF] Request starting HTTP/1.1 GET http://localhost:5017/Item/Table - null null
2024-11-04 12:44:11.881 +01:00 [INF] Executing endpoint 'MyShop.Controllers.ItemController.Table (MyShop)'
2024-11-04 12:44:11.884 +01:00 [INF] Route matched with {action = "Table", controller = "Item", page = "", area = ""}. Executing controller action with signature System.Threading.Tasks.Task`1[Microsoft.AspNetCore.Mvc.IActionResult] Table() on controller MyShop.Controllers.ItemController (MyShop).
2024-11-04 12:44:11.925 +01:00 [INF] Executing ViewResult, running view Table.
2024-11-04 12:44:11.932 +01:00 [INF] Executed ViewResult - view Table executed in 7.9623ms.
2024-11-04 12:44:11.932 +01:00 [INF] Executed action MyShop.Controllers.ItemController.Table (MyShop) in 47.6015ms
2024-11-04 12:44:11.932 +01:00 [INF] Executed endpoint 'MyShop.Controllers.ItemController.Table (MyShop)'
2024-11-04 12:44:11.932 +01:00 [INF] Request finished HTTP/1.1 GET http://localhost:5017/Item/Table - 200 null text/html; charset=utf-8 52.6391ms
2024-11-04 12:44:13.551 +01:00 [INF] Request starting HTTP/1.1 GET http://localhost:5017/Item/Details/1 - null null
2024-11-04 12:44:13.551 +01:00 [INF] Executing endpoint 'MyShop.Controllers.ItemController.Details (MyShop)'
2024-11-04 12:44:13.558 +01:00 [INF] Route matched with {action = "Details", controller = "Item", page = "", area = ""}. Executing controller action with signature System.Threading.Tasks.Task`1[Microsoft.AspNetCore.Mvc.IActionResult] Details(Int32) on controller MyShop.Controllers.ItemController (MyShop).
2024-11-04 12:44:13.599 +01:00 [INF] Executing ViewResult, running view Details.
2024-11-04 12:44:13.601 +01:00 [INF] Executed ViewResult - view Details executed in 2.8656ms.
2024-11-04 12:44:13.601 +01:00 [INF] Executed action MyShop.Controllers.ItemController.Details (MyShop) in 43.3667ms
2024-11-04 12:44:13.601 +01:00 [INF] Executed endpoint 'MyShop.Controllers.ItemController.Details (MyShop)'
2024-11-04 12:44:13.601 +01:00 [INF] Request finished HTTP/1.1 GET http://localhost:5017/Item/Details/1 - 200 null text/html; charset=utf-8 50.5395ms
2024-11-04 12:44:14.777 +01:00 [INF] Request starting HTTP/1.1 GET http://localhost:5017/ - null null
2024-11-04 12:44:14.777 +01:00 [INF] Executing endpoint 'MyShop.Controllers.HomeController.Index (MyShop)'
2024-11-04 12:44:14.777 +01:00 [INF] Route matched with {action = "Index", controller = "Home", page = "", area = ""}. Executing controller action with signature Microsoft.AspNetCore.Mvc.IActionResult Index() on controller MyShop.Controllers.HomeController (MyShop).
2024-11-04 12:44:14.778 +01:00 [INF] Executing ViewResult, running view Index.
2024-11-04 12:44:14.778 +01:00 [INF] Executed ViewResult - view Index executed in 0.7131ms.
2024-11-04 12:44:14.778 +01:00 [INF] Executed action MyShop.Controllers.HomeController.Index (MyShop) in 0.8249ms
2024-11-04 12:44:14.778 +01:00 [INF] Executed endpoint 'MyShop.Controllers.HomeController.Index (MyShop)'
2024-11-04 12:44:14.778 +01:00 [INF] Request finished HTTP/1.1 GET http://localhost:5017/ - 200 null text/html; charset=utf-8 1.6351ms
2024-11-04 12:44:15.931 +01:00 [INF] Request starting HTTP/1.1 GET http://localhost:5017/Item/Grid - null null
2024-11-04 12:44:15.931 +01:00 [INF] Executing endpoint 'MyShop.Controllers.ItemController.Grid (MyShop)'
2024-11-04 12:44:15.931 +01:00 [INF] Route matched with {action = "Grid", controller = "Item", page = "", area = ""}. Executing controller action with signature System.Threading.Tasks.Task`1[Microsoft.AspNetCore.Mvc.IActionResult] Grid() on controller MyShop.Controllers.ItemController (MyShop).
2024-11-04 12:44:15.933 +01:00 [INF] Executing ViewResult, running view Grid.
2024-11-04 12:44:15.934 +01:00 [INF] Executed ViewResult - view Grid executed in 1.5426ms.
2024-11-04 12:44:15.934 +01:00 [INF] Executed action MyShop.Controllers.ItemController.Grid (MyShop) in 2.9349ms
2024-11-04 12:44:15.934 +01:00 [INF] Executed endpoint 'MyShop.Controllers.ItemController.Grid (MyShop)'
2024-11-04 12:44:15.934 +01:00 [INF] Request finished HTTP/1.1 GET http://localhost:5017/Item/Grid - 200 null text/html; charset=utf-8 3.7614ms
2024-11-04 12:44:18.086 +01:00 [INF] Request starting HTTP/1.1 GET http://localhost:5017/Item/Table - null null
2024-11-04 12:44:18.087 +01:00 [INF] Executing endpoint 'MyShop.Controllers.ItemController.Table (MyShop)'
2024-11-04 12:44:18.087 +01:00 [INF] Route matched with {action = "Table", controller = "Item", page = "", area = ""}. Executing controller action with signature System.Threading.Tasks.Task`1[Microsoft.AspNetCore.Mvc.IActionResult] Table() on controller MyShop.Controllers.ItemController (MyShop).
2024-11-04 12:44:18.088 +01:00 [INF] Executing ViewResult, running view Table.
2024-11-04 12:44:18.090 +01:00 [INF] Executed ViewResult - view Table executed in 1.2381ms.
2024-11-04 12:44:18.090 +01:00 [INF] Executed action MyShop.Controllers.ItemController.Table (MyShop) in 2.5629ms
2024-11-04 12:44:18.090 +01:00 [INF] Executed endpoint 'MyShop.Controllers.ItemController.Table (MyShop)'
2024-11-04 12:44:18.090 +01:00 [INF] Request finished HTTP/1.1 GET http://localhost:5017/Item/Table - 200 null text/html; charset=utf-8 3.468ms
2024-11-04 12:44:18.934 +01:00 [INF] Request starting HTTP/1.1 GET http://localhost:5017/Item/Create - null null
2024-11-04 12:44:18.941 +01:00 [INF] Executing endpoint 'MyShop.Controllers.ItemController.Create (MyShop)'
2024-11-04 12:44:18.942 +01:00 [INF] Route matched with {action = "Create", controller = "Item", page = "", area = ""}. Executing controller action with signature Microsoft.AspNetCore.Mvc.IActionResult Create() on controller MyShop.Controllers.ItemController (MyShop).
2024-11-04 12:44:18.942 +01:00 [INF] Executing ViewResult, running view Create.
2024-11-04 12:44:18.977 +01:00 [INF] Executed ViewResult - view Create executed in 35.0472ms.
2024-11-04 12:44:18.977 +01:00 [INF] Executed action MyShop.Controllers.ItemController.Create (MyShop) in 35.2867ms
2024-11-04 12:44:18.977 +01:00 [INF] Executed endpoint 'MyShop.Controllers.ItemController.Create (MyShop)'
2024-11-04 12:44:18.977 +01:00 [INF] Request finished HTTP/1.1 GET http://localhost:5017/Item/Create - 200 null text/html; charset=utf-8 43.3071ms
2024-11-04 12:44:30.384 +01:00 [INF] Application is shutting down...
