2024-10-18 13:16:52.280 +02:00 [INF] User profile is available. Using 'C:\Users\Hadle\AppData\Local\ASP.NET\DataProtection-Keys' as key repository and Windows DPAPI to encrypt keys at rest.
2024-10-18 13:16:52.330 +02:00 [INF] Now listening on: http://localhost:5017
2024-10-18 13:16:52.332 +02:00 [INF] Application started. Press Ctrl+C to shut down.
2024-10-18 13:16:52.333 +02:00 [INF] Hosting environment: Development
2024-10-18 13:16:52.333 +02:00 [INF] Content root path: C:\Users\Hadle\Downloads\ITPE3200\ITPE3200_Exam_project
2024-10-18 13:16:53.886 +02:00 [INF] Request starting HTTP/1.1 GET http://localhost:5017/ - null null
2024-10-18 13:16:53.911 +02:00 [INF] Executing endpoint 'MyShop.Controllers.HomeController.Index (MyShop)'
2024-10-18 13:16:53.918 +02:00 [INF] Route matched with {action = "Index", controller = "Home"}. Executing controller action with signature Microsoft.AspNetCore.Mvc.IActionResult Index() on controller MyShop.Controllers.HomeController (MyShop).
2024-10-18 13:16:53.928 +02:00 [INF] Executing ViewResult, running view Index.
2024-10-18 13:16:53.972 +02:00 [INF] Executed ViewResult - view Index executed in 44.8463ms.
2024-10-18 13:16:53.974 +02:00 [INF] Executed action MyShop.Controllers.HomeController.Index (MyShop) in 54.9591ms
2024-10-18 13:16:53.974 +02:00 [INF] Executed endpoint 'MyShop.Controllers.HomeController.Index (MyShop)'
2024-10-18 13:16:53.976 +02:00 [INF] Request finished HTTP/1.1 GET http://localhost:5017/ - 200 null text/html; charset=utf-8 90.8693ms
2024-10-18 13:20:45.946 +02:00 [INF] Request starting HTTP/1.1 GET http://localhost:5017/ - null null
2024-10-18 13:20:45.947 +02:00 [INF] Executing endpoint 'MyShop.Controllers.HomeController.Index (MyShop)'
2024-10-18 13:20:45.948 +02:00 [INF] Route matched with {action = "Index", controller = "Home"}. Executing controller action with signature Microsoft.AspNetCore.Mvc.IActionResult Index() on controller MyShop.Controllers.HomeController (MyShop).
2024-10-18 13:20:45.949 +02:00 [INF] Executing ViewResult, running view Index.
2024-10-18 13:20:45.953 +02:00 [INF] Executed ViewResult - view Index executed in 4.7657ms.
2024-10-18 13:20:45.953 +02:00 [INF] Executed action MyShop.Controllers.HomeController.Index (MyShop) in 5.4366ms
2024-10-18 13:20:45.953 +02:00 [INF] Executed endpoint 'MyShop.Controllers.HomeController.Index (MyShop)'
2024-10-18 13:20:45.954 +02:00 [INF] Request finished HTTP/1.1 GET http://localhost:5017/ - 200 null text/html; charset=utf-8 7.4432ms
2024-10-18 13:20:45.969 +02:00 [INF] Request starting HTTP/1.1 GET http://localhost:5017/images/healthy.jpg - null null
2024-10-18 13:20:45.977 +02:00 [INF] The file /images/healthy.jpg was not modified
2024-10-18 13:20:45.978 +02:00 [INF] Request finished HTTP/1.1 GET http://localhost:5017/images/healthy.jpg - 304 null image/jpeg 8.356ms
