2024-10-18 13:08:42.833 +02:00 [INF] User profile is available. Using 'C:\Users\Hadle\AppData\Local\ASP.NET\DataProtection-Keys' as key repository and Windows DPAPI to encrypt keys at rest.
2024-10-18 13:08:42.882 +02:00 [INF] Now listening on: http://localhost:5017
2024-10-18 13:08:42.885 +02:00 [INF] Application started. Press Ctrl+C to shut down.
2024-10-18 13:08:42.885 +02:00 [INF] Hosting environment: Development
2024-10-18 13:08:42.885 +02:00 [INF] Content root path: C:\Users\Hadle\Downloads\ITPE3200\ITPE3200_Exam_project
2024-10-18 13:08:44.379 +02:00 [INF] Request starting HTTP/1.1 GET http://localhost:5017/ - null null
2024-10-18 13:08:44.404 +02:00 [INF] Executing endpoint 'MyShop.Controllers.HomeController.Index (MyShop)'
2024-10-18 13:08:44.413 +02:00 [INF] Route matched with {action = "Index", controller = "Home"}. Executing controller action with signature Microsoft.AspNetCore.Mvc.IActionResult Index() on controller MyShop.Controllers.HomeController (MyShop).
2024-10-18 13:08:44.422 +02:00 [INF] Executing ViewResult, running view Index.
2024-10-18 13:08:44.461 +02:00 [INF] Executed ViewResult - view Index executed in 39.3099ms.
2024-10-18 13:08:44.462 +02:00 [INF] Executed action MyShop.Controllers.HomeController.Index (MyShop) in 49.1245ms
2024-10-18 13:08:44.462 +02:00 [INF] Executed endpoint 'MyShop.Controllers.HomeController.Index (MyShop)'
2024-10-18 13:08:44.464 +02:00 [INF] Request finished HTTP/1.1 GET http://localhost:5017/ - 200 null text/html; charset=utf-8 86.976ms
2024-10-18 13:08:44.479 +02:00 [INF] Request starting HTTP/1.1 GET http://localhost:5017/your-image.jpg - null null
2024-10-18 13:08:44.482 +02:00 [INF] Request finished HTTP/1.1 GET http://localhost:5017/your-image.jpg - 404 0 null 3.1617ms
2024-10-18 13:08:44.483 +02:00 [INF] Request reached the end of the middleware pipeline without being handled by application code. Request path: GET http://localhost:5017/your-image.jpg, Response status code: 404
2024-10-18 13:09:14.077 +02:00 [INF] Request starting HTTP/1.1 GET http://localhost:5017/ - null null
2024-10-18 13:09:14.078 +02:00 [INF] Executing endpoint 'MyShop.Controllers.HomeController.Index (MyShop)'
2024-10-18 13:09:14.079 +02:00 [INF] Route matched with {action = "Index", controller = "Home"}. Executing controller action with signature Microsoft.AspNetCore.Mvc.IActionResult Index() on controller MyShop.Controllers.HomeController (MyShop).
2024-10-18 13:09:14.079 +02:00 [INF] Executing ViewResult, running view Index.
2024-10-18 13:09:14.082 +02:00 [INF] Executed ViewResult - view Index executed in 2.8379ms.
2024-10-18 13:09:14.082 +02:00 [INF] Executed action MyShop.Controllers.HomeController.Index (MyShop) in 3.2415ms
2024-10-18 13:09:14.082 +02:00 [INF] Executed endpoint 'MyShop.Controllers.HomeController.Index (MyShop)'
2024-10-18 13:09:14.082 +02:00 [INF] Request finished HTTP/1.1 GET http://localhost:5017/ - 200 null text/html; charset=utf-8 4.7573ms
2024-10-18 13:09:14.101 +02:00 [INF] Request starting HTTP/1.1 GET http://localhost:5017/your-image.jpg - null null
2024-10-18 13:09:14.102 +02:00 [INF] Request finished HTTP/1.1 GET http://localhost:5017/your-image.jpg - 404 0 null 1.2699ms
2024-10-18 13:09:14.102 +02:00 [INF] Request reached the end of the middleware pipeline without being handled by application code. Request path: GET http://localhost:5017/your-image.jpg, Response status code: 404
2024-10-18 13:09:15.768 +02:00 [INF] Request starting HTTP/1.1 GET http://localhost:5017/ - null null
2024-10-18 13:09:15.768 +02:00 [INF] Executing endpoint 'MyShop.Controllers.HomeController.Index (MyShop)'
2024-10-18 13:09:15.768 +02:00 [INF] Route matched with {action = "Index", controller = "Home"}. Executing controller action with signature Microsoft.AspNetCore.Mvc.IActionResult Index() on controller MyShop.Controllers.HomeController (MyShop).
2024-10-18 13:09:15.768 +02:00 [INF] Executing ViewResult, running view Index.
2024-10-18 13:09:15.769 +02:00 [INF] Executed ViewResult - view Index executed in 0.8586ms.
2024-10-18 13:09:15.769 +02:00 [INF] Executed action MyShop.Controllers.HomeController.Index (MyShop) in 0.9995ms
2024-10-18 13:09:15.769 +02:00 [INF] Executed endpoint 'MyShop.Controllers.HomeController.Index (MyShop)'
2024-10-18 13:09:15.770 +02:00 [INF] Request finished HTTP/1.1 GET http://localhost:5017/ - 200 null text/html; charset=utf-8 1.7201ms
2024-10-18 13:09:15.785 +02:00 [INF] Request starting HTTP/1.1 GET http://localhost:5017/your-image.jpg - null null
2024-10-18 13:09:15.786 +02:00 [INF] Request finished HTTP/1.1 GET http://localhost:5017/your-image.jpg - 404 0 null 0.4043ms
2024-10-18 13:09:15.786 +02:00 [INF] Request reached the end of the middleware pipeline without being handled by application code. Request path: GET http://localhost:5017/your-image.jpg, Response status code: 404
2024-10-18 13:09:18.598 +02:00 [INF] Application is shutting down...
