2024-10-22 14:10:54.153 +02:00 [INF] User profile is available. Using 'C:\Users\jovan\AppData\Local\ASP.NET\DataProtection-Keys' as key repository and Windows DPAPI to encrypt keys at rest.
2024-10-22 14:10:54.287 +02:00 [INF] Now listening on: http://localhost:5017
2024-10-22 14:10:54.291 +02:00 [INF] Application started. Press Ctrl+C to shut down.
2024-10-22 14:10:54.291 +02:00 [INF] Hosting environment: Development
2024-10-22 14:10:54.291 +02:00 [INF] Content root path: C:\TestMappe\ITPE3200_Exam_project
2024-10-22 14:10:55.765 +02:00 [INF] Request starting HTTP/1.1 GET http://localhost:5017/ - null null
2024-10-22 14:10:55.797 +02:00 [INF] Executing endpoint 'MyShop.Controllers.HomeController.Index (MyShop)'
2024-10-22 14:10:55.807 +02:00 [INF] Route matched with {action = "Index", controller = "Home", page = "", area = ""}. Executing controller action with signature Microsoft.AspNetCore.Mvc.IActionResult Index() on controller MyShop.Controllers.HomeController (MyShop).
2024-10-22 14:10:55.812 +02:00 [INF] Executing ViewResult, running view Index.
2024-10-22 14:10:55.882 +02:00 [INF] Executed ViewResult - view Index executed in 70.0921ms.
2024-10-22 14:10:55.884 +02:00 [INF] Executed action MyShop.Controllers.HomeController.Index (MyShop) in 76.8628ms
2024-10-22 14:10:55.884 +02:00 [INF] Executed endpoint 'MyShop.Controllers.HomeController.Index (MyShop)'
2024-10-22 14:10:55.890 +02:00 [INF] Request finished HTTP/1.1 GET http://localhost:5017/ - 200 null text/html; charset=utf-8 126.1422ms
2024-10-22 14:10:55.905 +02:00 [INF] Request starting HTTP/1.1 GET http://localhost:5017/images/salad.png - null null
2024-10-22 14:10:55.906 +02:00 [INF] Request starting HTTP/1.1 GET http://localhost:5017/images/nøkkelhull.png - null null
2024-10-22 14:10:55.913 +02:00 [INF] The file /images/salad.png was not modified
2024-10-22 14:10:55.913 +02:00 [INF] The file /images/nøkkelhull.png was not modified
2024-10-22 14:10:55.914 +02:00 [INF] Request finished HTTP/1.1 GET http://localhost:5017/images/salad.png - 304 null image/png 8.4881ms
2024-10-22 14:10:55.914 +02:00 [INF] Request finished HTTP/1.1 GET http://localhost:5017/images/nøkkelhull.png - 304 null image/png 8.0612ms
2024-10-22 14:10:56.099 +02:00 [INF] Request starting HTTP/1.1 GET http://localhost:5017/images/family.jpg - null null
2024-10-22 14:10:56.100 +02:00 [INF] The file /images/family.jpg was not modified
2024-10-22 14:10:56.100 +02:00 [INF] Request finished HTTP/1.1 GET http://localhost:5017/images/family.jpg - 304 null image/jpeg 1.3104ms
2024-10-22 14:10:57.516 +02:00 [INF] Request starting HTTP/1.1 GET http://localhost:5017/ - null null
2024-10-22 14:10:57.518 +02:00 [INF] Executing endpoint 'MyShop.Controllers.HomeController.Index (MyShop)'
2024-10-22 14:10:57.519 +02:00 [INF] Route matched with {action = "Index", controller = "Home", page = "", area = ""}. Executing controller action with signature Microsoft.AspNetCore.Mvc.IActionResult Index() on controller MyShop.Controllers.HomeController (MyShop).
2024-10-22 14:10:57.519 +02:00 [INF] Executing ViewResult, running view Index.
2024-10-22 14:10:57.526 +02:00 [INF] Executed ViewResult - view Index executed in 6.933ms.
2024-10-22 14:10:57.526 +02:00 [INF] Executed action MyShop.Controllers.HomeController.Index (MyShop) in 7.5053ms
2024-10-22 14:10:57.526 +02:00 [INF] Executed endpoint 'MyShop.Controllers.HomeController.Index (MyShop)'
2024-10-22 14:10:57.527 +02:00 [INF] Request finished HTTP/1.1 GET http://localhost:5017/ - 200 null text/html; charset=utf-8 10.1136ms
2024-10-22 14:10:58.273 +02:00 [INF] Request starting HTTP/1.1 GET http://localhost:5017/Item/Table - null null
2024-10-22 14:10:58.275 +02:00 [INF] Executing endpoint 'MyShop.Controllers.ItemController.Table (MyShop)'
2024-10-22 14:10:58.279 +02:00 [INF] Route matched with {action = "Table", controller = "Item", page = "", area = ""}. Executing controller action with signature System.Threading.Tasks.Task`1[Microsoft.AspNetCore.Mvc.IActionResult] Table() on controller MyShop.Controllers.ItemController (MyShop).
2024-10-22 14:10:58.383 +02:00 [INF] Executing ViewResult, running view Table.
2024-10-22 14:10:58.403 +02:00 [INF] Executed ViewResult - view Table executed in 20.9598ms.
2024-10-22 14:10:58.403 +02:00 [INF] Executed action MyShop.Controllers.ItemController.Table (MyShop) in 123.8357ms
2024-10-22 14:10:58.403 +02:00 [INF] Executed endpoint 'MyShop.Controllers.ItemController.Table (MyShop)'
2024-10-22 14:10:58.407 +02:00 [INF] Request finished HTTP/1.1 GET http://localhost:5017/Item/Table - 200 null text/html; charset=utf-8 134.5537ms
2024-10-22 14:10:59.421 +02:00 [INF] Request starting HTTP/1.1 GET http://localhost:5017/Customer/Table - null null
2024-10-22 14:10:59.422 +02:00 [INF] Executing endpoint 'MyShop.Controllers.CustomerController.Table (MyShop)'
2024-10-22 14:10:59.425 +02:00 [INF] Route matched with {action = "Table", controller = "Customer", page = "", area = ""}. Executing controller action with signature System.Threading.Tasks.Task`1[Microsoft.AspNetCore.Mvc.IActionResult] Table() on controller MyShop.Controllers.CustomerController (MyShop).
2024-10-22 14:10:59.472 +02:00 [INF] Executing ViewResult, running view Table.
2024-10-22 14:10:59.529 +02:00 [INF] Executed ViewResult - view Table executed in 57.5167ms.
2024-10-22 14:10:59.529 +02:00 [INF] Executed action MyShop.Controllers.CustomerController.Table (MyShop) in 103.6785ms
2024-10-22 14:10:59.529 +02:00 [INF] Executed endpoint 'MyShop.Controllers.CustomerController.Table (MyShop)'
2024-10-22 14:10:59.529 +02:00 [INF] Request finished HTTP/1.1 GET http://localhost:5017/Customer/Table - 200 null text/html; charset=utf-8 108.3914ms
2024-10-22 14:11:00.882 +02:00 [INF] Request starting HTTP/1.1 GET http://localhost:5017/Identity/Account/Register - null null
2024-10-22 14:11:00.882 +02:00 [INF] Executing endpoint '/Account/Register'
2024-10-22 14:11:00.922 +02:00 [INF] Route matched with {page = "/Account/Register", area = "Identity", action = "", controller = ""}. Executing page /Account/Register
2024-10-22 14:11:00.952 +02:00 [INF] Executing handler method MyShop.Areas.Identity.Pages.Account.RegisterModel.OnGetAsync - ModelState is "Valid"
2024-10-22 14:11:00.957 +02:00 [INF] Executed handler method OnGetAsync, returned result .
2024-10-22 14:11:00.963 +02:00 [INF] Executing an implicit handler method - ModelState is "Valid"
2024-10-22 14:11:00.963 +02:00 [INF] Executed an implicit handler method, returned result Microsoft.AspNetCore.Mvc.RazorPages.PageResult.
2024-10-22 14:11:01.045 +02:00 [INF] Executed page /Account/Register in 121.9121ms
2024-10-22 14:11:01.045 +02:00 [INF] Executed endpoint '/Account/Register'
2024-10-22 14:11:01.045 +02:00 [INF] Request finished HTTP/1.1 GET http://localhost:5017/Identity/Account/Register - 200 null text/html; charset=utf-8 163.494ms
2024-10-22 14:11:01.066 +02:00 [INF] Request starting HTTP/1.1 GET http://localhost:5017/lib/jquery-validation/dist/jquery.validate.min.js - null null
2024-10-22 14:11:01.066 +02:00 [INF] Request starting HTTP/1.1 GET http://localhost:5017/lib/jquery-validation-unobtrusive/jquery.validate.unobtrusive.min.js - null null
2024-10-22 14:11:01.067 +02:00 [INF] Request finished HTTP/1.1 GET http://localhost:5017/lib/jquery-validation/dist/jquery.validate.min.js - 404 0 null 0.9276ms
2024-10-22 14:11:01.067 +02:00 [INF] Request finished HTTP/1.1 GET http://localhost:5017/lib/jquery-validation-unobtrusive/jquery.validate.unobtrusive.min.js - 404 0 null 0.702ms
2024-10-22 14:11:01.068 +02:00 [INF] Request reached the end of the middleware pipeline without being handled by application code. Request path: GET http://localhost:5017/lib/jquery-validation-unobtrusive/jquery.validate.unobtrusive.min.js, Response status code: 404
2024-10-22 14:11:01.068 +02:00 [INF] Request reached the end of the middleware pipeline without being handled by application code. Request path: GET http://localhost:5017/lib/jquery-validation/dist/jquery.validate.min.js, Response status code: 404
2024-10-22 14:11:02.562 +02:00 [INF] Request starting HTTP/1.1 GET http://localhost:5017/Identity/Account/Login - null null
2024-10-22 14:11:02.568 +02:00 [INF] Executing endpoint '/Account/Login'
2024-10-22 14:11:02.578 +02:00 [INF] Route matched with {page = "/Account/Login", area = "Identity", action = "", controller = ""}. Executing page /Account/Login
2024-10-22 14:11:02.582 +02:00 [INF] Executing handler method MyShop.Areas.Identity.Pages.Account.LoginModel.OnGetAsync - ModelState is "Valid"
2024-10-22 14:11:02.590 +02:00 [INF] AuthenticationScheme: Identity.External signed out.
2024-10-22 14:11:02.591 +02:00 [INF] Executed handler method OnGetAsync, returned result .
2024-10-22 14:11:02.591 +02:00 [INF] Executing an implicit handler method - ModelState is "Valid"
2024-10-22 14:11:02.591 +02:00 [INF] Executed an implicit handler method, returned result Microsoft.AspNetCore.Mvc.RazorPages.PageResult.
2024-10-22 14:11:02.634 +02:00 [INF] Executed page /Account/Login in 56.4129ms
2024-10-22 14:11:02.635 +02:00 [INF] Executed endpoint '/Account/Login'
2024-10-22 14:11:02.635 +02:00 [INF] Request finished HTTP/1.1 GET http://localhost:5017/Identity/Account/Login - 200 null text/html; charset=utf-8 72.9056ms
2024-10-22 14:11:02.653 +02:00 [INF] Request starting HTTP/1.1 GET http://localhost:5017/lib/jquery-validation/dist/jquery.validate.min.js - null null
2024-10-22 14:11:02.653 +02:00 [INF] Request starting HTTP/1.1 GET http://localhost:5017/lib/jquery-validation-unobtrusive/jquery.validate.unobtrusive.min.js - null null
2024-10-22 14:11:02.654 +02:00 [INF] Request finished HTTP/1.1 GET http://localhost:5017/lib/jquery-validation-unobtrusive/jquery.validate.unobtrusive.min.js - 404 0 null 1.0977ms
2024-10-22 14:11:02.654 +02:00 [INF] Request finished HTTP/1.1 GET http://localhost:5017/lib/jquery-validation/dist/jquery.validate.min.js - 404 0 null 1.3172ms
2024-10-22 14:11:02.654 +02:00 [INF] Request reached the end of the middleware pipeline without being handled by application code. Request path: GET http://localhost:5017/lib/jquery-validation-unobtrusive/jquery.validate.unobtrusive.min.js, Response status code: 404
2024-10-22 14:11:02.654 +02:00 [INF] Request reached the end of the middleware pipeline without being handled by application code. Request path: GET http://localhost:5017/lib/jquery-validation/dist/jquery.validate.min.js, Response status code: 404
