2024-10-22 14:53:32.621 +02:00 [INF] User profile is available. Using 'C:\Users\Hadle\AppData\Local\ASP.NET\DataProtection-Keys' as key repository and Windows DPAPI to encrypt keys at rest.
2024-10-22 14:53:32.779 +02:00 [INF] Now listening on: http://localhost:5017
2024-10-22 14:53:32.783 +02:00 [INF] Application started. Press Ctrl+C to shut down.
2024-10-22 14:53:32.784 +02:00 [INF] Hosting environment: Development
2024-10-22 14:53:32.784 +02:00 [INF] Content root path: C:\ITPE3200\ITPE3200_Exam_project-main\ITPE3200_Exam_project-main\ITPE3200_Exam_project
2024-10-22 14:53:33.711 +02:00 [INF] Request starting HTTP/1.1 GET http://localhost:5017/ - null null
2024-10-22 14:53:33.754 +02:00 [INF] Executing endpoint 'MyShop.Controllers.HomeController.Index (MyShop)'
2024-10-22 14:53:33.765 +02:00 [INF] Route matched with {action = "Index", controller = "Home", page = "", area = ""}. Executing controller action with signature Microsoft.AspNetCore.Mvc.IActionResult Index() on controller MyShop.Controllers.HomeController (MyShop).
2024-10-22 14:53:33.771 +02:00 [INF] Executing ViewResult, running view Index.
2024-10-22 14:53:33.847 +02:00 [INF] Executed ViewResult - view Index executed in 76.9396ms.
2024-10-22 14:53:33.849 +02:00 [INF] Executed action MyShop.Controllers.HomeController.Index (MyShop) in 83.6928ms
2024-10-22 14:53:33.849 +02:00 [INF] Executed endpoint 'MyShop.Controllers.HomeController.Index (MyShop)'
2024-10-22 14:53:33.852 +02:00 [INF] Request finished HTTP/1.1 GET http://localhost:5017/ - 200 null text/html; charset=utf-8 143.5225ms
2024-10-22 14:53:35.072 +02:00 [INF] Request starting HTTP/1.1 GET http://localhost:5017/Item/Grid - null null
2024-10-22 14:53:35.074 +02:00 [INF] Executing endpoint 'MyShop.Controllers.ItemController.Grid (MyShop)'
2024-10-22 14:53:35.079 +02:00 [INF] Route matched with {action = "Grid", controller = "Item", page = "", area = ""}. Executing controller action with signature System.Threading.Tasks.Task`1[Microsoft.AspNetCore.Mvc.IActionResult] Grid() on controller MyShop.Controllers.ItemController (MyShop).
2024-10-22 14:53:35.184 +02:00 [INF] Executing ViewResult, running view Grid.
2024-10-22 14:53:35.192 +02:00 [INF] Executed ViewResult - view Grid executed in 8.7922ms.
2024-10-22 14:53:35.192 +02:00 [INF] Executed action MyShop.Controllers.ItemController.Grid (MyShop) in 112.7016ms
2024-10-22 14:53:35.192 +02:00 [INF] Executed endpoint 'MyShop.Controllers.ItemController.Grid (MyShop)'
2024-10-22 14:53:35.195 +02:00 [INF] Request finished HTTP/1.1 GET http://localhost:5017/Item/Grid - 200 null text/html; charset=utf-8 123.4589ms
2024-10-22 14:53:36.337 +02:00 [INF] Request starting HTTP/1.1 GET http://localhost:5017/Item/Table - null null
2024-10-22 14:53:36.340 +02:00 [INF] Executing endpoint 'MyShop.Controllers.ItemController.Table (MyShop)'
2024-10-22 14:53:36.343 +02:00 [INF] Route matched with {action = "Table", controller = "Item", page = "", area = ""}. Executing controller action with signature System.Threading.Tasks.Task`1[Microsoft.AspNetCore.Mvc.IActionResult] Table() on controller MyShop.Controllers.ItemController (MyShop).
2024-10-22 14:53:36.384 +02:00 [INF] Executing ViewResult, running view Table.
2024-10-22 14:53:36.400 +02:00 [INF] Executed ViewResult - view Table executed in 16.2706ms.
2024-10-22 14:53:36.400 +02:00 [INF] Executed action MyShop.Controllers.ItemController.Table (MyShop) in 56.6224ms
2024-10-22 14:53:36.400 +02:00 [INF] Executed endpoint 'MyShop.Controllers.ItemController.Table (MyShop)'
2024-10-22 14:53:36.400 +02:00 [INF] Request finished HTTP/1.1 GET http://localhost:5017/Item/Table - 200 null text/html; charset=utf-8 63.2153ms
2024-10-22 14:53:46.388 +02:00 [INF] Application is shutting down...
