2024-11-04 13:41:23.526 +01:00 [INF] User profile is available. Using 'C:\Users\jovan\AppData\Local\ASP.NET\DataProtection-Keys' as key repository and Windows DPAPI to encrypt keys at rest.
2024-11-04 13:41:23.662 +01:00 [INF] Now listening on: http://localhost:5017
2024-11-04 13:41:23.667 +01:00 [INF] Application started. Press Ctrl+C to shut down.
2024-11-04 13:41:23.668 +01:00 [INF] Hosting environment: Development
2024-11-04 13:41:23.668 +01:00 [INF] Content root path: C:\TestMappe\Eksamen\ITPE3200_Exam_project
2024-11-04 13:41:25.757 +01:00 [INF] Request starting HTTP/1.1 GET http://localhost:5017/ - null null
2024-11-04 13:41:25.793 +01:00 [INF] Identity.Application was not authenticated. Failure message: Unprotect ticket failed
2024-11-04 13:41:25.800 +01:00 [INF] Executing endpoint 'MyShop.Controllers.HomeController.Index (MyShop)'
2024-11-04 13:41:25.811 +01:00 [INF] Route matched with {action = "Index", controller = "Home", page = "", area = ""}. Executing controller action with signature Microsoft.AspNetCore.Mvc.IActionResult Index() on controller MyShop.Controllers.HomeController (MyShop).
2024-11-04 13:41:25.820 +01:00 [INF] Executing ViewResult, running view Index.
2024-11-04 13:41:25.897 +01:00 [INF] Executed ViewResult - view Index executed in 79.5667ms.
2024-11-04 13:41:25.899 +01:00 [INF] Executed action MyShop.Controllers.HomeController.Index (MyShop) in 87.7628ms
2024-11-04 13:41:25.899 +01:00 [INF] Executed endpoint 'MyShop.Controllers.HomeController.Index (MyShop)'
2024-11-04 13:41:25.905 +01:00 [INF] Request finished HTTP/1.1 GET http://localhost:5017/ - 200 null text/html; charset=utf-8 149.6662ms
2024-11-04 13:41:25.920 +01:00 [INF] Request starting HTTP/1.1 GET http://localhost:5017/images/logo.png - null null
2024-11-04 13:41:25.924 +01:00 [INF] The file /images/logo.png was not modified
2024-11-04 13:41:25.925 +01:00 [INF] Request finished HTTP/1.1 GET http://localhost:5017/images/logo.png - 304 null image/png 5.1673ms
2024-11-04 13:41:27.899 +01:00 [INF] Request starting HTTP/1.1 GET http://localhost:5017/Identity/Account/Login - null null
2024-11-04 13:41:27.902 +01:00 [INF] Identity.Application was not authenticated. Failure message: Unprotect ticket failed
2024-11-04 13:41:27.902 +01:00 [INF] Executing endpoint '/Account/Login'
2024-11-04 13:41:27.917 +01:00 [INF] Route matched with {page = "/Account/Login", area = "Identity", action = "", controller = ""}. Executing page /Account/Login
2024-11-04 13:41:27.930 +01:00 [INF] Executing handler method MyShop.Areas.Identity.Pages.Account.LoginModel.OnGetAsync - ModelState is "Valid"
2024-11-04 13:41:27.934 +01:00 [INF] AuthenticationScheme: Identity.External signed out.
2024-11-04 13:41:27.935 +01:00 [INF] Executed handler method OnGetAsync, returned result .
2024-11-04 13:41:27.937 +01:00 [INF] Executing an implicit handler method - ModelState is "Valid"
2024-11-04 13:41:27.937 +01:00 [INF] Executed an implicit handler method, returned result Microsoft.AspNetCore.Mvc.RazorPages.PageResult.
2024-11-04 13:41:27.965 +01:00 [INF] Executed page /Account/Login in 48.383ms
2024-11-04 13:41:27.965 +01:00 [INF] Executed endpoint '/Account/Login'
2024-11-04 13:41:27.966 +01:00 [INF] Request finished HTTP/1.1 GET http://localhost:5017/Identity/Account/Login - 200 null text/html; charset=utf-8 66.5011ms
2024-11-04 13:41:27.990 +01:00 [INF] Request starting HTTP/1.1 GET http://localhost:5017/images/SignUp.png - null null
2024-11-04 13:41:27.991 +01:00 [INF] The file /images/SignUp.png was not modified
2024-11-04 13:41:27.991 +01:00 [INF] Request finished HTTP/1.1 GET http://localhost:5017/images/SignUp.png - 304 null image/png 1.2617ms
2024-11-04 13:41:28.043 +01:00 [INF] Request starting HTTP/1.1 GET http://localhost:5017/lib/jquery-validation/dist/jquery.validate.min.js - null null
2024-11-04 13:41:28.045 +01:00 [INF] Identity.Application was not authenticated. Failure message: Unprotect ticket failed
2024-11-04 13:41:28.045 +01:00 [INF] Request finished HTTP/1.1 GET http://localhost:5017/lib/jquery-validation/dist/jquery.validate.min.js - 404 0 null 2.6304ms
2024-11-04 13:41:28.047 +01:00 [INF] Request reached the end of the middleware pipeline without being handled by application code. Request path: GET http://localhost:5017/lib/jquery-validation/dist/jquery.validate.min.js, Response status code: 404
2024-11-04 13:41:28.047 +01:00 [INF] Request starting HTTP/1.1 GET http://localhost:5017/lib/jquery-validation-unobtrusive/jquery.validate.unobtrusive.min.js - null null
2024-11-04 13:41:28.047 +01:00 [INF] Identity.Application was not authenticated. Failure message: Unprotect ticket failed
2024-11-04 13:41:28.048 +01:00 [INF] Request finished HTTP/1.1 GET http://localhost:5017/lib/jquery-validation-unobtrusive/jquery.validate.unobtrusive.min.js - 404 0 null 0.8197ms
2024-11-04 13:41:28.048 +01:00 [INF] Request reached the end of the middleware pipeline without being handled by application code. Request path: GET http://localhost:5017/lib/jquery-validation-unobtrusive/jquery.validate.unobtrusive.min.js, Response status code: 404
2024-11-04 13:41:36.994 +01:00 [INF] Request starting HTTP/1.1 GET http://localhost:5017/Identity/Account/Register - null null
2024-11-04 13:41:37.001 +01:00 [INF] Identity.Application was not authenticated. Failure message: Unprotect ticket failed
2024-11-04 13:41:37.001 +01:00 [INF] Executing endpoint '/Account/Register'
2024-11-04 13:41:37.016 +01:00 [INF] Route matched with {page = "/Account/Register", area = "Identity", action = "", controller = ""}. Executing page /Account/Register
2024-11-04 13:41:37.037 +01:00 [INF] Executing handler method MyShop.Areas.Identity.Pages.Account.RegisterModel.OnGetAsync - ModelState is "Valid"
2024-11-04 13:41:37.038 +01:00 [INF] Executed handler method OnGetAsync, returned result .
2024-11-04 13:41:37.039 +01:00 [INF] Executing an implicit handler method - ModelState is "Valid"
2024-11-04 13:41:37.039 +01:00 [INF] Executed an implicit handler method, returned result Microsoft.AspNetCore.Mvc.RazorPages.PageResult.
2024-11-04 13:41:37.081 +01:00 [INF] Executed page /Account/Register in 64.7845ms
2024-11-04 13:41:37.081 +01:00 [INF] Executed endpoint '/Account/Register'
2024-11-04 13:41:37.082 +01:00 [INF] Request finished HTTP/1.1 GET http://localhost:5017/Identity/Account/Register - 200 null text/html; charset=utf-8 88.1158ms
2024-11-04 13:41:37.100 +01:00 [INF] Request starting HTTP/1.1 GET http://localhost:5017/lib/jquery-validation/dist/jquery.validate.min.js - null null
2024-11-04 13:41:37.101 +01:00 [INF] Identity.Application was not authenticated. Failure message: Unprotect ticket failed
2024-11-04 13:41:37.101 +01:00 [INF] Request finished HTTP/1.1 GET http://localhost:5017/lib/jquery-validation/dist/jquery.validate.min.js - 404 0 null 1.0767ms
2024-11-04 13:41:37.102 +01:00 [INF] Request reached the end of the middleware pipeline without being handled by application code. Request path: GET http://localhost:5017/lib/jquery-validation/dist/jquery.validate.min.js, Response status code: 404
2024-11-04 13:41:37.103 +01:00 [INF] Request starting HTTP/1.1 GET http://localhost:5017/lib/jquery-validation-unobtrusive/jquery.validate.unobtrusive.min.js - null null
2024-11-04 13:41:37.104 +01:00 [INF] Identity.Application was not authenticated. Failure message: Unprotect ticket failed
2024-11-04 13:41:37.104 +01:00 [INF] Request finished HTTP/1.1 GET http://localhost:5017/lib/jquery-validation-unobtrusive/jquery.validate.unobtrusive.min.js - 404 0 null 0.8836ms
2024-11-04 13:41:37.104 +01:00 [INF] Request reached the end of the middleware pipeline without being handled by application code. Request path: GET http://localhost:5017/lib/jquery-validation-unobtrusive/jquery.validate.unobtrusive.min.js, Response status code: 404
2024-11-04 13:41:39.585 +01:00 [INF] Request starting HTTP/1.1 GET http://localhost:5017/ - null null
2024-11-04 13:41:39.586 +01:00 [INF] Identity.Application was not authenticated. Failure message: Unprotect ticket failed
2024-11-04 13:41:39.586 +01:00 [INF] Executing endpoint 'MyShop.Controllers.HomeController.Index (MyShop)'
2024-11-04 13:41:39.586 +01:00 [INF] Route matched with {action = "Index", controller = "Home", page = "", area = ""}. Executing controller action with signature Microsoft.AspNetCore.Mvc.IActionResult Index() on controller MyShop.Controllers.HomeController (MyShop).
2024-11-04 13:41:39.587 +01:00 [INF] Executing ViewResult, running view Index.
2024-11-04 13:41:39.590 +01:00 [INF] Executed ViewResult - view Index executed in 2.7972ms.
2024-11-04 13:41:39.590 +01:00 [INF] Executed action MyShop.Controllers.HomeController.Index (MyShop) in 3.3529ms
2024-11-04 13:41:39.590 +01:00 [INF] Executed endpoint 'MyShop.Controllers.HomeController.Index (MyShop)'
2024-11-04 13:41:39.590 +01:00 [INF] Request finished HTTP/1.1 GET http://localhost:5017/ - 200 null text/html; charset=utf-8 4.8917ms
2024-11-04 13:41:41.914 +01:00 [INF] Request starting HTTP/1.1 GET http://localhost:5017/Identity/Account/Login - null null
2024-11-04 13:41:41.915 +01:00 [INF] Identity.Application was not authenticated. Failure message: Unprotect ticket failed
2024-11-04 13:41:41.915 +01:00 [INF] Executing endpoint '/Account/Login'
2024-11-04 13:41:41.916 +01:00 [INF] Route matched with {page = "/Account/Login", area = "Identity", action = "", controller = ""}. Executing page /Account/Login
2024-11-04 13:41:41.917 +01:00 [INF] Executing handler method MyShop.Areas.Identity.Pages.Account.LoginModel.OnGetAsync - ModelState is "Valid"
2024-11-04 13:41:41.918 +01:00 [INF] AuthenticationScheme: Identity.External signed out.
2024-11-04 13:41:41.918 +01:00 [INF] Executed handler method OnGetAsync, returned result .
2024-11-04 13:41:41.918 +01:00 [INF] Executing an implicit handler method - ModelState is "Valid"
2024-11-04 13:41:41.918 +01:00 [INF] Executed an implicit handler method, returned result Microsoft.AspNetCore.Mvc.RazorPages.PageResult.
2024-11-04 13:41:41.921 +01:00 [INF] Executed page /Account/Login in 5.3226ms
2024-11-04 13:41:41.922 +01:00 [INF] Executed endpoint '/Account/Login'
2024-11-04 13:41:41.922 +01:00 [INF] Request finished HTTP/1.1 GET http://localhost:5017/Identity/Account/Login - 200 null text/html; charset=utf-8 7.306ms
2024-11-04 13:41:41.949 +01:00 [INF] Request starting HTTP/1.1 GET http://localhost:5017/lib/jquery-validation-unobtrusive/jquery.validate.unobtrusive.min.js - null null
2024-11-04 13:41:41.949 +01:00 [INF] Request starting HTTP/1.1 GET http://localhost:5017/lib/jquery-validation/dist/jquery.validate.min.js - null null
2024-11-04 13:41:41.949 +01:00 [INF] Identity.Application was not authenticated. Failure message: Unprotect ticket failed
2024-11-04 13:41:41.950 +01:00 [INF] Identity.Application was not authenticated. Failure message: Unprotect ticket failed
2024-11-04 13:41:41.950 +01:00 [INF] Request finished HTTP/1.1 GET http://localhost:5017/lib/jquery-validation-unobtrusive/jquery.validate.unobtrusive.min.js - 404 0 null 0.8241ms
2024-11-04 13:41:41.950 +01:00 [INF] Request reached the end of the middleware pipeline without being handled by application code. Request path: GET http://localhost:5017/lib/jquery-validation-unobtrusive/jquery.validate.unobtrusive.min.js, Response status code: 404
2024-11-04 13:41:41.950 +01:00 [INF] Request finished HTTP/1.1 GET http://localhost:5017/lib/jquery-validation/dist/jquery.validate.min.js - 404 0 null 1.1838ms
2024-11-04 13:41:41.950 +01:00 [INF] Request reached the end of the middleware pipeline without being handled by application code. Request path: GET http://localhost:5017/lib/jquery-validation/dist/jquery.validate.min.js, Response status code: 404
