2024-10-18 10:45:18.484 +02:00 [INF] User profile is available. Using 'C:\Users\jovan\AppData\Local\ASP.NET\DataProtection-Keys' as key repository and Windows DPAPI to encrypt keys at rest.
2024-10-18 10:45:18.524 +02:00 [INF] Now listening on: http://localhost:5017
2024-10-18 10:45:18.527 +02:00 [INF] Application started. Press Ctrl+C to shut down.
2024-10-18 10:45:18.527 +02:00 [INF] Hosting environment: Development
2024-10-18 10:45:18.527 +02:00 [INF] Content root path: C:\TestMappe\ITPE3200_Exam_project
2024-10-18 10:45:22.183 +02:00 [INF] Request starting HTTP/1.1 GET http://localhost:5017/ - null null
2024-10-18 10:45:22.208 +02:00 [INF] Executing endpoint 'MyShop.Controllers.HomeController.Index (MyShop)'
2024-10-18 10:45:22.216 +02:00 [INF] Route matched with {action = "Index", controller = "Home"}. Executing controller action with signature Microsoft.AspNetCore.Mvc.IActionResult Index() on controller MyShop.Controllers.HomeController (MyShop).
2024-10-18 10:45:22.229 +02:00 [INF] Executing ViewResult, running view Index.
2024-10-18 10:45:22.282 +02:00 [INF] Executed ViewResult - view Index executed in 54.7458ms.
2024-10-18 10:45:22.284 +02:00 [INF] Executed action MyShop.Controllers.HomeController.Index (MyShop) in 67.5344ms
2024-10-18 10:45:22.285 +02:00 [INF] Executed endpoint 'MyShop.Controllers.HomeController.Index (MyShop)'
2024-10-18 10:45:22.289 +02:00 [INF] Request finished HTTP/1.1 GET http://localhost:5017/ - 200 null text/html; charset=utf-8 105.9016ms
2024-10-18 10:45:23.697 +02:00 [INF] Request starting HTTP/1.1 GET http://localhost:5017/Item/Table - null null
2024-10-18 10:45:23.698 +02:00 [INF] Executing endpoint 'MyShop.Controllers.ItemController.Table (MyShop)'
2024-10-18 10:45:23.705 +02:00 [INF] Route matched with {action = "Table", controller = "Item"}. Executing controller action with signature System.Threading.Tasks.Task`1[Microsoft.AspNetCore.Mvc.IActionResult] Table() on controller MyShop.Controllers.ItemController (MyShop).
2024-10-18 10:45:23.815 +02:00 [INF] Executing ViewResult, running view Table.
2024-10-18 10:45:23.829 +02:00 [INF] Executed ViewResult - view Table executed in 14.1734ms.
2024-10-18 10:45:23.829 +02:00 [INF] Executed action MyShop.Controllers.ItemController.Table (MyShop) in 123.9969ms
2024-10-18 10:45:23.829 +02:00 [INF] Executed endpoint 'MyShop.Controllers.ItemController.Table (MyShop)'
2024-10-18 10:45:23.834 +02:00 [INF] Request finished HTTP/1.1 GET http://localhost:5017/Item/Table - 200 null text/html; charset=utf-8 137.2478ms
2024-10-18 10:45:25.943 +02:00 [INF] Request starting HTTP/1.1 GET http://localhost:5017/Item/Create - null null
2024-10-18 10:45:25.946 +02:00 [INF] Executing endpoint 'MyShop.Controllers.ItemController.Create (MyShop)'
2024-10-18 10:45:25.948 +02:00 [INF] Route matched with {action = "Create", controller = "Item"}. Executing controller action with signature Microsoft.AspNetCore.Mvc.IActionResult Create() on controller MyShop.Controllers.ItemController (MyShop).
2024-10-18 10:45:25.949 +02:00 [INF] Executing ViewResult, running view Create.
2024-10-18 10:45:25.990 +02:00 [INF] Executed ViewResult - view Create executed in 41.3501ms.
2024-10-18 10:45:25.990 +02:00 [INF] Executed action MyShop.Controllers.ItemController.Create (MyShop) in 42.1832ms
2024-10-18 10:45:25.990 +02:00 [INF] Executed endpoint 'MyShop.Controllers.ItemController.Create (MyShop)'
2024-10-18 10:45:25.990 +02:00 [INF] Request finished HTTP/1.1 GET http://localhost:5017/Item/Create - 200 null text/html; charset=utf-8 47.2811ms
