2024-11-04 13:49:54.629 +01:00 [INF] User profile is available. Using 'C:\Users\Hadle\AppData\Local\ASP.NET\DataProtection-Keys' as key repository and Windows DPAPI to encrypt keys at rest.
2024-11-04 13:49:54.769 +01:00 [INF] Now listening on: http://localhost:5017
2024-11-04 13:49:54.772 +01:00 [INF] Application started. Press Ctrl+C to shut down.
2024-11-04 13:49:54.773 +01:00 [INF] Hosting environment: Development
2024-11-04 13:49:54.773 +01:00 [INF] Content root path: C:\ITPE3200\ITPE3200_Exam_project-main\ITPE3200_Exam_project-main\ITPE3200_Exam_project
2024-11-04 13:49:56.378 +01:00 [INF] Request starting HTTP/1.1 GET http://localhost:5017/ - null null
2024-11-04 13:49:56.413 +01:00 [INF] Executing endpoint 'MyShop.Controllers.HomeController.Index (MyShop)'
2024-11-04 13:49:56.421 +01:00 [INF] Route matched with {action = "Index", controller = "Home", page = "", area = ""}. Executing controller action with signature Microsoft.AspNetCore.Mvc.IActionResult Index() on controller MyShop.Controllers.HomeController (MyShop).
2024-11-04 13:49:56.427 +01:00 [INF] Executing ViewResult, running view Index.
2024-11-04 13:49:56.500 +01:00 [INF] Executed ViewResult - view Index executed in 74.0275ms.
2024-11-04 13:49:56.502 +01:00 [INF] Executed action MyShop.Controllers.HomeController.Index (MyShop) in 80.884ms
2024-11-04 13:49:56.502 +01:00 [INF] Executed endpoint 'MyShop.Controllers.HomeController.Index (MyShop)'
2024-11-04 13:49:56.505 +01:00 [INF] Request finished HTTP/1.1 GET http://localhost:5017/ - 200 null text/html; charset=utf-8 128.4588ms
2024-11-04 13:50:08.001 +01:00 [INF] Request starting HTTP/1.1 GET http://localhost:5017/Identity/Account/Register - null null
2024-11-04 13:50:08.003 +01:00 [INF] Executing endpoint '/Account/Register'
2024-11-04 13:50:08.019 +01:00 [INF] Route matched with {page = "/Account/Register", area = "Identity", action = "", controller = ""}. Executing page /Account/Register
2024-11-04 13:50:08.031 +01:00 [INF] Executing handler method MyShop.Areas.Identity.Pages.Account.RegisterModel.OnGetAsync - ModelState is "Valid"
2024-11-04 13:50:08.033 +01:00 [INF] Executed handler method OnGetAsync, returned result .
2024-11-04 13:50:08.035 +01:00 [INF] Executing an implicit handler method - ModelState is "Valid"
2024-11-04 13:50:08.035 +01:00 [INF] Executed an implicit handler method, returned result Microsoft.AspNetCore.Mvc.RazorPages.PageResult.
2024-11-04 13:50:08.071 +01:00 [INF] Executed page /Account/Register in 51.9764ms
2024-11-04 13:50:08.071 +01:00 [INF] Executed endpoint '/Account/Register'
2024-11-04 13:50:08.071 +01:00 [INF] Request finished HTTP/1.1 GET http://localhost:5017/Identity/Account/Register - 200 null text/html; charset=utf-8 70.3689ms
2024-11-04 13:50:08.092 +01:00 [INF] Request starting HTTP/1.1 GET http://localhost:5017/lib/jquery-validation/dist/jquery.validate.min.js - null null
2024-11-04 13:50:08.093 +01:00 [INF] Request starting HTTP/1.1 GET http://localhost:5017/lib/jquery-validation-unobtrusive/jquery.validate.unobtrusive.min.js - null null
2024-11-04 13:50:08.096 +01:00 [INF] Request finished HTTP/1.1 GET http://localhost:5017/lib/jquery-validation/dist/jquery.validate.min.js - 404 0 null 3.553ms
2024-11-04 13:50:08.096 +01:00 [INF] Request finished HTTP/1.1 GET http://localhost:5017/lib/jquery-validation-unobtrusive/jquery.validate.unobtrusive.min.js - 404 0 null 2.6955ms
2024-11-04 13:50:08.097 +01:00 [INF] Request reached the end of the middleware pipeline without being handled by application code. Request path: GET http://localhost:5017/lib/jquery-validation/dist/jquery.validate.min.js, Response status code: 404
2024-11-04 13:50:08.097 +01:00 [INF] Request reached the end of the middleware pipeline without being handled by application code. Request path: GET http://localhost:5017/lib/jquery-validation-unobtrusive/jquery.validate.unobtrusive.min.js, Response status code: 404
2024-11-04 13:50:09.147 +01:00 [INF] Request starting HTTP/1.1 GET http://localhost:5017/Identity/Account/Login - null null
2024-11-04 13:50:09.150 +01:00 [INF] Executing endpoint '/Account/Login'
2024-11-04 13:50:09.162 +01:00 [INF] Route matched with {page = "/Account/Login", area = "Identity", action = "", controller = ""}. Executing page /Account/Login
2024-11-04 13:50:09.170 +01:00 [INF] Executing handler method MyShop.Areas.Identity.Pages.Account.LoginModel.OnGetAsync - ModelState is "Valid"
2024-11-04 13:50:09.173 +01:00 [INF] AuthenticationScheme: Identity.External signed out.
2024-11-04 13:50:09.173 +01:00 [INF] Executed handler method OnGetAsync, returned result .
2024-11-04 13:50:09.173 +01:00 [INF] Executing an implicit handler method - ModelState is "Valid"
2024-11-04 13:50:09.173 +01:00 [INF] Executed an implicit handler method, returned result Microsoft.AspNetCore.Mvc.RazorPages.PageResult.
2024-11-04 13:50:09.189 +01:00 [INF] Executed page /Account/Login in 26.3904ms
2024-11-04 13:50:09.189 +01:00 [INF] Executed endpoint '/Account/Login'
2024-11-04 13:50:09.189 +01:00 [INF] Request finished HTTP/1.1 GET http://localhost:5017/Identity/Account/Login - 200 null text/html; charset=utf-8 42.1371ms
2024-11-04 13:50:09.204 +01:00 [INF] Request starting HTTP/1.1 GET http://localhost:5017/lib/jquery-validation/dist/jquery.validate.min.js - null null
2024-11-04 13:50:09.204 +01:00 [INF] Request starting HTTP/1.1 GET http://localhost:5017/lib/jquery-validation-unobtrusive/jquery.validate.unobtrusive.min.js - null null
2024-11-04 13:50:09.204 +01:00 [INF] Request finished HTTP/1.1 GET http://localhost:5017/lib/jquery-validation/dist/jquery.validate.min.js - 404 0 null 0.6509ms
2024-11-04 13:50:09.205 +01:00 [INF] Request finished HTTP/1.1 GET http://localhost:5017/lib/jquery-validation-unobtrusive/jquery.validate.unobtrusive.min.js - 404 0 null 0.6177ms
2024-11-04 13:50:09.205 +01:00 [INF] Request reached the end of the middleware pipeline without being handled by application code. Request path: GET http://localhost:5017/lib/jquery-validation/dist/jquery.validate.min.js, Response status code: 404
2024-11-04 13:50:09.205 +01:00 [INF] Request reached the end of the middleware pipeline without being handled by application code. Request path: GET http://localhost:5017/lib/jquery-validation-unobtrusive/jquery.validate.unobtrusive.min.js, Response status code: 404
2024-11-04 13:50:09.762 +01:00 [INF] Request starting HTTP/1.1 GET http://localhost:5017/Identity/Account/Login - null null
2024-11-04 13:50:09.762 +01:00 [INF] Executing endpoint '/Account/Login'
2024-11-04 13:50:09.763 +01:00 [INF] Route matched with {page = "/Account/Login", area = "Identity", action = "", controller = ""}. Executing page /Account/Login
2024-11-04 13:50:09.763 +01:00 [INF] Executing handler method MyShop.Areas.Identity.Pages.Account.LoginModel.OnGetAsync - ModelState is "Valid"
2024-11-04 13:50:09.764 +01:00 [INF] AuthenticationScheme: Identity.External signed out.
2024-11-04 13:50:09.764 +01:00 [INF] Executed handler method OnGetAsync, returned result .
2024-11-04 13:50:09.764 +01:00 [INF] Executing an implicit handler method - ModelState is "Valid"
2024-11-04 13:50:09.764 +01:00 [INF] Executed an implicit handler method, returned result Microsoft.AspNetCore.Mvc.RazorPages.PageResult.
2024-11-04 13:50:09.766 +01:00 [INF] Executed page /Account/Login in 3.8469ms
2024-11-04 13:50:09.767 +01:00 [INF] Executed endpoint '/Account/Login'
2024-11-04 13:50:09.767 +01:00 [INF] Request finished HTTP/1.1 GET http://localhost:5017/Identity/Account/Login - 200 null text/html; charset=utf-8 4.9157ms
2024-11-04 13:50:09.785 +01:00 [INF] Request starting HTTP/1.1 GET http://localhost:5017/lib/jquery-validation/dist/jquery.validate.min.js - null null
2024-11-04 13:50:09.785 +01:00 [INF] Request starting HTTP/1.1 GET http://localhost:5017/lib/jquery-validation-unobtrusive/jquery.validate.unobtrusive.min.js - null null
2024-11-04 13:50:09.786 +01:00 [INF] Request finished HTTP/1.1 GET http://localhost:5017/lib/jquery-validation/dist/jquery.validate.min.js - 404 0 null 0.487ms
2024-11-04 13:50:09.786 +01:00 [INF] Request finished HTTP/1.1 GET http://localhost:5017/lib/jquery-validation-unobtrusive/jquery.validate.unobtrusive.min.js - 404 0 null 0.4299ms
2024-11-04 13:50:09.786 +01:00 [INF] Request reached the end of the middleware pipeline without being handled by application code. Request path: GET http://localhost:5017/lib/jquery-validation/dist/jquery.validate.min.js, Response status code: 404
2024-11-04 13:50:09.786 +01:00 [INF] Request reached the end of the middleware pipeline without being handled by application code. Request path: GET http://localhost:5017/lib/jquery-validation-unobtrusive/jquery.validate.unobtrusive.min.js, Response status code: 404
2024-11-04 13:50:11.558 +01:00 [INF] Request starting HTTP/1.1 GET http://localhost:5017/ - null null
2024-11-04 13:50:11.558 +01:00 [INF] Executing endpoint 'MyShop.Controllers.HomeController.Index (MyShop)'
2024-11-04 13:50:11.559 +01:00 [INF] Route matched with {action = "Index", controller = "Home", page = "", area = ""}. Executing controller action with signature Microsoft.AspNetCore.Mvc.IActionResult Index() on controller MyShop.Controllers.HomeController (MyShop).
2024-11-04 13:50:11.559 +01:00 [INF] Executing ViewResult, running view Index.
2024-11-04 13:50:11.560 +01:00 [INF] Executed ViewResult - view Index executed in 1.2883ms.
2024-11-04 13:50:11.560 +01:00 [INF] Executed action MyShop.Controllers.HomeController.Index (MyShop) in 1.6301ms
2024-11-04 13:50:11.560 +01:00 [INF] Executed endpoint 'MyShop.Controllers.HomeController.Index (MyShop)'
2024-11-04 13:50:11.560 +01:00 [INF] Request finished HTTP/1.1 GET http://localhost:5017/ - 200 null text/html; charset=utf-8 2.2721ms
2024-11-04 13:50:12.454 +01:00 [INF] Request starting HTTP/1.1 GET http://localhost:5017/ - null null
2024-11-04 13:50:12.454 +01:00 [INF] Executing endpoint 'MyShop.Controllers.HomeController.Index (MyShop)'
2024-11-04 13:50:12.454 +01:00 [INF] Route matched with {action = "Index", controller = "Home", page = "", area = ""}. Executing controller action with signature Microsoft.AspNetCore.Mvc.IActionResult Index() on controller MyShop.Controllers.HomeController (MyShop).
2024-11-04 13:50:12.454 +01:00 [INF] Executing ViewResult, running view Index.
2024-11-04 13:50:12.455 +01:00 [INF] Executed ViewResult - view Index executed in 0.9585ms.
2024-11-04 13:50:12.455 +01:00 [INF] Executed action MyShop.Controllers.HomeController.Index (MyShop) in 1.1301ms
2024-11-04 13:50:12.455 +01:00 [INF] Executed endpoint 'MyShop.Controllers.HomeController.Index (MyShop)'
2024-11-04 13:50:12.455 +01:00 [INF] Request finished HTTP/1.1 GET http://localhost:5017/ - 200 null text/html; charset=utf-8 1.6747ms
2024-11-04 13:50:13.173 +01:00 [INF] Request starting HTTP/1.1 GET http://localhost:5017/Item/Grid - null null
2024-11-04 13:50:13.173 +01:00 [INF] Executing endpoint 'MyShop.Controllers.ItemController.Grid (MyShop)'
2024-11-04 13:50:13.176 +01:00 [INF] Route matched with {action = "Grid", controller = "Item", page = "", area = ""}. Executing controller action with signature System.Threading.Tasks.Task`1[Microsoft.AspNetCore.Mvc.IActionResult] Grid() on controller MyShop.Controllers.ItemController (MyShop).
2024-11-04 13:50:13.276 +01:00 [INF] Executing ViewResult, running view Grid.
2024-11-04 13:50:13.279 +01:00 [INF] Executed ViewResult - view Grid executed in 3.9302ms.
2024-11-04 13:50:13.279 +01:00 [INF] Executed action MyShop.Controllers.ItemController.Grid (MyShop) in 103.0661ms
2024-11-04 13:50:13.279 +01:00 [INF] Executed endpoint 'MyShop.Controllers.ItemController.Grid (MyShop)'
2024-11-04 13:50:13.282 +01:00 [INF] Request finished HTTP/1.1 GET http://localhost:5017/Item/Grid - 200 null text/html; charset=utf-8 109.4424ms
2024-11-04 13:50:14.000 +01:00 [INF] Request starting HTTP/1.1 GET http://localhost:5017/Customer/Table - null null
2024-11-04 13:50:14.001 +01:00 [INF] Executing endpoint 'MyShop.Controllers.CustomerController.Table (MyShop)'
2024-11-04 13:50:14.003 +01:00 [INF] Route matched with {action = "Table", controller = "Customer", page = "", area = ""}. Executing controller action with signature System.Threading.Tasks.Task`1[Microsoft.AspNetCore.Mvc.IActionResult] Table() on controller MyShop.Controllers.CustomerController (MyShop).
2024-11-04 13:50:14.050 +01:00 [INF] Executing ViewResult, running view Table.
2024-11-04 13:50:14.051 +01:00 [INF] Executed ViewResult - view Table executed in 2.2748ms.
2024-11-04 13:50:14.051 +01:00 [INF] Executed action MyShop.Controllers.CustomerController.Table (MyShop) in 48.3675ms
2024-11-04 13:50:14.051 +01:00 [INF] Executed endpoint 'MyShop.Controllers.CustomerController.Table (MyShop)'
2024-11-04 13:50:14.052 +01:00 [INF] Request finished HTTP/1.1 GET http://localhost:5017/Customer/Table - 200 null text/html; charset=utf-8 52.0152ms
2024-11-04 13:50:17.556 +01:00 [INF] Request starting HTTP/1.1 GET http://localhost:5017/Item/Grid - null null
2024-11-04 13:50:17.557 +01:00 [INF] Executing endpoint 'MyShop.Controllers.ItemController.Grid (MyShop)'
2024-11-04 13:50:17.557 +01:00 [INF] Route matched with {action = "Grid", controller = "Item", page = "", area = ""}. Executing controller action with signature System.Threading.Tasks.Task`1[Microsoft.AspNetCore.Mvc.IActionResult] Grid() on controller MyShop.Controllers.ItemController (MyShop).
2024-11-04 13:50:17.559 +01:00 [INF] Executing ViewResult, running view Grid.
2024-11-04 13:50:17.560 +01:00 [INF] Executed ViewResult - view Grid executed in 0.9498ms.
2024-11-04 13:50:17.560 +01:00 [INF] Executed action MyShop.Controllers.ItemController.Grid (MyShop) in 3.5129ms
2024-11-04 13:50:17.560 +01:00 [INF] Executed endpoint 'MyShop.Controllers.ItemController.Grid (MyShop)'
2024-11-04 13:50:17.561 +01:00 [INF] Request finished HTTP/1.1 GET http://localhost:5017/Item/Grid - 200 null text/html; charset=utf-8 4.844ms
2024-11-04 13:50:21.153 +01:00 [INF] Request starting HTTP/1.1 GET http://localhost:5017/ - null null
2024-11-04 13:50:21.153 +01:00 [INF] Executing endpoint 'MyShop.Controllers.HomeController.Index (MyShop)'
2024-11-04 13:50:21.153 +01:00 [INF] Route matched with {action = "Index", controller = "Home", page = "", area = ""}. Executing controller action with signature Microsoft.AspNetCore.Mvc.IActionResult Index() on controller MyShop.Controllers.HomeController (MyShop).
2024-11-04 13:50:21.153 +01:00 [INF] Executing ViewResult, running view Index.
2024-11-04 13:50:21.154 +01:00 [INF] Executed ViewResult - view Index executed in 0.76ms.
2024-11-04 13:50:21.154 +01:00 [INF] Executed action MyShop.Controllers.HomeController.Index (MyShop) in 0.872ms
2024-11-04 13:50:21.154 +01:00 [INF] Executed endpoint 'MyShop.Controllers.HomeController.Index (MyShop)'
2024-11-04 13:50:21.154 +01:00 [INF] Request finished HTTP/1.1 GET http://localhost:5017/ - 200 null text/html; charset=utf-8 1.2989ms
2024-11-04 13:52:12.268 +01:00 [INF] Application is shutting down...
