2024-10-22 15:05:23.515 +02:00 [INF] User profile is available. Using 'C:\Users\Hadle\AppData\Local\ASP.NET\DataProtection-Keys' as key repository and Windows DPAPI to encrypt keys at rest.
2024-10-22 15:05:23.669 +02:00 [INF] Now listening on: http://localhost:5017
2024-10-22 15:05:23.672 +02:00 [INF] Application started. Press Ctrl+C to shut down.
2024-10-22 15:05:23.673 +02:00 [INF] Hosting environment: Development
2024-10-22 15:05:23.673 +02:00 [INF] Content root path: C:\ITPE3200\ITPE3200_Exam_project-main\ITPE3200_Exam_project-main\ITPE3200_Exam_project
2024-10-22 15:05:26.125 +02:00 [INF] Request starting HTTP/1.1 GET http://localhost:5017/ - null null
2024-10-22 15:05:26.160 +02:00 [INF] Executing endpoint 'MyShop.Controllers.HomeController.Index (MyShop)'
2024-10-22 15:05:26.169 +02:00 [INF] Route matched with {action = "Index", controller = "Home", page = "", area = ""}. Executing controller action with signature Microsoft.AspNetCore.Mvc.IActionResult Index() on controller MyShop.Controllers.HomeController (MyShop).
2024-10-22 15:05:26.176 +02:00 [INF] Executing ViewResult, running view Index.
2024-10-22 15:05:26.253 +02:00 [INF] Executed ViewResult - view Index executed in 78.608ms.
2024-10-22 15:05:26.256 +02:00 [INF] Executed action MyShop.Controllers.HomeController.Index (MyShop) in 86.5066ms
2024-10-22 15:05:26.256 +02:00 [INF] Executed endpoint 'MyShop.Controllers.HomeController.Index (MyShop)'
2024-10-22 15:05:26.259 +02:00 [INF] Request finished HTTP/1.1 GET http://localhost:5017/ - 200 null text/html; charset=utf-8 135.9332ms
2024-10-22 15:05:27.428 +02:00 [INF] Request starting HTTP/1.1 GET http://localhost:5017/Item/Grid - null null
2024-10-22 15:05:27.430 +02:00 [INF] Executing endpoint 'MyShop.Controllers.ItemController.Grid (MyShop)'
2024-10-22 15:05:27.435 +02:00 [INF] Route matched with {action = "Grid", controller = "Item", page = "", area = ""}. Executing controller action with signature System.Threading.Tasks.Task`1[Microsoft.AspNetCore.Mvc.IActionResult] Grid() on controller MyShop.Controllers.ItemController (MyShop).
2024-10-22 15:05:27.543 +02:00 [INF] Executing ViewResult, running view Grid.
2024-10-22 15:05:27.552 +02:00 [INF] Executed ViewResult - view Grid executed in 9.9349ms.
2024-10-22 15:05:27.552 +02:00 [INF] Executed action MyShop.Controllers.ItemController.Grid (MyShop) in 116.606ms
2024-10-22 15:05:27.552 +02:00 [INF] Executed endpoint 'MyShop.Controllers.ItemController.Grid (MyShop)'
2024-10-22 15:05:27.555 +02:00 [INF] Request finished HTTP/1.1 GET http://localhost:5017/Item/Grid - 200 null text/html; charset=utf-8 127.231ms
2024-10-22 15:05:32.942 +02:00 [INF] Request starting HTTP/1.1 GET http://localhost:5017/Item/Table - null null
2024-10-22 15:05:32.945 +02:00 [INF] Executing endpoint 'MyShop.Controllers.ItemController.Table (MyShop)'
2024-10-22 15:05:32.948 +02:00 [INF] Route matched with {action = "Table", controller = "Item", page = "", area = ""}. Executing controller action with signature System.Threading.Tasks.Task`1[Microsoft.AspNetCore.Mvc.IActionResult] Table() on controller MyShop.Controllers.ItemController (MyShop).
2024-10-22 15:05:32.989 +02:00 [INF] Executing ViewResult, running view Table.
2024-10-22 15:05:33.005 +02:00 [INF] Executed ViewResult - view Table executed in 15.8371ms.
2024-10-22 15:05:33.005 +02:00 [INF] Executed action MyShop.Controllers.ItemController.Table (MyShop) in 56.7592ms
2024-10-22 15:05:33.005 +02:00 [INF] Executed endpoint 'MyShop.Controllers.ItemController.Table (MyShop)'
2024-10-22 15:05:33.005 +02:00 [INF] Request finished HTTP/1.1 GET http://localhost:5017/Item/Table - 200 null text/html; charset=utf-8 63.3277ms
2024-10-22 15:05:39.770 +02:00 [INF] Request starting HTTP/1.1 GET http://localhost:5017/Item/Grid - null null
2024-10-22 15:05:39.771 +02:00 [INF] Executing endpoint 'MyShop.Controllers.ItemController.Grid (MyShop)'
2024-10-22 15:05:39.771 +02:00 [INF] Route matched with {action = "Grid", controller = "Item", page = "", area = ""}. Executing controller action with signature System.Threading.Tasks.Task`1[Microsoft.AspNetCore.Mvc.IActionResult] Grid() on controller MyShop.Controllers.ItemController (MyShop).
2024-10-22 15:05:39.774 +02:00 [INF] Executing ViewResult, running view Grid.
2024-10-22 15:05:39.776 +02:00 [INF] Executed ViewResult - view Grid executed in 1.9313ms.
2024-10-22 15:05:39.776 +02:00 [INF] Executed action MyShop.Controllers.ItemController.Grid (MyShop) in 5.239ms
2024-10-22 15:05:39.776 +02:00 [INF] Executed endpoint 'MyShop.Controllers.ItemController.Grid (MyShop)'
2024-10-22 15:05:39.776 +02:00 [INF] Request finished HTTP/1.1 GET http://localhost:5017/Item/Grid - 200 null text/html; charset=utf-8 6.4586ms
2024-10-22 15:05:41.212 +02:00 [INF] Request starting HTTP/1.1 GET http://localhost:5017/ - null null
2024-10-22 15:05:41.212 +02:00 [INF] Executing endpoint 'MyShop.Controllers.HomeController.Index (MyShop)'
2024-10-22 15:05:41.212 +02:00 [INF] Route matched with {action = "Index", controller = "Home", page = "", area = ""}. Executing controller action with signature Microsoft.AspNetCore.Mvc.IActionResult Index() on controller MyShop.Controllers.HomeController (MyShop).
2024-10-22 15:05:41.212 +02:00 [INF] Executing ViewResult, running view Index.
2024-10-22 15:05:41.214 +02:00 [INF] Executed ViewResult - view Index executed in 1.3486ms.
2024-10-22 15:05:41.214 +02:00 [INF] Executed action MyShop.Controllers.HomeController.Index (MyShop) in 1.5977ms
2024-10-22 15:05:41.214 +02:00 [INF] Executed endpoint 'MyShop.Controllers.HomeController.Index (MyShop)'
2024-10-22 15:05:41.214 +02:00 [INF] Request finished HTTP/1.1 GET http://localhost:5017/ - 200 null text/html; charset=utf-8 2.2868ms
2024-10-22 15:45:29.647 +02:00 [INF] Application is shutting down...
