2024-11-04 13:13:20.817 +01:00 [INF] User profile is available. Using 'C:\Users\Hadle\AppData\Local\ASP.NET\DataProtection-Keys' as key repository and Windows DPAPI to encrypt keys at rest.
2024-11-04 13:13:20.954 +01:00 [INF] Now listening on: http://localhost:5017
2024-11-04 13:13:20.958 +01:00 [INF] Application started. Press Ctrl+C to shut down.
2024-11-04 13:13:20.959 +01:00 [INF] Hosting environment: Development
2024-11-04 13:13:20.959 +01:00 [INF] Content root path: C:\ITPE3200\ITPE3200_Exam_project-main\ITPE3200_Exam_project-main\ITPE3200_Exam_project
2024-11-04 13:13:49.596 +01:00 [INF] Request starting HTTP/1.1 GET http://localhost:5017/ - null null
2024-11-04 13:13:49.644 +01:00 [INF] Executing endpoint 'MyShop.Controllers.HomeController.Index (MyShop)'
2024-11-04 13:13:49.653 +01:00 [INF] Route matched with {action = "Index", controller = "Home", page = "", area = ""}. Executing controller action with signature Microsoft.AspNetCore.Mvc.IActionResult Index() on controller MyShop.Controllers.HomeController (MyShop).
2024-11-04 13:13:49.659 +01:00 [INF] Executing ViewResult, running view Index.
2024-11-04 13:13:49.720 +01:00 [INF] Executed ViewResult - view Index executed in 61.8615ms.
2024-11-04 13:13:49.722 +01:00 [INF] Executed action MyShop.Controllers.HomeController.Index (MyShop) in 68.6639ms
2024-11-04 13:13:49.722 +01:00 [INF] Executed endpoint 'MyShop.Controllers.HomeController.Index (MyShop)'
2024-11-04 13:13:49.725 +01:00 [INF] Request finished HTTP/1.1 GET http://localhost:5017/ - 200 null text/html; charset=utf-8 130.8804ms
2024-11-04 13:13:52.114 +01:00 [INF] Request starting HTTP/1.1 GET http://localhost:5017/Customer/Table - null null
2024-11-04 13:13:52.119 +01:00 [INF] Executing endpoint 'MyShop.Controllers.CustomerController.Table (MyShop)'
2024-11-04 13:13:52.124 +01:00 [INF] Route matched with {action = "Table", controller = "Customer", page = "", area = ""}. Executing controller action with signature System.Threading.Tasks.Task`1[Microsoft.AspNetCore.Mvc.IActionResult] Table() on controller MyShop.Controllers.CustomerController (MyShop).
2024-11-04 13:13:52.226 +01:00 [INF] Executing ViewResult, running view Table.
2024-11-04 13:13:52.232 +01:00 [INF] Executed ViewResult - view Table executed in 6.808ms.
2024-11-04 13:13:52.232 +01:00 [INF] Executed action MyShop.Controllers.CustomerController.Table (MyShop) in 108.5372ms
2024-11-04 13:13:52.232 +01:00 [INF] Executed endpoint 'MyShop.Controllers.CustomerController.Table (MyShop)'
2024-11-04 13:13:52.236 +01:00 [INF] Request finished HTTP/1.1 GET http://localhost:5017/Customer/Table - 200 null text/html; charset=utf-8 121.2228ms
2024-11-04 13:14:34.507 +01:00 [INF] Request starting HTTP/1.1 GET http://localhost:5017/ - null null
2024-11-04 13:14:34.517 +01:00 [INF] Executing endpoint 'MyShop.Controllers.HomeController.Index (MyShop)'
2024-11-04 13:14:34.517 +01:00 [INF] Route matched with {action = "Index", controller = "Home", page = "", area = ""}. Executing controller action with signature Microsoft.AspNetCore.Mvc.IActionResult Index() on controller MyShop.Controllers.HomeController (MyShop).
2024-11-04 13:14:34.518 +01:00 [INF] Executing ViewResult, running view Index.
2024-11-04 13:14:34.519 +01:00 [INF] Executed ViewResult - view Index executed in 1.9875ms.
2024-11-04 13:14:34.519 +01:00 [INF] Executed action MyShop.Controllers.HomeController.Index (MyShop) in 2.1956ms
2024-11-04 13:14:34.519 +01:00 [INF] Executed endpoint 'MyShop.Controllers.HomeController.Index (MyShop)'
2024-11-04 13:14:34.520 +01:00 [INF] Request finished HTTP/1.1 GET http://localhost:5017/ - 200 null text/html; charset=utf-8 12.6597ms
2024-11-04 13:14:35.173 +01:00 [INF] Request starting HTTP/1.1 GET http://localhost:5017/Customer/Table - null null
2024-11-04 13:14:35.174 +01:00 [INF] Executing endpoint 'MyShop.Controllers.CustomerController.Table (MyShop)'
2024-11-04 13:14:35.174 +01:00 [INF] Route matched with {action = "Table", controller = "Customer", page = "", area = ""}. Executing controller action with signature System.Threading.Tasks.Task`1[Microsoft.AspNetCore.Mvc.IActionResult] Table() on controller MyShop.Controllers.CustomerController (MyShop).
2024-11-04 13:14:35.213 +01:00 [INF] Executing ViewResult, running view Table.
2024-11-04 13:14:35.214 +01:00 [INF] Executed ViewResult - view Table executed in 1.364ms.
2024-11-04 13:14:35.215 +01:00 [INF] Executed action MyShop.Controllers.CustomerController.Table (MyShop) in 40.2037ms
2024-11-04 13:14:35.215 +01:00 [INF] Executed endpoint 'MyShop.Controllers.CustomerController.Table (MyShop)'
2024-11-04 13:14:35.215 +01:00 [INF] Request finished HTTP/1.1 GET http://localhost:5017/Customer/Table - 200 null text/html; charset=utf-8 41.9539ms
2024-11-04 13:14:36.063 +01:00 [INF] Request starting HTTP/1.1 GET http://localhost:5017/Item/Grid - null null
2024-11-04 13:14:36.064 +01:00 [INF] Executing endpoint 'MyShop.Controllers.ItemController.Grid (MyShop)'
2024-11-04 13:14:36.066 +01:00 [INF] Route matched with {action = "Grid", controller = "Item", page = "", area = ""}. Executing controller action with signature System.Threading.Tasks.Task`1[Microsoft.AspNetCore.Mvc.IActionResult] Grid() on controller MyShop.Controllers.ItemController (MyShop).
2024-11-04 13:14:36.077 +01:00 [INF] Executing ViewResult, running view Grid.
2024-11-04 13:14:36.080 +01:00 [INF] Executed ViewResult - view Grid executed in 3.6252ms.
2024-11-04 13:14:36.080 +01:00 [INF] Executed action MyShop.Controllers.ItemController.Grid (MyShop) in 13.5809ms
2024-11-04 13:14:36.080 +01:00 [INF] Executed endpoint 'MyShop.Controllers.ItemController.Grid (MyShop)'
2024-11-04 13:14:36.080 +01:00 [INF] Request finished HTTP/1.1 GET http://localhost:5017/Item/Grid - 200 null text/html; charset=utf-8 17.6444ms
2024-11-04 13:14:36.747 +01:00 [INF] Request starting HTTP/1.1 GET http://localhost:5017/ - null null
2024-11-04 13:14:36.748 +01:00 [INF] Executing endpoint 'MyShop.Controllers.HomeController.Index (MyShop)'
2024-11-04 13:14:36.748 +01:00 [INF] Route matched with {action = "Index", controller = "Home", page = "", area = ""}. Executing controller action with signature Microsoft.AspNetCore.Mvc.IActionResult Index() on controller MyShop.Controllers.HomeController (MyShop).
2024-11-04 13:14:36.748 +01:00 [INF] Executing ViewResult, running view Index.
2024-11-04 13:14:36.749 +01:00 [INF] Executed ViewResult - view Index executed in 1.0312ms.
2024-11-04 13:14:36.749 +01:00 [INF] Executed action MyShop.Controllers.HomeController.Index (MyShop) in 1.1578ms
2024-11-04 13:14:36.749 +01:00 [INF] Executed endpoint 'MyShop.Controllers.HomeController.Index (MyShop)'
2024-11-04 13:14:36.749 +01:00 [INF] Request finished HTTP/1.1 GET http://localhost:5017/ - 200 null text/html; charset=utf-8 2.1936ms
2024-11-04 13:14:37.375 +01:00 [INF] Request starting HTTP/1.1 GET http://localhost:5017/ - null null
2024-11-04 13:14:37.375 +01:00 [INF] Executing endpoint 'MyShop.Controllers.HomeController.Index (MyShop)'
2024-11-04 13:14:37.375 +01:00 [INF] Route matched with {action = "Index", controller = "Home", page = "", area = ""}. Executing controller action with signature Microsoft.AspNetCore.Mvc.IActionResult Index() on controller MyShop.Controllers.HomeController (MyShop).
2024-11-04 13:14:37.376 +01:00 [INF] Executing ViewResult, running view Index.
2024-11-04 13:14:37.376 +01:00 [INF] Executed ViewResult - view Index executed in 0.8209ms.
2024-11-04 13:14:37.376 +01:00 [INF] Executed action MyShop.Controllers.HomeController.Index (MyShop) in 0.9477ms
2024-11-04 13:14:37.376 +01:00 [INF] Executed endpoint 'MyShop.Controllers.HomeController.Index (MyShop)'
2024-11-04 13:14:37.376 +01:00 [INF] Request finished HTTP/1.1 GET http://localhost:5017/ - 200 null text/html; charset=utf-8 1.753ms
2024-11-04 13:14:40.208 +01:00 [INF] Request starting HTTP/1.1 GET http://localhost:5017/Customer/Table - null null
2024-11-04 13:14:40.209 +01:00 [INF] Executing endpoint 'MyShop.Controllers.CustomerController.Table (MyShop)'
2024-11-04 13:14:40.209 +01:00 [INF] Route matched with {action = "Table", controller = "Customer", page = "", area = ""}. Executing controller action with signature System.Threading.Tasks.Task`1[Microsoft.AspNetCore.Mvc.IActionResult] Table() on controller MyShop.Controllers.CustomerController (MyShop).
2024-11-04 13:14:40.211 +01:00 [INF] Executing ViewResult, running view Table.
2024-11-04 13:14:40.212 +01:00 [INF] Executed ViewResult - view Table executed in 0.9158ms.
2024-11-04 13:14:40.212 +01:00 [INF] Executed action MyShop.Controllers.CustomerController.Table (MyShop) in 2.8015ms
2024-11-04 13:14:40.212 +01:00 [INF] Executed endpoint 'MyShop.Controllers.CustomerController.Table (MyShop)'
2024-11-04 13:14:40.212 +01:00 [INF] Request finished HTTP/1.1 GET http://localhost:5017/Customer/Table - 200 null text/html; charset=utf-8 3.9361ms
2024-11-04 13:14:41.804 +01:00 [INF] Request starting HTTP/1.1 GET http://localhost:5017/Item/Grid - null null
2024-11-04 13:14:41.806 +01:00 [INF] Executing endpoint 'MyShop.Controllers.ItemController.Grid (MyShop)'
2024-11-04 13:14:41.806 +01:00 [INF] Route matched with {action = "Grid", controller = "Item", page = "", area = ""}. Executing controller action with signature System.Threading.Tasks.Task`1[Microsoft.AspNetCore.Mvc.IActionResult] Grid() on controller MyShop.Controllers.ItemController (MyShop).
2024-11-04 13:14:41.808 +01:00 [INF] Executing ViewResult, running view Grid.
2024-11-04 13:14:41.809 +01:00 [INF] Executed ViewResult - view Grid executed in 1.3212ms.
2024-11-04 13:14:41.809 +01:00 [INF] Executed action MyShop.Controllers.ItemController.Grid (MyShop) in 3.0083ms
2024-11-04 13:14:41.809 +01:00 [INF] Executed endpoint 'MyShop.Controllers.ItemController.Grid (MyShop)'
2024-11-04 13:14:41.809 +01:00 [INF] Request finished HTTP/1.1 GET http://localhost:5017/Item/Grid - 200 null text/html; charset=utf-8 4.785ms
2024-11-04 13:14:42.392 +01:00 [INF] Request starting HTTP/1.1 GET http://localhost:5017/ - null null
2024-11-04 13:14:42.393 +01:00 [INF] Executing endpoint 'MyShop.Controllers.HomeController.Index (MyShop)'
2024-11-04 13:14:42.393 +01:00 [INF] Route matched with {action = "Index", controller = "Home", page = "", area = ""}. Executing controller action with signature Microsoft.AspNetCore.Mvc.IActionResult Index() on controller MyShop.Controllers.HomeController (MyShop).
2024-11-04 13:14:42.393 +01:00 [INF] Executing ViewResult, running view Index.
2024-11-04 13:14:42.394 +01:00 [INF] Executed ViewResult - view Index executed in 0.8776ms.
2024-11-04 13:14:42.394 +01:00 [INF] Executed action MyShop.Controllers.HomeController.Index (MyShop) in 1.0031ms
2024-11-04 13:14:42.394 +01:00 [INF] Executed endpoint 'MyShop.Controllers.HomeController.Index (MyShop)'
2024-11-04 13:14:42.394 +01:00 [INF] Request finished HTTP/1.1 GET http://localhost:5017/ - 200 null text/html; charset=utf-8 1.7623ms
2024-11-04 13:14:44.007 +01:00 [INF] Request starting HTTP/1.1 GET http://localhost:5017/Customer/Table - null null
2024-11-04 13:14:44.008 +01:00 [INF] Executing endpoint 'MyShop.Controllers.CustomerController.Table (MyShop)'
2024-11-04 13:14:44.008 +01:00 [INF] Route matched with {action = "Table", controller = "Customer", page = "", area = ""}. Executing controller action with signature System.Threading.Tasks.Task`1[Microsoft.AspNetCore.Mvc.IActionResult] Table() on controller MyShop.Controllers.CustomerController (MyShop).
2024-11-04 13:14:44.009 +01:00 [INF] Executing ViewResult, running view Table.
2024-11-04 13:14:44.010 +01:00 [INF] Executed ViewResult - view Table executed in 0.6564ms.
2024-11-04 13:14:44.010 +01:00 [INF] Executed action MyShop.Controllers.CustomerController.Table (MyShop) in 1.9077ms
2024-11-04 13:14:44.010 +01:00 [INF] Executed endpoint 'MyShop.Controllers.CustomerController.Table (MyShop)'
2024-11-04 13:14:44.010 +01:00 [INF] Request finished HTTP/1.1 GET http://localhost:5017/Customer/Table - 200 null text/html; charset=utf-8 2.8526ms
2024-11-04 13:14:45.868 +01:00 [INF] Request starting HTTP/1.1 GET http://localhost:5017/ - null null
2024-11-04 13:14:45.869 +01:00 [INF] Executing endpoint 'MyShop.Controllers.HomeController.Index (MyShop)'
2024-11-04 13:14:45.869 +01:00 [INF] Route matched with {action = "Index", controller = "Home", page = "", area = ""}. Executing controller action with signature Microsoft.AspNetCore.Mvc.IActionResult Index() on controller MyShop.Controllers.HomeController (MyShop).
2024-11-04 13:14:45.869 +01:00 [INF] Executing ViewResult, running view Index.
2024-11-04 13:14:45.869 +01:00 [INF] Executed ViewResult - view Index executed in 0.7082ms.
2024-11-04 13:14:45.869 +01:00 [INF] Executed action MyShop.Controllers.HomeController.Index (MyShop) in 0.8227ms
2024-11-04 13:14:45.869 +01:00 [INF] Executed endpoint 'MyShop.Controllers.HomeController.Index (MyShop)'
2024-11-04 13:14:45.870 +01:00 [INF] Request finished HTTP/1.1 GET http://localhost:5017/ - 200 null text/html; charset=utf-8 1.5598ms
2024-11-04 13:14:47.153 +01:00 [INF] Request starting HTTP/1.1 GET http://localhost:5017/Item/Table - null null
2024-11-04 13:14:47.154 +01:00 [INF] Executing endpoint 'MyShop.Controllers.ItemController.Table (MyShop)'
2024-11-04 13:14:47.156 +01:00 [INF] Route matched with {action = "Table", controller = "Item", page = "", area = ""}. Executing controller action with signature System.Threading.Tasks.Task`1[Microsoft.AspNetCore.Mvc.IActionResult] Table() on controller MyShop.Controllers.ItemController (MyShop).
2024-11-04 13:14:47.160 +01:00 [INF] Executing ViewResult, running view Table.
2024-11-04 13:14:47.169 +01:00 [INF] Executed ViewResult - view Table executed in 9.5981ms.
2024-11-04 13:14:47.169 +01:00 [INF] Executed action MyShop.Controllers.ItemController.Table (MyShop) in 12.168ms
2024-11-04 13:14:47.169 +01:00 [INF] Executed endpoint 'MyShop.Controllers.ItemController.Table (MyShop)'
2024-11-04 13:14:47.169 +01:00 [INF] Request finished HTTP/1.1 GET http://localhost:5017/Item/Table - 200 null text/html; charset=utf-8 15.7401ms
2024-11-04 13:14:48.814 +01:00 [INF] Request starting HTTP/1.1 GET http://localhost:5017/ - null null
2024-11-04 13:14:48.815 +01:00 [INF] Executing endpoint 'MyShop.Controllers.HomeController.Index (MyShop)'
2024-11-04 13:14:48.815 +01:00 [INF] Route matched with {action = "Index", controller = "Home", page = "", area = ""}. Executing controller action with signature Microsoft.AspNetCore.Mvc.IActionResult Index() on controller MyShop.Controllers.HomeController (MyShop).
2024-11-04 13:14:48.815 +01:00 [INF] Executing ViewResult, running view Index.
2024-11-04 13:14:48.816 +01:00 [INF] Executed ViewResult - view Index executed in 0.664ms.
2024-11-04 13:14:48.816 +01:00 [INF] Executed action MyShop.Controllers.HomeController.Index (MyShop) in 0.8375ms
2024-11-04 13:14:48.816 +01:00 [INF] Executed endpoint 'MyShop.Controllers.HomeController.Index (MyShop)'
2024-11-04 13:14:48.816 +01:00 [INF] Request finished HTTP/1.1 GET http://localhost:5017/ - 200 null text/html; charset=utf-8 1.6838ms
2024-11-04 13:14:49.732 +01:00 [INF] Request starting HTTP/1.1 GET http://localhost:5017/Item/Create - null null
2024-11-04 13:14:49.738 +01:00 [INF] Executing endpoint 'MyShop.Controllers.ItemController.Create (MyShop)'
2024-11-04 13:14:49.740 +01:00 [INF] Route matched with {action = "Create", controller = "Item", page = "", area = ""}. Executing controller action with signature Microsoft.AspNetCore.Mvc.IActionResult Create() on controller MyShop.Controllers.ItemController (MyShop).
2024-11-04 13:14:49.740 +01:00 [INF] Executing ViewResult, running view Create.
2024-11-04 13:14:49.775 +01:00 [INF] Executed ViewResult - view Create executed in 35.4294ms.
2024-11-04 13:14:49.775 +01:00 [INF] Executed action MyShop.Controllers.ItemController.Create (MyShop) in 35.6401ms
2024-11-04 13:14:49.775 +01:00 [INF] Executed endpoint 'MyShop.Controllers.ItemController.Create (MyShop)'
2024-11-04 13:14:49.775 +01:00 [INF] Request finished HTTP/1.1 GET http://localhost:5017/Item/Create - 200 null text/html; charset=utf-8 43.3701ms
2024-11-04 13:14:51.048 +01:00 [INF] Request starting HTTP/1.1 GET http://localhost:5017/ - null null
2024-11-04 13:14:51.048 +01:00 [INF] Executing endpoint 'MyShop.Controllers.HomeController.Index (MyShop)'
2024-11-04 13:14:51.049 +01:00 [INF] Route matched with {action = "Index", controller = "Home", page = "", area = ""}. Executing controller action with signature Microsoft.AspNetCore.Mvc.IActionResult Index() on controller MyShop.Controllers.HomeController (MyShop).
2024-11-04 13:14:51.049 +01:00 [INF] Executing ViewResult, running view Index.
2024-11-04 13:14:51.049 +01:00 [INF] Executed ViewResult - view Index executed in 0.6029ms.
2024-11-04 13:14:51.049 +01:00 [INF] Executed action MyShop.Controllers.HomeController.Index (MyShop) in 0.7122ms
2024-11-04 13:14:51.049 +01:00 [INF] Executed endpoint 'MyShop.Controllers.HomeController.Index (MyShop)'
2024-11-04 13:14:51.049 +01:00 [INF] Request finished HTTP/1.1 GET http://localhost:5017/ - 200 null text/html; charset=utf-8 1.5418ms
2024-11-04 13:15:27.252 +01:00 [INF] Request starting HTTP/1.1 GET http://localhost:5017/ - null null
2024-11-04 13:15:27.253 +01:00 [INF] Executing endpoint 'MyShop.Controllers.HomeController.Index (MyShop)'
2024-11-04 13:15:27.253 +01:00 [INF] Route matched with {action = "Index", controller = "Home", page = "", area = ""}. Executing controller action with signature Microsoft.AspNetCore.Mvc.IActionResult Index() on controller MyShop.Controllers.HomeController (MyShop).
2024-11-04 13:15:27.253 +01:00 [INF] Executing ViewResult, running view Index.
2024-11-04 13:15:27.254 +01:00 [INF] Executed ViewResult - view Index executed in 0.7234ms.
2024-11-04 13:15:27.254 +01:00 [INF] Executed action MyShop.Controllers.HomeController.Index (MyShop) in 0.8561ms
2024-11-04 13:15:27.254 +01:00 [INF] Executed endpoint 'MyShop.Controllers.HomeController.Index (MyShop)'
2024-11-04 13:15:27.254 +01:00 [INF] Request finished HTTP/1.1 GET http://localhost:5017/ - 200 null text/html; charset=utf-8 1.7549ms
2024-11-04 13:15:28.020 +01:00 [INF] Request starting HTTP/1.1 GET http://localhost:5017/ - null null
2024-11-04 13:15:28.020 +01:00 [INF] Executing endpoint 'MyShop.Controllers.HomeController.Index (MyShop)'
2024-11-04 13:15:28.021 +01:00 [INF] Route matched with {action = "Index", controller = "Home", page = "", area = ""}. Executing controller action with signature Microsoft.AspNetCore.Mvc.IActionResult Index() on controller MyShop.Controllers.HomeController (MyShop).
2024-11-04 13:15:28.021 +01:00 [INF] Executing ViewResult, running view Index.
2024-11-04 13:15:28.021 +01:00 [INF] Executed ViewResult - view Index executed in 0.5853ms.
2024-11-04 13:15:28.021 +01:00 [INF] Executed action MyShop.Controllers.HomeController.Index (MyShop) in 0.6813ms
2024-11-04 13:15:28.021 +01:00 [INF] Executed endpoint 'MyShop.Controllers.HomeController.Index (MyShop)'
2024-11-04 13:15:28.021 +01:00 [INF] Request finished HTTP/1.1 GET http://localhost:5017/ - 200 null text/html; charset=utf-8 1.3554ms
2024-11-04 13:15:28.959 +01:00 [INF] Request starting HTTP/1.1 GET http://localhost:5017/Item/Grid - null null
2024-11-04 13:15:28.960 +01:00 [INF] Executing endpoint 'MyShop.Controllers.ItemController.Grid (MyShop)'
2024-11-04 13:15:28.960 +01:00 [INF] Route matched with {action = "Grid", controller = "Item", page = "", area = ""}. Executing controller action with signature System.Threading.Tasks.Task`1[Microsoft.AspNetCore.Mvc.IActionResult] Grid() on controller MyShop.Controllers.ItemController (MyShop).
2024-11-04 13:15:28.961 +01:00 [INF] Executing ViewResult, running view Grid.
2024-11-04 13:15:28.962 +01:00 [INF] Executed ViewResult - view Grid executed in 0.5724ms.
2024-11-04 13:15:28.962 +01:00 [INF] Executed action MyShop.Controllers.ItemController.Grid (MyShop) in 1.9439ms
2024-11-04 13:15:28.962 +01:00 [INF] Executed endpoint 'MyShop.Controllers.ItemController.Grid (MyShop)'
2024-11-04 13:15:28.962 +01:00 [INF] Request finished HTTP/1.1 GET http://localhost:5017/Item/Grid - 200 null text/html; charset=utf-8 2.7149ms
2024-11-04 13:15:30.391 +01:00 [INF] Request starting HTTP/1.1 GET http://localhost:5017/Customer/Table - null null
2024-11-04 13:15:30.392 +01:00 [INF] Executing endpoint 'MyShop.Controllers.CustomerController.Table (MyShop)'
2024-11-04 13:15:30.392 +01:00 [INF] Route matched with {action = "Table", controller = "Customer", page = "", area = ""}. Executing controller action with signature System.Threading.Tasks.Task`1[Microsoft.AspNetCore.Mvc.IActionResult] Table() on controller MyShop.Controllers.CustomerController (MyShop).
2024-11-04 13:15:30.393 +01:00 [INF] Executing ViewResult, running view Table.
2024-11-04 13:15:30.394 +01:00 [INF] Executed ViewResult - view Table executed in 0.5771ms.
2024-11-04 13:15:30.394 +01:00 [INF] Executed action MyShop.Controllers.CustomerController.Table (MyShop) in 1.8442ms
2024-11-04 13:15:30.394 +01:00 [INF] Executed endpoint 'MyShop.Controllers.CustomerController.Table (MyShop)'
2024-11-04 13:15:30.394 +01:00 [INF] Request finished HTTP/1.1 GET http://localhost:5017/Customer/Table - 200 null text/html; charset=utf-8 2.6865ms
2024-11-04 13:16:17.552 +01:00 [INF] Request starting HTTP/1.1 GET http://localhost:5017/ - null null
2024-11-04 13:16:17.553 +01:00 [INF] Executing endpoint 'MyShop.Controllers.HomeController.Index (MyShop)'
2024-11-04 13:16:17.553 +01:00 [INF] Route matched with {action = "Index", controller = "Home", page = "", area = ""}. Executing controller action with signature Microsoft.AspNetCore.Mvc.IActionResult Index() on controller MyShop.Controllers.HomeController (MyShop).
2024-11-04 13:16:17.553 +01:00 [INF] Executing ViewResult, running view Index.
2024-11-04 13:16:17.554 +01:00 [INF] Executed ViewResult - view Index executed in 0.606ms.
2024-11-04 13:16:17.554 +01:00 [INF] Executed action MyShop.Controllers.HomeController.Index (MyShop) in 0.7066ms
2024-11-04 13:16:17.554 +01:00 [INF] Executed endpoint 'MyShop.Controllers.HomeController.Index (MyShop)'
2024-11-04 13:16:17.554 +01:00 [INF] Request finished HTTP/1.1 GET http://localhost:5017/ - 200 null text/html; charset=utf-8 1.5258ms
2024-11-04 13:21:02.169 +01:00 [INF] Request starting HTTP/1.1 GET http://localhost:5017/Customer/Table - null null
2024-11-04 13:21:02.169 +01:00 [INF] Executing endpoint 'MyShop.Controllers.CustomerController.Table (MyShop)'
2024-11-04 13:21:02.169 +01:00 [INF] Route matched with {action = "Table", controller = "Customer", page = "", area = ""}. Executing controller action with signature System.Threading.Tasks.Task`1[Microsoft.AspNetCore.Mvc.IActionResult] Table() on controller MyShop.Controllers.CustomerController (MyShop).
2024-11-04 13:21:02.172 +01:00 [INF] Executing ViewResult, running view Table.
2024-11-04 13:21:02.173 +01:00 [INF] Executed ViewResult - view Table executed in 0.7161ms.
2024-11-04 13:21:02.173 +01:00 [INF] Executed action MyShop.Controllers.CustomerController.Table (MyShop) in 3.7007ms
2024-11-04 13:21:02.173 +01:00 [INF] Executed endpoint 'MyShop.Controllers.CustomerController.Table (MyShop)'
2024-11-04 13:21:02.173 +01:00 [INF] Request finished HTTP/1.1 GET http://localhost:5017/Customer/Table - 200 null text/html; charset=utf-8 4.4677ms
2024-11-04 13:23:05.726 +01:00 [INF] Request starting HTTP/1.1 GET http://localhost:5017/ - null null
2024-11-04 13:23:05.777 +01:00 [INF] AuthenticationScheme: Identity.Application signed out.
2024-11-04 13:23:05.777 +01:00 [INF] AuthenticationScheme: Identity.External signed out.
2024-11-04 13:23:05.778 +01:00 [INF] AuthenticationScheme: Identity.TwoFactorUserId signed out.
2024-11-04 13:23:05.778 +01:00 [INF] AuthenticationScheme: Identity.TwoFactorRememberMe signed out.
2024-11-04 13:23:05.780 +01:00 [INF] Identity.Application was not authenticated. Failure message: No principal.
2024-11-04 13:23:05.780 +01:00 [INF] Executing endpoint 'MyShop.Controllers.HomeController.Index (MyShop)'
2024-11-04 13:23:05.780 +01:00 [INF] Route matched with {action = "Index", controller = "Home", page = "", area = ""}. Executing controller action with signature Microsoft.AspNetCore.Mvc.IActionResult Index() on controller MyShop.Controllers.HomeController (MyShop).
2024-11-04 13:23:05.780 +01:00 [INF] Executing ViewResult, running view Index.
2024-11-04 13:23:05.781 +01:00 [INF] Executed ViewResult - view Index executed in 0.9651ms.
2024-11-04 13:23:05.781 +01:00 [INF] Executed action MyShop.Controllers.HomeController.Index (MyShop) in 1.0595ms
2024-11-04 13:23:05.781 +01:00 [INF] Executed endpoint 'MyShop.Controllers.HomeController.Index (MyShop)'
2024-11-04 13:23:05.781 +01:00 [INF] Request finished HTTP/1.1 GET http://localhost:5017/ - 200 null text/html; charset=utf-8 55.0691ms
2024-11-04 13:24:43.063 +01:00 [INF] Application is shutting down...
