2024-11-04 15:08:15.406 +01:00 [INF] User profile is available. Using 'C:\Users\Hadle\AppData\Local\ASP.NET\DataProtection-Keys' as key repository and Windows DPAPI to encrypt keys at rest.
2024-11-04 15:08:15.597 +01:00 [INF] Now listening on: http://localhost:5017
2024-11-04 15:08:15.602 +01:00 [INF] Application started. Press Ctrl+C to shut down.
2024-11-04 15:08:15.602 +01:00 [INF] Hosting environment: Development
2024-11-04 15:08:15.602 +01:00 [INF] Content root path: C:\ITPE3200\ITPE3200_Exam_project-main\ITPE3200_Exam_project-main\ITPE3200_Exam_project
2024-11-04 15:08:16.827 +01:00 [INF] Request starting HTTP/1.1 GET http://localhost:5017/ - null null
2024-11-04 15:08:16.880 +01:00 [INF] Executing endpoint 'MyShop.Controllers.HomeController.Index (MyShop)'
2024-11-04 15:08:16.893 +01:00 [INF] Route matched with {action = "Index", controller = "Home", page = "", area = ""}. Executing controller action with signature Microsoft.AspNetCore.Mvc.IActionResult Index() on controller MyShop.Controllers.HomeController (MyShop).
2024-11-04 15:08:16.901 +01:00 [INF] Executing ViewResult, running view Index.
2024-11-04 15:08:16.999 +01:00 [INF] Executed ViewResult - view Index executed in 97.6978ms.
2024-11-04 15:08:17.002 +01:00 [INF] Executed action MyShop.Controllers.HomeController.Index (MyShop) in 108.7944ms
2024-11-04 15:08:17.003 +01:00 [INF] Executed endpoint 'MyShop.Controllers.HomeController.Index (MyShop)'
2024-11-04 15:08:17.008 +01:00 [INF] Request finished HTTP/1.1 GET http://localhost:5017/ - 200 null text/html; charset=utf-8 182.8002ms
2024-11-04 15:08:29.598 +01:00 [INF] Request starting HTTP/1.1 GET http://localhost:5017/Customer/Table - null null
2024-11-04 15:08:29.604 +01:00 [INF] Executing endpoint 'MyShop.Controllers.CustomerController.Table (MyShop)'
2024-11-04 15:08:29.610 +01:00 [INF] Route matched with {action = "Table", controller = "Customer", page = "", area = ""}. Executing controller action with signature System.Threading.Tasks.Task`1[Microsoft.AspNetCore.Mvc.IActionResult] Table() on controller MyShop.Controllers.CustomerController (MyShop).
2024-11-04 15:08:29.757 +01:00 [INF] Executing ViewResult, running view Table.
2024-11-04 15:08:29.768 +01:00 [INF] Executed ViewResult - view Table executed in 11.9805ms.
2024-11-04 15:08:29.769 +01:00 [INF] Executed action MyShop.Controllers.CustomerController.Table (MyShop) in 158.5242ms
2024-11-04 15:08:29.769 +01:00 [INF] Executed endpoint 'MyShop.Controllers.CustomerController.Table (MyShop)'
2024-11-04 15:08:29.775 +01:00 [INF] Request finished HTTP/1.1 GET http://localhost:5017/Customer/Table - 200 null text/html; charset=utf-8 177.7689ms
2024-11-04 15:08:30.559 +01:00 [INF] Request starting HTTP/1.1 GET http://localhost:5017/Item/Grid - null null
2024-11-04 15:08:30.563 +01:00 [INF] Executing endpoint 'MyShop.Controllers.ItemController.Grid (MyShop)'
2024-11-04 15:08:30.567 +01:00 [INF] Route matched with {action = "Grid", controller = "Item", page = "", area = ""}. Executing controller action with signature System.Threading.Tasks.Task`1[Microsoft.AspNetCore.Mvc.IActionResult] Grid() on controller MyShop.Controllers.ItemController (MyShop).
2024-11-04 15:08:30.634 +01:00 [INF] Executing ViewResult, running view Grid.
2024-11-04 15:08:30.649 +01:00 [INF] Executed ViewResult - view Grid executed in 15.7597ms.
2024-11-04 15:08:30.650 +01:00 [INF] Executed action MyShop.Controllers.ItemController.Grid (MyShop) in 82.7034ms
2024-11-04 15:08:30.650 +01:00 [INF] Executed endpoint 'MyShop.Controllers.ItemController.Grid (MyShop)'
2024-11-04 15:08:30.650 +01:00 [INF] Request finished HTTP/1.1 GET http://localhost:5017/Item/Grid - 200 null text/html; charset=utf-8 91.4224ms
2024-11-04 15:08:31.273 +01:00 [INF] Request starting HTTP/1.1 GET http://localhost:5017/ - null null
2024-11-04 15:08:31.273 +01:00 [INF] Executing endpoint 'MyShop.Controllers.HomeController.Index (MyShop)'
2024-11-04 15:08:31.274 +01:00 [INF] Route matched with {action = "Index", controller = "Home", page = "", area = ""}. Executing controller action with signature Microsoft.AspNetCore.Mvc.IActionResult Index() on controller MyShop.Controllers.HomeController (MyShop).
2024-11-04 15:08:31.275 +01:00 [INF] Executing ViewResult, running view Index.
2024-11-04 15:08:31.278 +01:00 [INF] Executed ViewResult - view Index executed in 4.0275ms.
2024-11-04 15:08:31.278 +01:00 [INF] Executed action MyShop.Controllers.HomeController.Index (MyShop) in 4.4537ms
2024-11-04 15:08:31.279 +01:00 [INF] Executed endpoint 'MyShop.Controllers.HomeController.Index (MyShop)'
2024-11-04 15:08:31.279 +01:00 [INF] Request finished HTTP/1.1 GET http://localhost:5017/ - 200 null text/html; charset=utf-8 5.9454ms
2024-11-04 15:08:32.690 +01:00 [INF] Request starting HTTP/1.1 GET http://localhost:5017/Item/Create - null null
2024-11-04 15:08:32.703 +01:00 [INF] Authorization failed. These requirements were not met:
DenyAnonymousAuthorizationRequirement: Requires an authenticated user.
2024-11-04 15:08:32.707 +01:00 [INF] AuthenticationScheme: Identity.Application was challenged.
2024-11-04 15:08:32.707 +01:00 [INF] Request finished HTTP/1.1 GET http://localhost:5017/Item/Create - 302 0 null 16.7663ms
2024-11-04 15:08:32.712 +01:00 [INF] Request starting HTTP/1.1 GET http://localhost:5017/Identity/Account/Login?ReturnUrl=%2FItem%2FCreate - null null
2024-11-04 15:08:32.713 +01:00 [INF] Executing endpoint '/Account/Login'
2024-11-04 15:08:32.738 +01:00 [INF] Route matched with {page = "/Account/Login", area = "Identity", action = "", controller = ""}. Executing page /Account/Login
2024-11-04 15:08:32.757 +01:00 [INF] Executing handler method MyShop.Areas.Identity.Pages.Account.LoginModel.OnGetAsync - ModelState is "Valid"
2024-11-04 15:08:32.762 +01:00 [INF] AuthenticationScheme: Identity.External signed out.
2024-11-04 15:08:32.763 +01:00 [INF] Executed handler method OnGetAsync, returned result .
2024-11-04 15:08:32.765 +01:00 [INF] Executing an implicit handler method - ModelState is "Valid"
2024-11-04 15:08:32.766 +01:00 [INF] Executed an implicit handler method, returned result Microsoft.AspNetCore.Mvc.RazorPages.PageResult.
2024-11-04 15:08:32.814 +01:00 [INF] Executed page /Account/Login in 75.3015ms
2024-11-04 15:08:32.814 +01:00 [INF] Executed endpoint '/Account/Login'
2024-11-04 15:08:32.814 +01:00 [INF] Request finished HTTP/1.1 GET http://localhost:5017/Identity/Account/Login?ReturnUrl=%2FItem%2FCreate - 200 null text/html; charset=utf-8 101.874ms
2024-11-04 15:08:32.840 +01:00 [INF] Request starting HTTP/1.1 GET http://localhost:5017/lib/jquery-validation/dist/jquery.validate.min.js - null null
2024-11-04 15:08:32.842 +01:00 [INF] Request starting HTTP/1.1 GET http://localhost:5017/lib/jquery-validation-unobtrusive/jquery.validate.unobtrusive.min.js - null null
2024-11-04 15:08:32.843 +01:00 [INF] Request finished HTTP/1.1 GET http://localhost:5017/lib/jquery-validation-unobtrusive/jquery.validate.unobtrusive.min.js - 404 0 null 1.2799ms
2024-11-04 15:08:32.843 +01:00 [INF] Request finished HTTP/1.1 GET http://localhost:5017/lib/jquery-validation/dist/jquery.validate.min.js - 404 0 null 2.9084ms
2024-11-04 15:08:32.844 +01:00 [INF] Request reached the end of the middleware pipeline without being handled by application code. Request path: GET http://localhost:5017/lib/jquery-validation-unobtrusive/jquery.validate.unobtrusive.min.js, Response status code: 404
2024-11-04 15:08:32.844 +01:00 [INF] Request reached the end of the middleware pipeline without being handled by application code. Request path: GET http://localhost:5017/lib/jquery-validation/dist/jquery.validate.min.js, Response status code: 404
2024-11-04 15:08:33.766 +01:00 [INF] Request starting HTTP/1.1 GET http://localhost:5017/ - null null
2024-11-04 15:08:33.766 +01:00 [INF] Executing endpoint 'MyShop.Controllers.HomeController.Index (MyShop)'
2024-11-04 15:08:33.766 +01:00 [INF] Route matched with {action = "Index", controller = "Home", page = "", area = ""}. Executing controller action with signature Microsoft.AspNetCore.Mvc.IActionResult Index() on controller MyShop.Controllers.HomeController (MyShop).
2024-11-04 15:08:33.767 +01:00 [INF] Executing ViewResult, running view Index.
2024-11-04 15:08:33.768 +01:00 [INF] Executed ViewResult - view Index executed in 1.5697ms.
2024-11-04 15:08:33.768 +01:00 [INF] Executed action MyShop.Controllers.HomeController.Index (MyShop) in 1.788ms
2024-11-04 15:08:33.768 +01:00 [INF] Executed endpoint 'MyShop.Controllers.HomeController.Index (MyShop)'
2024-11-04 15:08:33.769 +01:00 [INF] Request finished HTTP/1.1 GET http://localhost:5017/ - 200 null text/html; charset=utf-8 2.8744ms
2024-11-04 15:08:35.562 +01:00 [INF] Request starting HTTP/1.1 GET http://localhost:5017/Item/Table - null null
2024-11-04 15:08:35.563 +01:00 [INF] Executing endpoint 'MyShop.Controllers.ItemController.Table (MyShop)'
2024-11-04 15:08:35.566 +01:00 [INF] Route matched with {action = "Table", controller = "Item", page = "", area = ""}. Executing controller action with signature System.Threading.Tasks.Task`1[Microsoft.AspNetCore.Mvc.IActionResult] Table() on controller MyShop.Controllers.ItemController (MyShop).
2024-11-04 15:08:35.572 +01:00 [INF] Executing ViewResult, running view Table.
2024-11-04 15:08:35.582 +01:00 [INF] Executed ViewResult - view Table executed in 11.2187ms.
2024-11-04 15:08:35.583 +01:00 [INF] Executed action MyShop.Controllers.ItemController.Table (MyShop) in 16.2673ms
2024-11-04 15:08:35.583 +01:00 [INF] Executed endpoint 'MyShop.Controllers.ItemController.Table (MyShop)'
2024-11-04 15:08:35.583 +01:00 [INF] Request finished HTTP/1.1 GET http://localhost:5017/Item/Table - 200 null text/html; charset=utf-8 20.9336ms
2024-11-04 15:08:36.909 +01:00 [INF] Request starting HTTP/1.1 GET http://localhost:5017/ - null null
2024-11-04 15:08:36.909 +01:00 [INF] Executing endpoint 'MyShop.Controllers.HomeController.Index (MyShop)'
2024-11-04 15:08:36.910 +01:00 [INF] Route matched with {action = "Index", controller = "Home", page = "", area = ""}. Executing controller action with signature Microsoft.AspNetCore.Mvc.IActionResult Index() on controller MyShop.Controllers.HomeController (MyShop).
2024-11-04 15:08:36.910 +01:00 [INF] Executing ViewResult, running view Index.
2024-11-04 15:08:36.911 +01:00 [INF] Executed ViewResult - view Index executed in 1.4156ms.
2024-11-04 15:08:36.911 +01:00 [INF] Executed action MyShop.Controllers.HomeController.Index (MyShop) in 1.6146ms
2024-11-04 15:08:36.911 +01:00 [INF] Executed endpoint 'MyShop.Controllers.HomeController.Index (MyShop)'
2024-11-04 15:08:36.911 +01:00 [INF] Request finished HTTP/1.1 GET http://localhost:5017/ - 200 null text/html; charset=utf-8 2.4195ms
2024-11-04 15:08:37.991 +01:00 [INF] Request starting HTTP/1.1 GET http://localhost:5017/Customer/Table - null null
2024-11-04 15:08:37.991 +01:00 [INF] Executing endpoint 'MyShop.Controllers.CustomerController.Table (MyShop)'
2024-11-04 15:08:37.991 +01:00 [INF] Route matched with {action = "Table", controller = "Customer", page = "", area = ""}. Executing controller action with signature System.Threading.Tasks.Task`1[Microsoft.AspNetCore.Mvc.IActionResult] Table() on controller MyShop.Controllers.CustomerController (MyShop).
2024-11-04 15:08:37.994 +01:00 [INF] Executing ViewResult, running view Table.
2024-11-04 15:08:37.996 +01:00 [INF] Executed ViewResult - view Table executed in 1.883ms.
2024-11-04 15:08:37.996 +01:00 [INF] Executed action MyShop.Controllers.CustomerController.Table (MyShop) in 4.6308ms
2024-11-04 15:08:37.996 +01:00 [INF] Executed endpoint 'MyShop.Controllers.CustomerController.Table (MyShop)'
2024-11-04 15:08:37.996 +01:00 [INF] Request finished HTTP/1.1 GET http://localhost:5017/Customer/Table - 200 null text/html; charset=utf-8 5.9574ms
2024-11-04 15:09:24.763 +01:00 [INF] Request starting HTTP/1.1 GET http://localhost:5017/ - null null
2024-11-04 15:09:24.764 +01:00 [INF] Executing endpoint 'MyShop.Controllers.HomeController.Index (MyShop)'
2024-11-04 15:09:24.764 +01:00 [INF] Route matched with {action = "Index", controller = "Home", page = "", area = ""}. Executing controller action with signature Microsoft.AspNetCore.Mvc.IActionResult Index() on controller MyShop.Controllers.HomeController (MyShop).
2024-11-04 15:09:24.765 +01:00 [INF] Executing ViewResult, running view Index.
2024-11-04 15:09:24.766 +01:00 [INF] Executed ViewResult - view Index executed in 2.04ms.
2024-11-04 15:09:24.766 +01:00 [INF] Executed action MyShop.Controllers.HomeController.Index (MyShop) in 2.2384ms
2024-11-04 15:09:24.766 +01:00 [INF] Executed endpoint 'MyShop.Controllers.HomeController.Index (MyShop)'
2024-11-04 15:09:24.766 +01:00 [INF] Request finished HTTP/1.1 GET http://localhost:5017/ - 200 null text/html; charset=utf-8 3.2427ms
2024-11-04 15:10:08.078 +01:00 [INF] Request starting HTTP/1.1 GET http://localhost:5017/ - null null
2024-11-04 15:10:08.078 +01:00 [INF] Executing endpoint 'MyShop.Controllers.HomeController.Index (MyShop)'
2024-11-04 15:10:08.079 +01:00 [INF] Route matched with {action = "Index", controller = "Home", page = "", area = ""}. Executing controller action with signature Microsoft.AspNetCore.Mvc.IActionResult Index() on controller MyShop.Controllers.HomeController (MyShop).
2024-11-04 15:10:08.079 +01:00 [INF] Executing ViewResult, running view Index.
2024-11-04 15:10:08.080 +01:00 [INF] Executed ViewResult - view Index executed in 1.5734ms.
2024-11-04 15:10:08.080 +01:00 [INF] Executed action MyShop.Controllers.HomeController.Index (MyShop) in 1.7865ms
2024-11-04 15:10:08.080 +01:00 [INF] Executed endpoint 'MyShop.Controllers.HomeController.Index (MyShop)'
2024-11-04 15:10:08.080 +01:00 [INF] Request finished HTTP/1.1 GET http://localhost:5017/ - 200 null text/html; charset=utf-8 2.5492ms
2024-11-04 15:10:59.987 +01:00 [INF] Request starting HTTP/1.1 GET http://localhost:5017/Identity/Account/Login - null null
2024-11-04 15:10:59.991 +01:00 [INF] Executing endpoint '/Account/Login'
2024-11-04 15:10:59.992 +01:00 [INF] Route matched with {page = "/Account/Login", area = "Identity", action = "", controller = ""}. Executing page /Account/Login
2024-11-04 15:10:59.995 +01:00 [INF] Executing handler method MyShop.Areas.Identity.Pages.Account.LoginModel.OnGetAsync - ModelState is "Valid"
2024-11-04 15:10:59.995 +01:00 [INF] AuthenticationScheme: Identity.External signed out.
2024-11-04 15:10:59.995 +01:00 [INF] Executed handler method OnGetAsync, returned result .
2024-11-04 15:10:59.995 +01:00 [INF] Executing an implicit handler method - ModelState is "Valid"
2024-11-04 15:10:59.995 +01:00 [INF] Executed an implicit handler method, returned result Microsoft.AspNetCore.Mvc.RazorPages.PageResult.
2024-11-04 15:11:00.000 +01:00 [INF] Executed page /Account/Login in 8.2053ms
2024-11-04 15:11:00.000 +01:00 [INF] Executed endpoint '/Account/Login'
2024-11-04 15:11:00.001 +01:00 [INF] Request finished HTTP/1.1 GET http://localhost:5017/Identity/Account/Login - 200 null text/html; charset=utf-8 13.2269ms
2024-11-04 15:11:00.058 +01:00 [INF] Request starting HTTP/1.1 GET http://localhost:5017/lib/jquery-validation/dist/jquery.validate.min.js - null null
2024-11-04 15:11:00.059 +01:00 [INF] Request finished HTTP/1.1 GET http://localhost:5017/lib/jquery-validation/dist/jquery.validate.min.js - 404 0 null 1.3751ms
2024-11-04 15:11:00.059 +01:00 [INF] Request reached the end of the middleware pipeline without being handled by application code. Request path: GET http://localhost:5017/lib/jquery-validation/dist/jquery.validate.min.js, Response status code: 404
2024-11-04 15:11:00.063 +01:00 [INF] Request starting HTTP/1.1 GET http://localhost:5017/lib/jquery-validation-unobtrusive/jquery.validate.unobtrusive.min.js - null null
2024-11-04 15:11:00.064 +01:00 [INF] Request finished HTTP/1.1 GET http://localhost:5017/lib/jquery-validation-unobtrusive/jquery.validate.unobtrusive.min.js - 404 0 null 0.7449ms
2024-11-04 15:11:00.064 +01:00 [INF] Request reached the end of the middleware pipeline without being handled by application code. Request path: GET http://localhost:5017/lib/jquery-validation-unobtrusive/jquery.validate.unobtrusive.min.js, Response status code: 404
2024-11-04 15:11:04.248 +01:00 [INF] Request starting HTTP/1.1 GET http://localhost:5017/ - null null
2024-11-04 15:11:04.249 +01:00 [INF] Executing endpoint 'MyShop.Controllers.HomeController.Index (MyShop)'
2024-11-04 15:11:04.249 +01:00 [INF] Route matched with {action = "Index", controller = "Home", page = "", area = ""}. Executing controller action with signature Microsoft.AspNetCore.Mvc.IActionResult Index() on controller MyShop.Controllers.HomeController (MyShop).
2024-11-04 15:11:04.249 +01:00 [INF] Executing ViewResult, running view Index.
2024-11-04 15:11:04.250 +01:00 [INF] Executed ViewResult - view Index executed in 1.077ms.
2024-11-04 15:11:04.250 +01:00 [INF] Executed action MyShop.Controllers.HomeController.Index (MyShop) in 1.3383ms
2024-11-04 15:11:04.250 +01:00 [INF] Executed endpoint 'MyShop.Controllers.HomeController.Index (MyShop)'
2024-11-04 15:11:04.250 +01:00 [INF] Request finished HTTP/1.1 GET http://localhost:5017/ - 200 null text/html; charset=utf-8 2.1517ms
2024-11-04 15:11:05.803 +01:00 [INF] Request starting HTTP/1.1 GET http://localhost:5017/Identity/Account/Login - null null
2024-11-04 15:11:05.803 +01:00 [INF] Executing endpoint '/Account/Login'
2024-11-04 15:11:05.804 +01:00 [INF] Route matched with {page = "/Account/Login", area = "Identity", action = "", controller = ""}. Executing page /Account/Login
2024-11-04 15:11:05.805 +01:00 [INF] Executing handler method MyShop.Areas.Identity.Pages.Account.LoginModel.OnGetAsync - ModelState is "Valid"
2024-11-04 15:11:05.806 +01:00 [INF] AuthenticationScheme: Identity.External signed out.
2024-11-04 15:11:05.806 +01:00 [INF] Executed handler method OnGetAsync, returned result .
2024-11-04 15:11:05.806 +01:00 [INF] Executing an implicit handler method - ModelState is "Valid"
2024-11-04 15:11:05.806 +01:00 [INF] Executed an implicit handler method, returned result Microsoft.AspNetCore.Mvc.RazorPages.PageResult.
2024-11-04 15:11:05.808 +01:00 [INF] Executed page /Account/Login in 4.1369ms
2024-11-04 15:11:05.809 +01:00 [INF] Executed endpoint '/Account/Login'
2024-11-04 15:11:05.809 +01:00 [INF] Request finished HTTP/1.1 GET http://localhost:5017/Identity/Account/Login - 200 null text/html; charset=utf-8 5.6025ms
2024-11-04 15:11:05.853 +01:00 [INF] Request starting HTTP/1.1 GET http://localhost:5017/lib/jquery-validation/dist/jquery.validate.min.js - null null
2024-11-04 15:11:05.854 +01:00 [INF] Request finished HTTP/1.1 GET http://localhost:5017/lib/jquery-validation/dist/jquery.validate.min.js - 404 0 null 1.0107ms
2024-11-04 15:11:05.854 +01:00 [INF] Request reached the end of the middleware pipeline without being handled by application code. Request path: GET http://localhost:5017/lib/jquery-validation/dist/jquery.validate.min.js, Response status code: 404
2024-11-04 15:11:05.854 +01:00 [INF] Request starting HTTP/1.1 GET http://localhost:5017/lib/jquery-validation-unobtrusive/jquery.validate.unobtrusive.min.js - null null
2024-11-04 15:11:05.855 +01:00 [INF] Request finished HTTP/1.1 GET http://localhost:5017/lib/jquery-validation-unobtrusive/jquery.validate.unobtrusive.min.js - 404 0 null 1.1551ms
2024-11-04 15:11:05.855 +01:00 [INF] Request reached the end of the middleware pipeline without being handled by application code. Request path: GET http://localhost:5017/lib/jquery-validation-unobtrusive/jquery.validate.unobtrusive.min.js, Response status code: 404
2024-11-04 15:11:07.389 +01:00 [INF] Request starting HTTP/1.1 GET http://localhost:5017/ - null null
2024-11-04 15:11:07.389 +01:00 [INF] Executing endpoint 'MyShop.Controllers.HomeController.Index (MyShop)'
2024-11-04 15:11:07.389 +01:00 [INF] Route matched with {action = "Index", controller = "Home", page = "", area = ""}. Executing controller action with signature Microsoft.AspNetCore.Mvc.IActionResult Index() on controller MyShop.Controllers.HomeController (MyShop).
2024-11-04 15:11:07.389 +01:00 [INF] Executing ViewResult, running view Index.
2024-11-04 15:11:07.391 +01:00 [INF] Executed ViewResult - view Index executed in 1.4642ms.
2024-11-04 15:11:07.391 +01:00 [INF] Executed action MyShop.Controllers.HomeController.Index (MyShop) in 1.6792ms
2024-11-04 15:11:07.391 +01:00 [INF] Executed endpoint 'MyShop.Controllers.HomeController.Index (MyShop)'
2024-11-04 15:11:07.391 +01:00 [INF] Request finished HTTP/1.1 GET http://localhost:5017/ - 200 null text/html; charset=utf-8 2.6573ms
2024-11-04 15:11:09.206 +01:00 [INF] Request starting HTTP/1.1 GET http://localhost:5017/Identity/Account/Login - null null
2024-11-04 15:11:09.207 +01:00 [INF] Executing endpoint '/Account/Login'
2024-11-04 15:11:09.207 +01:00 [INF] Route matched with {page = "/Account/Login", area = "Identity", action = "", controller = ""}. Executing page /Account/Login
2024-11-04 15:11:09.208 +01:00 [INF] Executing handler method MyShop.Areas.Identity.Pages.Account.LoginModel.OnGetAsync - ModelState is "Valid"
2024-11-04 15:11:09.208 +01:00 [INF] AuthenticationScheme: Identity.External signed out.
2024-11-04 15:11:09.208 +01:00 [INF] Executed handler method OnGetAsync, returned result .
2024-11-04 15:11:09.208 +01:00 [INF] Executing an implicit handler method - ModelState is "Valid"
2024-11-04 15:11:09.208 +01:00 [INF] Executed an implicit handler method, returned result Microsoft.AspNetCore.Mvc.RazorPages.PageResult.
2024-11-04 15:11:09.210 +01:00 [INF] Executed page /Account/Login in 3.445ms
2024-11-04 15:11:09.211 +01:00 [INF] Executed endpoint '/Account/Login'
2024-11-04 15:11:09.211 +01:00 [INF] Request finished HTTP/1.1 GET http://localhost:5017/Identity/Account/Login - 200 null text/html; charset=utf-8 4.4607ms
2024-11-04 15:11:09.254 +01:00 [INF] Request starting HTTP/1.1 GET http://localhost:5017/lib/jquery-validation-unobtrusive/jquery.validate.unobtrusive.min.js - null null
2024-11-04 15:11:09.254 +01:00 [INF] Request starting HTTP/1.1 GET http://localhost:5017/lib/jquery-validation/dist/jquery.validate.min.js - null null
2024-11-04 15:11:09.255 +01:00 [INF] Request finished HTTP/1.1 GET http://localhost:5017/lib/jquery-validation/dist/jquery.validate.min.js - 404 0 null 0.8035ms
2024-11-04 15:11:09.255 +01:00 [INF] Request finished HTTP/1.1 GET http://localhost:5017/lib/jquery-validation-unobtrusive/jquery.validate.unobtrusive.min.js - 404 0 null 0.9005ms
2024-11-04 15:11:09.255 +01:00 [INF] Request reached the end of the middleware pipeline without being handled by application code. Request path: GET http://localhost:5017/lib/jquery-validation-unobtrusive/jquery.validate.unobtrusive.min.js, Response status code: 404
2024-11-04 15:11:09.255 +01:00 [INF] Request reached the end of the middleware pipeline without being handled by application code. Request path: GET http://localhost:5017/lib/jquery-validation/dist/jquery.validate.min.js, Response status code: 404
2024-11-04 15:11:10.765 +01:00 [INF] Request starting HTTP/1.1 GET http://localhost:5017/ - null null
2024-11-04 15:11:10.765 +01:00 [INF] Executing endpoint 'MyShop.Controllers.HomeController.Index (MyShop)'
2024-11-04 15:11:10.765 +01:00 [INF] Route matched with {action = "Index", controller = "Home", page = "", area = ""}. Executing controller action with signature Microsoft.AspNetCore.Mvc.IActionResult Index() on controller MyShop.Controllers.HomeController (MyShop).
2024-11-04 15:11:10.765 +01:00 [INF] Executing ViewResult, running view Index.
2024-11-04 15:11:10.767 +01:00 [INF] Executed ViewResult - view Index executed in 1.2039ms.
2024-11-04 15:11:10.767 +01:00 [INF] Executed action MyShop.Controllers.HomeController.Index (MyShop) in 1.4559ms
2024-11-04 15:11:10.767 +01:00 [INF] Executed endpoint 'MyShop.Controllers.HomeController.Index (MyShop)'
2024-11-04 15:11:10.767 +01:00 [INF] Request finished HTTP/1.1 GET http://localhost:5017/ - 200 null text/html; charset=utf-8 2.2239ms
2024-11-04 15:11:12.255 +01:00 [INF] Request starting HTTP/1.1 GET http://localhost:5017/Identity/Account/Login - null null
2024-11-04 15:11:12.256 +01:00 [INF] Executing endpoint '/Account/Login'
2024-11-04 15:11:12.256 +01:00 [INF] Route matched with {page = "/Account/Login", area = "Identity", action = "", controller = ""}. Executing page /Account/Login
2024-11-04 15:11:12.257 +01:00 [INF] Executing handler method MyShop.Areas.Identity.Pages.Account.LoginModel.OnGetAsync - ModelState is "Valid"
2024-11-04 15:11:12.257 +01:00 [INF] AuthenticationScheme: Identity.External signed out.
2024-11-04 15:11:12.257 +01:00 [INF] Executed handler method OnGetAsync, returned result .
2024-11-04 15:11:12.257 +01:00 [INF] Executing an implicit handler method - ModelState is "Valid"
2024-11-04 15:11:12.257 +01:00 [INF] Executed an implicit handler method, returned result Microsoft.AspNetCore.Mvc.RazorPages.PageResult.
2024-11-04 15:11:12.259 +01:00 [INF] Executed page /Account/Login in 2.9754ms
2024-11-04 15:11:12.259 +01:00 [INF] Executed endpoint '/Account/Login'
2024-11-04 15:11:12.259 +01:00 [INF] Request finished HTTP/1.1 GET http://localhost:5017/Identity/Account/Login - 200 null text/html; charset=utf-8 3.963ms
2024-11-04 15:11:12.302 +01:00 [INF] Request starting HTTP/1.1 GET http://localhost:5017/lib/jquery-validation/dist/jquery.validate.min.js - null null
2024-11-04 15:11:12.302 +01:00 [INF] Request starting HTTP/1.1 GET http://localhost:5017/lib/jquery-validation-unobtrusive/jquery.validate.unobtrusive.min.js - null null
2024-11-04 15:11:12.303 +01:00 [INF] Request finished HTTP/1.1 GET http://localhost:5017/lib/jquery-validation-unobtrusive/jquery.validate.unobtrusive.min.js - 404 0 null 0.642ms
2024-11-04 15:11:12.303 +01:00 [INF] Request finished HTTP/1.1 GET http://localhost:5017/lib/jquery-validation/dist/jquery.validate.min.js - 404 0 null 0.9814ms
2024-11-04 15:11:12.303 +01:00 [INF] Request reached the end of the middleware pipeline without being handled by application code. Request path: GET http://localhost:5017/lib/jquery-validation-unobtrusive/jquery.validate.unobtrusive.min.js, Response status code: 404
2024-11-04 15:11:12.303 +01:00 [INF] Request reached the end of the middleware pipeline without being handled by application code. Request path: GET http://localhost:5017/lib/jquery-validation/dist/jquery.validate.min.js, Response status code: 404
2024-11-04 15:11:13.500 +01:00 [INF] Request starting HTTP/1.1 GET http://localhost:5017/ - null null
2024-11-04 15:11:13.500 +01:00 [INF] Executing endpoint 'MyShop.Controllers.HomeController.Index (MyShop)'
2024-11-04 15:11:13.500 +01:00 [INF] Route matched with {action = "Index", controller = "Home", page = "", area = ""}. Executing controller action with signature Microsoft.AspNetCore.Mvc.IActionResult Index() on controller MyShop.Controllers.HomeController (MyShop).
2024-11-04 15:11:13.500 +01:00 [INF] Executing ViewResult, running view Index.
2024-11-04 15:11:13.501 +01:00 [INF] Executed ViewResult - view Index executed in 0.9376ms.
2024-11-04 15:11:13.501 +01:00 [INF] Executed action MyShop.Controllers.HomeController.Index (MyShop) in 1.1053ms
2024-11-04 15:11:13.501 +01:00 [INF] Executed endpoint 'MyShop.Controllers.HomeController.Index (MyShop)'
2024-11-04 15:11:13.502 +01:00 [INF] Request finished HTTP/1.1 GET http://localhost:5017/ - 200 null text/html; charset=utf-8 1.8565ms
2024-11-04 15:11:48.021 +01:00 [INF] Application is shutting down...
