2024-10-18 13:26:23.454 +02:00 [INF] User profile is available. Using 'C:\Users\Hadle\AppData\Local\ASP.NET\DataProtection-Keys' as key repository and Windows DPAPI to encrypt keys at rest.
2024-10-18 13:26:23.505 +02:00 [INF] Now listening on: http://localhost:5017
2024-10-18 13:26:23.508 +02:00 [INF] Application started. Press Ctrl+C to shut down.
2024-10-18 13:26:23.508 +02:00 [INF] Hosting environment: Development
2024-10-18 13:26:23.509 +02:00 [INF] Content root path: C:\Users\Hadle\Downloads\ITPE3200\ITPE3200_Exam_project
2024-10-18 13:26:26.251 +02:00 [INF] Request starting HTTP/1.1 GET http://localhost:5017/ - null null
2024-10-18 13:26:26.278 +02:00 [INF] Executing endpoint 'MyShop.Controllers.HomeController.Index (MyShop)'
2024-10-18 13:26:26.285 +02:00 [INF] Route matched with {action = "Index", controller = "Home"}. Executing controller action with signature Microsoft.AspNetCore.Mvc.IActionResult Index() on controller MyShop.Controllers.HomeController (MyShop).
2024-10-18 13:26:26.294 +02:00 [INF] Executing ViewResult, running view Index.
2024-10-18 13:26:26.334 +02:00 [INF] Executed ViewResult - view Index executed in 40.6722ms.
2024-10-18 13:26:26.335 +02:00 [INF] Executed action MyShop.Controllers.HomeController.Index (MyShop) in 49.9442ms
2024-10-18 13:26:26.335 +02:00 [INF] Executed endpoint 'MyShop.Controllers.HomeController.Index (MyShop)'
2024-10-18 13:26:26.337 +02:00 [INF] Request finished HTTP/1.1 GET http://localhost:5017/ - 200 null text/html; charset=utf-8 87.7091ms
2024-10-18 13:26:36.411 +02:00 [INF] Request starting HTTP/1.1 GET http://localhost:5017/ - null null
2024-10-18 13:26:36.413 +02:00 [INF] Executing endpoint 'MyShop.Controllers.HomeController.Index (MyShop)'
2024-10-18 13:26:36.413 +02:00 [INF] Route matched with {action = "Index", controller = "Home"}. Executing controller action with signature Microsoft.AspNetCore.Mvc.IActionResult Index() on controller MyShop.Controllers.HomeController (MyShop).
2024-10-18 13:26:36.414 +02:00 [INF] Executing ViewResult, running view Index.
2024-10-18 13:26:36.417 +02:00 [INF] Executed ViewResult - view Index executed in 3.4024ms.
2024-10-18 13:26:36.417 +02:00 [INF] Executed action MyShop.Controllers.HomeController.Index (MyShop) in 3.9868ms
2024-10-18 13:26:36.417 +02:00 [INF] Executed endpoint 'MyShop.Controllers.HomeController.Index (MyShop)'
2024-10-18 13:26:36.417 +02:00 [INF] Request finished HTTP/1.1 GET http://localhost:5017/ - 200 null text/html; charset=utf-8 6.1872ms
2024-10-18 13:26:42.268 +02:00 [INF] Application is shutting down...
