2024-10-18 10:48:27.980 +02:00 [INF] User profile is available. Using 'C:\Users\Hadle\AppData\Local\ASP.NET\DataProtection-Keys' as key repository and Windows DPAPI to encrypt keys at rest.
2024-10-18 10:48:28.030 +02:00 [INF] Now listening on: http://localhost:5017
2024-10-18 10:48:28.033 +02:00 [INF] Application started. Press Ctrl+C to shut down.
2024-10-18 10:48:28.033 +02:00 [INF] Hosting environment: Development
2024-10-18 10:48:28.033 +02:00 [INF] Content root path: C:\Users\Hadle\Downloads\ITPE3200\ITPE3200_Exam_project
2024-10-18 10:48:31.148 +02:00 [INF] Request starting HTTP/1.1 GET http://localhost:5017/ - null null
2024-10-18 10:48:31.175 +02:00 [INF] Executing endpoint 'MyShop.Controllers.HomeController.Index (MyShop)'
2024-10-18 10:48:31.183 +02:00 [INF] Route matched with {action = "Index", controller = "Home"}. Executing controller action with signature Microsoft.AspNetCore.Mvc.IActionResult Index() on controller MyShop.Controllers.HomeController (MyShop).
2024-10-18 10:48:31.196 +02:00 [INF] Executing ViewResult, running view Index.
2024-10-18 10:48:31.247 +02:00 [INF] Executed ViewResult - view Index executed in 53.8669ms.
2024-10-18 10:48:31.249 +02:00 [INF] Executed action MyShop.Controllers.HomeController.Index (MyShop) in 64.8771ms
2024-10-18 10:48:31.249 +02:00 [INF] Executed endpoint 'MyShop.Controllers.HomeController.Index (MyShop)'
2024-10-18 10:48:31.250 +02:00 [INF] Request finished HTTP/1.1 GET http://localhost:5017/ - 200 null text/html; charset=utf-8 103.5163ms
2024-10-18 10:48:57.890 +02:00 [INF] Request starting HTTP/1.1 GET http://localhost:5017/ - null null
2024-10-18 10:48:57.890 +02:00 [INF] Executing endpoint 'MyShop.Controllers.HomeController.Index (MyShop)'
2024-10-18 10:48:57.891 +02:00 [INF] Route matched with {action = "Index", controller = "Home"}. Executing controller action with signature Microsoft.AspNetCore.Mvc.IActionResult Index() on controller MyShop.Controllers.HomeController (MyShop).
2024-10-18 10:48:57.891 +02:00 [INF] Executing ViewResult, running view Index.
2024-10-18 10:48:57.894 +02:00 [INF] Executed ViewResult - view Index executed in 3.4946ms.
2024-10-18 10:48:57.895 +02:00 [INF] Executed action MyShop.Controllers.HomeController.Index (MyShop) in 3.9586ms
2024-10-18 10:48:57.895 +02:00 [INF] Executed endpoint 'MyShop.Controllers.HomeController.Index (MyShop)'
2024-10-18 10:48:57.895 +02:00 [INF] Request finished HTTP/1.1 GET http://localhost:5017/ - 200 null text/html; charset=utf-8 5.3582ms
2024-10-18 10:49:24.275 +02:00 [INF] Application is shutting down...
