2024-11-04 13:29:32.513 +01:00 [INF] User profile is available. Using 'C:\Users\Hadle\AppData\Local\ASP.NET\DataProtection-Keys' as key repository and Windows DPAPI to encrypt keys at rest.
2024-11-04 13:29:32.664 +01:00 [INF] Now listening on: http://localhost:5017
2024-11-04 13:29:32.668 +01:00 [INF] Application started. Press Ctrl+C to shut down.
2024-11-04 13:29:32.669 +01:00 [INF] Hosting environment: Development
2024-11-04 13:29:32.669 +01:00 [INF] Content root path: C:\ITPE3200\ITPE3200_Exam_project-main\ITPE3200_Exam_project-main\ITPE3200_Exam_project
2024-11-04 13:29:34.395 +01:00 [INF] Request starting HTTP/1.1 GET http://localhost:5017/ - null null
2024-11-04 13:29:34.433 +01:00 [INF] Executing endpoint 'MyShop.Controllers.HomeController.Index (MyShop)'
2024-11-04 13:29:34.441 +01:00 [INF] Route matched with {action = "Index", controller = "Home", page = "", area = ""}. Executing controller action with signature Microsoft.AspNetCore.Mvc.IActionResult Index() on controller MyShop.Controllers.HomeController (MyShop).
2024-11-04 13:29:34.447 +01:00 [INF] Executing ViewResult, running view Index.
2024-11-04 13:29:34.520 +01:00 [INF] Executed ViewResult - view Index executed in 73.0392ms.
2024-11-04 13:29:34.522 +01:00 [INF] Executed action MyShop.Controllers.HomeController.Index (MyShop) in 79.7166ms
2024-11-04 13:29:34.522 +01:00 [INF] Executed endpoint 'MyShop.Controllers.HomeController.Index (MyShop)'
2024-11-04 13:29:34.524 +01:00 [INF] Request finished HTTP/1.1 GET http://localhost:5017/ - 200 null text/html; charset=utf-8 130.658ms
2024-11-04 13:30:12.277 +01:00 [INF] Request starting HTTP/1.1 GET http://localhost:5017/Customer/Table - null null
2024-11-04 13:30:12.280 +01:00 [INF] Executing endpoint 'MyShop.Controllers.CustomerController.Table (MyShop)'
2024-11-04 13:30:12.284 +01:00 [INF] Route matched with {action = "Table", controller = "Customer", page = "", area = ""}. Executing controller action with signature System.Threading.Tasks.Task`1[Microsoft.AspNetCore.Mvc.IActionResult] Table() on controller MyShop.Controllers.CustomerController (MyShop).
2024-11-04 13:30:12.380 +01:00 [INF] Executing ViewResult, running view Table.
2024-11-04 13:30:12.386 +01:00 [INF] Executed ViewResult - view Table executed in 6.5907ms.
2024-11-04 13:30:12.386 +01:00 [INF] Executed action MyShop.Controllers.CustomerController.Table (MyShop) in 102.2931ms
2024-11-04 13:30:12.386 +01:00 [INF] Executed endpoint 'MyShop.Controllers.CustomerController.Table (MyShop)'
2024-11-04 13:30:12.389 +01:00 [INF] Request finished HTTP/1.1 GET http://localhost:5017/Customer/Table - 200 null text/html; charset=utf-8 111.831ms
2024-11-04 13:30:15.514 +01:00 [INF] Request starting HTTP/1.1 GET http://localhost:5017/ - null null
2024-11-04 13:30:15.516 +01:00 [INF] Executing endpoint 'MyShop.Controllers.HomeController.Index (MyShop)'
2024-11-04 13:30:15.516 +01:00 [INF] Route matched with {action = "Index", controller = "Home", page = "", area = ""}. Executing controller action with signature Microsoft.AspNetCore.Mvc.IActionResult Index() on controller MyShop.Controllers.HomeController (MyShop).
2024-11-04 13:30:15.517 +01:00 [INF] Executing ViewResult, running view Index.
2024-11-04 13:30:15.525 +01:00 [INF] Executed ViewResult - view Index executed in 8.4885ms.
2024-11-04 13:30:15.525 +01:00 [INF] Executed action MyShop.Controllers.HomeController.Index (MyShop) in 8.7566ms
2024-11-04 13:30:15.525 +01:00 [INF] Executed endpoint 'MyShop.Controllers.HomeController.Index (MyShop)'
2024-11-04 13:30:15.525 +01:00 [INF] Request finished HTTP/1.1 GET http://localhost:5017/ - 200 null text/html; charset=utf-8 11.0181ms
2024-11-04 13:30:17.286 +01:00 [INF] Request starting HTTP/1.1 GET http://localhost:5017/Item/Table - null null
2024-11-04 13:30:17.287 +01:00 [INF] Executing endpoint 'MyShop.Controllers.ItemController.Table (MyShop)'
2024-11-04 13:30:17.290 +01:00 [INF] Route matched with {action = "Table", controller = "Item", page = "", area = ""}. Executing controller action with signature System.Threading.Tasks.Task`1[Microsoft.AspNetCore.Mvc.IActionResult] Table() on controller MyShop.Controllers.ItemController (MyShop).
2024-11-04 13:30:17.338 +01:00 [INF] Executing ViewResult, running view Table.
2024-11-04 13:30:17.348 +01:00 [INF] Executed ViewResult - view Table executed in 10.4186ms.
2024-11-04 13:30:17.348 +01:00 [INF] Executed action MyShop.Controllers.ItemController.Table (MyShop) in 57.9252ms
2024-11-04 13:30:17.348 +01:00 [INF] Executed endpoint 'MyShop.Controllers.ItemController.Table (MyShop)'
2024-11-04 13:30:17.349 +01:00 [INF] Request finished HTTP/1.1 GET http://localhost:5017/Item/Table - 200 null text/html; charset=utf-8 62.1705ms
2024-11-04 13:30:18.788 +01:00 [INF] Request starting HTTP/1.1 GET http://localhost:5017/ - null null
2024-11-04 13:30:18.789 +01:00 [INF] Executing endpoint 'MyShop.Controllers.HomeController.Index (MyShop)'
2024-11-04 13:30:18.789 +01:00 [INF] Route matched with {action = "Index", controller = "Home", page = "", area = ""}. Executing controller action with signature Microsoft.AspNetCore.Mvc.IActionResult Index() on controller MyShop.Controllers.HomeController (MyShop).
2024-11-04 13:30:18.789 +01:00 [INF] Executing ViewResult, running view Index.
2024-11-04 13:30:18.790 +01:00 [INF] Executed ViewResult - view Index executed in 1.0325ms.
2024-11-04 13:30:18.790 +01:00 [INF] Executed action MyShop.Controllers.HomeController.Index (MyShop) in 1.1707ms
2024-11-04 13:30:18.790 +01:00 [INF] Executed endpoint 'MyShop.Controllers.HomeController.Index (MyShop)'
2024-11-04 13:30:18.790 +01:00 [INF] Request finished HTTP/1.1 GET http://localhost:5017/ - 200 null text/html; charset=utf-8 1.883ms
2024-11-04 13:30:19.977 +01:00 [INF] Request starting HTTP/1.1 GET http://localhost:5017/Item/Create - null null
2024-11-04 13:30:19.984 +01:00 [INF] Authorization failed. These requirements were not met:
DenyAnonymousAuthorizationRequirement: Requires an authenticated user.
2024-11-04 13:30:19.986 +01:00 [INF] AuthenticationScheme: Identity.Application was challenged.
2024-11-04 13:30:19.987 +01:00 [INF] Request finished HTTP/1.1 GET http://localhost:5017/Item/Create - 302 0 null 10.037ms
2024-11-04 13:30:19.990 +01:00 [INF] Request starting HTTP/1.1 GET http://localhost:5017/Identity/Account/Login?ReturnUrl=%2FItem%2FCreate - null null
2024-11-04 13:30:19.990 +01:00 [INF] Executing endpoint '/Account/Login'
2024-11-04 13:30:20.004 +01:00 [INF] Route matched with {page = "/Account/Login", area = "Identity", action = "", controller = ""}. Executing page /Account/Login
2024-11-04 13:30:20.018 +01:00 [INF] Executing handler method MyShop.Areas.Identity.Pages.Account.LoginModel.OnGetAsync - ModelState is "Valid"
2024-11-04 13:30:20.022 +01:00 [INF] AuthenticationScheme: Identity.External signed out.
2024-11-04 13:30:20.023 +01:00 [INF] Executed handler method OnGetAsync, returned result .
2024-11-04 13:30:20.024 +01:00 [INF] Executing an implicit handler method - ModelState is "Valid"
2024-11-04 13:30:20.025 +01:00 [INF] Executed an implicit handler method, returned result Microsoft.AspNetCore.Mvc.RazorPages.PageResult.
2024-11-04 13:30:20.057 +01:00 [INF] Executed page /Account/Login in 52.9403ms
2024-11-04 13:30:20.057 +01:00 [INF] Executed endpoint '/Account/Login'
2024-11-04 13:30:20.057 +01:00 [INF] Request finished HTTP/1.1 GET http://localhost:5017/Identity/Account/Login?ReturnUrl=%2FItem%2FCreate - 200 null text/html; charset=utf-8 67.6215ms
2024-11-04 13:30:20.078 +01:00 [INF] Request starting HTTP/1.1 GET http://localhost:5017/lib/jquery-validation/dist/jquery.validate.min.js - null null
2024-11-04 13:30:20.078 +01:00 [INF] Request starting HTTP/1.1 GET http://localhost:5017/lib/jquery-validation-unobtrusive/jquery.validate.unobtrusive.min.js - null null
2024-11-04 13:30:20.079 +01:00 [INF] Request finished HTTP/1.1 GET http://localhost:5017/lib/jquery-validation-unobtrusive/jquery.validate.unobtrusive.min.js - 404 0 null 0.9873ms
2024-11-04 13:30:20.079 +01:00 [INF] Request finished HTTP/1.1 GET http://localhost:5017/lib/jquery-validation/dist/jquery.validate.min.js - 404 0 null 1.4586ms
2024-11-04 13:30:20.079 +01:00 [INF] Request reached the end of the middleware pipeline without being handled by application code. Request path: GET http://localhost:5017/lib/jquery-validation-unobtrusive/jquery.validate.unobtrusive.min.js, Response status code: 404
2024-11-04 13:30:20.079 +01:00 [INF] Request reached the end of the middleware pipeline without being handled by application code. Request path: GET http://localhost:5017/lib/jquery-validation/dist/jquery.validate.min.js, Response status code: 404
2024-11-04 13:30:21.862 +01:00 [INF] Request starting HTTP/1.1 GET http://localhost:5017/ - null null
2024-11-04 13:30:21.862 +01:00 [INF] Executing endpoint 'MyShop.Controllers.HomeController.Index (MyShop)'
2024-11-04 13:30:21.862 +01:00 [INF] Route matched with {action = "Index", controller = "Home", page = "", area = ""}. Executing controller action with signature Microsoft.AspNetCore.Mvc.IActionResult Index() on controller MyShop.Controllers.HomeController (MyShop).
2024-11-04 13:30:21.862 +01:00 [INF] Executing ViewResult, running view Index.
2024-11-04 13:30:21.863 +01:00 [INF] Executed ViewResult - view Index executed in 0.825ms.
2024-11-04 13:30:21.863 +01:00 [INF] Executed action MyShop.Controllers.HomeController.Index (MyShop) in 0.9488ms
2024-11-04 13:30:21.863 +01:00 [INF] Executed endpoint 'MyShop.Controllers.HomeController.Index (MyShop)'
2024-11-04 13:30:21.863 +01:00 [INF] Request finished HTTP/1.1 GET http://localhost:5017/ - 200 null text/html; charset=utf-8 1.6363ms
2024-11-04 13:31:20.314 +01:00 [INF] Application is shutting down...
