2024-11-04 10:46:40.135 +01:00 [INF] User profile is available. Using 'C:\Users\jovan\AppData\Local\ASP.NET\DataProtection-Keys' as key repository and Windows DPAPI to encrypt keys at rest.
2024-11-04 10:46:40.288 +01:00 [INF] Now listening on: http://localhost:5017
2024-11-04 10:46:40.293 +01:00 [INF] Application started. Press Ctrl+C to shut down.
2024-11-04 10:46:40.294 +01:00 [INF] Hosting environment: Development
2024-11-04 10:46:40.294 +01:00 [INF] Content root path: C:\TestMappe\Eksamen\ITPE3200_Exam_project
2024-11-04 10:46:42.064 +01:00 [INF] Request starting HTTP/1.1 GET http://localhost:5017/ - null null
2024-11-04 10:46:42.096 +01:00 [INF] Identity.Application was not authenticated. Failure message: Unprotect ticket failed
2024-11-04 10:46:42.100 +01:00 [INF] Executing endpoint 'MyShop.Controllers.HomeController.Index (MyShop)'
2024-11-04 10:46:42.109 +01:00 [INF] Route matched with {action = "Index", controller = "Home", page = "", area = ""}. Executing controller action with signature Microsoft.AspNetCore.Mvc.IActionResult Index() on controller MyShop.Controllers.HomeController (MyShop).
2024-11-04 10:46:42.117 +01:00 [INF] Executing ViewResult, running view Index.
2024-11-04 10:46:42.203 +01:00 [INF] Executed ViewResult - view Index executed in 87.7414ms.
2024-11-04 10:46:42.205 +01:00 [INF] Executed action MyShop.Controllers.HomeController.Index (MyShop) in 95.4935ms
2024-11-04 10:46:42.205 +01:00 [INF] Executed endpoint 'MyShop.Controllers.HomeController.Index (MyShop)'
2024-11-04 10:46:42.208 +01:00 [INF] Request finished HTTP/1.1 GET http://localhost:5017/ - 200 null text/html; charset=utf-8 145.5187ms
2024-11-04 10:46:42.244 +01:00 [INF] Request starting HTTP/1.1 GET http://localhost:5017/images/logo.png - null null
2024-11-04 10:46:42.249 +01:00 [INF] The file /images/logo.png was not modified
2024-11-04 10:46:42.249 +01:00 [INF] Request finished HTTP/1.1 GET http://localhost:5017/images/logo.png - 304 null image/png 5.3249ms
2024-11-04 10:46:47.494 +01:00 [INF] Request starting HTTP/1.1 GET http://localhost:5017/Identity/Account/Login - null null
2024-11-04 10:46:47.496 +01:00 [INF] Identity.Application was not authenticated. Failure message: Unprotect ticket failed
2024-11-04 10:46:47.497 +01:00 [INF] Executing endpoint '/Account/Login'
2024-11-04 10:46:47.512 +01:00 [INF] Route matched with {page = "/Account/Login", area = "Identity", action = "", controller = ""}. Executing page /Account/Login
2024-11-04 10:46:47.525 +01:00 [INF] Executing handler method MyShop.Areas.Identity.Pages.Account.LoginModel.OnGetAsync - ModelState is "Valid"
2024-11-04 10:46:47.529 +01:00 [INF] AuthenticationScheme: Identity.External signed out.
2024-11-04 10:46:47.530 +01:00 [INF] Executed handler method OnGetAsync, returned result .
2024-11-04 10:46:47.532 +01:00 [INF] Executing an implicit handler method - ModelState is "Valid"
2024-11-04 10:46:47.533 +01:00 [INF] Executed an implicit handler method, returned result Microsoft.AspNetCore.Mvc.RazorPages.PageResult.
2024-11-04 10:46:47.578 +01:00 [INF] Executed page /Account/Login in 65.3365ms
2024-11-04 10:46:47.578 +01:00 [INF] Executed endpoint '/Account/Login'
2024-11-04 10:46:47.578 +01:00 [INF] Request finished HTTP/1.1 GET http://localhost:5017/Identity/Account/Login - 200 null text/html; charset=utf-8 84.53ms
2024-11-04 10:46:47.597 +01:00 [INF] Request starting HTTP/1.1 GET http://localhost:5017/images/Facebook.png - null null
2024-11-04 10:46:47.600 +01:00 [INF] Identity.Application was not authenticated. Failure message: Unprotect ticket failed
2024-11-04 10:46:47.600 +01:00 [INF] Request finished HTTP/1.1 GET http://localhost:5017/images/Facebook.png - 404 0 null 2.8434ms
2024-11-04 10:46:47.602 +01:00 [INF] Request reached the end of the middleware pipeline without being handled by application code. Request path: GET http://localhost:5017/images/Facebook.png, Response status code: 404
2024-11-04 10:46:47.617 +01:00 [INF] Request starting HTTP/1.1 GET http://localhost:5017/images/Twitter.png - null null
2024-11-04 10:46:47.618 +01:00 [INF] Identity.Application was not authenticated. Failure message: Unprotect ticket failed
2024-11-04 10:46:47.618 +01:00 [INF] Request starting HTTP/1.1 GET http://localhost:5017/images/Google.png - null null
2024-11-04 10:46:47.618 +01:00 [INF] Request finished HTTP/1.1 GET http://localhost:5017/images/Twitter.png - 404 0 null 1.0125ms
2024-11-04 10:46:47.619 +01:00 [INF] Request reached the end of the middleware pipeline without being handled by application code. Request path: GET http://localhost:5017/images/Twitter.png, Response status code: 404
2024-11-04 10:46:47.619 +01:00 [INF] Identity.Application was not authenticated. Failure message: Unprotect ticket failed
2024-11-04 10:46:47.619 +01:00 [INF] Request finished HTTP/1.1 GET http://localhost:5017/images/Google.png - 404 0 null 0.6317ms
2024-11-04 10:46:47.619 +01:00 [INF] Request reached the end of the middleware pipeline without being handled by application code. Request path: GET http://localhost:5017/images/Google.png, Response status code: 404
2024-11-04 10:46:47.625 +01:00 [INF] Request starting HTTP/1.1 GET http://localhost:5017/images/Linkedin.png - null null
2024-11-04 10:46:47.626 +01:00 [INF] Request starting HTTP/1.1 GET http://localhost:5017/lib/jquery-validation/dist/jquery.validate.min.js - null null
2024-11-04 10:46:47.626 +01:00 [INF] Request starting HTTP/1.1 GET http://localhost:5017/lib/jquery-validation-unobtrusive/jquery.validate.unobtrusive.min.js - null null
2024-11-04 10:46:47.626 +01:00 [INF] Identity.Application was not authenticated. Failure message: Unprotect ticket failed
2024-11-04 10:46:47.626 +01:00 [INF] Request finished HTTP/1.1 GET http://localhost:5017/images/Linkedin.png - 404 0 null 1.1538ms
2024-11-04 10:46:47.626 +01:00 [INF] Identity.Application was not authenticated. Failure message: Unprotect ticket failed
2024-11-04 10:46:47.626 +01:00 [INF] Identity.Application was not authenticated. Failure message: Unprotect ticket failed
2024-11-04 10:46:47.627 +01:00 [INF] Request reached the end of the middleware pipeline without being handled by application code. Request path: GET http://localhost:5017/images/Linkedin.png, Response status code: 404
2024-11-04 10:46:47.627 +01:00 [INF] Request finished HTTP/1.1 GET http://localhost:5017/lib/jquery-validation/dist/jquery.validate.min.js - 404 0 null 0.8879ms
2024-11-04 10:46:47.627 +01:00 [INF] Request finished HTTP/1.1 GET http://localhost:5017/lib/jquery-validation-unobtrusive/jquery.validate.unobtrusive.min.js - 404 0 null 0.6644ms
2024-11-04 10:46:47.627 +01:00 [INF] Request reached the end of the middleware pipeline without being handled by application code. Request path: GET http://localhost:5017/lib/jquery-validation/dist/jquery.validate.min.js, Response status code: 404
2024-11-04 10:46:47.627 +01:00 [INF] Request reached the end of the middleware pipeline without being handled by application code. Request path: GET http://localhost:5017/lib/jquery-validation-unobtrusive/jquery.validate.unobtrusive.min.js, Response status code: 404
2024-11-04 10:47:07.975 +01:00 [INF] Request starting HTTP/1.1 GET http://localhost:5017/Identity/Account/Login - null null
2024-11-04 10:47:07.982 +01:00 [INF] Identity.Application was not authenticated. Failure message: Unprotect ticket failed
2024-11-04 10:47:07.983 +01:00 [INF] Executing endpoint '/Account/Login'
2024-11-04 10:47:07.984 +01:00 [INF] Route matched with {page = "/Account/Login", area = "Identity", action = "", controller = ""}. Executing page /Account/Login
2024-11-04 10:47:08.003 +01:00 [INF] Executing handler method MyShop.Areas.Identity.Pages.Account.LoginModel.OnGetAsync - ModelState is "Valid"
2024-11-04 10:47:08.004 +01:00 [INF] AuthenticationScheme: Identity.External signed out.
2024-11-04 10:47:08.004 +01:00 [INF] Executed handler method OnGetAsync, returned result .
2024-11-04 10:47:08.004 +01:00 [INF] Executing an implicit handler method - ModelState is "Valid"
2024-11-04 10:47:08.004 +01:00 [INF] Executed an implicit handler method, returned result Microsoft.AspNetCore.Mvc.RazorPages.PageResult.
2024-11-04 10:47:08.014 +01:00 [INF] Executed page /Account/Login in 30.3267ms
2024-11-04 10:47:08.014 +01:00 [INF] Executed endpoint '/Account/Login'
2024-11-04 10:47:08.015 +01:00 [INF] Request finished HTTP/1.1 GET http://localhost:5017/Identity/Account/Login - 200 null text/html; charset=utf-8 39.2913ms
2024-11-04 10:47:08.040 +01:00 [INF] Request starting HTTP/1.1 GET http://localhost:5017/images/Facebook.png - null null
2024-11-04 10:47:08.041 +01:00 [INF] Identity.Application was not authenticated. Failure message: Unprotect ticket failed
2024-11-04 10:47:08.041 +01:00 [INF] Request finished HTTP/1.1 GET http://localhost:5017/images/Facebook.png - 404 0 null 0.8191ms
2024-11-04 10:47:08.041 +01:00 [INF] Request reached the end of the middleware pipeline without being handled by application code. Request path: GET http://localhost:5017/images/Facebook.png, Response status code: 404
2024-11-04 10:47:08.051 +01:00 [INF] Request starting HTTP/1.1 GET http://localhost:5017/images/Google.png - null null
2024-11-04 10:47:08.051 +01:00 [INF] Request starting HTTP/1.1 GET http://localhost:5017/images/Twitter.png - null null
2024-11-04 10:47:08.051 +01:00 [INF] Identity.Application was not authenticated. Failure message: Unprotect ticket failed
2024-11-04 10:47:08.051 +01:00 [INF] Request finished HTTP/1.1 GET http://localhost:5017/images/Twitter.png - 404 0 null 0.6309ms
2024-11-04 10:47:08.052 +01:00 [INF] Request reached the end of the middleware pipeline without being handled by application code. Request path: GET http://localhost:5017/images/Twitter.png, Response status code: 404
2024-11-04 10:47:08.052 +01:00 [INF] Identity.Application was not authenticated. Failure message: Unprotect ticket failed
2024-11-04 10:47:08.052 +01:00 [INF] Request finished HTTP/1.1 GET http://localhost:5017/images/Google.png - 404 0 null 0.9955ms
2024-11-04 10:47:08.052 +01:00 [INF] Request reached the end of the middleware pipeline without being handled by application code. Request path: GET http://localhost:5017/images/Google.png, Response status code: 404
2024-11-04 10:47:08.056 +01:00 [INF] Request starting HTTP/1.1 GET http://localhost:5017/images/Linkedin.png - null null
2024-11-04 10:47:08.056 +01:00 [INF] Request starting HTTP/1.1 GET http://localhost:5017/lib/jquery-validation/dist/jquery.validate.min.js - null null
2024-11-04 10:47:08.056 +01:00 [INF] Request starting HTTP/1.1 GET http://localhost:5017/lib/jquery-validation-unobtrusive/jquery.validate.unobtrusive.min.js - null null
2024-11-04 10:47:08.057 +01:00 [INF] Identity.Application was not authenticated. Failure message: Unprotect ticket failed
2024-11-04 10:47:08.057 +01:00 [INF] Identity.Application was not authenticated. Failure message: Unprotect ticket failed
2024-11-04 10:47:08.057 +01:00 [INF] Identity.Application was not authenticated. Failure message: Unprotect ticket failed
2024-11-04 10:47:08.058 +01:00 [INF] Request finished HTTP/1.1 GET http://localhost:5017/images/Linkedin.png - 404 0 null 1.2713ms
2024-11-04 10:47:08.058 +01:00 [INF] Request reached the end of the middleware pipeline without being handled by application code. Request path: GET http://localhost:5017/images/Linkedin.png, Response status code: 404
2024-11-04 10:47:08.058 +01:00 [INF] Request finished HTTP/1.1 GET http://localhost:5017/lib/jquery-validation/dist/jquery.validate.min.js - 404 0 null 1.4291ms
2024-11-04 10:47:08.058 +01:00 [INF] Request finished HTTP/1.1 GET http://localhost:5017/lib/jquery-validation-unobtrusive/jquery.validate.unobtrusive.min.js - 404 0 null 1.404ms
2024-11-04 10:47:08.058 +01:00 [INF] Request reached the end of the middleware pipeline without being handled by application code. Request path: GET http://localhost:5017/lib/jquery-validation/dist/jquery.validate.min.js, Response status code: 404
2024-11-04 10:47:08.058 +01:00 [INF] Request reached the end of the middleware pipeline without being handled by application code. Request path: GET http://localhost:5017/lib/jquery-validation-unobtrusive/jquery.validate.unobtrusive.min.js, Response status code: 404
2024-11-04 10:47:23.190 +01:00 [INF] Request starting HTTP/1.1 GET http://localhost:5017/Identity/Account/Login - null null
2024-11-04 10:47:23.191 +01:00 [INF] Identity.Application was not authenticated. Failure message: Unprotect ticket failed
2024-11-04 10:47:23.191 +01:00 [INF] Executing endpoint '/Account/Login'
2024-11-04 10:47:23.192 +01:00 [INF] Route matched with {page = "/Account/Login", area = "Identity", action = "", controller = ""}. Executing page /Account/Login
2024-11-04 10:47:23.193 +01:00 [INF] Executing handler method MyShop.Areas.Identity.Pages.Account.LoginModel.OnGetAsync - ModelState is "Valid"
2024-11-04 10:47:23.193 +01:00 [INF] AuthenticationScheme: Identity.External signed out.
2024-11-04 10:47:23.193 +01:00 [INF] Executed handler method OnGetAsync, returned result .
2024-11-04 10:47:23.193 +01:00 [INF] Executing an implicit handler method - ModelState is "Valid"
2024-11-04 10:47:23.193 +01:00 [INF] Executed an implicit handler method, returned result Microsoft.AspNetCore.Mvc.RazorPages.PageResult.
2024-11-04 10:47:23.197 +01:00 [INF] Executed page /Account/Login in 5.002ms
2024-11-04 10:47:23.197 +01:00 [INF] Executed endpoint '/Account/Login'
2024-11-04 10:47:23.197 +01:00 [INF] Request finished HTTP/1.1 GET http://localhost:5017/Identity/Account/Login - 200 null text/html; charset=utf-8 6.9783ms
2024-11-04 10:47:23.221 +01:00 [INF] Request starting HTTP/1.1 GET http://localhost:5017/images/Facebook.png - null null
2024-11-04 10:47:23.221 +01:00 [INF] Identity.Application was not authenticated. Failure message: Unprotect ticket failed
2024-11-04 10:47:23.222 +01:00 [INF] Request finished HTTP/1.1 GET http://localhost:5017/images/Facebook.png - 404 0 null 1.0513ms
2024-11-04 10:47:23.222 +01:00 [INF] Request reached the end of the middleware pipeline without being handled by application code. Request path: GET http://localhost:5017/images/Facebook.png, Response status code: 404
2024-11-04 10:47:23.239 +01:00 [INF] Request starting HTTP/1.1 GET http://localhost:5017/images/Twitter.png - null null
2024-11-04 10:47:23.239 +01:00 [INF] Request starting HTTP/1.1 GET http://localhost:5017/images/Google.png - null null
2024-11-04 10:47:23.239 +01:00 [INF] Identity.Application was not authenticated. Failure message: Unprotect ticket failed
2024-11-04 10:47:23.239 +01:00 [INF] Identity.Application was not authenticated. Failure message: Unprotect ticket failed
2024-11-04 10:47:23.240 +01:00 [INF] Request finished HTTP/1.1 GET http://localhost:5017/images/Google.png - 404 0 null 1.0697ms
2024-11-04 10:47:23.240 +01:00 [INF] Request finished HTTP/1.1 GET http://localhost:5017/images/Twitter.png - 404 0 null 1.0688ms
2024-11-04 10:47:23.240 +01:00 [INF] Request reached the end of the middleware pipeline without being handled by application code. Request path: GET http://localhost:5017/images/Google.png, Response status code: 404
2024-11-04 10:47:23.240 +01:00 [INF] Request reached the end of the middleware pipeline without being handled by application code. Request path: GET http://localhost:5017/images/Twitter.png, Response status code: 404
2024-11-04 10:47:23.246 +01:00 [INF] Request starting HTTP/1.1 GET http://localhost:5017/lib/jquery-validation/dist/jquery.validate.min.js - null null
2024-11-04 10:47:23.246 +01:00 [INF] Request starting HTTP/1.1 GET http://localhost:5017/lib/jquery-validation-unobtrusive/jquery.validate.unobtrusive.min.js - null null
2024-11-04 10:47:23.246 +01:00 [INF] Request starting HTTP/1.1 GET http://localhost:5017/images/Linkedin.png - null null
2024-11-04 10:47:23.246 +01:00 [INF] Identity.Application was not authenticated. Failure message: Unprotect ticket failed
2024-11-04 10:47:23.247 +01:00 [INF] Identity.Application was not authenticated. Failure message: Unprotect ticket failed
2024-11-04 10:47:23.247 +01:00 [INF] Request finished HTTP/1.1 GET http://localhost:5017/lib/jquery-validation/dist/jquery.validate.min.js - 404 0 null 1.0229ms
2024-11-04 10:47:23.247 +01:00 [INF] Identity.Application was not authenticated. Failure message: Unprotect ticket failed
2024-11-04 10:47:23.247 +01:00 [INF] Request reached the end of the middleware pipeline without being handled by application code. Request path: GET http://localhost:5017/lib/jquery-validation/dist/jquery.validate.min.js, Response status code: 404
2024-11-04 10:47:23.247 +01:00 [INF] Request finished HTTP/1.1 GET http://localhost:5017/images/Linkedin.png - 404 0 null 1.2564ms
2024-11-04 10:47:23.247 +01:00 [INF] Request reached the end of the middleware pipeline without being handled by application code. Request path: GET http://localhost:5017/images/Linkedin.png, Response status code: 404
2024-11-04 10:47:23.247 +01:00 [INF] Request finished HTTP/1.1 GET http://localhost:5017/lib/jquery-validation-unobtrusive/jquery.validate.unobtrusive.min.js - 404 0 null 1.4651ms
2024-11-04 10:47:23.247 +01:00 [INF] Request reached the end of the middleware pipeline without being handled by application code. Request path: GET http://localhost:5017/lib/jquery-validation-unobtrusive/jquery.validate.unobtrusive.min.js, Response status code: 404
