2024-10-18 10:48:59.761 +02:00 [INF] User profile is available. Using 'C:\Users\jovan\AppData\Local\ASP.NET\DataProtection-Keys' as key repository and Windows DPAPI to encrypt keys at rest.
2024-10-18 10:48:59.801 +02:00 [INF] Now listening on: http://localhost:5017
2024-10-18 10:48:59.804 +02:00 [INF] Application started. Press Ctrl+C to shut down.
2024-10-18 10:48:59.804 +02:00 [INF] Hosting environment: Development
2024-10-18 10:48:59.804 +02:00 [INF] Content root path: C:\TestMappe\ITPE3200_Exam_project
2024-10-18 10:49:02.449 +02:00 [INF] Request starting HTTP/1.1 GET http://localhost:5017/ - null null
2024-10-18 10:49:02.470 +02:00 [INF] Executing endpoint 'MyShop.Controllers.HomeController.Index (MyShop)'
2024-10-18 10:49:02.477 +02:00 [INF] Route matched with {action = "Index", controller = "Home"}. Executing controller action with signature Microsoft.AspNetCore.Mvc.IActionResult Index() on controller MyShop.Controllers.HomeController (MyShop).
2024-10-18 10:49:02.484 +02:00 [INF] Executing ViewResult, running view Index.
2024-10-18 10:49:02.540 +02:00 [INF] Executed ViewResult - view Index executed in 53.9763ms.
2024-10-18 10:49:02.542 +02:00 [INF] Executed action MyShop.Controllers.HomeController.Index (MyShop) in 64.713ms
2024-10-18 10:49:02.542 +02:00 [INF] Executed endpoint 'MyShop.Controllers.HomeController.Index (MyShop)'
2024-10-18 10:49:02.544 +02:00 [INF] Request finished HTTP/1.1 GET http://localhost:5017/ - 200 null text/html; charset=utf-8 95.89ms
2024-10-18 10:49:08.550 +02:00 [INF] Request starting HTTP/1.1 GET http://localhost:5017/Customer/Table - null null
2024-10-18 10:49:08.552 +02:00 [INF] Executing endpoint 'MyShop.Controllers.CustomerController.Table (MyShop)'
2024-10-18 10:49:08.556 +02:00 [INF] Route matched with {action = "Table", controller = "Customer"}. Executing controller action with signature System.Threading.Tasks.Task`1[Microsoft.AspNetCore.Mvc.IActionResult] Table() on controller MyShop.Controllers.CustomerController (MyShop).
2024-10-18 10:49:08.660 +02:00 [INF] Executing ViewResult, running view Table.
2024-10-18 10:49:08.721 +02:00 [INF] Executed ViewResult - view Table executed in 62.159ms.
2024-10-18 10:49:08.721 +02:00 [INF] Executed action MyShop.Controllers.CustomerController.Table (MyShop) in 164.8332ms
2024-10-18 10:49:08.721 +02:00 [INF] Executed endpoint 'MyShop.Controllers.CustomerController.Table (MyShop)'
2024-10-18 10:49:08.725 +02:00 [INF] Request finished HTTP/1.1 GET http://localhost:5017/Customer/Table - 200 null text/html; charset=utf-8 174.7028ms
2024-10-18 10:49:09.514 +02:00 [INF] Request starting HTTP/1.1 GET http://localhost:5017/Item/Table - null null
2024-10-18 10:49:09.516 +02:00 [INF] Executing endpoint 'MyShop.Controllers.ItemController.Table (MyShop)'
2024-10-18 10:49:09.520 +02:00 [INF] Route matched with {action = "Table", controller = "Item"}. Executing controller action with signature System.Threading.Tasks.Task`1[Microsoft.AspNetCore.Mvc.IActionResult] Table() on controller MyShop.Controllers.ItemController (MyShop).
2024-10-18 10:49:09.578 +02:00 [INF] Executing ViewResult, running view Table.
2024-10-18 10:49:09.587 +02:00 [INF] Executed ViewResult - view Table executed in 10.8122ms.
2024-10-18 10:49:09.587 +02:00 [INF] Executed action MyShop.Controllers.ItemController.Table (MyShop) in 66.8134ms
2024-10-18 10:49:09.587 +02:00 [INF] Executed endpoint 'MyShop.Controllers.ItemController.Table (MyShop)'
2024-10-18 10:49:09.587 +02:00 [INF] Request finished HTTP/1.1 GET http://localhost:5017/Item/Table - 200 null text/html; charset=utf-8 72.8394ms
2024-10-18 10:49:12.136 +02:00 [INF] Request starting HTTP/1.1 GET http://localhost:5017/Item/Create - null null
2024-10-18 10:49:12.139 +02:00 [INF] Executing endpoint 'MyShop.Controllers.ItemController.Create (MyShop)'
2024-10-18 10:49:12.141 +02:00 [INF] Route matched with {action = "Create", controller = "Item"}. Executing controller action with signature Microsoft.AspNetCore.Mvc.IActionResult Create() on controller MyShop.Controllers.ItemController (MyShop).
2024-10-18 10:49:12.143 +02:00 [INF] Executing ViewResult, running view Create.
2024-10-18 10:49:12.247 +02:00 [INF] Executed ViewResult - view Create executed in 105.6856ms.
2024-10-18 10:49:12.248 +02:00 [INF] Executed action MyShop.Controllers.ItemController.Create (MyShop) in 106.6851ms
2024-10-18 10:49:12.248 +02:00 [INF] Executed endpoint 'MyShop.Controllers.ItemController.Create (MyShop)'
2024-10-18 10:49:12.248 +02:00 [INF] Request finished HTTP/1.1 GET http://localhost:5017/Item/Create - 200 null text/html; charset=utf-8 112.2114ms
2024-10-18 10:49:32.648 +02:00 [INF] Request starting HTTP/1.1 GET http://localhost:5017/Item/Table - null null
2024-10-18 10:49:32.648 +02:00 [INF] Executing endpoint 'MyShop.Controllers.ItemController.Table (MyShop)'
2024-10-18 10:49:32.648 +02:00 [INF] Route matched with {action = "Table", controller = "Item"}. Executing controller action with signature System.Threading.Tasks.Task`1[Microsoft.AspNetCore.Mvc.IActionResult] Table() on controller MyShop.Controllers.ItemController (MyShop).
2024-10-18 10:49:32.653 +02:00 [INF] Executing ViewResult, running view Table.
2024-10-18 10:49:32.655 +02:00 [INF] Executed ViewResult - view Table executed in 1.9717ms.
2024-10-18 10:49:32.655 +02:00 [INF] Executed action MyShop.Controllers.ItemController.Table (MyShop) in 7.0099ms
2024-10-18 10:49:32.655 +02:00 [INF] Executed endpoint 'MyShop.Controllers.ItemController.Table (MyShop)'
2024-10-18 10:49:32.656 +02:00 [INF] Request finished HTTP/1.1 GET http://localhost:5017/Item/Table - 200 null text/html; charset=utf-8 7.7501ms
2024-10-18 10:49:35.409 +02:00 [INF] Request starting HTTP/1.1 GET http://localhost:5017/Customer/Table - null null
2024-10-18 10:49:35.409 +02:00 [INF] Executing endpoint 'MyShop.Controllers.CustomerController.Table (MyShop)'
2024-10-18 10:49:35.410 +02:00 [INF] Route matched with {action = "Table", controller = "Customer"}. Executing controller action with signature System.Threading.Tasks.Task`1[Microsoft.AspNetCore.Mvc.IActionResult] Table() on controller MyShop.Controllers.CustomerController (MyShop).
2024-10-18 10:49:35.412 +02:00 [INF] Executing ViewResult, running view Table.
2024-10-18 10:49:35.416 +02:00 [INF] Executed ViewResult - view Table executed in 4.4277ms.
2024-10-18 10:49:35.416 +02:00 [INF] Executed action MyShop.Controllers.CustomerController.Table (MyShop) in 6.5689ms
2024-10-18 10:49:35.416 +02:00 [INF] Executed endpoint 'MyShop.Controllers.CustomerController.Table (MyShop)'
2024-10-18 10:49:35.417 +02:00 [INF] Request finished HTTP/1.1 GET http://localhost:5017/Customer/Table - 200 null text/html; charset=utf-8 7.5506ms
2024-10-18 10:49:36.220 +02:00 [INF] Request starting HTTP/1.1 GET http://localhost:5017/Item/Table - null null
2024-10-18 10:49:36.220 +02:00 [INF] Executing endpoint 'MyShop.Controllers.ItemController.Table (MyShop)'
2024-10-18 10:49:36.220 +02:00 [INF] Route matched with {action = "Table", controller = "Item"}. Executing controller action with signature System.Threading.Tasks.Task`1[Microsoft.AspNetCore.Mvc.IActionResult] Table() on controller MyShop.Controllers.ItemController (MyShop).
2024-10-18 10:49:36.222 +02:00 [INF] Executing ViewResult, running view Table.
2024-10-18 10:49:36.224 +02:00 [INF] Executed ViewResult - view Table executed in 1.7909ms.
2024-10-18 10:49:36.224 +02:00 [INF] Executed action MyShop.Controllers.ItemController.Table (MyShop) in 3.8539ms
2024-10-18 10:49:36.224 +02:00 [INF] Executed endpoint 'MyShop.Controllers.ItemController.Table (MyShop)'
2024-10-18 10:49:36.225 +02:00 [INF] Request finished HTTP/1.1 GET http://localhost:5017/Item/Table - 200 null text/html; charset=utf-8 4.4523ms
2024-10-18 10:49:43.465 +02:00 [INF] Request starting HTTP/1.1 GET http://localhost:5017/Item/Table - null null
2024-10-18 10:49:43.465 +02:00 [INF] Executing endpoint 'MyShop.Controllers.ItemController.Table (MyShop)'
2024-10-18 10:49:43.465 +02:00 [INF] Route matched with {action = "Table", controller = "Item"}. Executing controller action with signature System.Threading.Tasks.Task`1[Microsoft.AspNetCore.Mvc.IActionResult] Table() on controller MyShop.Controllers.ItemController (MyShop).
2024-10-18 10:49:43.469 +02:00 [INF] Executing ViewResult, running view Table.
2024-10-18 10:49:43.470 +02:00 [INF] Executed ViewResult - view Table executed in 1.3075ms.
2024-10-18 10:49:43.470 +02:00 [INF] Executed action MyShop.Controllers.ItemController.Table (MyShop) in 4.9087ms
2024-10-18 10:49:43.471 +02:00 [INF] Executed endpoint 'MyShop.Controllers.ItemController.Table (MyShop)'
2024-10-18 10:49:43.471 +02:00 [INF] Request finished HTTP/1.1 GET http://localhost:5017/Item/Table - 200 null text/html; charset=utf-8 6.0684ms
2024-10-18 10:49:45.688 +02:00 [INF] Request starting HTTP/1.1 GET http://localhost:5017/Item/Create - null null
2024-10-18 10:49:45.689 +02:00 [INF] Executing endpoint 'MyShop.Controllers.ItemController.Create (MyShop)'
2024-10-18 10:49:45.689 +02:00 [INF] Route matched with {action = "Create", controller = "Item"}. Executing controller action with signature Microsoft.AspNetCore.Mvc.IActionResult Create() on controller MyShop.Controllers.ItemController (MyShop).
2024-10-18 10:49:45.689 +02:00 [INF] Executing ViewResult, running view Create.
2024-10-18 10:49:45.695 +02:00 [INF] Executed ViewResult - view Create executed in 6.1483ms.
2024-10-18 10:49:45.696 +02:00 [INF] Executed action MyShop.Controllers.ItemController.Create (MyShop) in 6.7505ms
2024-10-18 10:49:45.696 +02:00 [INF] Executed endpoint 'MyShop.Controllers.ItemController.Create (MyShop)'
2024-10-18 10:49:45.696 +02:00 [INF] Request finished HTTP/1.1 GET http://localhost:5017/Item/Create - 200 null text/html; charset=utf-8 7.5354ms
