2024-11-04 14:48:29.675 +01:00 [INF] User profile is available. Using 'C:\Users\jovan\AppData\Local\ASP.NET\DataProtection-Keys' as key repository and Windows DPAPI to encrypt keys at rest.
2024-11-04 14:48:29.811 +01:00 [INF] Now listening on: http://localhost:5017
2024-11-04 14:48:29.815 +01:00 [INF] Application started. Press Ctrl+C to shut down.
2024-11-04 14:48:29.816 +01:00 [INF] Hosting environment: Development
2024-11-04 14:48:29.816 +01:00 [INF] Content root path: C:\TestMappe\Eksamen\ITPE3200_Exam_project
2024-11-04 14:48:31.299 +01:00 [INF] Request starting HTTP/1.1 GET http://localhost:5017/ - null null
2024-11-04 14:48:31.338 +01:00 [INF] Identity.Application was not authenticated. Failure message: Unprotect ticket failed
2024-11-04 14:48:31.341 +01:00 [INF] Executing endpoint 'MyShop.Controllers.HomeController.Index (MyShop)'
2024-11-04 14:48:31.349 +01:00 [INF] Route matched with {action = "Index", controller = "Home", page = "", area = ""}. Executing controller action with signature Microsoft.AspNetCore.Mvc.IActionResult Index() on controller MyShop.Controllers.HomeController (MyShop).
2024-11-04 14:48:31.356 +01:00 [INF] Executing ViewResult, running view Index.
2024-11-04 14:48:31.422 +01:00 [INF] Executed ViewResult - view Index executed in 68.3918ms.
2024-11-04 14:48:31.424 +01:00 [INF] Executed action MyShop.Controllers.HomeController.Index (MyShop) in 75.3102ms
2024-11-04 14:48:31.425 +01:00 [INF] Executed endpoint 'MyShop.Controllers.HomeController.Index (MyShop)'
2024-11-04 14:48:31.429 +01:00 [INF] Request finished HTTP/1.1 GET http://localhost:5017/ - 200 null text/html; charset=utf-8 131.6487ms
2024-11-04 14:48:32.433 +01:00 [INF] Request starting HTTP/1.1 GET http://localhost:5017/ - null null
2024-11-04 14:48:32.438 +01:00 [INF] Identity.Application was not authenticated. Failure message: Unprotect ticket failed
2024-11-04 14:48:32.439 +01:00 [INF] Executing endpoint 'MyShop.Controllers.HomeController.Index (MyShop)'
2024-11-04 14:48:32.439 +01:00 [INF] Route matched with {action = "Index", controller = "Home", page = "", area = ""}. Executing controller action with signature Microsoft.AspNetCore.Mvc.IActionResult Index() on controller MyShop.Controllers.HomeController (MyShop).
2024-11-04 14:48:32.440 +01:00 [INF] Executing ViewResult, running view Index.
2024-11-04 14:48:32.450 +01:00 [INF] Executed ViewResult - view Index executed in 9.8149ms.
2024-11-04 14:48:32.450 +01:00 [INF] Executed action MyShop.Controllers.HomeController.Index (MyShop) in 10.5994ms
2024-11-04 14:48:32.450 +01:00 [INF] Executed endpoint 'MyShop.Controllers.HomeController.Index (MyShop)'
2024-11-04 14:48:32.451 +01:00 [INF] Request finished HTTP/1.1 GET http://localhost:5017/ - 200 null text/html; charset=utf-8 17.8394ms
2024-11-04 14:48:34.223 +01:00 [INF] Request starting HTTP/1.1 GET http://localhost:5017/Identity/Account/Login - null null
2024-11-04 14:48:34.227 +01:00 [INF] Identity.Application was not authenticated. Failure message: Unprotect ticket failed
2024-11-04 14:48:34.228 +01:00 [INF] Executing endpoint '/Account/Login'
2024-11-04 14:48:34.240 +01:00 [INF] Route matched with {page = "/Account/Login", area = "Identity", action = "", controller = ""}. Executing page /Account/Login
2024-11-04 14:48:34.258 +01:00 [INF] Executing handler method MyShop.Areas.Identity.Pages.Account.LoginModel.OnGetAsync - ModelState is "Valid"
2024-11-04 14:48:34.261 +01:00 [INF] AuthenticationScheme: Identity.External signed out.
2024-11-04 14:48:34.261 +01:00 [INF] Executed handler method OnGetAsync, returned result .
2024-11-04 14:48:34.263 +01:00 [INF] Executing an implicit handler method - ModelState is "Valid"
2024-11-04 14:48:34.263 +01:00 [INF] Executed an implicit handler method, returned result Microsoft.AspNetCore.Mvc.RazorPages.PageResult.
2024-11-04 14:48:34.287 +01:00 [INF] Executed page /Account/Login in 45.8736ms
2024-11-04 14:48:34.287 +01:00 [INF] Executed endpoint '/Account/Login'
2024-11-04 14:48:34.287 +01:00 [INF] Request finished HTTP/1.1 GET http://localhost:5017/Identity/Account/Login - 200 null text/html; charset=utf-8 63.5806ms
2024-11-04 14:48:34.313 +01:00 [INF] Request starting HTTP/1.1 GET http://localhost:5017/css/Login.css - null null
2024-11-04 14:48:34.314 +01:00 [INF] Request starting HTTP/1.1 GET http://localhost:5017/images/SignUp.png - null null
2024-11-04 14:48:34.318 +01:00 [INF] The file /images/SignUp.png was not modified
2024-11-04 14:48:34.319 +01:00 [INF] Request finished HTTP/1.1 GET http://localhost:5017/images/SignUp.png - 304 null image/png 4.2742ms
2024-11-04 14:48:34.329 +01:00 [INF] Request starting HTTP/1.1 GET http://localhost:5017/lib/jquery-validation-unobtrusive/jquery.validate.unobtrusive.min.js - null null
2024-11-04 14:48:34.329 +01:00 [INF] Request starting HTTP/1.1 GET http://localhost:5017/lib/jquery-validation/dist/jquery.validate.min.js - null null
2024-11-04 14:48:34.329 +01:00 [INF] Identity.Application was not authenticated. Failure message: Unprotect ticket failed
2024-11-04 14:48:34.329 +01:00 [INF] Identity.Application was not authenticated. Failure message: Unprotect ticket failed
2024-11-04 14:48:34.330 +01:00 [INF] Request finished HTTP/1.1 GET http://localhost:5017/lib/jquery-validation-unobtrusive/jquery.validate.unobtrusive.min.js - 404 0 null 1.065ms
2024-11-04 14:48:34.330 +01:00 [INF] Request finished HTTP/1.1 GET http://localhost:5017/lib/jquery-validation/dist/jquery.validate.min.js - 404 0 null 1.0303ms
2024-11-04 14:48:34.331 +01:00 [INF] Request reached the end of the middleware pipeline without being handled by application code. Request path: GET http://localhost:5017/lib/jquery-validation/dist/jquery.validate.min.js, Response status code: 404
2024-11-04 14:48:34.331 +01:00 [INF] Sending file. Request path: '/css/Login.css'. Physical path: 'C:\TestMappe\Eksamen\ITPE3200_Exam_project\wwwroot\css\Login.css'
2024-11-04 14:48:34.331 +01:00 [INF] Request reached the end of the middleware pipeline without being handled by application code. Request path: GET http://localhost:5017/lib/jquery-validation-unobtrusive/jquery.validate.unobtrusive.min.js, Response status code: 404
2024-11-04 14:48:34.331 +01:00 [INF] Request finished HTTP/1.1 GET http://localhost:5017/css/Login.css - 200 2104 text/css 18.43ms
2024-11-04 14:48:53.955 +01:00 [INF] Request starting HTTP/1.1 GET http://localhost:5017/Identity/Account/Register - null null
2024-11-04 14:48:53.962 +01:00 [INF] Identity.Application was not authenticated. Failure message: Unprotect ticket failed
2024-11-04 14:48:53.962 +01:00 [INF] Executing endpoint '/Account/Register'
2024-11-04 14:48:53.976 +01:00 [INF] Route matched with {page = "/Account/Register", area = "Identity", action = "", controller = ""}. Executing page /Account/Register
2024-11-04 14:48:53.980 +01:00 [INF] Executing handler method MyShop.Areas.Identity.Pages.Account.RegisterModel.OnGetAsync - ModelState is "Valid"
2024-11-04 14:48:53.982 +01:00 [INF] Executed handler method OnGetAsync, returned result .
2024-11-04 14:48:53.983 +01:00 [INF] Executing an implicit handler method - ModelState is "Valid"
2024-11-04 14:48:53.983 +01:00 [INF] Executed an implicit handler method, returned result Microsoft.AspNetCore.Mvc.RazorPages.PageResult.
2024-11-04 14:48:54.020 +01:00 [INF] Executed page /Account/Register in 43.3136ms
2024-11-04 14:48:54.020 +01:00 [INF] Executed endpoint '/Account/Register'
2024-11-04 14:48:54.021 +01:00 [INF] Request finished HTTP/1.1 GET http://localhost:5017/Identity/Account/Register - 200 null text/html; charset=utf-8 65.4161ms
2024-11-04 14:48:54.043 +01:00 [INF] Request starting HTTP/1.1 GET http://localhost:5017/lib/jquery-validation/dist/jquery.validate.min.js - null null
2024-11-04 14:48:54.044 +01:00 [INF] Identity.Application was not authenticated. Failure message: Unprotect ticket failed
2024-11-04 14:48:54.044 +01:00 [INF] Request starting HTTP/1.1 GET http://localhost:5017/lib/jquery-validation-unobtrusive/jquery.validate.unobtrusive.min.js - null null
2024-11-04 14:48:54.044 +01:00 [INF] Request finished HTTP/1.1 GET http://localhost:5017/lib/jquery-validation/dist/jquery.validate.min.js - 404 0 null 0.8739ms
2024-11-04 14:48:54.044 +01:00 [INF] Request reached the end of the middleware pipeline without being handled by application code. Request path: GET http://localhost:5017/lib/jquery-validation/dist/jquery.validate.min.js, Response status code: 404
2024-11-04 14:48:54.045 +01:00 [INF] Identity.Application was not authenticated. Failure message: Unprotect ticket failed
2024-11-04 14:48:54.045 +01:00 [INF] Request finished HTTP/1.1 GET http://localhost:5017/lib/jquery-validation-unobtrusive/jquery.validate.unobtrusive.min.js - 404 0 null 0.7321ms
2024-11-04 14:48:54.045 +01:00 [INF] Request reached the end of the middleware pipeline without being handled by application code. Request path: GET http://localhost:5017/lib/jquery-validation-unobtrusive/jquery.validate.unobtrusive.min.js, Response status code: 404
2024-11-04 14:48:55.259 +01:00 [INF] Request starting HTTP/1.1 GET http://localhost:5017/Identity/Account/Login - null null
2024-11-04 14:48:55.260 +01:00 [INF] Identity.Application was not authenticated. Failure message: Unprotect ticket failed
2024-11-04 14:48:55.260 +01:00 [INF] Executing endpoint '/Account/Login'
2024-11-04 14:48:55.261 +01:00 [INF] Route matched with {page = "/Account/Login", area = "Identity", action = "", controller = ""}. Executing page /Account/Login
2024-11-04 14:48:55.262 +01:00 [INF] Executing handler method MyShop.Areas.Identity.Pages.Account.LoginModel.OnGetAsync - ModelState is "Valid"
2024-11-04 14:48:55.262 +01:00 [INF] AuthenticationScheme: Identity.External signed out.
2024-11-04 14:48:55.262 +01:00 [INF] Executed handler method OnGetAsync, returned result .
2024-11-04 14:48:55.262 +01:00 [INF] Executing an implicit handler method - ModelState is "Valid"
2024-11-04 14:48:55.262 +01:00 [INF] Executed an implicit handler method, returned result Microsoft.AspNetCore.Mvc.RazorPages.PageResult.
2024-11-04 14:48:55.267 +01:00 [INF] Executed page /Account/Login in 5.7581ms
2024-11-04 14:48:55.267 +01:00 [INF] Executed endpoint '/Account/Login'
2024-11-04 14:48:55.267 +01:00 [INF] Request finished HTTP/1.1 GET http://localhost:5017/Identity/Account/Login - 200 null text/html; charset=utf-8 8.1173ms
