2024-10-18 13:26:22.832 +02:00 [INF] User profile is available. Using 'C:\Users\jovan\AppData\Local\ASP.NET\DataProtection-Keys' as key repository and Windows DPAPI to encrypt keys at rest.
2024-10-18 13:26:22.871 +02:00 [INF] Now listening on: http://localhost:5017
2024-10-18 13:26:22.874 +02:00 [INF] Application started. Press Ctrl+C to shut down.
2024-10-18 13:26:22.874 +02:00 [INF] Hosting environment: Development
2024-10-18 13:26:22.874 +02:00 [INF] Content root path: C:\TestMappe\ITPE3200_Exam_project
2024-10-18 13:26:24.523 +02:00 [INF] Request starting HTTP/1.1 GET http://localhost:5017/ - null null
2024-10-18 13:26:24.545 +02:00 [INF] Executing endpoint 'MyShop.Controllers.HomeController.Index (MyShop)'
2024-10-18 13:26:24.554 +02:00 [INF] Route matched with {action = "Index", controller = "Home"}. Executing controller action with signature Microsoft.AspNetCore.Mvc.IActionResult Index() on controller MyShop.Controllers.HomeController (MyShop).
2024-10-18 13:26:24.565 +02:00 [INF] Executing ViewResult, running view Index.
2024-10-18 13:26:24.610 +02:00 [INF] Executed ViewResult - view Index executed in 45.667ms.
2024-10-18 13:26:24.612 +02:00 [INF] Executed action MyShop.Controllers.HomeController.Index (MyShop) in 57.2481ms
2024-10-18 13:26:24.612 +02:00 [INF] Executed endpoint 'MyShop.Controllers.HomeController.Index (MyShop)'
2024-10-18 13:26:24.615 +02:00 [INF] Request finished HTTP/1.1 GET http://localhost:5017/ - 200 null text/html; charset=utf-8 92.9456ms
2024-10-18 13:26:26.930 +02:00 [INF] Request starting HTTP/1.1 GET http://localhost:5017/Customer/Table - null null
2024-10-18 13:26:26.933 +02:00 [INF] Executing endpoint 'MyShop.Controllers.CustomerController.Table (MyShop)'
2024-10-18 13:26:26.940 +02:00 [INF] Route matched with {action = "Table", controller = "Customer"}. Executing controller action with signature System.Threading.Tasks.Task`1[Microsoft.AspNetCore.Mvc.IActionResult] Table() on controller MyShop.Controllers.CustomerController (MyShop).
2024-10-18 13:26:27.044 +02:00 [INF] Executing ViewResult, running view Table.
2024-10-18 13:26:27.052 +02:00 [INF] Executed ViewResult - view Table executed in 9.2558ms.
2024-10-18 13:26:27.052 +02:00 [INF] Executed action MyShop.Controllers.CustomerController.Table (MyShop) in 111.8423ms
2024-10-18 13:26:27.052 +02:00 [INF] Executed endpoint 'MyShop.Controllers.CustomerController.Table (MyShop)'
2024-10-18 13:26:27.056 +02:00 [INF] Request finished HTTP/1.1 GET http://localhost:5017/Customer/Table - 200 null text/html; charset=utf-8 125.5728ms
2024-10-18 13:26:28.739 +02:00 [INF] Request starting HTTP/1.1 GET http://localhost:5017/Item/Table - null null
2024-10-18 13:26:28.741 +02:00 [INF] Executing endpoint 'MyShop.Controllers.ItemController.Table (MyShop)'
2024-10-18 13:26:28.744 +02:00 [INF] Route matched with {action = "Table", controller = "Item"}. Executing controller action with signature System.Threading.Tasks.Task`1[Microsoft.AspNetCore.Mvc.IActionResult] Table() on controller MyShop.Controllers.ItemController (MyShop).
2024-10-18 13:26:28.799 +02:00 [INF] Executing ViewResult, running view Table.
2024-10-18 13:26:28.810 +02:00 [INF] Executed ViewResult - view Table executed in 11.0752ms.
2024-10-18 13:26:28.810 +02:00 [INF] Executed action MyShop.Controllers.ItemController.Table (MyShop) in 65.4625ms
2024-10-18 13:26:28.810 +02:00 [INF] Executed endpoint 'MyShop.Controllers.ItemController.Table (MyShop)'
2024-10-18 13:26:28.812 +02:00 [INF] Request finished HTTP/1.1 GET http://localhost:5017/Item/Table - 200 null text/html; charset=utf-8 72.4918ms
2024-10-18 13:26:29.945 +02:00 [INF] Request starting HTTP/1.1 GET http://localhost:5017/ - null null
2024-10-18 13:26:29.945 +02:00 [INF] Executing endpoint 'MyShop.Controllers.HomeController.Index (MyShop)'
2024-10-18 13:26:29.946 +02:00 [INF] Route matched with {action = "Index", controller = "Home"}. Executing controller action with signature Microsoft.AspNetCore.Mvc.IActionResult Index() on controller MyShop.Controllers.HomeController (MyShop).
2024-10-18 13:26:29.946 +02:00 [INF] Executing ViewResult, running view Index.
2024-10-18 13:26:29.949 +02:00 [INF] Executed ViewResult - view Index executed in 2.5319ms.
2024-10-18 13:26:29.950 +02:00 [INF] Executed action MyShop.Controllers.HomeController.Index (MyShop) in 3.8328ms
2024-10-18 13:26:29.950 +02:00 [INF] Executed endpoint 'MyShop.Controllers.HomeController.Index (MyShop)'
2024-10-18 13:26:29.950 +02:00 [INF] Request finished HTTP/1.1 GET http://localhost:5017/ - 200 null text/html; charset=utf-8 5.382ms
2024-10-18 13:26:30.659 +02:00 [INF] Request starting HTTP/1.1 GET http://localhost:5017/Customer/Table - null null
2024-10-18 13:26:30.660 +02:00 [INF] Executing endpoint 'MyShop.Controllers.CustomerController.Table (MyShop)'
2024-10-18 13:26:30.660 +02:00 [INF] Route matched with {action = "Table", controller = "Customer"}. Executing controller action with signature System.Threading.Tasks.Task`1[Microsoft.AspNetCore.Mvc.IActionResult] Table() on controller MyShop.Controllers.CustomerController (MyShop).
2024-10-18 13:26:30.666 +02:00 [INF] Executing ViewResult, running view Table.
2024-10-18 13:26:30.669 +02:00 [INF] Executed ViewResult - view Table executed in 2.9588ms.
2024-10-18 13:26:30.669 +02:00 [INF] Executed action MyShop.Controllers.CustomerController.Table (MyShop) in 8.4241ms
2024-10-18 13:26:30.669 +02:00 [INF] Executed endpoint 'MyShop.Controllers.CustomerController.Table (MyShop)'
2024-10-18 13:26:30.669 +02:00 [INF] Request finished HTTP/1.1 GET http://localhost:5017/Customer/Table - 200 null text/html; charset=utf-8 9.8319ms
2024-10-18 13:26:31.501 +02:00 [INF] Request starting HTTP/1.1 GET http://localhost:5017/Item/Table - null null
2024-10-18 13:26:31.504 +02:00 [INF] Executing endpoint 'MyShop.Controllers.ItemController.Table (MyShop)'
2024-10-18 13:26:31.504 +02:00 [INF] Route matched with {action = "Table", controller = "Item"}. Executing controller action with signature System.Threading.Tasks.Task`1[Microsoft.AspNetCore.Mvc.IActionResult] Table() on controller MyShop.Controllers.ItemController (MyShop).
2024-10-18 13:26:31.507 +02:00 [INF] Executing ViewResult, running view Table.
2024-10-18 13:26:31.511 +02:00 [INF] Executed ViewResult - view Table executed in 3.9187ms.
2024-10-18 13:26:31.512 +02:00 [INF] Executed action MyShop.Controllers.ItemController.Table (MyShop) in 7.219ms
2024-10-18 13:26:31.512 +02:00 [INF] Executed endpoint 'MyShop.Controllers.ItemController.Table (MyShop)'
2024-10-18 13:26:31.512 +02:00 [INF] Request finished HTTP/1.1 GET http://localhost:5017/Item/Table - 200 null text/html; charset=utf-8 11.3049ms
2024-10-18 13:26:33.797 +02:00 [INF] Request starting HTTP/1.1 GET http://localhost:5017/Customer/Table - null null
2024-10-18 13:26:33.797 +02:00 [INF] Executing endpoint 'MyShop.Controllers.CustomerController.Table (MyShop)'
2024-10-18 13:26:33.798 +02:00 [INF] Route matched with {action = "Table", controller = "Customer"}. Executing controller action with signature System.Threading.Tasks.Task`1[Microsoft.AspNetCore.Mvc.IActionResult] Table() on controller MyShop.Controllers.CustomerController (MyShop).
2024-10-18 13:26:33.800 +02:00 [INF] Executing ViewResult, running view Table.
2024-10-18 13:26:33.802 +02:00 [INF] Executed ViewResult - view Table executed in 1.2519ms.
2024-10-18 13:26:33.802 +02:00 [INF] Executed action MyShop.Controllers.CustomerController.Table (MyShop) in 4.1013ms
2024-10-18 13:26:33.802 +02:00 [INF] Executed endpoint 'MyShop.Controllers.CustomerController.Table (MyShop)'
2024-10-18 13:26:33.802 +02:00 [INF] Request finished HTTP/1.1 GET http://localhost:5017/Customer/Table - 200 null text/html; charset=utf-8 5.2786ms
2024-10-18 13:27:37.558 +02:00 [INF] Request starting HTTP/1.1 GET http://localhost:5017/Item/Table - null null
2024-10-18 13:27:37.558 +02:00 [INF] Executing endpoint 'MyShop.Controllers.ItemController.Table (MyShop)'
2024-10-18 13:27:37.558 +02:00 [INF] Route matched with {action = "Table", controller = "Item"}. Executing controller action with signature System.Threading.Tasks.Task`1[Microsoft.AspNetCore.Mvc.IActionResult] Table() on controller MyShop.Controllers.ItemController (MyShop).
2024-10-18 13:27:37.564 +02:00 [INF] Executing ViewResult, running view Table.
2024-10-18 13:27:37.567 +02:00 [INF] Executed ViewResult - view Table executed in 3.5165ms.
2024-10-18 13:27:37.567 +02:00 [INF] Executed action MyShop.Controllers.ItemController.Table (MyShop) in 8.7463ms
2024-10-18 13:27:37.568 +02:00 [INF] Executed endpoint 'MyShop.Controllers.ItemController.Table (MyShop)'
2024-10-18 13:27:37.568 +02:00 [INF] Request finished HTTP/1.1 GET http://localhost:5017/Item/Table - 200 null text/html; charset=utf-8 10.06ms
2024-10-18 13:27:41.887 +02:00 [INF] Request starting HTTP/1.1 GET http://localhost:5017/Customer/Table - null null
2024-10-18 13:27:41.888 +02:00 [INF] Executing endpoint 'MyShop.Controllers.CustomerController.Table (MyShop)'
2024-10-18 13:27:41.888 +02:00 [INF] Route matched with {action = "Table", controller = "Customer"}. Executing controller action with signature System.Threading.Tasks.Task`1[Microsoft.AspNetCore.Mvc.IActionResult] Table() on controller MyShop.Controllers.CustomerController (MyShop).
2024-10-18 13:27:41.890 +02:00 [INF] Executing ViewResult, running view Table.
2024-10-18 13:27:41.892 +02:00 [INF] Executed ViewResult - view Table executed in 1.3882ms.
2024-10-18 13:27:41.892 +02:00 [INF] Executed action MyShop.Controllers.CustomerController.Table (MyShop) in 3.9672ms
2024-10-18 13:27:41.892 +02:00 [INF] Executed endpoint 'MyShop.Controllers.CustomerController.Table (MyShop)'
2024-10-18 13:27:41.892 +02:00 [INF] Request finished HTTP/1.1 GET http://localhost:5017/Customer/Table - 200 null text/html; charset=utf-8 4.8785ms
2024-10-18 13:27:47.127 +02:00 [INF] Request starting HTTP/1.1 GET http://localhost:5017/Item/Table - null null
2024-10-18 13:27:47.127 +02:00 [INF] Executing endpoint 'MyShop.Controllers.ItemController.Table (MyShop)'
2024-10-18 13:27:47.127 +02:00 [INF] Route matched with {action = "Table", controller = "Item"}. Executing controller action with signature System.Threading.Tasks.Task`1[Microsoft.AspNetCore.Mvc.IActionResult] Table() on controller MyShop.Controllers.ItemController (MyShop).
2024-10-18 13:27:47.129 +02:00 [INF] Executing ViewResult, running view Table.
2024-10-18 13:27:47.130 +02:00 [INF] Executed ViewResult - view Table executed in 0.7237ms.
2024-10-18 13:27:47.130 +02:00 [INF] Executed action MyShop.Controllers.ItemController.Table (MyShop) in 2.8308ms
2024-10-18 13:27:47.130 +02:00 [INF] Executed endpoint 'MyShop.Controllers.ItemController.Table (MyShop)'
2024-10-18 13:27:47.130 +02:00 [INF] Request finished HTTP/1.1 GET http://localhost:5017/Item/Table - 200 null text/html; charset=utf-8 3.4366ms
2024-10-18 13:27:50.872 +02:00 [INF] Request starting HTTP/1.1 GET http://localhost:5017/ - null null
2024-10-18 13:27:50.873 +02:00 [INF] Executing endpoint 'MyShop.Controllers.HomeController.Index (MyShop)'
2024-10-18 13:27:50.873 +02:00 [INF] Route matched with {action = "Index", controller = "Home"}. Executing controller action with signature Microsoft.AspNetCore.Mvc.IActionResult Index() on controller MyShop.Controllers.HomeController (MyShop).
2024-10-18 13:27:50.873 +02:00 [INF] Executing ViewResult, running view Index.
2024-10-18 13:27:50.874 +02:00 [INF] Executed ViewResult - view Index executed in 0.6694ms.
2024-10-18 13:27:50.874 +02:00 [INF] Executed action MyShop.Controllers.HomeController.Index (MyShop) in 0.8285ms
2024-10-18 13:27:50.874 +02:00 [INF] Executed endpoint 'MyShop.Controllers.HomeController.Index (MyShop)'
2024-10-18 13:27:50.874 +02:00 [INF] Request finished HTTP/1.1 GET http://localhost:5017/ - 200 null text/html; charset=utf-8 1.8788ms
2024-10-18 13:27:50.892 +02:00 [INF] Request starting HTTP/1.1 GET http://localhost:5017/images/healthy.jpg - null null
2024-10-18 13:27:50.899 +02:00 [INF] The file /images/healthy.jpg was not modified
2024-10-18 13:27:50.900 +02:00 [INF] Request finished HTTP/1.1 GET http://localhost:5017/images/healthy.jpg - 304 null image/jpeg 8.2293ms
2024-10-18 13:28:00.844 +02:00 [INF] Request starting HTTP/1.1 GET http://localhost:5017/Customer/Table - null null
2024-10-18 13:28:00.844 +02:00 [INF] Executing endpoint 'MyShop.Controllers.CustomerController.Table (MyShop)'
2024-10-18 13:28:00.845 +02:00 [INF] Route matched with {action = "Table", controller = "Customer"}. Executing controller action with signature System.Threading.Tasks.Task`1[Microsoft.AspNetCore.Mvc.IActionResult] Table() on controller MyShop.Controllers.CustomerController (MyShop).
2024-10-18 13:28:00.846 +02:00 [INF] Executing ViewResult, running view Table.
2024-10-18 13:28:00.847 +02:00 [INF] Executed ViewResult - view Table executed in 0.6167ms.
2024-10-18 13:28:00.847 +02:00 [INF] Executed action MyShop.Controllers.CustomerController.Table (MyShop) in 2.3125ms
2024-10-18 13:28:00.847 +02:00 [INF] Executed endpoint 'MyShop.Controllers.CustomerController.Table (MyShop)'
2024-10-18 13:28:00.847 +02:00 [INF] Request finished HTTP/1.1 GET http://localhost:5017/Customer/Table - 200 null text/html; charset=utf-8 3.5936ms
2024-10-18 13:29:13.382 +02:00 [INF] Request starting HTTP/1.1 GET http://localhost:5017/Item/Table - null null
2024-10-18 13:29:13.382 +02:00 [INF] Executing endpoint 'MyShop.Controllers.ItemController.Table (MyShop)'
2024-10-18 13:29:13.382 +02:00 [INF] Route matched with {action = "Table", controller = "Item"}. Executing controller action with signature System.Threading.Tasks.Task`1[Microsoft.AspNetCore.Mvc.IActionResult] Table() on controller MyShop.Controllers.ItemController (MyShop).
2024-10-18 13:29:13.386 +02:00 [INF] Executing ViewResult, running view Table.
2024-10-18 13:29:13.389 +02:00 [INF] Executed ViewResult - view Table executed in 3.0867ms.
2024-10-18 13:29:13.389 +02:00 [INF] Executed action MyShop.Controllers.ItemController.Table (MyShop) in 6.6372ms
2024-10-18 13:29:13.389 +02:00 [INF] Executed endpoint 'MyShop.Controllers.ItemController.Table (MyShop)'
2024-10-18 13:29:13.389 +02:00 [INF] Request finished HTTP/1.1 GET http://localhost:5017/Item/Table - 200 null text/html; charset=utf-8 7.4127ms
2024-10-18 13:29:24.173 +02:00 [INF] Request starting HTTP/1.1 GET http://localhost:5017/Customer/Table - null null
2024-10-18 13:29:24.173 +02:00 [INF] Executing endpoint 'MyShop.Controllers.CustomerController.Table (MyShop)'
2024-10-18 13:29:24.174 +02:00 [INF] Route matched with {action = "Table", controller = "Customer"}. Executing controller action with signature System.Threading.Tasks.Task`1[Microsoft.AspNetCore.Mvc.IActionResult] Table() on controller MyShop.Controllers.CustomerController (MyShop).
2024-10-18 13:29:24.175 +02:00 [INF] Executing ViewResult, running view Table.
2024-10-18 13:29:24.176 +02:00 [INF] Executed ViewResult - view Table executed in 0.8225ms.
2024-10-18 13:29:24.176 +02:00 [INF] Executed action MyShop.Controllers.CustomerController.Table (MyShop) in 2.7461ms
2024-10-18 13:29:24.177 +02:00 [INF] Executed endpoint 'MyShop.Controllers.CustomerController.Table (MyShop)'
2024-10-18 13:29:24.177 +02:00 [INF] Request finished HTTP/1.1 GET http://localhost:5017/Customer/Table - 200 null text/html; charset=utf-8 3.5715ms
2024-10-18 13:29:35.944 +02:00 [INF] Request starting HTTP/1.1 GET http://localhost:5017/Item/Table - null null
2024-10-18 13:29:35.944 +02:00 [INF] Executing endpoint 'MyShop.Controllers.ItemController.Table (MyShop)'
2024-10-18 13:29:35.944 +02:00 [INF] Route matched with {action = "Table", controller = "Item"}. Executing controller action with signature System.Threading.Tasks.Task`1[Microsoft.AspNetCore.Mvc.IActionResult] Table() on controller MyShop.Controllers.ItemController (MyShop).
2024-10-18 13:29:35.947 +02:00 [INF] Executing ViewResult, running view Table.
2024-10-18 13:29:35.948 +02:00 [INF] Executed ViewResult - view Table executed in 1.0916ms.
2024-10-18 13:29:35.949 +02:00 [INF] Executed action MyShop.Controllers.ItemController.Table (MyShop) in 4.4767ms
2024-10-18 13:29:35.949 +02:00 [INF] Executed endpoint 'MyShop.Controllers.ItemController.Table (MyShop)'
2024-10-18 13:29:35.949 +02:00 [INF] Request finished HTTP/1.1 GET http://localhost:5017/Item/Table - 200 null text/html; charset=utf-8 5.2733ms
2024-10-18 13:29:50.105 +02:00 [INF] Request starting HTTP/1.1 GET http://localhost:5017/Item/Grid - null null
2024-10-18 13:29:50.105 +02:00 [INF] Executing endpoint 'MyShop.Controllers.ItemController.Grid (MyShop)'
2024-10-18 13:29:50.112 +02:00 [INF] Route matched with {action = "Grid", controller = "Item"}. Executing controller action with signature System.Threading.Tasks.Task`1[Microsoft.AspNetCore.Mvc.IActionResult] Grid() on controller MyShop.Controllers.ItemController (MyShop).
2024-10-18 13:29:50.123 +02:00 [INF] Executing ViewResult, running view Grid.
2024-10-18 13:29:50.127 +02:00 [INF] Executed ViewResult - view Grid executed in 8.6283ms.
2024-10-18 13:29:50.127 +02:00 [INF] Executed action MyShop.Controllers.ItemController.Grid (MyShop) in 14.6982ms
2024-10-18 13:29:50.128 +02:00 [INF] Executed endpoint 'MyShop.Controllers.ItemController.Grid (MyShop)'
2024-10-18 13:29:50.128 +02:00 [INF] Request finished HTTP/1.1 GET http://localhost:5017/Item/Grid - 200 null text/html; charset=utf-8 23.4654ms
2024-10-18 13:30:08.661 +02:00 [INF] Request starting HTTP/1.1 GET http://localhost:5017/Item/Table - null null
2024-10-18 13:30:08.661 +02:00 [INF] Executing endpoint 'MyShop.Controllers.ItemController.Table (MyShop)'
2024-10-18 13:30:08.661 +02:00 [INF] Route matched with {action = "Table", controller = "Item"}. Executing controller action with signature System.Threading.Tasks.Task`1[Microsoft.AspNetCore.Mvc.IActionResult] Table() on controller MyShop.Controllers.ItemController (MyShop).
2024-10-18 13:30:08.665 +02:00 [INF] Executing ViewResult, running view Table.
2024-10-18 13:30:08.667 +02:00 [INF] Executed ViewResult - view Table executed in 1.3266ms.
2024-10-18 13:30:08.667 +02:00 [INF] Executed action MyShop.Controllers.ItemController.Table (MyShop) in 5.8628ms
2024-10-18 13:30:08.667 +02:00 [INF] Executed endpoint 'MyShop.Controllers.ItemController.Table (MyShop)'
2024-10-18 13:30:08.668 +02:00 [INF] Request finished HTTP/1.1 GET http://localhost:5017/Item/Table - 200 null text/html; charset=utf-8 7.02ms
2024-10-18 13:32:13.650 +02:00 [INF] Request starting HTTP/1.1 GET http://localhost:5017/Item/Table - null null
2024-10-18 13:32:13.650 +02:00 [INF] Executing endpoint 'MyShop.Controllers.ItemController.Table (MyShop)'
2024-10-18 13:32:13.650 +02:00 [INF] Route matched with {action = "Table", controller = "Item"}. Executing controller action with signature System.Threading.Tasks.Task`1[Microsoft.AspNetCore.Mvc.IActionResult] Table() on controller MyShop.Controllers.ItemController (MyShop).
2024-10-18 13:32:13.655 +02:00 [INF] Executing ViewResult, running view Table.
2024-10-18 13:32:13.656 +02:00 [INF] Executed ViewResult - view Table executed in 1.5588ms.
2024-10-18 13:32:13.656 +02:00 [INF] Executed action MyShop.Controllers.ItemController.Table (MyShop) in 5.8702ms
2024-10-18 13:32:13.657 +02:00 [INF] Executed endpoint 'MyShop.Controllers.ItemController.Table (MyShop)'
2024-10-18 13:32:13.657 +02:00 [INF] Request finished HTTP/1.1 GET http://localhost:5017/Item/Table - 200 null text/html; charset=utf-8 7.3212ms
2024-10-18 13:32:14.831 +02:00 [INF] Request starting HTTP/1.1 GET http://localhost:5017/Customer/Table - null null
2024-10-18 13:32:14.831 +02:00 [INF] Executing endpoint 'MyShop.Controllers.CustomerController.Table (MyShop)'
2024-10-18 13:32:14.832 +02:00 [INF] Route matched with {action = "Table", controller = "Customer"}. Executing controller action with signature System.Threading.Tasks.Task`1[Microsoft.AspNetCore.Mvc.IActionResult] Table() on controller MyShop.Controllers.CustomerController (MyShop).
2024-10-18 13:32:14.834 +02:00 [INF] Executing ViewResult, running view Table.
2024-10-18 13:32:14.835 +02:00 [INF] Executed ViewResult - view Table executed in 1.9045ms.
2024-10-18 13:32:14.836 +02:00 [INF] Executed action MyShop.Controllers.CustomerController.Table (MyShop) in 3.8896ms
2024-10-18 13:32:14.836 +02:00 [INF] Executed endpoint 'MyShop.Controllers.CustomerController.Table (MyShop)'
2024-10-18 13:32:14.836 +02:00 [INF] Request finished HTTP/1.1 GET http://localhost:5017/Customer/Table - 200 null text/html; charset=utf-8 4.6661ms
2024-10-18 13:32:45.974 +02:00 [INF] Request starting HTTP/1.1 GET http://localhost:5017/Item/Table - null null
2024-10-18 13:32:45.975 +02:00 [INF] Executing endpoint 'MyShop.Controllers.ItemController.Table (MyShop)'
2024-10-18 13:32:45.975 +02:00 [INF] Route matched with {action = "Table", controller = "Item"}. Executing controller action with signature System.Threading.Tasks.Task`1[Microsoft.AspNetCore.Mvc.IActionResult] Table() on controller MyShop.Controllers.ItemController (MyShop).
2024-10-18 13:32:45.978 +02:00 [INF] Executing ViewResult, running view Table.
2024-10-18 13:32:45.980 +02:00 [INF] Executed ViewResult - view Table executed in 1.4777ms.
2024-10-18 13:32:45.980 +02:00 [INF] Executed action MyShop.Controllers.ItemController.Table (MyShop) in 4.7952ms
2024-10-18 13:32:45.980 +02:00 [INF] Executed endpoint 'MyShop.Controllers.ItemController.Table (MyShop)'
2024-10-18 13:32:45.980 +02:00 [INF] Request finished HTTP/1.1 GET http://localhost:5017/Item/Table - 200 null text/html; charset=utf-8 6.2058ms
2024-10-18 13:33:17.538 +02:00 [INF] Request starting HTTP/1.1 GET http://localhost:5017/Item/Details/1 - null null
2024-10-18 13:33:17.539 +02:00 [INF] Executing endpoint 'MyShop.Controllers.ItemController.Details (MyShop)'
2024-10-18 13:33:17.558 +02:00 [INF] Route matched with {action = "Details", controller = "Item"}. Executing controller action with signature System.Threading.Tasks.Task`1[Microsoft.AspNetCore.Mvc.IActionResult] Details(Int32) on controller MyShop.Controllers.ItemController (MyShop).
2024-10-18 13:33:17.694 +02:00 [INF] Executing ViewResult, running view Details.
2024-10-18 13:33:17.699 +02:00 [INF] Executed ViewResult - view Details executed in 6.0996ms.
2024-10-18 13:33:17.699 +02:00 [INF] Executed action MyShop.Controllers.ItemController.Details (MyShop) in 140.6425ms
2024-10-18 13:33:17.699 +02:00 [INF] Executed endpoint 'MyShop.Controllers.ItemController.Details (MyShop)'
2024-10-18 13:33:17.699 +02:00 [INF] Request finished HTTP/1.1 GET http://localhost:5017/Item/Details/1 - 200 null text/html; charset=utf-8 161.126ms
2024-10-18 13:33:24.156 +02:00 [INF] Request starting HTTP/1.1 GET http://localhost:5017/ - null null
2024-10-18 13:33:24.156 +02:00 [INF] Executing endpoint 'MyShop.Controllers.HomeController.Index (MyShop)'
2024-10-18 13:33:24.156 +02:00 [INF] Route matched with {action = "Index", controller = "Home"}. Executing controller action with signature Microsoft.AspNetCore.Mvc.IActionResult Index() on controller MyShop.Controllers.HomeController (MyShop).
2024-10-18 13:33:24.156 +02:00 [INF] Executing ViewResult, running view Index.
2024-10-18 13:33:24.157 +02:00 [INF] Executed ViewResult - view Index executed in 0.575ms.
2024-10-18 13:33:24.157 +02:00 [INF] Executed action MyShop.Controllers.HomeController.Index (MyShop) in 0.7783ms
2024-10-18 13:33:24.157 +02:00 [INF] Executed endpoint 'MyShop.Controllers.HomeController.Index (MyShop)'
2024-10-18 13:33:24.157 +02:00 [INF] Request finished HTTP/1.1 GET http://localhost:5017/ - 200 null text/html; charset=utf-8 1.1198ms
2024-10-18 13:33:24.178 +02:00 [INF] Request starting HTTP/1.1 GET http://localhost:5017/images/healthy.jpg - null null
2024-10-18 13:33:24.179 +02:00 [INF] The file /images/healthy.jpg was not modified
2024-10-18 13:33:24.179 +02:00 [INF] Request finished HTTP/1.1 GET http://localhost:5017/images/healthy.jpg - 304 null image/jpeg 1.0285ms
2024-10-18 13:33:26.019 +02:00 [INF] Request starting HTTP/1.1 GET http://localhost:5017/Item/Table - null null
2024-10-18 13:33:26.019 +02:00 [INF] Executing endpoint 'MyShop.Controllers.ItemController.Table (MyShop)'
2024-10-18 13:33:26.020 +02:00 [INF] Route matched with {action = "Table", controller = "Item"}. Executing controller action with signature System.Threading.Tasks.Task`1[Microsoft.AspNetCore.Mvc.IActionResult] Table() on controller MyShop.Controllers.ItemController (MyShop).
2024-10-18 13:33:26.023 +02:00 [INF] Executing ViewResult, running view Table.
2024-10-18 13:33:26.024 +02:00 [INF] Executed ViewResult - view Table executed in 1.9282ms.
2024-10-18 13:33:26.024 +02:00 [INF] Executed action MyShop.Controllers.ItemController.Table (MyShop) in 4.3799ms
2024-10-18 13:33:26.024 +02:00 [INF] Executed endpoint 'MyShop.Controllers.ItemController.Table (MyShop)'
2024-10-18 13:33:26.024 +02:00 [INF] Request finished HTTP/1.1 GET http://localhost:5017/Item/Table - 200 null text/html; charset=utf-8 5.0978ms
2024-10-18 13:33:27.441 +02:00 [INF] Request starting HTTP/1.1 GET http://localhost:5017/Customer/Table - null null
2024-10-18 13:33:27.441 +02:00 [INF] Executing endpoint 'MyShop.Controllers.CustomerController.Table (MyShop)'
2024-10-18 13:33:27.442 +02:00 [INF] Route matched with {action = "Table", controller = "Customer"}. Executing controller action with signature System.Threading.Tasks.Task`1[Microsoft.AspNetCore.Mvc.IActionResult] Table() on controller MyShop.Controllers.CustomerController (MyShop).
2024-10-18 13:33:27.444 +02:00 [INF] Executing ViewResult, running view Table.
2024-10-18 13:33:27.445 +02:00 [INF] Executed ViewResult - view Table executed in 0.6907ms.
2024-10-18 13:33:27.445 +02:00 [INF] Executed action MyShop.Controllers.CustomerController.Table (MyShop) in 2.9102ms
2024-10-18 13:33:27.445 +02:00 [INF] Executed endpoint 'MyShop.Controllers.CustomerController.Table (MyShop)'
2024-10-18 13:33:27.445 +02:00 [INF] Request finished HTTP/1.1 GET http://localhost:5017/Customer/Table - 200 null text/html; charset=utf-8 3.4325ms
2024-10-18 13:33:28.980 +02:00 [INF] Request starting HTTP/1.1 GET http://localhost:5017/Item/Table - null null
2024-10-18 13:33:28.980 +02:00 [INF] Executing endpoint 'MyShop.Controllers.ItemController.Table (MyShop)'
2024-10-18 13:33:28.980 +02:00 [INF] Route matched with {action = "Table", controller = "Item"}. Executing controller action with signature System.Threading.Tasks.Task`1[Microsoft.AspNetCore.Mvc.IActionResult] Table() on controller MyShop.Controllers.ItemController (MyShop).
2024-10-18 13:33:28.983 +02:00 [INF] Executing ViewResult, running view Table.
2024-10-18 13:33:28.984 +02:00 [INF] Executed ViewResult - view Table executed in 1.0549ms.
2024-10-18 13:33:28.984 +02:00 [INF] Executed action MyShop.Controllers.ItemController.Table (MyShop) in 3.8558ms
2024-10-18 13:33:28.984 +02:00 [INF] Executed endpoint 'MyShop.Controllers.ItemController.Table (MyShop)'
2024-10-18 13:33:28.984 +02:00 [INF] Request finished HTTP/1.1 GET http://localhost:5017/Item/Table - 200 null text/html; charset=utf-8 4.6161ms
2024-10-18 13:33:45.901 +02:00 [INF] Request starting HTTP/1.1 GET http://localhost:5017/Customer/Table - null null
2024-10-18 13:33:45.901 +02:00 [INF] Executing endpoint 'MyShop.Controllers.CustomerController.Table (MyShop)'
2024-10-18 13:33:45.901 +02:00 [INF] Route matched with {action = "Table", controller = "Customer"}. Executing controller action with signature System.Threading.Tasks.Task`1[Microsoft.AspNetCore.Mvc.IActionResult] Table() on controller MyShop.Controllers.CustomerController (MyShop).
2024-10-18 13:33:45.903 +02:00 [INF] Executing ViewResult, running view Table.
2024-10-18 13:33:45.904 +02:00 [INF] Executed ViewResult - view Table executed in 0.9012ms.
2024-10-18 13:33:45.904 +02:00 [INF] Executed action MyShop.Controllers.CustomerController.Table (MyShop) in 2.5178ms
2024-10-18 13:33:45.904 +02:00 [INF] Executed endpoint 'MyShop.Controllers.CustomerController.Table (MyShop)'
2024-10-18 13:33:45.904 +02:00 [INF] Request finished HTTP/1.1 GET http://localhost:5017/Customer/Table - 200 null text/html; charset=utf-8 3.1442ms
2024-10-18 13:40:30.003 +02:00 [INF] Request starting HTTP/1.1 GET http://localhost:5017/ - null null
2024-10-18 13:40:30.003 +02:00 [INF] Executing endpoint 'MyShop.Controllers.HomeController.Index (MyShop)'
2024-10-18 13:40:30.003 +02:00 [INF] Route matched with {action = "Index", controller = "Home"}. Executing controller action with signature Microsoft.AspNetCore.Mvc.IActionResult Index() on controller MyShop.Controllers.HomeController (MyShop).
2024-10-18 13:40:30.003 +02:00 [INF] Executing ViewResult, running view Index.
2024-10-18 13:40:30.004 +02:00 [INF] Executed ViewResult - view Index executed in 0.506ms.
2024-10-18 13:40:30.004 +02:00 [INF] Executed action MyShop.Controllers.HomeController.Index (MyShop) in 0.6934ms
2024-10-18 13:40:30.004 +02:00 [INF] Executed endpoint 'MyShop.Controllers.HomeController.Index (MyShop)'
2024-10-18 13:40:30.004 +02:00 [INF] Request finished HTTP/1.1 GET http://localhost:5017/ - 200 null text/html; charset=utf-8 1.2861ms
2024-10-18 13:40:30.030 +02:00 [INF] Request starting HTTP/1.1 GET http://localhost:5017/images/healthy.jpg - null null
2024-10-18 13:40:30.030 +02:00 [INF] The file /images/healthy.jpg was not modified
2024-10-18 13:40:30.031 +02:00 [INF] Request finished HTTP/1.1 GET http://localhost:5017/images/healthy.jpg - 304 null image/jpeg 0.5997ms
2024-10-18 13:40:55.771 +02:00 [INF] Request starting HTTP/1.1 GET http://localhost:5017/Item/Table - null null
2024-10-18 13:40:55.771 +02:00 [INF] Executing endpoint 'MyShop.Controllers.ItemController.Table (MyShop)'
2024-10-18 13:40:55.771 +02:00 [INF] Route matched with {action = "Table", controller = "Item"}. Executing controller action with signature System.Threading.Tasks.Task`1[Microsoft.AspNetCore.Mvc.IActionResult] Table() on controller MyShop.Controllers.ItemController (MyShop).
2024-10-18 13:40:55.779 +02:00 [INF] Executing ViewResult, running view Table.
2024-10-18 13:40:55.780 +02:00 [INF] Executed ViewResult - view Table executed in 1.4155ms.
2024-10-18 13:40:55.780 +02:00 [INF] Executed action MyShop.Controllers.ItemController.Table (MyShop) in 8.9576ms
2024-10-18 13:40:55.780 +02:00 [INF] Executed endpoint 'MyShop.Controllers.ItemController.Table (MyShop)'
2024-10-18 13:40:55.781 +02:00 [INF] Request finished HTTP/1.1 GET http://localhost:5017/Item/Table - 200 null text/html; charset=utf-8 9.8588ms
2024-10-18 13:40:58.189 +02:00 [INF] Request starting HTTP/1.1 GET http://localhost:5017/ - null null
2024-10-18 13:40:58.189 +02:00 [INF] Executing endpoint 'MyShop.Controllers.HomeController.Index (MyShop)'
2024-10-18 13:40:58.190 +02:00 [INF] Route matched with {action = "Index", controller = "Home"}. Executing controller action with signature Microsoft.AspNetCore.Mvc.IActionResult Index() on controller MyShop.Controllers.HomeController (MyShop).
2024-10-18 13:40:58.190 +02:00 [INF] Executing ViewResult, running view Index.
2024-10-18 13:40:58.190 +02:00 [INF] Executed ViewResult - view Index executed in 0.6067ms.
2024-10-18 13:40:58.191 +02:00 [INF] Executed action MyShop.Controllers.HomeController.Index (MyShop) in 0.8192ms
2024-10-18 13:40:58.191 +02:00 [INF] Executed endpoint 'MyShop.Controllers.HomeController.Index (MyShop)'
2024-10-18 13:40:58.191 +02:00 [INF] Request finished HTTP/1.1 GET http://localhost:5017/ - 200 null text/html; charset=utf-8 1.5737ms
2024-10-18 13:40:58.988 +02:00 [INF] Request starting HTTP/1.1 GET http://localhost:5017/Item/Table - null null
2024-10-18 13:40:58.988 +02:00 [INF] Executing endpoint 'MyShop.Controllers.ItemController.Table (MyShop)'
2024-10-18 13:40:58.988 +02:00 [INF] Route matched with {action = "Table", controller = "Item"}. Executing controller action with signature System.Threading.Tasks.Task`1[Microsoft.AspNetCore.Mvc.IActionResult] Table() on controller MyShop.Controllers.ItemController (MyShop).
2024-10-18 13:40:58.992 +02:00 [INF] Executing ViewResult, running view Table.
2024-10-18 13:40:58.993 +02:00 [INF] Executed ViewResult - view Table executed in 1.4842ms.
2024-10-18 13:40:58.994 +02:00 [INF] Executed action MyShop.Controllers.ItemController.Table (MyShop) in 4.9457ms
2024-10-18 13:40:58.994 +02:00 [INF] Executed endpoint 'MyShop.Controllers.ItemController.Table (MyShop)'
2024-10-18 13:40:58.994 +02:00 [INF] Request finished HTTP/1.1 GET http://localhost:5017/Item/Table - 200 null text/html; charset=utf-8 5.8346ms
2024-10-18 13:40:59.534 +02:00 [INF] Request starting HTTP/1.1 GET http://localhost:5017/Customer/Table - null null
2024-10-18 13:40:59.534 +02:00 [INF] Executing endpoint 'MyShop.Controllers.CustomerController.Table (MyShop)'
2024-10-18 13:40:59.534 +02:00 [INF] Route matched with {action = "Table", controller = "Customer"}. Executing controller action with signature System.Threading.Tasks.Task`1[Microsoft.AspNetCore.Mvc.IActionResult] Table() on controller MyShop.Controllers.CustomerController (MyShop).
2024-10-18 13:40:59.535 +02:00 [INF] Executing ViewResult, running view Table.
2024-10-18 13:40:59.536 +02:00 [INF] Executed ViewResult - view Table executed in 0.9094ms.
2024-10-18 13:40:59.536 +02:00 [INF] Executed action MyShop.Controllers.CustomerController.Table (MyShop) in 2.2775ms
2024-10-18 13:40:59.536 +02:00 [INF] Executed endpoint 'MyShop.Controllers.CustomerController.Table (MyShop)'
2024-10-18 13:40:59.536 +02:00 [INF] Request finished HTTP/1.1 GET http://localhost:5017/Customer/Table - 200 null text/html; charset=utf-8 2.8723ms
2024-10-18 13:41:00.365 +02:00 [INF] Request starting HTTP/1.1 GET http://localhost:5017/Item/Table - null null
2024-10-18 13:41:00.366 +02:00 [INF] Executing endpoint 'MyShop.Controllers.ItemController.Table (MyShop)'
2024-10-18 13:41:00.366 +02:00 [INF] Route matched with {action = "Table", controller = "Item"}. Executing controller action with signature System.Threading.Tasks.Task`1[Microsoft.AspNetCore.Mvc.IActionResult] Table() on controller MyShop.Controllers.ItemController (MyShop).
2024-10-18 13:41:00.368 +02:00 [INF] Executing ViewResult, running view Table.
2024-10-18 13:41:00.369 +02:00 [INF] Executed ViewResult - view Table executed in 1.3232ms.
2024-10-18 13:41:00.370 +02:00 [INF] Executed action MyShop.Controllers.ItemController.Table (MyShop) in 3.8083ms
2024-10-18 13:41:00.370 +02:00 [INF] Executed endpoint 'MyShop.Controllers.ItemController.Table (MyShop)'
2024-10-18 13:41:00.370 +02:00 [INF] Request finished HTTP/1.1 GET http://localhost:5017/Item/Table - 200 null text/html; charset=utf-8 4.525ms
2024-10-18 13:41:00.927 +02:00 [INF] Request starting HTTP/1.1 GET http://localhost:5017/Item/Table - null null
2024-10-18 13:41:00.927 +02:00 [INF] Executing endpoint 'MyShop.Controllers.ItemController.Table (MyShop)'
2024-10-18 13:41:00.927 +02:00 [INF] Route matched with {action = "Table", controller = "Item"}. Executing controller action with signature System.Threading.Tasks.Task`1[Microsoft.AspNetCore.Mvc.IActionResult] Table() on controller MyShop.Controllers.ItemController (MyShop).
2024-10-18 13:41:00.930 +02:00 [INF] Executing ViewResult, running view Table.
2024-10-18 13:41:00.931 +02:00 [INF] Executed ViewResult - view Table executed in 1.4852ms.
2024-10-18 13:41:00.932 +02:00 [INF] Executed action MyShop.Controllers.ItemController.Table (MyShop) in 4.7959ms
2024-10-18 13:41:00.932 +02:00 [INF] Executed endpoint 'MyShop.Controllers.ItemController.Table (MyShop)'
2024-10-18 13:41:00.932 +02:00 [INF] Request finished HTTP/1.1 GET http://localhost:5017/Item/Table - 200 null text/html; charset=utf-8 5.2708ms
2024-10-18 13:41:01.637 +02:00 [INF] Request starting HTTP/1.1 GET http://localhost:5017/ - null null
2024-10-18 13:41:01.638 +02:00 [INF] Executing endpoint 'MyShop.Controllers.HomeController.Index (MyShop)'
2024-10-18 13:41:01.638 +02:00 [INF] Route matched with {action = "Index", controller = "Home"}. Executing controller action with signature Microsoft.AspNetCore.Mvc.IActionResult Index() on controller MyShop.Controllers.HomeController (MyShop).
2024-10-18 13:41:01.638 +02:00 [INF] Executing ViewResult, running view Index.
2024-10-18 13:41:01.638 +02:00 [INF] Executed ViewResult - view Index executed in 0.347ms.
2024-10-18 13:41:01.638 +02:00 [INF] Executed action MyShop.Controllers.HomeController.Index (MyShop) in 0.4794ms
2024-10-18 13:41:01.638 +02:00 [INF] Executed endpoint 'MyShop.Controllers.HomeController.Index (MyShop)'
2024-10-18 13:41:01.638 +02:00 [INF] Request finished HTTP/1.1 GET http://localhost:5017/ - 200 null text/html; charset=utf-8 0.8736ms
2024-10-18 13:44:36.898 +02:00 [INF] Request starting HTTP/1.1 GET http://localhost:5017/Food/Index - null null
2024-10-18 13:44:36.899 +02:00 [INF] Request finished HTTP/1.1 GET http://localhost:5017/Food/Index - 404 0 null 0.8638ms
2024-10-18 13:44:36.901 +02:00 [INF] Request reached the end of the middleware pipeline without being handled by application code. Request path: GET http://localhost:5017/Food/Index, Response status code: 404
2024-10-18 13:44:40.071 +02:00 [INF] Request starting HTTP/1.1 GET http://localhost:5017/Item/Table - null null
2024-10-18 13:44:40.072 +02:00 [INF] Executing endpoint 'MyShop.Controllers.ItemController.Table (MyShop)'
2024-10-18 13:44:40.072 +02:00 [INF] Route matched with {action = "Table", controller = "Item"}. Executing controller action with signature System.Threading.Tasks.Task`1[Microsoft.AspNetCore.Mvc.IActionResult] Table() on controller MyShop.Controllers.ItemController (MyShop).
2024-10-18 13:44:40.075 +02:00 [INF] Executing ViewResult, running view Table.
2024-10-18 13:44:40.076 +02:00 [INF] Executed ViewResult - view Table executed in 0.9056ms.
2024-10-18 13:44:40.076 +02:00 [INF] Executed action MyShop.Controllers.ItemController.Table (MyShop) in 3.6832ms
2024-10-18 13:44:40.076 +02:00 [INF] Executed endpoint 'MyShop.Controllers.ItemController.Table (MyShop)'
2024-10-18 13:44:40.076 +02:00 [INF] Request finished HTTP/1.1 GET http://localhost:5017/Item/Table - 200 null text/html; charset=utf-8 4.4917ms
2024-10-18 13:44:42.022 +02:00 [INF] Request starting HTTP/1.1 GET http://localhost:5017/Item/Grid - null null
2024-10-18 13:44:42.022 +02:00 [INF] Executing endpoint 'MyShop.Controllers.ItemController.Grid (MyShop)'
2024-10-18 13:44:42.022 +02:00 [INF] Route matched with {action = "Grid", controller = "Item"}. Executing controller action with signature System.Threading.Tasks.Task`1[Microsoft.AspNetCore.Mvc.IActionResult] Grid() on controller MyShop.Controllers.ItemController (MyShop).
2024-10-18 13:44:42.024 +02:00 [INF] Executing ViewResult, running view Grid.
2024-10-18 13:44:42.024 +02:00 [INF] Executed ViewResult - view Grid executed in 0.5907ms.
2024-10-18 13:44:42.024 +02:00 [INF] Executed action MyShop.Controllers.ItemController.Grid (MyShop) in 2.3794ms
2024-10-18 13:44:42.024 +02:00 [INF] Executed endpoint 'MyShop.Controllers.ItemController.Grid (MyShop)'
2024-10-18 13:44:42.025 +02:00 [INF] Request finished HTTP/1.1 GET http://localhost:5017/Item/Grid - 200 null text/html; charset=utf-8 3.1031ms
2024-10-18 13:45:21.871 +02:00 [INF] Request starting HTTP/1.1 GET http://localhost:5017/Item/Table - null null
2024-10-18 13:45:21.871 +02:00 [INF] Executing endpoint 'MyShop.Controllers.ItemController.Table (MyShop)'
2024-10-18 13:45:21.872 +02:00 [INF] Route matched with {action = "Table", controller = "Item"}. Executing controller action with signature System.Threading.Tasks.Task`1[Microsoft.AspNetCore.Mvc.IActionResult] Table() on controller MyShop.Controllers.ItemController (MyShop).
2024-10-18 13:45:21.876 +02:00 [INF] Executing ViewResult, running view Table.
2024-10-18 13:45:21.879 +02:00 [INF] Executed ViewResult - view Table executed in 3.345ms.
2024-10-18 13:45:21.879 +02:00 [INF] Executed action MyShop.Controllers.ItemController.Table (MyShop) in 7.5324ms
2024-10-18 13:45:21.879 +02:00 [INF] Executed endpoint 'MyShop.Controllers.ItemController.Table (MyShop)'
2024-10-18 13:45:21.880 +02:00 [INF] Request finished HTTP/1.1 GET http://localhost:5017/Item/Table - 200 null text/html; charset=utf-8 8.5496ms
2024-10-18 13:45:22.691 +02:00 [INF] Request starting HTTP/1.1 GET http://localhost:5017/Item/Grid - null null
2024-10-18 13:45:22.691 +02:00 [INF] Executing endpoint 'MyShop.Controllers.ItemController.Grid (MyShop)'
2024-10-18 13:45:22.691 +02:00 [INF] Route matched with {action = "Grid", controller = "Item"}. Executing controller action with signature System.Threading.Tasks.Task`1[Microsoft.AspNetCore.Mvc.IActionResult] Grid() on controller MyShop.Controllers.ItemController (MyShop).
2024-10-18 13:45:22.694 +02:00 [INF] Executing ViewResult, running view Grid.
2024-10-18 13:45:22.695 +02:00 [INF] Executed ViewResult - view Grid executed in 0.6598ms.
2024-10-18 13:45:22.695 +02:00 [INF] Executed action MyShop.Controllers.ItemController.Grid (MyShop) in 3.8787ms
2024-10-18 13:45:22.695 +02:00 [INF] Executed endpoint 'MyShop.Controllers.ItemController.Grid (MyShop)'
2024-10-18 13:45:22.695 +02:00 [INF] Request finished HTTP/1.1 GET http://localhost:5017/Item/Grid - 200 null text/html; charset=utf-8 4.5714ms
2024-10-18 13:45:37.981 +02:00 [INF] Request starting HTTP/1.1 GET http://localhost:5017/Item/Table - null null
2024-10-18 13:45:37.981 +02:00 [INF] Executing endpoint 'MyShop.Controllers.ItemController.Table (MyShop)'
2024-10-18 13:45:37.981 +02:00 [INF] Route matched with {action = "Table", controller = "Item"}. Executing controller action with signature System.Threading.Tasks.Task`1[Microsoft.AspNetCore.Mvc.IActionResult] Table() on controller MyShop.Controllers.ItemController (MyShop).
2024-10-18 13:45:37.984 +02:00 [INF] Executing ViewResult, running view Table.
2024-10-18 13:45:37.985 +02:00 [INF] Executed ViewResult - view Table executed in 1.2987ms.
2024-10-18 13:45:37.985 +02:00 [INF] Executed action MyShop.Controllers.ItemController.Table (MyShop) in 3.5346ms
2024-10-18 13:45:37.985 +02:00 [INF] Executed endpoint 'MyShop.Controllers.ItemController.Table (MyShop)'
2024-10-18 13:45:37.985 +02:00 [INF] Request finished HTTP/1.1 GET http://localhost:5017/Item/Table - 200 null text/html; charset=utf-8 4.0857ms
2024-10-18 13:45:45.944 +02:00 [INF] Request starting HTTP/1.1 GET http://localhost:5017/Item/Grid - null null
2024-10-18 13:45:45.944 +02:00 [INF] Executing endpoint 'MyShop.Controllers.ItemController.Grid (MyShop)'
2024-10-18 13:45:45.945 +02:00 [INF] Route matched with {action = "Grid", controller = "Item"}. Executing controller action with signature System.Threading.Tasks.Task`1[Microsoft.AspNetCore.Mvc.IActionResult] Grid() on controller MyShop.Controllers.ItemController (MyShop).
2024-10-18 13:45:45.946 +02:00 [INF] Executing ViewResult, running view Grid.
2024-10-18 13:45:45.947 +02:00 [INF] Executed ViewResult - view Grid executed in 0.499ms.
2024-10-18 13:45:45.947 +02:00 [INF] Executed action MyShop.Controllers.ItemController.Grid (MyShop) in 2.2431ms
2024-10-18 13:45:45.947 +02:00 [INF] Executed endpoint 'MyShop.Controllers.ItemController.Grid (MyShop)'
2024-10-18 13:45:45.947 +02:00 [INF] Request finished HTTP/1.1 GET http://localhost:5017/Item/Grid - 200 null text/html; charset=utf-8 2.7094ms
2024-10-18 13:49:50.237 +02:00 [INF] Request starting HTTP/1.1 GET http://localhost:5017/Item/Table - null null
2024-10-18 13:49:50.237 +02:00 [INF] Executing endpoint 'MyShop.Controllers.ItemController.Table (MyShop)'
2024-10-18 13:49:50.237 +02:00 [INF] Route matched with {action = "Table", controller = "Item"}. Executing controller action with signature System.Threading.Tasks.Task`1[Microsoft.AspNetCore.Mvc.IActionResult] Table() on controller MyShop.Controllers.ItemController (MyShop).
2024-10-18 13:49:50.243 +02:00 [INF] Executing ViewResult, running view Table.
2024-10-18 13:49:50.244 +02:00 [INF] Executed ViewResult - view Table executed in 1.7376ms.
2024-10-18 13:49:50.245 +02:00 [INF] Executed action MyShop.Controllers.ItemController.Table (MyShop) in 7.3641ms
2024-10-18 13:49:50.245 +02:00 [INF] Executed endpoint 'MyShop.Controllers.ItemController.Table (MyShop)'
2024-10-18 13:49:50.245 +02:00 [INF] Request finished HTTP/1.1 GET http://localhost:5017/Item/Table - 200 null text/html; charset=utf-8 8.1882ms
2024-10-18 13:49:52.030 +02:00 [INF] Request starting HTTP/1.1 GET http://localhost:5017/ - null null
2024-10-18 13:49:52.030 +02:00 [INF] Executing endpoint 'MyShop.Controllers.HomeController.Index (MyShop)'
2024-10-18 13:49:52.030 +02:00 [INF] Route matched with {action = "Index", controller = "Home"}. Executing controller action with signature Microsoft.AspNetCore.Mvc.IActionResult Index() on controller MyShop.Controllers.HomeController (MyShop).
2024-10-18 13:49:52.031 +02:00 [INF] Executing ViewResult, running view Index.
2024-10-18 13:49:52.031 +02:00 [INF] Executed ViewResult - view Index executed in 0.8155ms.
2024-10-18 13:49:52.032 +02:00 [INF] Executed action MyShop.Controllers.HomeController.Index (MyShop) in 1.073ms
2024-10-18 13:49:52.032 +02:00 [INF] Executed endpoint 'MyShop.Controllers.HomeController.Index (MyShop)'
2024-10-18 13:49:52.032 +02:00 [INF] Request finished HTTP/1.1 GET http://localhost:5017/ - 200 null text/html; charset=utf-8 1.8274ms
2024-10-18 13:49:52.062 +02:00 [INF] Request starting HTTP/1.1 GET http://localhost:5017/images/healthy.jpg - null null
2024-10-18 13:49:52.063 +02:00 [INF] The file /images/healthy.jpg was not modified
2024-10-18 13:49:52.063 +02:00 [INF] Request finished HTTP/1.1 GET http://localhost:5017/images/healthy.jpg - 304 null image/jpeg 1.2301ms
