2024-10-22 11:55:12.404 +02:00 [INF] User profile is available. Using 'C:\Users\jovan\AppData\Local\ASP.NET\DataProtection-Keys' as key repository and Windows DPAPI to encrypt keys at rest.
2024-10-22 11:55:12.619 +02:00 [INF] Now listening on: http://localhost:5017
2024-10-22 11:55:12.623 +02:00 [INF] Application started. Press Ctrl+C to shut down.
2024-10-22 11:55:12.624 +02:00 [INF] Hosting environment: Development
2024-10-22 11:55:12.624 +02:00 [INF] Content root path: C:\TestMappe\ITPE3200_Exam_project
2024-10-22 11:55:14.345 +02:00 [INF] Request starting HTTP/1.1 GET http://localhost:5017/ - null null
2024-10-22 11:55:14.384 +02:00 [INF] Executing endpoint 'MyShop.Controllers.HomeController.Index (MyShop)'
2024-10-22 11:55:14.392 +02:00 [INF] Route matched with {action = "Index", controller = "Home", page = "", area = ""}. Executing controller action with signature Microsoft.AspNetCore.Mvc.IActionResult Index() on controller MyShop.Controllers.HomeController (MyShop).
2024-10-22 11:55:14.400 +02:00 [INF] Executing ViewResult, running view Index.
2024-10-22 11:55:14.477 +02:00 [INF] Executed ViewResult - view Index executed in 77.8526ms.
2024-10-22 11:55:14.480 +02:00 [INF] Executed action MyShop.Controllers.HomeController.Index (MyShop) in 87.104ms
2024-10-22 11:55:14.480 +02:00 [INF] Executed endpoint 'MyShop.Controllers.HomeController.Index (MyShop)'
2024-10-22 11:55:14.483 +02:00 [INF] Request finished HTTP/1.1 GET http://localhost:5017/ - 200 null text/html; charset=utf-8 140.0266ms
2024-10-22 11:55:14.542 +02:00 [INF] Request starting HTTP/1.1 GET http://localhost:5017/images/salad.png - null null
2024-10-22 11:55:14.542 +02:00 [INF] Request starting HTTP/1.1 GET http://localhost:5017/images/nøkkelhull.png - null null
2024-10-22 11:55:14.548 +02:00 [INF] The file /images/salad.png was not modified
2024-10-22 11:55:14.548 +02:00 [INF] The file /images/nøkkelhull.png was not modified
2024-10-22 11:55:14.548 +02:00 [INF] Request finished HTTP/1.1 GET http://localhost:5017/images/salad.png - 304 null image/png 6.3877ms
2024-10-22 11:55:14.548 +02:00 [INF] Request finished HTTP/1.1 GET http://localhost:5017/images/nøkkelhull.png - 304 null image/png 6.0811ms
2024-10-22 11:55:14.771 +02:00 [INF] Request starting HTTP/1.1 GET http://localhost:5017/images/family.jpg - null null
2024-10-22 11:55:14.772 +02:00 [INF] The file /images/family.jpg was not modified
2024-10-22 11:55:14.772 +02:00 [INF] Request finished HTTP/1.1 GET http://localhost:5017/images/family.jpg - 304 null image/jpeg 1.788ms
2024-10-22 11:55:17.030 +02:00 [INF] Request starting HTTP/1.1 GET http://localhost:5017/Item/Table - null null
2024-10-22 11:55:17.032 +02:00 [INF] Executing endpoint 'MyShop.Controllers.ItemController.Table (MyShop)'
2024-10-22 11:55:17.036 +02:00 [INF] Route matched with {action = "Table", controller = "Item", page = "", area = ""}. Executing controller action with signature System.Threading.Tasks.Task`1[Microsoft.AspNetCore.Mvc.IActionResult] Table() on controller MyShop.Controllers.ItemController (MyShop).
2024-10-22 11:55:17.147 +02:00 [INF] Executing ViewResult, running view Table.
2024-10-22 11:55:17.161 +02:00 [INF] Executed ViewResult - view Table executed in 14.2467ms.
2024-10-22 11:55:17.161 +02:00 [INF] Executed action MyShop.Controllers.ItemController.Table (MyShop) in 124.6049ms
2024-10-22 11:55:17.161 +02:00 [INF] Executed endpoint 'MyShop.Controllers.ItemController.Table (MyShop)'
2024-10-22 11:55:17.165 +02:00 [INF] Request finished HTTP/1.1 GET http://localhost:5017/Item/Table - 200 null text/html; charset=utf-8 135.1434ms
2024-10-22 11:55:18.855 +02:00 [INF] Request starting HTTP/1.1 GET http://localhost:5017/Customer/Table - null null
2024-10-22 11:55:18.858 +02:00 [INF] Executing endpoint 'MyShop.Controllers.CustomerController.Table (MyShop)'
2024-10-22 11:55:18.862 +02:00 [INF] Route matched with {action = "Table", controller = "Customer", page = "", area = ""}. Executing controller action with signature System.Threading.Tasks.Task`1[Microsoft.AspNetCore.Mvc.IActionResult] Table() on controller MyShop.Controllers.CustomerController (MyShop).
2024-10-22 11:55:18.912 +02:00 [INF] Executing ViewResult, running view Table.
2024-10-22 11:55:18.987 +02:00 [INF] Executed ViewResult - view Table executed in 75.324ms.
2024-10-22 11:55:18.987 +02:00 [INF] Executed action MyShop.Controllers.CustomerController.Table (MyShop) in 124.7067ms
2024-10-22 11:55:18.987 +02:00 [INF] Executed endpoint 'MyShop.Controllers.CustomerController.Table (MyShop)'
2024-10-22 11:55:18.987 +02:00 [INF] Request finished HTTP/1.1 GET http://localhost:5017/Customer/Table - 200 null text/html; charset=utf-8 132.3128ms
2024-10-22 11:55:21.132 +02:00 [INF] Request starting HTTP/1.1 GET http://localhost:5017/Item/Table - null null
2024-10-22 11:55:21.135 +02:00 [INF] Executing endpoint 'MyShop.Controllers.ItemController.Table (MyShop)'
2024-10-22 11:55:21.135 +02:00 [INF] Route matched with {action = "Table", controller = "Item", page = "", area = ""}. Executing controller action with signature System.Threading.Tasks.Task`1[Microsoft.AspNetCore.Mvc.IActionResult] Table() on controller MyShop.Controllers.ItemController (MyShop).
2024-10-22 11:55:21.140 +02:00 [INF] Executing ViewResult, running view Table.
2024-10-22 11:55:21.145 +02:00 [INF] Executed ViewResult - view Table executed in 5.7988ms.
2024-10-22 11:55:21.145 +02:00 [INF] Executed action MyShop.Controllers.ItemController.Table (MyShop) in 10.3874ms
2024-10-22 11:55:21.146 +02:00 [INF] Executed endpoint 'MyShop.Controllers.ItemController.Table (MyShop)'
2024-10-22 11:55:21.146 +02:00 [INF] Request finished HTTP/1.1 GET http://localhost:5017/Item/Table - 200 null text/html; charset=utf-8 14.0513ms
2024-10-22 11:55:22.913 +02:00 [INF] Request starting HTTP/1.1 GET http://localhost:5017/Item/Create - null null
2024-10-22 11:55:22.914 +02:00 [INF] Executing endpoint 'MyShop.Controllers.ItemController.Create (MyShop)'
2024-10-22 11:55:22.916 +02:00 [INF] Route matched with {action = "Create", controller = "Item", page = "", area = ""}. Executing controller action with signature Microsoft.AspNetCore.Mvc.IActionResult Create() on controller MyShop.Controllers.ItemController (MyShop).
2024-10-22 11:55:22.920 +02:00 [INF] Executing ViewResult, running view Create.
2024-10-22 11:55:23.024 +02:00 [INF] Executed ViewResult - view Create executed in 104.664ms.
2024-10-22 11:55:23.024 +02:00 [INF] Executed action MyShop.Controllers.ItemController.Create (MyShop) in 108.3213ms
2024-10-22 11:55:23.024 +02:00 [INF] Executed endpoint 'MyShop.Controllers.ItemController.Create (MyShop)'
2024-10-22 11:55:23.024 +02:00 [INF] Request finished HTTP/1.1 GET http://localhost:5017/Item/Create - 200 null text/html; charset=utf-8 110.998ms
2024-10-22 11:55:34.481 +02:00 [INF] Request starting HTTP/1.1 POST http://localhost:5017/Item/Create - application/x-www-form-urlencoded 291
2024-10-22 11:55:34.484 +02:00 [INF] Executing endpoint 'MyShop.Controllers.ItemController.Create (MyShop)'
2024-10-22 11:55:34.513 +02:00 [INF] Route matched with {action = "Create", controller = "Item", page = "", area = ""}. Executing controller action with signature System.Threading.Tasks.Task`1[Microsoft.AspNetCore.Mvc.IActionResult] Create(MyShop.Models.Item) on controller MyShop.Controllers.ItemController (MyShop).
2024-10-22 11:55:34.594 +02:00 [INF] Executing RedirectResult, redirecting to /Item/Table.
2024-10-22 11:55:34.595 +02:00 [INF] Executed action MyShop.Controllers.ItemController.Create (MyShop) in 81.5556ms
2024-10-22 11:55:34.595 +02:00 [INF] Executed endpoint 'MyShop.Controllers.ItemController.Create (MyShop)'
2024-10-22 11:55:34.595 +02:00 [INF] Request finished HTTP/1.1 POST http://localhost:5017/Item/Create - 302 0 null 114.4613ms
2024-10-22 11:55:34.601 +02:00 [INF] Request starting HTTP/1.1 GET http://localhost:5017/Item/Table - null null
2024-10-22 11:55:34.602 +02:00 [INF] Executing endpoint 'MyShop.Controllers.ItemController.Table (MyShop)'
2024-10-22 11:55:34.602 +02:00 [INF] Route matched with {action = "Table", controller = "Item", page = "", area = ""}. Executing controller action with signature System.Threading.Tasks.Task`1[Microsoft.AspNetCore.Mvc.IActionResult] Table() on controller MyShop.Controllers.ItemController (MyShop).
2024-10-22 11:55:34.606 +02:00 [INF] Executing ViewResult, running view Table.
2024-10-22 11:55:34.610 +02:00 [INF] Executed ViewResult - view Table executed in 4.0284ms.
2024-10-22 11:55:34.610 +02:00 [INF] Executed action MyShop.Controllers.ItemController.Table (MyShop) in 8.4537ms
2024-10-22 11:55:34.611 +02:00 [INF] Executed endpoint 'MyShop.Controllers.ItemController.Table (MyShop)'
2024-10-22 11:55:34.611 +02:00 [INF] Request finished HTTP/1.1 GET http://localhost:5017/Item/Table - 200 null text/html; charset=utf-8 9.6819ms
2024-10-22 11:55:34.631 +02:00 [INF] Request starting HTTP/1.1 GET http://localhost:5017/Item/asdad - null null
2024-10-22 11:55:34.631 +02:00 [INF] Request finished HTTP/1.1 GET http://localhost:5017/Item/asdad - 404 0 null 0.4902ms
2024-10-22 11:55:34.632 +02:00 [INF] Request reached the end of the middleware pipeline without being handled by application code. Request path: GET http://localhost:5017/Item/asdad, Response status code: 404
2024-10-22 11:55:42.004 +02:00 [INF] Request starting HTTP/1.1 GET http://localhost:5017/Item/Update/7 - null null
2024-10-22 11:55:42.004 +02:00 [INF] Executing endpoint 'MyShop.Controllers.ItemController.Update (MyShop)'
2024-10-22 11:55:42.011 +02:00 [INF] Route matched with {action = "Update", controller = "Item", page = "", area = ""}. Executing controller action with signature System.Threading.Tasks.Task`1[Microsoft.AspNetCore.Mvc.IActionResult] Update(Int32) on controller MyShop.Controllers.ItemController (MyShop).
2024-10-22 11:55:42.040 +02:00 [INF] Executing ViewResult, running view Update.
2024-10-22 11:55:42.099 +02:00 [INF] Executed ViewResult - view Update executed in 59.9889ms.
2024-10-22 11:55:42.099 +02:00 [INF] Executed action MyShop.Controllers.ItemController.Update (MyShop) in 87.7277ms
2024-10-22 11:55:42.099 +02:00 [INF] Executed endpoint 'MyShop.Controllers.ItemController.Update (MyShop)'
2024-10-22 11:55:42.099 +02:00 [INF] Request finished HTTP/1.1 GET http://localhost:5017/Item/Update/7 - 200 null text/html; charset=utf-8 95.7751ms
2024-10-22 11:55:44.587 +02:00 [INF] Request starting HTTP/1.1 POST http://localhost:5017/Item/Update/7 - application/x-www-form-urlencoded 300
2024-10-22 11:55:44.587 +02:00 [INF] Executing endpoint 'MyShop.Controllers.ItemController.Update (MyShop)'
2024-10-22 11:55:44.596 +02:00 [INF] Route matched with {action = "Update", controller = "Item", page = "", area = ""}. Executing controller action with signature System.Threading.Tasks.Task`1[Microsoft.AspNetCore.Mvc.IActionResult] Update(MyShop.Models.Item) on controller MyShop.Controllers.ItemController (MyShop).
2024-10-22 11:55:44.613 +02:00 [INF] Executing RedirectResult, redirecting to /Item/Table.
2024-10-22 11:55:44.614 +02:00 [INF] Executed action MyShop.Controllers.ItemController.Update (MyShop) in 17.2308ms
2024-10-22 11:55:44.614 +02:00 [INF] Executed endpoint 'MyShop.Controllers.ItemController.Update (MyShop)'
2024-10-22 11:55:44.614 +02:00 [INF] Request finished HTTP/1.1 POST http://localhost:5017/Item/Update/7 - 302 0 null 27.2553ms
2024-10-22 11:55:44.619 +02:00 [INF] Request starting HTTP/1.1 GET http://localhost:5017/Item/Table - null null
2024-10-22 11:55:44.619 +02:00 [INF] Executing endpoint 'MyShop.Controllers.ItemController.Table (MyShop)'
2024-10-22 11:55:44.619 +02:00 [INF] Route matched with {action = "Table", controller = "Item", page = "", area = ""}. Executing controller action with signature System.Threading.Tasks.Task`1[Microsoft.AspNetCore.Mvc.IActionResult] Table() on controller MyShop.Controllers.ItemController (MyShop).
2024-10-22 11:55:44.623 +02:00 [INF] Executing ViewResult, running view Table.
2024-10-22 11:55:44.624 +02:00 [INF] Executed ViewResult - view Table executed in 1.6398ms.
2024-10-22 11:55:44.624 +02:00 [INF] Executed action MyShop.Controllers.ItemController.Table (MyShop) in 4.8899ms
2024-10-22 11:55:44.624 +02:00 [INF] Executed endpoint 'MyShop.Controllers.ItemController.Table (MyShop)'
2024-10-22 11:55:44.625 +02:00 [INF] Request finished HTTP/1.1 GET http://localhost:5017/Item/Table - 200 null text/html; charset=utf-8 5.4832ms
2024-10-22 11:55:44.644 +02:00 [INF] Request starting HTTP/1.1 GET http://localhost:5017/Item/asdad - null null
2024-10-22 11:55:44.644 +02:00 [INF] Request finished HTTP/1.1 GET http://localhost:5017/Item/asdad - 404 0 null 0.2975ms
2024-10-22 11:55:44.645 +02:00 [INF] Request reached the end of the middleware pipeline without being handled by application code. Request path: GET http://localhost:5017/Item/asdad, Response status code: 404
2024-10-22 11:55:46.935 +02:00 [INF] Request starting HTTP/1.1 GET http://localhost:5017/Item/Delete/7 - null null
2024-10-22 11:55:46.936 +02:00 [INF] Executing endpoint 'MyShop.Controllers.ItemController.Delete (MyShop)'
2024-10-22 11:55:46.942 +02:00 [INF] Route matched with {action = "Delete", controller = "Item", page = "", area = ""}. Executing controller action with signature System.Threading.Tasks.Task`1[Microsoft.AspNetCore.Mvc.IActionResult] Delete(Int32) on controller MyShop.Controllers.ItemController (MyShop).
2024-10-22 11:55:46.949 +02:00 [INF] Executing ViewResult, running view Delete.
2024-10-22 11:55:46.959 +02:00 [INF] Executed ViewResult - view Delete executed in 11.544ms.
2024-10-22 11:55:46.959 +02:00 [INF] Executed action MyShop.Controllers.ItemController.Delete (MyShop) in 17.2911ms
2024-10-22 11:55:46.960 +02:00 [INF] Executed endpoint 'MyShop.Controllers.ItemController.Delete (MyShop)'
2024-10-22 11:55:46.960 +02:00 [INF] Request finished HTTP/1.1 GET http://localhost:5017/Item/Delete/7 - 200 null text/html; charset=utf-8 24.7161ms
2024-10-22 11:55:48.537 +02:00 [INF] Request starting HTTP/1.1 POST http://localhost:5017/Item/DeleteConfirmed/7 - application/x-www-form-urlencoded 182
2024-10-22 11:55:48.537 +02:00 [INF] Executing endpoint 'MyShop.Controllers.ItemController.DeleteConfirmed (MyShop)'
2024-10-22 11:55:48.544 +02:00 [INF] Route matched with {action = "DeleteConfirmed", controller = "Item", page = "", area = ""}. Executing controller action with signature System.Threading.Tasks.Task`1[Microsoft.AspNetCore.Mvc.IActionResult] DeleteConfirmed(Int32) on controller MyShop.Controllers.ItemController (MyShop).
2024-10-22 11:55:48.574 +02:00 [INF] Executing RedirectResult, redirecting to /Item/Table.
2024-10-22 11:55:48.575 +02:00 [INF] Executed action MyShop.Controllers.ItemController.DeleteConfirmed (MyShop) in 30.2809ms
2024-10-22 11:55:48.575 +02:00 [INF] Executed endpoint 'MyShop.Controllers.ItemController.DeleteConfirmed (MyShop)'
2024-10-22 11:55:48.575 +02:00 [INF] Request finished HTTP/1.1 POST http://localhost:5017/Item/DeleteConfirmed/7 - 302 0 null 38.1799ms
2024-10-22 11:55:48.580 +02:00 [INF] Request starting HTTP/1.1 GET http://localhost:5017/Item/Table - null null
2024-10-22 11:55:48.581 +02:00 [INF] Executing endpoint 'MyShop.Controllers.ItemController.Table (MyShop)'
2024-10-22 11:55:48.581 +02:00 [INF] Route matched with {action = "Table", controller = "Item", page = "", area = ""}. Executing controller action with signature System.Threading.Tasks.Task`1[Microsoft.AspNetCore.Mvc.IActionResult] Table() on controller MyShop.Controllers.ItemController (MyShop).
2024-10-22 11:55:48.585 +02:00 [INF] Executing ViewResult, running view Table.
2024-10-22 11:55:48.587 +02:00 [INF] Executed ViewResult - view Table executed in 2.2229ms.
2024-10-22 11:55:48.587 +02:00 [INF] Executed action MyShop.Controllers.ItemController.Table (MyShop) in 6.3801ms
2024-10-22 11:55:48.588 +02:00 [INF] Executed endpoint 'MyShop.Controllers.ItemController.Table (MyShop)'
2024-10-22 11:55:48.588 +02:00 [INF] Request finished HTTP/1.1 GET http://localhost:5017/Item/Table - 200 null text/html; charset=utf-8 7.4684ms
