2024-11-04 13:11:32.461 +01:00 [INF] User profile is available. Using 'C:\Users\Hadle\AppData\Local\ASP.NET\DataProtection-Keys' as key repository and Windows DPAPI to encrypt keys at rest.
2024-11-04 13:11:32.599 +01:00 [INF] Now listening on: http://localhost:5017
2024-11-04 13:11:32.603 +01:00 [INF] Application started. Press Ctrl+C to shut down.
2024-11-04 13:11:32.603 +01:00 [INF] Hosting environment: Development
2024-11-04 13:11:32.604 +01:00 [INF] Content root path: C:\ITPE3200\ITPE3200_Exam_project-main\ITPE3200_Exam_project-main\ITPE3200_Exam_project
2024-11-04 13:11:33.655 +01:00 [INF] Request starting HTTP/1.1 GET http://localhost:5017/ - null null
2024-11-04 13:11:33.703 +01:00 [INF] Executing endpoint 'MyShop.Controllers.HomeController.Index (MyShop)'
2024-11-04 13:11:33.713 +01:00 [INF] Route matched with {action = "Index", controller = "Home", page = "", area = ""}. Executing controller action with signature Microsoft.AspNetCore.Mvc.IActionResult Index() on controller MyShop.Controllers.HomeController (MyShop).
2024-11-04 13:11:33.720 +01:00 [INF] Executing ViewResult, running view Index.
2024-11-04 13:11:33.787 +01:00 [INF] Executed ViewResult - view Index executed in 69.029ms.
2024-11-04 13:11:33.789 +01:00 [INF] Executed action MyShop.Controllers.HomeController.Index (MyShop) in 76.1032ms
2024-11-04 13:11:33.789 +01:00 [INF] Executed endpoint 'MyShop.Controllers.HomeController.Index (MyShop)'
2024-11-04 13:11:33.793 +01:00 [INF] Request finished HTTP/1.1 GET http://localhost:5017/ - 200 null text/html; charset=utf-8 139.0645ms
2024-11-04 13:11:35.204 +01:00 [INF] Request starting HTTP/1.1 GET http://localhost:5017/Customer/Table - null null
2024-11-04 13:11:35.209 +01:00 [INF] Executing endpoint 'MyShop.Controllers.CustomerController.Table (MyShop)'
2024-11-04 13:11:35.213 +01:00 [INF] Route matched with {action = "Table", controller = "Customer", page = "", area = ""}. Executing controller action with signature System.Threading.Tasks.Task`1[Microsoft.AspNetCore.Mvc.IActionResult] Table() on controller MyShop.Controllers.CustomerController (MyShop).
2024-11-04 13:11:35.314 +01:00 [INF] Executing ViewResult, running view Table.
2024-11-04 13:11:35.319 +01:00 [INF] Executed ViewResult - view Table executed in 6.2668ms.
2024-11-04 13:11:35.320 +01:00 [INF] Executed action MyShop.Controllers.CustomerController.Table (MyShop) in 106.1589ms
2024-11-04 13:11:35.320 +01:00 [INF] Executed endpoint 'MyShop.Controllers.CustomerController.Table (MyShop)'
2024-11-04 13:11:35.323 +01:00 [INF] Request finished HTTP/1.1 GET http://localhost:5017/Customer/Table - 200 null text/html; charset=utf-8 118.7301ms
2024-11-04 13:11:57.873 +01:00 [INF] Application is shutting down...
