2024-10-18 13:15:32.747 +02:00 [INF] User profile is available. Using 'C:\Users\Hadle\AppData\Local\ASP.NET\DataProtection-Keys' as key repository and Windows DPAPI to encrypt keys at rest.
2024-10-18 13:15:32.795 +02:00 [INF] Now listening on: http://localhost:5017
2024-10-18 13:15:32.797 +02:00 [INF] Application started. Press Ctrl+C to shut down.
2024-10-18 13:15:32.798 +02:00 [INF] Hosting environment: Development
2024-10-18 13:15:32.798 +02:00 [INF] Content root path: C:\Users\Hadle\Downloads\ITPE3200\ITPE3200_Exam_project
2024-10-18 13:15:33.991 +02:00 [INF] Request starting HTTP/1.1 GET http://localhost:5017/ - null null
2024-10-18 13:15:34.022 +02:00 [INF] Executing endpoint 'MyShop.Controllers.HomeController.Index (MyShop)'
2024-10-18 13:15:34.029 +02:00 [INF] Route matched with {action = "Index", controller = "Home"}. Executing controller action with signature Microsoft.AspNetCore.Mvc.IActionResult Index() on controller MyShop.Controllers.HomeController (MyShop).
2024-10-18 13:15:34.038 +02:00 [INF] Executing ViewResult, running view Index.
2024-10-18 13:15:34.085 +02:00 [INF] Executed ViewResult - view Index executed in 47.5851ms.
2024-10-18 13:15:34.086 +02:00 [INF] Executed action MyShop.Controllers.HomeController.Index (MyShop) in 57.245ms
2024-10-18 13:15:34.086 +02:00 [INF] Executed endpoint 'MyShop.Controllers.HomeController.Index (MyShop)'
2024-10-18 13:15:34.088 +02:00 [INF] Request finished HTTP/1.1 GET http://localhost:5017/ - 200 null text/html; charset=utf-8 98.6829ms
2024-10-18 13:16:36.553 +02:00 [INF] Request starting HTTP/1.1 GET http://localhost:5017/ - null null
2024-10-18 13:16:36.553 +02:00 [INF] Executing endpoint 'MyShop.Controllers.HomeController.Index (MyShop)'
2024-10-18 13:16:36.554 +02:00 [INF] Route matched with {action = "Index", controller = "Home"}. Executing controller action with signature Microsoft.AspNetCore.Mvc.IActionResult Index() on controller MyShop.Controllers.HomeController (MyShop).
2024-10-18 13:16:36.554 +02:00 [INF] Executing ViewResult, running view Index.
2024-10-18 13:16:36.557 +02:00 [INF] Executed ViewResult - view Index executed in 3.2953ms.
2024-10-18 13:16:36.557 +02:00 [INF] Executed action MyShop.Controllers.HomeController.Index (MyShop) in 3.6997ms
2024-10-18 13:16:36.557 +02:00 [INF] Executed endpoint 'MyShop.Controllers.HomeController.Index (MyShop)'
2024-10-18 13:16:36.558 +02:00 [INF] Request finished HTTP/1.1 GET http://localhost:5017/ - 200 null text/html; charset=utf-8 5.1077ms
2024-10-18 13:16:42.747 +02:00 [INF] Application is shutting down...
