2024-11-04 11:17:41.331 +01:00 [INF] User profile is available. Using 'C:\Users\Hadle\AppData\Local\ASP.NET\DataProtection-Keys' as key repository and Windows DPAPI to encrypt keys at rest.
2024-11-04 11:17:41.469 +01:00 [INF] Now listening on: http://localhost:5017
2024-11-04 11:17:41.472 +01:00 [INF] Application started. Press Ctrl+C to shut down.
2024-11-04 11:17:41.473 +01:00 [INF] Hosting environment: Development
2024-11-04 11:17:41.473 +01:00 [INF] Content root path: C:\ITPE3200\ITPE3200_Exam_project-main\ITPE3200_Exam_project-main\ITPE3200_Exam_project
2024-11-04 11:17:42.665 +01:00 [INF] Request starting HTTP/1.1 GET http://localhost:5017/ - null null
2024-11-04 11:17:42.720 +01:00 [INF] Executing endpoint 'MyShop.Controllers.HomeController.Index (MyShop)'
2024-11-04 11:17:42.729 +01:00 [INF] Route matched with {action = "Index", controller = "Home", page = "", area = ""}. Executing controller action with signature Microsoft.AspNetCore.Mvc.IActionResult Index() on controller MyShop.Controllers.HomeController (MyShop).
2024-11-04 11:17:42.735 +01:00 [INF] Executing ViewResult, running view Index.
2024-11-04 11:17:42.800 +01:00 [INF] Executed ViewResult - view Index executed in 65.8255ms.
2024-11-04 11:17:42.801 +01:00 [INF] Executed action MyShop.Controllers.HomeController.Index (MyShop) in 72.3512ms
2024-11-04 11:17:42.802 +01:00 [INF] Executed endpoint 'MyShop.Controllers.HomeController.Index (MyShop)'
2024-11-04 11:17:42.805 +01:00 [INF] Request finished HTTP/1.1 GET http://localhost:5017/ - 200 null text/html; charset=utf-8 141.8006ms
2024-11-04 11:17:52.616 +01:00 [INF] Request starting HTTP/1.1 GET http://localhost:5017/Item/Grid - null null
2024-11-04 11:17:52.620 +01:00 [INF] Executing endpoint 'MyShop.Controllers.ItemController.Grid (MyShop)'
2024-11-04 11:17:52.625 +01:00 [INF] Route matched with {action = "Grid", controller = "Item", page = "", area = ""}. Executing controller action with signature System.Threading.Tasks.Task`1[Microsoft.AspNetCore.Mvc.IActionResult] Grid() on controller MyShop.Controllers.ItemController (MyShop).
2024-11-04 11:17:52.727 +01:00 [INF] Executing ViewResult, running view Grid.
2024-11-04 11:17:52.734 +01:00 [INF] Executed ViewResult - view Grid executed in 7.4093ms.
2024-11-04 11:17:52.734 +01:00 [INF] Executed action MyShop.Controllers.ItemController.Grid (MyShop) in 109.7634ms
2024-11-04 11:17:52.734 +01:00 [INF] Executed endpoint 'MyShop.Controllers.ItemController.Grid (MyShop)'
2024-11-04 11:17:52.737 +01:00 [INF] Request finished HTTP/1.1 GET http://localhost:5017/Item/Grid - 200 null text/html; charset=utf-8 121.5935ms
2024-11-04 11:18:05.178 +01:00 [INF] Request starting HTTP/1.1 GET http://localhost:5017/Item/Table - null null
2024-11-04 11:18:05.189 +01:00 [INF] Executing endpoint 'MyShop.Controllers.ItemController.Table (MyShop)'
2024-11-04 11:18:05.192 +01:00 [INF] Route matched with {action = "Table", controller = "Item", page = "", area = ""}. Executing controller action with signature System.Threading.Tasks.Task`1[Microsoft.AspNetCore.Mvc.IActionResult] Table() on controller MyShop.Controllers.ItemController (MyShop).
2024-11-04 11:18:05.231 +01:00 [INF] Executing ViewResult, running view Table.
2024-11-04 11:18:05.239 +01:00 [INF] Executed ViewResult - view Table executed in 8.6999ms.
2024-11-04 11:18:05.239 +01:00 [INF] Executed action MyShop.Controllers.ItemController.Table (MyShop) in 47.8442ms
2024-11-04 11:18:05.240 +01:00 [INF] Executed endpoint 'MyShop.Controllers.ItemController.Table (MyShop)'
2024-11-04 11:18:05.240 +01:00 [INF] Request finished HTTP/1.1 GET http://localhost:5017/Item/Table - 200 null text/html; charset=utf-8 61.7436ms
2024-11-04 11:18:11.501 +01:00 [INF] Request starting HTTP/1.1 GET http://localhost:5017/Item/Details/1 - null null
2024-11-04 11:18:11.502 +01:00 [INF] Executing endpoint 'MyShop.Controllers.ItemController.Details (MyShop)'
2024-11-04 11:18:11.508 +01:00 [INF] Route matched with {action = "Details", controller = "Item", page = "", area = ""}. Executing controller action with signature System.Threading.Tasks.Task`1[Microsoft.AspNetCore.Mvc.IActionResult] Details(Int32) on controller MyShop.Controllers.ItemController (MyShop).
2024-11-04 11:18:11.549 +01:00 [INF] Executing ViewResult, running view Details.
2024-11-04 11:18:11.552 +01:00 [INF] Executed ViewResult - view Details executed in 3.2279ms.
2024-11-04 11:18:11.552 +01:00 [INF] Executed action MyShop.Controllers.ItemController.Details (MyShop) in 43.8755ms
2024-11-04 11:18:11.552 +01:00 [INF] Executed endpoint 'MyShop.Controllers.ItemController.Details (MyShop)'
2024-11-04 11:18:11.553 +01:00 [INF] Request finished HTTP/1.1 GET http://localhost:5017/Item/Details/1 - 200 null text/html; charset=utf-8 51.4823ms
2024-11-04 11:18:15.428 +01:00 [INF] Request starting HTTP/1.1 GET http://localhost:5017/Item/Table - null null
2024-11-04 11:18:15.429 +01:00 [INF] Executing endpoint 'MyShop.Controllers.ItemController.Table (MyShop)'
2024-11-04 11:18:15.429 +01:00 [INF] Route matched with {action = "Table", controller = "Item", page = "", area = ""}. Executing controller action with signature System.Threading.Tasks.Task`1[Microsoft.AspNetCore.Mvc.IActionResult] Table() on controller MyShop.Controllers.ItemController (MyShop).
2024-11-04 11:18:15.430 +01:00 [INF] Executing ViewResult, running view Table.
2024-11-04 11:18:15.433 +01:00 [INF] Executed ViewResult - view Table executed in 2.3793ms.
2024-11-04 11:18:15.433 +01:00 [INF] Executed action MyShop.Controllers.ItemController.Table (MyShop) in 4.0552ms
2024-11-04 11:18:15.433 +01:00 [INF] Executed endpoint 'MyShop.Controllers.ItemController.Table (MyShop)'
2024-11-04 11:18:15.433 +01:00 [INF] Request finished HTTP/1.1 GET http://localhost:5017/Item/Table - 200 null text/html; charset=utf-8 5.1902ms
2024-11-04 11:18:23.832 +01:00 [INF] Request starting HTTP/1.1 GET http://localhost:5017/Item/Grid - null null
2024-11-04 11:18:23.832 +01:00 [INF] Executing endpoint 'MyShop.Controllers.ItemController.Grid (MyShop)'
2024-11-04 11:18:23.832 +01:00 [INF] Route matched with {action = "Grid", controller = "Item", page = "", area = ""}. Executing controller action with signature System.Threading.Tasks.Task`1[Microsoft.AspNetCore.Mvc.IActionResult] Grid() on controller MyShop.Controllers.ItemController (MyShop).
2024-11-04 11:18:23.834 +01:00 [INF] Executing ViewResult, running view Grid.
2024-11-04 11:18:23.835 +01:00 [INF] Executed ViewResult - view Grid executed in 0.8024ms.
2024-11-04 11:18:23.835 +01:00 [INF] Executed action MyShop.Controllers.ItemController.Grid (MyShop) in 2.5457ms
2024-11-04 11:18:23.835 +01:00 [INF] Executed endpoint 'MyShop.Controllers.ItemController.Grid (MyShop)'
2024-11-04 11:18:23.835 +01:00 [INF] Request finished HTTP/1.1 GET http://localhost:5017/Item/Grid - 200 null text/html; charset=utf-8 3.6039ms
2024-11-04 11:18:39.133 +01:00 [INF] Request starting HTTP/1.1 GET http://localhost:5017/Item/Table - null null
2024-11-04 11:18:39.133 +01:00 [INF] Executing endpoint 'MyShop.Controllers.ItemController.Table (MyShop)'
2024-11-04 11:18:39.133 +01:00 [INF] Route matched with {action = "Table", controller = "Item", page = "", area = ""}. Executing controller action with signature System.Threading.Tasks.Task`1[Microsoft.AspNetCore.Mvc.IActionResult] Table() on controller MyShop.Controllers.ItemController (MyShop).
2024-11-04 11:18:39.135 +01:00 [INF] Executing ViewResult, running view Table.
2024-11-04 11:18:39.136 +01:00 [INF] Executed ViewResult - view Table executed in 1.293ms.
2024-11-04 11:18:39.136 +01:00 [INF] Executed action MyShop.Controllers.ItemController.Table (MyShop) in 2.5307ms
2024-11-04 11:18:39.136 +01:00 [INF] Executed endpoint 'MyShop.Controllers.ItemController.Table (MyShop)'
2024-11-04 11:18:39.137 +01:00 [INF] Request finished HTTP/1.1 GET http://localhost:5017/Item/Table - 200 null text/html; charset=utf-8 3.9931ms
2024-11-04 11:18:40.216 +01:00 [INF] Request starting HTTP/1.1 GET http://localhost:5017/Item/Details/1 - null null
2024-11-04 11:18:40.217 +01:00 [INF] Executing endpoint 'MyShop.Controllers.ItemController.Details (MyShop)'
2024-11-04 11:18:40.217 +01:00 [INF] Route matched with {action = "Details", controller = "Item", page = "", area = ""}. Executing controller action with signature System.Threading.Tasks.Task`1[Microsoft.AspNetCore.Mvc.IActionResult] Details(Int32) on controller MyShop.Controllers.ItemController (MyShop).
2024-11-04 11:18:40.221 +01:00 [INF] Executing ViewResult, running view Details.
2024-11-04 11:18:40.222 +01:00 [INF] Executed ViewResult - view Details executed in 0.9611ms.
2024-11-04 11:18:40.222 +01:00 [INF] Executed action MyShop.Controllers.ItemController.Details (MyShop) in 5.5126ms
2024-11-04 11:18:40.222 +01:00 [INF] Executed endpoint 'MyShop.Controllers.ItemController.Details (MyShop)'
2024-11-04 11:18:40.223 +01:00 [INF] Request finished HTTP/1.1 GET http://localhost:5017/Item/Details/1 - 200 null text/html; charset=utf-8 6.502ms
2024-11-04 11:18:47.128 +01:00 [INF] Request starting HTTP/1.1 GET http://localhost:5017/ - null null
2024-11-04 11:18:47.129 +01:00 [INF] Executing endpoint 'MyShop.Controllers.HomeController.Index (MyShop)'
2024-11-04 11:18:47.129 +01:00 [INF] Route matched with {action = "Index", controller = "Home", page = "", area = ""}. Executing controller action with signature Microsoft.AspNetCore.Mvc.IActionResult Index() on controller MyShop.Controllers.HomeController (MyShop).
2024-11-04 11:18:47.129 +01:00 [INF] Executing ViewResult, running view Index.
2024-11-04 11:18:47.130 +01:00 [INF] Executed ViewResult - view Index executed in 1.0244ms.
2024-11-04 11:18:47.130 +01:00 [INF] Executed action MyShop.Controllers.HomeController.Index (MyShop) in 1.2098ms
2024-11-04 11:18:47.130 +01:00 [INF] Executed endpoint 'MyShop.Controllers.HomeController.Index (MyShop)'
2024-11-04 11:18:47.130 +01:00 [INF] Request finished HTTP/1.1 GET http://localhost:5017/ - 200 null text/html; charset=utf-8 2.0289ms
2024-11-04 11:18:55.827 +01:00 [INF] Request starting HTTP/1.1 GET http://localhost:5017/ - null null
2024-11-04 11:18:55.827 +01:00 [INF] Executing endpoint 'MyShop.Controllers.HomeController.Index (MyShop)'
2024-11-04 11:18:55.827 +01:00 [INF] Route matched with {action = "Index", controller = "Home", page = "", area = ""}. Executing controller action with signature Microsoft.AspNetCore.Mvc.IActionResult Index() on controller MyShop.Controllers.HomeController (MyShop).
2024-11-04 11:18:55.827 +01:00 [INF] Executing ViewResult, running view Index.
2024-11-04 11:18:55.828 +01:00 [INF] Executed ViewResult - view Index executed in 0.643ms.
2024-11-04 11:18:55.828 +01:00 [INF] Executed action MyShop.Controllers.HomeController.Index (MyShop) in 0.7492ms
2024-11-04 11:18:55.828 +01:00 [INF] Executed endpoint 'MyShop.Controllers.HomeController.Index (MyShop)'
2024-11-04 11:18:55.828 +01:00 [INF] Request finished HTTP/1.1 GET http://localhost:5017/ - 200 null text/html; charset=utf-8 1.4589ms
2024-11-04 11:18:56.505 +01:00 [INF] Request starting HTTP/1.1 GET http://localhost:5017/Item/Grid - null null
2024-11-04 11:18:56.506 +01:00 [INF] Executing endpoint 'MyShop.Controllers.ItemController.Grid (MyShop)'
2024-11-04 11:18:56.506 +01:00 [INF] Route matched with {action = "Grid", controller = "Item", page = "", area = ""}. Executing controller action with signature System.Threading.Tasks.Task`1[Microsoft.AspNetCore.Mvc.IActionResult] Grid() on controller MyShop.Controllers.ItemController (MyShop).
2024-11-04 11:18:56.507 +01:00 [INF] Executing ViewResult, running view Grid.
2024-11-04 11:18:56.507 +01:00 [INF] Executed ViewResult - view Grid executed in 0.743ms.
2024-11-04 11:18:56.508 +01:00 [INF] Executed action MyShop.Controllers.ItemController.Grid (MyShop) in 1.9239ms
2024-11-04 11:18:56.508 +01:00 [INF] Executed endpoint 'MyShop.Controllers.ItemController.Grid (MyShop)'
2024-11-04 11:18:56.508 +01:00 [INF] Request finished HTTP/1.1 GET http://localhost:5017/Item/Grid - 200 null text/html; charset=utf-8 2.882ms
2024-11-04 11:19:02.616 +01:00 [INF] Request starting HTTP/1.1 GET http://localhost:5017/Item/Table - null null
2024-11-04 11:19:02.617 +01:00 [INF] Executing endpoint 'MyShop.Controllers.ItemController.Table (MyShop)'
2024-11-04 11:19:02.617 +01:00 [INF] Route matched with {action = "Table", controller = "Item", page = "", area = ""}. Executing controller action with signature System.Threading.Tasks.Task`1[Microsoft.AspNetCore.Mvc.IActionResult] Table() on controller MyShop.Controllers.ItemController (MyShop).
2024-11-04 11:19:02.618 +01:00 [INF] Executing ViewResult, running view Table.
2024-11-04 11:19:02.619 +01:00 [INF] Executed ViewResult - view Table executed in 0.7211ms.
2024-11-04 11:19:02.619 +01:00 [INF] Executed action MyShop.Controllers.ItemController.Table (MyShop) in 1.8134ms
2024-11-04 11:19:02.619 +01:00 [INF] Executed endpoint 'MyShop.Controllers.ItemController.Table (MyShop)'
2024-11-04 11:19:02.619 +01:00 [INF] Request finished HTTP/1.1 GET http://localhost:5017/Item/Table - 200 null text/html; charset=utf-8 2.6332ms
2024-11-04 11:19:03.884 +01:00 [INF] Request starting HTTP/1.1 GET http://localhost:5017/Item/Grid - null null
2024-11-04 11:19:03.884 +01:00 [INF] Executing endpoint 'MyShop.Controllers.ItemController.Grid (MyShop)'
2024-11-04 11:19:03.885 +01:00 [INF] Route matched with {action = "Grid", controller = "Item", page = "", area = ""}. Executing controller action with signature System.Threading.Tasks.Task`1[Microsoft.AspNetCore.Mvc.IActionResult] Grid() on controller MyShop.Controllers.ItemController (MyShop).
2024-11-04 11:19:03.886 +01:00 [INF] Executing ViewResult, running view Grid.
2024-11-04 11:19:03.886 +01:00 [INF] Executed ViewResult - view Grid executed in 0.8121ms.
2024-11-04 11:19:03.886 +01:00 [INF] Executed action MyShop.Controllers.ItemController.Grid (MyShop) in 1.9309ms
2024-11-04 11:19:03.886 +01:00 [INF] Executed endpoint 'MyShop.Controllers.ItemController.Grid (MyShop)'
2024-11-04 11:19:03.887 +01:00 [INF] Request finished HTTP/1.1 GET http://localhost:5017/Item/Grid - 200 null text/html; charset=utf-8 2.7626ms
2024-11-04 11:19:04.800 +01:00 [INF] Request starting HTTP/1.1 GET http://localhost:5017/Item/Table - null null
2024-11-04 11:19:04.801 +01:00 [INF] Executing endpoint 'MyShop.Controllers.ItemController.Table (MyShop)'
2024-11-04 11:19:04.801 +01:00 [INF] Route matched with {action = "Table", controller = "Item", page = "", area = ""}. Executing controller action with signature System.Threading.Tasks.Task`1[Microsoft.AspNetCore.Mvc.IActionResult] Table() on controller MyShop.Controllers.ItemController (MyShop).
2024-11-04 11:19:04.802 +01:00 [INF] Executing ViewResult, running view Table.
2024-11-04 11:19:04.803 +01:00 [INF] Executed ViewResult - view Table executed in 0.8853ms.
2024-11-04 11:19:04.803 +01:00 [INF] Executed action MyShop.Controllers.ItemController.Table (MyShop) in 2.2073ms
2024-11-04 11:19:04.803 +01:00 [INF] Executed endpoint 'MyShop.Controllers.ItemController.Table (MyShop)'
2024-11-04 11:19:04.803 +01:00 [INF] Request finished HTTP/1.1 GET http://localhost:5017/Item/Table - 200 null text/html; charset=utf-8 3.1214ms
2024-11-04 11:19:06.551 +01:00 [INF] Request starting HTTP/1.1 GET http://localhost:5017/Item/Grid - null null
2024-11-04 11:19:06.551 +01:00 [INF] Executing endpoint 'MyShop.Controllers.ItemController.Grid (MyShop)'
2024-11-04 11:19:06.551 +01:00 [INF] Route matched with {action = "Grid", controller = "Item", page = "", area = ""}. Executing controller action with signature System.Threading.Tasks.Task`1[Microsoft.AspNetCore.Mvc.IActionResult] Grid() on controller MyShop.Controllers.ItemController (MyShop).
2024-11-04 11:19:06.552 +01:00 [INF] Executing ViewResult, running view Grid.
2024-11-04 11:19:06.553 +01:00 [INF] Executed ViewResult - view Grid executed in 0.672ms.
2024-11-04 11:19:06.553 +01:00 [INF] Executed action MyShop.Controllers.ItemController.Grid (MyShop) in 1.6222ms
2024-11-04 11:19:06.553 +01:00 [INF] Executed endpoint 'MyShop.Controllers.ItemController.Grid (MyShop)'
2024-11-04 11:19:06.553 +01:00 [INF] Request finished HTTP/1.1 GET http://localhost:5017/Item/Grid - 200 null text/html; charset=utf-8 2.3473ms
2024-11-04 11:19:07.626 +01:00 [INF] Request starting HTTP/1.1 GET http://localhost:5017/ - null null
2024-11-04 11:19:07.627 +01:00 [INF] Executing endpoint 'MyShop.Controllers.HomeController.Index (MyShop)'
2024-11-04 11:19:07.627 +01:00 [INF] Route matched with {action = "Index", controller = "Home", page = "", area = ""}. Executing controller action with signature Microsoft.AspNetCore.Mvc.IActionResult Index() on controller MyShop.Controllers.HomeController (MyShop).
2024-11-04 11:19:07.627 +01:00 [INF] Executing ViewResult, running view Index.
2024-11-04 11:19:07.628 +01:00 [INF] Executed ViewResult - view Index executed in 0.558ms.
2024-11-04 11:19:07.628 +01:00 [INF] Executed action MyShop.Controllers.HomeController.Index (MyShop) in 0.67ms
2024-11-04 11:19:07.628 +01:00 [INF] Executed endpoint 'MyShop.Controllers.HomeController.Index (MyShop)'
2024-11-04 11:19:07.628 +01:00 [INF] Request finished HTTP/1.1 GET http://localhost:5017/ - 200 null text/html; charset=utf-8 1.6756ms
2024-11-04 11:19:16.480 +01:00 [INF] Request starting HTTP/1.1 GET http://localhost:5017/ - null null
2024-11-04 11:19:16.481 +01:00 [INF] Executing endpoint 'MyShop.Controllers.HomeController.Index (MyShop)'
2024-11-04 11:19:16.481 +01:00 [INF] Route matched with {action = "Index", controller = "Home", page = "", area = ""}. Executing controller action with signature Microsoft.AspNetCore.Mvc.IActionResult Index() on controller MyShop.Controllers.HomeController (MyShop).
2024-11-04 11:19:16.481 +01:00 [INF] Executing ViewResult, running view Index.
2024-11-04 11:19:16.482 +01:00 [INF] Executed ViewResult - view Index executed in 0.5256ms.
2024-11-04 11:19:16.482 +01:00 [INF] Executed action MyShop.Controllers.HomeController.Index (MyShop) in 0.6603ms
2024-11-04 11:19:16.482 +01:00 [INF] Executed endpoint 'MyShop.Controllers.HomeController.Index (MyShop)'
2024-11-04 11:19:16.482 +01:00 [INF] Request finished HTTP/1.1 GET http://localhost:5017/ - 200 null text/html; charset=utf-8 1.5784ms
2024-11-04 11:19:19.580 +01:00 [INF] Request starting HTTP/1.1 GET http://localhost:5017/Item/Grid - null null
2024-11-04 11:19:19.580 +01:00 [INF] Executing endpoint 'MyShop.Controllers.ItemController.Grid (MyShop)'
2024-11-04 11:19:19.580 +01:00 [INF] Route matched with {action = "Grid", controller = "Item", page = "", area = ""}. Executing controller action with signature System.Threading.Tasks.Task`1[Microsoft.AspNetCore.Mvc.IActionResult] Grid() on controller MyShop.Controllers.ItemController (MyShop).
2024-11-04 11:19:19.581 +01:00 [INF] Executing ViewResult, running view Grid.
2024-11-04 11:19:19.582 +01:00 [INF] Executed ViewResult - view Grid executed in 0.5475ms.
2024-11-04 11:19:19.582 +01:00 [INF] Executed action MyShop.Controllers.ItemController.Grid (MyShop) in 1.5002ms
2024-11-04 11:19:19.582 +01:00 [INF] Executed endpoint 'MyShop.Controllers.ItemController.Grid (MyShop)'
2024-11-04 11:19:19.582 +01:00 [INF] Request finished HTTP/1.1 GET http://localhost:5017/Item/Grid - 200 null text/html; charset=utf-8 2.2435ms
2024-11-04 11:19:20.198 +01:00 [INF] Request starting HTTP/1.1 GET http://localhost:5017/Customer/Table - null null
2024-11-04 11:19:20.199 +01:00 [INF] Executing endpoint 'MyShop.Controllers.CustomerController.Table (MyShop)'
2024-11-04 11:19:20.201 +01:00 [INF] Route matched with {action = "Table", controller = "Customer", page = "", area = ""}. Executing controller action with signature System.Threading.Tasks.Task`1[Microsoft.AspNetCore.Mvc.IActionResult] Table() on controller MyShop.Controllers.CustomerController (MyShop).
2024-11-04 11:19:20.210 +01:00 [INF] Executing ViewResult, running view Table.
2024-11-04 11:19:20.237 +01:00 [INF] Executed ViewResult - view Table executed in 27.1487ms.
2024-11-04 11:19:20.237 +01:00 [INF] Executed action MyShop.Controllers.CustomerController.Table (MyShop) in 35.2829ms
2024-11-04 11:19:20.237 +01:00 [INF] Executed endpoint 'MyShop.Controllers.CustomerController.Table (MyShop)'
2024-11-04 11:19:20.237 +01:00 [INF] Request finished HTTP/1.1 GET http://localhost:5017/Customer/Table - 200 null text/html; charset=utf-8 38.8981ms
2024-11-04 11:19:24.718 +01:00 [INF] Request starting HTTP/1.1 GET http://localhost:5017/Item/Grid - null null
2024-11-04 11:19:24.719 +01:00 [INF] Executing endpoint 'MyShop.Controllers.ItemController.Grid (MyShop)'
2024-11-04 11:19:24.719 +01:00 [INF] Route matched with {action = "Grid", controller = "Item", page = "", area = ""}. Executing controller action with signature System.Threading.Tasks.Task`1[Microsoft.AspNetCore.Mvc.IActionResult] Grid() on controller MyShop.Controllers.ItemController (MyShop).
2024-11-04 11:19:24.720 +01:00 [INF] Executing ViewResult, running view Grid.
2024-11-04 11:19:24.720 +01:00 [INF] Executed ViewResult - view Grid executed in 0.555ms.
2024-11-04 11:19:24.720 +01:00 [INF] Executed action MyShop.Controllers.ItemController.Grid (MyShop) in 1.684ms
2024-11-04 11:19:24.720 +01:00 [INF] Executed endpoint 'MyShop.Controllers.ItemController.Grid (MyShop)'
2024-11-04 11:19:24.720 +01:00 [INF] Request finished HTTP/1.1 GET http://localhost:5017/Item/Grid - 200 null text/html; charset=utf-8 2.3819ms
2024-11-04 11:19:27.000 +01:00 [INF] Request starting HTTP/1.1 GET http://localhost:5017/Customer/Table - null null
2024-11-04 11:19:27.001 +01:00 [INF] Executing endpoint 'MyShop.Controllers.CustomerController.Table (MyShop)'
2024-11-04 11:19:27.001 +01:00 [INF] Route matched with {action = "Table", controller = "Customer", page = "", area = ""}. Executing controller action with signature System.Threading.Tasks.Task`1[Microsoft.AspNetCore.Mvc.IActionResult] Table() on controller MyShop.Controllers.CustomerController (MyShop).
2024-11-04 11:19:27.002 +01:00 [INF] Executing ViewResult, running view Table.
2024-11-04 11:19:27.005 +01:00 [INF] Executed ViewResult - view Table executed in 2.6236ms.
2024-11-04 11:19:27.005 +01:00 [INF] Executed action MyShop.Controllers.CustomerController.Table (MyShop) in 3.6533ms
2024-11-04 11:19:27.005 +01:00 [INF] Executed endpoint 'MyShop.Controllers.CustomerController.Table (MyShop)'
2024-11-04 11:19:27.005 +01:00 [INF] Request finished HTTP/1.1 GET http://localhost:5017/Customer/Table - 200 null text/html; charset=utf-8 4.5691ms
2024-11-04 11:19:28.081 +01:00 [INF] Request starting HTTP/1.1 GET http://localhost:5017/Item/Grid - null null
2024-11-04 11:19:28.082 +01:00 [INF] Executing endpoint 'MyShop.Controllers.ItemController.Grid (MyShop)'
2024-11-04 11:19:28.082 +01:00 [INF] Route matched with {action = "Grid", controller = "Item", page = "", area = ""}. Executing controller action with signature System.Threading.Tasks.Task`1[Microsoft.AspNetCore.Mvc.IActionResult] Grid() on controller MyShop.Controllers.ItemController (MyShop).
2024-11-04 11:19:28.083 +01:00 [INF] Executing ViewResult, running view Grid.
2024-11-04 11:19:28.083 +01:00 [INF] Executed ViewResult - view Grid executed in 0.5061ms.
2024-11-04 11:19:28.083 +01:00 [INF] Executed action MyShop.Controllers.ItemController.Grid (MyShop) in 1.4035ms
2024-11-04 11:19:28.083 +01:00 [INF] Executed endpoint 'MyShop.Controllers.ItemController.Grid (MyShop)'
2024-11-04 11:19:28.083 +01:00 [INF] Request finished HTTP/1.1 GET http://localhost:5017/Item/Grid - 200 null text/html; charset=utf-8 2.0827ms
2024-11-04 11:19:28.919 +01:00 [INF] Request starting HTTP/1.1 GET http://localhost:5017/ - null null
2024-11-04 11:19:28.920 +01:00 [INF] Executing endpoint 'MyShop.Controllers.HomeController.Index (MyShop)'
2024-11-04 11:19:28.920 +01:00 [INF] Route matched with {action = "Index", controller = "Home", page = "", area = ""}. Executing controller action with signature Microsoft.AspNetCore.Mvc.IActionResult Index() on controller MyShop.Controllers.HomeController (MyShop).
2024-11-04 11:19:28.920 +01:00 [INF] Executing ViewResult, running view Index.
2024-11-04 11:19:28.920 +01:00 [INF] Executed ViewResult - view Index executed in 0.516ms.
2024-11-04 11:19:28.920 +01:00 [INF] Executed action MyShop.Controllers.HomeController.Index (MyShop) in 0.6167ms
2024-11-04 11:19:28.920 +01:00 [INF] Executed endpoint 'MyShop.Controllers.HomeController.Index (MyShop)'
2024-11-04 11:19:28.920 +01:00 [INF] Request finished HTTP/1.1 GET http://localhost:5017/ - 200 null text/html; charset=utf-8 1.2489ms
2024-11-04 11:21:09.888 +01:00 [INF] Application is shutting down...
