2024-11-04 15:13:51.336 +01:00 [INF] User profile is available. Using 'C:\Users\jovan\AppData\Local\ASP.NET\DataProtection-Keys' as key repository and Windows DPAPI to encrypt keys at rest.
2024-11-04 15:13:51.455 +01:00 [INF] Now listening on: http://localhost:5017
2024-11-04 15:13:51.460 +01:00 [INF] Application started. Press Ctrl+C to shut down.
2024-11-04 15:13:51.461 +01:00 [INF] Hosting environment: Development
2024-11-04 15:13:51.461 +01:00 [INF] Content root path: C:\TestMappe\Eksamen\ITPE3200_Exam_project
2024-11-04 15:13:54.140 +01:00 [INF] Request starting HTTP/1.1 GET http://localhost:5017/ - null null
2024-11-04 15:13:54.172 +01:00 [INF] Identity.Application was not authenticated. Failure message: Unprotect ticket failed
2024-11-04 15:13:54.176 +01:00 [INF] Executing endpoint 'MyShop.Controllers.HomeController.Index (MyShop)'
2024-11-04 15:13:54.184 +01:00 [INF] Route matched with {action = "Index", controller = "Home", page = "", area = ""}. Executing controller action with signature Microsoft.AspNetCore.Mvc.IActionResult Index() on controller MyShop.Controllers.HomeController (MyShop).
2024-11-04 15:13:54.189 +01:00 [INF] Executing ViewResult, running view Index.
2024-11-04 15:13:54.255 +01:00 [INF] Executed ViewResult - view Index executed in 65.6517ms.
2024-11-04 15:13:54.257 +01:00 [INF] Executed action MyShop.Controllers.HomeController.Index (MyShop) in 72.5797ms
2024-11-04 15:13:54.257 +01:00 [INF] Executed endpoint 'MyShop.Controllers.HomeController.Index (MyShop)'
2024-11-04 15:13:54.260 +01:00 [INF] Request finished HTTP/1.1 GET http://localhost:5017/ - 200 null text/html; charset=utf-8 122.3552ms
2024-11-04 15:13:58.213 +01:00 [INF] Request starting HTTP/1.1 GET http://localhost:5017/Identity/Account/Login - null null
2024-11-04 15:13:58.217 +01:00 [INF] Identity.Application was not authenticated. Failure message: Unprotect ticket failed
2024-11-04 15:13:58.217 +01:00 [INF] Executing endpoint '/Account/Login'
2024-11-04 15:13:58.232 +01:00 [INF] Route matched with {page = "/Account/Login", area = "Identity", action = "", controller = ""}. Executing page /Account/Login
2024-11-04 15:13:58.242 +01:00 [INF] Executing handler method MyShop.Areas.Identity.Pages.Account.LoginModel.OnGetAsync - ModelState is "Valid"
2024-11-04 15:13:58.247 +01:00 [INF] AuthenticationScheme: Identity.External signed out.
2024-11-04 15:13:58.247 +01:00 [INF] Executed handler method OnGetAsync, returned result .
2024-11-04 15:13:58.249 +01:00 [INF] Executing an implicit handler method - ModelState is "Valid"
2024-11-04 15:13:58.249 +01:00 [INF] Executed an implicit handler method, returned result Microsoft.AspNetCore.Mvc.RazorPages.PageResult.
2024-11-04 15:13:58.276 +01:00 [INF] Executed page /Account/Login in 43.988ms
2024-11-04 15:13:58.276 +01:00 [INF] Executed endpoint '/Account/Login'
2024-11-04 15:13:58.276 +01:00 [INF] Request finished HTTP/1.1 GET http://localhost:5017/Identity/Account/Login - 200 null text/html; charset=utf-8 63.2909ms
2024-11-04 15:13:58.302 +01:00 [INF] Request starting HTTP/1.1 GET http://localhost:5017/css/Login.css - null null
2024-11-04 15:13:58.319 +01:00 [INF] Sending file. Request path: '/css/Login.css'. Physical path: 'C:\TestMappe\Eksamen\ITPE3200_Exam_project\wwwroot\css\Login.css'
2024-11-04 15:13:58.320 +01:00 [INF] Request finished HTTP/1.1 GET http://localhost:5017/css/Login.css - 200 3025 text/css 17.5908ms
2024-11-04 15:13:58.354 +01:00 [INF] Request starting HTTP/1.1 GET http://localhost:5017/lib/jquery-validation/dist/jquery.validate.min.js - null null
2024-11-04 15:13:58.355 +01:00 [INF] Request starting HTTP/1.1 GET http://localhost:5017/lib/jquery-validation-unobtrusive/jquery.validate.unobtrusive.min.js - null null
2024-11-04 15:13:58.357 +01:00 [INF] Identity.Application was not authenticated. Failure message: Unprotect ticket failed
2024-11-04 15:13:58.357 +01:00 [INF] Identity.Application was not authenticated. Failure message: Unprotect ticket failed
2024-11-04 15:13:58.357 +01:00 [INF] Request finished HTTP/1.1 GET http://localhost:5017/lib/jquery-validation-unobtrusive/jquery.validate.unobtrusive.min.js - 404 0 null 2.4732ms
2024-11-04 15:13:58.357 +01:00 [INF] Request finished HTTP/1.1 GET http://localhost:5017/lib/jquery-validation/dist/jquery.validate.min.js - 404 0 null 3.3718ms
2024-11-04 15:13:58.358 +01:00 [INF] Request reached the end of the middleware pipeline without being handled by application code. Request path: GET http://localhost:5017/lib/jquery-validation/dist/jquery.validate.min.js, Response status code: 404
2024-11-04 15:13:58.358 +01:00 [INF] Request reached the end of the middleware pipeline without being handled by application code. Request path: GET http://localhost:5017/lib/jquery-validation-unobtrusive/jquery.validate.unobtrusive.min.js, Response status code: 404
