2024-11-04 15:30:23.479 +01:00 [INF] User profile is available. Using 'C:\Users\jovan\AppData\Local\ASP.NET\DataProtection-Keys' as key repository and Windows DPAPI to encrypt keys at rest.
2024-11-04 15:30:23.603 +01:00 [INF] Now listening on: http://localhost:5017
2024-11-04 15:30:23.607 +01:00 [INF] Application started. Press Ctrl+C to shut down.
2024-11-04 15:30:23.608 +01:00 [INF] Hosting environment: Development
2024-11-04 15:30:23.608 +01:00 [INF] Content root path: C:\TestMappe\Eksamen\ITPE3200_Exam_project
2024-11-04 15:30:25.287 +01:00 [INF] Request starting HTTP/1.1 GET http://localhost:5017/ - null null
2024-11-04 15:30:25.333 +01:00 [INF] Identity.Application was not authenticated. Failure message: Unprotect ticket failed
2024-11-04 15:30:25.340 +01:00 [INF] Executing endpoint 'MyShop.Controllers.HomeController.Index (MyShop)'
2024-11-04 15:30:25.352 +01:00 [INF] Route matched with {action = "Index", controller = "Home", page = "", area = ""}. Executing controller action with signature Microsoft.AspNetCore.Mvc.IActionResult Index() on controller MyShop.Controllers.HomeController (MyShop).
2024-11-04 15:30:25.362 +01:00 [INF] Executing ViewResult, running view Index.
2024-11-04 15:30:25.446 +01:00 [INF] Executed ViewResult - view Index executed in 86.7045ms.
2024-11-04 15:30:25.448 +01:00 [INF] Executed action MyShop.Controllers.HomeController.Index (MyShop) in 95.6898ms
2024-11-04 15:30:25.448 +01:00 [INF] Executed endpoint 'MyShop.Controllers.HomeController.Index (MyShop)'
2024-11-04 15:30:25.455 +01:00 [INF] Request finished HTTP/1.1 GET http://localhost:5017/ - 200 null text/html; charset=utf-8 170.8505ms
2024-11-04 15:30:27.368 +01:00 [INF] Request starting HTTP/1.1 GET http://localhost:5017/Identity/Account/Login - null null
2024-11-04 15:30:27.371 +01:00 [INF] Identity.Application was not authenticated. Failure message: Unprotect ticket failed
2024-11-04 15:30:27.371 +01:00 [INF] Executing endpoint '/Account/Login'
2024-11-04 15:30:27.386 +01:00 [INF] Route matched with {page = "/Account/Login", area = "Identity", action = "", controller = ""}. Executing page /Account/Login
2024-11-04 15:30:27.402 +01:00 [INF] Executing handler method MyShop.Areas.Identity.Pages.Account.LoginModel.OnGetAsync - ModelState is "Valid"
2024-11-04 15:30:27.407 +01:00 [INF] AuthenticationScheme: Identity.External signed out.
2024-11-04 15:30:27.408 +01:00 [INF] Executed handler method OnGetAsync, returned result .
2024-11-04 15:30:27.410 +01:00 [INF] Executing an implicit handler method - ModelState is "Valid"
2024-11-04 15:30:27.410 +01:00 [INF] Executed an implicit handler method, returned result Microsoft.AspNetCore.Mvc.RazorPages.PageResult.
2024-11-04 15:30:27.438 +01:00 [INF] Executed page /Account/Login in 51.3033ms
2024-11-04 15:30:27.438 +01:00 [INF] Executed endpoint '/Account/Login'
2024-11-04 15:30:27.438 +01:00 [INF] Request finished HTTP/1.1 GET http://localhost:5017/Identity/Account/Login - 200 null text/html; charset=utf-8 70.9889ms
2024-11-04 15:30:27.468 +01:00 [INF] Request starting HTTP/1.1 GET http://localhost:5017/css/Login.css - null null
2024-11-04 15:30:27.475 +01:00 [INF] The file /css/Login.css was not modified
2024-11-04 15:30:27.475 +01:00 [INF] Request finished HTTP/1.1 GET http://localhost:5017/css/Login.css - 304 null text/css 7.0644ms
2024-11-04 15:30:27.515 +01:00 [INF] Request starting HTTP/1.1 GET http://localhost:5017/lib/jquery-validation/dist/jquery.validate.min.js - null null
2024-11-04 15:30:27.517 +01:00 [INF] Identity.Application was not authenticated. Failure message: Unprotect ticket failed
2024-11-04 15:30:27.518 +01:00 [INF] Request finished HTTP/1.1 GET http://localhost:5017/lib/jquery-validation/dist/jquery.validate.min.js - 404 0 null 2.4425ms
2024-11-04 15:30:27.521 +01:00 [INF] Request reached the end of the middleware pipeline without being handled by application code. Request path: GET http://localhost:5017/lib/jquery-validation/dist/jquery.validate.min.js, Response status code: 404
2024-11-04 15:30:27.530 +01:00 [INF] Request starting HTTP/1.1 GET http://localhost:5017/lib/jquery-validation-unobtrusive/jquery.validate.unobtrusive.min.js - null null
2024-11-04 15:30:27.530 +01:00 [INF] Identity.Application was not authenticated. Failure message: Unprotect ticket failed
2024-11-04 15:30:27.531 +01:00 [INF] Request finished HTTP/1.1 GET http://localhost:5017/lib/jquery-validation-unobtrusive/jquery.validate.unobtrusive.min.js - 404 0 null 1.024ms
2024-11-04 15:30:27.531 +01:00 [INF] Request reached the end of the middleware pipeline without being handled by application code. Request path: GET http://localhost:5017/lib/jquery-validation-unobtrusive/jquery.validate.unobtrusive.min.js, Response status code: 404
2024-11-04 15:30:31.510 +01:00 [INF] Request starting HTTP/1.1 GET http://localhost:5017/Identity/Account/Register - null null
2024-11-04 15:30:31.519 +01:00 [INF] Identity.Application was not authenticated. Failure message: Unprotect ticket failed
2024-11-04 15:30:31.520 +01:00 [INF] Executing endpoint '/Account/Register'
2024-11-04 15:30:31.534 +01:00 [INF] Route matched with {page = "/Account/Register", area = "Identity", action = "", controller = ""}. Executing page /Account/Register
2024-11-04 15:30:31.556 +01:00 [INF] Executing handler method MyShop.Areas.Identity.Pages.Account.RegisterModel.OnGetAsync - ModelState is "Valid"
2024-11-04 15:30:31.558 +01:00 [INF] Executed handler method OnGetAsync, returned result .
2024-11-04 15:30:31.558 +01:00 [INF] Executing an implicit handler method - ModelState is "Valid"
2024-11-04 15:30:31.558 +01:00 [INF] Executed an implicit handler method, returned result Microsoft.AspNetCore.Mvc.RazorPages.PageResult.
2024-11-04 15:30:31.609 +01:00 [INF] Executed page /Account/Register in 74.1223ms
2024-11-04 15:30:31.609 +01:00 [INF] Executed endpoint '/Account/Register'
2024-11-04 15:30:31.609 +01:00 [INF] Request finished HTTP/1.1 GET http://localhost:5017/Identity/Account/Register - 200 null text/html; charset=utf-8 98.654ms
2024-11-04 15:30:31.622 +01:00 [INF] Request starting HTTP/1.1 GET http://localhost:5017/lib/jquery-validation/dist/jquery.validate.min.js - null null
2024-11-04 15:30:31.623 +01:00 [INF] Request starting HTTP/1.1 GET http://localhost:5017/lib/jquery-validation-unobtrusive/jquery.validate.unobtrusive.min.js - null null
2024-11-04 15:30:31.623 +01:00 [INF] Identity.Application was not authenticated. Failure message: Unprotect ticket failed
2024-11-04 15:30:31.623 +01:00 [INF] Request finished HTTP/1.1 GET http://localhost:5017/lib/jquery-validation/dist/jquery.validate.min.js - 404 0 null 1.1804ms
2024-11-04 15:30:31.624 +01:00 [INF] Identity.Application was not authenticated. Failure message: Unprotect ticket failed
2024-11-04 15:30:31.624 +01:00 [INF] Request reached the end of the middleware pipeline without being handled by application code. Request path: GET http://localhost:5017/lib/jquery-validation/dist/jquery.validate.min.js, Response status code: 404
2024-11-04 15:30:31.624 +01:00 [INF] Request finished HTTP/1.1 GET http://localhost:5017/lib/jquery-validation-unobtrusive/jquery.validate.unobtrusive.min.js - 404 0 null 0.8117ms
2024-11-04 15:30:31.624 +01:00 [INF] Request reached the end of the middleware pipeline without being handled by application code. Request path: GET http://localhost:5017/lib/jquery-validation-unobtrusive/jquery.validate.unobtrusive.min.js, Response status code: 404
2024-11-04 15:30:32.736 +01:00 [INF] Request starting HTTP/1.1 GET http://localhost:5017/Identity/Account/Login - null null
2024-11-04 15:30:32.737 +01:00 [INF] Identity.Application was not authenticated. Failure message: Unprotect ticket failed
2024-11-04 15:30:32.737 +01:00 [INF] Executing endpoint '/Account/Login'
2024-11-04 15:30:32.738 +01:00 [INF] Route matched with {page = "/Account/Login", area = "Identity", action = "", controller = ""}. Executing page /Account/Login
2024-11-04 15:30:32.739 +01:00 [INF] Executing handler method MyShop.Areas.Identity.Pages.Account.LoginModel.OnGetAsync - ModelState is "Valid"
2024-11-04 15:30:32.739 +01:00 [INF] AuthenticationScheme: Identity.External signed out.
2024-11-04 15:30:32.740 +01:00 [INF] Executed handler method OnGetAsync, returned result .
2024-11-04 15:30:32.740 +01:00 [INF] Executing an implicit handler method - ModelState is "Valid"
2024-11-04 15:30:32.740 +01:00 [INF] Executed an implicit handler method, returned result Microsoft.AspNetCore.Mvc.RazorPages.PageResult.
2024-11-04 15:30:32.745 +01:00 [INF] Executed page /Account/Login in 6.6493ms
2024-11-04 15:30:32.745 +01:00 [INF] Executed endpoint '/Account/Login'
2024-11-04 15:30:32.745 +01:00 [INF] Request finished HTTP/1.1 GET http://localhost:5017/Identity/Account/Login - 200 null text/html; charset=utf-8 9.0323ms
2024-11-04 15:30:32.766 +01:00 [INF] Request starting HTTP/1.1 GET http://localhost:5017/lib/jquery-validation/dist/jquery.validate.min.js - null null
2024-11-04 15:30:32.766 +01:00 [INF] Request starting HTTP/1.1 GET http://localhost:5017/lib/jquery-validation-unobtrusive/jquery.validate.unobtrusive.min.js - null null
2024-11-04 15:30:32.767 +01:00 [INF] Identity.Application was not authenticated. Failure message: Unprotect ticket failed
2024-11-04 15:30:32.767 +01:00 [INF] Identity.Application was not authenticated. Failure message: Unprotect ticket failed
2024-11-04 15:30:32.767 +01:00 [INF] Request finished HTTP/1.1 GET http://localhost:5017/lib/jquery-validation/dist/jquery.validate.min.js - 404 0 null 0.9024ms
2024-11-04 15:30:32.767 +01:00 [INF] Request finished HTTP/1.1 GET http://localhost:5017/lib/jquery-validation-unobtrusive/jquery.validate.unobtrusive.min.js - 404 0 null 0.8147ms
2024-11-04 15:30:32.767 +01:00 [INF] Request reached the end of the middleware pipeline without being handled by application code. Request path: GET http://localhost:5017/lib/jquery-validation/dist/jquery.validate.min.js, Response status code: 404
2024-11-04 15:30:32.767 +01:00 [INF] Request reached the end of the middleware pipeline without being handled by application code. Request path: GET http://localhost:5017/lib/jquery-validation-unobtrusive/jquery.validate.unobtrusive.min.js, Response status code: 404
2024-11-04 15:30:40.046 +01:00 [INF] Request starting HTTP/1.1 GET http://localhost:5017/Identity/Account/Register - null null
2024-11-04 15:30:40.047 +01:00 [INF] Identity.Application was not authenticated. Failure message: Unprotect ticket failed
2024-11-04 15:30:40.047 +01:00 [INF] Executing endpoint '/Account/Register'
2024-11-04 15:30:40.047 +01:00 [INF] Route matched with {page = "/Account/Register", area = "Identity", action = "", controller = ""}. Executing page /Account/Register
2024-11-04 15:30:40.048 +01:00 [INF] Executing handler method MyShop.Areas.Identity.Pages.Account.RegisterModel.OnGetAsync - ModelState is "Valid"
2024-11-04 15:30:40.048 +01:00 [INF] Executed handler method OnGetAsync, returned result .
2024-11-04 15:30:40.048 +01:00 [INF] Executing an implicit handler method - ModelState is "Valid"
2024-11-04 15:30:40.048 +01:00 [INF] Executed an implicit handler method, returned result Microsoft.AspNetCore.Mvc.RazorPages.PageResult.
2024-11-04 15:30:40.053 +01:00 [INF] Executed page /Account/Register in 6.4548ms
2024-11-04 15:30:40.054 +01:00 [INF] Executed endpoint '/Account/Register'
2024-11-04 15:30:40.054 +01:00 [INF] Request finished HTTP/1.1 GET http://localhost:5017/Identity/Account/Register - 200 null text/html; charset=utf-8 7.6913ms
2024-11-04 15:30:40.081 +01:00 [INF] Request starting HTTP/1.1 GET http://localhost:5017/lib/jquery-validation/dist/jquery.validate.min.js - null null
2024-11-04 15:30:40.082 +01:00 [INF] Request starting HTTP/1.1 GET http://localhost:5017/lib/jquery-validation-unobtrusive/jquery.validate.unobtrusive.min.js - null null
2024-11-04 15:30:40.082 +01:00 [INF] Identity.Application was not authenticated. Failure message: Unprotect ticket failed
2024-11-04 15:30:40.082 +01:00 [INF] Identity.Application was not authenticated. Failure message: Unprotect ticket failed
2024-11-04 15:30:40.082 +01:00 [INF] Request finished HTTP/1.1 GET http://localhost:5017/lib/jquery-validation-unobtrusive/jquery.validate.unobtrusive.min.js - 404 0 null 0.5541ms
2024-11-04 15:30:40.082 +01:00 [INF] Request reached the end of the middleware pipeline without being handled by application code. Request path: GET http://localhost:5017/lib/jquery-validation-unobtrusive/jquery.validate.unobtrusive.min.js, Response status code: 404
2024-11-04 15:30:40.082 +01:00 [INF] Request finished HTTP/1.1 GET http://localhost:5017/lib/jquery-validation/dist/jquery.validate.min.js - 404 0 null 0.9884ms
2024-11-04 15:30:40.082 +01:00 [INF] Request reached the end of the middleware pipeline without being handled by application code. Request path: GET http://localhost:5017/lib/jquery-validation/dist/jquery.validate.min.js, Response status code: 404
2024-11-04 15:30:43.359 +01:00 [INF] Request starting HTTP/1.1 GET http://localhost:5017/Identity/Account/Login - null null
2024-11-04 15:30:43.359 +01:00 [INF] Identity.Application was not authenticated. Failure message: Unprotect ticket failed
2024-11-04 15:30:43.359 +01:00 [INF] Executing endpoint '/Account/Login'
2024-11-04 15:30:43.360 +01:00 [INF] Route matched with {page = "/Account/Login", area = "Identity", action = "", controller = ""}. Executing page /Account/Login
2024-11-04 15:30:43.361 +01:00 [INF] Executing handler method MyShop.Areas.Identity.Pages.Account.LoginModel.OnGetAsync - ModelState is "Valid"
2024-11-04 15:30:43.361 +01:00 [INF] AuthenticationScheme: Identity.External signed out.
2024-11-04 15:30:43.361 +01:00 [INF] Executed handler method OnGetAsync, returned result .
2024-11-04 15:30:43.361 +01:00 [INF] Executing an implicit handler method - ModelState is "Valid"
2024-11-04 15:30:43.361 +01:00 [INF] Executed an implicit handler method, returned result Microsoft.AspNetCore.Mvc.RazorPages.PageResult.
2024-11-04 15:30:43.363 +01:00 [INF] Executed page /Account/Login in 3.5181ms
2024-11-04 15:30:43.364 +01:00 [INF] Executed endpoint '/Account/Login'
2024-11-04 15:30:43.364 +01:00 [INF] Request finished HTTP/1.1 GET http://localhost:5017/Identity/Account/Login - 200 null text/html; charset=utf-8 5.0867ms
2024-11-04 15:30:43.389 +01:00 [INF] Request starting HTTP/1.1 GET http://localhost:5017/lib/jquery-validation/dist/jquery.validate.min.js - null null
2024-11-04 15:30:43.389 +01:00 [INF] Request starting HTTP/1.1 GET http://localhost:5017/lib/jquery-validation-unobtrusive/jquery.validate.unobtrusive.min.js - null null
2024-11-04 15:30:43.389 +01:00 [INF] Identity.Application was not authenticated. Failure message: Unprotect ticket failed
2024-11-04 15:30:43.390 +01:00 [INF] Request finished HTTP/1.1 GET http://localhost:5017/lib/jquery-validation/dist/jquery.validate.min.js - 404 0 null 0.8492ms
2024-11-04 15:30:43.390 +01:00 [INF] Request reached the end of the middleware pipeline without being handled by application code. Request path: GET http://localhost:5017/lib/jquery-validation/dist/jquery.validate.min.js, Response status code: 404
2024-11-04 15:30:43.390 +01:00 [INF] Identity.Application was not authenticated. Failure message: Unprotect ticket failed
2024-11-04 15:30:43.390 +01:00 [INF] Request finished HTTP/1.1 GET http://localhost:5017/lib/jquery-validation-unobtrusive/jquery.validate.unobtrusive.min.js - 404 0 null 0.544ms
2024-11-04 15:30:43.390 +01:00 [INF] Request reached the end of the middleware pipeline without being handled by application code. Request path: GET http://localhost:5017/lib/jquery-validation-unobtrusive/jquery.validate.unobtrusive.min.js, Response status code: 404
2024-11-04 15:30:44.064 +01:00 [INF] Request starting HTTP/1.1 GET http://localhost:5017/Identity/Account/Login - null null
2024-11-04 15:30:44.065 +01:00 [INF] Identity.Application was not authenticated. Failure message: Unprotect ticket failed
2024-11-04 15:30:44.065 +01:00 [INF] Executing endpoint '/Account/Login'
2024-11-04 15:30:44.065 +01:00 [INF] Route matched with {page = "/Account/Login", area = "Identity", action = "", controller = ""}. Executing page /Account/Login
2024-11-04 15:30:44.066 +01:00 [INF] Executing handler method MyShop.Areas.Identity.Pages.Account.LoginModel.OnGetAsync - ModelState is "Valid"
2024-11-04 15:30:44.066 +01:00 [INF] AuthenticationScheme: Identity.External signed out.
2024-11-04 15:30:44.066 +01:00 [INF] Executed handler method OnGetAsync, returned result .
2024-11-04 15:30:44.066 +01:00 [INF] Executing an implicit handler method - ModelState is "Valid"
2024-11-04 15:30:44.066 +01:00 [INF] Executed an implicit handler method, returned result Microsoft.AspNetCore.Mvc.RazorPages.PageResult.
2024-11-04 15:30:44.068 +01:00 [INF] Executed page /Account/Login in 2.7466ms
2024-11-04 15:30:44.068 +01:00 [INF] Executed endpoint '/Account/Login'
2024-11-04 15:30:44.068 +01:00 [INF] Request finished HTTP/1.1 GET http://localhost:5017/Identity/Account/Login - 200 null text/html; charset=utf-8 3.9926ms
2024-11-04 15:30:44.095 +01:00 [INF] Request starting HTTP/1.1 GET http://localhost:5017/lib/jquery-validation/dist/jquery.validate.min.js - null null
2024-11-04 15:30:44.095 +01:00 [INF] Request starting HTTP/1.1 GET http://localhost:5017/lib/jquery-validation-unobtrusive/jquery.validate.unobtrusive.min.js - null null
2024-11-04 15:30:44.095 +01:00 [INF] Identity.Application was not authenticated. Failure message: Unprotect ticket failed
2024-11-04 15:30:44.096 +01:00 [INF] Identity.Application was not authenticated. Failure message: Unprotect ticket failed
2024-11-04 15:30:44.096 +01:00 [INF] Request finished HTTP/1.1 GET http://localhost:5017/lib/jquery-validation/dist/jquery.validate.min.js - 404 0 null 0.8107ms
2024-11-04 15:30:44.096 +01:00 [INF] Request reached the end of the middleware pipeline without being handled by application code. Request path: GET http://localhost:5017/lib/jquery-validation/dist/jquery.validate.min.js, Response status code: 404
2024-11-04 15:30:44.096 +01:00 [INF] Request finished HTTP/1.1 GET http://localhost:5017/lib/jquery-validation-unobtrusive/jquery.validate.unobtrusive.min.js - 404 0 null 0.7754ms
2024-11-04 15:30:44.096 +01:00 [INF] Request reached the end of the middleware pipeline without being handled by application code. Request path: GET http://localhost:5017/lib/jquery-validation-unobtrusive/jquery.validate.unobtrusive.min.js, Response status code: 404
2024-11-04 15:30:44.791 +01:00 [INF] Request starting HTTP/1.1 GET http://localhost:5017/Identity/Account/Register - null null
2024-11-04 15:30:44.792 +01:00 [INF] Identity.Application was not authenticated. Failure message: Unprotect ticket failed
2024-11-04 15:30:44.792 +01:00 [INF] Executing endpoint '/Account/Register'
2024-11-04 15:30:44.792 +01:00 [INF] Route matched with {page = "/Account/Register", area = "Identity", action = "", controller = ""}. Executing page /Account/Register
2024-11-04 15:30:44.793 +01:00 [INF] Executing handler method MyShop.Areas.Identity.Pages.Account.RegisterModel.OnGetAsync - ModelState is "Valid"
2024-11-04 15:30:44.793 +01:00 [INF] Executed handler method OnGetAsync, returned result .
2024-11-04 15:30:44.793 +01:00 [INF] Executing an implicit handler method - ModelState is "Valid"
2024-11-04 15:30:44.793 +01:00 [INF] Executed an implicit handler method, returned result Microsoft.AspNetCore.Mvc.RazorPages.PageResult.
2024-11-04 15:30:44.795 +01:00 [INF] Executed page /Account/Register in 3.0951ms
2024-11-04 15:30:44.795 +01:00 [INF] Executed endpoint '/Account/Register'
2024-11-04 15:30:44.796 +01:00 [INF] Request finished HTTP/1.1 GET http://localhost:5017/Identity/Account/Register - 200 null text/html; charset=utf-8 4.0232ms
2024-11-04 15:30:44.821 +01:00 [INF] Request starting HTTP/1.1 GET http://localhost:5017/lib/jquery-validation/dist/jquery.validate.min.js - null null
2024-11-04 15:30:44.821 +01:00 [INF] Request starting HTTP/1.1 GET http://localhost:5017/lib/jquery-validation-unobtrusive/jquery.validate.unobtrusive.min.js - null null
2024-11-04 15:30:44.821 +01:00 [INF] Identity.Application was not authenticated. Failure message: Unprotect ticket failed
2024-11-04 15:30:44.822 +01:00 [INF] Identity.Application was not authenticated. Failure message: Unprotect ticket failed
2024-11-04 15:30:44.822 +01:00 [INF] Request finished HTTP/1.1 GET http://localhost:5017/lib/jquery-validation/dist/jquery.validate.min.js - 404 0 null 0.7615ms
2024-11-04 15:30:44.822 +01:00 [INF] Request reached the end of the middleware pipeline without being handled by application code. Request path: GET http://localhost:5017/lib/jquery-validation/dist/jquery.validate.min.js, Response status code: 404
2024-11-04 15:30:44.822 +01:00 [INF] Request finished HTTP/1.1 GET http://localhost:5017/lib/jquery-validation-unobtrusive/jquery.validate.unobtrusive.min.js - 404 0 null 0.6876ms
2024-11-04 15:30:44.822 +01:00 [INF] Request reached the end of the middleware pipeline without being handled by application code. Request path: GET http://localhost:5017/lib/jquery-validation-unobtrusive/jquery.validate.unobtrusive.min.js, Response status code: 404
2024-11-04 15:30:46.812 +01:00 [INF] Request starting HTTP/1.1 GET http://localhost:5017/Identity/Account/Login - null null
2024-11-04 15:30:46.813 +01:00 [INF] Identity.Application was not authenticated. Failure message: Unprotect ticket failed
2024-11-04 15:30:46.813 +01:00 [INF] Executing endpoint '/Account/Login'
2024-11-04 15:30:46.813 +01:00 [INF] Route matched with {page = "/Account/Login", area = "Identity", action = "", controller = ""}. Executing page /Account/Login
2024-11-04 15:30:46.814 +01:00 [INF] Executing handler method MyShop.Areas.Identity.Pages.Account.LoginModel.OnGetAsync - ModelState is "Valid"
2024-11-04 15:30:46.814 +01:00 [INF] AuthenticationScheme: Identity.External signed out.
2024-11-04 15:30:46.814 +01:00 [INF] Executed handler method OnGetAsync, returned result .
2024-11-04 15:30:46.814 +01:00 [INF] Executing an implicit handler method - ModelState is "Valid"
2024-11-04 15:30:46.815 +01:00 [INF] Executed an implicit handler method, returned result Microsoft.AspNetCore.Mvc.RazorPages.PageResult.
2024-11-04 15:30:46.817 +01:00 [INF] Executed page /Account/Login in 3.5243ms
2024-11-04 15:30:46.817 +01:00 [INF] Executed endpoint '/Account/Login'
2024-11-04 15:30:46.817 +01:00 [INF] Request finished HTTP/1.1 GET http://localhost:5017/Identity/Account/Login - 200 null text/html; charset=utf-8 5.3279ms
2024-11-04 15:30:46.840 +01:00 [INF] Request starting HTTP/1.1 GET http://localhost:5017/lib/jquery-validation/dist/jquery.validate.min.js - null null
2024-11-04 15:30:46.841 +01:00 [INF] Request starting HTTP/1.1 GET http://localhost:5017/lib/jquery-validation-unobtrusive/jquery.validate.unobtrusive.min.js - null null
2024-11-04 15:30:46.842 +01:00 [INF] Identity.Application was not authenticated. Failure message: Unprotect ticket failed
2024-11-04 15:30:46.842 +01:00 [INF] Request finished HTTP/1.1 GET http://localhost:5017/lib/jquery-validation-unobtrusive/jquery.validate.unobtrusive.min.js - 404 0 null 1.29ms
2024-11-04 15:30:46.842 +01:00 [INF] Identity.Application was not authenticated. Failure message: Unprotect ticket failed
2024-11-04 15:30:46.842 +01:00 [INF] Request reached the end of the middleware pipeline without being handled by application code. Request path: GET http://localhost:5017/lib/jquery-validation-unobtrusive/jquery.validate.unobtrusive.min.js, Response status code: 404
2024-11-04 15:30:46.842 +01:00 [INF] Request finished HTTP/1.1 GET http://localhost:5017/lib/jquery-validation/dist/jquery.validate.min.js - 404 0 null 1.8256ms
2024-11-04 15:30:46.842 +01:00 [INF] Request reached the end of the middleware pipeline without being handled by application code. Request path: GET http://localhost:5017/lib/jquery-validation/dist/jquery.validate.min.js, Response status code: 404
2024-11-04 15:30:48.698 +01:00 [INF] Request starting HTTP/1.1 GET http://localhost:5017/Identity/Account/Register - null null
2024-11-04 15:30:48.698 +01:00 [INF] Identity.Application was not authenticated. Failure message: Unprotect ticket failed
2024-11-04 15:30:48.699 +01:00 [INF] Executing endpoint '/Account/Register'
2024-11-04 15:30:48.699 +01:00 [INF] Route matched with {page = "/Account/Register", area = "Identity", action = "", controller = ""}. Executing page /Account/Register
2024-11-04 15:30:48.699 +01:00 [INF] Executing handler method MyShop.Areas.Identity.Pages.Account.RegisterModel.OnGetAsync - ModelState is "Valid"
2024-11-04 15:30:48.699 +01:00 [INF] Executed handler method OnGetAsync, returned result .
2024-11-04 15:30:48.699 +01:00 [INF] Executing an implicit handler method - ModelState is "Valid"
2024-11-04 15:30:48.699 +01:00 [INF] Executed an implicit handler method, returned result Microsoft.AspNetCore.Mvc.RazorPages.PageResult.
2024-11-04 15:30:48.701 +01:00 [INF] Executed page /Account/Register in 2.4153ms
2024-11-04 15:30:48.701 +01:00 [INF] Executed endpoint '/Account/Register'
2024-11-04 15:30:48.701 +01:00 [INF] Request finished HTTP/1.1 GET http://localhost:5017/Identity/Account/Register - 200 null text/html; charset=utf-8 3.6729ms
2024-11-04 15:30:48.722 +01:00 [INF] Request starting HTTP/1.1 GET http://localhost:5017/lib/jquery-validation/dist/jquery.validate.min.js - null null
2024-11-04 15:30:48.722 +01:00 [INF] Request starting HTTP/1.1 GET http://localhost:5017/lib/jquery-validation-unobtrusive/jquery.validate.unobtrusive.min.js - null null
2024-11-04 15:30:48.722 +01:00 [INF] Identity.Application was not authenticated. Failure message: Unprotect ticket failed
2024-11-04 15:30:48.722 +01:00 [INF] Identity.Application was not authenticated. Failure message: Unprotect ticket failed
2024-11-04 15:30:48.723 +01:00 [INF] Request finished HTTP/1.1 GET http://localhost:5017/lib/jquery-validation/dist/jquery.validate.min.js - 404 0 null 0.625ms
2024-11-04 15:30:48.723 +01:00 [INF] Request finished HTTP/1.1 GET http://localhost:5017/lib/jquery-validation-unobtrusive/jquery.validate.unobtrusive.min.js - 404 0 null 0.433ms
2024-11-04 15:30:48.723 +01:00 [INF] Request reached the end of the middleware pipeline without being handled by application code. Request path: GET http://localhost:5017/lib/jquery-validation/dist/jquery.validate.min.js, Response status code: 404
2024-11-04 15:30:48.723 +01:00 [INF] Request reached the end of the middleware pipeline without being handled by application code. Request path: GET http://localhost:5017/lib/jquery-validation-unobtrusive/jquery.validate.unobtrusive.min.js, Response status code: 404
2024-11-04 15:30:50.114 +01:00 [INF] Request starting HTTP/1.1 GET http://localhost:5017/Identity/Account/Login - null null
2024-11-04 15:30:50.114 +01:00 [INF] Identity.Application was not authenticated. Failure message: Unprotect ticket failed
2024-11-04 15:30:50.115 +01:00 [INF] Executing endpoint '/Account/Login'
2024-11-04 15:30:50.115 +01:00 [INF] Route matched with {page = "/Account/Login", area = "Identity", action = "", controller = ""}. Executing page /Account/Login
2024-11-04 15:30:50.116 +01:00 [INF] Executing handler method MyShop.Areas.Identity.Pages.Account.LoginModel.OnGetAsync - ModelState is "Valid"
2024-11-04 15:30:50.116 +01:00 [INF] AuthenticationScheme: Identity.External signed out.
2024-11-04 15:30:50.116 +01:00 [INF] Executed handler method OnGetAsync, returned result .
2024-11-04 15:30:50.116 +01:00 [INF] Executing an implicit handler method - ModelState is "Valid"
2024-11-04 15:30:50.116 +01:00 [INF] Executed an implicit handler method, returned result Microsoft.AspNetCore.Mvc.RazorPages.PageResult.
2024-11-04 15:30:50.118 +01:00 [INF] Executed page /Account/Login in 3.1957ms
2024-11-04 15:30:50.118 +01:00 [INF] Executed endpoint '/Account/Login'
2024-11-04 15:30:50.118 +01:00 [INF] Request finished HTTP/1.1 GET http://localhost:5017/Identity/Account/Login - 200 null text/html; charset=utf-8 4.3096ms
2024-11-04 15:30:50.140 +01:00 [INF] Request starting HTTP/1.1 GET http://localhost:5017/lib/jquery-validation/dist/jquery.validate.min.js - null null
2024-11-04 15:30:50.140 +01:00 [INF] Request starting HTTP/1.1 GET http://localhost:5017/lib/jquery-validation-unobtrusive/jquery.validate.unobtrusive.min.js - null null
2024-11-04 15:30:50.141 +01:00 [INF] Identity.Application was not authenticated. Failure message: Unprotect ticket failed
2024-11-04 15:30:50.141 +01:00 [INF] Identity.Application was not authenticated. Failure message: Unprotect ticket failed
2024-11-04 15:30:50.141 +01:00 [INF] Request finished HTTP/1.1 GET http://localhost:5017/lib/jquery-validation/dist/jquery.validate.min.js - 404 0 null 0.7877ms
2024-11-04 15:30:50.141 +01:00 [INF] Request finished HTTP/1.1 GET http://localhost:5017/lib/jquery-validation-unobtrusive/jquery.validate.unobtrusive.min.js - 404 0 null 0.6613ms
2024-11-04 15:30:50.141 +01:00 [INF] Request reached the end of the middleware pipeline without being handled by application code. Request path: GET http://localhost:5017/lib/jquery-validation/dist/jquery.validate.min.js, Response status code: 404
2024-11-04 15:30:50.141 +01:00 [INF] Request reached the end of the middleware pipeline without being handled by application code. Request path: GET http://localhost:5017/lib/jquery-validation-unobtrusive/jquery.validate.unobtrusive.min.js, Response status code: 404
2024-11-04 15:30:50.498 +01:00 [INF] Request starting HTTP/1.1 GET http://localhost:5017/Identity/Account/Register - null null
2024-11-04 15:30:50.499 +01:00 [INF] Identity.Application was not authenticated. Failure message: Unprotect ticket failed
2024-11-04 15:30:50.499 +01:00 [INF] Executing endpoint '/Account/Register'
2024-11-04 15:30:50.499 +01:00 [INF] Route matched with {page = "/Account/Register", area = "Identity", action = "", controller = ""}. Executing page /Account/Register
2024-11-04 15:30:50.499 +01:00 [INF] Executing handler method MyShop.Areas.Identity.Pages.Account.RegisterModel.OnGetAsync - ModelState is "Valid"
2024-11-04 15:30:50.499 +01:00 [INF] Executed handler method OnGetAsync, returned result .
2024-11-04 15:30:50.499 +01:00 [INF] Executing an implicit handler method - ModelState is "Valid"
2024-11-04 15:30:50.499 +01:00 [INF] Executed an implicit handler method, returned result Microsoft.AspNetCore.Mvc.RazorPages.PageResult.
2024-11-04 15:30:50.501 +01:00 [INF] Executed page /Account/Register in 2.4324ms
2024-11-04 15:30:50.501 +01:00 [INF] Executed endpoint '/Account/Register'
2024-11-04 15:30:50.502 +01:00 [INF] Request finished HTTP/1.1 GET http://localhost:5017/Identity/Account/Register - 200 null text/html; charset=utf-8 3.3998ms
2024-11-04 15:30:50.521 +01:00 [INF] Request starting HTTP/1.1 GET http://localhost:5017/lib/jquery-validation/dist/jquery.validate.min.js - null null
2024-11-04 15:30:50.521 +01:00 [INF] Request starting HTTP/1.1 GET http://localhost:5017/lib/jquery-validation-unobtrusive/jquery.validate.unobtrusive.min.js - null null
2024-11-04 15:30:50.521 +01:00 [INF] Identity.Application was not authenticated. Failure message: Unprotect ticket failed
2024-11-04 15:30:50.522 +01:00 [INF] Identity.Application was not authenticated. Failure message: Unprotect ticket failed
2024-11-04 15:30:50.522 +01:00 [INF] Request finished HTTP/1.1 GET http://localhost:5017/lib/jquery-validation/dist/jquery.validate.min.js - 404 0 null 0.6668ms
2024-11-04 15:30:50.522 +01:00 [INF] Request finished HTTP/1.1 GET http://localhost:5017/lib/jquery-validation-unobtrusive/jquery.validate.unobtrusive.min.js - 404 0 null 0.4733ms
2024-11-04 15:30:50.522 +01:00 [INF] Request reached the end of the middleware pipeline without being handled by application code. Request path: GET http://localhost:5017/lib/jquery-validation/dist/jquery.validate.min.js, Response status code: 404
2024-11-04 15:30:50.522 +01:00 [INF] Request reached the end of the middleware pipeline without being handled by application code. Request path: GET http://localhost:5017/lib/jquery-validation-unobtrusive/jquery.validate.unobtrusive.min.js, Response status code: 404
