2024-10-18 12:51:58.396 +02:00 [INF] User profile is available. Using 'C:\Users\Hadle\AppData\Local\ASP.NET\DataProtection-Keys' as key repository and Windows DPAPI to encrypt keys at rest.
2024-10-18 12:51:58.441 +02:00 [INF] Now listening on: http://localhost:5017
2024-10-18 12:51:58.444 +02:00 [INF] Application started. Press Ctrl+C to shut down.
2024-10-18 12:51:58.444 +02:00 [INF] Hosting environment: Development
2024-10-18 12:51:58.444 +02:00 [INF] Content root path: C:\Users\Hadle\Downloads\ITPE3200\ITPE3200_Exam_project
2024-10-18 12:51:59.912 +02:00 [INF] Request starting HTTP/1.1 GET http://localhost:5017/ - null null
2024-10-18 12:51:59.937 +02:00 [INF] Executing endpoint 'MyShop.Controllers.HomeController.Index (MyShop)'
2024-10-18 12:51:59.945 +02:00 [INF] Route matched with {action = "Index", controller = "Home"}. Executing controller action with signature Microsoft.AspNetCore.Mvc.IActionResult Index() on controller MyShop.Controllers.HomeController (MyShop).
2024-10-18 12:51:59.955 +02:00 [INF] Executing ViewResult, running view Index.
2024-10-18 12:51:59.999 +02:00 [INF] Executed ViewResult - view Index executed in 44.9963ms.
2024-10-18 12:52:00.000 +02:00 [INF] Executed action MyShop.Controllers.HomeController.Index (MyShop) in 54.2692ms
2024-10-18 12:52:00.000 +02:00 [INF] Executed endpoint 'MyShop.Controllers.HomeController.Index (MyShop)'
2024-10-18 12:52:00.002 +02:00 [INF] Request finished HTTP/1.1 GET http://localhost:5017/ - 200 null text/html; charset=utf-8 91.8049ms
2024-10-18 12:52:00.019 +02:00 [INF] Request starting HTTP/1.1 GET http://localhost:5017/images/healthy.jpg - null null
2024-10-18 12:52:00.026 +02:00 [INF] The file /images/healthy.jpg was not modified
2024-10-18 12:52:00.027 +02:00 [INF] Request finished HTTP/1.1 GET http://localhost:5017/images/healthy.jpg - 304 null image/jpeg 7.4915ms
2024-10-18 12:52:09.529 +02:00 [INF] Request starting HTTP/1.1 GET http://localhost:5017/ - null null
2024-10-18 12:52:09.529 +02:00 [INF] Executing endpoint 'MyShop.Controllers.HomeController.Index (MyShop)'
2024-10-18 12:52:09.530 +02:00 [INF] Route matched with {action = "Index", controller = "Home"}. Executing controller action with signature Microsoft.AspNetCore.Mvc.IActionResult Index() on controller MyShop.Controllers.HomeController (MyShop).
2024-10-18 12:52:09.530 +02:00 [INF] Executing ViewResult, running view Index.
2024-10-18 12:52:09.533 +02:00 [INF] Executed ViewResult - view Index executed in 2.8425ms.
2024-10-18 12:52:09.533 +02:00 [INF] Executed action MyShop.Controllers.HomeController.Index (MyShop) in 3.232ms
2024-10-18 12:52:09.533 +02:00 [INF] Executed endpoint 'MyShop.Controllers.HomeController.Index (MyShop)'
2024-10-18 12:52:09.533 +02:00 [INF] Request finished HTTP/1.1 GET http://localhost:5017/ - 200 null text/html; charset=utf-8 4.6629ms
2024-10-18 12:52:19.789 +02:00 [INF] Request starting HTTP/1.1 GET http://localhost:5017/Food/Index - null null
2024-10-18 12:52:19.790 +02:00 [INF] Request finished HTTP/1.1 GET http://localhost:5017/Food/Index - 404 0 null 0.9032ms
2024-10-18 12:52:19.791 +02:00 [INF] Request reached the end of the middleware pipeline without being handled by application code. Request path: GET http://localhost:5017/Food/Index, Response status code: 404
2024-10-18 12:52:37.459 +02:00 [INF] Application is shutting down...
