2024-11-04 10:37:55.812 +01:00 [INF] User profile is available. Using 'C:\Users\jovan\AppData\Local\ASP.NET\DataProtection-Keys' as key repository and Windows DPAPI to encrypt keys at rest.
2024-11-04 10:37:55.972 +01:00 [INF] Now listening on: http://localhost:5017
2024-11-04 10:37:55.975 +01:00 [INF] Application started. Press Ctrl+C to shut down.
2024-11-04 10:37:55.976 +01:00 [INF] Hosting environment: Development
2024-11-04 10:37:55.976 +01:00 [INF] Content root path: C:\TestMappe\Eksamen\ITPE3200_Exam_project
2024-11-04 10:38:00.868 +01:00 [INF] Request starting HTTP/1.1 GET http://localhost:5017/ - null null
2024-11-04 10:38:00.910 +01:00 [INF] Identity.Application was not authenticated. Failure message: Unprotect ticket failed
2024-11-04 10:38:00.914 +01:00 [INF] Executing endpoint 'MyShop.Controllers.HomeController.Index (MyShop)'
2024-11-04 10:38:00.922 +01:00 [INF] Route matched with {action = "Index", controller = "Home", page = "", area = ""}. Executing controller action with signature Microsoft.AspNetCore.Mvc.IActionResult Index() on controller MyShop.Controllers.HomeController (MyShop).
2024-11-04 10:38:00.929 +01:00 [INF] Executing ViewResult, running view Index.
2024-11-04 10:38:01.011 +01:00 [INF] Executed ViewResult - view Index executed in 82.7438ms.
2024-11-04 10:38:01.013 +01:00 [INF] Executed action MyShop.Controllers.HomeController.Index (MyShop) in 90.3276ms
2024-11-04 10:38:01.013 +01:00 [INF] Executed endpoint 'MyShop.Controllers.HomeController.Index (MyShop)'
2024-11-04 10:38:01.016 +01:00 [INF] Request finished HTTP/1.1 GET http://localhost:5017/ - 200 null text/html; charset=utf-8 148.708ms
2024-11-04 10:38:01.074 +01:00 [INF] Request starting HTTP/1.1 GET http://localhost:5017/images/logo.png - null null
2024-11-04 10:38:01.080 +01:00 [INF] The file /images/logo.png was not modified
2024-11-04 10:38:01.081 +01:00 [INF] Request finished HTTP/1.1 GET http://localhost:5017/images/logo.png - 304 null image/png 7.0171ms
2024-11-04 10:38:04.688 +01:00 [INF] Request starting HTTP/1.1 GET http://localhost:5017/Identity/Account/Login - null null
2024-11-04 10:38:04.691 +01:00 [INF] Identity.Application was not authenticated. Failure message: Unprotect ticket failed
2024-11-04 10:38:04.691 +01:00 [INF] Executing endpoint '/Account/Login'
2024-11-04 10:38:04.703 +01:00 [INF] Route matched with {page = "/Account/Login", area = "Identity", action = "", controller = ""}. Executing page /Account/Login
2024-11-04 10:38:04.718 +01:00 [INF] Executing handler method MyShop.Areas.Identity.Pages.Account.LoginModel.OnGetAsync - ModelState is "Valid"
2024-11-04 10:38:04.723 +01:00 [INF] AuthenticationScheme: Identity.External signed out.
2024-11-04 10:38:04.725 +01:00 [INF] Executed handler method OnGetAsync, returned result .
2024-11-04 10:38:04.727 +01:00 [INF] Executing an implicit handler method - ModelState is "Valid"
2024-11-04 10:38:04.728 +01:00 [INF] Executed an implicit handler method, returned result Microsoft.AspNetCore.Mvc.RazorPages.PageResult.
2024-11-04 10:38:04.769 +01:00 [INF] Executed page /Account/Login in 65.6779ms
2024-11-04 10:38:04.769 +01:00 [INF] Executed endpoint '/Account/Login'
2024-11-04 10:38:04.769 +01:00 [INF] Request finished HTTP/1.1 GET http://localhost:5017/Identity/Account/Login - 200 null text/html; charset=utf-8 81.7456ms
2024-11-04 10:38:04.801 +01:00 [INF] Request starting HTTP/1.1 GET http://localhost:5017/lib/jquery-validation/dist/jquery.validate.min.js - null null
2024-11-04 10:38:04.804 +01:00 [INF] Identity.Application was not authenticated. Failure message: Unprotect ticket failed
2024-11-04 10:38:04.804 +01:00 [INF] Request finished HTTP/1.1 GET http://localhost:5017/lib/jquery-validation/dist/jquery.validate.min.js - 404 0 null 3.3719ms
2024-11-04 10:38:04.806 +01:00 [INF] Request reached the end of the middleware pipeline without being handled by application code. Request path: GET http://localhost:5017/lib/jquery-validation/dist/jquery.validate.min.js, Response status code: 404
2024-11-04 10:38:04.861 +01:00 [INF] Request starting HTTP/1.1 GET http://localhost:5017/lib/jquery-validation-unobtrusive/jquery.validate.unobtrusive.min.js - null null
2024-11-04 10:38:04.862 +01:00 [INF] Identity.Application was not authenticated. Failure message: Unprotect ticket failed
2024-11-04 10:38:04.862 +01:00 [INF] Request finished HTTP/1.1 GET http://localhost:5017/lib/jquery-validation-unobtrusive/jquery.validate.unobtrusive.min.js - 404 0 null 1.1431ms
2024-11-04 10:38:04.862 +01:00 [INF] Request reached the end of the middleware pipeline without being handled by application code. Request path: GET http://localhost:5017/lib/jquery-validation-unobtrusive/jquery.validate.unobtrusive.min.js, Response status code: 404
