2024-10-08 12:04:33.850 +02:00 [INF] User profile is available. Using 'C:\Users\Hadle\AppData\Local\ASP.NET\DataProtection-Keys' as key repository and Windows DPAPI to encrypt keys at rest.
2024-10-08 12:04:33.937 +02:00 [INF] Now listening on: http://localhost:5017
2024-10-08 12:04:33.943 +02:00 [INF] Application started. Press Ctrl+C to shut down.
2024-10-08 12:04:33.943 +02:00 [INF] Hosting environment: Development
2024-10-08 12:04:33.944 +02:00 [INF] Content root path: C:\Users\Hadle\Downloads\ITPE3200-24H-main\ITPE3200-24H-main\4-Errorhandling-Logging_Inputvalidation\Demo-Inputvalidation\MyShop
2024-10-08 12:04:36.673 +02:00 [INF] Request starting HTTP/1.1 GET http://localhost:5017/ - null null
2024-10-08 12:04:36.709 +02:00 [INF] Executing endpoint 'MyShop.Controllers.HomeController.Index (MyShop)'
2024-10-08 12:04:36.720 +02:00 [INF] Route matched with {action = "Index", controller = "Home"}. Executing controller action with signature Microsoft.AspNetCore.Mvc.IActionResult Index() on controller MyShop.Controllers.HomeController (MyShop).
2024-10-08 12:04:36.740 +02:00 [INF] Executing ViewResult, running view Index.
2024-10-08 12:04:36.830 +02:00 [INF] Executed ViewResult - view Index executed in 92.1853ms.
2024-10-08 12:04:36.833 +02:00 [INF] Executed action MyShop.Controllers.HomeController.Index (MyShop) in 111.8337ms
2024-10-08 12:04:36.833 +02:00 [INF] Executed endpoint 'MyShop.Controllers.HomeController.Index (MyShop)'
2024-10-08 12:04:36.836 +02:00 [INF] Request finished HTTP/1.1 GET http://localhost:5017/ - 200 null text/html; charset=utf-8 165.9977ms
2024-10-08 12:04:38.490 +02:00 [INF] Request starting HTTP/1.1 GET http://localhost:5017/Customer/Table - null null
2024-10-08 12:04:38.493 +02:00 [INF] Executing endpoint 'MyShop.Controllers.CustomerController.Table (MyShop)'
2024-10-08 12:04:38.502 +02:00 [INF] Route matched with {action = "Table", controller = "Customer"}. Executing controller action with signature System.Threading.Tasks.Task`1[Microsoft.AspNetCore.Mvc.IActionResult] Table() on controller MyShop.Controllers.CustomerController (MyShop).
2024-10-08 12:04:38.591 +02:00 [INF] Executing ViewResult, running view Table.
2024-10-08 12:04:38.651 +02:00 [INF] Executed ViewResult - view Table executed in 61.9822ms.
2024-10-08 12:04:38.652 +02:00 [INF] Executed action MyShop.Controllers.CustomerController.Table (MyShop) in 149.6228ms
2024-10-08 12:04:38.652 +02:00 [INF] Executed endpoint 'MyShop.Controllers.CustomerController.Table (MyShop)'
2024-10-08 12:04:38.657 +02:00 [INF] Request finished HTTP/1.1 GET http://localhost:5017/Customer/Table - 200 null text/html; charset=utf-8 166.7014ms
2024-10-08 12:04:39.917 +02:00 [INF] Request starting HTTP/1.1 GET http://localhost:5017/Item/Table - null null
2024-10-08 12:04:39.919 +02:00 [INF] Executing endpoint 'MyShop.Controllers.ItemController.Table (MyShop)'
2024-10-08 12:04:39.924 +02:00 [INF] Route matched with {action = "Table", controller = "Item"}. Executing controller action with signature System.Threading.Tasks.Task`1[Microsoft.AspNetCore.Mvc.IActionResult] Table() on controller MyShop.Controllers.ItemController (MyShop).
2024-10-08 12:04:40.024 +02:00 [INF] Executing ViewResult, running view Table.
2024-10-08 12:04:40.038 +02:00 [INF] Executed ViewResult - view Table executed in 15.3598ms.
2024-10-08 12:04:40.038 +02:00 [INF] Executed action MyShop.Controllers.ItemController.Table (MyShop) in 114.0506ms
2024-10-08 12:04:40.039 +02:00 [INF] Executed endpoint 'MyShop.Controllers.ItemController.Table (MyShop)'
2024-10-08 12:04:40.039 +02:00 [INF] Request finished HTTP/1.1 GET http://localhost:5017/Item/Table - 200 null text/html; charset=utf-8 122.0632ms
