2024-10-10 16:21:03.918 +02:00 [INF] User profile is available. Using 'C:\Users\jovan\AppData\Local\ASP.NET\DataProtection-Keys' as key repository and Windows DPAPI to encrypt keys at rest.
2024-10-10 16:21:03.950 +02:00 [INF] Now listening on: http://localhost:5017
2024-10-10 16:21:03.952 +02:00 [INF] Application started. Press Ctrl+C to shut down.
2024-10-10 16:21:03.952 +02:00 [INF] Hosting environment: Development
2024-10-10 16:21:03.952 +02:00 [INF] Content root path: C:\TestMappe\ITPE3200_Exam_project
2024-10-10 16:21:06.673 +02:00 [INF] Request starting HTTP/1.1 GET http://localhost:5017/ - null null
2024-10-10 16:21:06.692 +02:00 [INF] Executing endpoint 'MyShop.Controllers.HomeController.Index (MyShop)'
2024-10-10 16:21:06.699 +02:00 [INF] Route matched with {action = "Index", controller = "Home"}. Executing controller action with signature Microsoft.AspNetCore.Mvc.IActionResult Index() on controller MyShop.Controllers.HomeController (MyShop).
2024-10-10 16:21:06.707 +02:00 [INF] Executing ViewResult, running view Index.
2024-10-10 16:21:06.752 +02:00 [INF] Executed ViewResult - view Index executed in 46.1864ms.
2024-10-10 16:21:06.755 +02:00 [INF] Executed action MyShop.Controllers.HomeController.Index (MyShop) in 55.9328ms
2024-10-10 16:21:06.756 +02:00 [INF] Executed endpoint 'MyShop.Controllers.HomeController.Index (MyShop)'
2024-10-10 16:21:06.758 +02:00 [INF] Request finished HTTP/1.1 GET http://localhost:5017/ - 200 null text/html; charset=utf-8 86.3806ms
2024-10-10 16:21:08.801 +02:00 [INF] Request starting HTTP/1.1 GET http://localhost:5017/ - null null
2024-10-10 16:21:08.802 +02:00 [INF] Executing endpoint 'MyShop.Controllers.HomeController.Index (MyShop)'
2024-10-10 16:21:08.802 +02:00 [INF] Route matched with {action = "Index", controller = "Home"}. Executing controller action with signature Microsoft.AspNetCore.Mvc.IActionResult Index() on controller MyShop.Controllers.HomeController (MyShop).
2024-10-10 16:21:08.803 +02:00 [INF] Executing ViewResult, running view Index.
2024-10-10 16:21:08.806 +02:00 [INF] Executed ViewResult - view Index executed in 3.099ms.
2024-10-10 16:21:08.806 +02:00 [INF] Executed action MyShop.Controllers.HomeController.Index (MyShop) in 3.5463ms
2024-10-10 16:21:08.806 +02:00 [INF] Executed endpoint 'MyShop.Controllers.HomeController.Index (MyShop)'
2024-10-10 16:21:08.806 +02:00 [INF] Request finished HTTP/1.1 GET http://localhost:5017/ - 200 null text/html; charset=utf-8 4.6595ms
2024-10-10 16:21:09.687 +02:00 [INF] Request starting HTTP/1.1 GET http://localhost:5017/ - null null
2024-10-10 16:21:09.688 +02:00 [INF] Executing endpoint 'MyShop.Controllers.HomeController.Index (MyShop)'
2024-10-10 16:21:09.688 +02:00 [INF] Route matched with {action = "Index", controller = "Home"}. Executing controller action with signature Microsoft.AspNetCore.Mvc.IActionResult Index() on controller MyShop.Controllers.HomeController (MyShop).
2024-10-10 16:21:09.689 +02:00 [INF] Executing ViewResult, running view Index.
2024-10-10 16:21:09.689 +02:00 [INF] Executed ViewResult - view Index executed in 0.83ms.
2024-10-10 16:21:09.689 +02:00 [INF] Executed action MyShop.Controllers.HomeController.Index (MyShop) in 1.0391ms
2024-10-10 16:21:09.689 +02:00 [INF] Executed endpoint 'MyShop.Controllers.HomeController.Index (MyShop)'
2024-10-10 16:21:09.690 +02:00 [INF] Request finished HTTP/1.1 GET http://localhost:5017/ - 200 null text/html; charset=utf-8 2.3667ms
