2024-10-18 11:51:14.066 +02:00 [INF] User profile is available. Using 'C:\Users\jovan\AppData\Local\ASP.NET\DataProtection-Keys' as key repository and Windows DPAPI to encrypt keys at rest.
2024-10-18 11:51:14.105 +02:00 [INF] Now listening on: http://localhost:5017
2024-10-18 11:51:14.108 +02:00 [INF] Application started. Press Ctrl+C to shut down.
2024-10-18 11:51:14.108 +02:00 [INF] Hosting environment: Development
2024-10-18 11:51:14.108 +02:00 [INF] Content root path: C:\TestMappe\ITPE3200_Exam_project
2024-10-18 11:51:20.139 +02:00 [INF] Request starting HTTP/1.1 GET http://localhost:5017/ - null null
2024-10-18 11:51:20.166 +02:00 [INF] Executing endpoint 'MyShop.Controllers.HomeController.Index (MyShop)'
2024-10-18 11:51:20.172 +02:00 [INF] Route matched with {action = "Index", controller = "Home"}. Executing controller action with signature Microsoft.AspNetCore.Mvc.IActionResult Index() on controller MyShop.Controllers.HomeController (MyShop).
2024-10-18 11:51:20.185 +02:00 [INF] Executing ViewResult, running view Index.
2024-10-18 11:51:20.239 +02:00 [INF] Executed ViewResult - view Index executed in 56.84ms.
2024-10-18 11:51:20.241 +02:00 [INF] Executed action MyShop.Controllers.HomeController.Index (MyShop) in 68.4743ms
2024-10-18 11:51:20.241 +02:00 [INF] Executed endpoint 'MyShop.Controllers.HomeController.Index (MyShop)'
2024-10-18 11:51:20.244 +02:00 [INF] Request finished HTTP/1.1 GET http://localhost:5017/ - 200 null text/html; charset=utf-8 105.8047ms
2024-10-18 11:51:21.732 +02:00 [INF] Request starting HTTP/1.1 GET http://localhost:5017/Item/Table - null null
2024-10-18 11:51:21.734 +02:00 [INF] Executing endpoint 'MyShop.Controllers.ItemController.Table (MyShop)'
2024-10-18 11:51:21.740 +02:00 [INF] Route matched with {action = "Table", controller = "Item"}. Executing controller action with signature System.Threading.Tasks.Task`1[Microsoft.AspNetCore.Mvc.IActionResult] Table() on controller MyShop.Controllers.ItemController (MyShop).
2024-10-18 11:51:21.854 +02:00 [INF] Executing ViewResult, running view Table.
2024-10-18 11:51:21.869 +02:00 [INF] Executed ViewResult - view Table executed in 15.6086ms.
2024-10-18 11:51:21.869 +02:00 [INF] Executed action MyShop.Controllers.ItemController.Table (MyShop) in 128.963ms
2024-10-18 11:51:21.869 +02:00 [INF] Executed endpoint 'MyShop.Controllers.ItemController.Table (MyShop)'
2024-10-18 11:51:21.873 +02:00 [INF] Request finished HTTP/1.1 GET http://localhost:5017/Item/Table - 200 null text/html; charset=utf-8 140.2946ms
2024-10-18 11:51:24.695 +02:00 [INF] Request starting HTTP/1.1 GET http://localhost:5017/Item/Create - null null
2024-10-18 11:51:24.697 +02:00 [INF] Executing endpoint 'MyShop.Controllers.ItemController.Create (MyShop)'
2024-10-18 11:51:24.699 +02:00 [INF] Route matched with {action = "Create", controller = "Item"}. Executing controller action with signature Microsoft.AspNetCore.Mvc.IActionResult Create() on controller MyShop.Controllers.ItemController (MyShop).
2024-10-18 11:51:24.700 +02:00 [INF] Executing ViewResult, running view Create.
2024-10-18 11:51:24.753 +02:00 [INF] Executed ViewResult - view Create executed in 53.7616ms.
2024-10-18 11:51:24.753 +02:00 [INF] Executed action MyShop.Controllers.ItemController.Create (MyShop) in 54.6382ms
2024-10-18 11:51:24.754 +02:00 [INF] Executed endpoint 'MyShop.Controllers.ItemController.Create (MyShop)'
2024-10-18 11:51:24.754 +02:00 [INF] Request finished HTTP/1.1 GET http://localhost:5017/Item/Create - 200 null text/html; charset=utf-8 58.6133ms
2024-10-18 11:53:41.795 +02:00 [INF] Request starting HTTP/1.1 GET http://localhost:5017/Item/Table - null null
2024-10-18 11:53:41.796 +02:00 [INF] Executing endpoint 'MyShop.Controllers.ItemController.Table (MyShop)'
2024-10-18 11:53:41.796 +02:00 [INF] Route matched with {action = "Table", controller = "Item"}. Executing controller action with signature System.Threading.Tasks.Task`1[Microsoft.AspNetCore.Mvc.IActionResult] Table() on controller MyShop.Controllers.ItemController (MyShop).
2024-10-18 11:53:41.947 +02:00 [INF] Executing ViewResult, running view Table.
2024-10-18 11:53:41.951 +02:00 [INF] Executed ViewResult - view Table executed in 4.3634ms.
2024-10-18 11:53:41.951 +02:00 [INF] Executed action MyShop.Controllers.ItemController.Table (MyShop) in 155.0679ms
2024-10-18 11:53:41.952 +02:00 [INF] Executed endpoint 'MyShop.Controllers.ItemController.Table (MyShop)'
2024-10-18 11:53:41.952 +02:00 [INF] Request finished HTTP/1.1 GET http://localhost:5017/Item/Table - 200 null text/html; charset=utf-8 156.9892ms
