2024-10-22 14:53:56.717 +02:00 [INF] User profile is available. Using 'C:\Users\Hadle\AppData\Local\ASP.NET\DataProtection-Keys' as key repository and Windows DPAPI to encrypt keys at rest.
2024-10-22 14:53:56.900 +02:00 [INF] Now listening on: http://localhost:5017
2024-10-22 14:53:56.906 +02:00 [INF] Application started. Press Ctrl+C to shut down.
2024-10-22 14:53:56.907 +02:00 [INF] Hosting environment: Development
2024-10-22 14:53:56.907 +02:00 [INF] Content root path: C:\ITPE3200\ITPE3200_Exam_project-main\ITPE3200_Exam_project-main\ITPE3200_Exam_project
2024-10-22 14:53:58.813 +02:00 [INF] Request starting HTTP/1.1 GET http://localhost:5017/ - null null
2024-10-22 14:53:58.849 +02:00 [INF] Executing endpoint 'MyShop.Controllers.HomeController.Index (MyShop)'
2024-10-22 14:53:58.858 +02:00 [INF] Route matched with {action = "Index", controller = "Home", page = "", area = ""}. Executing controller action with signature Microsoft.AspNetCore.Mvc.IActionResult Index() on controller MyShop.Controllers.HomeController (MyShop).
2024-10-22 14:53:58.865 +02:00 [INF] Executing ViewResult, running view Index.
2024-10-22 14:53:58.938 +02:00 [INF] Executed ViewResult - view Index executed in 73.2263ms.
2024-10-22 14:53:58.939 +02:00 [INF] Executed action MyShop.Controllers.HomeController.Index (MyShop) in 80.7529ms
2024-10-22 14:53:58.939 +02:00 [INF] Executed endpoint 'MyShop.Controllers.HomeController.Index (MyShop)'
2024-10-22 14:53:58.942 +02:00 [INF] Request finished HTTP/1.1 GET http://localhost:5017/ - 200 null text/html; charset=utf-8 130.5765ms
2024-10-22 14:54:00.148 +02:00 [INF] Request starting HTTP/1.1 GET http://localhost:5017/Item/Grid - null null
2024-10-22 14:54:00.150 +02:00 [INF] Executing endpoint 'MyShop.Controllers.ItemController.Grid (MyShop)'
2024-10-22 14:54:00.155 +02:00 [INF] Route matched with {action = "Grid", controller = "Item", page = "", area = ""}. Executing controller action with signature System.Threading.Tasks.Task`1[Microsoft.AspNetCore.Mvc.IActionResult] Grid() on controller MyShop.Controllers.ItemController (MyShop).
2024-10-22 14:54:00.258 +02:00 [INF] Executing ViewResult, running view Grid.
2024-10-22 14:54:00.266 +02:00 [INF] Executed ViewResult - view Grid executed in 9.176ms.
2024-10-22 14:54:00.267 +02:00 [INF] Executed action MyShop.Controllers.ItemController.Grid (MyShop) in 111.5262ms
2024-10-22 14:54:00.267 +02:00 [INF] Executed endpoint 'MyShop.Controllers.ItemController.Grid (MyShop)'
2024-10-22 14:54:00.270 +02:00 [INF] Request finished HTTP/1.1 GET http://localhost:5017/Item/Grid - 200 null text/html; charset=utf-8 121.5445ms
2024-10-22 14:54:01.209 +02:00 [INF] Request starting HTTP/1.1 GET http://localhost:5017/Item/Table - null null
2024-10-22 14:54:01.213 +02:00 [INF] Executing endpoint 'MyShop.Controllers.ItemController.Table (MyShop)'
2024-10-22 14:54:01.216 +02:00 [INF] Route matched with {action = "Table", controller = "Item", page = "", area = ""}. Executing controller action with signature System.Threading.Tasks.Task`1[Microsoft.AspNetCore.Mvc.IActionResult] Table() on controller MyShop.Controllers.ItemController (MyShop).
2024-10-22 14:54:01.258 +02:00 [INF] Executing ViewResult, running view Table.
2024-10-22 14:54:01.274 +02:00 [INF] Executed ViewResult - view Table executed in 16.1401ms.
2024-10-22 14:54:01.274 +02:00 [INF] Executed action MyShop.Controllers.ItemController.Table (MyShop) in 57.9216ms
2024-10-22 14:54:01.274 +02:00 [INF] Executed endpoint 'MyShop.Controllers.ItemController.Table (MyShop)'
2024-10-22 14:54:01.274 +02:00 [INF] Request finished HTTP/1.1 GET http://localhost:5017/Item/Table - 200 null text/html; charset=utf-8 65.2158ms
2024-10-22 14:56:10.702 +02:00 [INF] Application is shutting down...
