2024-11-04 12:44:38.259 +01:00 [INF] User profile is available. Using 'C:\Users\Hadle\AppData\Local\ASP.NET\DataProtection-Keys' as key repository and Windows DPAPI to encrypt keys at rest.
2024-11-04 12:44:38.407 +01:00 [INF] Now listening on: http://localhost:5017
2024-11-04 12:44:38.410 +01:00 [INF] Application started. Press Ctrl+C to shut down.
2024-11-04 12:44:38.411 +01:00 [INF] Hosting environment: Development
2024-11-04 12:44:38.411 +01:00 [INF] Content root path: C:\ITPE3200\ITPE3200_Exam_project-main\ITPE3200_Exam_project-main\ITPE3200_Exam_project
2024-11-04 12:44:39.616 +01:00 [INF] Request starting HTTP/1.1 GET http://localhost:5017/ - null null
2024-11-04 12:44:39.668 +01:00 [INF] Executing endpoint 'MyShop.Controllers.HomeController.Index (MyShop)'
2024-11-04 12:44:39.676 +01:00 [INF] Route matched with {action = "Index", controller = "Home", page = "", area = ""}. Executing controller action with signature Microsoft.AspNetCore.Mvc.IActionResult Index() on controller MyShop.Controllers.HomeController (MyShop).
2024-11-04 12:44:39.682 +01:00 [INF] Executing ViewResult, running view Index.
2024-11-04 12:44:39.747 +01:00 [INF] Executed ViewResult - view Index executed in 65.6543ms.
2024-11-04 12:44:39.749 +01:00 [INF] Executed action MyShop.Controllers.HomeController.Index (MyShop) in 72.2638ms
2024-11-04 12:44:39.749 +01:00 [INF] Executed endpoint 'MyShop.Controllers.HomeController.Index (MyShop)'
2024-11-04 12:44:39.753 +01:00 [INF] Request finished HTTP/1.1 GET http://localhost:5017/ - 200 null text/html; charset=utf-8 137.6947ms
2024-11-04 12:44:40.598 +01:00 [INF] Request starting HTTP/1.1 GET http://localhost:5017/?page=%2FItem%2FCreate - null null
2024-11-04 12:44:40.602 +01:00 [INF] Executing endpoint 'MyShop.Controllers.HomeController.Index (MyShop)'
2024-11-04 12:44:40.602 +01:00 [INF] Route matched with {action = "Index", controller = "Home", page = "", area = ""}. Executing controller action with signature Microsoft.AspNetCore.Mvc.IActionResult Index() on controller MyShop.Controllers.HomeController (MyShop).
2024-11-04 12:44:40.602 +01:00 [INF] Executing ViewResult, running view Index.
2024-11-04 12:44:40.606 +01:00 [INF] Executed ViewResult - view Index executed in 4.1913ms.
2024-11-04 12:44:40.606 +01:00 [INF] Executed action MyShop.Controllers.HomeController.Index (MyShop) in 4.6206ms
2024-11-04 12:44:40.607 +01:00 [INF] Executed endpoint 'MyShop.Controllers.HomeController.Index (MyShop)'
2024-11-04 12:44:40.607 +01:00 [INF] Request finished HTTP/1.1 GET http://localhost:5017/?page=%2FItem%2FCreate - 200 null text/html; charset=utf-8 9.22ms
2024-11-04 12:44:41.837 +01:00 [INF] Request starting HTTP/1.1 GET http://localhost:5017/?page=%2FItem%2FCreate - null null
2024-11-04 12:44:41.848 +01:00 [INF] Executing endpoint 'MyShop.Controllers.HomeController.Index (MyShop)'
2024-11-04 12:44:41.848 +01:00 [INF] Route matched with {action = "Index", controller = "Home", page = "", area = ""}. Executing controller action with signature Microsoft.AspNetCore.Mvc.IActionResult Index() on controller MyShop.Controllers.HomeController (MyShop).
2024-11-04 12:44:41.848 +01:00 [INF] Executing ViewResult, running view Index.
2024-11-04 12:44:41.849 +01:00 [INF] Executed ViewResult - view Index executed in 1.1604ms.
2024-11-04 12:44:41.849 +01:00 [INF] Executed action MyShop.Controllers.HomeController.Index (MyShop) in 1.3387ms
2024-11-04 12:44:41.849 +01:00 [INF] Executed endpoint 'MyShop.Controllers.HomeController.Index (MyShop)'
2024-11-04 12:44:41.849 +01:00 [INF] Request finished HTTP/1.1 GET http://localhost:5017/?page=%2FItem%2FCreate - 200 null text/html; charset=utf-8 12.4227ms
2024-11-04 12:44:46.809 +01:00 [INF] Request starting HTTP/1.1 GET http://localhost:5017/?page=%2FItem%2FCreate - null null
2024-11-04 12:44:46.810 +01:00 [INF] Executing endpoint 'MyShop.Controllers.HomeController.Index (MyShop)'
2024-11-04 12:44:46.810 +01:00 [INF] Route matched with {action = "Index", controller = "Home", page = "", area = ""}. Executing controller action with signature Microsoft.AspNetCore.Mvc.IActionResult Index() on controller MyShop.Controllers.HomeController (MyShop).
2024-11-04 12:44:46.810 +01:00 [INF] Executing ViewResult, running view Index.
2024-11-04 12:44:46.812 +01:00 [INF] Executed ViewResult - view Index executed in 1.5565ms.
2024-11-04 12:44:46.812 +01:00 [INF] Executed action MyShop.Controllers.HomeController.Index (MyShop) in 1.74ms
2024-11-04 12:44:46.812 +01:00 [INF] Executed endpoint 'MyShop.Controllers.HomeController.Index (MyShop)'
2024-11-04 12:44:46.812 +01:00 [INF] Request finished HTTP/1.1 GET http://localhost:5017/?page=%2FItem%2FCreate - 200 null text/html; charset=utf-8 3.0631ms
2024-11-04 12:44:50.388 +01:00 [INF] Request starting HTTP/1.1 GET http://localhost:5017/Item/Grid - null null
2024-11-04 12:44:50.390 +01:00 [INF] Executing endpoint 'MyShop.Controllers.ItemController.Grid (MyShop)'
2024-11-04 12:44:50.394 +01:00 [INF] Route matched with {action = "Grid", controller = "Item", page = "", area = ""}. Executing controller action with signature System.Threading.Tasks.Task`1[Microsoft.AspNetCore.Mvc.IActionResult] Grid() on controller MyShop.Controllers.ItemController (MyShop).
2024-11-04 12:44:50.494 +01:00 [INF] Executing ViewResult, running view Grid.
2024-11-04 12:44:50.498 +01:00 [INF] Executed ViewResult - view Grid executed in 4.2696ms.
2024-11-04 12:44:50.498 +01:00 [INF] Executed action MyShop.Controllers.ItemController.Grid (MyShop) in 103.8311ms
2024-11-04 12:44:50.498 +01:00 [INF] Executed endpoint 'MyShop.Controllers.ItemController.Grid (MyShop)'
2024-11-04 12:44:50.501 +01:00 [INF] Request finished HTTP/1.1 GET http://localhost:5017/Item/Grid - 200 null text/html; charset=utf-8 112.6673ms
2024-11-04 12:44:51.902 +01:00 [INF] Request starting HTTP/1.1 GET http://localhost:5017/Item/Table - null null
2024-11-04 12:44:51.903 +01:00 [INF] Executing endpoint 'MyShop.Controllers.ItemController.Table (MyShop)'
2024-11-04 12:44:51.906 +01:00 [INF] Route matched with {action = "Table", controller = "Item", page = "", area = ""}. Executing controller action with signature System.Threading.Tasks.Task`1[Microsoft.AspNetCore.Mvc.IActionResult] Table() on controller MyShop.Controllers.ItemController (MyShop).
2024-11-04 12:44:51.949 +01:00 [INF] Executing ViewResult, running view Table.
2024-11-04 12:44:51.957 +01:00 [INF] Executed ViewResult - view Table executed in 8.7301ms.
2024-11-04 12:44:51.957 +01:00 [INF] Executed action MyShop.Controllers.ItemController.Table (MyShop) in 50.3255ms
2024-11-04 12:44:51.957 +01:00 [INF] Executed endpoint 'MyShop.Controllers.ItemController.Table (MyShop)'
2024-11-04 12:44:51.957 +01:00 [INF] Request finished HTTP/1.1 GET http://localhost:5017/Item/Table - 200 null text/html; charset=utf-8 55.5092ms
2024-11-04 12:44:53.854 +01:00 [INF] Request starting HTTP/1.1 GET http://localhost:5017/Item/Create - null null
2024-11-04 12:44:53.860 +01:00 [INF] Executing endpoint 'MyShop.Controllers.ItemController.Create (MyShop)'
2024-11-04 12:44:53.861 +01:00 [INF] Route matched with {action = "Create", controller = "Item", page = "", area = ""}. Executing controller action with signature Microsoft.AspNetCore.Mvc.IActionResult Create() on controller MyShop.Controllers.ItemController (MyShop).
2024-11-04 12:44:53.863 +01:00 [INF] Executing ViewResult, running view Create.
2024-11-04 12:44:53.902 +01:00 [INF] Executed ViewResult - view Create executed in 40.2248ms.
2024-11-04 12:44:53.902 +01:00 [INF] Executed action MyShop.Controllers.ItemController.Create (MyShop) in 40.9858ms
2024-11-04 12:44:53.902 +01:00 [INF] Executed endpoint 'MyShop.Controllers.ItemController.Create (MyShop)'
2024-11-04 12:44:53.903 +01:00 [INF] Request finished HTTP/1.1 GET http://localhost:5017/Item/Create - 200 null text/html; charset=utf-8 48.5529ms
2024-11-04 12:45:04.539 +01:00 [INF] Application is shutting down...
