2024-11-04 12:22:36.179 +01:00 [INF] User profile is available. Using 'C:\Users\Hadle\AppData\Local\ASP.NET\DataProtection-Keys' as key repository and Windows DPAPI to encrypt keys at rest.
2024-11-04 12:22:36.315 +01:00 [INF] Now listening on: http://localhost:5017
2024-11-04 12:22:36.319 +01:00 [INF] Application started. Press Ctrl+C to shut down.
2024-11-04 12:22:36.319 +01:00 [INF] Hosting environment: Development
2024-11-04 12:22:36.319 +01:00 [INF] Content root path: C:\ITPE3200\ITPE3200_Exam_project-main\ITPE3200_Exam_project-main\ITPE3200_Exam_project
2024-11-04 12:22:37.470 +01:00 [INF] Request starting HTTP/1.1 GET http://localhost:5017/ - null null
2024-11-04 12:22:37.508 +01:00 [INF] Executing endpoint 'MyShop.Controllers.HomeController.Index (MyShop)'
2024-11-04 12:22:37.521 +01:00 [INF] Route matched with {action = "Index", controller = "Home", page = "", area = ""}. Executing controller action with signature Microsoft.AspNetCore.Mvc.IActionResult Index() on controller MyShop.Controllers.HomeController (MyShop).
2024-11-04 12:22:37.527 +01:00 [INF] Executing ViewResult, running view Index.
2024-11-04 12:22:37.600 +01:00 [INF] Executed ViewResult - view Index executed in 74.2126ms.
2024-11-04 12:22:37.602 +01:00 [INF] Executed action MyShop.Controllers.HomeController.Index (MyShop) in 80.8417ms
2024-11-04 12:22:37.602 +01:00 [INF] Executed endpoint 'MyShop.Controllers.HomeController.Index (MyShop)'
2024-11-04 12:22:37.605 +01:00 [INF] Request finished HTTP/1.1 GET http://localhost:5017/ - 200 null text/html; charset=utf-8 136.6992ms
2024-11-04 12:23:27.098 +01:00 [INF] Request starting HTTP/1.1 GET http://localhost:5017/Identity/Account/Register - null null
2024-11-04 12:23:27.100 +01:00 [INF] Executing endpoint '/Account/Register'
2024-11-04 12:23:27.114 +01:00 [INF] Route matched with {page = "/Account/Register", area = "Identity", action = "", controller = ""}. Executing page /Account/Register
2024-11-04 12:23:27.124 +01:00 [INF] Executing handler method MyShop.Areas.Identity.Pages.Account.RegisterModel.OnGetAsync - ModelState is "Valid"
2024-11-04 12:23:27.126 +01:00 [INF] Executed handler method OnGetAsync, returned result .
2024-11-04 12:23:27.127 +01:00 [INF] Executing an implicit handler method - ModelState is "Valid"
2024-11-04 12:23:27.127 +01:00 [INF] Executed an implicit handler method, returned result Microsoft.AspNetCore.Mvc.RazorPages.PageResult.
2024-11-04 12:23:27.155 +01:00 [INF] Executed page /Account/Register in 40.8767ms
2024-11-04 12:23:27.156 +01:00 [INF] Executed endpoint '/Account/Register'
2024-11-04 12:23:27.156 +01:00 [INF] Request finished HTTP/1.1 GET http://localhost:5017/Identity/Account/Register - 200 null text/html; charset=utf-8 57.812ms
2024-11-04 12:23:27.179 +01:00 [INF] Request starting HTTP/1.1 GET http://localhost:5017/lib/jquery-validation/dist/jquery.validate.min.js - null null
2024-11-04 12:23:27.183 +01:00 [INF] Request finished HTTP/1.1 GET http://localhost:5017/lib/jquery-validation/dist/jquery.validate.min.js - 404 0 null 3.5984ms
2024-11-04 12:23:27.183 +01:00 [INF] Request starting HTTP/1.1 GET http://localhost:5017/lib/jquery-validation-unobtrusive/jquery.validate.unobtrusive.min.js - null null
2024-11-04 12:23:27.184 +01:00 [INF] Request reached the end of the middleware pipeline without being handled by application code. Request path: GET http://localhost:5017/lib/jquery-validation/dist/jquery.validate.min.js, Response status code: 404
2024-11-04 12:23:27.184 +01:00 [INF] Request finished HTTP/1.1 GET http://localhost:5017/lib/jquery-validation-unobtrusive/jquery.validate.unobtrusive.min.js - 404 0 null 1.1456ms
2024-11-04 12:23:27.184 +01:00 [INF] Request reached the end of the middleware pipeline without being handled by application code. Request path: GET http://localhost:5017/lib/jquery-validation-unobtrusive/jquery.validate.unobtrusive.min.js, Response status code: 404
2024-11-04 12:23:28.871 +01:00 [INF] Request starting HTTP/1.1 GET http://localhost:5017/ - null null
2024-11-04 12:23:28.871 +01:00 [INF] Executing endpoint 'MyShop.Controllers.HomeController.Index (MyShop)'
2024-11-04 12:23:28.871 +01:00 [INF] Route matched with {action = "Index", controller = "Home", page = "", area = ""}. Executing controller action with signature Microsoft.AspNetCore.Mvc.IActionResult Index() on controller MyShop.Controllers.HomeController (MyShop).
2024-11-04 12:23:28.872 +01:00 [INF] Executing ViewResult, running view Index.
2024-11-04 12:23:28.879 +01:00 [INF] Executed ViewResult - view Index executed in 6.9242ms.
2024-11-04 12:23:28.879 +01:00 [INF] Executed action MyShop.Controllers.HomeController.Index (MyShop) in 7.3516ms
2024-11-04 12:23:28.879 +01:00 [INF] Executed endpoint 'MyShop.Controllers.HomeController.Index (MyShop)'
2024-11-04 12:23:28.879 +01:00 [INF] Request finished HTTP/1.1 GET http://localhost:5017/ - 200 null text/html; charset=utf-8 8.3929ms
2024-11-04 12:23:30.636 +01:00 [INF] Request starting HTTP/1.1 GET http://localhost:5017/ - null null
2024-11-04 12:23:30.636 +01:00 [INF] Executing endpoint 'MyShop.Controllers.HomeController.Index (MyShop)'
2024-11-04 12:23:30.637 +01:00 [INF] Route matched with {action = "Index", controller = "Home", page = "", area = ""}. Executing controller action with signature Microsoft.AspNetCore.Mvc.IActionResult Index() on controller MyShop.Controllers.HomeController (MyShop).
2024-11-04 12:23:30.637 +01:00 [INF] Executing ViewResult, running view Index.
2024-11-04 12:23:30.638 +01:00 [INF] Executed ViewResult - view Index executed in 1.1828ms.
2024-11-04 12:23:30.638 +01:00 [INF] Executed action MyShop.Controllers.HomeController.Index (MyShop) in 1.3266ms
2024-11-04 12:23:30.638 +01:00 [INF] Executed endpoint 'MyShop.Controllers.HomeController.Index (MyShop)'
2024-11-04 12:23:30.638 +01:00 [INF] Request finished HTTP/1.1 GET http://localhost:5017/ - 200 null text/html; charset=utf-8 1.9514ms
2024-11-04 12:23:31.792 +01:00 [INF] Request starting HTTP/1.1 GET http://localhost:5017/Item/Grid - null null
2024-11-04 12:23:31.793 +01:00 [INF] Executing endpoint 'MyShop.Controllers.ItemController.Grid (MyShop)'
2024-11-04 12:23:31.796 +01:00 [INF] Route matched with {action = "Grid", controller = "Item", page = "", area = ""}. Executing controller action with signature System.Threading.Tasks.Task`1[Microsoft.AspNetCore.Mvc.IActionResult] Grid() on controller MyShop.Controllers.ItemController (MyShop).
2024-11-04 12:23:31.899 +01:00 [INF] Executing ViewResult, running view Grid.
2024-11-04 12:23:31.902 +01:00 [INF] Executed ViewResult - view Grid executed in 3.2318ms.
2024-11-04 12:23:31.902 +01:00 [INF] Executed action MyShop.Controllers.ItemController.Grid (MyShop) in 105.2387ms
2024-11-04 12:23:31.902 +01:00 [INF] Executed endpoint 'MyShop.Controllers.ItemController.Grid (MyShop)'
2024-11-04 12:23:31.905 +01:00 [INF] Request finished HTTP/1.1 GET http://localhost:5017/Item/Grid - 200 null text/html; charset=utf-8 112.5239ms
2024-11-04 12:23:33.037 +01:00 [INF] Request starting HTTP/1.1 GET http://localhost:5017/Customer/Table - null null
2024-11-04 12:23:33.038 +01:00 [INF] Executing endpoint 'MyShop.Controllers.CustomerController.Table (MyShop)'
2024-11-04 12:23:33.040 +01:00 [INF] Route matched with {action = "Table", controller = "Customer", page = "", area = ""}. Executing controller action with signature System.Threading.Tasks.Task`1[Microsoft.AspNetCore.Mvc.IActionResult] Table() on controller MyShop.Controllers.CustomerController (MyShop).
2024-11-04 12:23:33.087 +01:00 [INF] Executing ViewResult, running view Table.
2024-11-04 12:23:33.141 +01:00 [INF] Executed ViewResult - view Table executed in 54.6962ms.
2024-11-04 12:23:33.141 +01:00 [INF] Executed action MyShop.Controllers.CustomerController.Table (MyShop) in 100.3781ms
2024-11-04 12:23:33.141 +01:00 [INF] Executed endpoint 'MyShop.Controllers.CustomerController.Table (MyShop)'
2024-11-04 12:23:33.141 +01:00 [INF] Request finished HTTP/1.1 GET http://localhost:5017/Customer/Table - 200 null text/html; charset=utf-8 103.9574ms
2024-11-04 12:23:34.368 +01:00 [INF] Request starting HTTP/1.1 GET http://localhost:5017/ - null null
2024-11-04 12:23:34.368 +01:00 [INF] Executing endpoint 'MyShop.Controllers.HomeController.Index (MyShop)'
2024-11-04 12:23:34.368 +01:00 [INF] Route matched with {action = "Index", controller = "Home", page = "", area = ""}. Executing controller action with signature Microsoft.AspNetCore.Mvc.IActionResult Index() on controller MyShop.Controllers.HomeController (MyShop).
2024-11-04 12:23:34.369 +01:00 [INF] Executing ViewResult, running view Index.
2024-11-04 12:23:34.369 +01:00 [INF] Executed ViewResult - view Index executed in 0.9039ms.
2024-11-04 12:23:34.370 +01:00 [INF] Executed action MyShop.Controllers.HomeController.Index (MyShop) in 1.3362ms
2024-11-04 12:23:34.370 +01:00 [INF] Executed endpoint 'MyShop.Controllers.HomeController.Index (MyShop)'
2024-11-04 12:23:34.370 +01:00 [INF] Request finished HTTP/1.1 GET http://localhost:5017/ - 200 null text/html; charset=utf-8 1.9457ms
2024-11-04 12:26:17.743 +01:00 [INF] Application is shutting down...
