2024-10-10 16:08:44.752 +02:00 [INF] User profile is available. Using 'C:\Users\jovan\AppData\Local\ASP.NET\DataProtection-Keys' as key repository and Windows DPAPI to encrypt keys at rest.
2024-10-10 16:08:44.787 +02:00 [INF] Now listening on: http://localhost:5017
2024-10-10 16:08:44.789 +02:00 [INF] Application started. Press Ctrl+C to shut down.
2024-10-10 16:08:44.789 +02:00 [INF] Hosting environment: Development
2024-10-10 16:08:44.789 +02:00 [INF] Content root path: C:\TestMappe\ITPE3200_Exam_project
2024-10-10 16:08:47.823 +02:00 [INF] Request starting HTTP/1.1 GET http://localhost:5017/ - null null
2024-10-10 16:08:47.839 +02:00 [INF] Executing endpoint 'MyShop.Controllers.HomeController.Index (MyShop)'
2024-10-10 16:08:47.844 +02:00 [INF] Route matched with {action = "Index", controller = "Home"}. Executing controller action with signature Microsoft.AspNetCore.Mvc.IActionResult Index() on controller MyShop.Controllers.HomeController (MyShop).
2024-10-10 16:08:47.852 +02:00 [INF] Executing ViewResult, running view Index.
2024-10-10 16:08:47.889 +02:00 [INF] Executed ViewResult - view Index executed in 36.8184ms.
2024-10-10 16:08:47.890 +02:00 [INF] Executed action MyShop.Controllers.HomeController.Index (MyShop) in 46.1479ms
2024-10-10 16:08:47.891 +02:00 [INF] Executed endpoint 'MyShop.Controllers.HomeController.Index (MyShop)'
2024-10-10 16:08:47.893 +02:00 [INF] Request finished HTTP/1.1 GET http://localhost:5017/ - 200 null text/html; charset=utf-8 70.1458ms
2024-10-10 16:08:47.906 +02:00 [INF] Request starting HTTP/1.1 GET http://localhost:5017/images/pizza.jpg - null null
2024-10-10 16:08:47.907 +02:00 [INF] Request starting HTTP/1.1 GET http://localhost:5017/images/fishandchips.jpg - null null
2024-10-10 16:08:47.909 +02:00 [INF] Request finished HTTP/1.1 GET http://localhost:5017/images/fishandchips.jpg - 404 0 null 1.8697ms
2024-10-10 16:08:47.909 +02:00 [INF] Request finished HTTP/1.1 GET http://localhost:5017/images/pizza.jpg - 404 0 null 2.2549ms
2024-10-10 16:08:47.910 +02:00 [INF] Request reached the end of the middleware pipeline without being handled by application code. Request path: GET http://localhost:5017/images/pizza.jpg, Response status code: 404
2024-10-10 16:08:47.910 +02:00 [INF] Request reached the end of the middleware pipeline without being handled by application code. Request path: GET http://localhost:5017/images/fishandchips.jpg, Response status code: 404
2024-10-10 16:08:47.968 +02:00 [INF] Request starting HTTP/1.1 GET http://localhost:5017/images/tacos.jpg - null null
2024-10-10 16:08:47.970 +02:00 [INF] Request finished HTTP/1.1 GET http://localhost:5017/images/tacos.jpg - 404 0 null 1.5339ms
2024-10-10 16:08:47.970 +02:00 [INF] Request reached the end of the middleware pipeline without being handled by application code. Request path: GET http://localhost:5017/images/tacos.jpg, Response status code: 404
2024-10-10 16:08:49.124 +02:00 [INF] Request starting HTTP/1.1 GET http://localhost:5017/Item/Table - null null
2024-10-10 16:08:49.124 +02:00 [INF] Executing endpoint 'MyShop.Controllers.ItemController.Table (MyShop)'
2024-10-10 16:08:49.130 +02:00 [INF] Route matched with {action = "Table", controller = "Item"}. Executing controller action with signature System.Threading.Tasks.Task`1[Microsoft.AspNetCore.Mvc.IActionResult] Table() on controller MyShop.Controllers.ItemController (MyShop).
2024-10-10 16:08:49.206 +02:00 [INF] Executing ViewResult, running view Table.
2024-10-10 16:08:49.217 +02:00 [INF] Executed ViewResult - view Table executed in 11.1901ms.
2024-10-10 16:08:49.217 +02:00 [INF] Executed action MyShop.Controllers.ItemController.Table (MyShop) in 87.0733ms
2024-10-10 16:08:49.217 +02:00 [INF] Executed endpoint 'MyShop.Controllers.ItemController.Table (MyShop)'
2024-10-10 16:08:49.220 +02:00 [INF] Request finished HTTP/1.1 GET http://localhost:5017/Item/Table - 200 null text/html; charset=utf-8 96.4848ms
2024-10-10 16:08:50.585 +02:00 [INF] Request starting HTTP/1.1 GET http://localhost:5017/Item/Grid - null null
2024-10-10 16:08:50.586 +02:00 [INF] Executing endpoint 'MyShop.Controllers.ItemController.Grid (MyShop)'
2024-10-10 16:08:50.590 +02:00 [INF] Route matched with {action = "Grid", controller = "Item"}. Executing controller action with signature System.Threading.Tasks.Task`1[Microsoft.AspNetCore.Mvc.IActionResult] Grid() on controller MyShop.Controllers.ItemController (MyShop).
2024-10-10 16:08:50.624 +02:00 [INF] Executing ViewResult, running view Grid.
2024-10-10 16:08:50.627 +02:00 [INF] Executed ViewResult - view Grid executed in 3.6465ms.
2024-10-10 16:08:50.627 +02:00 [INF] Executed action MyShop.Controllers.ItemController.Grid (MyShop) in 36.2368ms
2024-10-10 16:08:50.627 +02:00 [INF] Executed endpoint 'MyShop.Controllers.ItemController.Grid (MyShop)'
2024-10-10 16:08:50.627 +02:00 [INF] Request finished HTTP/1.1 GET http://localhost:5017/Item/Grid - 200 null text/html; charset=utf-8 42.3654ms
2024-10-10 16:08:58.071 +02:00 [INF] Request starting HTTP/1.1 GET http://localhost:5017/Item/Table - null null
2024-10-10 16:08:58.071 +02:00 [INF] Executing endpoint 'MyShop.Controllers.ItemController.Table (MyShop)'
2024-10-10 16:08:58.072 +02:00 [INF] Route matched with {action = "Table", controller = "Item"}. Executing controller action with signature System.Threading.Tasks.Task`1[Microsoft.AspNetCore.Mvc.IActionResult] Table() on controller MyShop.Controllers.ItemController (MyShop).
2024-10-10 16:08:58.078 +02:00 [INF] Executing ViewResult, running view Table.
2024-10-10 16:08:58.080 +02:00 [INF] Executed ViewResult - view Table executed in 2.093ms.
2024-10-10 16:08:58.080 +02:00 [INF] Executed action MyShop.Controllers.ItemController.Table (MyShop) in 8.3688ms
2024-10-10 16:08:58.080 +02:00 [INF] Executed endpoint 'MyShop.Controllers.ItemController.Table (MyShop)'
2024-10-10 16:08:58.080 +02:00 [INF] Request finished HTTP/1.1 GET http://localhost:5017/Item/Table - 200 null text/html; charset=utf-8 9.1006ms
2024-10-10 16:09:20.146 +02:00 [INF] Request starting HTTP/1.1 GET http://localhost:5017/ - null null
2024-10-10 16:09:20.146 +02:00 [INF] Executing endpoint 'MyShop.Controllers.HomeController.Index (MyShop)'
2024-10-10 16:09:20.146 +02:00 [INF] Route matched with {action = "Index", controller = "Home"}. Executing controller action with signature Microsoft.AspNetCore.Mvc.IActionResult Index() on controller MyShop.Controllers.HomeController (MyShop).
2024-10-10 16:09:20.147 +02:00 [INF] Executing ViewResult, running view Index.
2024-10-10 16:09:20.148 +02:00 [INF] Executed ViewResult - view Index executed in 1.1684ms.
2024-10-10 16:09:20.148 +02:00 [INF] Executed action MyShop.Controllers.HomeController.Index (MyShop) in 1.3459ms
2024-10-10 16:09:20.148 +02:00 [INF] Executed endpoint 'MyShop.Controllers.HomeController.Index (MyShop)'
2024-10-10 16:09:20.148 +02:00 [INF] Request finished HTTP/1.1 GET http://localhost:5017/ - 200 null text/html; charset=utf-8 1.8669ms
2024-10-10 16:09:20.167 +02:00 [INF] Request starting HTTP/1.1 GET http://localhost:5017/images/pizza.jpg - null null
2024-10-10 16:09:20.168 +02:00 [INF] Request starting HTTP/1.1 GET http://localhost:5017/images/fishandchips.jpg - null null
2024-10-10 16:09:20.168 +02:00 [INF] Request finished HTTP/1.1 GET http://localhost:5017/images/fishandchips.jpg - 404 0 null 0.3451ms
2024-10-10 16:09:20.168 +02:00 [INF] Request finished HTTP/1.1 GET http://localhost:5017/images/pizza.jpg - 404 0 null 0.5112ms
2024-10-10 16:09:20.168 +02:00 [INF] Request reached the end of the middleware pipeline without being handled by application code. Request path: GET http://localhost:5017/images/fishandchips.jpg, Response status code: 404
2024-10-10 16:09:20.168 +02:00 [INF] Request reached the end of the middleware pipeline without being handled by application code. Request path: GET http://localhost:5017/images/pizza.jpg, Response status code: 404
2024-10-10 16:09:20.179 +02:00 [INF] Request starting HTTP/1.1 GET http://localhost:5017/images/tacos.jpg - null null
2024-10-10 16:09:20.179 +02:00 [INF] Request finished HTTP/1.1 GET http://localhost:5017/images/tacos.jpg - 404 0 null 0.3867ms
2024-10-10 16:09:20.179 +02:00 [INF] Request reached the end of the middleware pipeline without being handled by application code. Request path: GET http://localhost:5017/images/tacos.jpg, Response status code: 404
2024-10-10 16:09:21.156 +02:00 [INF] Request starting HTTP/1.1 GET http://localhost:5017/Item/Table - null null
2024-10-10 16:09:21.156 +02:00 [INF] Executing endpoint 'MyShop.Controllers.ItemController.Table (MyShop)'
2024-10-10 16:09:21.156 +02:00 [INF] Route matched with {action = "Table", controller = "Item"}. Executing controller action with signature System.Threading.Tasks.Task`1[Microsoft.AspNetCore.Mvc.IActionResult] Table() on controller MyShop.Controllers.ItemController (MyShop).
2024-10-10 16:09:21.158 +02:00 [INF] Executing ViewResult, running view Table.
2024-10-10 16:09:21.159 +02:00 [INF] Executed ViewResult - view Table executed in 1.3861ms.
2024-10-10 16:09:21.159 +02:00 [INF] Executed action MyShop.Controllers.ItemController.Table (MyShop) in 3.2913ms
2024-10-10 16:09:21.159 +02:00 [INF] Executed endpoint 'MyShop.Controllers.ItemController.Table (MyShop)'
2024-10-10 16:09:21.160 +02:00 [INF] Request finished HTTP/1.1 GET http://localhost:5017/Item/Table - 200 null text/html; charset=utf-8 3.8567ms
2024-10-10 16:09:22.648 +02:00 [INF] Request starting HTTP/1.1 GET http://localhost:5017/Item/Grid - null null
2024-10-10 16:09:22.648 +02:00 [INF] Executing endpoint 'MyShop.Controllers.ItemController.Grid (MyShop)'
2024-10-10 16:09:22.648 +02:00 [INF] Route matched with {action = "Grid", controller = "Item"}. Executing controller action with signature System.Threading.Tasks.Task`1[Microsoft.AspNetCore.Mvc.IActionResult] Grid() on controller MyShop.Controllers.ItemController (MyShop).
2024-10-10 16:09:22.649 +02:00 [INF] Executing ViewResult, running view Grid.
2024-10-10 16:09:22.650 +02:00 [INF] Executed ViewResult - view Grid executed in 0.6177ms.
2024-10-10 16:09:22.650 +02:00 [INF] Executed action MyShop.Controllers.ItemController.Grid (MyShop) in 1.8929ms
2024-10-10 16:09:22.650 +02:00 [INF] Executed endpoint 'MyShop.Controllers.ItemController.Grid (MyShop)'
2024-10-10 16:09:22.650 +02:00 [INF] Request finished HTTP/1.1 GET http://localhost:5017/Item/Grid - 200 null text/html; charset=utf-8 2.3414ms
