2024-10-08 11:15:17.830 +02:00 [INF] User profile is available. Using 'C:\Users\Hadle\AppData\Local\ASP.NET\DataProtection-Keys' as key repository and Windows DPAPI to encrypt keys at rest.
2024-10-08 11:15:17.883 +02:00 [INF] Now listening on: http://localhost:5017
2024-10-08 11:15:17.886 +02:00 [INF] Application started. Press Ctrl+C to shut down.
2024-10-08 11:15:17.886 +02:00 [INF] Hosting environment: Development
2024-10-08 11:15:17.886 +02:00 [INF] Content root path: C:\Users\Hadle\Downloads\ITPE3200-24H-main\ITPE3200-24H-main\4-Errorhandling-Logging_Inputvalidation\Demo-Inputvalidation\MyShop
2024-10-08 11:15:19.706 +02:00 [INF] Request starting HTTP/1.1 GET http://localhost:5017/ - null null
2024-10-08 11:15:19.730 +02:00 [INF] Executing endpoint 'MyShop.Controllers.HomeController.Index (MyShop)'
2024-10-08 11:15:19.738 +02:00 [INF] Route matched with {action = "Index", controller = "Home"}. Executing controller action with signature Microsoft.AspNetCore.Mvc.IActionResult Index() on controller MyShop.Controllers.HomeController (MyShop).
2024-10-08 11:15:19.750 +02:00 [INF] Executing ViewResult, running view Index.
2024-10-08 11:15:19.808 +02:00 [INF] Executed ViewResult - view Index executed in 58.7372ms.
2024-10-08 11:15:19.810 +02:00 [INF] Executed action MyShop.Controllers.HomeController.Index (MyShop) in 71.6617ms
2024-10-08 11:15:19.810 +02:00 [INF] Executed endpoint 'MyShop.Controllers.HomeController.Index (MyShop)'
2024-10-08 11:15:19.812 +02:00 [INF] Request finished HTTP/1.1 GET http://localhost:5017/ - 200 null text/html; charset=utf-8 107.6532ms
2024-10-08 11:15:19.826 +02:00 [INF] Request starting HTTP/1.1 GET http://localhost:5017/js/bootstrap.js - null null
2024-10-08 11:15:19.826 +02:00 [INF] Request starting HTTP/1.1 GET http://localhost:5017/js/jquery.min.js - null null
2024-10-08 11:15:19.829 +02:00 [INF] Request starting HTTP/1.1 GET http://localhost:5017/js/jquery.validate.unobtrusive.js - null null
2024-10-08 11:15:19.829 +02:00 [INF] Request starting HTTP/1.1 GET http://localhost:5017/images/pizza.jpg - null null
2024-10-08 11:15:19.830 +02:00 [INF] Request starting HTTP/1.1 GET http://localhost:5017/js/jquery.validate.js - null null
2024-10-08 11:15:19.830 +02:00 [INF] Request starting HTTP/1.1 GET http://localhost:5017/images/fishandchips.jpg - null null
2024-10-08 11:15:19.850 +02:00 [INF] Sending file. Request path: '/js/jquery.min.js'. Physical path: 'C:\Users\Hadle\Downloads\ITPE3200-24H-main\ITPE3200-24H-main\4-Errorhandling-Logging_Inputvalidation\Demo-Inputvalidation\MyShop\wwwroot\js\jquery.min.js'
2024-10-08 11:15:19.850 +02:00 [INF] Sending file. Request path: '/js/bootstrap.js'. Physical path: 'C:\Users\Hadle\Downloads\ITPE3200-24H-main\ITPE3200-24H-main\4-Errorhandling-Logging_Inputvalidation\Demo-Inputvalidation\MyShop\wwwroot\js\bootstrap.js'
2024-10-08 11:15:19.850 +02:00 [INF] Sending file. Request path: '/images/fishandchips.jpg'. Physical path: 'C:\Users\Hadle\Downloads\ITPE3200-24H-main\ITPE3200-24H-main\4-Errorhandling-Logging_Inputvalidation\Demo-Inputvalidation\MyShop\wwwroot\images\fishandchips.jpg'
2024-10-08 11:15:19.850 +02:00 [INF] Sending file. Request path: '/js/jquery.validate.unobtrusive.js'. Physical path: 'C:\Users\Hadle\Downloads\ITPE3200-24H-main\ITPE3200-24H-main\4-Errorhandling-Logging_Inputvalidation\Demo-Inputvalidation\MyShop\wwwroot\js\jquery.validate.unobtrusive.js'
2024-10-08 11:15:19.850 +02:00 [INF] Sending file. Request path: '/js/jquery.validate.js'. Physical path: 'C:\Users\Hadle\Downloads\ITPE3200-24H-main\ITPE3200-24H-main\4-Errorhandling-Logging_Inputvalidation\Demo-Inputvalidation\MyShop\wwwroot\js\jquery.validate.js'
2024-10-08 11:15:19.851 +02:00 [INF] Sending file. Request path: '/images/pizza.jpg'. Physical path: 'C:\Users\Hadle\Downloads\ITPE3200-24H-main\ITPE3200-24H-main\4-Errorhandling-Logging_Inputvalidation\Demo-Inputvalidation\MyShop\wwwroot\images\pizza.jpg'
2024-10-08 11:15:19.852 +02:00 [INF] Request finished HTTP/1.1 GET http://localhost:5017/images/fishandchips.jpg - 200 100023 image/jpeg 21.5409ms
2024-10-08 11:15:19.852 +02:00 [INF] Request finished HTTP/1.1 GET http://localhost:5017/images/pizza.jpg - 200 127421 image/jpeg 22.4797ms
2024-10-08 11:15:19.852 +02:00 [INF] Request finished HTTP/1.1 GET http://localhost:5017/js/jquery.validate.js - 200 52536 text/javascript 22.0061ms
2024-10-08 11:15:19.852 +02:00 [INF] Request finished HTTP/1.1 GET http://localhost:5017/js/jquery.min.js - 200 87533 text/javascript 25.5374ms
2024-10-08 11:15:19.852 +02:00 [INF] Request finished HTTP/1.1 GET http://localhost:5017/js/jquery.validate.unobtrusive.js - 200 19820 text/javascript 23.1145ms
2024-10-08 11:15:19.852 +02:00 [INF] Request finished HTTP/1.1 GET http://localhost:5017/js/bootstrap.js - 200 145401 text/javascript 25.9488ms
2024-10-08 11:15:19.858 +02:00 [INF] Request starting HTTP/1.1 GET http://localhost:5017/images/tacos.jpg - null null
2024-10-08 11:15:19.870 +02:00 [INF] Sending file. Request path: '/images/tacos.jpg'. Physical path: 'C:\Users\Hadle\Downloads\ITPE3200-24H-main\ITPE3200-24H-main\4-Errorhandling-Logging_Inputvalidation\Demo-Inputvalidation\MyShop\wwwroot\images\tacos.jpg'
2024-10-08 11:15:19.870 +02:00 [INF] Request finished HTTP/1.1 GET http://localhost:5017/images/tacos.jpg - 200 118763 image/jpeg 12.2682ms
2024-10-08 11:15:20.926 +02:00 [INF] Request starting HTTP/1.1 GET http://localhost:5017/Order/Table - null null
2024-10-08 11:15:20.926 +02:00 [INF] Executing endpoint 'MyShop.Controllers.OrderController.Table (MyShop)'
2024-10-08 11:15:20.930 +02:00 [INF] Route matched with {action = "Table", controller = "Order"}. Executing controller action with signature System.Threading.Tasks.Task`1[Microsoft.AspNetCore.Mvc.IActionResult] Table() on controller MyShop.Controllers.OrderController (MyShop).
2024-10-08 11:15:20.992 +02:00 [INF] Executing ViewResult, running view Table.
2024-10-08 11:15:21.053 +02:00 [INF] Executed ViewResult - view Table executed in 62.3519ms.
2024-10-08 11:15:21.054 +02:00 [INF] Executed action MyShop.Controllers.OrderController.Table (MyShop) in 123.2463ms
2024-10-08 11:15:21.054 +02:00 [INF] Executed endpoint 'MyShop.Controllers.OrderController.Table (MyShop)'
2024-10-08 11:15:21.058 +02:00 [INF] Request finished HTTP/1.1 GET http://localhost:5017/Order/Table - 200 null text/html; charset=utf-8 131.9482ms
2024-10-08 11:18:22.095 +02:00 [INF] Request starting HTTP/1.1 GET http://localhost:5017/ - null null
2024-10-08 11:18:22.095 +02:00 [INF] Executing endpoint 'MyShop.Controllers.HomeController.Index (MyShop)'
2024-10-08 11:18:22.095 +02:00 [INF] Route matched with {action = "Index", controller = "Home"}. Executing controller action with signature Microsoft.AspNetCore.Mvc.IActionResult Index() on controller MyShop.Controllers.HomeController (MyShop).
2024-10-08 11:18:22.096 +02:00 [INF] Executing ViewResult, running view Index.
2024-10-08 11:18:22.097 +02:00 [INF] Executed ViewResult - view Index executed in 1.2279ms.
2024-10-08 11:18:22.097 +02:00 [INF] Executed action MyShop.Controllers.HomeController.Index (MyShop) in 1.4455ms
2024-10-08 11:18:22.097 +02:00 [INF] Executed endpoint 'MyShop.Controllers.HomeController.Index (MyShop)'
2024-10-08 11:18:22.097 +02:00 [INF] Request finished HTTP/1.1 GET http://localhost:5017/ - 200 null text/html; charset=utf-8 2.1411ms
2024-10-08 11:18:22.128 +02:00 [INF] Request starting HTTP/1.1 GET http://localhost:5017/js/bootstrap.js - null null
2024-10-08 11:18:22.129 +02:00 [INF] The file /js/bootstrap.js was not modified
2024-10-08 11:18:22.129 +02:00 [INF] Request starting HTTP/1.1 GET http://localhost:5017/js/jquery.min.js - null null
2024-10-08 11:18:22.129 +02:00 [INF] Request starting HTTP/1.1 GET http://localhost:5017/js/jquery.validate.js - null null
2024-10-08 11:18:22.129 +02:00 [INF] Request finished HTTP/1.1 GET http://localhost:5017/js/bootstrap.js - 304 null text/javascript 1.195ms
2024-10-08 11:18:22.130 +02:00 [INF] The file /js/jquery.validate.js was not modified
2024-10-08 11:18:22.130 +02:00 [INF] The file /js/jquery.min.js was not modified
2024-10-08 11:18:22.130 +02:00 [INF] Request finished HTTP/1.1 GET http://localhost:5017/js/jquery.validate.js - 304 null text/javascript 0.468ms
2024-10-08 11:18:22.130 +02:00 [INF] Request finished HTTP/1.1 GET http://localhost:5017/js/jquery.min.js - 304 null text/javascript 0.9658ms
2024-10-08 11:18:22.131 +02:00 [INF] Request starting HTTP/1.1 GET http://localhost:5017/js/jquery.validate.unobtrusive.js - null null
2024-10-08 11:18:22.131 +02:00 [INF] Request starting HTTP/1.1 GET http://localhost:5017/images/fishandchips.jpg - null null
2024-10-08 11:18:22.131 +02:00 [INF] Request starting HTTP/1.1 GET http://localhost:5017/images/pizza.jpg - null null
2024-10-08 11:18:22.131 +02:00 [INF] The file /js/jquery.validate.unobtrusive.js was not modified
2024-10-08 11:18:22.131 +02:00 [INF] The file /images/pizza.jpg was not modified
2024-10-08 11:18:22.131 +02:00 [INF] The file /images/fishandchips.jpg was not modified
2024-10-08 11:18:22.131 +02:00 [INF] Request finished HTTP/1.1 GET http://localhost:5017/js/jquery.validate.unobtrusive.js - 304 null text/javascript 0.3788ms
2024-10-08 11:18:22.132 +02:00 [INF] Request finished HTTP/1.1 GET http://localhost:5017/images/pizza.jpg - 304 null image/jpeg 0.3096ms
2024-10-08 11:18:22.132 +02:00 [INF] Request finished HTTP/1.1 GET http://localhost:5017/images/fishandchips.jpg - 304 null image/jpeg 0.3102ms
2024-10-08 11:18:22.139 +02:00 [INF] Request starting HTTP/1.1 GET http://localhost:5017/images/tacos.jpg - null null
2024-10-08 11:18:22.139 +02:00 [INF] The file /images/tacos.jpg was not modified
2024-10-08 11:18:22.139 +02:00 [INF] Request finished HTTP/1.1 GET http://localhost:5017/images/tacos.jpg - 304 null image/jpeg 0.674ms
2024-10-08 11:19:58.457 +02:00 [INF] Request starting HTTP/1.1 GET http://localhost:5017/Item/Table - null null
2024-10-08 11:19:58.457 +02:00 [INF] Executing endpoint 'MyShop.Controllers.ItemController.Table (MyShop)'
2024-10-08 11:19:58.461 +02:00 [INF] Route matched with {action = "Table", controller = "Item"}. Executing controller action with signature System.Threading.Tasks.Task`1[Microsoft.AspNetCore.Mvc.IActionResult] Table() on controller MyShop.Controllers.ItemController (MyShop).
2024-10-08 11:19:58.509 +02:00 [INF] Executing ViewResult, running view Table.
2024-10-08 11:19:58.521 +02:00 [INF] Executed ViewResult - view Table executed in 13.296ms.
2024-10-08 11:19:58.521 +02:00 [INF] Executed action MyShop.Controllers.ItemController.Table (MyShop) in 60.6897ms
2024-10-08 11:19:58.521 +02:00 [INF] Executed endpoint 'MyShop.Controllers.ItemController.Table (MyShop)'
2024-10-08 11:19:58.522 +02:00 [INF] Request finished HTTP/1.1 GET http://localhost:5017/Item/Table - 200 null text/html; charset=utf-8 64.7516ms
2024-10-08 11:19:58.557 +02:00 [INF] Request starting HTTP/1.1 GET http://localhost:5017/js/bootstrap.js - null null
2024-10-08 11:19:58.558 +02:00 [INF] The file /js/bootstrap.js was not modified
2024-10-08 11:19:58.558 +02:00 [INF] Request finished HTTP/1.1 GET http://localhost:5017/js/bootstrap.js - 304 null text/javascript 0.565ms
2024-10-08 11:19:58.559 +02:00 [INF] Request starting HTTP/1.1 GET http://localhost:5017/js/jquery.min.js - null null
2024-10-08 11:19:58.559 +02:00 [INF] Request starting HTTP/1.1 GET http://localhost:5017/js/jquery.validate.js - null null
2024-10-08 11:19:58.559 +02:00 [INF] The file /js/jquery.min.js was not modified
2024-10-08 11:19:58.559 +02:00 [INF] The file /js/jquery.validate.js was not modified
2024-10-08 11:19:58.560 +02:00 [INF] Request finished HTTP/1.1 GET http://localhost:5017/js/jquery.validate.js - 304 null text/javascript 0.8251ms
2024-10-08 11:19:58.560 +02:00 [INF] Request finished HTTP/1.1 GET http://localhost:5017/js/jquery.min.js - 304 null text/javascript 0.9165ms
2024-10-08 11:19:58.560 +02:00 [INF] Request starting HTTP/1.1 GET http://localhost:5017/js/jquery.validate.unobtrusive.js - null null
2024-10-08 11:19:58.560 +02:00 [INF] Request starting HTTP/1.1 GET http://localhost:5017/images/chickenleg.jpg - null null
2024-10-08 11:19:58.560 +02:00 [INF] Request starting HTTP/1.1 GET http://localhost:5017/images/pizza.jpg - null null
2024-10-08 11:19:58.560 +02:00 [INF] The file /js/jquery.validate.unobtrusive.js was not modified
2024-10-08 11:19:58.560 +02:00 [INF] The file /images/pizza.jpg was not modified
2024-10-08 11:19:58.560 +02:00 [INF] Request finished HTTP/1.1 GET http://localhost:5017/js/jquery.validate.unobtrusive.js - 304 null text/javascript 0.3013ms
2024-10-08 11:19:58.560 +02:00 [INF] Request finished HTTP/1.1 GET http://localhost:5017/images/pizza.jpg - 304 null image/jpeg 0.3129ms
2024-10-08 11:19:58.566 +02:00 [INF] Request starting HTTP/1.1 GET http://localhost:5017/images/frenchfries.jpg - null null
2024-10-08 11:19:58.570 +02:00 [INF] Sending file. Request path: '/images/chickenleg.jpg'. Physical path: 'C:\Users\Hadle\Downloads\ITPE3200-24H-main\ITPE3200-24H-main\4-Errorhandling-Logging_Inputvalidation\Demo-Inputvalidation\MyShop\wwwroot\images\chickenleg.jpg'
2024-10-08 11:19:58.570 +02:00 [INF] Request finished HTTP/1.1 GET http://localhost:5017/images/chickenleg.jpg - 200 63434 image/jpeg 10.3834ms
2024-10-08 11:19:58.576 +02:00 [INF] Sending file. Request path: '/images/frenchfries.jpg'. Physical path: 'C:\Users\Hadle\Downloads\ITPE3200-24H-main\ITPE3200-24H-main\4-Errorhandling-Logging_Inputvalidation\Demo-Inputvalidation\MyShop\wwwroot\images\frenchfries.jpg'
2024-10-08 11:19:58.576 +02:00 [INF] Request finished HTTP/1.1 GET http://localhost:5017/images/frenchfries.jpg - 200 52799 image/jpeg 10.2931ms
2024-10-08 11:19:58.577 +02:00 [INF] Request starting HTTP/1.1 GET http://localhost:5017/images/ribs.jpg - null null
2024-10-08 11:19:58.578 +02:00 [INF] Request starting HTTP/1.1 GET http://localhost:5017/images/tacos.jpg - null null
2024-10-08 11:19:58.578 +02:00 [INF] Request starting HTTP/1.1 GET http://localhost:5017/images/fishandchips.jpg - null null
2024-10-08 11:19:58.578 +02:00 [INF] The file /images/tacos.jpg was not modified
2024-10-08 11:19:58.578 +02:00 [INF] Request finished HTTP/1.1 GET http://localhost:5017/images/tacos.jpg - 304 null image/jpeg 0.3014ms
2024-10-08 11:19:58.578 +02:00 [INF] The file /images/fishandchips.jpg was not modified
2024-10-08 11:19:58.578 +02:00 [INF] Request finished HTTP/1.1 GET http://localhost:5017/images/fishandchips.jpg - 304 null image/jpeg 0.3568ms
2024-10-08 11:19:58.579 +02:00 [INF] Request starting HTTP/1.1 GET http://localhost:5017/images/cider.jpg - null null
2024-10-08 11:19:58.579 +02:00 [INF] Request starting HTTP/1.1 GET http://localhost:5017/images/coke.jpg - null null
2024-10-08 11:19:58.588 +02:00 [INF] Sending file. Request path: '/images/coke.jpg'. Physical path: 'C:\Users\Hadle\Downloads\ITPE3200-24H-main\ITPE3200-24H-main\4-Errorhandling-Logging_Inputvalidation\Demo-Inputvalidation\MyShop\wwwroot\images\coke.jpg'
2024-10-08 11:19:58.588 +02:00 [INF] Sending file. Request path: '/images/cider.jpg'. Physical path: 'C:\Users\Hadle\Downloads\ITPE3200-24H-main\ITPE3200-24H-main\4-Errorhandling-Logging_Inputvalidation\Demo-Inputvalidation\MyShop\wwwroot\images\cider.jpg'
2024-10-08 11:19:58.588 +02:00 [INF] Request finished HTTP/1.1 GET http://localhost:5017/images/coke.jpg - 200 40331 image/jpeg 9.6268ms
2024-10-08 11:19:58.588 +02:00 [INF] Request finished HTTP/1.1 GET http://localhost:5017/images/cider.jpg - 200 28236 image/jpeg 9.6696ms
2024-10-08 11:19:58.590 +02:00 [INF] Sending file. Request path: '/images/ribs.jpg'. Physical path: 'C:\Users\Hadle\Downloads\ITPE3200-24H-main\ITPE3200-24H-main\4-Errorhandling-Logging_Inputvalidation\Demo-Inputvalidation\MyShop\wwwroot\images\ribs.jpg'
2024-10-08 11:19:58.590 +02:00 [INF] Request finished HTTP/1.1 GET http://localhost:5017/images/ribs.jpg - 200 141554 image/jpeg 12.3347ms
2024-10-08 11:21:28.182 +02:00 [INF] Request starting HTTP/1.1 GET http://localhost:5017/Item/Grid - null null
2024-10-08 11:21:28.183 +02:00 [INF] Executing endpoint 'MyShop.Controllers.ItemController.Grid (MyShop)'
2024-10-08 11:21:28.187 +02:00 [INF] Route matched with {action = "Grid", controller = "Item"}. Executing controller action with signature System.Threading.Tasks.Task`1[Microsoft.AspNetCore.Mvc.IActionResult] Grid() on controller MyShop.Controllers.ItemController (MyShop).
2024-10-08 11:21:28.192 +02:00 [INF] Executing ViewResult, running view Grid.
2024-10-08 11:21:28.201 +02:00 [INF] Executed ViewResult - view Grid executed in 10.8811ms.
2024-10-08 11:21:28.202 +02:00 [INF] Executed action MyShop.Controllers.ItemController.Grid (MyShop) in 14.9228ms
2024-10-08 11:21:28.202 +02:00 [INF] Executed endpoint 'MyShop.Controllers.ItemController.Grid (MyShop)'
2024-10-08 11:21:28.202 +02:00 [INF] Request finished HTTP/1.1 GET http://localhost:5017/Item/Grid - 200 null text/html; charset=utf-8 19.9536ms
2024-10-08 11:21:28.228 +02:00 [INF] Request starting HTTP/1.1 GET http://localhost:5017/js/bootstrap.js - null null
2024-10-08 11:21:28.229 +02:00 [INF] The file /js/bootstrap.js was not modified
2024-10-08 11:21:28.229 +02:00 [INF] Request finished HTTP/1.1 GET http://localhost:5017/js/bootstrap.js - 304 null text/javascript 1.2025ms
2024-10-08 11:21:28.229 +02:00 [INF] Request starting HTTP/1.1 GET http://localhost:5017/js/jquery.min.js - null null
2024-10-08 11:21:28.230 +02:00 [INF] The file /js/jquery.min.js was not modified
2024-10-08 11:21:28.230 +02:00 [INF] Request starting HTTP/1.1 GET http://localhost:5017/js/jquery.validate.js - null null
2024-10-08 11:21:28.230 +02:00 [INF] Request finished HTTP/1.1 GET http://localhost:5017/js/jquery.min.js - 304 null text/javascript 0.414ms
2024-10-08 11:21:28.230 +02:00 [INF] Request starting HTTP/1.1 GET http://localhost:5017/images/pizza.jpg - null null
2024-10-08 11:21:28.230 +02:00 [INF] The file /js/jquery.validate.js was not modified
2024-10-08 11:21:28.230 +02:00 [INF] Request finished HTTP/1.1 GET http://localhost:5017/js/jquery.validate.js - 304 null text/javascript 0.3559ms
2024-10-08 11:21:28.230 +02:00 [INF] The file /images/pizza.jpg was not modified
2024-10-08 11:21:28.230 +02:00 [INF] Request finished HTTP/1.1 GET http://localhost:5017/images/pizza.jpg - 304 null image/jpeg 0.2665ms
2024-10-08 11:21:28.230 +02:00 [INF] Request starting HTTP/1.1 GET http://localhost:5017/js/jquery.validate.unobtrusive.js - null null
2024-10-08 11:21:28.231 +02:00 [INF] The file /js/jquery.validate.unobtrusive.js was not modified
2024-10-08 11:21:28.231 +02:00 [INF] Request finished HTTP/1.1 GET http://localhost:5017/js/jquery.validate.unobtrusive.js - 304 null text/javascript 0.4419ms
2024-10-08 11:21:28.231 +02:00 [INF] Request starting HTTP/1.1 GET http://localhost:5017/images/chickenleg.jpg - null null
2024-10-08 11:21:28.232 +02:00 [INF] The file /images/chickenleg.jpg was not modified
2024-10-08 11:21:28.232 +02:00 [INF] Request finished HTTP/1.1 GET http://localhost:5017/images/chickenleg.jpg - 304 null image/jpeg 0.5448ms
2024-10-08 11:21:28.237 +02:00 [INF] Request starting HTTP/1.1 GET http://localhost:5017/images/frenchfries.jpg - null null
2024-10-08 11:21:28.237 +02:00 [INF] Request starting HTTP/1.1 GET http://localhost:5017/images/ribs.jpg - null null
2024-10-08 11:21:28.237 +02:00 [INF] The file /images/ribs.jpg was not modified
2024-10-08 11:21:28.237 +02:00 [INF] The file /images/frenchfries.jpg was not modified
2024-10-08 11:21:28.237 +02:00 [INF] Request finished HTTP/1.1 GET http://localhost:5017/images/frenchfries.jpg - 304 null image/jpeg 0.4039ms
2024-10-08 11:21:28.237 +02:00 [INF] Request finished HTTP/1.1 GET http://localhost:5017/images/ribs.jpg - 304 null image/jpeg 0.4039ms
2024-10-08 11:21:28.240 +02:00 [INF] Request starting HTTP/1.1 GET http://localhost:5017/images/tacos.jpg - null null
2024-10-08 11:21:28.241 +02:00 [INF] The file /images/tacos.jpg was not modified
2024-10-08 11:21:28.241 +02:00 [INF] Request finished HTTP/1.1 GET http://localhost:5017/images/tacos.jpg - 304 null image/jpeg 0.3161ms
2024-10-08 11:21:28.242 +02:00 [INF] Request starting HTTP/1.1 GET http://localhost:5017/images/fishandchips.jpg - null null
2024-10-08 11:21:28.242 +02:00 [INF] The file /images/fishandchips.jpg was not modified
2024-10-08 11:21:28.242 +02:00 [INF] Request finished HTTP/1.1 GET http://localhost:5017/images/fishandchips.jpg - 304 null image/jpeg 0.2627ms
2024-10-08 11:21:28.247 +02:00 [INF] Request starting HTTP/1.1 GET http://localhost:5017/images/cider.jpg - null null
2024-10-08 11:21:28.247 +02:00 [INF] Request starting HTTP/1.1 GET http://localhost:5017/images/coke.jpg - null null
2024-10-08 11:21:28.248 +02:00 [INF] The file /images/cider.jpg was not modified
2024-10-08 11:21:28.248 +02:00 [INF] The file /images/coke.jpg was not modified
2024-10-08 11:21:28.248 +02:00 [INF] Request finished HTTP/1.1 GET http://localhost:5017/images/cider.jpg - 304 null image/jpeg 0.4674ms
2024-10-08 11:21:28.248 +02:00 [INF] Request finished HTTP/1.1 GET http://localhost:5017/images/coke.jpg - 304 null image/jpeg 0.4222ms
2024-10-08 11:23:22.847 +02:00 [INF] Request starting HTTP/1.1 GET http://localhost:5017/Item/Table - null null
2024-10-08 11:23:22.847 +02:00 [INF] Executing endpoint 'MyShop.Controllers.ItemController.Table (MyShop)'
2024-10-08 11:23:22.847 +02:00 [INF] Route matched with {action = "Table", controller = "Item"}. Executing controller action with signature System.Threading.Tasks.Task`1[Microsoft.AspNetCore.Mvc.IActionResult] Table() on controller MyShop.Controllers.ItemController (MyShop).
2024-10-08 11:23:22.851 +02:00 [INF] Executing ViewResult, running view Table.
2024-10-08 11:23:22.853 +02:00 [INF] Executed ViewResult - view Table executed in 1.9111ms.
2024-10-08 11:23:22.853 +02:00 [INF] Executed action MyShop.Controllers.ItemController.Table (MyShop) in 5.8057ms
2024-10-08 11:23:22.853 +02:00 [INF] Executed endpoint 'MyShop.Controllers.ItemController.Table (MyShop)'
2024-10-08 11:23:22.853 +02:00 [INF] Request finished HTTP/1.1 GET http://localhost:5017/Item/Table - 200 null text/html; charset=utf-8 6.4441ms
2024-10-08 11:23:22.887 +02:00 [INF] Request starting HTTP/1.1 GET http://localhost:5017/js/bootstrap.js - null null
2024-10-08 11:23:22.887 +02:00 [INF] The file /js/bootstrap.js was not modified
2024-10-08 11:23:22.887 +02:00 [INF] Request finished HTTP/1.1 GET http://localhost:5017/js/bootstrap.js - 304 null text/javascript 0.4232ms
2024-10-08 11:23:22.890 +02:00 [INF] Request starting HTTP/1.1 GET http://localhost:5017/js/jquery.min.js - null null
2024-10-08 11:23:22.890 +02:00 [INF] The file /js/jquery.min.js was not modified
2024-10-08 11:23:22.890 +02:00 [INF] Request starting HTTP/1.1 GET http://localhost:5017/js/jquery.validate.js - null null
2024-10-08 11:23:22.890 +02:00 [INF] Request finished HTTP/1.1 GET http://localhost:5017/js/jquery.min.js - 304 null text/javascript 0.6607ms
2024-10-08 11:23:22.890 +02:00 [INF] The file /js/jquery.validate.js was not modified
2024-10-08 11:23:22.890 +02:00 [INF] Request finished HTTP/1.1 GET http://localhost:5017/js/jquery.validate.js - 304 null text/javascript 0.2146ms
2024-10-08 11:23:22.890 +02:00 [INF] Request starting HTTP/1.1 GET http://localhost:5017/js/jquery.validate.unobtrusive.js - null null
2024-10-08 11:23:22.891 +02:00 [INF] The file /js/jquery.validate.unobtrusive.js was not modified
2024-10-08 11:23:22.891 +02:00 [INF] Request finished HTTP/1.1 GET http://localhost:5017/js/jquery.validate.unobtrusive.js - 304 null text/javascript 0.3069ms
2024-10-08 11:23:22.891 +02:00 [INF] Request starting HTTP/1.1 GET http://localhost:5017/images/pizza.jpg - null null
2024-10-08 11:23:22.891 +02:00 [INF] Request starting HTTP/1.1 GET http://localhost:5017/images/chickenleg.jpg - null null
2024-10-08 11:23:22.891 +02:00 [INF] The file /images/pizza.jpg was not modified
2024-10-08 11:23:22.891 +02:00 [INF] The file /images/chickenleg.jpg was not modified
2024-10-08 11:23:22.891 +02:00 [INF] Request finished HTTP/1.1 GET http://localhost:5017/images/pizza.jpg - 304 null image/jpeg 0.2046ms
2024-10-08 11:23:22.891 +02:00 [INF] Request finished HTTP/1.1 GET http://localhost:5017/images/chickenleg.jpg - 304 null image/jpeg 0.2052ms
2024-10-08 11:23:22.895 +02:00 [INF] Request starting HTTP/1.1 GET http://localhost:5017/images/frenchfries.jpg - null null
2024-10-08 11:23:22.895 +02:00 [INF] The file /images/frenchfries.jpg was not modified
2024-10-08 11:23:22.895 +02:00 [INF] Request finished HTTP/1.1 GET http://localhost:5017/images/frenchfries.jpg - 304 null image/jpeg 0.3514ms
2024-10-08 11:23:22.902 +02:00 [INF] Request starting HTTP/1.1 GET http://localhost:5017/images/ribs.jpg - null null
2024-10-08 11:23:22.902 +02:00 [INF] Request starting HTTP/1.1 GET http://localhost:5017/images/tacos.jpg - null null
2024-10-08 11:23:22.902 +02:00 [INF] The file /images/ribs.jpg was not modified
2024-10-08 11:23:22.902 +02:00 [INF] The file /images/tacos.jpg was not modified
2024-10-08 11:23:22.902 +02:00 [INF] Request finished HTTP/1.1 GET http://localhost:5017/images/ribs.jpg - 304 null image/jpeg 0.3392ms
2024-10-08 11:23:22.902 +02:00 [INF] Request finished HTTP/1.1 GET http://localhost:5017/images/tacos.jpg - 304 null image/jpeg 0.2777ms
2024-10-08 11:23:22.903 +02:00 [INF] Request starting HTTP/1.1 GET http://localhost:5017/images/fishandchips.jpg - null null
2024-10-08 11:23:22.903 +02:00 [INF] Request starting HTTP/1.1 GET http://localhost:5017/images/cider.jpg - null null
2024-10-08 11:23:22.903 +02:00 [INF] The file /images/cider.jpg was not modified
2024-10-08 11:23:22.903 +02:00 [INF] Request starting HTTP/1.1 GET http://localhost:5017/images/coke.jpg - null null
2024-10-08 11:23:22.903 +02:00 [INF] Request finished HTTP/1.1 GET http://localhost:5017/images/cider.jpg - 304 null image/jpeg 0.1894ms
2024-10-08 11:23:22.903 +02:00 [INF] The file /images/fishandchips.jpg was not modified
2024-10-08 11:23:22.903 +02:00 [INF] Request finished HTTP/1.1 GET http://localhost:5017/images/fishandchips.jpg - 304 null image/jpeg 0.3097ms
2024-10-08 11:23:22.903 +02:00 [INF] The file /images/coke.jpg was not modified
2024-10-08 11:23:22.903 +02:00 [INF] Request finished HTTP/1.1 GET http://localhost:5017/images/coke.jpg - 304 null image/jpeg 0.1941ms
2024-10-08 11:28:23.138 +02:00 [INF] Request starting HTTP/1.1 GET http://localhost:5017/Item/Create - null null
2024-10-08 11:28:23.138 +02:00 [INF] Executing endpoint 'MyShop.Controllers.ItemController.Create (MyShop)'
2024-10-08 11:28:23.139 +02:00 [INF] Route matched with {action = "Create", controller = "Item"}. Executing controller action with signature Microsoft.AspNetCore.Mvc.IActionResult Create() on controller MyShop.Controllers.ItemController (MyShop).
2024-10-08 11:28:23.140 +02:00 [INF] Executing ViewResult, running view Create.
2024-10-08 11:28:23.175 +02:00 [INF] Executed ViewResult - view Create executed in 35.2812ms.
2024-10-08 11:28:23.175 +02:00 [INF] Executed action MyShop.Controllers.ItemController.Create (MyShop) in 35.6723ms
2024-10-08 11:28:23.175 +02:00 [INF] Executed endpoint 'MyShop.Controllers.ItemController.Create (MyShop)'
2024-10-08 11:28:23.175 +02:00 [INF] Request finished HTTP/1.1 GET http://localhost:5017/Item/Create - 200 null text/html; charset=utf-8 37.1254ms
2024-10-08 11:28:23.208 +02:00 [INF] Request starting HTTP/1.1 GET http://localhost:5017/js/bootstrap.js - null null
2024-10-08 11:28:23.209 +02:00 [INF] The file /js/bootstrap.js was not modified
2024-10-08 11:28:23.209 +02:00 [INF] Request finished HTTP/1.1 GET http://localhost:5017/js/bootstrap.js - 304 null text/javascript 0.3728ms
2024-10-08 11:28:23.211 +02:00 [INF] Request starting HTTP/1.1 GET http://localhost:5017/js/jquery.min.js - null null
2024-10-08 11:28:23.211 +02:00 [INF] Request starting HTTP/1.1 GET http://localhost:5017/js/jquery.validate.js - null null
2024-10-08 11:28:23.211 +02:00 [INF] Request starting HTTP/1.1 GET http://localhost:5017/js/jquery.validate.unobtrusive.js - null null
2024-10-08 11:28:23.211 +02:00 [INF] The file /js/jquery.min.js was not modified
2024-10-08 11:28:23.211 +02:00 [INF] Request finished HTTP/1.1 GET http://localhost:5017/js/jquery.min.js - 304 null text/javascript 0.3637ms
2024-10-08 11:28:23.211 +02:00 [INF] The file /js/jquery.validate.js was not modified
2024-10-08 11:28:23.211 +02:00 [INF] The file /js/jquery.validate.unobtrusive.js was not modified
2024-10-08 11:28:23.211 +02:00 [INF] Request finished HTTP/1.1 GET http://localhost:5017/js/jquery.validate.js - 304 null text/javascript 0.2318ms
2024-10-08 11:28:23.211 +02:00 [INF] Request finished HTTP/1.1 GET http://localhost:5017/js/jquery.validate.unobtrusive.js - 304 null text/javascript 0.262ms
2024-10-08 11:28:58.248 +02:00 [INF] Request starting HTTP/1.1 GET http://localhost:5017/ - null null
2024-10-08 11:28:58.248 +02:00 [INF] Executing endpoint 'MyShop.Controllers.HomeController.Index (MyShop)'
2024-10-08 11:28:58.248 +02:00 [INF] Route matched with {action = "Index", controller = "Home"}. Executing controller action with signature Microsoft.AspNetCore.Mvc.IActionResult Index() on controller MyShop.Controllers.HomeController (MyShop).
2024-10-08 11:28:58.249 +02:00 [INF] Executing ViewResult, running view Index.
2024-10-08 11:28:58.249 +02:00 [INF] Executed ViewResult - view Index executed in 0.6667ms.
2024-10-08 11:28:58.249 +02:00 [INF] Executed action MyShop.Controllers.HomeController.Index (MyShop) in 0.7902ms
2024-10-08 11:28:58.249 +02:00 [INF] Executed endpoint 'MyShop.Controllers.HomeController.Index (MyShop)'
2024-10-08 11:28:58.249 +02:00 [INF] Request finished HTTP/1.1 GET http://localhost:5017/ - 200 null text/html; charset=utf-8 1.3069ms
2024-10-08 11:28:58.279 +02:00 [INF] Request starting HTTP/1.1 GET http://localhost:5017/images/pizza.jpg - null null
2024-10-08 11:28:58.280 +02:00 [INF] The file /images/pizza.jpg was not modified
2024-10-08 11:28:58.280 +02:00 [INF] Request finished HTTP/1.1 GET http://localhost:5017/images/pizza.jpg - 304 null image/jpeg 0.3094ms
2024-10-08 11:28:58.280 +02:00 [INF] Request starting HTTP/1.1 GET http://localhost:5017/images/fishandchips.jpg - null null
2024-10-08 11:28:58.280 +02:00 [INF] The file /images/fishandchips.jpg was not modified
2024-10-08 11:28:58.280 +02:00 [INF] Request finished HTTP/1.1 GET http://localhost:5017/images/fishandchips.jpg - 304 null image/jpeg 0.2524ms
2024-10-08 11:28:58.288 +02:00 [INF] Request starting HTTP/1.1 GET http://localhost:5017/images/tacos.jpg - null null
2024-10-08 11:28:58.288 +02:00 [INF] The file /images/tacos.jpg was not modified
2024-10-08 11:28:58.288 +02:00 [INF] Request finished HTTP/1.1 GET http://localhost:5017/images/tacos.jpg - 304 null image/jpeg 0.3062ms
2024-10-08 11:28:59.216 +02:00 [INF] Request starting HTTP/1.1 GET http://localhost:5017/Item/Table - null null
2024-10-08 11:28:59.217 +02:00 [INF] Executing endpoint 'MyShop.Controllers.ItemController.Table (MyShop)'
2024-10-08 11:28:59.217 +02:00 [INF] Route matched with {action = "Table", controller = "Item"}. Executing controller action with signature System.Threading.Tasks.Task`1[Microsoft.AspNetCore.Mvc.IActionResult] Table() on controller MyShop.Controllers.ItemController (MyShop).
2024-10-08 11:28:59.221 +02:00 [INF] Executing ViewResult, running view Table.
2024-10-08 11:28:59.222 +02:00 [INF] Executed ViewResult - view Table executed in 1.6241ms.
2024-10-08 11:28:59.223 +02:00 [INF] Executed action MyShop.Controllers.ItemController.Table (MyShop) in 5.8117ms
2024-10-08 11:28:59.223 +02:00 [INF] Executed endpoint 'MyShop.Controllers.ItemController.Table (MyShop)'
2024-10-08 11:28:59.223 +02:00 [INF] Request finished HTTP/1.1 GET http://localhost:5017/Item/Table - 200 null text/html; charset=utf-8 6.278ms
2024-10-08 11:28:59.251 +02:00 [INF] Request starting HTTP/1.1 GET http://localhost:5017/images/chickenleg.jpg - null null
2024-10-08 11:28:59.251 +02:00 [INF] The file /images/chickenleg.jpg was not modified
2024-10-08 11:28:59.251 +02:00 [INF] Request finished HTTP/1.1 GET http://localhost:5017/images/chickenleg.jpg - 304 null image/jpeg 0.3384ms
2024-10-08 11:28:59.260 +02:00 [INF] Request starting HTTP/1.1 GET http://localhost:5017/images/frenchfries.jpg - null null
2024-10-08 11:28:59.260 +02:00 [INF] Request starting HTTP/1.1 GET http://localhost:5017/images/ribs.jpg - null null
2024-10-08 11:28:59.261 +02:00 [INF] The file /images/frenchfries.jpg was not modified
2024-10-08 11:28:59.261 +02:00 [INF] The file /images/ribs.jpg was not modified
2024-10-08 11:28:59.261 +02:00 [INF] Request finished HTTP/1.1 GET http://localhost:5017/images/frenchfries.jpg - 304 null image/jpeg 0.3812ms
2024-10-08 11:28:59.261 +02:00 [INF] Request finished HTTP/1.1 GET http://localhost:5017/images/ribs.jpg - 304 null image/jpeg 0.3562ms
2024-10-08 11:28:59.266 +02:00 [INF] Request starting HTTP/1.1 GET http://localhost:5017/images/cider.jpg - null null
2024-10-08 11:28:59.266 +02:00 [INF] Request starting HTTP/1.1 GET http://localhost:5017/images/coke.jpg - null null
2024-10-08 11:28:59.266 +02:00 [INF] The file /images/coke.jpg was not modified
2024-10-08 11:28:59.266 +02:00 [INF] The file /images/cider.jpg was not modified
2024-10-08 11:28:59.266 +02:00 [INF] Request finished HTTP/1.1 GET http://localhost:5017/images/cider.jpg - 304 null image/jpeg 0.31ms
2024-10-08 11:28:59.266 +02:00 [INF] Request finished HTTP/1.1 GET http://localhost:5017/images/coke.jpg - 304 null image/jpeg 0.2614ms
2024-10-08 11:38:24.208 +02:00 [INF] Request starting HTTP/1.1 GET http://localhost:5017/Item/Grid - null null
2024-10-08 11:38:24.208 +02:00 [INF] Executing endpoint 'MyShop.Controllers.ItemController.Grid (MyShop)'
2024-10-08 11:38:24.208 +02:00 [INF] Route matched with {action = "Grid", controller = "Item"}. Executing controller action with signature System.Threading.Tasks.Task`1[Microsoft.AspNetCore.Mvc.IActionResult] Grid() on controller MyShop.Controllers.ItemController (MyShop).
2024-10-08 11:38:24.213 +02:00 [INF] Executing ViewResult, running view Grid.
2024-10-08 11:38:24.214 +02:00 [INF] Executed ViewResult - view Grid executed in 0.9108ms.
2024-10-08 11:38:24.214 +02:00 [INF] Executed action MyShop.Controllers.ItemController.Grid (MyShop) in 5.5398ms
2024-10-08 11:38:24.214 +02:00 [INF] Executed endpoint 'MyShop.Controllers.ItemController.Grid (MyShop)'
2024-10-08 11:38:24.214 +02:00 [INF] Request finished HTTP/1.1 GET http://localhost:5017/Item/Grid - 200 null text/html; charset=utf-8 6.3465ms
2024-10-08 11:38:24.250 +02:00 [INF] Request starting HTTP/1.1 GET http://localhost:5017/js/bootstrap.js - null null
2024-10-08 11:38:24.250 +02:00 [INF] The file /js/bootstrap.js was not modified
2024-10-08 11:38:24.251 +02:00 [INF] Request finished HTTP/1.1 GET http://localhost:5017/js/bootstrap.js - 304 null text/javascript 0.764ms
2024-10-08 11:38:24.252 +02:00 [INF] Request starting HTTP/1.1 GET http://localhost:5017/js/jquery.min.js - null null
2024-10-08 11:38:24.252 +02:00 [INF] The file /js/jquery.min.js was not modified
2024-10-08 11:38:24.253 +02:00 [INF] Request finished HTTP/1.1 GET http://localhost:5017/js/jquery.min.js - 304 null text/javascript 0.3851ms
2024-10-08 11:38:24.253 +02:00 [INF] Request starting HTTP/1.1 GET http://localhost:5017/js/jquery.validate.js - null null
2024-10-08 11:38:24.253 +02:00 [INF] The file /js/jquery.validate.js was not modified
2024-10-08 11:38:24.253 +02:00 [INF] Request finished HTTP/1.1 GET http://localhost:5017/js/jquery.validate.js - 304 null text/javascript 0.2223ms
2024-10-08 11:38:24.253 +02:00 [INF] Request starting HTTP/1.1 GET http://localhost:5017/js/jquery.validate.unobtrusive.js - null null
2024-10-08 11:38:24.253 +02:00 [INF] The file /js/jquery.validate.unobtrusive.js was not modified
2024-10-08 11:38:24.253 +02:00 [INF] Request finished HTTP/1.1 GET http://localhost:5017/js/jquery.validate.unobtrusive.js - 304 null text/javascript 0.1647ms
2024-10-08 11:38:24.253 +02:00 [INF] Request starting HTTP/1.1 GET http://localhost:5017/images/pizza.jpg - null null
2024-10-08 11:38:24.253 +02:00 [INF] The file /images/pizza.jpg was not modified
2024-10-08 11:38:24.253 +02:00 [INF] Request finished HTTP/1.1 GET http://localhost:5017/images/pizza.jpg - 304 null image/jpeg 0.1607ms
2024-10-08 11:38:24.253 +02:00 [INF] Request starting HTTP/1.1 GET http://localhost:5017/images/chickenleg.jpg - null null
2024-10-08 11:38:24.254 +02:00 [INF] The file /images/chickenleg.jpg was not modified
2024-10-08 11:38:24.254 +02:00 [INF] Request finished HTTP/1.1 GET http://localhost:5017/images/chickenleg.jpg - 304 null image/jpeg 0.203ms
2024-10-08 11:38:24.262 +02:00 [INF] Request starting HTTP/1.1 GET http://localhost:5017/images/frenchfries.jpg - null null
2024-10-08 11:38:24.263 +02:00 [INF] The file /images/frenchfries.jpg was not modified
2024-10-08 11:38:24.263 +02:00 [INF] Request finished HTTP/1.1 GET http://localhost:5017/images/frenchfries.jpg - 304 null image/jpeg 0.3482ms
2024-10-08 11:38:24.263 +02:00 [INF] Request starting HTTP/1.1 GET http://localhost:5017/images/ribs.jpg - null null
2024-10-08 11:38:24.263 +02:00 [INF] The file /images/ribs.jpg was not modified
2024-10-08 11:38:24.263 +02:00 [INF] Request finished HTTP/1.1 GET http://localhost:5017/images/ribs.jpg - 304 null image/jpeg 0.1853ms
2024-10-08 11:38:24.271 +02:00 [INF] Request starting HTTP/1.1 GET http://localhost:5017/images/tacos.jpg - null null
2024-10-08 11:38:24.271 +02:00 [INF] Request starting HTTP/1.1 GET http://localhost:5017/images/fishandchips.jpg - null null
2024-10-08 11:38:24.271 +02:00 [INF] Request starting HTTP/1.1 GET http://localhost:5017/images/cider.jpg - null null
2024-10-08 11:38:24.271 +02:00 [INF] The file /images/fishandchips.jpg was not modified
2024-10-08 11:38:24.271 +02:00 [INF] The file /images/cider.jpg was not modified
2024-10-08 11:38:24.271 +02:00 [INF] The file /images/tacos.jpg was not modified
2024-10-08 11:38:24.272 +02:00 [INF] Request starting HTTP/1.1 GET http://localhost:5017/images/coke.jpg - null null
2024-10-08 11:38:24.271 +02:00 [INF] Request finished HTTP/1.1 GET http://localhost:5017/images/fishandchips.jpg - 304 null image/jpeg 0.2663ms
2024-10-08 11:38:24.272 +02:00 [INF] Request finished HTTP/1.1 GET http://localhost:5017/images/cider.jpg - 304 null image/jpeg 0.1529ms
2024-10-08 11:38:24.272 +02:00 [INF] Request finished HTTP/1.1 GET http://localhost:5017/images/tacos.jpg - 304 null image/jpeg 0.3377ms
2024-10-08 11:38:24.272 +02:00 [INF] The file /images/coke.jpg was not modified
2024-10-08 11:38:24.272 +02:00 [INF] Request finished HTTP/1.1 GET http://localhost:5017/images/coke.jpg - 304 null image/jpeg 0.1824ms
2024-10-08 11:38:49.141 +02:00 [INF] Application is shutting down...
