2024-10-18 12:22:01.192 +02:00 [INF] User profile is available. Using 'C:\Users\jovan\AppData\Local\ASP.NET\DataProtection-Keys' as key repository and Windows DPAPI to encrypt keys at rest.
2024-10-18 12:22:01.238 +02:00 [INF] Now listening on: http://localhost:5017
2024-10-18 12:22:01.241 +02:00 [INF] Application started. Press Ctrl+C to shut down.
2024-10-18 12:22:01.242 +02:00 [INF] Hosting environment: Development
2024-10-18 12:22:01.242 +02:00 [INF] Content root path: C:\TestMappe\ITPE3200_Exam_project
2024-10-18 12:22:04.764 +02:00 [INF] Request starting HTTP/1.1 GET http://localhost:5017/ - null null
2024-10-18 12:22:04.792 +02:00 [INF] Executing endpoint 'MyShop.Controllers.HomeController.Index (MyShop)'
2024-10-18 12:22:04.802 +02:00 [INF] Route matched with {action = "Index", controller = "Home"}. Executing controller action with signature Microsoft.AspNetCore.Mvc.IActionResult Index() on controller MyShop.Controllers.HomeController (MyShop).
2024-10-18 12:22:04.811 +02:00 [INF] Executing ViewResult, running view Index.
2024-10-18 12:22:04.869 +02:00 [INF] Executed ViewResult - view Index executed in 56.7929ms.
2024-10-18 12:22:04.871 +02:00 [INF] Executed action MyShop.Controllers.HomeController.Index (MyShop) in 68.569ms
2024-10-18 12:22:04.871 +02:00 [INF] Executed endpoint 'MyShop.Controllers.HomeController.Index (MyShop)'
2024-10-18 12:22:04.874 +02:00 [INF] Request finished HTTP/1.1 GET http://localhost:5017/ - 200 null text/html; charset=utf-8 111.1521ms
2024-10-18 12:22:07.252 +02:00 [INF] Request starting HTTP/1.1 GET http://localhost:5017/Item/Table - null null
2024-10-18 12:22:07.254 +02:00 [INF] Executing endpoint 'MyShop.Controllers.ItemController.Table (MyShop)'
2024-10-18 12:22:07.260 +02:00 [INF] Route matched with {action = "Table", controller = "Item"}. Executing controller action with signature System.Threading.Tasks.Task`1[Microsoft.AspNetCore.Mvc.IActionResult] Table() on controller MyShop.Controllers.ItemController (MyShop).
2024-10-18 12:22:07.371 +02:00 [INF] Executing ViewResult, running view Table.
2024-10-18 12:22:07.386 +02:00 [INF] Executed ViewResult - view Table executed in 16.0675ms.
2024-10-18 12:22:07.387 +02:00 [INF] Executed action MyShop.Controllers.ItemController.Table (MyShop) in 126.6073ms
2024-10-18 12:22:07.387 +02:00 [INF] Executed endpoint 'MyShop.Controllers.ItemController.Table (MyShop)'
2024-10-18 12:22:07.393 +02:00 [INF] Request finished HTTP/1.1 GET http://localhost:5017/Item/Table - 200 null text/html; charset=utf-8 141.3911ms
2024-10-18 12:22:09.401 +02:00 [INF] Request starting HTTP/1.1 GET http://localhost:5017/Item/Create - null null
2024-10-18 12:22:09.403 +02:00 [INF] Executing endpoint 'MyShop.Controllers.ItemController.Create (MyShop)'
2024-10-18 12:22:09.405 +02:00 [INF] Route matched with {action = "Create", controller = "Item"}. Executing controller action with signature Microsoft.AspNetCore.Mvc.IActionResult Create() on controller MyShop.Controllers.ItemController (MyShop).
2024-10-18 12:22:09.408 +02:00 [INF] Executing ViewResult, running view Create.
2024-10-18 12:22:09.449 +02:00 [INF] Executed ViewResult - view Create executed in 42.2594ms.
2024-10-18 12:22:09.449 +02:00 [INF] Executed action MyShop.Controllers.ItemController.Create (MyShop) in 43.4149ms
2024-10-18 12:22:09.449 +02:00 [INF] Executed endpoint 'MyShop.Controllers.ItemController.Create (MyShop)'
2024-10-18 12:22:09.449 +02:00 [INF] Request finished HTTP/1.1 GET http://localhost:5017/Item/Create - 200 null text/html; charset=utf-8 48.7026ms
2024-10-18 12:41:57.123 +02:00 [INF] Request starting HTTP/1.1 GET http://localhost:5017/ - null null
2024-10-18 12:41:57.124 +02:00 [INF] Executing endpoint 'MyShop.Controllers.HomeController.Index (MyShop)'
2024-10-18 12:41:57.124 +02:00 [INF] Route matched with {action = "Index", controller = "Home"}. Executing controller action with signature Microsoft.AspNetCore.Mvc.IActionResult Index() on controller MyShop.Controllers.HomeController (MyShop).
2024-10-18 12:41:57.125 +02:00 [INF] Executing ViewResult, running view Index.
2024-10-18 12:41:57.127 +02:00 [INF] Executed ViewResult - view Index executed in 3.2031ms.
2024-10-18 12:41:57.128 +02:00 [INF] Executed action MyShop.Controllers.HomeController.Index (MyShop) in 3.8066ms
2024-10-18 12:41:57.128 +02:00 [INF] Executed endpoint 'MyShop.Controllers.HomeController.Index (MyShop)'
2024-10-18 12:41:57.128 +02:00 [INF] Request finished HTTP/1.1 GET http://localhost:5017/ - 200 null text/html; charset=utf-8 5.0099ms
2024-10-18 12:41:58.927 +02:00 [INF] Request starting HTTP/1.1 GET http://localhost:5017/Customer/Table - null null
2024-10-18 12:41:58.928 +02:00 [INF] Executing endpoint 'MyShop.Controllers.CustomerController.Table (MyShop)'
2024-10-18 12:41:58.932 +02:00 [INF] Route matched with {action = "Table", controller = "Customer"}. Executing controller action with signature System.Threading.Tasks.Task`1[Microsoft.AspNetCore.Mvc.IActionResult] Table() on controller MyShop.Controllers.CustomerController (MyShop).
2024-10-18 12:41:58.989 +02:00 [INF] Executing ViewResult, running view Table.
2024-10-18 12:41:59.049 +02:00 [INF] Executed ViewResult - view Table executed in 60.5719ms.
2024-10-18 12:41:59.049 +02:00 [INF] Executed action MyShop.Controllers.CustomerController.Table (MyShop) in 117.3473ms
2024-10-18 12:41:59.049 +02:00 [INF] Executed endpoint 'MyShop.Controllers.CustomerController.Table (MyShop)'
2024-10-18 12:41:59.049 +02:00 [INF] Request finished HTTP/1.1 GET http://localhost:5017/Customer/Table - 200 null text/html; charset=utf-8 122.1435ms
2024-10-18 12:42:44.273 +02:00 [INF] Request starting HTTP/1.1 GET http://localhost:5017/Customer/Table - null null
2024-10-18 12:42:44.273 +02:00 [INF] Executing endpoint 'MyShop.Controllers.CustomerController.Table (MyShop)'
2024-10-18 12:42:44.273 +02:00 [INF] Route matched with {action = "Table", controller = "Customer"}. Executing controller action with signature System.Threading.Tasks.Task`1[Microsoft.AspNetCore.Mvc.IActionResult] Table() on controller MyShop.Controllers.CustomerController (MyShop).
2024-10-18 12:42:44.278 +02:00 [INF] Executing ViewResult, running view Table.
2024-10-18 12:42:44.282 +02:00 [INF] Executed ViewResult - view Table executed in 3.5558ms.
2024-10-18 12:42:44.282 +02:00 [INF] Executed action MyShop.Controllers.CustomerController.Table (MyShop) in 8.4804ms
2024-10-18 12:42:44.282 +02:00 [INF] Executed endpoint 'MyShop.Controllers.CustomerController.Table (MyShop)'
2024-10-18 12:42:44.282 +02:00 [INF] Request finished HTTP/1.1 GET http://localhost:5017/Customer/Table - 200 null text/html; charset=utf-8 9.4196ms
2024-10-18 12:51:27.560 +02:00 [INF] Request starting HTTP/1.1 GET http://localhost:5017/Item/Table - null null
2024-10-18 12:51:27.561 +02:00 [INF] Executing endpoint 'MyShop.Controllers.ItemController.Table (MyShop)'
2024-10-18 12:51:27.561 +02:00 [INF] Route matched with {action = "Table", controller = "Item"}. Executing controller action with signature System.Threading.Tasks.Task`1[Microsoft.AspNetCore.Mvc.IActionResult] Table() on controller MyShop.Controllers.ItemController (MyShop).
2024-10-18 12:51:27.574 +02:00 [INF] Executing ViewResult, running view Table.
2024-10-18 12:51:27.577 +02:00 [INF] Executed ViewResult - view Table executed in 4.0832ms.
2024-10-18 12:51:27.577 +02:00 [INF] Executed action MyShop.Controllers.ItemController.Table (MyShop) in 15.5908ms
2024-10-18 12:51:27.577 +02:00 [INF] Executed endpoint 'MyShop.Controllers.ItemController.Table (MyShop)'
2024-10-18 12:51:27.578 +02:00 [INF] Request finished HTTP/1.1 GET http://localhost:5017/Item/Table - 200 null text/html; charset=utf-8 18.0455ms
2024-10-18 12:51:29.223 +02:00 [INF] Request starting HTTP/1.1 GET http://localhost:5017/Customer/Table - null null
2024-10-18 12:51:29.223 +02:00 [INF] Executing endpoint 'MyShop.Controllers.CustomerController.Table (MyShop)'
2024-10-18 12:51:29.223 +02:00 [INF] Route matched with {action = "Table", controller = "Customer"}. Executing controller action with signature System.Threading.Tasks.Task`1[Microsoft.AspNetCore.Mvc.IActionResult] Table() on controller MyShop.Controllers.CustomerController (MyShop).
2024-10-18 12:51:29.227 +02:00 [INF] Executing ViewResult, running view Table.
2024-10-18 12:51:29.232 +02:00 [INF] Executed ViewResult - view Table executed in 4.7441ms.
2024-10-18 12:51:29.232 +02:00 [INF] Executed action MyShop.Controllers.CustomerController.Table (MyShop) in 8.5387ms
2024-10-18 12:51:29.232 +02:00 [INF] Executed endpoint 'MyShop.Controllers.CustomerController.Table (MyShop)'
2024-10-18 12:51:29.233 +02:00 [INF] Request finished HTTP/1.1 GET http://localhost:5017/Customer/Table - 200 null text/html; charset=utf-8 10.2897ms
2024-10-18 12:51:30.741 +02:00 [INF] Request starting HTTP/1.1 GET http://localhost:5017/Item/Table - null null
2024-10-18 12:51:30.741 +02:00 [INF] Executing endpoint 'MyShop.Controllers.ItemController.Table (MyShop)'
2024-10-18 12:51:30.741 +02:00 [INF] Route matched with {action = "Table", controller = "Item"}. Executing controller action with signature System.Threading.Tasks.Task`1[Microsoft.AspNetCore.Mvc.IActionResult] Table() on controller MyShop.Controllers.ItemController (MyShop).
2024-10-18 12:51:30.744 +02:00 [INF] Executing ViewResult, running view Table.
2024-10-18 12:51:30.747 +02:00 [INF] Executed ViewResult - view Table executed in 3.3248ms.
2024-10-18 12:51:30.747 +02:00 [INF] Executed action MyShop.Controllers.ItemController.Table (MyShop) in 5.8887ms
2024-10-18 12:51:30.747 +02:00 [INF] Executed endpoint 'MyShop.Controllers.ItemController.Table (MyShop)'
2024-10-18 12:51:30.748 +02:00 [INF] Request finished HTTP/1.1 GET http://localhost:5017/Item/Table - 200 null text/html; charset=utf-8 6.6601ms
2024-10-18 12:51:31.392 +02:00 [INF] Request starting HTTP/1.1 GET http://localhost:5017/ - null null
2024-10-18 12:51:31.392 +02:00 [INF] Executing endpoint 'MyShop.Controllers.HomeController.Index (MyShop)'
2024-10-18 12:51:31.392 +02:00 [INF] Route matched with {action = "Index", controller = "Home"}. Executing controller action with signature Microsoft.AspNetCore.Mvc.IActionResult Index() on controller MyShop.Controllers.HomeController (MyShop).
2024-10-18 12:51:31.393 +02:00 [INF] Executing ViewResult, running view Index.
2024-10-18 12:51:31.393 +02:00 [INF] Executed ViewResult - view Index executed in 0.6982ms.
2024-10-18 12:51:31.393 +02:00 [INF] Executed action MyShop.Controllers.HomeController.Index (MyShop) in 1.4988ms
2024-10-18 12:51:31.393 +02:00 [INF] Executed endpoint 'MyShop.Controllers.HomeController.Index (MyShop)'
2024-10-18 12:51:31.394 +02:00 [INF] Request finished HTTP/1.1 GET http://localhost:5017/ - 200 null text/html; charset=utf-8 1.9582ms
