2024-10-18 13:11:34.640 +02:00 [INF] User profile is available. Using 'C:\Users\Hadle\AppData\Local\ASP.NET\DataProtection-Keys' as key repository and Windows DPAPI to encrypt keys at rest.
2024-10-18 13:11:34.687 +02:00 [INF] Now listening on: http://localhost:5017
2024-10-18 13:11:34.689 +02:00 [INF] Application started. Press Ctrl+C to shut down.
2024-10-18 13:11:34.690 +02:00 [INF] Hosting environment: Development
2024-10-18 13:11:34.690 +02:00 [INF] Content root path: C:\Users\Hadle\Downloads\ITPE3200\ITPE3200_Exam_project
2024-10-18 13:11:36.476 +02:00 [INF] Request starting HTTP/1.1 GET http://localhost:5017/ - null null
2024-10-18 13:11:36.503 +02:00 [INF] Executing endpoint 'MyShop.Controllers.HomeController.Index (MyShop)'
2024-10-18 13:11:36.511 +02:00 [INF] Route matched with {action = "Index", controller = "Home"}. Executing controller action with signature Microsoft.AspNetCore.Mvc.IActionResult Index() on controller MyShop.Controllers.HomeController (MyShop).
2024-10-18 13:11:36.519 +02:00 [INF] Executing ViewResult, running view Index.
2024-10-18 13:11:36.563 +02:00 [INF] Executed ViewResult - view Index executed in 43.0705ms.
2024-10-18 13:11:36.565 +02:00 [INF] Executed action MyShop.Controllers.HomeController.Index (MyShop) in 53.835ms
2024-10-18 13:11:36.565 +02:00 [INF] Executed endpoint 'MyShop.Controllers.HomeController.Index (MyShop)'
2024-10-18 13:11:36.568 +02:00 [INF] Request finished HTTP/1.1 GET http://localhost:5017/ - 200 null text/html; charset=utf-8 92.515ms
2024-10-18 13:11:36.589 +02:00 [INF] Request starting HTTP/1.1 GET http://localhost:5017/images/healthy.jpg - null null
2024-10-18 13:11:36.594 +02:00 [INF] The file /images/healthy.jpg was not modified
2024-10-18 13:11:36.594 +02:00 [INF] Request finished HTTP/1.1 GET http://localhost:5017/images/healthy.jpg - 304 null image/jpeg 5.7916ms
2024-10-18 13:11:42.845 +02:00 [INF] Request starting HTTP/1.1 GET http://localhost:5017/ - null null
2024-10-18 13:11:42.846 +02:00 [INF] Executing endpoint 'MyShop.Controllers.HomeController.Index (MyShop)'
2024-10-18 13:11:42.846 +02:00 [INF] Route matched with {action = "Index", controller = "Home"}. Executing controller action with signature Microsoft.AspNetCore.Mvc.IActionResult Index() on controller MyShop.Controllers.HomeController (MyShop).
2024-10-18 13:11:42.847 +02:00 [INF] Executing ViewResult, running view Index.
2024-10-18 13:11:42.850 +02:00 [INF] Executed ViewResult - view Index executed in 2.9564ms.
2024-10-18 13:11:42.850 +02:00 [INF] Executed action MyShop.Controllers.HomeController.Index (MyShop) in 3.5825ms
2024-10-18 13:11:42.850 +02:00 [INF] Executed endpoint 'MyShop.Controllers.HomeController.Index (MyShop)'
2024-10-18 13:11:42.850 +02:00 [INF] Request finished HTTP/1.1 GET http://localhost:5017/ - 200 null text/html; charset=utf-8 5.0561ms
2024-10-18 13:11:55.136 +02:00 [INF] Request starting HTTP/1.1 GET http://localhost:5017/ - null null
2024-10-18 13:11:55.136 +02:00 [INF] Executing endpoint 'MyShop.Controllers.HomeController.Index (MyShop)'
2024-10-18 13:11:55.137 +02:00 [INF] Route matched with {action = "Index", controller = "Home"}. Executing controller action with signature Microsoft.AspNetCore.Mvc.IActionResult Index() on controller MyShop.Controllers.HomeController (MyShop).
2024-10-18 13:11:55.137 +02:00 [INF] Executing ViewResult, running view Index.
2024-10-18 13:11:55.138 +02:00 [INF] Executed ViewResult - view Index executed in 0.7887ms.
2024-10-18 13:11:55.138 +02:00 [INF] Executed action MyShop.Controllers.HomeController.Index (MyShop) in 0.9403ms
2024-10-18 13:11:55.138 +02:00 [INF] Executed endpoint 'MyShop.Controllers.HomeController.Index (MyShop)'
2024-10-18 13:11:55.138 +02:00 [INF] Request finished HTTP/1.1 GET http://localhost:5017/ - 200 null text/html; charset=utf-8 1.7336ms
2024-10-18 13:12:35.441 +02:00 [INF] Request starting HTTP/1.1 GET http://localhost:5017/ - null null
2024-10-18 13:12:35.441 +02:00 [INF] Executing endpoint 'MyShop.Controllers.HomeController.Index (MyShop)'
2024-10-18 13:12:35.441 +02:00 [INF] Route matched with {action = "Index", controller = "Home"}. Executing controller action with signature Microsoft.AspNetCore.Mvc.IActionResult Index() on controller MyShop.Controllers.HomeController (MyShop).
2024-10-18 13:12:35.441 +02:00 [INF] Executing ViewResult, running view Index.
2024-10-18 13:12:35.443 +02:00 [INF] Executed ViewResult - view Index executed in 1.1777ms.
2024-10-18 13:12:35.443 +02:00 [INF] Executed action MyShop.Controllers.HomeController.Index (MyShop) in 1.3455ms
2024-10-18 13:12:35.443 +02:00 [INF] Executed endpoint 'MyShop.Controllers.HomeController.Index (MyShop)'
2024-10-18 13:12:35.443 +02:00 [INF] Request finished HTTP/1.1 GET http://localhost:5017/ - 200 null text/html; charset=utf-8 2.0516ms
2024-10-18 13:13:40.766 +02:00 [INF] Application is shutting down...
