2024-10-22 15:58:23.123 +02:00 [INF] User profile is available. Using 'C:\Users\Hadle\AppData\Local\ASP.NET\DataProtection-Keys' as key repository and Windows DPAPI to encrypt keys at rest.
2024-10-22 15:58:23.334 +02:00 [INF] Now listening on: http://localhost:5017
2024-10-22 15:58:23.338 +02:00 [INF] Application started. Press Ctrl+C to shut down.
2024-10-22 15:58:23.339 +02:00 [INF] Hosting environment: Development
2024-10-22 15:58:23.339 +02:00 [INF] Content root path: C:\ITPE3200\ITPE3200_Exam_project-main\ITPE3200_Exam_project-main\ITPE3200_Exam_project
2024-10-22 15:58:24.492 +02:00 [INF] Request starting HTTP/1.1 GET http://localhost:5017/ - null null
2024-10-22 15:58:24.527 +02:00 [INF] Executing endpoint 'MyShop.Controllers.HomeController.Index (MyShop)'
2024-10-22 15:58:24.537 +02:00 [INF] Route matched with {action = "Index", controller = "Home", page = "", area = ""}. Executing controller action with signature Microsoft.AspNetCore.Mvc.IActionResult Index() on controller MyShop.Controllers.HomeController (MyShop).
2024-10-22 15:58:24.543 +02:00 [INF] Executing ViewResult, running view Index.
2024-10-22 15:58:24.624 +02:00 [INF] Executed ViewResult - view Index executed in 81.3363ms.
2024-10-22 15:58:24.626 +02:00 [INF] Executed action MyShop.Controllers.HomeController.Index (MyShop) in 88.3753ms
2024-10-22 15:58:24.626 +02:00 [INF] Executed endpoint 'MyShop.Controllers.HomeController.Index (MyShop)'
2024-10-22 15:58:24.629 +02:00 [INF] Request finished HTTP/1.1 GET http://localhost:5017/ - 200 null text/html; charset=utf-8 138.6441ms
2024-10-22 15:58:24.650 +02:00 [INF] Request starting HTTP/1.1 GET http://localhost:5017/images/logo.png - null null
2024-10-22 15:58:24.655 +02:00 [INF] The file /images/logo.png was not modified
2024-10-22 15:58:24.656 +02:00 [INF] Request finished HTTP/1.1 GET http://localhost:5017/images/logo.png - 304 null image/png 5.4947ms
2024-10-22 15:58:26.190 +02:00 [INF] Request starting HTTP/1.1 GET http://localhost:5017/Item/Grid - null null
2024-10-22 15:58:26.192 +02:00 [INF] Executing endpoint 'MyShop.Controllers.ItemController.Grid (MyShop)'
2024-10-22 15:58:26.198 +02:00 [INF] Route matched with {action = "Grid", controller = "Item", page = "", area = ""}. Executing controller action with signature System.Threading.Tasks.Task`1[Microsoft.AspNetCore.Mvc.IActionResult] Grid() on controller MyShop.Controllers.ItemController (MyShop).
2024-10-22 15:58:26.319 +02:00 [INF] Executing ViewResult, running view Grid.
2024-10-22 15:58:26.328 +02:00 [INF] Executed ViewResult - view Grid executed in 9.7088ms.
2024-10-22 15:58:26.328 +02:00 [INF] Executed action MyShop.Controllers.ItemController.Grid (MyShop) in 130.2792ms
2024-10-22 15:58:26.328 +02:00 [INF] Executed endpoint 'MyShop.Controllers.ItemController.Grid (MyShop)'
2024-10-22 15:58:26.333 +02:00 [INF] Request finished HTTP/1.1 GET http://localhost:5017/Item/Grid - 200 null text/html; charset=utf-8 142.3861ms
2024-10-22 15:58:27.184 +02:00 [INF] Request starting HTTP/1.1 GET http://localhost:5017/Item/Table - null null
2024-10-22 15:58:27.188 +02:00 [INF] Executing endpoint 'MyShop.Controllers.ItemController.Table (MyShop)'
2024-10-22 15:58:27.191 +02:00 [INF] Route matched with {action = "Table", controller = "Item", page = "", area = ""}. Executing controller action with signature System.Threading.Tasks.Task`1[Microsoft.AspNetCore.Mvc.IActionResult] Table() on controller MyShop.Controllers.ItemController (MyShop).
2024-10-22 15:58:27.254 +02:00 [INF] Executing ViewResult, running view Table.
2024-10-22 15:58:27.279 +02:00 [INF] Executed ViewResult - view Table executed in 26.0343ms.
2024-10-22 15:58:27.279 +02:00 [INF] Executed action MyShop.Controllers.ItemController.Table (MyShop) in 88.5124ms
2024-10-22 15:58:27.279 +02:00 [INF] Executed endpoint 'MyShop.Controllers.ItemController.Table (MyShop)'
2024-10-22 15:58:27.280 +02:00 [INF] Request finished HTTP/1.1 GET http://localhost:5017/Item/Table - 200 null text/html; charset=utf-8 96.0731ms
2024-10-22 16:00:13.174 +02:00 [INF] Application is shutting down...
