2024-10-10 16:37:18.669 +02:00 [INF] User profile is available. Using 'C:\Users\jovan\AppData\Local\ASP.NET\DataProtection-Keys' as key repository and Windows DPAPI to encrypt keys at rest.
2024-10-10 16:37:18.699 +02:00 [INF] Now listening on: http://localhost:5017
2024-10-10 16:37:18.701 +02:00 [INF] Application started. Press Ctrl+C to shut down.
2024-10-10 16:37:18.701 +02:00 [INF] Hosting environment: Development
2024-10-10 16:37:18.701 +02:00 [INF] Content root path: C:\TestMappe\ITPE3200_Exam_project
2024-10-10 16:37:20.617 +02:00 [INF] Request starting HTTP/1.1 GET http://localhost:5017/ - null null
2024-10-10 16:37:20.637 +02:00 [INF] Executing endpoint 'MyShop.Controllers.HomeController.Index (MyShop)'
2024-10-10 16:37:20.643 +02:00 [INF] Route matched with {action = "Index", controller = "Home"}. Executing controller action with signature Microsoft.AspNetCore.Mvc.IActionResult Index() on controller MyShop.Controllers.HomeController (MyShop).
2024-10-10 16:37:20.650 +02:00 [INF] Executing ViewResult, running view Index.
2024-10-10 16:37:20.695 +02:00 [INF] Executed ViewResult - view Index executed in 44.1676ms.
2024-10-10 16:37:20.697 +02:00 [INF] Executed action MyShop.Controllers.HomeController.Index (MyShop) in 53.4555ms
2024-10-10 16:37:20.697 +02:00 [INF] Executed endpoint 'MyShop.Controllers.HomeController.Index (MyShop)'
2024-10-10 16:37:20.699 +02:00 [INF] Request finished HTTP/1.1 GET http://localhost:5017/ - 200 null text/html; charset=utf-8 83.7777ms
2024-10-10 16:37:22.328 +02:00 [INF] Request starting HTTP/1.1 GET http://localhost:5017/ - null null
2024-10-10 16:37:22.329 +02:00 [INF] Executing endpoint 'MyShop.Controllers.HomeController.Index (MyShop)'
2024-10-10 16:37:22.329 +02:00 [INF] Route matched with {action = "Index", controller = "Home"}. Executing controller action with signature Microsoft.AspNetCore.Mvc.IActionResult Index() on controller MyShop.Controllers.HomeController (MyShop).
2024-10-10 16:37:22.329 +02:00 [INF] Executing ViewResult, running view Index.
2024-10-10 16:37:22.332 +02:00 [INF] Executed ViewResult - view Index executed in 2.4224ms.
2024-10-10 16:37:22.332 +02:00 [INF] Executed action MyShop.Controllers.HomeController.Index (MyShop) in 2.7565ms
2024-10-10 16:37:22.332 +02:00 [INF] Executed endpoint 'MyShop.Controllers.HomeController.Index (MyShop)'
2024-10-10 16:37:22.332 +02:00 [INF] Request finished HTTP/1.1 GET http://localhost:5017/ - 200 null text/html; charset=utf-8 4.0758ms
2024-10-10 16:37:23.128 +02:00 [INF] Request starting HTTP/1.1 GET http://localhost:5017/Item/Table - null null
2024-10-10 16:37:23.129 +02:00 [INF] Executing endpoint 'MyShop.Controllers.ItemController.Table (MyShop)'
2024-10-10 16:37:23.133 +02:00 [INF] Route matched with {action = "Table", controller = "Item"}. Executing controller action with signature System.Threading.Tasks.Task`1[Microsoft.AspNetCore.Mvc.IActionResult] Table() on controller MyShop.Controllers.ItemController (MyShop).
2024-10-10 16:37:23.207 +02:00 [INF] Executing ViewResult, running view Table.
2024-10-10 16:37:23.215 +02:00 [INF] Executed ViewResult - view Table executed in 7.8921ms.
2024-10-10 16:37:23.215 +02:00 [INF] Executed action MyShop.Controllers.ItemController.Table (MyShop) in 81.6842ms
2024-10-10 16:37:23.215 +02:00 [INF] Executed endpoint 'MyShop.Controllers.ItemController.Table (MyShop)'
2024-10-10 16:37:23.221 +02:00 [INF] Request finished HTTP/1.1 GET http://localhost:5017/Item/Table - 200 null text/html; charset=utf-8 93.5404ms
2024-10-10 16:37:24.438 +02:00 [INF] Request starting HTTP/1.1 GET http://localhost:5017/Item/Grid - null null
2024-10-10 16:37:24.439 +02:00 [INF] Executing endpoint 'MyShop.Controllers.ItemController.Grid (MyShop)'
2024-10-10 16:37:24.442 +02:00 [INF] Route matched with {action = "Grid", controller = "Item"}. Executing controller action with signature System.Threading.Tasks.Task`1[Microsoft.AspNetCore.Mvc.IActionResult] Grid() on controller MyShop.Controllers.ItemController (MyShop).
2024-10-10 16:37:24.476 +02:00 [INF] Executing ViewResult, running view Grid.
2024-10-10 16:37:24.477 +02:00 [INF] Executed ViewResult - view Grid executed in 2.2719ms.
2024-10-10 16:37:24.478 +02:00 [INF] Executed action MyShop.Controllers.ItemController.Grid (MyShop) in 35.8131ms
2024-10-10 16:37:24.478 +02:00 [INF] Executed endpoint 'MyShop.Controllers.ItemController.Grid (MyShop)'
2024-10-10 16:37:24.478 +02:00 [INF] Request finished HTTP/1.1 GET http://localhost:5017/Item/Grid - 200 null text/html; charset=utf-8 40.0353ms
