2024-11-04 10:41:37.185 +01:00 [INF] User profile is available. Using 'C:\Users\Hadle\AppData\Local\ASP.NET\DataProtection-Keys' as key repository and Windows DPAPI to encrypt keys at rest.
2024-11-04 10:41:37.325 +01:00 [INF] Now listening on: http://localhost:5017
2024-11-04 10:41:37.328 +01:00 [INF] Application started. Press Ctrl+C to shut down.
2024-11-04 10:41:37.329 +01:00 [INF] Hosting environment: Development
2024-11-04 10:41:37.329 +01:00 [INF] Content root path: C:\ITPE3200\ITPE3200_Exam_project-main\ITPE3200_Exam_project-main\ITPE3200_Exam_project
2024-11-04 10:41:38.964 +01:00 [INF] Request starting HTTP/1.1 GET http://localhost:5017/ - null null
2024-11-04 10:41:39.001 +01:00 [INF] Executing endpoint 'MyShop.Controllers.HomeController.Index (MyShop)'
2024-11-04 10:41:39.012 +01:00 [INF] Route matched with {action = "Index", controller = "Home", page = "", area = ""}. Executing controller action with signature Microsoft.AspNetCore.Mvc.IActionResult Index() on controller MyShop.Controllers.HomeController (MyShop).
2024-11-04 10:41:39.020 +01:00 [INF] Executing ViewResult, running view Index.
2024-11-04 10:41:39.107 +01:00 [INF] Executed ViewResult - view Index executed in 89.2523ms.
2024-11-04 10:41:39.109 +01:00 [INF] Executed action MyShop.Controllers.HomeController.Index (MyShop) in 96.7233ms
2024-11-04 10:41:39.109 +01:00 [INF] Executed endpoint 'MyShop.Controllers.HomeController.Index (MyShop)'
2024-11-04 10:41:39.113 +01:00 [INF] Request finished HTTP/1.1 GET http://localhost:5017/ - 200 null text/html; charset=utf-8 150.7812ms
2024-11-04 10:41:40.772 +01:00 [INF] Request starting HTTP/1.1 GET http://localhost:5017/Identity/Account/Login - null null
2024-11-04 10:41:40.775 +01:00 [INF] Executing endpoint '/Account/Login'
2024-11-04 10:41:40.789 +01:00 [INF] Route matched with {page = "/Account/Login", area = "Identity", action = "", controller = ""}. Executing page /Account/Login
2024-11-04 10:41:40.801 +01:00 [INF] Executing handler method MyShop.Areas.Identity.Pages.Account.LoginModel.OnGetAsync - ModelState is "Valid"
2024-11-04 10:41:40.805 +01:00 [INF] AuthenticationScheme: Identity.External signed out.
2024-11-04 10:41:40.806 +01:00 [INF] Executed handler method OnGetAsync, returned result .
2024-11-04 10:41:40.808 +01:00 [INF] Executing an implicit handler method - ModelState is "Valid"
2024-11-04 10:41:40.808 +01:00 [INF] Executed an implicit handler method, returned result Microsoft.AspNetCore.Mvc.RazorPages.PageResult.
2024-11-04 10:41:40.848 +01:00 [INF] Executed page /Account/Login in 58.514ms
2024-11-04 10:41:40.848 +01:00 [INF] Executed endpoint '/Account/Login'
2024-11-04 10:41:40.848 +01:00 [INF] Request finished HTTP/1.1 GET http://localhost:5017/Identity/Account/Login - 200 null text/html; charset=utf-8 76.1306ms
2024-11-04 10:41:40.870 +01:00 [INF] Request starting HTTP/1.1 GET http://localhost:5017/images/Facebook.png - null null
2024-11-04 10:41:40.870 +01:00 [INF] Request starting HTTP/1.1 GET http://localhost:5017/images/Twitter.png - null null
2024-11-04 10:41:40.873 +01:00 [INF] Request starting HTTP/1.1 GET http://localhost:5017/images/Google.png - null null
2024-11-04 10:41:40.873 +01:00 [INF] Request starting HTTP/1.1 GET http://localhost:5017/images/Linkedin.png - null null
2024-11-04 10:41:40.873 +01:00 [INF] Request starting HTTP/1.1 GET http://localhost:5017/lib/jquery-validation/dist/jquery.validate.min.js - null null
2024-11-04 10:41:40.873 +01:00 [INF] Request starting HTTP/1.1 GET http://localhost:5017/lib/jquery-validation-unobtrusive/jquery.validate.unobtrusive.min.js - null null
2024-11-04 10:41:40.875 +01:00 [INF] Request finished HTTP/1.1 GET http://localhost:5017/lib/jquery-validation-unobtrusive/jquery.validate.unobtrusive.min.js - 404 0 null 1.1575ms
2024-11-04 10:41:40.875 +01:00 [INF] Request finished HTTP/1.1 GET http://localhost:5017/lib/jquery-validation/dist/jquery.validate.min.js - 404 0 null 1.2906ms
2024-11-04 10:41:40.876 +01:00 [INF] Request reached the end of the middleware pipeline without being handled by application code. Request path: GET http://localhost:5017/lib/jquery-validation/dist/jquery.validate.min.js, Response status code: 404
2024-11-04 10:41:40.876 +01:00 [INF] Request reached the end of the middleware pipeline without being handled by application code. Request path: GET http://localhost:5017/lib/jquery-validation-unobtrusive/jquery.validate.unobtrusive.min.js, Response status code: 404
2024-11-04 10:41:40.888 +01:00 [INF] Sending file. Request path: '/images/Linkedin.png'. Physical path: 'C:\ITPE3200\ITPE3200_Exam_project-main\ITPE3200_Exam_project-main\ITPE3200_Exam_project\wwwroot\images\Linkedin.png'
2024-11-04 10:41:40.888 +01:00 [INF] Sending file. Request path: '/images/Facebook.png'. Physical path: 'C:\ITPE3200\ITPE3200_Exam_project-main\ITPE3200_Exam_project-main\ITPE3200_Exam_project\wwwroot\images\Facebook.png'
2024-11-04 10:41:40.888 +01:00 [INF] Sending file. Request path: '/images/Google.png'. Physical path: 'C:\ITPE3200\ITPE3200_Exam_project-main\ITPE3200_Exam_project-main\ITPE3200_Exam_project\wwwroot\images\Google.png'
2024-11-04 10:41:40.889 +01:00 [INF] Request finished HTTP/1.1 GET http://localhost:5017/images/Facebook.png - 200 26053 image/png 18.9339ms
2024-11-04 10:41:40.889 +01:00 [INF] Request finished HTTP/1.1 GET http://localhost:5017/images/Linkedin.png - 200 16602 image/png 15.8186ms
2024-11-04 10:41:40.889 +01:00 [INF] Request finished HTTP/1.1 GET http://localhost:5017/images/Google.png - 200 14089 image/png 16.0946ms
2024-11-04 10:41:40.890 +01:00 [INF] Sending file. Request path: '/images/Twitter.png'. Physical path: 'C:\ITPE3200\ITPE3200_Exam_project-main\ITPE3200_Exam_project-main\ITPE3200_Exam_project\wwwroot\images\Twitter.png'
2024-11-04 10:41:40.890 +01:00 [INF] Request finished HTTP/1.1 GET http://localhost:5017/images/Twitter.png - 200 48785 image/png 20.1015ms
2024-11-04 10:45:15.993 +01:00 [INF] Request starting HTTP/1.1 GET http://localhost:5017/ - null null
2024-11-04 10:45:15.993 +01:00 [INF] Executing endpoint 'MyShop.Controllers.HomeController.Index (MyShop)'
2024-11-04 10:45:15.993 +01:00 [INF] Route matched with {action = "Index", controller = "Home", page = "", area = ""}. Executing controller action with signature Microsoft.AspNetCore.Mvc.IActionResult Index() on controller MyShop.Controllers.HomeController (MyShop).
2024-11-04 10:45:15.994 +01:00 [INF] Executing ViewResult, running view Index.
2024-11-04 10:45:16.002 +01:00 [INF] Executed ViewResult - view Index executed in 8.6427ms.
2024-11-04 10:45:16.002 +01:00 [INF] Executed action MyShop.Controllers.HomeController.Index (MyShop) in 9.021ms
2024-11-04 10:45:16.002 +01:00 [INF] Executed endpoint 'MyShop.Controllers.HomeController.Index (MyShop)'
2024-11-04 10:45:16.002 +01:00 [INF] Request finished HTTP/1.1 GET http://localhost:5017/ - 200 null text/html; charset=utf-8 9.8558ms
2024-11-04 10:47:23.756 +01:00 [INF] Application is shutting down...
