2024-11-04 13:21:46.940 +01:00 [INF] User profile is available. Using 'C:\Users\jovan\AppData\Local\ASP.NET\DataProtection-Keys' as key repository and Windows DPAPI to encrypt keys at rest.
2024-11-04 13:21:47.081 +01:00 [INF] Now listening on: http://localhost:5017
2024-11-04 13:21:47.085 +01:00 [INF] Application started. Press Ctrl+C to shut down.
2024-11-04 13:21:47.086 +01:00 [INF] Hosting environment: Development
2024-11-04 13:21:47.086 +01:00 [INF] Content root path: C:\TestMappe\Eksamen\ITPE3200_Exam_project
2024-11-04 13:21:49.027 +01:00 [INF] Request starting HTTP/1.1 GET http://localhost:5017/ - null null
2024-11-04 13:21:49.072 +01:00 [INF] Identity.Application was not authenticated. Failure message: Unprotect ticket failed
2024-11-04 13:21:49.076 +01:00 [INF] Executing endpoint 'MyShop.Controllers.HomeController.Index (MyShop)'
2024-11-04 13:21:49.088 +01:00 [INF] Route matched with {action = "Index", controller = "Home", page = "", area = ""}. Executing controller action with signature Microsoft.AspNetCore.Mvc.IActionResult Index() on controller MyShop.Controllers.HomeController (MyShop).
2024-11-04 13:21:49.095 +01:00 [INF] Executing ViewResult, running view Index.
2024-11-04 13:21:49.171 +01:00 [INF] Executed ViewResult - view Index executed in 78.0594ms.
2024-11-04 13:21:49.173 +01:00 [INF] Executed action MyShop.Controllers.HomeController.Index (MyShop) in 84.8861ms
2024-11-04 13:21:49.173 +01:00 [INF] Executed endpoint 'MyShop.Controllers.HomeController.Index (MyShop)'
2024-11-04 13:21:49.177 +01:00 [INF] Request finished HTTP/1.1 GET http://localhost:5017/ - 200 null text/html; charset=utf-8 151.816ms
2024-11-04 13:21:51.530 +01:00 [INF] Request starting HTTP/1.1 GET http://localhost:5017/Identity/Account/Login - null null
2024-11-04 13:21:51.534 +01:00 [INF] Identity.Application was not authenticated. Failure message: Unprotect ticket failed
2024-11-04 13:21:51.534 +01:00 [INF] Executing endpoint '/Account/Login'
2024-11-04 13:21:51.548 +01:00 [INF] Route matched with {page = "/Account/Login", area = "Identity", action = "", controller = ""}. Executing page /Account/Login
2024-11-04 13:21:51.561 +01:00 [INF] Executing handler method MyShop.Areas.Identity.Pages.Account.LoginModel.OnGetAsync - ModelState is "Valid"
2024-11-04 13:21:51.565 +01:00 [INF] AuthenticationScheme: Identity.External signed out.
2024-11-04 13:21:51.566 +01:00 [INF] Executed handler method OnGetAsync, returned result .
2024-11-04 13:21:51.568 +01:00 [INF] Executing an implicit handler method - ModelState is "Valid"
2024-11-04 13:21:51.569 +01:00 [INF] Executed an implicit handler method, returned result Microsoft.AspNetCore.Mvc.RazorPages.PageResult.
2024-11-04 13:21:51.603 +01:00 [INF] Executed page /Account/Login in 55.4767ms
2024-11-04 13:21:51.604 +01:00 [INF] Executed endpoint '/Account/Login'
2024-11-04 13:21:51.604 +01:00 [INF] Request finished HTTP/1.1 GET http://localhost:5017/Identity/Account/Login - 200 null text/html; charset=utf-8 74.0904ms
2024-11-04 13:21:51.630 +01:00 [INF] Request starting HTTP/1.1 GET http://localhost:5017/images/SignUp.png - null null
2024-11-04 13:21:51.654 +01:00 [INF] Sending file. Request path: '/images/SignUp.png'. Physical path: 'C:\TestMappe\Eksamen\ITPE3200_Exam_project\wwwroot\images\SignUp.png'
2024-11-04 13:21:51.654 +01:00 [INF] Request finished HTTP/1.1 GET http://localhost:5017/images/SignUp.png - 200 681338 image/png 24.0437ms
2024-11-04 13:21:51.682 +01:00 [INF] Request starting HTTP/1.1 GET http://localhost:5017/lib/jquery-validation/dist/jquery.validate.min.js - null null
2024-11-04 13:21:51.685 +01:00 [INF] Identity.Application was not authenticated. Failure message: Unprotect ticket failed
2024-11-04 13:21:51.685 +01:00 [INF] Request finished HTTP/1.1 GET http://localhost:5017/lib/jquery-validation/dist/jquery.validate.min.js - 404 0 null 2.7845ms
2024-11-04 13:21:51.686 +01:00 [INF] Request reached the end of the middleware pipeline without being handled by application code. Request path: GET http://localhost:5017/lib/jquery-validation/dist/jquery.validate.min.js, Response status code: 404
2024-11-04 13:21:51.686 +01:00 [INF] Request starting HTTP/1.1 GET http://localhost:5017/lib/jquery-validation-unobtrusive/jquery.validate.unobtrusive.min.js - null null
2024-11-04 13:21:51.687 +01:00 [INF] Identity.Application was not authenticated. Failure message: Unprotect ticket failed
2024-11-04 13:21:51.687 +01:00 [INF] Request finished HTTP/1.1 GET http://localhost:5017/lib/jquery-validation-unobtrusive/jquery.validate.unobtrusive.min.js - 404 0 null 0.7346ms
2024-11-04 13:21:51.687 +01:00 [INF] Request reached the end of the middleware pipeline without being handled by application code. Request path: GET http://localhost:5017/lib/jquery-validation-unobtrusive/jquery.validate.unobtrusive.min.js, Response status code: 404
