2024-11-04 13:53:26.656 +01:00 [INF] User profile is available. Using 'C:\Users\Hadle\AppData\Local\ASP.NET\DataProtection-Keys' as key repository and Windows DPAPI to encrypt keys at rest.
2024-11-04 13:53:26.789 +01:00 [INF] Now listening on: http://localhost:5017
2024-11-04 13:53:26.792 +01:00 [INF] Application started. Press Ctrl+C to shut down.
2024-11-04 13:53:26.793 +01:00 [INF] Hosting environment: Development
2024-11-04 13:53:26.793 +01:00 [INF] Content root path: C:\ITPE3200\ITPE3200_Exam_project-main\ITPE3200_Exam_project-main\ITPE3200_Exam_project
2024-11-04 13:53:28.118 +01:00 [INF] Request starting HTTP/1.1 GET http://localhost:5017/ - null null
2024-11-04 13:53:28.157 +01:00 [INF] Executing endpoint 'MyShop.Controllers.HomeController.Index (MyShop)'
2024-11-04 13:53:28.167 +01:00 [INF] Route matched with {action = "Index", controller = "Home", page = "", area = ""}. Executing controller action with signature Microsoft.AspNetCore.Mvc.IActionResult Index() on controller MyShop.Controllers.HomeController (MyShop).
2024-11-04 13:53:28.173 +01:00 [INF] Executing ViewResult, running view Index.
2024-11-04 13:53:28.247 +01:00 [INF] Executed ViewResult - view Index executed in 74.5738ms.
2024-11-04 13:53:28.249 +01:00 [INF] Executed action MyShop.Controllers.HomeController.Index (MyShop) in 81.0354ms
2024-11-04 13:53:28.249 +01:00 [INF] Executed endpoint 'MyShop.Controllers.HomeController.Index (MyShop)'
2024-11-04 13:53:28.252 +01:00 [INF] Request finished HTTP/1.1 GET http://localhost:5017/ - 200 null text/html; charset=utf-8 135.4175ms
2024-11-04 13:53:45.261 +01:00 [INF] Request starting HTTP/1.1 GET http://localhost:5017/ - null null
2024-11-04 13:53:45.263 +01:00 [INF] Executing endpoint 'MyShop.Controllers.HomeController.Index (MyShop)'
2024-11-04 13:53:45.263 +01:00 [INF] Route matched with {action = "Index", controller = "Home", page = "", area = ""}. Executing controller action with signature Microsoft.AspNetCore.Mvc.IActionResult Index() on controller MyShop.Controllers.HomeController (MyShop).
2024-11-04 13:53:45.263 +01:00 [INF] Executing ViewResult, running view Index.
2024-11-04 13:53:45.269 +01:00 [INF] Executed ViewResult - view Index executed in 5.7965ms.
2024-11-04 13:53:45.269 +01:00 [INF] Executed action MyShop.Controllers.HomeController.Index (MyShop) in 6.2823ms
2024-11-04 13:53:45.269 +01:00 [INF] Executed endpoint 'MyShop.Controllers.HomeController.Index (MyShop)'
2024-11-04 13:53:45.270 +01:00 [INF] Request finished HTTP/1.1 GET http://localhost:5017/ - 200 null text/html; charset=utf-8 8.4691ms
2024-11-04 13:53:45.996 +01:00 [INF] Request starting HTTP/1.1 GET http://localhost:5017/Item/Grid - null null
2024-11-04 13:53:45.998 +01:00 [INF] Executing endpoint 'MyShop.Controllers.ItemController.Grid (MyShop)'
2024-11-04 13:53:46.003 +01:00 [INF] Route matched with {action = "Grid", controller = "Item", page = "", area = ""}. Executing controller action with signature System.Threading.Tasks.Task`1[Microsoft.AspNetCore.Mvc.IActionResult] Grid() on controller MyShop.Controllers.ItemController (MyShop).
2024-11-04 13:53:46.102 +01:00 [INF] Executing ViewResult, running view Grid.
2024-11-04 13:53:46.113 +01:00 [INF] Executed ViewResult - view Grid executed in 10.914ms.
2024-11-04 13:53:46.113 +01:00 [INF] Executed action MyShop.Controllers.ItemController.Grid (MyShop) in 110.1646ms
2024-11-04 13:53:46.113 +01:00 [INF] Executed endpoint 'MyShop.Controllers.ItemController.Grid (MyShop)'
2024-11-04 13:53:46.116 +01:00 [INF] Request finished HTTP/1.1 GET http://localhost:5017/Item/Grid - 200 null text/html; charset=utf-8 120.4184ms
2024-11-04 13:53:46.705 +01:00 [INF] Request starting HTTP/1.1 GET http://localhost:5017/ - null null
2024-11-04 13:53:46.705 +01:00 [INF] Executing endpoint 'MyShop.Controllers.HomeController.Index (MyShop)'
2024-11-04 13:53:46.705 +01:00 [INF] Route matched with {action = "Index", controller = "Home", page = "", area = ""}. Executing controller action with signature Microsoft.AspNetCore.Mvc.IActionResult Index() on controller MyShop.Controllers.HomeController (MyShop).
2024-11-04 13:53:46.706 +01:00 [INF] Executing ViewResult, running view Index.
2024-11-04 13:53:46.708 +01:00 [INF] Executed ViewResult - view Index executed in 1.9783ms.
2024-11-04 13:53:46.708 +01:00 [INF] Executed action MyShop.Controllers.HomeController.Index (MyShop) in 2.1799ms
2024-11-04 13:53:46.708 +01:00 [INF] Executed endpoint 'MyShop.Controllers.HomeController.Index (MyShop)'
2024-11-04 13:53:46.708 +01:00 [INF] Request finished HTTP/1.1 GET http://localhost:5017/ - 200 null text/html; charset=utf-8 2.833ms
2024-11-04 13:54:20.427 +01:00 [INF] Request starting HTTP/1.1 GET http://localhost:5017/Identity/Account/Register - null null
2024-11-04 13:54:20.428 +01:00 [INF] Executing endpoint '/Account/Register'
2024-11-04 13:54:20.442 +01:00 [INF] Route matched with {page = "/Account/Register", area = "Identity", action = "", controller = ""}. Executing page /Account/Register
2024-11-04 13:54:20.452 +01:00 [INF] Executing handler method MyShop.Areas.Identity.Pages.Account.RegisterModel.OnGetAsync - ModelState is "Valid"
2024-11-04 13:54:20.454 +01:00 [INF] Executed handler method OnGetAsync, returned result .
2024-11-04 13:54:20.456 +01:00 [INF] Executing an implicit handler method - ModelState is "Valid"
2024-11-04 13:54:20.456 +01:00 [INF] Executed an implicit handler method, returned result Microsoft.AspNetCore.Mvc.RazorPages.PageResult.
2024-11-04 13:54:20.483 +01:00 [INF] Executed page /Account/Register in 40.8148ms
2024-11-04 13:54:20.483 +01:00 [INF] Executed endpoint '/Account/Register'
2024-11-04 13:54:20.484 +01:00 [INF] Request finished HTTP/1.1 GET http://localhost:5017/Identity/Account/Register - 200 null text/html; charset=utf-8 56.5715ms
2024-11-04 13:54:20.510 +01:00 [INF] Request starting HTTP/1.1 GET http://localhost:5017/lib/jquery-validation/dist/jquery.validate.min.js - null null
2024-11-04 13:54:20.511 +01:00 [INF] Request starting HTTP/1.1 GET http://localhost:5017/lib/jquery-validation-unobtrusive/jquery.validate.unobtrusive.min.js - null null
2024-11-04 13:54:20.512 +01:00 [INF] Request finished HTTP/1.1 GET http://localhost:5017/lib/jquery-validation/dist/jquery.validate.min.js - 404 0 null 1.918ms
2024-11-04 13:54:20.512 +01:00 [INF] Request finished HTTP/1.1 GET http://localhost:5017/lib/jquery-validation-unobtrusive/jquery.validate.unobtrusive.min.js - 404 0 null 0.5485ms
2024-11-04 13:54:20.513 +01:00 [INF] Request reached the end of the middleware pipeline without being handled by application code. Request path: GET http://localhost:5017/lib/jquery-validation-unobtrusive/jquery.validate.unobtrusive.min.js, Response status code: 404
2024-11-04 13:54:20.513 +01:00 [INF] Request reached the end of the middleware pipeline without being handled by application code. Request path: GET http://localhost:5017/lib/jquery-validation/dist/jquery.validate.min.js, Response status code: 404
2024-11-04 13:54:21.216 +01:00 [INF] Request starting HTTP/1.1 GET http://localhost:5017/Identity/Account/Login - null null
2024-11-04 13:54:21.219 +01:00 [INF] Executing endpoint '/Account/Login'
2024-11-04 13:54:21.224 +01:00 [INF] Route matched with {page = "/Account/Login", area = "Identity", action = "", controller = ""}. Executing page /Account/Login
2024-11-04 13:54:21.226 +01:00 [INF] Executing handler method MyShop.Areas.Identity.Pages.Account.LoginModel.OnGetAsync - ModelState is "Valid"
2024-11-04 13:54:21.228 +01:00 [INF] AuthenticationScheme: Identity.External signed out.
2024-11-04 13:54:21.229 +01:00 [INF] Executed handler method OnGetAsync, returned result .
2024-11-04 13:54:21.229 +01:00 [INF] Executing an implicit handler method - ModelState is "Valid"
2024-11-04 13:54:21.229 +01:00 [INF] Executed an implicit handler method, returned result Microsoft.AspNetCore.Mvc.RazorPages.PageResult.
2024-11-04 13:54:21.245 +01:00 [INF] Executed page /Account/Login in 20.8444ms
2024-11-04 13:54:21.245 +01:00 [INF] Executed endpoint '/Account/Login'
2024-11-04 13:54:21.245 +01:00 [INF] Request finished HTTP/1.1 GET http://localhost:5017/Identity/Account/Login - 200 null text/html; charset=utf-8 29.1317ms
2024-11-04 13:54:21.263 +01:00 [INF] Request starting HTTP/1.1 GET http://localhost:5017/lib/jquery-validation/dist/jquery.validate.min.js - null null
2024-11-04 13:54:21.264 +01:00 [INF] Request finished HTTP/1.1 GET http://localhost:5017/lib/jquery-validation/dist/jquery.validate.min.js - 404 0 null 0.4818ms
2024-11-04 13:54:21.264 +01:00 [INF] Request reached the end of the middleware pipeline without being handled by application code. Request path: GET http://localhost:5017/lib/jquery-validation/dist/jquery.validate.min.js, Response status code: 404
2024-11-04 13:54:21.268 +01:00 [INF] Request starting HTTP/1.1 GET http://localhost:5017/lib/jquery-validation-unobtrusive/jquery.validate.unobtrusive.min.js - null null
2024-11-04 13:54:21.268 +01:00 [INF] Request finished HTTP/1.1 GET http://localhost:5017/lib/jquery-validation-unobtrusive/jquery.validate.unobtrusive.min.js - 404 0 null 0.4889ms
2024-11-04 13:54:21.269 +01:00 [INF] Request reached the end of the middleware pipeline without being handled by application code. Request path: GET http://localhost:5017/lib/jquery-validation-unobtrusive/jquery.validate.unobtrusive.min.js, Response status code: 404
2024-11-04 13:54:22.811 +01:00 [INF] Request starting HTTP/1.1 GET http://localhost:5017/ - null null
2024-11-04 13:54:22.811 +01:00 [INF] Executing endpoint 'MyShop.Controllers.HomeController.Index (MyShop)'
2024-11-04 13:54:22.811 +01:00 [INF] Route matched with {action = "Index", controller = "Home", page = "", area = ""}. Executing controller action with signature Microsoft.AspNetCore.Mvc.IActionResult Index() on controller MyShop.Controllers.HomeController (MyShop).
2024-11-04 13:54:22.811 +01:00 [INF] Executing ViewResult, running view Index.
2024-11-04 13:54:22.812 +01:00 [INF] Executed ViewResult - view Index executed in 0.978ms.
2024-11-04 13:54:22.812 +01:00 [INF] Executed action MyShop.Controllers.HomeController.Index (MyShop) in 1.1338ms
2024-11-04 13:54:22.812 +01:00 [INF] Executed endpoint 'MyShop.Controllers.HomeController.Index (MyShop)'
2024-11-04 13:54:22.812 +01:00 [INF] Request finished HTTP/1.1 GET http://localhost:5017/ - 200 null text/html; charset=utf-8 1.7778ms
