2024-11-04 12:51:11.798 +01:00 [INF] User profile is available. Using 'C:\Users\jovan\AppData\Local\ASP.NET\DataProtection-Keys' as key repository and Windows DPAPI to encrypt keys at rest.
2024-11-04 12:51:11.918 +01:00 [INF] Now listening on: http://localhost:5017
2024-11-04 12:51:11.921 +01:00 [INF] Application started. Press Ctrl+C to shut down.
2024-11-04 12:51:11.922 +01:00 [INF] Hosting environment: Development
2024-11-04 12:51:11.922 +01:00 [INF] Content root path: C:\TestMappe\Eksamen\ITPE3200_Exam_project
2024-11-04 12:51:14.035 +01:00 [INF] Request starting HTTP/1.1 GET http://localhost:5017/ - null null
2024-11-04 12:51:14.077 +01:00 [INF] Identity.Application was not authenticated. Failure message: Unprotect ticket failed
2024-11-04 12:51:14.081 +01:00 [INF] Executing endpoint 'MyShop.Controllers.HomeController.Index (MyShop)'
2024-11-04 12:51:14.092 +01:00 [INF] Route matched with {action = "Index", controller = "Home", page = "", area = ""}. Executing controller action with signature Microsoft.AspNetCore.Mvc.IActionResult Index() on controller MyShop.Controllers.HomeController (MyShop).
2024-11-04 12:51:14.097 +01:00 [INF] Executing ViewResult, running view Index.
2024-11-04 12:51:14.173 +01:00 [INF] Executed ViewResult - view Index executed in 75.7729ms.
2024-11-04 12:51:14.175 +01:00 [INF] Executed action MyShop.Controllers.HomeController.Index (MyShop) in 83.0962ms
2024-11-04 12:51:14.175 +01:00 [INF] Executed endpoint 'MyShop.Controllers.HomeController.Index (MyShop)'
2024-11-04 12:51:14.179 +01:00 [INF] Request finished HTTP/1.1 GET http://localhost:5017/ - 200 null text/html; charset=utf-8 146.2273ms
2024-11-04 12:51:17.212 +01:00 [INF] Request starting HTTP/1.1 GET http://localhost:5017/Identity/Account/Login - null null
2024-11-04 12:51:17.215 +01:00 [INF] Identity.Application was not authenticated. Failure message: Unprotect ticket failed
2024-11-04 12:51:17.215 +01:00 [INF] Executing endpoint '/Account/Login'
2024-11-04 12:51:17.229 +01:00 [INF] Route matched with {page = "/Account/Login", area = "Identity", action = "", controller = ""}. Executing page /Account/Login
2024-11-04 12:51:17.240 +01:00 [INF] Executing handler method MyShop.Areas.Identity.Pages.Account.LoginModel.OnGetAsync - ModelState is "Valid"
2024-11-04 12:51:17.244 +01:00 [INF] AuthenticationScheme: Identity.External signed out.
2024-11-04 12:51:17.245 +01:00 [INF] Executed handler method OnGetAsync, returned result .
2024-11-04 12:51:17.247 +01:00 [INF] Executing an implicit handler method - ModelState is "Valid"
2024-11-04 12:51:17.247 +01:00 [INF] Executed an implicit handler method, returned result Microsoft.AspNetCore.Mvc.RazorPages.PageResult.
2024-11-04 12:51:17.278 +01:00 [INF] Executed page /Account/Login in 49.1836ms
2024-11-04 12:51:17.278 +01:00 [INF] Executed endpoint '/Account/Login'
2024-11-04 12:51:17.279 +01:00 [INF] Request finished HTTP/1.1 GET http://localhost:5017/Identity/Account/Login - 200 null text/html; charset=utf-8 67.0104ms
2024-11-04 12:51:17.305 +01:00 [INF] Request starting HTTP/1.1 GET http://localhost:5017/images/illustration.png - null null
2024-11-04 12:51:17.309 +01:00 [INF] Identity.Application was not authenticated. Failure message: Unprotect ticket failed
2024-11-04 12:51:17.310 +01:00 [INF] Request finished HTTP/1.1 GET http://localhost:5017/images/illustration.png - 404 0 null 4.441ms
2024-11-04 12:51:17.311 +01:00 [INF] Request reached the end of the middleware pipeline without being handled by application code. Request path: GET http://localhost:5017/images/illustration.png, Response status code: 404
2024-11-04 12:51:17.315 +01:00 [INF] Request starting HTTP/1.1 GET http://localhost:5017/lib/jquery-validation/dist/jquery.validate.min.js - null null
2024-11-04 12:51:17.316 +01:00 [INF] Request starting HTTP/1.1 GET http://localhost:5017/lib/jquery-validation-unobtrusive/jquery.validate.unobtrusive.min.js - null null
2024-11-04 12:51:17.316 +01:00 [INF] Identity.Application was not authenticated. Failure message: Unprotect ticket failed
2024-11-04 12:51:17.316 +01:00 [INF] Request finished HTTP/1.1 GET http://localhost:5017/lib/jquery-validation/dist/jquery.validate.min.js - 404 0 null 0.7253ms
2024-11-04 12:51:17.316 +01:00 [INF] Identity.Application was not authenticated. Failure message: Unprotect ticket failed
2024-11-04 12:51:17.316 +01:00 [INF] Request reached the end of the middleware pipeline without being handled by application code. Request path: GET http://localhost:5017/lib/jquery-validation/dist/jquery.validate.min.js, Response status code: 404
2024-11-04 12:51:17.316 +01:00 [INF] Request finished HTTP/1.1 GET http://localhost:5017/lib/jquery-validation-unobtrusive/jquery.validate.unobtrusive.min.js - 404 0 null 0.6027ms
2024-11-04 12:51:17.316 +01:00 [INF] Request reached the end of the middleware pipeline without being handled by application code. Request path: GET http://localhost:5017/lib/jquery-validation-unobtrusive/jquery.validate.unobtrusive.min.js, Response status code: 404
