2024-11-04 11:46:08.701 +01:00 [INF] User profile is available. Using 'C:\Users\Hadle\AppData\Local\ASP.NET\DataProtection-Keys' as key repository and Windows DPAPI to encrypt keys at rest.
2024-11-04 11:46:08.837 +01:00 [INF] Now listening on: http://localhost:5017
2024-11-04 11:46:08.840 +01:00 [INF] Application started. Press Ctrl+C to shut down.
2024-11-04 11:46:08.841 +01:00 [INF] Hosting environment: Development
2024-11-04 11:46:08.841 +01:00 [INF] Content root path: C:\ITPE3200\ITPE3200_Exam_project-main\ITPE3200_Exam_project-main\ITPE3200_Exam_project
2024-11-04 11:46:10.348 +01:00 [INF] Request starting HTTP/1.1 GET http://localhost:5017/ - null null
2024-11-04 11:46:10.390 +01:00 [INF] Executing endpoint 'MyShop.Controllers.HomeController.Index (MyShop)'
2024-11-04 11:46:10.401 +01:00 [INF] Route matched with {action = "Index", controller = "Home", page = "", area = ""}. Executing controller action with signature Microsoft.AspNetCore.Mvc.IActionResult Index() on controller MyShop.Controllers.HomeController (MyShop).
2024-11-04 11:46:10.408 +01:00 [INF] Executing ViewResult, running view Index.
2024-11-04 11:46:10.480 +01:00 [INF] Executed ViewResult - view Index executed in 72.6197ms.
2024-11-04 11:46:10.482 +01:00 [INF] Executed action MyShop.Controllers.HomeController.Index (MyShop) in 80.0351ms
2024-11-04 11:46:10.482 +01:00 [INF] Executed endpoint 'MyShop.Controllers.HomeController.Index (MyShop)'
2024-11-04 11:46:10.485 +01:00 [INF] Request finished HTTP/1.1 GET http://localhost:5017/ - 200 null text/html; charset=utf-8 138.4837ms
2024-11-04 11:46:20.484 +01:00 [INF] Request starting HTTP/1.1 GET http://localhost:5017/ - null null
2024-11-04 11:46:20.486 +01:00 [INF] Executing endpoint 'MyShop.Controllers.HomeController.Index (MyShop)'
2024-11-04 11:46:20.486 +01:00 [INF] Route matched with {action = "Index", controller = "Home", page = "", area = ""}. Executing controller action with signature Microsoft.AspNetCore.Mvc.IActionResult Index() on controller MyShop.Controllers.HomeController (MyShop).
2024-11-04 11:46:20.487 +01:00 [INF] Executing ViewResult, running view Index.
2024-11-04 11:46:20.492 +01:00 [INF] Executed ViewResult - view Index executed in 5.6553ms.
2024-11-04 11:46:20.492 +01:00 [INF] Executed action MyShop.Controllers.HomeController.Index (MyShop) in 6.1163ms
2024-11-04 11:46:20.492 +01:00 [INF] Executed endpoint 'MyShop.Controllers.HomeController.Index (MyShop)'
2024-11-04 11:46:20.493 +01:00 [INF] Request finished HTTP/1.1 GET http://localhost:5017/ - 200 null text/html; charset=utf-8 8.4576ms
2024-11-04 11:46:21.682 +01:00 [INF] Request starting HTTP/1.1 GET http://localhost:5017/Item/Grid - null null
2024-11-04 11:46:21.685 +01:00 [INF] Executing endpoint 'MyShop.Controllers.ItemController.Grid (MyShop)'
2024-11-04 11:46:21.689 +01:00 [INF] Route matched with {action = "Grid", controller = "Item", page = "", area = ""}. Executing controller action with signature System.Threading.Tasks.Task`1[Microsoft.AspNetCore.Mvc.IActionResult] Grid() on controller MyShop.Controllers.ItemController (MyShop).
2024-11-04 11:46:21.791 +01:00 [INF] Executing ViewResult, running view Grid.
2024-11-04 11:46:21.801 +01:00 [INF] Executed ViewResult - view Grid executed in 11.3719ms.
2024-11-04 11:46:21.802 +01:00 [INF] Executed action MyShop.Controllers.ItemController.Grid (MyShop) in 112.0563ms
2024-11-04 11:46:21.802 +01:00 [INF] Executed endpoint 'MyShop.Controllers.ItemController.Grid (MyShop)'
2024-11-04 11:46:21.804 +01:00 [INF] Request finished HTTP/1.1 GET http://localhost:5017/Item/Grid - 200 null text/html; charset=utf-8 122.5271ms
2024-11-04 11:46:22.518 +01:00 [INF] Request starting HTTP/1.1 GET http://localhost:5017/Customer/Table - null null
2024-11-04 11:46:22.519 +01:00 [INF] Executing endpoint 'MyShop.Controllers.CustomerController.Table (MyShop)'
2024-11-04 11:46:22.522 +01:00 [INF] Route matched with {action = "Table", controller = "Customer", page = "", area = ""}. Executing controller action with signature System.Threading.Tasks.Task`1[Microsoft.AspNetCore.Mvc.IActionResult] Table() on controller MyShop.Controllers.CustomerController (MyShop).
2024-11-04 11:46:22.570 +01:00 [INF] Executing ViewResult, running view Table.
2024-11-04 11:46:22.625 +01:00 [INF] Executed ViewResult - view Table executed in 54.8469ms.
2024-11-04 11:46:22.625 +01:00 [INF] Executed action MyShop.Controllers.CustomerController.Table (MyShop) in 102.9653ms
2024-11-04 11:46:22.625 +01:00 [INF] Executed endpoint 'MyShop.Controllers.CustomerController.Table (MyShop)'
2024-11-04 11:46:22.625 +01:00 [INF] Request finished HTTP/1.1 GET http://localhost:5017/Customer/Table - 200 null text/html; charset=utf-8 107.3107ms
2024-11-04 11:46:23.140 +01:00 [INF] Request starting HTTP/1.1 GET http://localhost:5017/ - null null
2024-11-04 11:46:23.140 +01:00 [INF] Executing endpoint 'MyShop.Controllers.HomeController.Index (MyShop)'
2024-11-04 11:46:23.140 +01:00 [INF] Route matched with {action = "Index", controller = "Home", page = "", area = ""}. Executing controller action with signature Microsoft.AspNetCore.Mvc.IActionResult Index() on controller MyShop.Controllers.HomeController (MyShop).
2024-11-04 11:46:23.141 +01:00 [INF] Executing ViewResult, running view Index.
2024-11-04 11:46:23.142 +01:00 [INF] Executed ViewResult - view Index executed in 1.6451ms.
2024-11-04 11:46:23.142 +01:00 [INF] Executed action MyShop.Controllers.HomeController.Index (MyShop) in 1.7918ms
2024-11-04 11:46:23.142 +01:00 [INF] Executed endpoint 'MyShop.Controllers.HomeController.Index (MyShop)'
2024-11-04 11:46:23.142 +01:00 [INF] Request finished HTTP/1.1 GET http://localhost:5017/ - 200 null text/html; charset=utf-8 2.4038ms
2024-11-04 11:47:40.404 +01:00 [INF] Application is shutting down...
