2024-10-18 10:34:55.031 +02:00 [INF] User profile is available. Using 'C:\Users\Hadle\AppData\Local\ASP.NET\DataProtection-Keys' as key repository and Windows DPAPI to encrypt keys at rest.
2024-10-18 10:34:55.097 +02:00 [INF] Now listening on: http://localhost:5017
2024-10-18 10:34:55.101 +02:00 [INF] Application started. Press Ctrl+C to shut down.
2024-10-18 10:34:55.101 +02:00 [INF] Hosting environment: Development
2024-10-18 10:34:55.101 +02:00 [INF] Content root path: C:\Users\Hadle\Downloads\ITPE3200\ITPE3200_Exam_project
2024-10-18 10:34:57.211 +02:00 [INF] Request starting HTTP/1.1 GET http://localhost:5017/ - null null
2024-10-18 10:34:57.235 +02:00 [INF] Executing endpoint 'MyShop.Controllers.HomeController.Index (MyShop)'
2024-10-18 10:34:57.242 +02:00 [INF] Route matched with {action = "Index", controller = "Home"}. Executing controller action with signature Microsoft.AspNetCore.Mvc.IActionResult Index() on controller MyShop.Controllers.HomeController (MyShop).
2024-10-18 10:34:57.252 +02:00 [INF] Executing ViewResult, running view Index.
2024-10-18 10:34:57.340 +02:00 [INF] Executed ViewResult - view Index executed in 88.6622ms.
2024-10-18 10:34:57.342 +02:00 [INF] Executed action MyShop.Controllers.HomeController.Index (MyShop) in 99.5337ms
2024-10-18 10:34:57.343 +02:00 [INF] Executed endpoint 'MyShop.Controllers.HomeController.Index (MyShop)'
2024-10-18 10:34:57.346 +02:00 [INF] Request finished HTTP/1.1 GET http://localhost:5017/ - 200 null text/html; charset=utf-8 135.4032ms
2024-10-18 10:35:08.660 +02:00 [INF] Request starting HTTP/1.1 GET http://localhost:5017/ - null null
2024-10-18 10:35:08.661 +02:00 [INF] Executing endpoint 'MyShop.Controllers.HomeController.Index (MyShop)'
2024-10-18 10:35:08.661 +02:00 [INF] Route matched with {action = "Index", controller = "Home"}. Executing controller action with signature Microsoft.AspNetCore.Mvc.IActionResult Index() on controller MyShop.Controllers.HomeController (MyShop).
2024-10-18 10:35:08.661 +02:00 [INF] Executing ViewResult, running view Index.
2024-10-18 10:35:08.665 +02:00 [INF] Executed ViewResult - view Index executed in 4.0697ms.
2024-10-18 10:35:08.666 +02:00 [INF] Executed action MyShop.Controllers.HomeController.Index (MyShop) in 4.7212ms
2024-10-18 10:35:08.666 +02:00 [INF] Executed endpoint 'MyShop.Controllers.HomeController.Index (MyShop)'
2024-10-18 10:35:08.666 +02:00 [INF] Request finished HTTP/1.1 GET http://localhost:5017/ - 200 null text/html; charset=utf-8 6.4296ms
2024-10-18 10:35:09.363 +02:00 [INF] Request starting HTTP/1.1 GET http://localhost:5017/Item/Table - null null
2024-10-18 10:35:09.364 +02:00 [INF] Executing endpoint 'MyShop.Controllers.ItemController.Table (MyShop)'
2024-10-18 10:35:09.370 +02:00 [INF] Route matched with {action = "Table", controller = "Item"}. Executing controller action with signature System.Threading.Tasks.Task`1[Microsoft.AspNetCore.Mvc.IActionResult] Table() on controller MyShop.Controllers.ItemController (MyShop).
2024-10-18 10:35:09.483 +02:00 [INF] Executing ViewResult, running view Table.
2024-10-18 10:35:09.494 +02:00 [INF] Executed ViewResult - view Table executed in 12.0067ms.
2024-10-18 10:35:09.494 +02:00 [INF] Executed action MyShop.Controllers.ItemController.Table (MyShop) in 124.04ms
2024-10-18 10:35:09.494 +02:00 [INF] Executed endpoint 'MyShop.Controllers.ItemController.Table (MyShop)'
2024-10-18 10:35:09.498 +02:00 [INF] Request finished HTTP/1.1 GET http://localhost:5017/Item/Table - 200 null text/html; charset=utf-8 135.3018ms
