2024-10-18 11:05:24.283 +02:00 [INF] User profile is available. Using 'C:\Users\Hadle\AppData\Local\ASP.NET\DataProtection-Keys' as key repository and Windows DPAPI to encrypt keys at rest.
2024-10-18 11:05:24.333 +02:00 [INF] Now listening on: http://localhost:5017
2024-10-18 11:05:24.336 +02:00 [INF] Application started. Press Ctrl+C to shut down.
2024-10-18 11:05:24.336 +02:00 [INF] Hosting environment: Development
2024-10-18 11:05:24.336 +02:00 [INF] Content root path: C:\Users\Hadle\Downloads\ITPE3200\ITPE3200_Exam_project
2024-10-18 11:05:26.023 +02:00 [INF] Request starting HTTP/1.1 GET http://localhost:5017/ - null null
2024-10-18 11:05:26.061 +02:00 [INF] Executing endpoint 'MyShop.Controllers.HomeController.Index (MyShop)'
2024-10-18 11:05:26.068 +02:00 [INF] Route matched with {action = "Index", controller = "Home"}. Executing controller action with signature Microsoft.AspNetCore.Mvc.IActionResult Index() on controller MyShop.Controllers.HomeController (MyShop).
2024-10-18 11:05:26.079 +02:00 [INF] Executing ViewResult, running view Index.
2024-10-18 11:05:26.124 +02:00 [INF] Executed ViewResult - view Index executed in 46.7586ms.
2024-10-18 11:05:26.126 +02:00 [INF] Executed action MyShop.Controllers.HomeController.Index (MyShop) in 57.3243ms
2024-10-18 11:05:26.126 +02:00 [INF] Executed endpoint 'MyShop.Controllers.HomeController.Index (MyShop)'
2024-10-18 11:05:26.128 +02:00 [INF] Request finished HTTP/1.1 GET http://localhost:5017/ - 200 null text/html; charset=utf-8 106.5609ms
2024-10-18 11:05:30.376 +02:00 [INF] Request starting HTTP/1.1 GET http://localhost:5017/ - null null
2024-10-18 11:05:30.377 +02:00 [INF] Executing endpoint 'MyShop.Controllers.HomeController.Index (MyShop)'
2024-10-18 11:05:30.377 +02:00 [INF] Route matched with {action = "Index", controller = "Home"}. Executing controller action with signature Microsoft.AspNetCore.Mvc.IActionResult Index() on controller MyShop.Controllers.HomeController (MyShop).
2024-10-18 11:05:30.378 +02:00 [INF] Executing ViewResult, running view Index.
2024-10-18 11:05:30.380 +02:00 [INF] Executed ViewResult - view Index executed in 2.9219ms.
2024-10-18 11:05:30.380 +02:00 [INF] Executed action MyShop.Controllers.HomeController.Index (MyShop) in 3.2976ms
2024-10-18 11:05:30.381 +02:00 [INF] Executed endpoint 'MyShop.Controllers.HomeController.Index (MyShop)'
2024-10-18 11:05:30.381 +02:00 [INF] Request finished HTTP/1.1 GET http://localhost:5017/ - 200 null text/html; charset=utf-8 4.5718ms
2024-10-18 11:05:31.544 +02:00 [INF] Request starting HTTP/1.1 GET http://localhost:5017/Item/Table - null null
2024-10-18 11:05:31.546 +02:00 [INF] Executing endpoint 'MyShop.Controllers.ItemController.Table (MyShop)'
2024-10-18 11:05:31.551 +02:00 [INF] Route matched with {action = "Table", controller = "Item"}. Executing controller action with signature System.Threading.Tasks.Task`1[Microsoft.AspNetCore.Mvc.IActionResult] Table() on controller MyShop.Controllers.ItemController (MyShop).
2024-10-18 11:05:31.679 +02:00 [INF] Executing ViewResult, running view Table.
2024-10-18 11:05:31.690 +02:00 [INF] Executed ViewResult - view Table executed in 11.8341ms.
2024-10-18 11:05:31.690 +02:00 [INF] Executed action MyShop.Controllers.ItemController.Table (MyShop) in 138.7673ms
2024-10-18 11:05:31.690 +02:00 [INF] Executed endpoint 'MyShop.Controllers.ItemController.Table (MyShop)'
2024-10-18 11:05:31.693 +02:00 [INF] Request finished HTTP/1.1 GET http://localhost:5017/Item/Table - 200 null text/html; charset=utf-8 149.0139ms
2024-10-18 11:05:31.701 +02:00 [INF] Request starting HTTP/1.1 GET http://localhost:5017/Item/Table - null null
2024-10-18 11:05:31.702 +02:00 [INF] Executing endpoint 'MyShop.Controllers.ItemController.Table (MyShop)'
2024-10-18 11:05:31.702 +02:00 [INF] Route matched with {action = "Table", controller = "Item"}. Executing controller action with signature System.Threading.Tasks.Task`1[Microsoft.AspNetCore.Mvc.IActionResult] Table() on controller MyShop.Controllers.ItemController (MyShop).
2024-10-18 11:05:31.750 +02:00 [INF] Executing ViewResult, running view Table.
2024-10-18 11:05:31.752 +02:00 [INF] Executed ViewResult - view Table executed in 1.754ms.
2024-10-18 11:05:31.752 +02:00 [INF] Executed action MyShop.Controllers.ItemController.Table (MyShop) in 49.2442ms
2024-10-18 11:05:31.752 +02:00 [INF] Executed endpoint 'MyShop.Controllers.ItemController.Table (MyShop)'
2024-10-18 11:05:31.752 +02:00 [INF] Request finished HTTP/1.1 GET http://localhost:5017/Item/Table - 200 null text/html; charset=utf-8 51.3006ms
2024-10-18 11:05:32.577 +02:00 [INF] Request starting HTTP/1.1 GET http://localhost:5017/Customer/Table - null null
2024-10-18 11:05:32.578 +02:00 [INF] Executing endpoint 'MyShop.Controllers.CustomerController.Table (MyShop)'
2024-10-18 11:05:32.582 +02:00 [INF] Route matched with {action = "Table", controller = "Customer"}. Executing controller action with signature System.Threading.Tasks.Task`1[Microsoft.AspNetCore.Mvc.IActionResult] Table() on controller MyShop.Controllers.CustomerController (MyShop).
2024-10-18 11:05:32.594 +02:00 [INF] Executing ViewResult, running view Table.
2024-10-18 11:05:32.647 +02:00 [INF] Executed ViewResult - view Table executed in 52.995ms.
2024-10-18 11:05:32.647 +02:00 [INF] Executed action MyShop.Controllers.CustomerController.Table (MyShop) in 64.783ms
2024-10-18 11:05:32.647 +02:00 [INF] Executed endpoint 'MyShop.Controllers.CustomerController.Table (MyShop)'
2024-10-18 11:05:32.647 +02:00 [INF] Request finished HTTP/1.1 GET http://localhost:5017/Customer/Table - 200 null text/html; charset=utf-8 69.975ms
2024-10-18 11:05:34.754 +02:00 [INF] Request starting HTTP/1.1 GET http://localhost:5017/ - null null
2024-10-18 11:05:34.755 +02:00 [INF] Executing endpoint 'MyShop.Controllers.HomeController.Index (MyShop)'
2024-10-18 11:05:34.755 +02:00 [INF] Route matched with {action = "Index", controller = "Home"}. Executing controller action with signature Microsoft.AspNetCore.Mvc.IActionResult Index() on controller MyShop.Controllers.HomeController (MyShop).
2024-10-18 11:05:34.755 +02:00 [INF] Executing ViewResult, running view Index.
2024-10-18 11:05:34.755 +02:00 [INF] Executed ViewResult - view Index executed in 0.7136ms.
2024-10-18 11:05:34.756 +02:00 [INF] Executed action MyShop.Controllers.HomeController.Index (MyShop) in 0.844ms
2024-10-18 11:05:34.756 +02:00 [INF] Executed endpoint 'MyShop.Controllers.HomeController.Index (MyShop)'
2024-10-18 11:05:34.756 +02:00 [INF] Request finished HTTP/1.1 GET http://localhost:5017/ - 200 null text/html; charset=utf-8 1.6098ms
2024-10-18 11:05:58.240 +02:00 [INF] Application is shutting down...
