2024-10-08 12:00:45.147 +02:00 [INF] User profile is available. Using 'C:\Users\Hadle\AppData\Local\ASP.NET\DataProtection-Keys' as key repository and Windows DPAPI to encrypt keys at rest.
2024-10-08 12:00:45.197 +02:00 [INF] Now listening on: http://localhost:5017
2024-10-08 12:00:45.200 +02:00 [INF] Application started. Press Ctrl+C to shut down.
2024-10-08 12:00:45.200 +02:00 [INF] Hosting environment: Development
2024-10-08 12:00:45.200 +02:00 [INF] Content root path: C:\Users\Hadle\Downloads\ITPE3200-24H-main\ITPE3200-24H-main\4-Errorhandling-Logging_Inputvalidation\Demo-Inputvalidation\MyShop
2024-10-08 12:00:52.920 +02:00 [INF] Request starting HTTP/1.1 GET http://localhost:5017/ - null null
2024-10-08 12:00:52.942 +02:00 [INF] Executing endpoint 'MyShop.Controllers.HomeController.Index (MyShop)'
2024-10-08 12:00:52.949 +02:00 [INF] Route matched with {action = "Index", controller = "Home"}. Executing controller action with signature Microsoft.AspNetCore.Mvc.IActionResult Index() on controller MyShop.Controllers.HomeController (MyShop).
2024-10-08 12:00:52.960 +02:00 [INF] Executing ViewResult, running view Index.
2024-10-08 12:00:53.021 +02:00 [INF] Executed ViewResult - view Index executed in 60.0041ms.
2024-10-08 12:00:53.023 +02:00 [INF] Executed action MyShop.Controllers.HomeController.Index (MyShop) in 74.0494ms
2024-10-08 12:00:53.023 +02:00 [INF] Executed endpoint 'MyShop.Controllers.HomeController.Index (MyShop)'
2024-10-08 12:00:53.026 +02:00 [INF] Request finished HTTP/1.1 GET http://localhost:5017/ - 200 null text/html; charset=utf-8 107.1198ms
2024-10-08 12:00:53.034 +02:00 [INF] Request starting HTTP/1.1 GET http://localhost:5017/js/bootstrap.js - null null
2024-10-08 12:00:53.034 +02:00 [INF] Request starting HTTP/1.1 GET http://localhost:5017/js/jquery.min.js - null null
2024-10-08 12:00:53.037 +02:00 [INF] Request starting HTTP/1.1 GET http://localhost:5017/js/jquery.validate.js - null null
2024-10-08 12:00:53.037 +02:00 [INF] Request starting HTTP/1.1 GET http://localhost:5017/js/jquery.validate.unobtrusive.js - null null
2024-10-08 12:00:53.037 +02:00 [INF] Request starting HTTP/1.1 GET http://localhost:5017/images/pizza.jpg - null null
2024-10-08 12:00:53.037 +02:00 [INF] Request starting HTTP/1.1 GET http://localhost:5017/images/fishandchips.jpg - null null
2024-10-08 12:00:53.041 +02:00 [INF] The file /images/pizza.jpg was not modified
2024-10-08 12:00:53.041 +02:00 [INF] The file /js/jquery.validate.unobtrusive.js was not modified
2024-10-08 12:00:53.041 +02:00 [INF] The file /js/jquery.min.js was not modified
2024-10-08 12:00:53.041 +02:00 [INF] The file /images/fishandchips.jpg was not modified
2024-10-08 12:00:53.041 +02:00 [INF] The file /js/jquery.validate.js was not modified
2024-10-08 12:00:53.041 +02:00 [INF] The file /js/bootstrap.js was not modified
2024-10-08 12:00:53.042 +02:00 [INF] Request finished HTTP/1.1 GET http://localhost:5017/js/bootstrap.js - 304 null text/javascript 8.0152ms
2024-10-08 12:00:53.042 +02:00 [INF] Request finished HTTP/1.1 GET http://localhost:5017/images/fishandchips.jpg - 304 null image/jpeg 4.6665ms
2024-10-08 12:00:53.042 +02:00 [INF] Request finished HTTP/1.1 GET http://localhost:5017/js/jquery.validate.js - 304 null text/javascript 5.3022ms
2024-10-08 12:00:53.042 +02:00 [INF] Request finished HTTP/1.1 GET http://localhost:5017/images/pizza.jpg - 304 null image/jpeg 4.8772ms
2024-10-08 12:00:53.042 +02:00 [INF] Request finished HTTP/1.1 GET http://localhost:5017/js/jquery.validate.unobtrusive.js - 304 null text/javascript 5.1883ms
2024-10-08 12:00:53.042 +02:00 [INF] Request finished HTTP/1.1 GET http://localhost:5017/js/jquery.min.js - 304 null text/javascript 7.8955ms
2024-10-08 12:00:53.072 +02:00 [INF] Request starting HTTP/1.1 GET http://localhost:5017/images/tacos.jpg - null null
2024-10-08 12:00:53.074 +02:00 [INF] The file /images/tacos.jpg was not modified
2024-10-08 12:00:53.074 +02:00 [INF] Request finished HTTP/1.1 GET http://localhost:5017/images/tacos.jpg - 304 null image/jpeg 1.7973ms
2024-10-08 12:00:55.649 +02:00 [INF] Request starting HTTP/1.1 GET http://localhost:5017/Item/Table - null null
2024-10-08 12:00:55.649 +02:00 [INF] Executing endpoint 'MyShop.Controllers.ItemController.Table (MyShop)'
2024-10-08 12:00:55.654 +02:00 [INF] Route matched with {action = "Table", controller = "Item"}. Executing controller action with signature System.Threading.Tasks.Task`1[Microsoft.AspNetCore.Mvc.IActionResult] Table() on controller MyShop.Controllers.ItemController (MyShop).
2024-10-08 12:00:55.717 +02:00 [INF] Executing ViewResult, running view Table.
2024-10-08 12:00:55.734 +02:00 [INF] Executed ViewResult - view Table executed in 17.9336ms.
2024-10-08 12:00:55.734 +02:00 [INF] Executed action MyShop.Controllers.ItemController.Table (MyShop) in 79.9251ms
2024-10-08 12:00:55.734 +02:00 [INF] Executed endpoint 'MyShop.Controllers.ItemController.Table (MyShop)'
2024-10-08 12:00:55.740 +02:00 [INF] Request finished HTTP/1.1 GET http://localhost:5017/Item/Table - 200 null text/html; charset=utf-8 90.8318ms
2024-10-08 12:00:55.759 +02:00 [INF] Request starting HTTP/1.1 GET http://localhost:5017/images/chickenleg.jpg - null null
2024-10-08 12:00:55.760 +02:00 [INF] The file /images/chickenleg.jpg was not modified
2024-10-08 12:00:55.760 +02:00 [INF] Request finished HTTP/1.1 GET http://localhost:5017/images/chickenleg.jpg - 304 null image/jpeg 0.8309ms
2024-10-08 12:00:55.773 +02:00 [INF] Request starting HTTP/1.1 GET http://localhost:5017/images/frenchfries.jpg - null null
2024-10-08 12:00:55.773 +02:00 [INF] Request starting HTTP/1.1 GET http://localhost:5017/images/ribs.jpg - null null
2024-10-08 12:00:55.773 +02:00 [INF] The file /images/ribs.jpg was not modified
2024-10-08 12:00:55.773 +02:00 [INF] The file /images/frenchfries.jpg was not modified
2024-10-08 12:00:55.774 +02:00 [INF] Request finished HTTP/1.1 GET http://localhost:5017/images/ribs.jpg - 304 null image/jpeg 0.3944ms
2024-10-08 12:00:55.774 +02:00 [INF] Request finished HTTP/1.1 GET http://localhost:5017/images/frenchfries.jpg - 304 null image/jpeg 0.6515ms
2024-10-08 12:00:55.781 +02:00 [INF] Request starting HTTP/1.1 GET http://localhost:5017/images/cider.jpg - null null
2024-10-08 12:00:55.781 +02:00 [INF] The file /images/cider.jpg was not modified
2024-10-08 12:00:55.781 +02:00 [INF] Request finished HTTP/1.1 GET http://localhost:5017/images/cider.jpg - 304 null image/jpeg 0.5539ms
2024-10-08 12:00:55.788 +02:00 [INF] Request starting HTTP/1.1 GET http://localhost:5017/images/coke.jpg - null null
2024-10-08 12:00:55.789 +02:00 [INF] The file /images/coke.jpg was not modified
2024-10-08 12:00:55.789 +02:00 [INF] Request finished HTTP/1.1 GET http://localhost:5017/images/coke.jpg - 304 null image/jpeg 0.5998ms
2024-10-08 12:01:18.729 +02:00 [INF] Request starting HTTP/1.1 GET http://localhost:5017/Order/Table - null null
2024-10-08 12:01:18.730 +02:00 [INF] Executing endpoint 'MyShop.Controllers.OrderController.Table (MyShop)'
2024-10-08 12:01:18.733 +02:00 [INF] Route matched with {action = "Table", controller = "Order"}. Executing controller action with signature System.Threading.Tasks.Task`1[Microsoft.AspNetCore.Mvc.IActionResult] Table() on controller MyShop.Controllers.OrderController (MyShop).
2024-10-08 12:01:18.779 +02:00 [INF] Executing ViewResult, running view Table.
2024-10-08 12:01:18.829 +02:00 [INF] Executed ViewResult - view Table executed in 50.6755ms.
2024-10-08 12:01:18.829 +02:00 [INF] Executed action MyShop.Controllers.OrderController.Table (MyShop) in 96.0924ms
2024-10-08 12:01:18.829 +02:00 [INF] Executed endpoint 'MyShop.Controllers.OrderController.Table (MyShop)'
2024-10-08 12:01:18.830 +02:00 [INF] Request finished HTTP/1.1 GET http://localhost:5017/Order/Table - 200 null text/html; charset=utf-8 100.2346ms
2024-10-08 12:01:19.739 +02:00 [INF] Request starting HTTP/1.1 GET http://localhost:5017/Customer/Table - null null
2024-10-08 12:01:19.740 +02:00 [INF] Executing endpoint 'MyShop.Controllers.CustomerController.Table (MyShop)'
2024-10-08 12:01:19.743 +02:00 [INF] Route matched with {action = "Table", controller = "Customer"}. Executing controller action with signature System.Threading.Tasks.Task`1[Microsoft.AspNetCore.Mvc.IActionResult] Table() on controller MyShop.Controllers.CustomerController (MyShop).
2024-10-08 12:01:19.752 +02:00 [INF] Executing ViewResult, running view Table.
2024-10-08 12:01:19.764 +02:00 [INF] Executed ViewResult - view Table executed in 11.9524ms.
2024-10-08 12:01:19.764 +02:00 [INF] Executed action MyShop.Controllers.CustomerController.Table (MyShop) in 20.6055ms
2024-10-08 12:01:19.764 +02:00 [INF] Executed endpoint 'MyShop.Controllers.CustomerController.Table (MyShop)'
2024-10-08 12:01:19.764 +02:00 [INF] Request finished HTTP/1.1 GET http://localhost:5017/Customer/Table - 200 null text/html; charset=utf-8 25.2162ms
2024-10-08 12:01:21.133 +02:00 [INF] Request starting HTTP/1.1 GET http://localhost:5017/Item/Table - null null
2024-10-08 12:01:21.134 +02:00 [INF] Executing endpoint 'MyShop.Controllers.ItemController.Table (MyShop)'
2024-10-08 12:01:21.135 +02:00 [INF] Route matched with {action = "Table", controller = "Item"}. Executing controller action with signature System.Threading.Tasks.Task`1[Microsoft.AspNetCore.Mvc.IActionResult] Table() on controller MyShop.Controllers.ItemController (MyShop).
2024-10-08 12:01:21.137 +02:00 [INF] Executing ViewResult, running view Table.
2024-10-08 12:01:21.139 +02:00 [INF] Executed ViewResult - view Table executed in 1.6356ms.
2024-10-08 12:01:21.139 +02:00 [INF] Executed action MyShop.Controllers.ItemController.Table (MyShop) in 3.9565ms
2024-10-08 12:01:21.139 +02:00 [INF] Executed endpoint 'MyShop.Controllers.ItemController.Table (MyShop)'
2024-10-08 12:01:21.139 +02:00 [INF] Request finished HTTP/1.1 GET http://localhost:5017/Item/Table - 200 null text/html; charset=utf-8 5.7107ms
