2024-10-22 14:59:33.201 +02:00 [INF] User profile is available. Using 'C:\Users\Hadle\AppData\Local\ASP.NET\DataProtection-Keys' as key repository and Windows DPAPI to encrypt keys at rest.
2024-10-22 14:59:33.341 +02:00 [INF] Now listening on: http://localhost:5017
2024-10-22 14:59:33.344 +02:00 [INF] Application started. Press Ctrl+C to shut down.
2024-10-22 14:59:33.345 +02:00 [INF] Hosting environment: Development
2024-10-22 14:59:33.345 +02:00 [INF] Content root path: C:\ITPE3200\ITPE3200_Exam_project-main\ITPE3200_Exam_project-main\ITPE3200_Exam_project
2024-10-22 14:59:34.275 +02:00 [INF] Request starting HTTP/1.1 GET http://localhost:5017/ - null null
2024-10-22 14:59:34.313 +02:00 [INF] Executing endpoint 'MyShop.Controllers.HomeController.Index (MyShop)'
2024-10-22 14:59:34.322 +02:00 [INF] Route matched with {action = "Index", controller = "Home", page = "", area = ""}. Executing controller action with signature Microsoft.AspNetCore.Mvc.IActionResult Index() on controller MyShop.Controllers.HomeController (MyShop).
2024-10-22 14:59:34.330 +02:00 [INF] Executing ViewResult, running view Index.
2024-10-22 14:59:34.412 +02:00 [INF] Executed ViewResult - view Index executed in 82.7753ms.
2024-10-22 14:59:34.413 +02:00 [INF] Executed action MyShop.Controllers.HomeController.Index (MyShop) in 90.1982ms
2024-10-22 14:59:34.413 +02:00 [INF] Executed endpoint 'MyShop.Controllers.HomeController.Index (MyShop)'
2024-10-22 14:59:34.416 +02:00 [INF] Request finished HTTP/1.1 GET http://localhost:5017/ - 200 null text/html; charset=utf-8 143.4028ms
2024-10-22 14:59:35.453 +02:00 [INF] Request starting HTTP/1.1 GET http://localhost:5017/Item/Grid - null null
2024-10-22 14:59:35.455 +02:00 [INF] Executing endpoint 'MyShop.Controllers.ItemController.Grid (MyShop)'
2024-10-22 14:59:35.460 +02:00 [INF] Route matched with {action = "Grid", controller = "Item", page = "", area = ""}. Executing controller action with signature System.Threading.Tasks.Task`1[Microsoft.AspNetCore.Mvc.IActionResult] Grid() on controller MyShop.Controllers.ItemController (MyShop).
2024-10-22 14:59:35.564 +02:00 [INF] Executing ViewResult, running view Grid.
2024-10-22 14:59:35.576 +02:00 [INF] Executed ViewResult - view Grid executed in 12.8376ms.
2024-10-22 14:59:35.576 +02:00 [INF] Executed action MyShop.Controllers.ItemController.Grid (MyShop) in 116.168ms
2024-10-22 14:59:35.576 +02:00 [INF] Executed endpoint 'MyShop.Controllers.ItemController.Grid (MyShop)'
2024-10-22 14:59:35.580 +02:00 [INF] Request finished HTTP/1.1 GET http://localhost:5017/Item/Grid - 200 null text/html; charset=utf-8 126.5421ms
2024-10-22 14:59:36.461 +02:00 [INF] Request starting HTTP/1.1 GET http://localhost:5017/Item/Table - null null
2024-10-22 14:59:36.464 +02:00 [INF] Executing endpoint 'MyShop.Controllers.ItemController.Table (MyShop)'
2024-10-22 14:59:36.467 +02:00 [INF] Route matched with {action = "Table", controller = "Item", page = "", area = ""}. Executing controller action with signature System.Threading.Tasks.Task`1[Microsoft.AspNetCore.Mvc.IActionResult] Table() on controller MyShop.Controllers.ItemController (MyShop).
2024-10-22 14:59:36.507 +02:00 [INF] Executing ViewResult, running view Table.
2024-10-22 14:59:36.523 +02:00 [INF] Executed ViewResult - view Table executed in 16.2404ms.
2024-10-22 14:59:36.523 +02:00 [INF] Executed action MyShop.Controllers.ItemController.Table (MyShop) in 56.3255ms
2024-10-22 14:59:36.523 +02:00 [INF] Executed endpoint 'MyShop.Controllers.ItemController.Table (MyShop)'
2024-10-22 14:59:36.524 +02:00 [INF] Request finished HTTP/1.1 GET http://localhost:5017/Item/Table - 200 null text/html; charset=utf-8 62.7882ms
2024-10-22 15:00:49.220 +02:00 [INF] Application is shutting down...
