2024-11-04 13:46:47.764 +01:00 [INF] User profile is available. Using 'C:\Users\Hadle\AppData\Local\ASP.NET\DataProtection-Keys' as key repository and Windows DPAPI to encrypt keys at rest.
2024-11-04 13:46:47.916 +01:00 [INF] Now listening on: http://localhost:5017
2024-11-04 13:46:47.920 +01:00 [INF] Application started. Press Ctrl+C to shut down.
2024-11-04 13:46:47.921 +01:00 [INF] Hosting environment: Development
2024-11-04 13:46:47.921 +01:00 [INF] Content root path: C:\ITPE3200\ITPE3200_Exam_project-main\ITPE3200_Exam_project-main\ITPE3200_Exam_project
2024-11-04 13:46:49.210 +01:00 [INF] Request starting HTTP/1.1 GET http://localhost:5017/ - null null
2024-11-04 13:46:49.247 +01:00 [INF] Executing endpoint 'MyShop.Controllers.HomeController.Index (MyShop)'
2024-11-04 13:46:49.257 +01:00 [INF] Route matched with {action = "Index", controller = "Home", page = "", area = ""}. Executing controller action with signature Microsoft.AspNetCore.Mvc.IActionResult Index() on controller MyShop.Controllers.HomeController (MyShop).
2024-11-04 13:46:49.263 +01:00 [INF] Executing ViewResult, running view Index.
2024-11-04 13:46:49.341 +01:00 [INF] Executed ViewResult - view Index executed in 78.0807ms.
2024-11-04 13:46:49.343 +01:00 [INF] Executed action MyShop.Controllers.HomeController.Index (MyShop) in 85.5765ms
2024-11-04 13:46:49.343 +01:00 [INF] Executed endpoint 'MyShop.Controllers.HomeController.Index (MyShop)'
2024-11-04 13:46:49.346 +01:00 [INF] Request finished HTTP/1.1 GET http://localhost:5017/ - 200 null text/html; charset=utf-8 137.4205ms
2024-11-04 13:46:51.493 +01:00 [INF] Request starting HTTP/1.1 GET http://localhost:5017/Customer/Table - null null
2024-11-04 13:46:51.495 +01:00 [INF] Executing endpoint 'MyShop.Controllers.CustomerController.Table (MyShop)'
2024-11-04 13:46:51.500 +01:00 [INF] Route matched with {action = "Table", controller = "Customer", page = "", area = ""}. Executing controller action with signature System.Threading.Tasks.Task`1[Microsoft.AspNetCore.Mvc.IActionResult] Table() on controller MyShop.Controllers.CustomerController (MyShop).
2024-11-04 13:46:51.602 +01:00 [INF] Executing ViewResult, running view Table.
2024-11-04 13:46:51.609 +01:00 [INF] Executed ViewResult - view Table executed in 7.889ms.
2024-11-04 13:46:51.609 +01:00 [INF] Executed action MyShop.Controllers.CustomerController.Table (MyShop) in 108.936ms
2024-11-04 13:46:51.609 +01:00 [INF] Executed endpoint 'MyShop.Controllers.CustomerController.Table (MyShop)'
2024-11-04 13:46:51.612 +01:00 [INF] Request finished HTTP/1.1 GET http://localhost:5017/Customer/Table - 200 null text/html; charset=utf-8 119.3555ms
2024-11-04 13:46:52.334 +01:00 [INF] Request starting HTTP/1.1 GET http://localhost:5017/Item/Grid - null null
2024-11-04 13:46:52.336 +01:00 [INF] Executing endpoint 'MyShop.Controllers.ItemController.Grid (MyShop)'
2024-11-04 13:46:52.339 +01:00 [INF] Route matched with {action = "Grid", controller = "Item", page = "", area = ""}. Executing controller action with signature System.Threading.Tasks.Task`1[Microsoft.AspNetCore.Mvc.IActionResult] Grid() on controller MyShop.Controllers.ItemController (MyShop).
2024-11-04 13:46:52.386 +01:00 [INF] Executing ViewResult, running view Grid.
2024-11-04 13:46:52.397 +01:00 [INF] Executed ViewResult - view Grid executed in 10.6441ms.
2024-11-04 13:46:52.397 +01:00 [INF] Executed action MyShop.Controllers.ItemController.Grid (MyShop) in 57.6728ms
2024-11-04 13:46:52.397 +01:00 [INF] Executed endpoint 'MyShop.Controllers.ItemController.Grid (MyShop)'
2024-11-04 13:46:52.397 +01:00 [INF] Request finished HTTP/1.1 GET http://localhost:5017/Item/Grid - 200 null text/html; charset=utf-8 63.0893ms
2024-11-04 13:46:53.808 +01:00 [INF] Request starting HTTP/1.1 GET http://localhost:5017/ - null null
2024-11-04 13:46:53.808 +01:00 [INF] Executing endpoint 'MyShop.Controllers.HomeController.Index (MyShop)'
2024-11-04 13:46:53.808 +01:00 [INF] Route matched with {action = "Index", controller = "Home", page = "", area = ""}. Executing controller action with signature Microsoft.AspNetCore.Mvc.IActionResult Index() on controller MyShop.Controllers.HomeController (MyShop).
2024-11-04 13:46:53.808 +01:00 [INF] Executing ViewResult, running view Index.
2024-11-04 13:46:53.810 +01:00 [INF] Executed ViewResult - view Index executed in 1.9373ms.
2024-11-04 13:46:53.810 +01:00 [INF] Executed action MyShop.Controllers.HomeController.Index (MyShop) in 2.1727ms
2024-11-04 13:46:53.810 +01:00 [INF] Executed endpoint 'MyShop.Controllers.HomeController.Index (MyShop)'
2024-11-04 13:46:53.811 +01:00 [INF] Request finished HTTP/1.1 GET http://localhost:5017/ - 200 null text/html; charset=utf-8 2.9979ms
2024-11-04 13:47:36.292 +01:00 [INF] Request starting HTTP/1.1 GET http://localhost:5017/ - null null
2024-11-04 13:47:36.292 +01:00 [INF] Executing endpoint 'MyShop.Controllers.HomeController.Index (MyShop)'
2024-11-04 13:47:36.293 +01:00 [INF] Route matched with {action = "Index", controller = "Home", page = "", area = ""}. Executing controller action with signature Microsoft.AspNetCore.Mvc.IActionResult Index() on controller MyShop.Controllers.HomeController (MyShop).
2024-11-04 13:47:36.293 +01:00 [INF] Executing ViewResult, running view Index.
2024-11-04 13:47:36.294 +01:00 [INF] Executed ViewResult - view Index executed in 1.0981ms.
2024-11-04 13:47:36.294 +01:00 [INF] Executed action MyShop.Controllers.HomeController.Index (MyShop) in 1.2285ms
2024-11-04 13:47:36.294 +01:00 [INF] Executed endpoint 'MyShop.Controllers.HomeController.Index (MyShop)'
2024-11-04 13:47:36.294 +01:00 [INF] Request finished HTTP/1.1 GET http://localhost:5017/ - 200 null text/html; charset=utf-8 1.9875ms
2024-11-04 13:48:22.061 +01:00 [INF] Application is shutting down...
