2024-11-04 13:30:10.650 +01:00 [INF] User profile is available. Using 'C:\Users\jovan\AppData\Local\ASP.NET\DataProtection-Keys' as key repository and Windows DPAPI to encrypt keys at rest.
2024-11-04 13:30:10.821 +01:00 [INF] Now listening on: http://localhost:5017
2024-11-04 13:30:10.825 +01:00 [INF] Application started. Press Ctrl+C to shut down.
2024-11-04 13:30:10.826 +01:00 [INF] Hosting environment: Development
2024-11-04 13:30:10.826 +01:00 [INF] Content root path: C:\TestMappe\Eksamen\ITPE3200_Exam_project
2024-11-04 13:30:12.248 +01:00 [INF] Request starting HTTP/1.1 GET http://localhost:5017/ - null null
2024-11-04 13:30:12.295 +01:00 [INF] Identity.Application was not authenticated. Failure message: Unprotect ticket failed
2024-11-04 13:30:12.301 +01:00 [INF] Executing endpoint 'MyShop.Controllers.HomeController.Index (MyShop)'
2024-11-04 13:30:12.312 +01:00 [INF] Route matched with {action = "Index", controller = "Home", page = "", area = ""}. Executing controller action with signature Microsoft.AspNetCore.Mvc.IActionResult Index() on controller MyShop.Controllers.HomeController (MyShop).
2024-11-04 13:30:12.321 +01:00 [INF] Executing ViewResult, running view Index.
2024-11-04 13:30:12.412 +01:00 [INF] Executed ViewResult - view Index executed in 92.1992ms.
2024-11-04 13:30:12.416 +01:00 [INF] Executed action MyShop.Controllers.HomeController.Index (MyShop) in 102.1682ms
2024-11-04 13:30:12.417 +01:00 [INF] Executed endpoint 'MyShop.Controllers.HomeController.Index (MyShop)'
2024-11-04 13:30:12.424 +01:00 [INF] Request finished HTTP/1.1 GET http://localhost:5017/ - 200 null text/html; charset=utf-8 177.866ms
2024-11-04 13:30:14.581 +01:00 [INF] Request starting HTTP/1.1 GET http://localhost:5017/Identity/Account/Login - null null
2024-11-04 13:30:14.583 +01:00 [INF] Identity.Application was not authenticated. Failure message: Unprotect ticket failed
2024-11-04 13:30:14.584 +01:00 [INF] Executing endpoint '/Account/Login'
2024-11-04 13:30:14.601 +01:00 [INF] Route matched with {page = "/Account/Login", area = "Identity", action = "", controller = ""}. Executing page /Account/Login
2024-11-04 13:30:14.614 +01:00 [INF] Executing handler method MyShop.Areas.Identity.Pages.Account.LoginModel.OnGetAsync - ModelState is "Valid"
2024-11-04 13:30:14.618 +01:00 [INF] AuthenticationScheme: Identity.External signed out.
2024-11-04 13:30:14.619 +01:00 [INF] Executed handler method OnGetAsync, returned result .
2024-11-04 13:30:14.621 +01:00 [INF] Executing an implicit handler method - ModelState is "Valid"
2024-11-04 13:30:14.621 +01:00 [INF] Executed an implicit handler method, returned result Microsoft.AspNetCore.Mvc.RazorPages.PageResult.
2024-11-04 13:30:14.648 +01:00 [INF] Executed page /Account/Login in 46.5569ms
2024-11-04 13:30:14.648 +01:00 [INF] Executed endpoint '/Account/Login'
2024-11-04 13:30:14.649 +01:00 [INF] Request finished HTTP/1.1 GET http://localhost:5017/Identity/Account/Login - 200 null text/html; charset=utf-8 68.0509ms
2024-11-04 13:30:14.681 +01:00 [INF] Request starting HTTP/1.1 GET http://localhost:5017/lib/jquery-validation/dist/jquery.validate.min.js - null null
2024-11-04 13:30:14.685 +01:00 [INF] Identity.Application was not authenticated. Failure message: Unprotect ticket failed
2024-11-04 13:30:14.685 +01:00 [INF] Request finished HTTP/1.1 GET http://localhost:5017/lib/jquery-validation/dist/jquery.validate.min.js - 404 0 null 4.2736ms
2024-11-04 13:30:14.687 +01:00 [INF] Request reached the end of the middleware pipeline without being handled by application code. Request path: GET http://localhost:5017/lib/jquery-validation/dist/jquery.validate.min.js, Response status code: 404
2024-11-04 13:30:14.721 +01:00 [INF] Request starting HTTP/1.1 GET http://localhost:5017/lib/jquery-validation-unobtrusive/jquery.validate.unobtrusive.min.js - null null
2024-11-04 13:30:14.722 +01:00 [INF] Identity.Application was not authenticated. Failure message: Unprotect ticket failed
2024-11-04 13:30:14.722 +01:00 [INF] Request finished HTTP/1.1 GET http://localhost:5017/lib/jquery-validation-unobtrusive/jquery.validate.unobtrusive.min.js - 404 0 null 1.1321ms
2024-11-04 13:30:14.723 +01:00 [INF] Request reached the end of the middleware pipeline without being handled by application code. Request path: GET http://localhost:5017/lib/jquery-validation-unobtrusive/jquery.validate.unobtrusive.min.js, Response status code: 404
