2024-11-04 13:00:17.233 +01:00 [INF] User profile is available. Using 'C:\Users\Hadle\AppData\Local\ASP.NET\DataProtection-Keys' as key repository and Windows DPAPI to encrypt keys at rest.
2024-11-04 13:00:17.372 +01:00 [INF] Now listening on: http://localhost:5017
2024-11-04 13:00:17.376 +01:00 [INF] Application started. Press Ctrl+C to shut down.
2024-11-04 13:00:17.376 +01:00 [INF] Hosting environment: Development
2024-11-04 13:00:17.376 +01:00 [INF] Content root path: C:\ITPE3200\ITPE3200_Exam_project-main\ITPE3200_Exam_project-main\ITPE3200_Exam_project
2024-11-04 13:00:19.611 +01:00 [INF] Request starting HTTP/1.1 GET http://localhost:5017/ - null null
2024-11-04 13:00:19.660 +01:00 [INF] Executing endpoint 'MyShop.Controllers.HomeController.Index (MyShop)'
2024-11-04 13:00:19.668 +01:00 [INF] Route matched with {action = "Index", controller = "Home", page = "", area = ""}. Executing controller action with signature Microsoft.AspNetCore.Mvc.IActionResult Index() on controller MyShop.Controllers.HomeController (MyShop).
2024-11-04 13:00:19.674 +01:00 [INF] Executing ViewResult, running view Index.
2024-11-04 13:00:19.736 +01:00 [INF] Executed ViewResult - view Index executed in 62.9093ms.
2024-11-04 13:00:19.738 +01:00 [INF] Executed action MyShop.Controllers.HomeController.Index (MyShop) in 69.809ms
2024-11-04 13:00:19.738 +01:00 [INF] Executed endpoint 'MyShop.Controllers.HomeController.Index (MyShop)'
2024-11-04 13:00:19.742 +01:00 [INF] Request finished HTTP/1.1 GET http://localhost:5017/ - 200 null text/html; charset=utf-8 132.4132ms
2024-11-04 13:00:20.248 +01:00 [INF] Request starting HTTP/1.1 GET http://localhost:5017/ - null null
2024-11-04 13:00:20.252 +01:00 [INF] Executing endpoint 'MyShop.Controllers.HomeController.Index (MyShop)'
2024-11-04 13:00:20.252 +01:00 [INF] Route matched with {action = "Index", controller = "Home", page = "", area = ""}. Executing controller action with signature Microsoft.AspNetCore.Mvc.IActionResult Index() on controller MyShop.Controllers.HomeController (MyShop).
2024-11-04 13:00:20.253 +01:00 [INF] Executing ViewResult, running view Index.
2024-11-04 13:00:20.257 +01:00 [INF] Executed ViewResult - view Index executed in 4.3533ms.
2024-11-04 13:00:20.257 +01:00 [INF] Executed action MyShop.Controllers.HomeController.Index (MyShop) in 4.8209ms
2024-11-04 13:00:20.257 +01:00 [INF] Executed endpoint 'MyShop.Controllers.HomeController.Index (MyShop)'
2024-11-04 13:00:20.257 +01:00 [INF] Request finished HTTP/1.1 GET http://localhost:5017/ - 200 null text/html; charset=utf-8 9.0083ms
2024-11-04 13:00:20.831 +01:00 [INF] Request starting HTTP/1.1 GET http://localhost:5017/ - null null
2024-11-04 13:00:20.841 +01:00 [INF] Executing endpoint 'MyShop.Controllers.HomeController.Index (MyShop)'
2024-11-04 13:00:20.841 +01:00 [INF] Route matched with {action = "Index", controller = "Home", page = "", area = ""}. Executing controller action with signature Microsoft.AspNetCore.Mvc.IActionResult Index() on controller MyShop.Controllers.HomeController (MyShop).
2024-11-04 13:00:20.841 +01:00 [INF] Executing ViewResult, running view Index.
2024-11-04 13:00:20.843 +01:00 [INF] Executed ViewResult - view Index executed in 1.1776ms.
2024-11-04 13:00:20.843 +01:00 [INF] Executed action MyShop.Controllers.HomeController.Index (MyShop) in 1.3313ms
2024-11-04 13:00:20.843 +01:00 [INF] Executed endpoint 'MyShop.Controllers.HomeController.Index (MyShop)'
2024-11-04 13:00:20.843 +01:00 [INF] Request finished HTTP/1.1 GET http://localhost:5017/ - 200 null text/html; charset=utf-8 12.2484ms
2024-11-04 13:00:23.947 +01:00 [INF] Request starting HTTP/1.1 GET http://localhost:5017/Home/About - null null
2024-11-04 13:00:23.948 +01:00 [INF] Executing endpoint 'MyShop.Controllers.HomeController.About (MyShop)'
2024-11-04 13:00:23.950 +01:00 [INF] Route matched with {action = "About", controller = "Home", page = "", area = ""}. Executing controller action with signature Microsoft.AspNetCore.Mvc.IActionResult About() on controller MyShop.Controllers.HomeController (MyShop).
2024-11-04 13:00:23.950 +01:00 [INF] Executing ViewResult, running view About.
2024-11-04 13:00:23.967 +01:00 [ERR] The view 'About' was not found. Searched locations: ["/Views/Home/About.cshtml","/Views/Shared/About.cshtml","/Pages/Shared/About.cshtml"]
2024-11-04 13:00:23.972 +01:00 [INF] Executed action MyShop.Controllers.HomeController.About (MyShop) in 21.5299ms
2024-11-04 13:00:23.972 +01:00 [INF] Executed endpoint 'MyShop.Controllers.HomeController.About (MyShop)'
2024-11-04 13:00:23.989 +01:00 [ERR] An unhandled exception has occurred while executing the request.
System.InvalidOperationException: The view 'About' was not found. The following locations were searched:
/Views/Home/About.cshtml
/Views/Shared/About.cshtml
/Pages/Shared/About.cshtml
   at Microsoft.AspNetCore.Mvc.ViewEngines.ViewEngineResult.EnsureSuccessful(IEnumerable`1 originalLocations)
   at Microsoft.AspNetCore.Mvc.ViewFeatures.ViewResultExecutor.ExecuteAsync(ActionContext context, ViewResult result)
   at Microsoft.AspNetCore.Mvc.ViewResult.ExecuteResultAsync(ActionContext context)
   at Microsoft.AspNetCore.Mvc.Infrastructure.ResourceInvoker.<InvokeNextResultFilterAsync>g__Awaited|30_0[TFilter,TFilterAsync](ResourceInvoker invoker, Task lastTask, State next, Scope scope, Object state, Boolean isCompleted)
   at Microsoft.AspNetCore.Mvc.Infrastructure.ResourceInvoker.Rethrow(ResultExecutedContextSealed context)
   at Microsoft.AspNetCore.Mvc.Infrastructure.ResourceInvoker.ResultNext[TFilter,TFilterAsync](State& next, Scope& scope, Object& state, Boolean& isCompleted)
   at Microsoft.AspNetCore.Mvc.Infrastructure.ResourceInvoker.InvokeResultFilters()
--- End of stack trace from previous location ---
   at Microsoft.AspNetCore.Mvc.Infrastructure.ResourceInvoker.<InvokeNextResourceFilter>g__Awaited|25_0(ResourceInvoker invoker, Task lastTask, State next, Scope scope, Object state, Boolean isCompleted)
   at Microsoft.AspNetCore.Mvc.Infrastructure.ResourceInvoker.Rethrow(ResourceExecutedContextSealed context)
   at Microsoft.AspNetCore.Mvc.Infrastructure.ResourceInvoker.Next(State& next, Scope& scope, Object& state, Boolean& isCompleted)
   at Microsoft.AspNetCore.Mvc.Infrastructure.ResourceInvoker.InvokeFilterPipelineAsync()
--- End of stack trace from previous location ---
   at Microsoft.AspNetCore.Mvc.Infrastructure.ResourceInvoker.<InvokeAsync>g__Logged|17_1(ResourceInvoker invoker)
   at Microsoft.AspNetCore.Mvc.Infrastructure.ResourceInvoker.<InvokeAsync>g__Logged|17_1(ResourceInvoker invoker)
   at Microsoft.AspNetCore.Routing.EndpointMiddleware.<Invoke>g__AwaitRequestTask|7_0(Endpoint endpoint, Task requestTask, ILogger logger)
   at Microsoft.AspNetCore.Authorization.AuthorizationMiddleware.Invoke(HttpContext context)
   at Microsoft.AspNetCore.Authentication.AuthenticationMiddleware.Invoke(HttpContext context)
   at Microsoft.AspNetCore.Diagnostics.DeveloperExceptionPageMiddlewareImpl.Invoke(HttpContext context)
2024-11-04 13:00:24.002 +01:00 [INF] Request finished HTTP/1.1 GET http://localhost:5017/Home/About - 500 null text/html; charset=utf-8 55.3837ms
2024-11-04 13:00:25.246 +01:00 [INF] Request starting HTTP/1.1 GET http://localhost:5017/ - null null
2024-11-04 13:00:25.246 +01:00 [INF] Executing endpoint 'MyShop.Controllers.HomeController.Index (MyShop)'
2024-11-04 13:00:25.246 +01:00 [INF] Route matched with {action = "Index", controller = "Home", page = "", area = ""}. Executing controller action with signature Microsoft.AspNetCore.Mvc.IActionResult Index() on controller MyShop.Controllers.HomeController (MyShop).
2024-11-04 13:00:25.247 +01:00 [INF] Executing ViewResult, running view Index.
2024-11-04 13:00:25.248 +01:00 [INF] Executed ViewResult - view Index executed in 1.2498ms.
2024-11-04 13:00:25.248 +01:00 [INF] Executed action MyShop.Controllers.HomeController.Index (MyShop) in 1.3875ms
2024-11-04 13:00:25.248 +01:00 [INF] Executed endpoint 'MyShop.Controllers.HomeController.Index (MyShop)'
2024-11-04 13:00:25.248 +01:00 [INF] Request finished HTTP/1.1 GET http://localhost:5017/ - 200 null text/html; charset=utf-8 2.3238ms
2024-11-04 13:00:26.496 +01:00 [INF] Request starting HTTP/1.1 GET http://localhost:5017/About/Table - null null
2024-11-04 13:00:26.498 +01:00 [INF] Request finished HTTP/1.1 GET http://localhost:5017/About/Table - 404 0 null 1.6883ms
2024-11-04 13:00:26.499 +01:00 [INF] Request reached the end of the middleware pipeline without being handled by application code. Request path: GET http://localhost:5017/About/Table, Response status code: 404
2024-11-04 13:00:39.695 +01:00 [INF] Request starting HTTP/1.1 GET http://localhost:5017/ - null null
2024-11-04 13:00:39.696 +01:00 [INF] Executing endpoint 'MyShop.Controllers.HomeController.Index (MyShop)'
2024-11-04 13:00:39.696 +01:00 [INF] Route matched with {action = "Index", controller = "Home", page = "", area = ""}. Executing controller action with signature Microsoft.AspNetCore.Mvc.IActionResult Index() on controller MyShop.Controllers.HomeController (MyShop).
2024-11-04 13:00:39.696 +01:00 [INF] Executing ViewResult, running view Index.
2024-11-04 13:00:39.697 +01:00 [INF] Executed ViewResult - view Index executed in 0.9924ms.
2024-11-04 13:00:39.697 +01:00 [INF] Executed action MyShop.Controllers.HomeController.Index (MyShop) in 1.1211ms
2024-11-04 13:00:39.697 +01:00 [INF] Executed endpoint 'MyShop.Controllers.HomeController.Index (MyShop)'
2024-11-04 13:00:39.697 +01:00 [INF] Request finished HTTP/1.1 GET http://localhost:5017/ - 200 null text/html; charset=utf-8 2.1137ms
2024-11-04 13:02:31.569 +01:00 [INF] Request starting HTTP/1.1 GET http://localhost:5017/Item/Create - null null
2024-11-04 13:02:31.576 +01:00 [INF] Executing endpoint 'MyShop.Controllers.ItemController.Create (MyShop)'
2024-11-04 13:02:31.577 +01:00 [INF] Route matched with {action = "Create", controller = "Item", page = "", area = ""}. Executing controller action with signature Microsoft.AspNetCore.Mvc.IActionResult Create() on controller MyShop.Controllers.ItemController (MyShop).
2024-11-04 13:02:31.578 +01:00 [INF] Executing ViewResult, running view Create.
2024-11-04 13:02:31.617 +01:00 [INF] Executed ViewResult - view Create executed in 39.0644ms.
2024-11-04 13:02:31.617 +01:00 [INF] Executed action MyShop.Controllers.ItemController.Create (MyShop) in 39.7015ms
2024-11-04 13:02:31.617 +01:00 [INF] Executed endpoint 'MyShop.Controllers.ItemController.Create (MyShop)'
2024-11-04 13:02:31.617 +01:00 [INF] Request finished HTTP/1.1 GET http://localhost:5017/Item/Create - 200 null text/html; charset=utf-8 47.5578ms
2024-11-04 13:02:33.126 +01:00 [INF] Request starting HTTP/1.1 GET http://localhost:5017/ - null null
2024-11-04 13:02:33.126 +01:00 [INF] Executing endpoint 'MyShop.Controllers.HomeController.Index (MyShop)'
2024-11-04 13:02:33.126 +01:00 [INF] Route matched with {action = "Index", controller = "Home", page = "", area = ""}. Executing controller action with signature Microsoft.AspNetCore.Mvc.IActionResult Index() on controller MyShop.Controllers.HomeController (MyShop).
2024-11-04 13:02:33.127 +01:00 [INF] Executing ViewResult, running view Index.
2024-11-04 13:02:33.127 +01:00 [INF] Executed ViewResult - view Index executed in 0.6977ms.
2024-11-04 13:02:33.127 +01:00 [INF] Executed action MyShop.Controllers.HomeController.Index (MyShop) in 0.8214ms
2024-11-04 13:02:33.127 +01:00 [INF] Executed endpoint 'MyShop.Controllers.HomeController.Index (MyShop)'
2024-11-04 13:02:33.128 +01:00 [INF] Request finished HTTP/1.1 GET http://localhost:5017/ - 200 null text/html; charset=utf-8 1.8564ms
2024-11-04 13:02:34.292 +01:00 [INF] Request starting HTTP/1.1 GET http://localhost:5017/Item/Table - null null
2024-11-04 13:02:34.293 +01:00 [INF] Executing endpoint 'MyShop.Controllers.ItemController.Table (MyShop)'
2024-11-04 13:02:34.297 +01:00 [INF] Route matched with {action = "Table", controller = "Item", page = "", area = ""}. Executing controller action with signature System.Threading.Tasks.Task`1[Microsoft.AspNetCore.Mvc.IActionResult] Table() on controller MyShop.Controllers.ItemController (MyShop).
2024-11-04 13:02:34.398 +01:00 [INF] Executing ViewResult, running view Table.
2024-11-04 13:02:34.406 +01:00 [INF] Executed ViewResult - view Table executed in 8.5445ms.
2024-11-04 13:02:34.406 +01:00 [INF] Executed action MyShop.Controllers.ItemController.Table (MyShop) in 108.8826ms
2024-11-04 13:02:34.406 +01:00 [INF] Executed endpoint 'MyShop.Controllers.ItemController.Table (MyShop)'
2024-11-04 13:02:34.410 +01:00 [INF] Request finished HTTP/1.1 GET http://localhost:5017/Item/Table - 200 null text/html; charset=utf-8 117.9376ms
2024-11-04 13:02:43.918 +01:00 [INF] Request starting HTTP/1.1 GET http://localhost:5017/ - null null
2024-11-04 13:02:43.918 +01:00 [INF] Executing endpoint 'MyShop.Controllers.HomeController.Index (MyShop)'
2024-11-04 13:02:43.918 +01:00 [INF] Route matched with {action = "Index", controller = "Home", page = "", area = ""}. Executing controller action with signature Microsoft.AspNetCore.Mvc.IActionResult Index() on controller MyShop.Controllers.HomeController (MyShop).
2024-11-04 13:02:43.918 +01:00 [INF] Executing ViewResult, running view Index.
2024-11-04 13:02:43.919 +01:00 [INF] Executed ViewResult - view Index executed in 0.6876ms.
2024-11-04 13:02:43.919 +01:00 [INF] Executed action MyShop.Controllers.HomeController.Index (MyShop) in 0.8175ms
2024-11-04 13:02:43.919 +01:00 [INF] Executed endpoint 'MyShop.Controllers.HomeController.Index (MyShop)'
2024-11-04 13:02:43.919 +01:00 [INF] Request finished HTTP/1.1 GET http://localhost:5017/ - 200 null text/html; charset=utf-8 1.5801ms
2024-11-04 13:02:45.267 +01:00 [INF] Request starting HTTP/1.1 GET http://localhost:5017/ - null null
2024-11-04 13:02:45.268 +01:00 [INF] Executing endpoint 'MyShop.Controllers.HomeController.Index (MyShop)'
2024-11-04 13:02:45.268 +01:00 [INF] Route matched with {action = "Index", controller = "Home", page = "", area = ""}. Executing controller action with signature Microsoft.AspNetCore.Mvc.IActionResult Index() on controller MyShop.Controllers.HomeController (MyShop).
2024-11-04 13:02:45.268 +01:00 [INF] Executing ViewResult, running view Index.
2024-11-04 13:02:45.268 +01:00 [INF] Executed ViewResult - view Index executed in 0.6892ms.
2024-11-04 13:02:45.268 +01:00 [INF] Executed action MyShop.Controllers.HomeController.Index (MyShop) in 0.7937ms
2024-11-04 13:02:45.268 +01:00 [INF] Executed endpoint 'MyShop.Controllers.HomeController.Index (MyShop)'
2024-11-04 13:02:45.269 +01:00 [INF] Request finished HTTP/1.1 GET http://localhost:5017/ - 200 null text/html; charset=utf-8 1.8051ms
2024-11-04 13:02:46.367 +01:00 [INF] Request starting HTTP/1.1 GET http://localhost:5017/Item/Grid - null null
2024-11-04 13:02:46.368 +01:00 [INF] Executing endpoint 'MyShop.Controllers.ItemController.Grid (MyShop)'
2024-11-04 13:02:46.371 +01:00 [INF] Route matched with {action = "Grid", controller = "Item", page = "", area = ""}. Executing controller action with signature System.Threading.Tasks.Task`1[Microsoft.AspNetCore.Mvc.IActionResult] Grid() on controller MyShop.Controllers.ItemController (MyShop).
2024-11-04 13:02:46.410 +01:00 [INF] Executing ViewResult, running view Grid.
2024-11-04 13:02:46.413 +01:00 [INF] Executed ViewResult - view Grid executed in 2.6114ms.
2024-11-04 13:02:46.413 +01:00 [INF] Executed action MyShop.Controllers.ItemController.Grid (MyShop) in 42.0461ms
2024-11-04 13:02:46.413 +01:00 [INF] Executed endpoint 'MyShop.Controllers.ItemController.Grid (MyShop)'
2024-11-04 13:02:46.413 +01:00 [INF] Request finished HTTP/1.1 GET http://localhost:5017/Item/Grid - 200 null text/html; charset=utf-8 45.3443ms
2024-11-04 13:02:58.468 +01:00 [INF] Request starting HTTP/1.1 GET http://localhost:5017/Item/Table - null null
2024-11-04 13:02:58.468 +01:00 [INF] Executing endpoint 'MyShop.Controllers.ItemController.Table (MyShop)'
2024-11-04 13:02:58.468 +01:00 [INF] Route matched with {action = "Table", controller = "Item", page = "", area = ""}. Executing controller action with signature System.Threading.Tasks.Task`1[Microsoft.AspNetCore.Mvc.IActionResult] Table() on controller MyShop.Controllers.ItemController (MyShop).
2024-11-04 13:02:58.470 +01:00 [INF] Executing ViewResult, running view Table.
2024-11-04 13:02:58.472 +01:00 [INF] Executed ViewResult - view Table executed in 1.5998ms.
2024-11-04 13:02:58.472 +01:00 [INF] Executed action MyShop.Controllers.ItemController.Table (MyShop) in 3.5682ms
2024-11-04 13:02:58.472 +01:00 [INF] Executed endpoint 'MyShop.Controllers.ItemController.Table (MyShop)'
2024-11-04 13:02:58.472 +01:00 [INF] Request finished HTTP/1.1 GET http://localhost:5017/Item/Table - 200 null text/html; charset=utf-8 4.522ms
2024-11-04 13:02:58.995 +01:00 [INF] Request starting HTTP/1.1 GET http://localhost:5017/Item/Grid - null null
2024-11-04 13:02:58.996 +01:00 [INF] Executing endpoint 'MyShop.Controllers.ItemController.Grid (MyShop)'
2024-11-04 13:02:58.996 +01:00 [INF] Route matched with {action = "Grid", controller = "Item", page = "", area = ""}. Executing controller action with signature System.Threading.Tasks.Task`1[Microsoft.AspNetCore.Mvc.IActionResult] Grid() on controller MyShop.Controllers.ItemController (MyShop).
2024-11-04 13:02:58.997 +01:00 [INF] Executing ViewResult, running view Grid.
2024-11-04 13:02:58.998 +01:00 [INF] Executed ViewResult - view Grid executed in 0.6406ms.
2024-11-04 13:02:58.998 +01:00 [INF] Executed action MyShop.Controllers.ItemController.Grid (MyShop) in 1.9538ms
2024-11-04 13:02:58.998 +01:00 [INF] Executed endpoint 'MyShop.Controllers.ItemController.Grid (MyShop)'
2024-11-04 13:02:58.998 +01:00 [INF] Request finished HTTP/1.1 GET http://localhost:5017/Item/Grid - 200 null text/html; charset=utf-8 2.8163ms
2024-11-04 13:02:59.587 +01:00 [INF] Request starting HTTP/1.1 GET http://localhost:5017/Item/Table - null null
2024-11-04 13:02:59.587 +01:00 [INF] Executing endpoint 'MyShop.Controllers.ItemController.Table (MyShop)'
2024-11-04 13:02:59.587 +01:00 [INF] Route matched with {action = "Table", controller = "Item", page = "", area = ""}. Executing controller action with signature System.Threading.Tasks.Task`1[Microsoft.AspNetCore.Mvc.IActionResult] Table() on controller MyShop.Controllers.ItemController (MyShop).
2024-11-04 13:02:59.589 +01:00 [INF] Executing ViewResult, running view Table.
2024-11-04 13:02:59.590 +01:00 [INF] Executed ViewResult - view Table executed in 1.0888ms.
2024-11-04 13:02:59.590 +01:00 [INF] Executed action MyShop.Controllers.ItemController.Table (MyShop) in 2.3775ms
2024-11-04 13:02:59.590 +01:00 [INF] Executed endpoint 'MyShop.Controllers.ItemController.Table (MyShop)'
2024-11-04 13:02:59.590 +01:00 [INF] Request finished HTTP/1.1 GET http://localhost:5017/Item/Table - 200 null text/html; charset=utf-8 3.2313ms
2024-11-04 13:03:00.132 +01:00 [INF] Request starting HTTP/1.1 GET http://localhost:5017/Item/Grid - null null
2024-11-04 13:03:00.132 +01:00 [INF] Executing endpoint 'MyShop.Controllers.ItemController.Grid (MyShop)'
2024-11-04 13:03:00.132 +01:00 [INF] Route matched with {action = "Grid", controller = "Item", page = "", area = ""}. Executing controller action with signature System.Threading.Tasks.Task`1[Microsoft.AspNetCore.Mvc.IActionResult] Grid() on controller MyShop.Controllers.ItemController (MyShop).
2024-11-04 13:03:00.133 +01:00 [INF] Executing ViewResult, running view Grid.
2024-11-04 13:03:00.134 +01:00 [INF] Executed ViewResult - view Grid executed in 0.6206ms.
2024-11-04 13:03:00.134 +01:00 [INF] Executed action MyShop.Controllers.ItemController.Grid (MyShop) in 1.8467ms
2024-11-04 13:03:00.134 +01:00 [INF] Executed endpoint 'MyShop.Controllers.ItemController.Grid (MyShop)'
2024-11-04 13:03:00.134 +01:00 [INF] Request finished HTTP/1.1 GET http://localhost:5017/Item/Grid - 200 null text/html; charset=utf-8 2.6416ms
2024-11-04 13:03:02.782 +01:00 [INF] Request starting HTTP/1.1 GET http://localhost:5017/ - null null
2024-11-04 13:03:02.783 +01:00 [INF] Executing endpoint 'MyShop.Controllers.HomeController.Index (MyShop)'
2024-11-04 13:03:02.783 +01:00 [INF] Route matched with {action = "Index", controller = "Home", page = "", area = ""}. Executing controller action with signature Microsoft.AspNetCore.Mvc.IActionResult Index() on controller MyShop.Controllers.HomeController (MyShop).
2024-11-04 13:03:02.783 +01:00 [INF] Executing ViewResult, running view Index.
2024-11-04 13:03:02.784 +01:00 [INF] Executed ViewResult - view Index executed in 0.6296ms.
2024-11-04 13:03:02.784 +01:00 [INF] Executed action MyShop.Controllers.HomeController.Index (MyShop) in 0.757ms
2024-11-04 13:03:02.784 +01:00 [INF] Executed endpoint 'MyShop.Controllers.HomeController.Index (MyShop)'
2024-11-04 13:03:02.784 +01:00 [INF] Request finished HTTP/1.1 GET http://localhost:5017/ - 200 null text/html; charset=utf-8 1.5076ms
2024-11-04 13:03:25.933 +01:00 [INF] Request starting HTTP/1.1 GET http://localhost:5017/About/Table - null null
2024-11-04 13:03:25.933 +01:00 [INF] Request finished HTTP/1.1 GET http://localhost:5017/About/Table - 404 0 null 0.7188ms
2024-11-04 13:03:25.934 +01:00 [INF] Request reached the end of the middleware pipeline without being handled by application code. Request path: GET http://localhost:5017/About/Table, Response status code: 404
2024-11-04 13:03:27.269 +01:00 [INF] Request starting HTTP/1.1 GET http://localhost:5017/ - null null
2024-11-04 13:03:27.270 +01:00 [INF] Executing endpoint 'MyShop.Controllers.HomeController.Index (MyShop)'
2024-11-04 13:03:27.270 +01:00 [INF] Route matched with {action = "Index", controller = "Home", page = "", area = ""}. Executing controller action with signature Microsoft.AspNetCore.Mvc.IActionResult Index() on controller MyShop.Controllers.HomeController (MyShop).
2024-11-04 13:03:27.270 +01:00 [INF] Executing ViewResult, running view Index.
2024-11-04 13:03:27.270 +01:00 [INF] Executed ViewResult - view Index executed in 0.6669ms.
2024-11-04 13:03:27.270 +01:00 [INF] Executed action MyShop.Controllers.HomeController.Index (MyShop) in 0.8065ms
2024-11-04 13:03:27.270 +01:00 [INF] Executed endpoint 'MyShop.Controllers.HomeController.Index (MyShop)'
2024-11-04 13:03:27.271 +01:00 [INF] Request finished HTTP/1.1 GET http://localhost:5017/ - 200 null text/html; charset=utf-8 1.5697ms
2024-11-04 13:03:30.355 +01:00 [INF] Request starting HTTP/1.1 GET http://localhost:5017/Home/About - null null
2024-11-04 13:03:30.356 +01:00 [INF] Executing endpoint 'MyShop.Controllers.HomeController.About (MyShop)'
2024-11-04 13:03:30.356 +01:00 [INF] Route matched with {action = "About", controller = "Home", page = "", area = ""}. Executing controller action with signature Microsoft.AspNetCore.Mvc.IActionResult About() on controller MyShop.Controllers.HomeController (MyShop).
2024-11-04 13:03:30.357 +01:00 [INF] Executing ViewResult, running view About.
2024-11-04 13:03:30.357 +01:00 [ERR] The view 'About' was not found. Searched locations: ["/Views/Home/About.cshtml","/Views/Shared/About.cshtml","/Pages/Shared/About.cshtml"]
2024-11-04 13:03:30.357 +01:00 [INF] Executed action MyShop.Controllers.HomeController.About (MyShop) in 0.9719ms
2024-11-04 13:03:30.358 +01:00 [INF] Executed endpoint 'MyShop.Controllers.HomeController.About (MyShop)'
2024-11-04 13:03:30.359 +01:00 [ERR] An unhandled exception has occurred while executing the request.
System.InvalidOperationException: The view 'About' was not found. The following locations were searched:
/Views/Home/About.cshtml
/Views/Shared/About.cshtml
/Pages/Shared/About.cshtml
   at Microsoft.AspNetCore.Mvc.ViewEngines.ViewEngineResult.EnsureSuccessful(IEnumerable`1 originalLocations)
   at Microsoft.AspNetCore.Mvc.ViewFeatures.ViewResultExecutor.ExecuteAsync(ActionContext context, ViewResult result)
   at Microsoft.AspNetCore.Mvc.ViewResult.ExecuteResultAsync(ActionContext context)
   at Microsoft.AspNetCore.Mvc.Infrastructure.ResourceInvoker.<InvokeNextResultFilterAsync>g__Awaited|30_0[TFilter,TFilterAsync](ResourceInvoker invoker, Task lastTask, State next, Scope scope, Object state, Boolean isCompleted)
   at Microsoft.AspNetCore.Mvc.Infrastructure.ResourceInvoker.Rethrow(ResultExecutedContextSealed context)
   at Microsoft.AspNetCore.Mvc.Infrastructure.ResourceInvoker.ResultNext[TFilter,TFilterAsync](State& next, Scope& scope, Object& state, Boolean& isCompleted)
   at Microsoft.AspNetCore.Mvc.Infrastructure.ResourceInvoker.InvokeResultFilters()
--- End of stack trace from previous location ---
   at Microsoft.AspNetCore.Mvc.Infrastructure.ResourceInvoker.<InvokeNextResourceFilter>g__Awaited|25_0(ResourceInvoker invoker, Task lastTask, State next, Scope scope, Object state, Boolean isCompleted)
   at Microsoft.AspNetCore.Mvc.Infrastructure.ResourceInvoker.Rethrow(ResourceExecutedContextSealed context)
   at Microsoft.AspNetCore.Mvc.Infrastructure.ResourceInvoker.Next(State& next, Scope& scope, Object& state, Boolean& isCompleted)
   at Microsoft.AspNetCore.Mvc.Infrastructure.ResourceInvoker.InvokeFilterPipelineAsync()
--- End of stack trace from previous location ---
   at Microsoft.AspNetCore.Mvc.Infrastructure.ResourceInvoker.<InvokeAsync>g__Logged|17_1(ResourceInvoker invoker)
   at Microsoft.AspNetCore.Mvc.Infrastructure.ResourceInvoker.<InvokeAsync>g__Logged|17_1(ResourceInvoker invoker)
   at Microsoft.AspNetCore.Routing.EndpointMiddleware.<Invoke>g__AwaitRequestTask|7_0(Endpoint endpoint, Task requestTask, ILogger logger)
   at Microsoft.AspNetCore.Authorization.AuthorizationMiddleware.Invoke(HttpContext context)
   at Microsoft.AspNetCore.Authentication.AuthenticationMiddleware.Invoke(HttpContext context)
   at Microsoft.AspNetCore.Diagnostics.DeveloperExceptionPageMiddlewareImpl.Invoke(HttpContext context)
2024-11-04 13:03:30.361 +01:00 [INF] Request finished HTTP/1.1 GET http://localhost:5017/Home/About - 500 null text/html; charset=utf-8 5.7996ms
2024-11-04 13:04:41.388 +01:00 [INF] Application is shutting down...
