2024-11-04 11:36:43.977 +01:00 [INF] User profile is available. Using 'C:\Users\Hadle\AppData\Local\ASP.NET\DataProtection-Keys' as key repository and Windows DPAPI to encrypt keys at rest.
2024-11-04 11:36:44.159 +01:00 [INF] Now listening on: http://localhost:5017
2024-11-04 11:36:44.163 +01:00 [INF] Application started. Press Ctrl+C to shut down.
2024-11-04 11:36:44.164 +01:00 [INF] Hosting environment: Development
2024-11-04 11:36:44.165 +01:00 [INF] Content root path: C:\ITPE3200\ITPE3200_Exam_project-main\ITPE3200_Exam_project-main\ITPE3200_Exam_project
2024-11-04 11:36:46.060 +01:00 [INF] Request starting HTTP/1.1 GET http://localhost:5017/ - null null
2024-11-04 11:36:46.114 +01:00 [INF] Executing endpoint 'MyShop.Controllers.HomeController.Index (MyShop)'
2024-11-04 11:36:46.122 +01:00 [INF] Route matched with {action = "Index", controller = "Home", page = "", area = ""}. Executing controller action with signature Microsoft.AspNetCore.Mvc.IActionResult Index() on controller MyShop.Controllers.HomeController (MyShop).
2024-11-04 11:36:46.128 +01:00 [INF] Executing ViewResult, running view Index.
2024-11-04 11:36:46.188 +01:00 [INF] Executed ViewResult - view Index executed in 60.5038ms.
2024-11-04 11:36:46.190 +01:00 [INF] Executed action MyShop.Controllers.HomeController.Index (MyShop) in 66.6903ms
2024-11-04 11:36:46.190 +01:00 [INF] Executed endpoint 'MyShop.Controllers.HomeController.Index (MyShop)'
2024-11-04 11:36:46.193 +01:00 [INF] Request finished HTTP/1.1 GET http://localhost:5017/ - 200 null text/html; charset=utf-8 134.4651ms
2024-11-04 11:36:51.036 +01:00 [INF] Request starting HTTP/1.1 GET http://localhost:5017/ - null null
2024-11-04 11:36:51.040 +01:00 [INF] Executing endpoint 'MyShop.Controllers.HomeController.Index (MyShop)'
2024-11-04 11:36:51.040 +01:00 [INF] Route matched with {action = "Index", controller = "Home", page = "", area = ""}. Executing controller action with signature Microsoft.AspNetCore.Mvc.IActionResult Index() on controller MyShop.Controllers.HomeController (MyShop).
2024-11-04 11:36:51.041 +01:00 [INF] Executing ViewResult, running view Index.
2024-11-04 11:36:51.044 +01:00 [INF] Executed ViewResult - view Index executed in 3.9114ms.
2024-11-04 11:36:51.045 +01:00 [INF] Executed action MyShop.Controllers.HomeController.Index (MyShop) in 4.3959ms
2024-11-04 11:36:51.045 +01:00 [INF] Executed endpoint 'MyShop.Controllers.HomeController.Index (MyShop)'
2024-11-04 11:36:51.045 +01:00 [INF] Request finished HTTP/1.1 GET http://localhost:5017/ - 200 null text/html; charset=utf-8 8.6483ms
2024-11-04 11:37:38.446 +01:00 [INF] Application is shutting down...
