2024-10-22 15:03:44.525 +02:00 [INF] User profile is available. Using 'C:\Users\Hadle\AppData\Local\ASP.NET\DataProtection-Keys' as key repository and Windows DPAPI to encrypt keys at rest.
2024-10-22 15:03:44.677 +02:00 [INF] Now listening on: http://localhost:5017
2024-10-22 15:03:44.681 +02:00 [INF] Application started. Press Ctrl+C to shut down.
2024-10-22 15:03:44.682 +02:00 [INF] Hosting environment: Development
2024-10-22 15:03:44.682 +02:00 [INF] Content root path: C:\ITPE3200\ITPE3200_Exam_project-main\ITPE3200_Exam_project-main\ITPE3200_Exam_project
2024-10-22 15:03:45.958 +02:00 [INF] Request starting HTTP/1.1 GET http://localhost:5017/ - null null
2024-10-22 15:03:45.996 +02:00 [INF] Executing endpoint 'MyShop.Controllers.HomeController.Index (MyShop)'
2024-10-22 15:03:46.006 +02:00 [INF] Route matched with {action = "Index", controller = "Home", page = "", area = ""}. Executing controller action with signature Microsoft.AspNetCore.Mvc.IActionResult Index() on controller MyShop.Controllers.HomeController (MyShop).
2024-10-22 15:03:46.014 +02:00 [INF] Executing ViewResult, running view Index.
2024-10-22 15:03:46.085 +02:00 [INF] Executed ViewResult - view Index executed in 72.9607ms.
2024-10-22 15:03:46.087 +02:00 [INF] Executed action MyShop.Controllers.HomeController.Index (MyShop) in 80.5956ms
2024-10-22 15:03:46.087 +02:00 [INF] Executed endpoint 'MyShop.Controllers.HomeController.Index (MyShop)'
2024-10-22 15:03:46.091 +02:00 [INF] Request finished HTTP/1.1 GET http://localhost:5017/ - 200 null text/html; charset=utf-8 134.993ms
2024-10-22 15:03:47.263 +02:00 [INF] Request starting HTTP/1.1 GET http://localhost:5017/Item/Grid - null null
2024-10-22 15:03:47.265 +02:00 [INF] Executing endpoint 'MyShop.Controllers.ItemController.Grid (MyShop)'
2024-10-22 15:03:47.270 +02:00 [INF] Route matched with {action = "Grid", controller = "Item", page = "", area = ""}. Executing controller action with signature System.Threading.Tasks.Task`1[Microsoft.AspNetCore.Mvc.IActionResult] Grid() on controller MyShop.Controllers.ItemController (MyShop).
2024-10-22 15:03:47.374 +02:00 [INF] Executing ViewResult, running view Grid.
2024-10-22 15:03:47.382 +02:00 [INF] Executed ViewResult - view Grid executed in 8.4375ms.
2024-10-22 15:03:47.382 +02:00 [INF] Executed action MyShop.Controllers.ItemController.Grid (MyShop) in 111.6796ms
2024-10-22 15:03:47.382 +02:00 [INF] Executed endpoint 'MyShop.Controllers.ItemController.Grid (MyShop)'
2024-10-22 15:03:47.385 +02:00 [INF] Request finished HTTP/1.1 GET http://localhost:5017/Item/Grid - 200 null text/html; charset=utf-8 122.2561ms
2024-10-22 15:03:48.954 +02:00 [INF] Request starting HTTP/1.1 GET http://localhost:5017/Item/Table - null null
2024-10-22 15:03:48.958 +02:00 [INF] Executing endpoint 'MyShop.Controllers.ItemController.Table (MyShop)'
2024-10-22 15:03:48.961 +02:00 [INF] Route matched with {action = "Table", controller = "Item", page = "", area = ""}. Executing controller action with signature System.Threading.Tasks.Task`1[Microsoft.AspNetCore.Mvc.IActionResult] Table() on controller MyShop.Controllers.ItemController (MyShop).
2024-10-22 15:03:49.002 +02:00 [INF] Executing ViewResult, running view Table.
2024-10-22 15:03:49.018 +02:00 [INF] Executed ViewResult - view Table executed in 16.999ms.
2024-10-22 15:03:49.019 +02:00 [INF] Executed action MyShop.Controllers.ItemController.Table (MyShop) in 57.5358ms
2024-10-22 15:03:49.019 +02:00 [INF] Executed endpoint 'MyShop.Controllers.ItemController.Table (MyShop)'
2024-10-22 15:03:49.019 +02:00 [INF] Request finished HTTP/1.1 GET http://localhost:5017/Item/Table - 200 null text/html; charset=utf-8 64.5266ms
2024-10-22 15:03:49.774 +02:00 [INF] Request starting HTTP/1.1 GET http://localhost:5017/Item/Grid - null null
2024-10-22 15:03:49.774 +02:00 [INF] Executing endpoint 'MyShop.Controllers.ItemController.Grid (MyShop)'
2024-10-22 15:03:49.774 +02:00 [INF] Route matched with {action = "Grid", controller = "Item", page = "", area = ""}. Executing controller action with signature System.Threading.Tasks.Task`1[Microsoft.AspNetCore.Mvc.IActionResult] Grid() on controller MyShop.Controllers.ItemController (MyShop).
2024-10-22 15:03:49.777 +02:00 [INF] Executing ViewResult, running view Grid.
2024-10-22 15:03:49.779 +02:00 [INF] Executed ViewResult - view Grid executed in 1.6772ms.
2024-10-22 15:03:49.779 +02:00 [INF] Executed action MyShop.Controllers.ItemController.Grid (MyShop) in 4.6038ms
2024-10-22 15:03:49.779 +02:00 [INF] Executed endpoint 'MyShop.Controllers.ItemController.Grid (MyShop)'
2024-10-22 15:03:49.779 +02:00 [INF] Request finished HTTP/1.1 GET http://localhost:5017/Item/Grid - 200 null text/html; charset=utf-8 5.4454ms
2024-10-22 15:03:50.365 +02:00 [INF] Request starting HTTP/1.1 GET http://localhost:5017/Item/Table - null null
2024-10-22 15:03:50.366 +02:00 [INF] Executing endpoint 'MyShop.Controllers.ItemController.Table (MyShop)'
2024-10-22 15:03:50.366 +02:00 [INF] Route matched with {action = "Table", controller = "Item", page = "", area = ""}. Executing controller action with signature System.Threading.Tasks.Task`1[Microsoft.AspNetCore.Mvc.IActionResult] Table() on controller MyShop.Controllers.ItemController (MyShop).
2024-10-22 15:03:50.367 +02:00 [INF] Executing ViewResult, running view Table.
2024-10-22 15:03:50.369 +02:00 [INF] Executed ViewResult - view Table executed in 1.5519ms.
2024-10-22 15:03:50.369 +02:00 [INF] Executed action MyShop.Controllers.ItemController.Table (MyShop) in 3.0626ms
2024-10-22 15:03:50.369 +02:00 [INF] Executed endpoint 'MyShop.Controllers.ItemController.Table (MyShop)'
2024-10-22 15:03:50.369 +02:00 [INF] Request finished HTTP/1.1 GET http://localhost:5017/Item/Table - 200 null text/html; charset=utf-8 3.8657ms
2024-10-22 15:03:53.765 +02:00 [INF] Request starting HTTP/1.1 GET http://localhost:5017/Item/Grid - null null
2024-10-22 15:03:53.765 +02:00 [INF] Executing endpoint 'MyShop.Controllers.ItemController.Grid (MyShop)'
2024-10-22 15:03:53.765 +02:00 [INF] Route matched with {action = "Grid", controller = "Item", page = "", area = ""}. Executing controller action with signature System.Threading.Tasks.Task`1[Microsoft.AspNetCore.Mvc.IActionResult] Grid() on controller MyShop.Controllers.ItemController (MyShop).
2024-10-22 15:03:53.767 +02:00 [INF] Executing ViewResult, running view Grid.
2024-10-22 15:03:53.767 +02:00 [INF] Executed ViewResult - view Grid executed in 0.6563ms.
2024-10-22 15:03:53.767 +02:00 [INF] Executed action MyShop.Controllers.ItemController.Grid (MyShop) in 2.2383ms
2024-10-22 15:03:53.767 +02:00 [INF] Executed endpoint 'MyShop.Controllers.ItemController.Grid (MyShop)'
2024-10-22 15:03:53.768 +02:00 [INF] Request finished HTTP/1.1 GET http://localhost:5017/Item/Grid - 200 null text/html; charset=utf-8 2.9045ms
2024-10-22 15:03:54.620 +02:00 [INF] Request starting HTTP/1.1 GET http://localhost:5017/Item/Table - null null
2024-10-22 15:03:54.620 +02:00 [INF] Executing endpoint 'MyShop.Controllers.ItemController.Table (MyShop)'
2024-10-22 15:03:54.620 +02:00 [INF] Route matched with {action = "Table", controller = "Item", page = "", area = ""}. Executing controller action with signature System.Threading.Tasks.Task`1[Microsoft.AspNetCore.Mvc.IActionResult] Table() on controller MyShop.Controllers.ItemController (MyShop).
2024-10-22 15:03:54.622 +02:00 [INF] Executing ViewResult, running view Table.
2024-10-22 15:03:54.623 +02:00 [INF] Executed ViewResult - view Table executed in 1.3174ms.
2024-10-22 15:03:54.623 +02:00 [INF] Executed action MyShop.Controllers.ItemController.Table (MyShop) in 3.0176ms
2024-10-22 15:03:54.624 +02:00 [INF] Executed endpoint 'MyShop.Controllers.ItemController.Table (MyShop)'
2024-10-22 15:03:54.624 +02:00 [INF] Request finished HTTP/1.1 GET http://localhost:5017/Item/Table - 200 null text/html; charset=utf-8 3.8034ms
2024-10-22 15:04:09.390 +02:00 [INF] Request starting HTTP/1.1 GET http://localhost:5017/Item/Update/4 - null null
2024-10-22 15:04:09.397 +02:00 [INF] Authorization failed. These requirements were not met:
DenyAnonymousAuthorizationRequirement: Requires an authenticated user.
2024-10-22 15:04:09.399 +02:00 [INF] AuthenticationScheme: Identity.Application was challenged.
2024-10-22 15:04:09.399 +02:00 [INF] Request finished HTTP/1.1 GET http://localhost:5017/Item/Update/4 - 302 0 null 9.0569ms
2024-10-22 15:04:09.403 +02:00 [INF] Request starting HTTP/1.1 GET http://localhost:5017/Identity/Account/Login?ReturnUrl=%2FItem%2FUpdate%2F4 - null null
2024-10-22 15:04:09.403 +02:00 [INF] Executing endpoint '/Account/Login'
2024-10-22 15:04:09.416 +02:00 [INF] Route matched with {page = "/Account/Login", area = "Identity", action = "", controller = ""}. Executing page /Account/Login
2024-10-22 15:04:09.429 +02:00 [INF] Executing handler method MyShop.Areas.Identity.Pages.Account.LoginModel.OnGetAsync - ModelState is "Valid"
2024-10-22 15:04:09.432 +02:00 [INF] AuthenticationScheme: Identity.External signed out.
2024-10-22 15:04:09.433 +02:00 [INF] Executed handler method OnGetAsync, returned result .
2024-10-22 15:04:09.435 +02:00 [INF] Executing an implicit handler method - ModelState is "Valid"
2024-10-22 15:04:09.435 +02:00 [INF] Executed an implicit handler method, returned result Microsoft.AspNetCore.Mvc.RazorPages.PageResult.
2024-10-22 15:04:09.468 +02:00 [INF] Executed page /Account/Login in 51.1906ms
2024-10-22 15:04:09.468 +02:00 [INF] Executed endpoint '/Account/Login'
2024-10-22 15:04:09.468 +02:00 [INF] Request finished HTTP/1.1 GET http://localhost:5017/Identity/Account/Login?ReturnUrl=%2FItem%2FUpdate%2F4 - 200 null text/html; charset=utf-8 64.9273ms
2024-10-22 15:04:09.492 +02:00 [INF] Request starting HTTP/1.1 GET http://localhost:5017/lib/jquery-validation/dist/jquery.validate.min.js - null null
2024-10-22 15:04:09.494 +02:00 [INF] Request starting HTTP/1.1 GET http://localhost:5017/lib/jquery-validation-unobtrusive/jquery.validate.unobtrusive.min.js - null null
2024-10-22 15:04:09.494 +02:00 [INF] Request finished HTTP/1.1 GET http://localhost:5017/lib/jquery-validation/dist/jquery.validate.min.js - 404 0 null 1.7486ms
2024-10-22 15:04:09.494 +02:00 [INF] Request reached the end of the middleware pipeline without being handled by application code. Request path: GET http://localhost:5017/lib/jquery-validation/dist/jquery.validate.min.js, Response status code: 404
2024-10-22 15:04:09.494 +02:00 [INF] Request finished HTTP/1.1 GET http://localhost:5017/lib/jquery-validation-unobtrusive/jquery.validate.unobtrusive.min.js - 404 0 null 0.3943ms
2024-10-22 15:04:09.494 +02:00 [INF] Request reached the end of the middleware pipeline without being handled by application code. Request path: GET http://localhost:5017/lib/jquery-validation-unobtrusive/jquery.validate.unobtrusive.min.js, Response status code: 404
2024-10-22 15:04:12.797 +02:00 [INF] Request starting HTTP/1.1 GET http://localhost:5017/Item/Details/3 - null null
2024-10-22 15:04:12.798 +02:00 [INF] Executing endpoint 'MyShop.Controllers.ItemController.Details (MyShop)'
2024-10-22 15:04:12.801 +02:00 [INF] Route matched with {action = "Details", controller = "Item", page = "", area = ""}. Executing controller action with signature System.Threading.Tasks.Task`1[Microsoft.AspNetCore.Mvc.IActionResult] Details(Int32) on controller MyShop.Controllers.ItemController (MyShop).
2024-10-22 15:04:12.839 +02:00 [INF] Executing ViewResult, running view Details.
2024-10-22 15:04:12.841 +02:00 [INF] Executed ViewResult - view Details executed in 2.5783ms.
2024-10-22 15:04:12.841 +02:00 [INF] Executed action MyShop.Controllers.ItemController.Details (MyShop) in 39.8755ms
2024-10-22 15:04:12.841 +02:00 [INF] Executed endpoint 'MyShop.Controllers.ItemController.Details (MyShop)'
2024-10-22 15:04:12.841 +02:00 [INF] Request finished HTTP/1.1 GET http://localhost:5017/Item/Details/3 - 200 null text/html; charset=utf-8 43.6465ms
2024-10-22 15:04:16.378 +02:00 [INF] Request starting HTTP/1.1 GET http://localhost:5017/Item/Details/1 - null null
2024-10-22 15:04:16.378 +02:00 [INF] Executing endpoint 'MyShop.Controllers.ItemController.Details (MyShop)'
2024-10-22 15:04:16.378 +02:00 [INF] Route matched with {action = "Details", controller = "Item", page = "", area = ""}. Executing controller action with signature System.Threading.Tasks.Task`1[Microsoft.AspNetCore.Mvc.IActionResult] Details(Int32) on controller MyShop.Controllers.ItemController (MyShop).
2024-10-22 15:04:16.382 +02:00 [INF] Executing ViewResult, running view Details.
2024-10-22 15:04:16.383 +02:00 [INF] Executed ViewResult - view Details executed in 0.9748ms.
2024-10-22 15:04:16.383 +02:00 [INF] Executed action MyShop.Controllers.ItemController.Details (MyShop) in 5.2208ms
2024-10-22 15:04:16.383 +02:00 [INF] Executed endpoint 'MyShop.Controllers.ItemController.Details (MyShop)'
2024-10-22 15:04:16.383 +02:00 [INF] Request finished HTTP/1.1 GET http://localhost:5017/Item/Details/1 - 200 null text/html; charset=utf-8 5.7254ms
2024-10-22 15:04:44.821 +02:00 [INF] Application is shutting down...
