2024-10-18 11:37:02.696 +02:00 [INF] User profile is available. Using 'C:\Users\jovan\AppData\Local\ASP.NET\DataProtection-Keys' as key repository and Windows DPAPI to encrypt keys at rest.
2024-10-18 11:37:02.739 +02:00 [INF] Now listening on: http://localhost:5017
2024-10-18 11:37:02.742 +02:00 [INF] Application started. Press Ctrl+C to shut down.
2024-10-18 11:37:02.742 +02:00 [INF] Hosting environment: Development
2024-10-18 11:37:02.742 +02:00 [INF] Content root path: C:\TestMappe\ITPE3200_Exam_project
2024-10-18 11:37:03.972 +02:00 [INF] Request starting HTTP/1.1 GET http://localhost:5017/ - null null
2024-10-18 11:37:03.996 +02:00 [INF] Executing endpoint 'MyShop.Controllers.HomeController.Index (MyShop)'
2024-10-18 11:37:04.005 +02:00 [INF] Route matched with {action = "Index", controller = "Home"}. Executing controller action with signature Microsoft.AspNetCore.Mvc.IActionResult Index() on controller MyShop.Controllers.HomeController (MyShop).
2024-10-18 11:37:04.019 +02:00 [INF] Executing ViewResult, running view Index.
2024-10-18 11:37:04.072 +02:00 [INF] Executed ViewResult - view Index executed in 52.1698ms.
2024-10-18 11:37:04.074 +02:00 [INF] Executed action MyShop.Controllers.HomeController.Index (MyShop) in 68.2063ms
2024-10-18 11:37:04.074 +02:00 [INF] Executed endpoint 'MyShop.Controllers.HomeController.Index (MyShop)'
2024-10-18 11:37:04.079 +02:00 [INF] Request finished HTTP/1.1 GET http://localhost:5017/ - 200 null text/html; charset=utf-8 108.5065ms
2024-10-18 11:37:05.891 +02:00 [INF] Request starting HTTP/1.1 GET http://localhost:5017/Item/Table - null null
2024-10-18 11:37:05.893 +02:00 [INF] Executing endpoint 'MyShop.Controllers.ItemController.Table (MyShop)'
2024-10-18 11:37:05.897 +02:00 [INF] Route matched with {action = "Table", controller = "Item"}. Executing controller action with signature System.Threading.Tasks.Task`1[Microsoft.AspNetCore.Mvc.IActionResult] Table() on controller MyShop.Controllers.ItemController (MyShop).
2024-10-18 11:37:06.013 +02:00 [INF] Executing ViewResult, running view Table.
2024-10-18 11:37:06.028 +02:00 [INF] Executed ViewResult - view Table executed in 16.2294ms.
2024-10-18 11:37:06.028 +02:00 [INF] Executed action MyShop.Controllers.ItemController.Table (MyShop) in 131.3365ms
2024-10-18 11:37:06.028 +02:00 [INF] Executed endpoint 'MyShop.Controllers.ItemController.Table (MyShop)'
2024-10-18 11:37:06.033 +02:00 [INF] Request finished HTTP/1.1 GET http://localhost:5017/Item/Table - 200 null text/html; charset=utf-8 141.8958ms
2024-10-18 11:37:07.571 +02:00 [INF] Request starting HTTP/1.1 GET http://localhost:5017/Item/Create - null null
2024-10-18 11:37:07.574 +02:00 [INF] Executing endpoint 'MyShop.Controllers.ItemController.Create (MyShop)'
2024-10-18 11:37:07.576 +02:00 [INF] Route matched with {action = "Create", controller = "Item"}. Executing controller action with signature Microsoft.AspNetCore.Mvc.IActionResult Create() on controller MyShop.Controllers.ItemController (MyShop).
2024-10-18 11:37:07.578 +02:00 [INF] Executing ViewResult, running view Create.
2024-10-18 11:37:07.621 +02:00 [INF] Executed ViewResult - view Create executed in 43.8025ms.
2024-10-18 11:37:07.621 +02:00 [INF] Executed action MyShop.Controllers.ItemController.Create (MyShop) in 45.2575ms
2024-10-18 11:37:07.621 +02:00 [INF] Executed endpoint 'MyShop.Controllers.ItemController.Create (MyShop)'
2024-10-18 11:37:07.621 +02:00 [INF] Request finished HTTP/1.1 GET http://localhost:5017/Item/Create - 200 null text/html; charset=utf-8 50.2976ms
